2025-08-26 11:55:02,842 - easytorch-training - INFO - Initializing training.
2025-08-26 11:55:02,842 - easytorch-training - INFO - Set clip grad, param: {'max_norm': 5.0}
2025-08-26 11:55:02,843 - easytorch-training - INFO - Building training data loader.
2025-08-26 11:55:02,846 - easytorch-training - INFO - Train dataset length: 33505
2025-08-26 11:55:03,908 - easytorch-training - INFO - Set optim: Adam (
Parameter Group 0
    amsgrad: False
    betas: (0.9, 0.999)
    capturable: False
    differentiable: False
    eps: 1e-08
    foreach: None
    fused: None
    lr: 0.0003
    maximize: False
    weight_decay: 0.0001
)
2025-08-26 11:55:03,909 - easytorch-training - INFO - Set lr_scheduler: <torch.optim.lr_scheduler.MultiStepLR object at 0x7f15a6526470>
2025-08-26 11:55:03,911 - easytorch-training - INFO - Initializing validation.
2025-08-26 11:55:03,911 - easytorch-training - INFO - Building val data loader.
2025-08-26 11:55:03,912 - easytorch-training - INFO - Validation dataset length: 10465
2025-08-26 11:55:03,914 - easytorch-training - INFO - Test dataset length: 10465
2025-08-26 11:55:03,915 - easytorch-training - INFO - Number of parameters: 485280
2025-08-26 11:55:03,915 - easytorch-training - INFO - Epoch 1 / 100
2025-08-26 11:55:08,605 - easytorch-training - INFO - Result <train>: [train/time: 4.69 (s), train/lr: 3.00e-04, train/loss: 0.4115, train/MAE: 0.4115, train/MSE: 0.5318]
2025-08-26 11:55:08,607 - easytorch-training - INFO - Start validation.
2025-08-26 11:55:09,856 - easytorch-training - INFO - Result <val>: [val/time: 1.25 (s), val/loss: 0.3591, val/MAE: 0.3591, val/MSE: 0.2782]
2025-08-26 11:55:09,867 - easytorch-training - INFO - Checkpoint checkpoints/DLinear/ETTm2_100_336_720/2808cfb22d3766b74d887b480ce0e738/DLinear_best_val_MAE.pt saved
2025-08-26 11:55:11,058 - easytorch-training - INFO - Result <test>: [test/time: 1.19 (s), test/loss: 0.4040, test/MAE: 0.4040, test/MSE: 0.3859]
2025-08-26 11:55:11,069 - easytorch-training - INFO - Checkpoint checkpoints/DLinear/ETTm2_100_336_720/2808cfb22d3766b74d887b480ce0e738/DLinear_001.pt saved
2025-08-26 11:55:11,070 - easytorch-training - INFO - The estimated training finish time is 2025-08-26 12:06:59
2025-08-26 11:55:11,070 - easytorch-training - INFO - Epoch 2 / 100
2025-08-26 11:55:15,407 - easytorch-training - INFO - Result <train>: [train/time: 4.34 (s), train/lr: 1.50e-04, train/loss: 0.3938, train/MAE: 0.3938, train/MSE: 0.5042]
2025-08-26 11:55:15,408 - easytorch-training - INFO - Start validation.
2025-08-26 11:55:16,605 - easytorch-training - INFO - Result <val>: [val/time: 1.20 (s), val/loss: 0.3568, val/MAE: 0.3568, val/MSE: 0.2757]
2025-08-26 11:55:16,616 - easytorch-training - INFO - Checkpoint checkpoints/DLinear/ETTm2_100_336_720/2808cfb22d3766b74d887b480ce0e738/DLinear_best_val_MAE.pt saved
2025-08-26 11:55:17,769 - easytorch-training - INFO - Result <test>: [test/time: 1.15 (s), test/loss: 0.4005, test/MAE: 0.4005, test/MSE: 0.3835]
2025-08-26 11:55:17,778 - easytorch-training - INFO - Checkpoint checkpoints/DLinear/ETTm2_100_336_720/2808cfb22d3766b74d887b480ce0e738/DLinear_002.pt saved
2025-08-26 11:55:17,778 - easytorch-training - INFO - The estimated training finish time is 2025-08-26 12:06:37
2025-08-26 11:55:17,779 - easytorch-training - INFO - Epoch 3 / 100
2025-08-26 11:55:22,091 - easytorch-training - INFO - Result <train>: [train/time: 4.31 (s), train/lr: 1.50e-04, train/loss: 0.3933, train/MAE: 0.3933, train/MSE: 0.5035]
2025-08-26 11:55:22,092 - easytorch-training - INFO - Start validation.
2025-08-26 11:55:23,302 - easytorch-training - INFO - Result <val>: [val/time: 1.21 (s), val/loss: 0.3558, val/MAE: 0.3558, val/MSE: 0.2748]
2025-08-26 11:55:23,314 - easytorch-training - INFO - Checkpoint checkpoints/DLinear/ETTm2_100_336_720/2808cfb22d3766b74d887b480ce0e738/DLinear_best_val_MAE.pt saved
2025-08-26 11:55:24,505 - easytorch-training - INFO - Result <test>: [test/time: 1.19 (s), test/loss: 0.3993, test/MAE: 0.3993, test/MSE: 0.3820]
2025-08-26 11:55:24,518 - easytorch-training - INFO - Checkpoint checkpoints/DLinear/ETTm2_100_336_720/2808cfb22d3766b74d887b480ce0e738/DLinear_003.pt saved
2025-08-26 11:55:24,518 - easytorch-training - INFO - The estimated training finish time is 2025-08-26 12:06:30
2025-08-26 11:55:24,518 - easytorch-training - INFO - Epoch 4 / 100
2025-08-26 11:55:28,866 - easytorch-training - INFO - Result <train>: [train/time: 4.35 (s), train/lr: 1.50e-04, train/loss: 0.3932, train/MAE: 0.3932, train/MSE: 0.5037]
2025-08-26 11:55:28,867 - easytorch-training - INFO - Start validation.
2025-08-26 11:55:30,061 - easytorch-training - INFO - Result <val>: [val/time: 1.19 (s), val/loss: 0.3555, val/MAE: 0.3555, val/MSE: 0.2742]
2025-08-26 11:55:30,075 - easytorch-training - INFO - Checkpoint checkpoints/DLinear/ETTm2_100_336_720/2808cfb22d3766b74d887b480ce0e738/DLinear_best_val_MAE.pt saved
2025-08-26 11:55:31,236 - easytorch-training - INFO - Result <test>: [test/time: 1.16 (s), test/loss: 0.3989, test/MAE: 0.3989, test/MSE: 0.3803]
2025-08-26 11:55:31,245 - easytorch-training - INFO - Checkpoint checkpoints/DLinear/ETTm2_100_336_720/2808cfb22d3766b74d887b480ce0e738/DLinear_004.pt saved
2025-08-26 11:55:31,245 - easytorch-training - INFO - The estimated training finish time is 2025-08-26 12:06:27
2025-08-26 11:55:31,245 - easytorch-training - INFO - Epoch 5 / 100
2025-08-26 11:55:35,514 - easytorch-training - INFO - Result <train>: [train/time: 4.27 (s), train/lr: 1.50e-04, train/loss: 0.3930, train/MAE: 0.3930, train/MSE: 0.5031]
2025-08-26 11:55:35,515 - easytorch-training - INFO - Start validation.
2025-08-26 11:55:36,703 - easytorch-training - INFO - Result <val>: [val/time: 1.19 (s), val/loss: 0.3600, val/MAE: 0.3600, val/MSE: 0.2777]
2025-08-26 11:55:37,862 - easytorch-training - INFO - Result <test>: [test/time: 1.16 (s), test/loss: 0.4066, test/MAE: 0.4066, test/MSE: 0.3874]
2025-08-26 11:55:37,872 - easytorch-training - INFO - Checkpoint checkpoints/DLinear/ETTm2_100_336_720/2808cfb22d3766b74d887b480ce0e738/DLinear_005.pt saved
2025-08-26 11:55:37,872 - easytorch-training - INFO - The estimated training finish time is 2025-08-26 12:06:23
2025-08-26 11:55:37,872 - easytorch-training - INFO - Epoch 6 / 100
2025-08-26 11:55:42,189 - easytorch-training - INFO - Result <train>: [train/time: 4.32 (s), train/lr: 1.50e-04, train/loss: 0.3929, train/MAE: 0.3929, train/MSE: 0.5033]
2025-08-26 11:55:42,190 - easytorch-training - INFO - Start validation.
2025-08-26 11:55:43,395 - easytorch-training - INFO - Result <val>: [val/time: 1.20 (s), val/loss: 0.3548, val/MAE: 0.3548, val/MSE: 0.2747]
2025-08-26 11:55:43,412 - easytorch-training - INFO - Checkpoint checkpoints/DLinear/ETTm2_100_336_720/2808cfb22d3766b74d887b480ce0e738/DLinear_best_val_MAE.pt saved
2025-08-26 11:55:44,568 - easytorch-training - INFO - Result <test>: [test/time: 1.16 (s), test/loss: 0.3976, test/MAE: 0.3976, test/MSE: 0.3811]
2025-08-26 11:55:44,578 - easytorch-training - INFO - Checkpoint checkpoints/DLinear/ETTm2_100_336_720/2808cfb22d3766b74d887b480ce0e738/DLinear_006.pt saved
2025-08-26 11:55:44,578 - easytorch-training - INFO - The estimated training finish time is 2025-08-26 12:06:21
2025-08-26 11:55:44,578 - easytorch-training - INFO - Epoch 7 / 100
2025-08-26 11:55:48,897 - easytorch-training - INFO - Result <train>: [train/time: 4.32 (s), train/lr: 1.50e-04, train/loss: 0.3929, train/MAE: 0.3929, train/MSE: 0.5030]
2025-08-26 11:55:48,898 - easytorch-training - INFO - Start validation.
2025-08-26 11:55:50,100 - easytorch-training - INFO - Result <val>: [val/time: 1.20 (s), val/loss: 0.3606, val/MAE: 0.3606, val/MSE: 0.2788]
2025-08-26 11:55:51,228 - easytorch-training - INFO - Result <test>: [test/time: 1.13 (s), test/loss: 0.4077, test/MAE: 0.4077, test/MSE: 0.3898]
2025-08-26 11:55:51,237 - easytorch-training - INFO - Checkpoint checkpoints/DLinear/ETTm2_100_336_720/2808cfb22d3766b74d887b480ce0e738/DLinear_007.pt saved
2025-08-26 11:55:51,237 - easytorch-training - INFO - The estimated training finish time is 2025-08-26 12:06:19
2025-08-26 11:55:51,237 - easytorch-training - INFO - Epoch 8 / 100
2025-08-26 11:55:55,566 - easytorch-training - INFO - Result <train>: [train/time: 4.33 (s), train/lr: 1.50e-04, train/loss: 0.3930, train/MAE: 0.3930, train/MSE: 0.5032]
2025-08-26 11:55:55,567 - easytorch-training - INFO - Start validation.
2025-08-26 11:55:56,758 - easytorch-training - INFO - Result <val>: [val/time: 1.19 (s), val/loss: 0.3630, val/MAE: 0.3630, val/MSE: 0.2817]
2025-08-26 11:55:57,915 - easytorch-training - INFO - Result <test>: [test/time: 1.16 (s), test/loss: 0.4114, test/MAE: 0.4114, test/MSE: 0.3943]
2025-08-26 11:55:57,925 - easytorch-training - INFO - Checkpoint checkpoints/DLinear/ETTm2_100_336_720/2808cfb22d3766b74d887b480ce0e738/DLinear_008.pt saved
2025-08-26 11:55:57,925 - easytorch-training - INFO - The estimated training finish time is 2025-08-26 12:06:19
2025-08-26 11:55:57,925 - easytorch-training - INFO - Epoch 9 / 100
2025-08-26 11:56:02,302 - easytorch-training - INFO - Result <train>: [train/time: 4.38 (s), train/lr: 1.50e-04, train/loss: 0.3929, train/MAE: 0.3929, train/MSE: 0.5027]
2025-08-26 11:56:02,304 - easytorch-training - INFO - Start validation.
2025-08-26 11:56:03,499 - easytorch-training - INFO - Result <val>: [val/time: 1.19 (s), val/loss: 0.3571, val/MAE: 0.3571, val/MSE: 0.2761]
2025-08-26 11:56:04,670 - easytorch-training - INFO - Result <test>: [test/time: 1.17 (s), test/loss: 0.4015, test/MAE: 0.4015, test/MSE: 0.3843]
2025-08-26 11:56:04,681 - easytorch-training - INFO - Checkpoint checkpoints/DLinear/ETTm2_100_336_720/2808cfb22d3766b74d887b480ce0e738/DLinear_009.pt saved
2025-08-26 11:56:04,681 - easytorch-training - INFO - The estimated training finish time is 2025-08-26 12:06:19
2025-08-26 11:56:04,681 - easytorch-training - INFO - Epoch 10 / 100
2025-08-26 11:56:08,979 - easytorch-training - INFO - Result <train>: [train/time: 4.30 (s), train/lr: 1.50e-04, train/loss: 0.3929, train/MAE: 0.3929, train/MSE: 0.5030]
2025-08-26 11:56:08,981 - easytorch-training - INFO - Start validation.
2025-08-26 11:56:10,161 - easytorch-training - INFO - Result <val>: [val/time: 1.18 (s), val/loss: 0.3541, val/MAE: 0.3541, val/MSE: 0.2735]
2025-08-26 11:56:10,177 - easytorch-training - INFO - Checkpoint checkpoints/DLinear/ETTm2_100_336_720/2808cfb22d3766b74d887b480ce0e738/DLinear_best_val_MAE.pt saved
2025-08-26 11:56:11,357 - easytorch-training - INFO - Result <test>: [test/time: 1.18 (s), test/loss: 0.3965, test/MAE: 0.3965, test/MSE: 0.3790]
2025-08-26 11:56:11,366 - easytorch-training - INFO - Checkpoint checkpoints/DLinear/ETTm2_100_336_720/2808cfb22d3766b74d887b480ce0e738/DLinear_010.pt saved
2025-08-26 11:56:11,373 - easytorch-training - INFO - The estimated training finish time is 2025-08-26 12:06:18
2025-08-26 11:56:11,373 - easytorch-training - INFO - Epoch 11 / 100
2025-08-26 11:56:15,668 - easytorch-training - INFO - Result <train>: [train/time: 4.29 (s), train/lr: 1.50e-04, train/loss: 0.3930, train/MAE: 0.3930, train/MSE: 0.5030]
2025-08-26 11:56:15,670 - easytorch-training - INFO - Start validation.
2025-08-26 11:56:16,876 - easytorch-training - INFO - Result <val>: [val/time: 1.21 (s), val/loss: 0.3565, val/MAE: 0.3565, val/MSE: 0.2758]
2025-08-26 11:56:18,039 - easytorch-training - INFO - Result <test>: [test/time: 1.16 (s), test/loss: 0.4003, test/MAE: 0.4003, test/MSE: 0.3840]
2025-08-26 11:56:18,050 - easytorch-training - INFO - Checkpoint checkpoints/DLinear/ETTm2_100_336_720/2808cfb22d3766b74d887b480ce0e738/DLinear_011.pt saved
2025-08-26 11:56:18,050 - easytorch-training - INFO - The estimated training finish time is 2025-08-26 12:06:17
2025-08-26 11:56:18,050 - easytorch-training - INFO - Epoch 12 / 100
2025-08-26 11:56:22,404 - easytorch-training - INFO - Result <train>: [train/time: 4.35 (s), train/lr: 1.50e-04, train/loss: 0.3929, train/MAE: 0.3929, train/MSE: 0.5032]
2025-08-26 11:56:22,404 - easytorch-training - INFO - Start validation.
2025-08-26 11:56:23,588 - easytorch-training - INFO - Result <val>: [val/time: 1.18 (s), val/loss: 0.3516, val/MAE: 0.3516, val/MSE: 0.2716]
2025-08-26 11:56:23,603 - easytorch-training - INFO - Checkpoint checkpoints/DLinear/ETTm2_100_336_720/2808cfb22d3766b74d887b480ce0e738/DLinear_best_val_MAE.pt saved
2025-08-26 11:56:24,780 - easytorch-training - INFO - Result <test>: [test/time: 1.18 (s), test/loss: 0.3928, test/MAE: 0.3928, test/MSE: 0.3761]
2025-08-26 11:56:24,789 - easytorch-training - INFO - Checkpoint checkpoints/DLinear/ETTm2_100_336_720/2808cfb22d3766b74d887b480ce0e738/DLinear_012.pt saved
2025-08-26 11:56:24,789 - easytorch-training - INFO - The estimated training finish time is 2025-08-26 12:06:17
2025-08-26 11:56:24,789 - easytorch-training - INFO - Epoch 13 / 100
2025-08-26 11:56:29,186 - easytorch-training - INFO - Result <train>: [train/time: 4.40 (s), train/lr: 1.50e-04, train/loss: 0.3929, train/MAE: 0.3929, train/MSE: 0.5031]
2025-08-26 11:56:29,187 - easytorch-training - INFO - Start validation.
2025-08-26 11:56:30,219 - easytorch-training - INFO - Result <val>: [val/time: 1.03 (s), val/loss: 0.3570, val/MAE: 0.3570, val/MSE: 0.2753]
2025-08-26 11:56:31,337 - easytorch-training - INFO - Result <test>: [test/time: 1.12 (s), test/loss: 0.4016, test/MAE: 0.4016, test/MSE: 0.3828]
2025-08-26 11:56:31,347 - easytorch-training - INFO - Checkpoint checkpoints/DLinear/ETTm2_100_336_720/2808cfb22d3766b74d887b480ce0e738/DLinear_013.pt saved
2025-08-26 11:56:31,347 - easytorch-training - INFO - The estimated training finish time is 2025-08-26 12:06:16
2025-08-26 11:56:31,347 - easytorch-training - INFO - Epoch 14 / 100
2025-08-26 11:56:35,659 - easytorch-training - INFO - Result <train>: [train/time: 4.31 (s), train/lr: 1.50e-04, train/loss: 0.3929, train/MAE: 0.3929, train/MSE: 0.5028]
2025-08-26 11:56:35,660 - easytorch-training - INFO - Start validation.
2025-08-26 11:56:36,853 - easytorch-training - INFO - Result <val>: [val/time: 1.19 (s), val/loss: 0.3552, val/MAE: 0.3552, val/MSE: 0.2739]
2025-08-26 11:56:38,052 - easytorch-training - INFO - Result <test>: [test/time: 1.20 (s), test/loss: 0.3986, test/MAE: 0.3986, test/MSE: 0.3803]
2025-08-26 11:56:38,063 - easytorch-training - INFO - Checkpoint checkpoints/DLinear/ETTm2_100_336_720/2808cfb22d3766b74d887b480ce0e738/DLinear_014.pt saved
2025-08-26 11:56:38,063 - easytorch-training - INFO - The estimated training finish time is 2025-08-26 12:06:16
2025-08-26 11:56:38,063 - easytorch-training - INFO - Epoch 15 / 100
2025-08-26 11:56:42,341 - easytorch-training - INFO - Result <train>: [train/time: 4.28 (s), train/lr: 1.50e-04, train/loss: 0.3928, train/MAE: 0.3928, train/MSE: 0.5026]
2025-08-26 11:56:42,343 - easytorch-training - INFO - Start validation.
2025-08-26 11:56:43,547 - easytorch-training - INFO - Result <val>: [val/time: 1.20 (s), val/loss: 0.3611, val/MAE: 0.3611, val/MSE: 0.2791]
2025-08-26 11:56:44,755 - easytorch-training - INFO - Result <test>: [test/time: 1.21 (s), test/loss: 0.4081, test/MAE: 0.4081, test/MSE: 0.3901]
2025-08-26 11:56:44,764 - easytorch-training - INFO - Checkpoint checkpoints/DLinear/ETTm2_100_336_720/2808cfb22d3766b74d887b480ce0e738/DLinear_015.pt saved
2025-08-26 11:56:44,764 - easytorch-training - INFO - The estimated training finish time is 2025-08-26 12:06:16
2025-08-26 11:56:44,765 - easytorch-training - INFO - Epoch 16 / 100
2025-08-26 11:56:49,164 - easytorch-training - INFO - Result <train>: [train/time: 4.40 (s), train/lr: 1.50e-04, train/loss: 0.3929, train/MAE: 0.3929, train/MSE: 0.5035]
2025-08-26 11:56:49,165 - easytorch-training - INFO - Start validation.
2025-08-26 11:56:50,378 - easytorch-training - INFO - Result <val>: [val/time: 1.21 (s), val/loss: 0.3669, val/MAE: 0.3669, val/MSE: 0.2849]
2025-08-26 11:56:51,525 - easytorch-training - INFO - Result <test>: [test/time: 1.15 (s), test/loss: 0.4189, test/MAE: 0.4189, test/MSE: 0.4020]
2025-08-26 11:56:51,535 - easytorch-training - INFO - Checkpoint checkpoints/DLinear/ETTm2_100_336_720/2808cfb22d3766b74d887b480ce0e738/DLinear_016.pt saved
2025-08-26 11:56:51,535 - easytorch-training - INFO - The estimated training finish time is 2025-08-26 12:06:16
2025-08-26 11:56:51,535 - easytorch-training - INFO - Epoch 17 / 100
2025-08-26 11:56:55,863 - easytorch-training - INFO - Result <train>: [train/time: 4.33 (s), train/lr: 1.50e-04, train/loss: 0.3929, train/MAE: 0.3929, train/MSE: 0.5028]
2025-08-26 11:56:55,864 - easytorch-training - INFO - Start validation.
2025-08-26 11:56:57,071 - easytorch-training - INFO - Result <val>: [val/time: 1.21 (s), val/loss: 0.3640, val/MAE: 0.3640, val/MSE: 0.2823]
2025-08-26 11:56:58,226 - easytorch-training - INFO - Result <test>: [test/time: 1.15 (s), test/loss: 0.4132, test/MAE: 0.4132, test/MSE: 0.3957]
2025-08-26 11:56:58,237 - easytorch-training - INFO - Checkpoint checkpoints/DLinear/ETTm2_100_336_720/2808cfb22d3766b74d887b480ce0e738/DLinear_017.pt saved
2025-08-26 11:56:58,237 - easytorch-training - INFO - The estimated training finish time is 2025-08-26 12:06:16
2025-08-26 11:56:58,238 - easytorch-training - INFO - Epoch 18 / 100
2025-08-26 11:57:02,575 - easytorch-training - INFO - Result <train>: [train/time: 4.34 (s), train/lr: 1.50e-04, train/loss: 0.3929, train/MAE: 0.3929, train/MSE: 0.5033]
2025-08-26 11:57:02,577 - easytorch-training - INFO - Start validation.
2025-08-26 11:57:03,784 - easytorch-training - INFO - Result <val>: [val/time: 1.21 (s), val/loss: 0.3583, val/MAE: 0.3583, val/MSE: 0.2763]
2025-08-26 11:57:04,948 - easytorch-training - INFO - Result <test>: [test/time: 1.16 (s), test/loss: 0.4041, test/MAE: 0.4041, test/MSE: 0.3847]
2025-08-26 11:57:04,957 - easytorch-training - INFO - Checkpoint checkpoints/DLinear/ETTm2_100_336_720/2808cfb22d3766b74d887b480ce0e738/DLinear_018.pt saved
2025-08-26 11:57:04,957 - easytorch-training - INFO - The estimated training finish time is 2025-08-26 12:06:16
2025-08-26 11:57:04,957 - easytorch-training - INFO - Epoch 19 / 100
2025-08-26 11:57:09,289 - easytorch-training - INFO - Result <train>: [train/time: 4.33 (s), train/lr: 1.50e-04, train/loss: 0.3928, train/MAE: 0.3928, train/MSE: 0.5030]
2025-08-26 11:57:09,290 - easytorch-training - INFO - Start validation.
2025-08-26 11:57:10,473 - easytorch-training - INFO - Result <val>: [val/time: 1.18 (s), val/loss: 0.3615, val/MAE: 0.3615, val/MSE: 0.2798]
2025-08-26 11:57:11,641 - easytorch-training - INFO - Result <test>: [test/time: 1.17 (s), test/loss: 0.4091, test/MAE: 0.4091, test/MSE: 0.3910]
2025-08-26 11:57:11,650 - easytorch-training - INFO - Checkpoint checkpoints/DLinear/ETTm2_100_336_720/2808cfb22d3766b74d887b480ce0e738/DLinear_019.pt saved
2025-08-26 11:57:11,650 - easytorch-training - INFO - The estimated training finish time is 2025-08-26 12:06:16
2025-08-26 11:57:11,650 - easytorch-training - INFO - Epoch 20 / 100
2025-08-26 11:57:15,923 - easytorch-training - INFO - Result <train>: [train/time: 4.27 (s), train/lr: 1.50e-04, train/loss: 0.3928, train/MAE: 0.3928, train/MSE: 0.5029]
2025-08-26 11:57:15,924 - easytorch-training - INFO - Start validation.
2025-08-26 11:57:17,108 - easytorch-training - INFO - Result <val>: [val/time: 1.18 (s), val/loss: 0.3547, val/MAE: 0.3547, val/MSE: 0.2735]
2025-08-26 11:57:18,285 - easytorch-training - INFO - Result <test>: [test/time: 1.18 (s), test/loss: 0.3976, test/MAE: 0.3976, test/MSE: 0.3790]
2025-08-26 11:57:18,297 - easytorch-training - INFO - Checkpoint checkpoints/DLinear/ETTm2_100_336_720/2808cfb22d3766b74d887b480ce0e738/DLinear_020.pt saved
2025-08-26 11:57:18,304 - easytorch-training - INFO - The estimated training finish time is 2025-08-26 12:06:15
2025-08-26 11:57:18,304 - easytorch-training - INFO - Epoch 21 / 100
2025-08-26 11:57:22,631 - easytorch-training - INFO - Result <train>: [train/time: 4.33 (s), train/lr: 1.50e-04, train/loss: 0.3929, train/MAE: 0.3929, train/MSE: 0.5033]
2025-08-26 11:57:22,632 - easytorch-training - INFO - Start validation.
2025-08-26 11:57:23,852 - easytorch-training - INFO - Result <val>: [val/time: 1.22 (s), val/loss: 0.3572, val/MAE: 0.3572, val/MSE: 0.2761]
2025-08-26 11:57:25,016 - easytorch-training - INFO - Result <test>: [test/time: 1.16 (s), test/loss: 0.4017, test/MAE: 0.4017, test/MSE: 0.3832]
2025-08-26 11:57:25,025 - easytorch-training - INFO - Checkpoint checkpoints/DLinear/ETTm2_100_336_720/2808cfb22d3766b74d887b480ce0e738/DLinear_021.pt saved
2025-08-26 11:57:25,026 - easytorch-training - INFO - The estimated training finish time is 2025-08-26 12:06:15
2025-08-26 11:57:25,026 - easytorch-training - INFO - Epoch 22 / 100
2025-08-26 11:57:29,347 - easytorch-training - INFO - Result <train>: [train/time: 4.32 (s), train/lr: 1.50e-04, train/loss: 0.3928, train/MAE: 0.3928, train/MSE: 0.5029]
2025-08-26 11:57:29,348 - easytorch-training - INFO - Start validation.
2025-08-26 11:57:30,549 - easytorch-training - INFO - Result <val>: [val/time: 1.20 (s), val/loss: 0.3563, val/MAE: 0.3563, val/MSE: 0.2751]
2025-08-26 11:57:31,722 - easytorch-training - INFO - Result <test>: [test/time: 1.17 (s), test/loss: 0.4002, test/MAE: 0.4002, test/MSE: 0.3819]
2025-08-26 11:57:31,733 - easytorch-training - INFO - Checkpoint checkpoints/DLinear/ETTm2_100_336_720/2808cfb22d3766b74d887b480ce0e738/DLinear_022.pt saved
2025-08-26 11:57:31,733 - easytorch-training - INFO - The estimated training finish time is 2025-08-26 12:06:15
2025-08-26 11:57:31,733 - easytorch-training - INFO - Epoch 23 / 100
2025-08-26 11:57:36,043 - easytorch-training - INFO - Result <train>: [train/time: 4.31 (s), train/lr: 1.50e-04, train/loss: 0.3930, train/MAE: 0.3930, train/MSE: 0.5030]
2025-08-26 11:57:36,044 - easytorch-training - INFO - Start validation.
2025-08-26 11:57:37,255 - easytorch-training - INFO - Result <val>: [val/time: 1.21 (s), val/loss: 0.3602, val/MAE: 0.3602, val/MSE: 0.2790]
2025-08-26 11:57:38,434 - easytorch-training - INFO - Result <test>: [test/time: 1.18 (s), test/loss: 0.4064, test/MAE: 0.4064, test/MSE: 0.3885]
2025-08-26 11:57:38,444 - easytorch-training - INFO - Checkpoint checkpoints/DLinear/ETTm2_100_336_720/2808cfb22d3766b74d887b480ce0e738/DLinear_023.pt saved
2025-08-26 11:57:38,444 - easytorch-training - INFO - The estimated training finish time is 2025-08-26 12:06:15
2025-08-26 11:57:38,445 - easytorch-training - INFO - Epoch 24 / 100
2025-08-26 11:57:42,764 - easytorch-training - INFO - Result <train>: [train/time: 4.32 (s), train/lr: 1.50e-04, train/loss: 0.3929, train/MAE: 0.3929, train/MSE: 0.5030]
2025-08-26 11:57:42,766 - easytorch-training - INFO - Start validation.
2025-08-26 11:57:43,966 - easytorch-training - INFO - Result <val>: [val/time: 1.20 (s), val/loss: 0.3560, val/MAE: 0.3560, val/MSE: 0.2745]
2025-08-26 11:57:45,127 - easytorch-training - INFO - Result <test>: [test/time: 1.16 (s), test/loss: 0.4000, test/MAE: 0.4000, test/MSE: 0.3815]
2025-08-26 11:57:45,136 - easytorch-training - INFO - Checkpoint checkpoints/DLinear/ETTm2_100_336_720/2808cfb22d3766b74d887b480ce0e738/DLinear_024.pt saved
2025-08-26 11:57:45,136 - easytorch-training - INFO - The estimated training finish time is 2025-08-26 12:06:15
2025-08-26 11:57:45,136 - easytorch-training - INFO - Epoch 25 / 100
2025-08-26 11:57:49,440 - easytorch-training - INFO - Result <train>: [train/time: 4.30 (s), train/lr: 1.50e-04, train/loss: 0.3930, train/MAE: 0.3930, train/MSE: 0.5034]
2025-08-26 11:57:49,440 - easytorch-training - INFO - Start validation.
2025-08-26 11:57:50,630 - easytorch-training - INFO - Result <val>: [val/time: 1.19 (s), val/loss: 0.3652, val/MAE: 0.3652, val/MSE: 0.2843]
2025-08-26 11:57:51,784 - easytorch-training - INFO - Result <test>: [test/time: 1.15 (s), test/loss: 0.4150, test/MAE: 0.4150, test/MSE: 0.3992]
2025-08-26 11:57:51,794 - easytorch-training - INFO - Checkpoint checkpoints/DLinear/ETTm2_100_336_720/2808cfb22d3766b74d887b480ce0e738/DLinear_025.pt saved
2025-08-26 11:57:51,795 - easytorch-training - INFO - The estimated training finish time is 2025-08-26 12:06:15
2025-08-26 11:57:51,795 - easytorch-training - INFO - Epoch 26 / 100
2025-08-26 11:57:56,120 - easytorch-training - INFO - Result <train>: [train/time: 4.33 (s), train/lr: 7.50e-05, train/loss: 0.3924, train/MAE: 0.3924, train/MSE: 0.5024]
2025-08-26 11:57:56,121 - easytorch-training - INFO - Start validation.
2025-08-26 11:57:57,321 - easytorch-training - INFO - Result <val>: [val/time: 1.20 (s), val/loss: 0.3557, val/MAE: 0.3557, val/MSE: 0.2749]
2025-08-26 11:57:58,463 - easytorch-training - INFO - Result <test>: [test/time: 1.14 (s), test/loss: 0.3991, test/MAE: 0.3991, test/MSE: 0.3818]
2025-08-26 11:57:58,474 - easytorch-training - INFO - Checkpoint checkpoints/DLinear/ETTm2_100_336_720/2808cfb22d3766b74d887b480ce0e738/DLinear_026.pt saved
2025-08-26 11:57:58,474 - easytorch-training - INFO - The estimated training finish time is 2025-08-26 12:06:15
2025-08-26 11:57:58,474 - easytorch-training - INFO - Epoch 27 / 100
2025-08-26 11:58:02,863 - easytorch-training - INFO - Result <train>: [train/time: 4.39 (s), train/lr: 7.50e-05, train/loss: 0.3924, train/MAE: 0.3924, train/MSE: 0.5027]
2025-08-26 11:58:02,865 - easytorch-training - INFO - Start validation.
2025-08-26 11:58:04,102 - easytorch-training - INFO - Result <val>: [val/time: 1.24 (s), val/loss: 0.3552, val/MAE: 0.3552, val/MSE: 0.2742]
2025-08-26 11:58:05,271 - easytorch-training - INFO - Result <test>: [test/time: 1.17 (s), test/loss: 0.3983, test/MAE: 0.3983, test/MSE: 0.3806]
2025-08-26 11:58:05,280 - easytorch-training - INFO - Checkpoint checkpoints/DLinear/ETTm2_100_336_720/2808cfb22d3766b74d887b480ce0e738/DLinear_027.pt saved
2025-08-26 11:58:05,281 - easytorch-training - INFO - The estimated training finish time is 2025-08-26 12:06:15
2025-08-26 11:58:05,281 - easytorch-training - INFO - Epoch 28 / 100
2025-08-26 11:58:09,575 - easytorch-training - INFO - Result <train>: [train/time: 4.29 (s), train/lr: 7.50e-05, train/loss: 0.3924, train/MAE: 0.3924, train/MSE: 0.5027]
2025-08-26 11:58:09,576 - easytorch-training - INFO - Start validation.
2025-08-26 11:58:10,769 - easytorch-training - INFO - Result <val>: [val/time: 1.19 (s), val/loss: 0.3588, val/MAE: 0.3588, val/MSE: 0.2774]
2025-08-26 11:58:11,948 - easytorch-training - INFO - Result <test>: [test/time: 1.18 (s), test/loss: 0.4042, test/MAE: 0.4042, test/MSE: 0.3865]
2025-08-26 11:58:11,958 - easytorch-training - INFO - Checkpoint checkpoints/DLinear/ETTm2_100_336_720/2808cfb22d3766b74d887b480ce0e738/DLinear_028.pt saved
2025-08-26 11:58:11,958 - easytorch-training - INFO - The estimated training finish time is 2025-08-26 12:06:15
2025-08-26 11:58:11,958 - easytorch-training - INFO - Epoch 29 / 100
2025-08-26 11:58:16,272 - easytorch-training - INFO - Result <train>: [train/time: 4.31 (s), train/lr: 7.50e-05, train/loss: 0.3924, train/MAE: 0.3924, train/MSE: 0.5027]
2025-08-26 11:58:16,273 - easytorch-training - INFO - Start validation.
2025-08-26 11:58:17,464 - easytorch-training - INFO - Result <val>: [val/time: 1.19 (s), val/loss: 0.3563, val/MAE: 0.3563, val/MSE: 0.2757]
2025-08-26 11:58:18,646 - easytorch-training - INFO - Result <test>: [test/time: 1.18 (s), test/loss: 0.3999, test/MAE: 0.3999, test/MSE: 0.3831]
2025-08-26 11:58:18,656 - easytorch-training - INFO - Checkpoint checkpoints/DLinear/ETTm2_100_336_720/2808cfb22d3766b74d887b480ce0e738/DLinear_029.pt saved
2025-08-26 11:58:18,657 - easytorch-training - INFO - The estimated training finish time is 2025-08-26 12:06:15
2025-08-26 11:58:18,657 - easytorch-training - INFO - Epoch 30 / 100
2025-08-26 11:58:22,948 - easytorch-training - INFO - Result <train>: [train/time: 4.29 (s), train/lr: 7.50e-05, train/loss: 0.3924, train/MAE: 0.3924, train/MSE: 0.5027]
2025-08-26 11:58:22,950 - easytorch-training - INFO - Start validation.
2025-08-26 11:58:24,138 - easytorch-training - INFO - Result <val>: [val/time: 1.19 (s), val/loss: 0.3570, val/MAE: 0.3570, val/MSE: 0.2759]
2025-08-26 11:58:25,271 - easytorch-training - INFO - Result <test>: [test/time: 1.13 (s), test/loss: 0.4011, test/MAE: 0.4011, test/MSE: 0.3838]
2025-08-26 11:58:25,281 - easytorch-training - INFO - Checkpoint checkpoints/DLinear/ETTm2_100_336_720/2808cfb22d3766b74d887b480ce0e738/DLinear_030.pt saved
2025-08-26 11:58:25,288 - easytorch-training - INFO - The estimated training finish time is 2025-08-26 12:06:15
2025-08-26 11:58:25,288 - easytorch-training - INFO - Epoch 31 / 100
2025-08-26 11:58:29,622 - easytorch-training - INFO - Result <train>: [train/time: 4.33 (s), train/lr: 7.50e-05, train/loss: 0.3924, train/MAE: 0.3924, train/MSE: 0.5028]
2025-08-26 11:58:29,624 - easytorch-training - INFO - Start validation.
2025-08-26 11:58:30,825 - easytorch-training - INFO - Result <val>: [val/time: 1.20 (s), val/loss: 0.3529, val/MAE: 0.3529, val/MSE: 0.2724]
2025-08-26 11:58:31,975 - easytorch-training - INFO - Result <test>: [test/time: 1.15 (s), test/loss: 0.3946, test/MAE: 0.3946, test/MSE: 0.3780]
2025-08-26 11:58:31,985 - easytorch-training - INFO - Checkpoint checkpoints/DLinear/ETTm2_100_336_720/2808cfb22d3766b74d887b480ce0e738/DLinear_031.pt saved
2025-08-26 11:58:31,985 - easytorch-training - INFO - The estimated training finish time is 2025-08-26 12:06:15
2025-08-26 11:58:31,986 - easytorch-training - INFO - Epoch 32 / 100
2025-08-26 11:58:36,281 - easytorch-training - INFO - Result <train>: [train/time: 4.30 (s), train/lr: 7.50e-05, train/loss: 0.3924, train/MAE: 0.3924, train/MSE: 0.5029]
2025-08-26 11:58:36,282 - easytorch-training - INFO - Start validation.
2025-08-26 11:58:37,489 - easytorch-training - INFO - Result <val>: [val/time: 1.21 (s), val/loss: 0.3538, val/MAE: 0.3538, val/MSE: 0.2730]
2025-08-26 11:58:38,648 - easytorch-training - INFO - Result <test>: [test/time: 1.16 (s), test/loss: 0.3960, test/MAE: 0.3960, test/MSE: 0.3788]
2025-08-26 11:58:38,658 - easytorch-training - INFO - Checkpoint checkpoints/DLinear/ETTm2_100_336_720/2808cfb22d3766b74d887b480ce0e738/DLinear_032.pt saved
2025-08-26 11:58:38,658 - easytorch-training - INFO - The estimated training finish time is 2025-08-26 12:06:14
2025-08-26 11:58:38,658 - easytorch-training - INFO - Epoch 33 / 100
2025-08-26 11:58:42,963 - easytorch-training - INFO - Result <train>: [train/time: 4.30 (s), train/lr: 7.50e-05, train/loss: 0.3924, train/MAE: 0.3924, train/MSE: 0.5028]
2025-08-26 11:58:42,964 - easytorch-training - INFO - Start validation.
2025-08-26 11:58:44,182 - easytorch-training - INFO - Result <val>: [val/time: 1.22 (s), val/loss: 0.3572, val/MAE: 0.3572, val/MSE: 0.2757]
2025-08-26 11:58:45,365 - easytorch-training - INFO - Result <test>: [test/time: 1.18 (s), test/loss: 0.4019, test/MAE: 0.4019, test/MSE: 0.3833]
2025-08-26 11:58:45,375 - easytorch-training - INFO - Checkpoint checkpoints/DLinear/ETTm2_100_336_720/2808cfb22d3766b74d887b480ce0e738/DLinear_033.pt saved
2025-08-26 11:58:45,375 - easytorch-training - INFO - The estimated training finish time is 2025-08-26 12:06:15
2025-08-26 11:58:45,375 - easytorch-training - INFO - Epoch 34 / 100
2025-08-26 11:58:49,656 - easytorch-training - INFO - Result <train>: [train/time: 4.28 (s), train/lr: 7.50e-05, train/loss: 0.3924, train/MAE: 0.3924, train/MSE: 0.5026]
2025-08-26 11:58:49,656 - easytorch-training - INFO - Start validation.
2025-08-26 11:58:50,850 - easytorch-training - INFO - Result <val>: [val/time: 1.19 (s), val/loss: 0.3562, val/MAE: 0.3562, val/MSE: 0.2750]
2025-08-26 11:58:52,008 - easytorch-training - INFO - Result <test>: [test/time: 1.16 (s), test/loss: 0.4000, test/MAE: 0.4000, test/MSE: 0.3818]
2025-08-26 11:58:52,018 - easytorch-training - INFO - Checkpoint checkpoints/DLinear/ETTm2_100_336_720/2808cfb22d3766b74d887b480ce0e738/DLinear_034.pt saved
2025-08-26 11:58:52,019 - easytorch-training - INFO - The estimated training finish time is 2025-08-26 12:06:14
2025-08-26 11:58:52,019 - easytorch-training - INFO - Epoch 35 / 100
2025-08-26 11:58:56,335 - easytorch-training - INFO - Result <train>: [train/time: 4.32 (s), train/lr: 7.50e-05, train/loss: 0.3924, train/MAE: 0.3924, train/MSE: 0.5027]
2025-08-26 11:58:56,336 - easytorch-training - INFO - Start validation.
2025-08-26 11:58:57,509 - easytorch-training - INFO - Result <val>: [val/time: 1.17 (s), val/loss: 0.3555, val/MAE: 0.3555, val/MSE: 0.2742]
2025-08-26 11:58:58,673 - easytorch-training - INFO - Result <test>: [test/time: 1.16 (s), test/loss: 0.3991, test/MAE: 0.3991, test/MSE: 0.3809]
2025-08-26 11:58:58,683 - easytorch-training - INFO - Checkpoint checkpoints/DLinear/ETTm2_100_336_720/2808cfb22d3766b74d887b480ce0e738/DLinear_035.pt saved
2025-08-26 11:58:58,683 - easytorch-training - INFO - The estimated training finish time is 2025-08-26 12:06:14
2025-08-26 11:58:58,684 - easytorch-training - INFO - Epoch 36 / 100
2025-08-26 11:59:02,950 - easytorch-training - INFO - Result <train>: [train/time: 4.27 (s), train/lr: 7.50e-05, train/loss: 0.3924, train/MAE: 0.3924, train/MSE: 0.5027]
2025-08-26 11:59:02,951 - easytorch-training - INFO - Start validation.
2025-08-26 11:59:04,159 - easytorch-training - INFO - Result <val>: [val/time: 1.21 (s), val/loss: 0.3574, val/MAE: 0.3574, val/MSE: 0.2754]
2025-08-26 11:59:05,313 - easytorch-training - INFO - Result <test>: [test/time: 1.15 (s), test/loss: 0.4023, test/MAE: 0.4023, test/MSE: 0.3831]
2025-08-26 11:59:05,322 - easytorch-training - INFO - Checkpoint checkpoints/DLinear/ETTm2_100_336_720/2808cfb22d3766b74d887b480ce0e738/DLinear_036.pt saved
2025-08-26 11:59:05,323 - easytorch-training - INFO - The estimated training finish time is 2025-08-26 12:06:14
2025-08-26 11:59:05,323 - easytorch-training - INFO - Epoch 37 / 100
2025-08-26 11:59:09,609 - easytorch-training - INFO - Result <train>: [train/time: 4.29 (s), train/lr: 7.50e-05, train/loss: 0.3924, train/MAE: 0.3924, train/MSE: 0.5027]
2025-08-26 11:59:09,609 - easytorch-training - INFO - Start validation.
2025-08-26 11:59:10,814 - easytorch-training - INFO - Result <val>: [val/time: 1.20 (s), val/loss: 0.3610, val/MAE: 0.3610, val/MSE: 0.2789]
2025-08-26 11:59:11,985 - easytorch-training - INFO - Result <test>: [test/time: 1.17 (s), test/loss: 0.4084, test/MAE: 0.4084, test/MSE: 0.3903]
2025-08-26 11:59:11,997 - easytorch-training - INFO - Checkpoint checkpoints/DLinear/ETTm2_100_336_720/2808cfb22d3766b74d887b480ce0e738/DLinear_037.pt saved
2025-08-26 11:59:11,998 - easytorch-training - INFO - The estimated training finish time is 2025-08-26 12:06:14
2025-08-26 11:59:11,998 - easytorch-training - INFO - Epoch 38 / 100
2025-08-26 11:59:16,259 - easytorch-training - INFO - Result <train>: [train/time: 4.26 (s), train/lr: 7.50e-05, train/loss: 0.3925, train/MAE: 0.3925, train/MSE: 0.5028]
2025-08-26 11:59:16,260 - easytorch-training - INFO - Start validation.
2025-08-26 11:59:17,467 - easytorch-training - INFO - Result <val>: [val/time: 1.21 (s), val/loss: 0.3601, val/MAE: 0.3601, val/MSE: 0.2785]
2025-08-26 11:59:18,613 - easytorch-training - INFO - Result <test>: [test/time: 1.14 (s), test/loss: 0.4067, test/MAE: 0.4067, test/MSE: 0.3890]
2025-08-26 11:59:18,623 - easytorch-training - INFO - Checkpoint checkpoints/DLinear/ETTm2_100_336_720/2808cfb22d3766b74d887b480ce0e738/DLinear_038.pt saved
2025-08-26 11:59:18,623 - easytorch-training - INFO - The estimated training finish time is 2025-08-26 12:06:14
2025-08-26 11:59:18,623 - easytorch-training - INFO - Epoch 39 / 100
2025-08-26 11:59:22,930 - easytorch-training - INFO - Result <train>: [train/time: 4.31 (s), train/lr: 7.50e-05, train/loss: 0.3924, train/MAE: 0.3924, train/MSE: 0.5028]
2025-08-26 11:59:22,931 - easytorch-training - INFO - Start validation.
2025-08-26 11:59:24,130 - easytorch-training - INFO - Result <val>: [val/time: 1.20 (s), val/loss: 0.3562, val/MAE: 0.3562, val/MSE: 0.2749]
2025-08-26 11:59:25,322 - easytorch-training - INFO - Result <test>: [test/time: 1.19 (s), test/loss: 0.4001, test/MAE: 0.4001, test/MSE: 0.3823]
2025-08-26 11:59:25,332 - easytorch-training - INFO - Checkpoint checkpoints/DLinear/ETTm2_100_336_720/2808cfb22d3766b74d887b480ce0e738/DLinear_039.pt saved
2025-08-26 11:59:25,332 - easytorch-training - INFO - The estimated training finish time is 2025-08-26 12:06:14
2025-08-26 11:59:25,332 - easytorch-training - INFO - Epoch 40 / 100
2025-08-26 11:59:29,754 - easytorch-training - INFO - Result <train>: [train/time: 4.42 (s), train/lr: 7.50e-05, train/loss: 0.3924, train/MAE: 0.3924, train/MSE: 0.5028]
2025-08-26 11:59:29,755 - easytorch-training - INFO - Start validation.
2025-08-26 11:59:30,983 - easytorch-training - INFO - Result <val>: [val/time: 1.23 (s), val/loss: 0.3586, val/MAE: 0.3586, val/MSE: 0.2770]
2025-08-26 11:59:32,203 - easytorch-training - INFO - Result <test>: [test/time: 1.22 (s), test/loss: 0.4039, test/MAE: 0.4039, test/MSE: 0.3854]
2025-08-26 11:59:32,214 - easytorch-training - INFO - Checkpoint checkpoints/DLinear/ETTm2_100_336_720/2808cfb22d3766b74d887b480ce0e738/DLinear_040.pt saved
2025-08-26 11:59:32,220 - easytorch-training - INFO - The estimated training finish time is 2025-08-26 12:06:14
2025-08-26 11:59:32,220 - easytorch-training - INFO - Epoch 41 / 100
2025-08-26 11:59:36,654 - easytorch-training - INFO - Result <train>: [train/time: 4.43 (s), train/lr: 7.50e-05, train/loss: 0.3924, train/MAE: 0.3924, train/MSE: 0.5027]
2025-08-26 11:59:36,655 - easytorch-training - INFO - Start validation.
2025-08-26 11:59:37,919 - easytorch-training - INFO - Result <val>: [val/time: 1.26 (s), val/loss: 0.3574, val/MAE: 0.3574, val/MSE: 0.2765]
2025-08-26 11:59:39,115 - easytorch-training - INFO - Result <test>: [test/time: 1.20 (s), test/loss: 0.4016, test/MAE: 0.4016, test/MSE: 0.3844]
2025-08-26 11:59:39,126 - easytorch-training - INFO - Checkpoint checkpoints/DLinear/ETTm2_100_336_720/2808cfb22d3766b74d887b480ce0e738/DLinear_041.pt saved
2025-08-26 11:59:39,126 - easytorch-training - INFO - The estimated training finish time is 2025-08-26 12:06:15
2025-08-26 11:59:39,126 - easytorch-training - INFO - Epoch 42 / 100
2025-08-26 11:59:43,564 - easytorch-training - INFO - Result <train>: [train/time: 4.44 (s), train/lr: 7.50e-05, train/loss: 0.3924, train/MAE: 0.3924, train/MSE: 0.5029]
2025-08-26 11:59:43,564 - easytorch-training - INFO - Start validation.
2025-08-26 11:59:44,873 - easytorch-training - INFO - Result <val>: [val/time: 1.31 (s), val/loss: 0.3605, val/MAE: 0.3605, val/MSE: 0.2784]
2025-08-26 11:59:46,194 - easytorch-training - INFO - Result <test>: [test/time: 1.32 (s), test/loss: 0.4075, test/MAE: 0.4075, test/MSE: 0.3885]
2025-08-26 11:59:46,204 - easytorch-training - INFO - Checkpoint checkpoints/DLinear/ETTm2_100_336_720/2808cfb22d3766b74d887b480ce0e738/DLinear_042.pt saved
2025-08-26 11:59:46,204 - easytorch-training - INFO - The estimated training finish time is 2025-08-26 12:06:16
2025-08-26 11:59:46,204 - easytorch-training - INFO - Epoch 43 / 100
2025-08-26 11:59:50,669 - easytorch-training - INFO - Result <train>: [train/time: 4.46 (s), train/lr: 7.50e-05, train/loss: 0.3924, train/MAE: 0.3924, train/MSE: 0.5029]
2025-08-26 11:59:50,670 - easytorch-training - INFO - Start validation.
2025-08-26 11:59:51,903 - easytorch-training - INFO - Result <val>: [val/time: 1.23 (s), val/loss: 0.3558, val/MAE: 0.3558, val/MSE: 0.2744]
2025-08-26 11:59:53,130 - easytorch-training - INFO - Result <test>: [test/time: 1.23 (s), test/loss: 0.3994, test/MAE: 0.3994, test/MSE: 0.3808]
2025-08-26 11:59:53,140 - easytorch-training - INFO - Checkpoint checkpoints/DLinear/ETTm2_100_336_720/2808cfb22d3766b74d887b480ce0e738/DLinear_043.pt saved
2025-08-26 11:59:53,140 - easytorch-training - INFO - The estimated training finish time is 2025-08-26 12:06:16
2025-08-26 11:59:53,141 - easytorch-training - INFO - Epoch 44 / 100
2025-08-26 11:59:57,595 - easytorch-training - INFO - Result <train>: [train/time: 4.45 (s), train/lr: 7.50e-05, train/loss: 0.3924, train/MAE: 0.3924, train/MSE: 0.5020]
2025-08-26 11:59:57,596 - easytorch-training - INFO - Start validation.
2025-08-26 11:59:58,972 - easytorch-training - INFO - Result <val>: [val/time: 1.38 (s), val/loss: 0.3597, val/MAE: 0.3597, val/MSE: 0.2782]
2025-08-26 12:00:00,325 - easytorch-training - INFO - Result <test>: [test/time: 1.35 (s), test/loss: 0.4058, test/MAE: 0.4058, test/MSE: 0.3887]
2025-08-26 12:00:00,334 - easytorch-training - INFO - Checkpoint checkpoints/DLinear/ETTm2_100_336_720/2808cfb22d3766b74d887b480ce0e738/DLinear_044.pt saved
2025-08-26 12:00:00,334 - easytorch-training - INFO - The estimated training finish time is 2025-08-26 12:06:17
2025-08-26 12:00:00,334 - easytorch-training - INFO - Epoch 45 / 100
2025-08-26 12:00:04,833 - easytorch-training - INFO - Result <train>: [train/time: 4.50 (s), train/lr: 7.50e-05, train/loss: 0.3924, train/MAE: 0.3924, train/MSE: 0.5031]
2025-08-26 12:00:04,835 - easytorch-training - INFO - Start validation.
2025-08-26 12:00:06,095 - easytorch-training - INFO - Result <val>: [val/time: 1.26 (s), val/loss: 0.3551, val/MAE: 0.3551, val/MSE: 0.2737]
2025-08-26 12:00:07,331 - easytorch-training - INFO - Result <test>: [test/time: 1.24 (s), test/loss: 0.3987, test/MAE: 0.3987, test/MSE: 0.3802]
2025-08-26 12:00:07,344 - easytorch-training - INFO - Checkpoint checkpoints/DLinear/ETTm2_100_336_720/2808cfb22d3766b74d887b480ce0e738/DLinear_045.pt saved
2025-08-26 12:00:07,344 - easytorch-training - INFO - The estimated training finish time is 2025-08-26 12:06:18
2025-08-26 12:00:07,344 - easytorch-training - INFO - Epoch 46 / 100
2025-08-26 12:00:11,803 - easytorch-training - INFO - Result <train>: [train/time: 4.46 (s), train/lr: 7.50e-05, train/loss: 0.3924, train/MAE: 0.3924, train/MSE: 0.5026]
2025-08-26 12:00:11,804 - easytorch-training - INFO - Start validation.
2025-08-26 12:00:13,043 - easytorch-training - INFO - Result <val>: [val/time: 1.24 (s), val/loss: 0.3607, val/MAE: 0.3607, val/MSE: 0.2787]
2025-08-26 12:00:14,238 - easytorch-training - INFO - Result <test>: [test/time: 1.19 (s), test/loss: 0.4078, test/MAE: 0.4078, test/MSE: 0.3894]
2025-08-26 12:00:14,248 - easytorch-training - INFO - Checkpoint checkpoints/DLinear/ETTm2_100_336_720/2808cfb22d3766b74d887b480ce0e738/DLinear_046.pt saved
2025-08-26 12:00:14,249 - easytorch-training - INFO - The estimated training finish time is 2025-08-26 12:06:18
2025-08-26 12:00:14,249 - easytorch-training - INFO - Epoch 47 / 100
2025-08-26 12:00:18,711 - easytorch-training - INFO - Result <train>: [train/time: 4.46 (s), train/lr: 7.50e-05, train/loss: 0.3924, train/MAE: 0.3924, train/MSE: 0.5026]
2025-08-26 12:00:18,712 - easytorch-training - INFO - Start validation.
2025-08-26 12:00:19,991 - easytorch-training - INFO - Result <val>: [val/time: 1.28 (s), val/loss: 0.3546, val/MAE: 0.3546, val/MSE: 0.2737]
2025-08-26 12:00:21,205 - easytorch-training - INFO - Result <test>: [test/time: 1.21 (s), test/loss: 0.3973, test/MAE: 0.3973, test/MSE: 0.3800]
2025-08-26 12:00:21,215 - easytorch-training - INFO - Checkpoint checkpoints/DLinear/ETTm2_100_336_720/2808cfb22d3766b74d887b480ce0e738/DLinear_047.pt saved
2025-08-26 12:00:21,215 - easytorch-training - INFO - The estimated training finish time is 2025-08-26 12:06:19
2025-08-26 12:00:21,215 - easytorch-training - INFO - Epoch 48 / 100
2025-08-26 12:00:25,690 - easytorch-training - INFO - Result <train>: [train/time: 4.47 (s), train/lr: 7.50e-05, train/loss: 0.3924, train/MAE: 0.3924, train/MSE: 0.5029]
2025-08-26 12:00:25,691 - easytorch-training - INFO - Start validation.
2025-08-26 12:00:26,988 - easytorch-training - INFO - Result <val>: [val/time: 1.30 (s), val/loss: 0.3585, val/MAE: 0.3585, val/MSE: 0.2770]
2025-08-26 12:00:28,275 - easytorch-training - INFO - Result <test>: [test/time: 1.28 (s), test/loss: 0.4039, test/MAE: 0.4039, test/MSE: 0.3857]
2025-08-26 12:00:28,285 - easytorch-training - INFO - Checkpoint checkpoints/DLinear/ETTm2_100_336_720/2808cfb22d3766b74d887b480ce0e738/DLinear_048.pt saved
2025-08-26 12:00:28,285 - easytorch-training - INFO - The estimated training finish time is 2025-08-26 12:06:19
2025-08-26 12:00:28,285 - easytorch-training - INFO - Epoch 49 / 100
2025-08-26 12:00:32,744 - easytorch-training - INFO - Result <train>: [train/time: 4.46 (s), train/lr: 7.50e-05, train/loss: 0.3924, train/MAE: 0.3924, train/MSE: 0.5030]
2025-08-26 12:00:32,745 - easytorch-training - INFO - Start validation.
2025-08-26 12:00:34,023 - easytorch-training - INFO - Result <val>: [val/time: 1.28 (s), val/loss: 0.3555, val/MAE: 0.3555, val/MSE: 0.2745]
2025-08-26 12:00:35,264 - easytorch-training - INFO - Result <test>: [test/time: 1.24 (s), test/loss: 0.3988, test/MAE: 0.3988, test/MSE: 0.3808]
2025-08-26 12:00:35,276 - easytorch-training - INFO - Checkpoint checkpoints/DLinear/ETTm2_100_336_720/2808cfb22d3766b74d887b480ce0e738/DLinear_049.pt saved
2025-08-26 12:00:35,276 - easytorch-training - INFO - The estimated training finish time is 2025-08-26 12:06:20
2025-08-26 12:00:35,276 - easytorch-training - INFO - Epoch 50 / 100
2025-08-26 12:00:39,744 - easytorch-training - INFO - Result <train>: [train/time: 4.47 (s), train/lr: 7.50e-05, train/loss: 0.3924, train/MAE: 0.3924, train/MSE: 0.5025]
2025-08-26 12:00:39,745 - easytorch-training - INFO - Start validation.
2025-08-26 12:00:41,006 - easytorch-training - INFO - Result <val>: [val/time: 1.26 (s), val/loss: 0.3625, val/MAE: 0.3625, val/MSE: 0.2804]
2025-08-26 12:00:42,216 - easytorch-training - INFO - Result <test>: [test/time: 1.21 (s), test/loss: 0.4109, test/MAE: 0.4109, test/MSE: 0.3927]
2025-08-26 12:00:42,227 - easytorch-training - INFO - Checkpoint checkpoints/DLinear/ETTm2_100_336_720/2808cfb22d3766b74d887b480ce0e738/DLinear_050.pt saved
2025-08-26 12:00:42,234 - easytorch-training - INFO - The estimated training finish time is 2025-08-26 12:06:20
2025-08-26 12:00:42,234 - easytorch-training - INFO - Epoch 51 / 100
2025-08-26 12:00:46,687 - easytorch-training - INFO - Result <train>: [train/time: 4.45 (s), train/lr: 7.50e-05, train/loss: 0.3924, train/MAE: 0.3924, train/MSE: 0.5025]
2025-08-26 12:00:46,688 - easytorch-training - INFO - Start validation.
2025-08-26 12:00:47,952 - easytorch-training - INFO - Result <val>: [val/time: 1.26 (s), val/loss: 0.3555, val/MAE: 0.3555, val/MSE: 0.2742]
2025-08-26 12:00:49,148 - easytorch-training - INFO - Result <test>: [test/time: 1.19 (s), test/loss: 0.3990, test/MAE: 0.3990, test/MSE: 0.3811]
2025-08-26 12:00:49,157 - easytorch-training - INFO - Checkpoint checkpoints/DLinear/ETTm2_100_336_720/2808cfb22d3766b74d887b480ce0e738/DLinear_051.pt saved
2025-08-26 12:00:49,157 - easytorch-training - INFO - The estimated training finish time is 2025-08-26 12:06:20
2025-08-26 12:00:49,157 - easytorch-training - INFO - Epoch 52 / 100
2025-08-26 12:00:53,651 - easytorch-training - INFO - Result <train>: [train/time: 4.49 (s), train/lr: 7.50e-05, train/loss: 0.3924, train/MAE: 0.3924, train/MSE: 0.5028]
2025-08-26 12:00:53,652 - easytorch-training - INFO - Start validation.
2025-08-26 12:00:54,947 - easytorch-training - INFO - Result <val>: [val/time: 1.29 (s), val/loss: 0.3588, val/MAE: 0.3588, val/MSE: 0.2768]
2025-08-26 12:00:56,221 - easytorch-training - INFO - Result <test>: [test/time: 1.27 (s), test/loss: 0.4046, test/MAE: 0.4046, test/MSE: 0.3861]
2025-08-26 12:00:56,232 - easytorch-training - INFO - Checkpoint checkpoints/DLinear/ETTm2_100_336_720/2808cfb22d3766b74d887b480ce0e738/DLinear_052.pt saved
2025-08-26 12:00:56,232 - easytorch-training - INFO - The estimated training finish time is 2025-08-26 12:06:21
2025-08-26 12:00:56,233 - easytorch-training - INFO - Epoch 53 / 100
2025-08-26 12:01:00,751 - easytorch-training - INFO - Result <train>: [train/time: 4.52 (s), train/lr: 7.50e-05, train/loss: 0.3924, train/MAE: 0.3924, train/MSE: 0.5026]
2025-08-26 12:01:00,751 - easytorch-training - INFO - Start validation.
2025-08-26 12:01:02,008 - easytorch-training - INFO - Result <val>: [val/time: 1.26 (s), val/loss: 0.3593, val/MAE: 0.3593, val/MSE: 0.2776]
2025-08-26 12:01:03,240 - easytorch-training - INFO - Result <test>: [test/time: 1.23 (s), test/loss: 0.4051, test/MAE: 0.4051, test/MSE: 0.3871]
2025-08-26 12:01:03,249 - easytorch-training - INFO - Checkpoint checkpoints/DLinear/ETTm2_100_336_720/2808cfb22d3766b74d887b480ce0e738/DLinear_053.pt saved
2025-08-26 12:01:03,249 - easytorch-training - INFO - The estimated training finish time is 2025-08-26 12:06:21
2025-08-26 12:01:03,249 - easytorch-training - INFO - Epoch 54 / 100
2025-08-26 12:01:07,737 - easytorch-training - INFO - Result <train>: [train/time: 4.49 (s), train/lr: 7.50e-05, train/loss: 0.3924, train/MAE: 0.3924, train/MSE: 0.5030]
2025-08-26 12:01:07,738 - easytorch-training - INFO - Start validation.
2025-08-26 12:01:08,982 - easytorch-training - INFO - Result <val>: [val/time: 1.24 (s), val/loss: 0.3585, val/MAE: 0.3585, val/MSE: 0.2764]
2025-08-26 12:01:10,204 - easytorch-training - INFO - Result <test>: [test/time: 1.22 (s), test/loss: 0.4042, test/MAE: 0.4042, test/MSE: 0.3848]
2025-08-26 12:01:10,215 - easytorch-training - INFO - Checkpoint checkpoints/DLinear/ETTm2_100_336_720/2808cfb22d3766b74d887b480ce0e738/DLinear_054.pt saved
2025-08-26 12:01:10,215 - easytorch-training - INFO - The estimated training finish time is 2025-08-26 12:06:22
2025-08-26 12:01:10,215 - easytorch-training - INFO - Epoch 55 / 100
2025-08-26 12:01:14,706 - easytorch-training - INFO - Result <train>: [train/time: 4.49 (s), train/lr: 7.50e-05, train/loss: 0.3924, train/MAE: 0.3924, train/MSE: 0.5027]
2025-08-26 12:01:14,707 - easytorch-training - INFO - Start validation.
2025-08-26 12:01:15,995 - easytorch-training - INFO - Result <val>: [val/time: 1.29 (s), val/loss: 0.3537, val/MAE: 0.3537, val/MSE: 0.2730]
2025-08-26 12:01:17,202 - easytorch-training - INFO - Result <test>: [test/time: 1.21 (s), test/loss: 0.3960, test/MAE: 0.3960, test/MSE: 0.3782]
2025-08-26 12:01:17,211 - easytorch-training - INFO - Checkpoint checkpoints/DLinear/ETTm2_100_336_720/2808cfb22d3766b74d887b480ce0e738/DLinear_055.pt saved
2025-08-26 12:01:17,211 - easytorch-training - INFO - The estimated training finish time is 2025-08-26 12:06:22
2025-08-26 12:01:17,211 - easytorch-training - INFO - Epoch 56 / 100
2025-08-26 12:01:21,626 - easytorch-training - INFO - Result <train>: [train/time: 4.42 (s), train/lr: 7.50e-05, train/loss: 0.3924, train/MAE: 0.3924, train/MSE: 0.5028]
2025-08-26 12:01:21,627 - easytorch-training - INFO - Start validation.
2025-08-26 12:01:22,906 - easytorch-training - INFO - Result <val>: [val/time: 1.28 (s), val/loss: 0.3574, val/MAE: 0.3574, val/MSE: 0.2758]
2025-08-26 12:01:24,159 - easytorch-training - INFO - Result <test>: [test/time: 1.25 (s), test/loss: 0.4019, test/MAE: 0.4019, test/MSE: 0.3835]
2025-08-26 12:01:24,168 - easytorch-training - INFO - Checkpoint checkpoints/DLinear/ETTm2_100_336_720/2808cfb22d3766b74d887b480ce0e738/DLinear_056.pt saved
2025-08-26 12:01:24,169 - easytorch-training - INFO - The estimated training finish time is 2025-08-26 12:06:22
2025-08-26 12:01:24,169 - easytorch-training - INFO - Epoch 57 / 100
2025-08-26 12:01:28,761 - easytorch-training - INFO - Result <train>: [train/time: 4.59 (s), train/lr: 7.50e-05, train/loss: 0.3924, train/MAE: 0.3924, train/MSE: 0.5027]
2025-08-26 12:01:28,762 - easytorch-training - INFO - Start validation.
2025-08-26 12:01:29,957 - easytorch-training - INFO - Result <val>: [val/time: 1.19 (s), val/loss: 0.3586, val/MAE: 0.3586, val/MSE: 0.2777]
2025-08-26 12:01:31,149 - easytorch-training - INFO - Result <test>: [test/time: 1.19 (s), test/loss: 0.4036, test/MAE: 0.4036, test/MSE: 0.3870]
2025-08-26 12:01:31,160 - easytorch-training - INFO - Checkpoint checkpoints/DLinear/ETTm2_100_336_720/2808cfb22d3766b74d887b480ce0e738/DLinear_057.pt saved
2025-08-26 12:01:31,160 - easytorch-training - INFO - The estimated training finish time is 2025-08-26 12:06:23
2025-08-26 12:01:31,160 - easytorch-training - INFO - Epoch 58 / 100
2025-08-26 12:01:35,655 - easytorch-training - INFO - Result <train>: [train/time: 4.49 (s), train/lr: 7.50e-05, train/loss: 0.3924, train/MAE: 0.3924, train/MSE: 0.5025]
2025-08-26 12:01:35,656 - easytorch-training - INFO - Start validation.
2025-08-26 12:01:36,951 - easytorch-training - INFO - Result <val>: [val/time: 1.29 (s), val/loss: 0.3566, val/MAE: 0.3566, val/MSE: 0.2751]
2025-08-26 12:01:38,197 - easytorch-training - INFO - Result <test>: [test/time: 1.25 (s), test/loss: 0.4009, test/MAE: 0.4009, test/MSE: 0.3830]
2025-08-26 12:01:38,208 - easytorch-training - INFO - Checkpoint checkpoints/DLinear/ETTm2_100_336_720/2808cfb22d3766b74d887b480ce0e738/DLinear_058.pt saved
2025-08-26 12:01:38,208 - easytorch-training - INFO - The estimated training finish time is 2025-08-26 12:06:23
2025-08-26 12:01:38,208 - easytorch-training - INFO - Epoch 59 / 100
2025-08-26 12:01:42,710 - easytorch-training - INFO - Result <train>: [train/time: 4.50 (s), train/lr: 7.50e-05, train/loss: 0.3924, train/MAE: 0.3924, train/MSE: 0.5030]
2025-08-26 12:01:42,711 - easytorch-training - INFO - Start validation.
2025-08-26 12:01:43,957 - easytorch-training - INFO - Result <val>: [val/time: 1.25 (s), val/loss: 0.3604, val/MAE: 0.3604, val/MSE: 0.2788]
2025-08-26 12:01:45,150 - easytorch-training - INFO - Result <test>: [test/time: 1.19 (s), test/loss: 0.4071, test/MAE: 0.4071, test/MSE: 0.3894]
2025-08-26 12:01:45,159 - easytorch-training - INFO - Checkpoint checkpoints/DLinear/ETTm2_100_336_720/2808cfb22d3766b74d887b480ce0e738/DLinear_059.pt saved
2025-08-26 12:01:45,160 - easytorch-training - INFO - The estimated training finish time is 2025-08-26 12:06:23
2025-08-26 12:01:45,160 - easytorch-training - INFO - Epoch 60 / 100
2025-08-26 12:01:49,605 - easytorch-training - INFO - Result <train>: [train/time: 4.44 (s), train/lr: 7.50e-05, train/loss: 0.3925, train/MAE: 0.3925, train/MSE: 0.5026]
2025-08-26 12:01:49,606 - easytorch-training - INFO - Start validation.
2025-08-26 12:01:50,851 - easytorch-training - INFO - Result <val>: [val/time: 1.25 (s), val/loss: 0.3582, val/MAE: 0.3582, val/MSE: 0.2764]
2025-08-26 12:01:52,086 - easytorch-training - INFO - Result <test>: [test/time: 1.23 (s), test/loss: 0.4036, test/MAE: 0.4036, test/MSE: 0.3854]
2025-08-26 12:01:52,098 - easytorch-training - INFO - Checkpoint checkpoints/DLinear/ETTm2_100_336_720/2808cfb22d3766b74d887b480ce0e738/DLinear_060.pt saved
2025-08-26 12:01:52,105 - easytorch-training - INFO - The estimated training finish time is 2025-08-26 12:06:24
2025-08-26 12:01:52,105 - easytorch-training - INFO - Epoch 61 / 100
2025-08-26 12:01:56,566 - easytorch-training - INFO - Result <train>: [train/time: 4.46 (s), train/lr: 7.50e-05, train/loss: 0.3924, train/MAE: 0.3924, train/MSE: 0.5029]
2025-08-26 12:01:56,567 - easytorch-training - INFO - Start validation.
2025-08-26 12:01:57,832 - easytorch-training - INFO - Result <val>: [val/time: 1.26 (s), val/loss: 0.3541, val/MAE: 0.3541, val/MSE: 0.2733]
2025-08-26 12:01:59,036 - easytorch-training - INFO - Result <test>: [test/time: 1.20 (s), test/loss: 0.3966, test/MAE: 0.3966, test/MSE: 0.3790]
2025-08-26 12:01:59,047 - easytorch-training - INFO - Checkpoint checkpoints/DLinear/ETTm2_100_336_720/2808cfb22d3766b74d887b480ce0e738/DLinear_061.pt saved
2025-08-26 12:01:59,047 - easytorch-training - INFO - The estimated training finish time is 2025-08-26 12:06:24
2025-08-26 12:01:59,047 - easytorch-training - INFO - Epoch 62 / 100
2025-08-26 12:02:03,465 - easytorch-training - INFO - Result <train>: [train/time: 4.42 (s), train/lr: 7.50e-05, train/loss: 0.3924, train/MAE: 0.3924, train/MSE: 0.5028]
2025-08-26 12:02:03,467 - easytorch-training - INFO - Start validation.
2025-08-26 12:02:04,730 - easytorch-training - INFO - Result <val>: [val/time: 1.26 (s), val/loss: 0.3586, val/MAE: 0.3586, val/MSE: 0.2772]
2025-08-26 12:02:05,951 - easytorch-training - INFO - Result <test>: [test/time: 1.22 (s), test/loss: 0.4039, test/MAE: 0.4039, test/MSE: 0.3864]
2025-08-26 12:02:05,960 - easytorch-training - INFO - Checkpoint checkpoints/DLinear/ETTm2_100_336_720/2808cfb22d3766b74d887b480ce0e738/DLinear_062.pt saved
2025-08-26 12:02:05,960 - easytorch-training - INFO - The estimated training finish time is 2025-08-26 12:06:24
2025-08-26 12:02:05,960 - easytorch-training - INFO - Epoch 63 / 100
2025-08-26 12:02:10,439 - easytorch-training - INFO - Result <train>: [train/time: 4.48 (s), train/lr: 7.50e-05, train/loss: 0.3925, train/MAE: 0.3925, train/MSE: 0.5027]
2025-08-26 12:02:10,439 - easytorch-training - INFO - Start validation.
2025-08-26 12:02:11,715 - easytorch-training - INFO - Result <val>: [val/time: 1.28 (s), val/loss: 0.3558, val/MAE: 0.3558, val/MSE: 0.2743]
2025-08-26 12:02:12,995 - easytorch-training - INFO - Result <test>: [test/time: 1.28 (s), test/loss: 0.3997, test/MAE: 0.3997, test/MSE: 0.3814]
2025-08-26 12:02:13,006 - easytorch-training - INFO - Checkpoint checkpoints/DLinear/ETTm2_100_336_720/2808cfb22d3766b74d887b480ce0e738/DLinear_063.pt saved
2025-08-26 12:02:13,006 - easytorch-training - INFO - The estimated training finish time is 2025-08-26 12:06:25
2025-08-26 12:02:13,006 - easytorch-training - INFO - Epoch 64 / 100
2025-08-26 12:02:17,465 - easytorch-training - INFO - Result <train>: [train/time: 4.46 (s), train/lr: 7.50e-05, train/loss: 0.3925, train/MAE: 0.3925, train/MSE: 0.5028]
2025-08-26 12:02:17,466 - easytorch-training - INFO - Start validation.
2025-08-26 12:02:18,744 - easytorch-training - INFO - Result <val>: [val/time: 1.28 (s), val/loss: 0.3619, val/MAE: 0.3619, val/MSE: 0.2799]
2025-08-26 12:02:19,950 - easytorch-training - INFO - Result <test>: [test/time: 1.21 (s), test/loss: 0.4100, test/MAE: 0.4100, test/MSE: 0.3922]
2025-08-26 12:02:19,960 - easytorch-training - INFO - Checkpoint checkpoints/DLinear/ETTm2_100_336_720/2808cfb22d3766b74d887b480ce0e738/DLinear_064.pt saved
2025-08-26 12:02:19,960 - easytorch-training - INFO - The estimated training finish time is 2025-08-26 12:06:25
2025-08-26 12:02:19,960 - easytorch-training - INFO - Epoch 65 / 100
2025-08-26 12:02:24,355 - easytorch-training - INFO - Result <train>: [train/time: 4.39 (s), train/lr: 7.50e-05, train/loss: 0.3924, train/MAE: 0.3924, train/MSE: 0.5029]
2025-08-26 12:02:24,355 - easytorch-training - INFO - Start validation.
2025-08-26 12:02:25,606 - easytorch-training - INFO - Result <val>: [val/time: 1.25 (s), val/loss: 0.3556, val/MAE: 0.3556, val/MSE: 0.2750]
2025-08-26 12:02:26,838 - easytorch-training - INFO - Result <test>: [test/time: 1.23 (s), test/loss: 0.3988, test/MAE: 0.3988, test/MSE: 0.3819]
2025-08-26 12:02:26,855 - easytorch-training - INFO - Checkpoint checkpoints/DLinear/ETTm2_100_336_720/2808cfb22d3766b74d887b480ce0e738/DLinear_065.pt saved
2025-08-26 12:02:26,855 - easytorch-training - INFO - The estimated training finish time is 2025-08-26 12:06:25
2025-08-26 12:02:26,855 - easytorch-training - INFO - Epoch 66 / 100
2025-08-26 12:02:31,294 - easytorch-training - INFO - Result <train>: [train/time: 4.44 (s), train/lr: 7.50e-05, train/loss: 0.3924, train/MAE: 0.3924, train/MSE: 0.5028]
2025-08-26 12:02:31,295 - easytorch-training - INFO - Start validation.
2025-08-26 12:02:32,517 - easytorch-training - INFO - Result <val>: [val/time: 1.22 (s), val/loss: 0.3533, val/MAE: 0.3533, val/MSE: 0.2723]
2025-08-26 12:02:33,734 - easytorch-training - INFO - Result <test>: [test/time: 1.22 (s), test/loss: 0.3955, test/MAE: 0.3955, test/MSE: 0.3777]
2025-08-26 12:02:33,745 - easytorch-training - INFO - Checkpoint checkpoints/DLinear/ETTm2_100_336_720/2808cfb22d3766b74d887b480ce0e738/DLinear_066.pt saved
2025-08-26 12:02:33,745 - easytorch-training - INFO - The estimated training finish time is 2025-08-26 12:06:25
2025-08-26 12:02:33,745 - easytorch-training - INFO - Epoch 67 / 100
2025-08-26 12:02:38,202 - easytorch-training - INFO - Result <train>: [train/time: 4.46 (s), train/lr: 7.50e-05, train/loss: 0.3924, train/MAE: 0.3924, train/MSE: 0.5026]
2025-08-26 12:02:38,203 - easytorch-training - INFO - Start validation.
2025-08-26 12:02:39,453 - easytorch-training - INFO - Result <val>: [val/time: 1.25 (s), val/loss: 0.3548, val/MAE: 0.3548, val/MSE: 0.2741]
2025-08-26 12:02:40,646 - easytorch-training - INFO - Result <test>: [test/time: 1.19 (s), test/loss: 0.3975, test/MAE: 0.3975, test/MSE: 0.3805]
2025-08-26 12:02:40,655 - easytorch-training - INFO - Checkpoint checkpoints/DLinear/ETTm2_100_336_720/2808cfb22d3766b74d887b480ce0e738/DLinear_067.pt saved
2025-08-26 12:02:40,655 - easytorch-training - INFO - The estimated training finish time is 2025-08-26 12:06:25
2025-08-26 12:02:40,655 - easytorch-training - INFO - Epoch 68 / 100
2025-08-26 12:02:45,099 - easytorch-training - INFO - Result <train>: [train/time: 4.44 (s), train/lr: 7.50e-05, train/loss: 0.3925, train/MAE: 0.3925, train/MSE: 0.5031]
2025-08-26 12:02:45,100 - easytorch-training - INFO - Start validation.
2025-08-26 12:02:46,417 - easytorch-training - INFO - Result <val>: [val/time: 1.32 (s), val/loss: 0.3600, val/MAE: 0.3600, val/MSE: 0.2786]
2025-08-26 12:02:47,710 - easytorch-training - INFO - Result <test>: [test/time: 1.29 (s), test/loss: 0.4061, test/MAE: 0.4061, test/MSE: 0.3886]
2025-08-26 12:02:47,727 - easytorch-training - INFO - Checkpoint checkpoints/DLinear/ETTm2_100_336_720/2808cfb22d3766b74d887b480ce0e738/DLinear_068.pt saved
2025-08-26 12:02:47,727 - easytorch-training - INFO - The estimated training finish time is 2025-08-26 12:06:25
2025-08-26 12:02:47,727 - easytorch-training - INFO - Epoch 69 / 100
2025-08-26 12:02:52,207 - easytorch-training - INFO - Result <train>: [train/time: 4.48 (s), train/lr: 7.50e-05, train/loss: 0.3924, train/MAE: 0.3924, train/MSE: 0.5027]
2025-08-26 12:02:52,208 - easytorch-training - INFO - Start validation.
2025-08-26 12:02:53,464 - easytorch-training - INFO - Result <val>: [val/time: 1.26 (s), val/loss: 0.3587, val/MAE: 0.3587, val/MSE: 0.2773]
2025-08-26 12:02:54,696 - easytorch-training - INFO - Result <test>: [test/time: 1.23 (s), test/loss: 0.4042, test/MAE: 0.4042, test/MSE: 0.3857]
2025-08-26 12:02:54,704 - easytorch-training - INFO - Checkpoint checkpoints/DLinear/ETTm2_100_336_720/2808cfb22d3766b74d887b480ce0e738/DLinear_069.pt saved
2025-08-26 12:02:54,705 - easytorch-training - INFO - The estimated training finish time is 2025-08-26 12:06:26
2025-08-26 12:02:54,705 - easytorch-training - INFO - Epoch 70 / 100
2025-08-26 12:02:59,212 - easytorch-training - INFO - Result <train>: [train/time: 4.51 (s), train/lr: 7.50e-05, train/loss: 0.3924, train/MAE: 0.3924, train/MSE: 0.5028]
2025-08-26 12:02:59,213 - easytorch-training - INFO - Start validation.
2025-08-26 12:03:00,476 - easytorch-training - INFO - Result <val>: [val/time: 1.26 (s), val/loss: 0.3543, val/MAE: 0.3543, val/MSE: 0.2733]
2025-08-26 12:03:01,689 - easytorch-training - INFO - Result <test>: [test/time: 1.21 (s), test/loss: 0.3971, test/MAE: 0.3971, test/MSE: 0.3790]
2025-08-26 12:03:01,700 - easytorch-training - INFO - Checkpoint checkpoints/DLinear/ETTm2_100_336_720/2808cfb22d3766b74d887b480ce0e738/DLinear_070.pt saved
2025-08-26 12:03:01,707 - easytorch-training - INFO - The estimated training finish time is 2025-08-26 12:06:26
2025-08-26 12:03:01,707 - easytorch-training - INFO - Epoch 71 / 100
2025-08-26 12:03:06,189 - easytorch-training - INFO - Result <train>: [train/time: 4.48 (s), train/lr: 7.50e-05, train/loss: 0.3924, train/MAE: 0.3924, train/MSE: 0.5027]
2025-08-26 12:03:06,190 - easytorch-training - INFO - Start validation.
2025-08-26 12:03:07,438 - easytorch-training - INFO - Result <val>: [val/time: 1.25 (s), val/loss: 0.3582, val/MAE: 0.3582, val/MSE: 0.2767]
2025-08-26 12:03:08,668 - easytorch-training - INFO - Result <test>: [test/time: 1.23 (s), test/loss: 0.4035, test/MAE: 0.4035, test/MSE: 0.3857]
2025-08-26 12:03:08,679 - easytorch-training - INFO - Checkpoint checkpoints/DLinear/ETTm2_100_336_720/2808cfb22d3766b74d887b480ce0e738/DLinear_071.pt saved
2025-08-26 12:03:08,680 - easytorch-training - INFO - The estimated training finish time is 2025-08-26 12:06:26
2025-08-26 12:03:08,680 - easytorch-training - INFO - Epoch 72 / 100
2025-08-26 12:03:13,151 - easytorch-training - INFO - Result <train>: [train/time: 4.47 (s), train/lr: 7.50e-05, train/loss: 0.3924, train/MAE: 0.3924, train/MSE: 0.5029]
2025-08-26 12:03:13,152 - easytorch-training - INFO - Start validation.
2025-08-26 12:03:14,405 - easytorch-training - INFO - Result <val>: [val/time: 1.25 (s), val/loss: 0.3531, val/MAE: 0.3531, val/MSE: 0.2725]
2025-08-26 12:03:15,603 - easytorch-training - INFO - Result <test>: [test/time: 1.20 (s), test/loss: 0.3950, test/MAE: 0.3950, test/MSE: 0.3775]
2025-08-26 12:03:15,612 - easytorch-training - INFO - Checkpoint checkpoints/DLinear/ETTm2_100_336_720/2808cfb22d3766b74d887b480ce0e738/DLinear_072.pt saved
2025-08-26 12:03:15,612 - easytorch-training - INFO - The estimated training finish time is 2025-08-26 12:06:26
2025-08-26 12:03:15,612 - easytorch-training - INFO - Epoch 73 / 100
2025-08-26 12:03:20,018 - easytorch-training - INFO - Result <train>: [train/time: 4.41 (s), train/lr: 7.50e-05, train/loss: 0.3924, train/MAE: 0.3924, train/MSE: 0.5029]
2025-08-26 12:03:20,019 - easytorch-training - INFO - Start validation.
2025-08-26 12:03:21,278 - easytorch-training - INFO - Result <val>: [val/time: 1.26 (s), val/loss: 0.3571, val/MAE: 0.3571, val/MSE: 0.2756]
2025-08-26 12:03:22,464 - easytorch-training - INFO - Result <test>: [test/time: 1.19 (s), test/loss: 0.4017, test/MAE: 0.4017, test/MSE: 0.3833]
2025-08-26 12:03:22,473 - easytorch-training - INFO - Checkpoint checkpoints/DLinear/ETTm2_100_336_720/2808cfb22d3766b74d887b480ce0e738/DLinear_073.pt saved
2025-08-26 12:03:22,474 - easytorch-training - INFO - The estimated training finish time is 2025-08-26 12:06:26
2025-08-26 12:03:22,474 - easytorch-training - INFO - Epoch 74 / 100
2025-08-26 12:03:26,918 - easytorch-training - INFO - Result <train>: [train/time: 4.44 (s), train/lr: 7.50e-05, train/loss: 0.3924, train/MAE: 0.3924, train/MSE: 0.5027]
2025-08-26 12:03:26,919 - easytorch-training - INFO - Start validation.
2025-08-26 12:03:28,183 - easytorch-training - INFO - Result <val>: [val/time: 1.26 (s), val/loss: 0.3576, val/MAE: 0.3576, val/MSE: 0.2760]
2025-08-26 12:03:29,411 - easytorch-training - INFO - Result <test>: [test/time: 1.23 (s), test/loss: 0.4024, test/MAE: 0.4024, test/MSE: 0.3839]
2025-08-26 12:03:29,424 - easytorch-training - INFO - Checkpoint checkpoints/DLinear/ETTm2_100_336_720/2808cfb22d3766b74d887b480ce0e738/DLinear_074.pt saved
2025-08-26 12:03:29,424 - easytorch-training - INFO - The estimated training finish time is 2025-08-26 12:06:27
2025-08-26 12:03:29,425 - easytorch-training - INFO - Epoch 75 / 100
2025-08-26 12:03:33,917 - easytorch-training - INFO - Result <train>: [train/time: 4.49 (s), train/lr: 7.50e-05, train/loss: 0.3924, train/MAE: 0.3924, train/MSE: 0.5029]
2025-08-26 12:03:33,918 - easytorch-training - INFO - Start validation.
2025-08-26 12:03:35,222 - easytorch-training - INFO - Result <val>: [val/time: 1.30 (s), val/loss: 0.3571, val/MAE: 0.3571, val/MSE: 0.2763]
2025-08-26 12:03:36,501 - easytorch-training - INFO - Result <test>: [test/time: 1.28 (s), test/loss: 0.4011, test/MAE: 0.4011, test/MSE: 0.3842]
2025-08-26 12:03:36,512 - easytorch-training - INFO - Checkpoint checkpoints/DLinear/ETTm2_100_336_720/2808cfb22d3766b74d887b480ce0e738/DLinear_075.pt saved
2025-08-26 12:03:36,512 - easytorch-training - INFO - The estimated training finish time is 2025-08-26 12:06:27
2025-08-26 12:03:36,512 - easytorch-training - INFO - Epoch 76 / 100
2025-08-26 12:03:40,958 - easytorch-training - INFO - Result <train>: [train/time: 4.45 (s), train/lr: 7.50e-05, train/loss: 0.3924, train/MAE: 0.3924, train/MSE: 0.5029]
2025-08-26 12:03:40,959 - easytorch-training - INFO - Start validation.
2025-08-26 12:03:42,211 - easytorch-training - INFO - Result <val>: [val/time: 1.25 (s), val/loss: 0.3547, val/MAE: 0.3547, val/MSE: 0.2737]
2025-08-26 12:03:43,439 - easytorch-training - INFO - Result <test>: [test/time: 1.23 (s), test/loss: 0.3977, test/MAE: 0.3977, test/MSE: 0.3798]
2025-08-26 12:03:43,451 - easytorch-training - INFO - Checkpoint checkpoints/DLinear/ETTm2_100_336_720/2808cfb22d3766b74d887b480ce0e738/DLinear_076.pt saved
2025-08-26 12:03:43,451 - easytorch-training - INFO - The estimated training finish time is 2025-08-26 12:06:27
2025-08-26 12:03:43,451 - easytorch-training - INFO - Epoch 77 / 100
2025-08-26 12:03:48,009 - easytorch-training - INFO - Result <train>: [train/time: 4.56 (s), train/lr: 7.50e-05, train/loss: 0.3924, train/MAE: 0.3924, train/MSE: 0.5026]
2025-08-26 12:03:48,010 - easytorch-training - INFO - Start validation.
2025-08-26 12:03:49,256 - easytorch-training - INFO - Result <val>: [val/time: 1.25 (s), val/loss: 0.3543, val/MAE: 0.3543, val/MSE: 0.2735]
2025-08-26 12:03:50,513 - easytorch-training - INFO - Result <test>: [test/time: 1.26 (s), test/loss: 0.3969, test/MAE: 0.3969, test/MSE: 0.3797]
2025-08-26 12:03:50,523 - easytorch-training - INFO - Checkpoint checkpoints/DLinear/ETTm2_100_336_720/2808cfb22d3766b74d887b480ce0e738/DLinear_077.pt saved
2025-08-26 12:03:50,523 - easytorch-training - INFO - The estimated training finish time is 2025-08-26 12:06:27
2025-08-26 12:03:50,523 - easytorch-training - INFO - Epoch 78 / 100
2025-08-26 12:03:54,996 - easytorch-training - INFO - Result <train>: [train/time: 4.47 (s), train/lr: 7.50e-05, train/loss: 0.3924, train/MAE: 0.3924, train/MSE: 0.5029]
2025-08-26 12:03:54,997 - easytorch-training - INFO - Start validation.
2025-08-26 12:03:56,314 - easytorch-training - INFO - Result <val>: [val/time: 1.32 (s), val/loss: 0.3565, val/MAE: 0.3565, val/MSE: 0.2753]
2025-08-26 12:03:57,598 - easytorch-training - INFO - Result <test>: [test/time: 1.28 (s), test/loss: 0.4004, test/MAE: 0.4004, test/MSE: 0.3828]
2025-08-26 12:03:57,607 - easytorch-training - INFO - Checkpoint checkpoints/DLinear/ETTm2_100_336_720/2808cfb22d3766b74d887b480ce0e738/DLinear_078.pt saved
2025-08-26 12:03:57,608 - easytorch-training - INFO - The estimated training finish time is 2025-08-26 12:06:28
2025-08-26 12:03:57,608 - easytorch-training - INFO - Epoch 79 / 100
2025-08-26 12:04:02,090 - easytorch-training - INFO - Result <train>: [train/time: 4.48 (s), train/lr: 7.50e-05, train/loss: 0.3924, train/MAE: 0.3924, train/MSE: 0.5028]
2025-08-26 12:04:02,091 - easytorch-training - INFO - Start validation.
2025-08-26 12:04:03,359 - easytorch-training - INFO - Result <val>: [val/time: 1.27 (s), val/loss: 0.3550, val/MAE: 0.3550, val/MSE: 0.2744]
2025-08-26 12:04:04,579 - easytorch-training - INFO - Result <test>: [test/time: 1.22 (s), test/loss: 0.3979, test/MAE: 0.3979, test/MSE: 0.3814]
2025-08-26 12:04:04,590 - easytorch-training - INFO - Checkpoint checkpoints/DLinear/ETTm2_100_336_720/2808cfb22d3766b74d887b480ce0e738/DLinear_079.pt saved
2025-08-26 12:04:04,590 - easytorch-training - INFO - The estimated training finish time is 2025-08-26 12:06:28
2025-08-26 12:04:04,590 - easytorch-training - INFO - Epoch 80 / 100
2025-08-26 12:04:09,061 - easytorch-training - INFO - Result <train>: [train/time: 4.47 (s), train/lr: 7.50e-05, train/loss: 0.3924, train/MAE: 0.3924, train/MSE: 0.5028]
2025-08-26 12:04:09,062 - easytorch-training - INFO - Start validation.
2025-08-26 12:04:10,304 - easytorch-training - INFO - Result <val>: [val/time: 1.24 (s), val/loss: 0.3572, val/MAE: 0.3572, val/MSE: 0.2757]
2025-08-26 12:04:11,541 - easytorch-training - INFO - Result <test>: [test/time: 1.23 (s), test/loss: 0.4017, test/MAE: 0.4017, test/MSE: 0.3835]
2025-08-26 12:04:11,552 - easytorch-training - INFO - Checkpoint checkpoints/DLinear/ETTm2_100_336_720/2808cfb22d3766b74d887b480ce0e738/DLinear_080.pt saved
2025-08-26 12:04:11,559 - easytorch-training - INFO - The estimated training finish time is 2025-08-26 12:06:28
2025-08-26 12:04:11,559 - easytorch-training - INFO - Epoch 81 / 100
2025-08-26 12:04:16,031 - easytorch-training - INFO - Result <train>: [train/time: 4.47 (s), train/lr: 7.50e-05, train/loss: 0.3924, train/MAE: 0.3924, train/MSE: 0.5030]
2025-08-26 12:04:16,032 - easytorch-training - INFO - Start validation.
2025-08-26 12:04:17,281 - easytorch-training - INFO - Result <val>: [val/time: 1.25 (s), val/loss: 0.3557, val/MAE: 0.3557, val/MSE: 0.2745]
2025-08-26 12:04:18,522 - easytorch-training - INFO - Result <test>: [test/time: 1.24 (s), test/loss: 0.3990, test/MAE: 0.3990, test/MSE: 0.3809]
2025-08-26 12:04:18,534 - easytorch-training - INFO - Checkpoint checkpoints/DLinear/ETTm2_100_336_720/2808cfb22d3766b74d887b480ce0e738/DLinear_081.pt saved
2025-08-26 12:04:18,534 - easytorch-training - INFO - The estimated training finish time is 2025-08-26 12:06:28
2025-08-26 12:04:18,534 - easytorch-training - INFO - Epoch 82 / 100
2025-08-26 12:04:22,986 - easytorch-training - INFO - Result <train>: [train/time: 4.45 (s), train/lr: 7.50e-05, train/loss: 0.3924, train/MAE: 0.3924, train/MSE: 0.5027]
2025-08-26 12:04:22,988 - easytorch-training - INFO - Start validation.
2025-08-26 12:04:24,218 - easytorch-training - INFO - Result <val>: [val/time: 1.23 (s), val/loss: 0.3543, val/MAE: 0.3543, val/MSE: 0.2733]
2025-08-26 12:04:25,387 - easytorch-training - INFO - Result <test>: [test/time: 1.17 (s), test/loss: 0.3970, test/MAE: 0.3970, test/MSE: 0.3793]
2025-08-26 12:04:25,398 - easytorch-training - INFO - Checkpoint checkpoints/DLinear/ETTm2_100_336_720/2808cfb22d3766b74d887b480ce0e738/DLinear_082.pt saved
2025-08-26 12:04:25,398 - easytorch-training - INFO - The estimated training finish time is 2025-08-26 12:06:28
2025-08-26 12:04:25,399 - easytorch-training - INFO - Epoch 83 / 100
2025-08-26 12:04:29,879 - easytorch-training - INFO - Result <train>: [train/time: 4.48 (s), train/lr: 7.50e-05, train/loss: 0.3924, train/MAE: 0.3924, train/MSE: 0.5029]
2025-08-26 12:04:29,880 - easytorch-training - INFO - Start validation.
2025-08-26 12:04:31,156 - easytorch-training - INFO - Result <val>: [val/time: 1.28 (s), val/loss: 0.3579, val/MAE: 0.3579, val/MSE: 0.2762]
2025-08-26 12:04:32,399 - easytorch-training - INFO - Result <test>: [test/time: 1.24 (s), test/loss: 0.4030, test/MAE: 0.4030, test/MSE: 0.3844]
2025-08-26 12:04:32,409 - easytorch-training - INFO - Checkpoint checkpoints/DLinear/ETTm2_100_336_720/2808cfb22d3766b74d887b480ce0e738/DLinear_083.pt saved
2025-08-26 12:04:32,409 - easytorch-training - INFO - The estimated training finish time is 2025-08-26 12:06:28
2025-08-26 12:04:32,409 - easytorch-training - INFO - Epoch 84 / 100
2025-08-26 12:04:36,904 - easytorch-training - INFO - Result <train>: [train/time: 4.49 (s), train/lr: 7.50e-05, train/loss: 0.3924, train/MAE: 0.3924, train/MSE: 0.5029]
2025-08-26 12:04:36,905 - easytorch-training - INFO - Start validation.
2025-08-26 12:04:38,157 - easytorch-training - INFO - Result <val>: [val/time: 1.25 (s), val/loss: 0.3588, val/MAE: 0.3588, val/MSE: 0.2770]
2025-08-26 12:04:39,329 - easytorch-training - INFO - Result <test>: [test/time: 1.17 (s), test/loss: 0.4047, test/MAE: 0.4047, test/MSE: 0.3856]
2025-08-26 12:04:39,339 - easytorch-training - INFO - Checkpoint checkpoints/DLinear/ETTm2_100_336_720/2808cfb22d3766b74d887b480ce0e738/DLinear_084.pt saved
2025-08-26 12:04:39,339 - easytorch-training - INFO - The estimated training finish time is 2025-08-26 12:06:28
2025-08-26 12:04:39,339 - easytorch-training - INFO - Epoch 85 / 100
2025-08-26 12:04:43,620 - easytorch-training - INFO - Result <train>: [train/time: 4.28 (s), train/lr: 7.50e-05, train/loss: 0.3924, train/MAE: 0.3924, train/MSE: 0.5025]
2025-08-26 12:04:43,621 - easytorch-training - INFO - Start validation.
2025-08-26 12:04:44,826 - easytorch-training - INFO - Result <val>: [val/time: 1.21 (s), val/loss: 0.3537, val/MAE: 0.3537, val/MSE: 0.2735]
2025-08-26 12:04:46,004 - easytorch-training - INFO - Result <test>: [test/time: 1.18 (s), test/loss: 0.3958, test/MAE: 0.3958, test/MSE: 0.3792]
2025-08-26 12:04:46,013 - easytorch-training - INFO - Checkpoint checkpoints/DLinear/ETTm2_100_336_720/2808cfb22d3766b74d887b480ce0e738/DLinear_085.pt saved
2025-08-26 12:04:46,014 - easytorch-training - INFO - The estimated training finish time is 2025-08-26 12:06:28
2025-08-26 12:04:46,014 - easytorch-training - INFO - Epoch 86 / 100
2025-08-26 12:04:50,279 - easytorch-training - INFO - Result <train>: [train/time: 4.26 (s), train/lr: 7.50e-05, train/loss: 0.3924, train/MAE: 0.3924, train/MSE: 0.5027]
2025-08-26 12:04:50,280 - easytorch-training - INFO - Start validation.
2025-08-26 12:04:51,489 - easytorch-training - INFO - Result <val>: [val/time: 1.21 (s), val/loss: 0.3571, val/MAE: 0.3571, val/MSE: 0.2762]
2025-08-26 12:04:52,660 - easytorch-training - INFO - Result <test>: [test/time: 1.17 (s), test/loss: 0.4013, test/MAE: 0.4013, test/MSE: 0.3843]
2025-08-26 12:04:52,670 - easytorch-training - INFO - Checkpoint checkpoints/DLinear/ETTm2_100_336_720/2808cfb22d3766b74d887b480ce0e738/DLinear_086.pt saved
2025-08-26 12:04:52,671 - easytorch-training - INFO - The estimated training finish time is 2025-08-26 12:06:28
2025-08-26 12:04:52,671 - easytorch-training - INFO - Epoch 87 / 100
2025-08-26 12:04:56,926 - easytorch-training - INFO - Result <train>: [train/time: 4.26 (s), train/lr: 7.50e-05, train/loss: 0.3924, train/MAE: 0.3924, train/MSE: 0.5026]
2025-08-26 12:04:56,927 - easytorch-training - INFO - Start validation.
2025-08-26 12:04:58,134 - easytorch-training - INFO - Result <val>: [val/time: 1.21 (s), val/loss: 0.3583, val/MAE: 0.3583, val/MSE: 0.2764]
2025-08-26 12:04:59,327 - easytorch-training - INFO - Result <test>: [test/time: 1.19 (s), test/loss: 0.4038, test/MAE: 0.4038, test/MSE: 0.3854]
2025-08-26 12:04:59,336 - easytorch-training - INFO - Checkpoint checkpoints/DLinear/ETTm2_100_336_720/2808cfb22d3766b74d887b480ce0e738/DLinear_087.pt saved
2025-08-26 12:04:59,336 - easytorch-training - INFO - The estimated training finish time is 2025-08-26 12:06:28
2025-08-26 12:04:59,336 - easytorch-training - INFO - Epoch 88 / 100
2025-08-26 12:05:03,629 - easytorch-training - INFO - Result <train>: [train/time: 4.29 (s), train/lr: 7.50e-05, train/loss: 0.3924, train/MAE: 0.3924, train/MSE: 0.5026]
2025-08-26 12:05:03,630 - easytorch-training - INFO - Start validation.
2025-08-26 12:05:04,835 - easytorch-training - INFO - Result <val>: [val/time: 1.20 (s), val/loss: 0.3550, val/MAE: 0.3550, val/MSE: 0.2736]
2025-08-26 12:05:06,002 - easytorch-training - INFO - Result <test>: [test/time: 1.17 (s), test/loss: 0.3982, test/MAE: 0.3982, test/MSE: 0.3799]
2025-08-26 12:05:06,012 - easytorch-training - INFO - Checkpoint checkpoints/DLinear/ETTm2_100_336_720/2808cfb22d3766b74d887b480ce0e738/DLinear_088.pt saved
2025-08-26 12:05:06,012 - easytorch-training - INFO - The estimated training finish time is 2025-08-26 12:06:28
2025-08-26 12:05:06,012 - easytorch-training - INFO - Epoch 89 / 100
2025-08-26 12:05:10,364 - easytorch-training - INFO - Result <train>: [train/time: 4.35 (s), train/lr: 7.50e-05, train/loss: 0.3924, train/MAE: 0.3924, train/MSE: 0.5027]
2025-08-26 12:05:10,365 - easytorch-training - INFO - Start validation.
2025-08-26 12:05:11,564 - easytorch-training - INFO - Result <val>: [val/time: 1.20 (s), val/loss: 0.3563, val/MAE: 0.3563, val/MSE: 0.2751]
2025-08-26 12:05:12,751 - easytorch-training - INFO - Result <test>: [test/time: 1.19 (s), test/loss: 0.4001, test/MAE: 0.4001, test/MSE: 0.3818]
2025-08-26 12:05:12,761 - easytorch-training - INFO - Checkpoint checkpoints/DLinear/ETTm2_100_336_720/2808cfb22d3766b74d887b480ce0e738/DLinear_089.pt saved
2025-08-26 12:05:12,761 - easytorch-training - INFO - The estimated training finish time is 2025-08-26 12:06:28
2025-08-26 12:05:12,761 - easytorch-training - INFO - Epoch 90 / 100
2025-08-26 12:05:17,073 - easytorch-training - INFO - Result <train>: [train/time: 4.31 (s), train/lr: 7.50e-05, train/loss: 0.3924, train/MAE: 0.3924, train/MSE: 0.5029]
2025-08-26 12:05:17,074 - easytorch-training - INFO - Start validation.
2025-08-26 12:05:18,289 - easytorch-training - INFO - Result <val>: [val/time: 1.21 (s), val/loss: 0.3535, val/MAE: 0.3535, val/MSE: 0.2725]
2025-08-26 12:05:19,467 - easytorch-training - INFO - Result <test>: [test/time: 1.18 (s), test/loss: 0.3960, test/MAE: 0.3960, test/MSE: 0.3778]
2025-08-26 12:05:19,476 - easytorch-training - INFO - Checkpoint checkpoints/DLinear/ETTm2_100_336_720/2808cfb22d3766b74d887b480ce0e738/DLinear_090.pt saved
2025-08-26 12:05:19,483 - easytorch-training - INFO - The estimated training finish time is 2025-08-26 12:06:27
2025-08-26 12:05:19,483 - easytorch-training - INFO - Epoch 91 / 100
2025-08-26 12:05:23,810 - easytorch-training - INFO - Result <train>: [train/time: 4.33 (s), train/lr: 7.50e-05, train/loss: 0.3924, train/MAE: 0.3924, train/MSE: 0.5024]
2025-08-26 12:05:23,811 - easytorch-training - INFO - Start validation.
2025-08-26 12:05:25,074 - easytorch-training - INFO - Result <val>: [val/time: 1.26 (s), val/loss: 0.3559, val/MAE: 0.3559, val/MSE: 0.2749]
2025-08-26 12:05:26,266 - easytorch-training - INFO - Result <test>: [test/time: 1.19 (s), test/loss: 0.3993, test/MAE: 0.3993, test/MSE: 0.3814]
2025-08-26 12:05:26,276 - easytorch-training - INFO - Checkpoint checkpoints/DLinear/ETTm2_100_336_720/2808cfb22d3766b74d887b480ce0e738/DLinear_091.pt saved
2025-08-26 12:05:26,276 - easytorch-training - INFO - The estimated training finish time is 2025-08-26 12:06:27
2025-08-26 12:05:26,277 - easytorch-training - INFO - Epoch 92 / 100
2025-08-26 12:05:30,566 - easytorch-training - INFO - Result <train>: [train/time: 4.29 (s), train/lr: 7.50e-05, train/loss: 0.3924, train/MAE: 0.3924, train/MSE: 0.5027]
2025-08-26 12:05:30,567 - easytorch-training - INFO - Start validation.
2025-08-26 12:05:31,858 - easytorch-training - INFO - Result <val>: [val/time: 1.29 (s), val/loss: 0.3589, val/MAE: 0.3589, val/MSE: 0.2767]
2025-08-26 12:05:33,043 - easytorch-training - INFO - Result <test>: [test/time: 1.18 (s), test/loss: 0.4046, test/MAE: 0.4046, test/MSE: 0.3853]
2025-08-26 12:05:33,052 - easytorch-training - INFO - Checkpoint checkpoints/DLinear/ETTm2_100_336_720/2808cfb22d3766b74d887b480ce0e738/DLinear_092.pt saved
2025-08-26 12:05:33,053 - easytorch-training - INFO - The estimated training finish time is 2025-08-26 12:06:27
2025-08-26 12:05:33,053 - easytorch-training - INFO - Epoch 93 / 100
2025-08-26 12:05:37,331 - easytorch-training - INFO - Result <train>: [train/time: 4.28 (s), train/lr: 7.50e-05, train/loss: 0.3924, train/MAE: 0.3924, train/MSE: 0.5026]
2025-08-26 12:05:37,332 - easytorch-training - INFO - Start validation.
2025-08-26 12:05:38,518 - easytorch-training - INFO - Result <val>: [val/time: 1.19 (s), val/loss: 0.3543, val/MAE: 0.3543, val/MSE: 0.2737]
2025-08-26 12:05:39,716 - easytorch-training - INFO - Result <test>: [test/time: 1.20 (s), test/loss: 0.3970, test/MAE: 0.3970, test/MSE: 0.3801]
2025-08-26 12:05:39,728 - easytorch-training - INFO - Checkpoint checkpoints/DLinear/ETTm2_100_336_720/2808cfb22d3766b74d887b480ce0e738/DLinear_093.pt saved
2025-08-26 12:05:39,728 - easytorch-training - INFO - The estimated training finish time is 2025-08-26 12:06:27
2025-08-26 12:05:39,728 - easytorch-training - INFO - Epoch 94 / 100
2025-08-26 12:05:44,021 - easytorch-training - INFO - Result <train>: [train/time: 4.29 (s), train/lr: 7.50e-05, train/loss: 0.3924, train/MAE: 0.3924, train/MSE: 0.5030]
2025-08-26 12:05:44,022 - easytorch-training - INFO - Start validation.
2025-08-26 12:05:45,213 - easytorch-training - INFO - Result <val>: [val/time: 1.19 (s), val/loss: 0.3574, val/MAE: 0.3574, val/MSE: 0.2759]
2025-08-26 12:05:46,397 - easytorch-training - INFO - Result <test>: [test/time: 1.18 (s), test/loss: 0.4019, test/MAE: 0.4019, test/MSE: 0.3837]
2025-08-26 12:05:46,408 - easytorch-training - INFO - Checkpoint checkpoints/DLinear/ETTm2_100_336_720/2808cfb22d3766b74d887b480ce0e738/DLinear_094.pt saved
2025-08-26 12:05:46,409 - easytorch-training - INFO - The estimated training finish time is 2025-08-26 12:06:27
2025-08-26 12:05:46,409 - easytorch-training - INFO - Epoch 95 / 100
2025-08-26 12:05:50,725 - easytorch-training - INFO - Result <train>: [train/time: 4.32 (s), train/lr: 7.50e-05, train/loss: 0.3924, train/MAE: 0.3924, train/MSE: 0.5026]
2025-08-26 12:05:50,726 - easytorch-training - INFO - Start validation.
2025-08-26 12:05:51,907 - easytorch-training - INFO - Result <val>: [val/time: 1.18 (s), val/loss: 0.3548, val/MAE: 0.3548, val/MSE: 0.2736]
2025-08-26 12:05:53,038 - easytorch-training - INFO - Result <test>: [test/time: 1.13 (s), test/loss: 0.3978, test/MAE: 0.3978, test/MSE: 0.3797]
2025-08-26 12:05:53,048 - easytorch-training - INFO - Checkpoint checkpoints/DLinear/ETTm2_100_336_720/2808cfb22d3766b74d887b480ce0e738/DLinear_095.pt saved
2025-08-26 12:05:53,048 - easytorch-training - INFO - The estimated training finish time is 2025-08-26 12:06:27
2025-08-26 12:05:53,048 - easytorch-training - INFO - Epoch 96 / 100
2025-08-26 12:05:57,347 - easytorch-training - INFO - Result <train>: [train/time: 4.30 (s), train/lr: 7.50e-05, train/loss: 0.3924, train/MAE: 0.3924, train/MSE: 0.5026]
2025-08-26 12:05:57,348 - easytorch-training - INFO - Start validation.
2025-08-26 12:05:58,619 - easytorch-training - INFO - Result <val>: [val/time: 1.27 (s), val/loss: 0.3596, val/MAE: 0.3596, val/MSE: 0.2785]
2025-08-26 12:05:59,844 - easytorch-training - INFO - Result <test>: [test/time: 1.22 (s), test/loss: 0.4055, test/MAE: 0.4055, test/MSE: 0.3889]
2025-08-26 12:05:59,855 - easytorch-training - INFO - Checkpoint checkpoints/DLinear/ETTm2_100_336_720/2808cfb22d3766b74d887b480ce0e738/DLinear_096.pt saved
2025-08-26 12:05:59,855 - easytorch-training - INFO - The estimated training finish time is 2025-08-26 12:06:27
2025-08-26 12:05:59,855 - easytorch-training - INFO - Epoch 97 / 100
2025-08-26 12:06:04,167 - easytorch-training - INFO - Result <train>: [train/time: 4.31 (s), train/lr: 7.50e-05, train/loss: 0.3924, train/MAE: 0.3924, train/MSE: 0.5027]
2025-08-26 12:06:04,168 - easytorch-training - INFO - Start validation.
2025-08-26 12:06:05,428 - easytorch-training - INFO - Result <val>: [val/time: 1.26 (s), val/loss: 0.3602, val/MAE: 0.3602, val/MSE: 0.2791]
2025-08-26 12:06:06,639 - easytorch-training - INFO - Result <test>: [test/time: 1.21 (s), test/loss: 0.4065, test/MAE: 0.4065, test/MSE: 0.3897]
2025-08-26 12:06:06,650 - easytorch-training - INFO - Checkpoint checkpoints/DLinear/ETTm2_100_336_720/2808cfb22d3766b74d887b480ce0e738/DLinear_097.pt saved
2025-08-26 12:06:06,650 - easytorch-training - INFO - The estimated training finish time is 2025-08-26 12:06:27
2025-08-26 12:06:06,650 - easytorch-training - INFO - Epoch 98 / 100
2025-08-26 12:06:11,014 - easytorch-training - INFO - Result <train>: [train/time: 4.36 (s), train/lr: 7.50e-05, train/loss: 0.3924, train/MAE: 0.3924, train/MSE: 0.5029]
2025-08-26 12:06:11,015 - easytorch-training - INFO - Start validation.
2025-08-26 12:06:12,210 - easytorch-training - INFO - Result <val>: [val/time: 1.19 (s), val/loss: 0.3543, val/MAE: 0.3543, val/MSE: 0.2738]
2025-08-26 12:06:13,380 - easytorch-training - INFO - Result <test>: [test/time: 1.17 (s), test/loss: 0.3968, test/MAE: 0.3968, test/MSE: 0.3796]
2025-08-26 12:06:13,393 - easytorch-training - INFO - Checkpoint checkpoints/DLinear/ETTm2_100_336_720/2808cfb22d3766b74d887b480ce0e738/DLinear_098.pt saved
2025-08-26 12:06:13,393 - easytorch-training - INFO - The estimated training finish time is 2025-08-26 12:06:27
2025-08-26 12:06:13,393 - easytorch-training - INFO - Epoch 99 / 100
2025-08-26 12:06:17,707 - easytorch-training - INFO - Result <train>: [train/time: 4.31 (s), train/lr: 7.50e-05, train/loss: 0.3924, train/MAE: 0.3924, train/MSE: 0.5030]
2025-08-26 12:06:17,708 - easytorch-training - INFO - Start validation.
2025-08-26 12:06:18,907 - easytorch-training - INFO - Result <val>: [val/time: 1.20 (s), val/loss: 0.3547, val/MAE: 0.3547, val/MSE: 0.2742]
2025-08-26 12:06:20,074 - easytorch-training - INFO - Result <test>: [test/time: 1.17 (s), test/loss: 0.3975, test/MAE: 0.3975, test/MSE: 0.3804]
2025-08-26 12:06:20,084 - easytorch-training - INFO - Checkpoint checkpoints/DLinear/ETTm2_100_336_720/2808cfb22d3766b74d887b480ce0e738/DLinear_099.pt saved
2025-08-26 12:06:20,084 - easytorch-training - INFO - The estimated training finish time is 2025-08-26 12:06:26
2025-08-26 12:06:20,084 - easytorch-training - INFO - Epoch 100 / 100
2025-08-26 12:06:24,359 - easytorch-training - INFO - Result <train>: [train/time: 4.28 (s), train/lr: 7.50e-05, train/loss: 0.3924, train/MAE: 0.3924, train/MSE: 0.5022]
2025-08-26 12:06:24,360 - easytorch-training - INFO - Start validation.
2025-08-26 12:06:25,559 - easytorch-training - INFO - Result <val>: [val/time: 1.20 (s), val/loss: 0.3564, val/MAE: 0.3564, val/MSE: 0.2749]
2025-08-26 12:06:26,721 - easytorch-training - INFO - Result <test>: [test/time: 1.16 (s), test/loss: 0.4006, test/MAE: 0.4006, test/MSE: 0.3825]
2025-08-26 12:06:26,732 - easytorch-training - INFO - Checkpoint checkpoints/DLinear/ETTm2_100_336_720/2808cfb22d3766b74d887b480ce0e738/DLinear_100.pt saved
2025-08-26 12:06:26,738 - easytorch-training - INFO - The training finished at 2025-08-26 12:06:26
2025-08-26 12:06:26,738 - easytorch-training - INFO - Evaluating the best model on the test set.
2025-08-26 12:06:26,739 - easytorch-training - INFO - Loading Checkpoint from 'checkpoints/DLinear/ETTm2_100_336_720/2808cfb22d3766b74d887b480ce0e738/DLinear_best_val_MAE.pt'
2025-08-26 12:06:27,928 - easytorch-training - INFO - Result <test>: [test/time: 1.18 (s), test/loss: 0.3928, test/MAE: 0.3928, test/MSE: 0.3761]
2025-08-26 12:06:27,930 - easytorch-training - INFO - Test metrics saved to checkpoints/DLinear/ETTm2_100_336_720/2808cfb22d3766b74d887b480ce0e738/test_metrics.json.
