2025-08-26 17:01:31,844 - easytorch-training - INFO - Initializing training.
2025-08-26 17:01:31,844 - easytorch-training - INFO - Set clip grad, param: {'max_norm': 5.0}
2025-08-26 17:01:31,844 - easytorch-training - INFO - Building training data loader.
2025-08-26 17:01:31,845 - easytorch-training - INFO - Train dataset length: 8209
2025-08-26 17:01:34,570 - easytorch-training - INFO - Set optim: Adam (
Parameter Group 0
    amsgrad: False
    betas: (0.9, 0.999)
    capturable: False
    differentiable: False
    eps: 1e-08
    foreach: None
    fused: None
    lr: 0.0002
    maximize: False
    weight_decay: 0.0005
)
2025-08-26 17:01:34,571 - easytorch-training - INFO - Set lr_scheduler: <torch.optim.lr_scheduler.MultiStepLR object at 0x7f503754d600>
2025-08-26 17:01:34,572 - easytorch-training - INFO - Initializing validation.
2025-08-26 17:01:34,572 - easytorch-training - INFO - Building val data loader.
2025-08-26 17:01:34,583 - easytorch-training - INFO - Validation dataset length: 2449
2025-08-26 17:01:34,591 - easytorch-training - INFO - Test dataset length: 2449
2025-08-26 17:01:34,592 - easytorch-training - INFO - Number of parameters: 732455
2025-08-26 17:01:34,592 - easytorch-training - INFO - Epoch 1 / 100
2025-08-26 17:02:10,643 - easytorch-training - INFO - Result <train>: [train/time: 36.05 (s), train/lr: 2.00e-04, train/loss: 0.4127, train/MAE: 0.4127, train/MSE: 0.5027]
2025-08-26 17:02:10,644 - easytorch-training - INFO - Start validation.
2025-08-26 17:02:14,476 - easytorch-training - INFO - Result <val>: [val/time: 3.83 (s), val/loss: 0.3646, val/MAE: 0.3646, val/MSE: 0.2778]
2025-08-26 17:02:14,522 - easytorch-training - INFO - Checkpoint checkpoints/TimesNet/ETTh2_100_336_96/3116416fa614ad8dfb008452fa0727fb/TimesNet_best_val_MAE.pt saved
2025-08-26 17:02:18,447 - easytorch-training - INFO - Result <test>: [test/time: 3.93 (s), test/loss: 0.3989, test/MAE: 0.3989, test/MSE: 0.3512]
2025-08-26 17:02:18,472 - easytorch-training - INFO - Checkpoint checkpoints/TimesNet/ETTh2_100_336_96/3116416fa614ad8dfb008452fa0727fb/TimesNet_001.pt saved
2025-08-26 17:02:18,472 - easytorch-training - INFO - The estimated training finish time is 2025-08-26 18:14:42
2025-08-26 17:02:18,472 - easytorch-training - INFO - Epoch 2 / 100
2025-08-26 17:02:43,455 - easytorch-training - INFO - Result <train>: [train/time: 24.98 (s), train/lr: 1.00e-04, train/loss: 0.3440, train/MAE: 0.3440, train/MSE: 0.3694]
2025-08-26 17:02:43,456 - easytorch-training - INFO - Start validation.
2025-08-26 17:02:47,512 - easytorch-training - INFO - Result <val>: [val/time: 4.06 (s), val/loss: 0.3592, val/MAE: 0.3592, val/MSE: 0.2683]
2025-08-26 17:02:47,545 - easytorch-training - INFO - Checkpoint checkpoints/TimesNet/ETTh2_100_336_96/3116416fa614ad8dfb008452fa0727fb/TimesNet_best_val_MAE.pt saved
2025-08-26 17:02:51,728 - easytorch-training - INFO - Result <test>: [test/time: 4.18 (s), test/loss: 0.3995, test/MAE: 0.3995, test/MSE: 0.3506]
2025-08-26 17:02:51,753 - easytorch-training - INFO - Checkpoint checkpoints/TimesNet/ETTh2_100_336_96/3116416fa614ad8dfb008452fa0727fb/TimesNet_002.pt saved
2025-08-26 17:02:51,753 - easytorch-training - INFO - The estimated training finish time is 2025-08-26 18:05:52
2025-08-26 17:02:51,753 - easytorch-training - INFO - Epoch 3 / 100
2025-08-26 17:03:18,471 - easytorch-training - INFO - Result <train>: [train/time: 26.72 (s), train/lr: 1.00e-04, train/loss: 0.3312, train/MAE: 0.3312, train/MSE: 0.3474]
2025-08-26 17:03:18,472 - easytorch-training - INFO - Start validation.
2025-08-26 17:03:22,741 - easytorch-training - INFO - Result <val>: [val/time: 4.27 (s), val/loss: 0.3602, val/MAE: 0.3602, val/MSE: 0.2723]
2025-08-26 17:03:27,250 - easytorch-training - INFO - Result <test>: [test/time: 4.51 (s), test/loss: 0.3997, test/MAE: 0.3997, test/MSE: 0.3500]
2025-08-26 17:03:27,274 - easytorch-training - INFO - Checkpoint checkpoints/TimesNet/ETTh2_100_336_96/3116416fa614ad8dfb008452fa0727fb/TimesNet_003.pt saved
2025-08-26 17:03:27,275 - easytorch-training - INFO - The estimated training finish time is 2025-08-26 18:04:10
2025-08-26 17:03:27,275 - easytorch-training - INFO - Epoch 4 / 100
2025-08-26 17:03:54,999 - easytorch-training - INFO - Result <train>: [train/time: 27.72 (s), train/lr: 1.00e-04, train/loss: 0.3205, train/MAE: 0.3205, train/MSE: 0.3286]
2025-08-26 17:03:55,000 - easytorch-training - INFO - Start validation.
2025-08-26 17:03:59,484 - easytorch-training - INFO - Result <val>: [val/time: 4.48 (s), val/loss: 0.3623, val/MAE: 0.3623, val/MSE: 0.2778]
2025-08-26 17:04:04,037 - easytorch-training - INFO - Result <test>: [test/time: 4.55 (s), test/loss: 0.3950, test/MAE: 0.3950, test/MSE: 0.3400]
2025-08-26 17:04:04,061 - easytorch-training - INFO - Checkpoint checkpoints/TimesNet/ETTh2_100_336_96/3116416fa614ad8dfb008452fa0727fb/TimesNet_004.pt saved
2025-08-26 17:04:04,061 - easytorch-training - INFO - The estimated training finish time is 2025-08-26 18:03:51
2025-08-26 17:04:04,061 - easytorch-training - INFO - Epoch 5 / 100
2025-08-26 17:04:32,281 - easytorch-training - INFO - Result <train>: [train/time: 28.22 (s), train/lr: 1.00e-04, train/loss: 0.3112, train/MAE: 0.3112, train/MSE: 0.3114]
2025-08-26 17:04:32,282 - easytorch-training - INFO - Start validation.
2025-08-26 17:04:36,870 - easytorch-training - INFO - Result <val>: [val/time: 4.59 (s), val/loss: 0.3636, val/MAE: 0.3636, val/MSE: 0.2790]
2025-08-26 17:04:41,580 - easytorch-training - INFO - Result <test>: [test/time: 4.71 (s), test/loss: 0.3937, test/MAE: 0.3937, test/MSE: 0.3396]
2025-08-26 17:04:41,604 - easytorch-training - INFO - Checkpoint checkpoints/TimesNet/ETTh2_100_336_96/3116416fa614ad8dfb008452fa0727fb/TimesNet_005.pt saved
2025-08-26 17:04:41,604 - easytorch-training - INFO - The estimated training finish time is 2025-08-26 18:03:54
2025-08-26 17:04:41,604 - easytorch-training - INFO - Epoch 6 / 100
2025-08-26 17:05:10,041 - easytorch-training - INFO - Result <train>: [train/time: 28.44 (s), train/lr: 1.00e-04, train/loss: 0.3035, train/MAE: 0.3035, train/MSE: 0.2955]
2025-08-26 17:05:10,042 - easytorch-training - INFO - Start validation.
2025-08-26 17:05:14,777 - easytorch-training - INFO - Result <val>: [val/time: 4.74 (s), val/loss: 0.3714, val/MAE: 0.3714, val/MSE: 0.2954]
2025-08-26 17:05:19,620 - easytorch-training - INFO - Result <test>: [test/time: 4.84 (s), test/loss: 0.3979, test/MAE: 0.3979, test/MSE: 0.3447]
2025-08-26 17:05:19,644 - easytorch-training - INFO - Checkpoint checkpoints/TimesNet/ETTh2_100_336_96/3116416fa614ad8dfb008452fa0727fb/TimesNet_006.pt saved
2025-08-26 17:05:19,644 - easytorch-training - INFO - The estimated training finish time is 2025-08-26 18:04:05
2025-08-26 17:05:19,644 - easytorch-training - INFO - Epoch 7 / 100
2025-08-26 17:05:45,235 - easytorch-training - INFO - Result <train>: [train/time: 25.59 (s), train/lr: 1.00e-04, train/loss: 0.2980, train/MAE: 0.2980, train/MSE: 0.2845]
2025-08-26 17:05:45,236 - easytorch-training - INFO - Start validation.
2025-08-26 17:05:49,603 - easytorch-training - INFO - Result <val>: [val/time: 4.37 (s), val/loss: 0.3742, val/MAE: 0.3742, val/MSE: 0.3033]
2025-08-26 17:05:54,059 - easytorch-training - INFO - Result <test>: [test/time: 4.45 (s), test/loss: 0.3969, test/MAE: 0.3969, test/MSE: 0.3429]
2025-08-26 17:05:54,084 - easytorch-training - INFO - Checkpoint checkpoints/TimesNet/ETTh2_100_336_96/3116416fa614ad8dfb008452fa0727fb/TimesNet_007.pt saved
2025-08-26 17:05:54,084 - easytorch-training - INFO - The estimated training finish time is 2025-08-26 18:03:21
2025-08-26 17:05:54,084 - easytorch-training - INFO - Epoch 8 / 100
2025-08-26 17:06:20,926 - easytorch-training - INFO - Result <train>: [train/time: 26.84 (s), train/lr: 1.00e-04, train/loss: 0.2920, train/MAE: 0.2920, train/MSE: 0.2735]
2025-08-26 17:06:20,927 - easytorch-training - INFO - Start validation.
2025-08-26 17:06:25,629 - easytorch-training - INFO - Result <val>: [val/time: 4.70 (s), val/loss: 0.3762, val/MAE: 0.3762, val/MSE: 0.3063]
2025-08-26 17:06:30,410 - easytorch-training - INFO - Result <test>: [test/time: 4.78 (s), test/loss: 0.3992, test/MAE: 0.3992, test/MSE: 0.3475]
2025-08-26 17:06:30,435 - easytorch-training - INFO - Checkpoint checkpoints/TimesNet/ETTh2_100_336_96/3116416fa614ad8dfb008452fa0727fb/TimesNet_008.pt saved
2025-08-26 17:06:30,435 - easytorch-training - INFO - The estimated training finish time is 2025-08-26 18:03:12
2025-08-26 17:06:30,435 - easytorch-training - INFO - Epoch 9 / 100
2025-08-26 17:07:01,454 - easytorch-training - INFO - Result <train>: [train/time: 31.02 (s), train/lr: 1.00e-04, train/loss: 0.2865, train/MAE: 0.2865, train/MSE: 0.2638]
2025-08-26 17:07:01,455 - easytorch-training - INFO - Start validation.
2025-08-26 17:07:06,295 - easytorch-training - INFO - Result <val>: [val/time: 4.84 (s), val/loss: 0.3808, val/MAE: 0.3808, val/MSE: 0.3145]
2025-08-26 17:07:11,139 - easytorch-training - INFO - Result <test>: [test/time: 4.84 (s), test/loss: 0.4009, test/MAE: 0.4009, test/MSE: 0.3510]
2025-08-26 17:07:11,163 - easytorch-training - INFO - Checkpoint checkpoints/TimesNet/ETTh2_100_336_96/3116416fa614ad8dfb008452fa0727fb/TimesNet_009.pt saved
2025-08-26 17:07:11,164 - easytorch-training - INFO - The estimated training finish time is 2025-08-26 18:03:54
2025-08-26 17:07:11,164 - easytorch-training - INFO - Epoch 10 / 100
2025-08-26 17:07:43,788 - easytorch-training - INFO - Result <train>: [train/time: 32.62 (s), train/lr: 1.00e-04, train/loss: 0.2823, train/MAE: 0.2823, train/MSE: 0.2562]
2025-08-26 17:07:43,789 - easytorch-training - INFO - Start validation.
2025-08-26 17:07:48,723 - easytorch-training - INFO - Result <val>: [val/time: 4.93 (s), val/loss: 0.3820, val/MAE: 0.3820, val/MSE: 0.3183]
2025-08-26 17:07:53,655 - easytorch-training - INFO - Result <test>: [test/time: 4.93 (s), test/loss: 0.4000, test/MAE: 0.4000, test/MSE: 0.3508]
2025-08-26 17:07:53,679 - easytorch-training - INFO - Checkpoint checkpoints/TimesNet/ETTh2_100_336_96/3116416fa614ad8dfb008452fa0727fb/TimesNet_010.pt saved
2025-08-26 17:07:53,686 - easytorch-training - INFO - The estimated training finish time is 2025-08-26 18:04:45
2025-08-26 17:07:53,686 - easytorch-training - INFO - Epoch 11 / 100
2025-08-26 17:08:26,707 - easytorch-training - INFO - Result <train>: [train/time: 33.02 (s), train/lr: 1.00e-04, train/loss: 0.2780, train/MAE: 0.2780, train/MSE: 0.2487]
2025-08-26 17:08:26,709 - easytorch-training - INFO - Start validation.
2025-08-26 17:08:31,785 - easytorch-training - INFO - Result <val>: [val/time: 5.08 (s), val/loss: 0.3831, val/MAE: 0.3831, val/MSE: 0.3196]
2025-08-26 17:08:36,885 - easytorch-training - INFO - Result <test>: [test/time: 5.10 (s), test/loss: 0.4039, test/MAE: 0.4039, test/MSE: 0.3558]
2025-08-26 17:08:36,910 - easytorch-training - INFO - Checkpoint checkpoints/TimesNet/ETTh2_100_336_96/3116416fa614ad8dfb008452fa0727fb/TimesNet_011.pt saved
2025-08-26 17:08:36,910 - easytorch-training - INFO - The estimated training finish time is 2025-08-26 18:05:33
2025-08-26 17:08:36,911 - easytorch-training - INFO - Epoch 12 / 100
2025-08-26 17:09:11,017 - easytorch-training - INFO - Result <train>: [train/time: 34.11 (s), train/lr: 1.00e-04, train/loss: 0.2728, train/MAE: 0.2728, train/MSE: 0.2404]
2025-08-26 17:09:11,019 - easytorch-training - INFO - Start validation.
2025-08-26 17:09:16,272 - easytorch-training - INFO - Result <val>: [val/time: 5.25 (s), val/loss: 0.3928, val/MAE: 0.3928, val/MSE: 0.3401]
2025-08-26 17:09:21,392 - easytorch-training - INFO - Result <test>: [test/time: 5.12 (s), test/loss: 0.4093, test/MAE: 0.4093, test/MSE: 0.3645]
2025-08-26 17:09:21,417 - easytorch-training - INFO - Checkpoint checkpoints/TimesNet/ETTh2_100_336_96/3116416fa614ad8dfb008452fa0727fb/TimesNet_012.pt saved
2025-08-26 17:09:21,417 - easytorch-training - INFO - The estimated training finish time is 2025-08-26 18:06:24
2025-08-26 17:09:21,417 - easytorch-training - INFO - Epoch 13 / 100
2025-08-26 17:09:55,761 - easytorch-training - INFO - Result <train>: [train/time: 34.34 (s), train/lr: 1.00e-04, train/loss: 0.2683, train/MAE: 0.2683, train/MSE: 0.2328]
2025-08-26 17:09:55,762 - easytorch-training - INFO - Start validation.
2025-08-26 17:10:01,296 - easytorch-training - INFO - Result <val>: [val/time: 5.53 (s), val/loss: 0.3841, val/MAE: 0.3841, val/MSE: 0.3169]
2025-08-26 17:10:06,548 - easytorch-training - INFO - Result <test>: [test/time: 5.25 (s), test/loss: 0.4101, test/MAE: 0.4101, test/MSE: 0.3652]
2025-08-26 17:10:06,572 - easytorch-training - INFO - Checkpoint checkpoints/TimesNet/ETTh2_100_336_96/3116416fa614ad8dfb008452fa0727fb/TimesNet_013.pt saved
2025-08-26 17:10:06,572 - easytorch-training - INFO - The estimated training finish time is 2025-08-26 18:07:12
2025-08-26 17:10:06,572 - easytorch-training - INFO - Epoch 14 / 100
2025-08-26 17:10:40,911 - easytorch-training - INFO - Result <train>: [train/time: 34.34 (s), train/lr: 1.00e-04, train/loss: 0.2632, train/MAE: 0.2632, train/MSE: 0.2251]
2025-08-26 17:10:40,912 - easytorch-training - INFO - Start validation.
2025-08-26 17:10:45,861 - easytorch-training - INFO - Result <val>: [val/time: 4.95 (s), val/loss: 0.3874, val/MAE: 0.3874, val/MSE: 0.3274]
2025-08-26 17:10:50,879 - easytorch-training - INFO - Result <test>: [test/time: 5.02 (s), test/loss: 0.4073, test/MAE: 0.4073, test/MSE: 0.3594]
2025-08-26 17:10:50,903 - easytorch-training - INFO - Checkpoint checkpoints/TimesNet/ETTh2_100_336_96/3116416fa614ad8dfb008452fa0727fb/TimesNet_014.pt saved
2025-08-26 17:10:50,903 - easytorch-training - INFO - The estimated training finish time is 2025-08-26 18:07:48
2025-08-26 17:10:50,903 - easytorch-training - INFO - Epoch 15 / 100
2025-08-26 17:11:20,233 - easytorch-training - INFO - Result <train>: [train/time: 29.33 (s), train/lr: 1.00e-04, train/loss: 0.2606, train/MAE: 0.2606, train/MSE: 0.2199]
2025-08-26 17:11:20,234 - easytorch-training - INFO - Start validation.
2025-08-26 17:11:25,354 - easytorch-training - INFO - Result <val>: [val/time: 5.12 (s), val/loss: 0.3880, val/MAE: 0.3880, val/MSE: 0.3232]
2025-08-26 17:11:30,511 - easytorch-training - INFO - Result <test>: [test/time: 5.16 (s), test/loss: 0.4088, test/MAE: 0.4088, test/MSE: 0.3633]
2025-08-26 17:11:30,536 - easytorch-training - INFO - Checkpoint checkpoints/TimesNet/ETTh2_100_336_96/3116416fa614ad8dfb008452fa0727fb/TimesNet_015.pt saved
2025-08-26 17:11:30,536 - easytorch-training - INFO - The estimated training finish time is 2025-08-26 18:07:47
2025-08-26 17:11:30,536 - easytorch-training - INFO - Epoch 16 / 100
2025-08-26 17:12:02,923 - easytorch-training - INFO - Result <train>: [train/time: 32.39 (s), train/lr: 1.00e-04, train/loss: 0.2547, train/MAE: 0.2547, train/MSE: 0.2121]
2025-08-26 17:12:02,924 - easytorch-training - INFO - Start validation.
2025-08-26 17:12:08,331 - easytorch-training - INFO - Result <val>: [val/time: 5.41 (s), val/loss: 0.3946, val/MAE: 0.3946, val/MSE: 0.3395]
2025-08-26 17:12:13,530 - easytorch-training - INFO - Result <test>: [test/time: 5.20 (s), test/loss: 0.4153, test/MAE: 0.4153, test/MSE: 0.3768]
2025-08-26 17:12:13,554 - easytorch-training - INFO - Checkpoint checkpoints/TimesNet/ETTh2_100_336_96/3116416fa614ad8dfb008452fa0727fb/TimesNet_016.pt saved
2025-08-26 17:12:13,555 - easytorch-training - INFO - The estimated training finish time is 2025-08-26 18:08:08
2025-08-26 17:12:13,555 - easytorch-training - INFO - Epoch 17 / 100
2025-08-26 17:12:46,758 - easytorch-training - INFO - Result <train>: [train/time: 33.20 (s), train/lr: 1.00e-04, train/loss: 0.2501, train/MAE: 0.2501, train/MSE: 0.2047]
2025-08-26 17:12:46,759 - easytorch-training - INFO - Start validation.
2025-08-26 17:12:52,311 - easytorch-training - INFO - Result <val>: [val/time: 5.55 (s), val/loss: 0.3975, val/MAE: 0.3975, val/MSE: 0.3447]
2025-08-26 17:12:57,511 - easytorch-training - INFO - Result <test>: [test/time: 5.20 (s), test/loss: 0.4164, test/MAE: 0.4164, test/MSE: 0.3784]
2025-08-26 17:12:57,535 - easytorch-training - INFO - Checkpoint checkpoints/TimesNet/ETTh2_100_336_96/3116416fa614ad8dfb008452fa0727fb/TimesNet_017.pt saved
2025-08-26 17:12:57,536 - easytorch-training - INFO - The estimated training finish time is 2025-08-26 18:08:31
2025-08-26 17:12:57,536 - easytorch-training - INFO - Epoch 18 / 100
2025-08-26 17:13:31,719 - easytorch-training - INFO - Result <train>: [train/time: 34.18 (s), train/lr: 1.00e-04, train/loss: 0.2465, train/MAE: 0.2465, train/MSE: 0.1991]
2025-08-26 17:13:31,720 - easytorch-training - INFO - Start validation.
2025-08-26 17:13:37,385 - easytorch-training - INFO - Result <val>: [val/time: 5.66 (s), val/loss: 0.3943, val/MAE: 0.3943, val/MSE: 0.3358]
2025-08-26 17:13:42,664 - easytorch-training - INFO - Result <test>: [test/time: 5.28 (s), test/loss: 0.4184, test/MAE: 0.4184, test/MSE: 0.3821]
2025-08-26 17:13:42,689 - easytorch-training - INFO - Checkpoint checkpoints/TimesNet/ETTh2_100_336_96/3116416fa614ad8dfb008452fa0727fb/TimesNet_018.pt saved
2025-08-26 17:13:42,689 - easytorch-training - INFO - The estimated training finish time is 2025-08-26 18:08:59
2025-08-26 17:13:42,689 - easytorch-training - INFO - Epoch 19 / 100
2025-08-26 17:14:17,071 - easytorch-training - INFO - Result <train>: [train/time: 34.38 (s), train/lr: 1.00e-04, train/loss: 0.2431, train/MAE: 0.2431, train/MSE: 0.1937]
2025-08-26 17:14:17,072 - easytorch-training - INFO - Start validation.
2025-08-26 17:14:22,721 - easytorch-training - INFO - Result <val>: [val/time: 5.65 (s), val/loss: 0.3996, val/MAE: 0.3996, val/MSE: 0.3451]
2025-08-26 17:14:28,040 - easytorch-training - INFO - Result <test>: [test/time: 5.32 (s), test/loss: 0.4154, test/MAE: 0.4154, test/MSE: 0.3771]
2025-08-26 17:14:28,064 - easytorch-training - INFO - Checkpoint checkpoints/TimesNet/ETTh2_100_336_96/3116416fa614ad8dfb008452fa0727fb/TimesNet_019.pt saved
2025-08-26 17:14:28,064 - easytorch-training - INFO - The estimated training finish time is 2025-08-26 18:09:25
2025-08-26 17:14:28,064 - easytorch-training - INFO - Epoch 20 / 100
2025-08-26 17:15:02,813 - easytorch-training - INFO - Result <train>: [train/time: 34.75 (s), train/lr: 1.00e-04, train/loss: 0.2383, train/MAE: 0.2383, train/MSE: 0.1872]
2025-08-26 17:15:02,814 - easytorch-training - INFO - Start validation.
2025-08-26 17:15:08,477 - easytorch-training - INFO - Result <val>: [val/time: 5.66 (s), val/loss: 0.4047, val/MAE: 0.4047, val/MSE: 0.3585]
2025-08-26 17:15:13,824 - easytorch-training - INFO - Result <test>: [test/time: 5.35 (s), test/loss: 0.4235, test/MAE: 0.4235, test/MSE: 0.3903]
2025-08-26 17:15:13,849 - easytorch-training - INFO - Checkpoint checkpoints/TimesNet/ETTh2_100_336_96/3116416fa614ad8dfb008452fa0727fb/TimesNet_020.pt saved
2025-08-26 17:15:13,857 - easytorch-training - INFO - The estimated training finish time is 2025-08-26 18:09:50
2025-08-26 17:15:13,857 - easytorch-training - INFO - Epoch 21 / 100
2025-08-26 17:15:48,590 - easytorch-training - INFO - Result <train>: [train/time: 34.73 (s), train/lr: 1.00e-04, train/loss: 0.2353, train/MAE: 0.2353, train/MSE: 0.1823]
2025-08-26 17:15:48,590 - easytorch-training - INFO - Start validation.
2025-08-26 17:15:54,295 - easytorch-training - INFO - Result <val>: [val/time: 5.70 (s), val/loss: 0.4061, val/MAE: 0.4061, val/MSE: 0.3578]
2025-08-26 17:15:59,678 - easytorch-training - INFO - Result <test>: [test/time: 5.38 (s), test/loss: 0.4240, test/MAE: 0.4240, test/MSE: 0.3931]
2025-08-26 17:15:59,703 - easytorch-training - INFO - Checkpoint checkpoints/TimesNet/ETTh2_100_336_96/3116416fa614ad8dfb008452fa0727fb/TimesNet_021.pt saved
2025-08-26 17:15:59,703 - easytorch-training - INFO - The estimated training finish time is 2025-08-26 18:10:14
2025-08-26 17:15:59,703 - easytorch-training - INFO - Epoch 22 / 100
2025-08-26 17:16:34,828 - easytorch-training - INFO - Result <train>: [train/time: 35.12 (s), train/lr: 1.00e-04, train/loss: 0.2316, train/MAE: 0.2316, train/MSE: 0.1770]
2025-08-26 17:16:34,830 - easytorch-training - INFO - Start validation.
2025-08-26 17:16:40,552 - easytorch-training - INFO - Result <val>: [val/time: 5.72 (s), val/loss: 0.4036, val/MAE: 0.4036, val/MSE: 0.3503]
2025-08-26 17:16:46,039 - easytorch-training - INFO - Result <test>: [test/time: 5.49 (s), test/loss: 0.4283, test/MAE: 0.4283, test/MSE: 0.3986]
2025-08-26 17:16:46,064 - easytorch-training - INFO - Checkpoint checkpoints/TimesNet/ETTh2_100_336_96/3116416fa614ad8dfb008452fa0727fb/TimesNet_022.pt saved
2025-08-26 17:16:46,064 - easytorch-training - INFO - The estimated training finish time is 2025-08-26 18:10:37
2025-08-26 17:16:46,064 - easytorch-training - INFO - Epoch 23 / 100
2025-08-26 17:17:20,815 - easytorch-training - INFO - Result <train>: [train/time: 34.75 (s), train/lr: 1.00e-04, train/loss: 0.2287, train/MAE: 0.2287, train/MSE: 0.1725]
2025-08-26 17:17:20,816 - easytorch-training - INFO - Start validation.
2025-08-26 17:17:26,490 - easytorch-training - INFO - Result <val>: [val/time: 5.67 (s), val/loss: 0.4059, val/MAE: 0.4059, val/MSE: 0.3563]
2025-08-26 17:17:32,032 - easytorch-training - INFO - Result <test>: [test/time: 5.54 (s), test/loss: 0.4292, test/MAE: 0.4292, test/MSE: 0.4009]
2025-08-26 17:17:32,057 - easytorch-training - INFO - Checkpoint checkpoints/TimesNet/ETTh2_100_336_96/3116416fa614ad8dfb008452fa0727fb/TimesNet_023.pt saved
2025-08-26 17:17:32,057 - easytorch-training - INFO - The estimated training finish time is 2025-08-26 18:10:57
2025-08-26 17:17:32,057 - easytorch-training - INFO - Epoch 24 / 100
2025-08-26 17:18:07,046 - easytorch-training - INFO - Result <train>: [train/time: 34.99 (s), train/lr: 1.00e-04, train/loss: 0.2253, train/MAE: 0.2253, train/MSE: 0.1676]
2025-08-26 17:18:07,047 - easytorch-training - INFO - Start validation.
2025-08-26 17:18:12,766 - easytorch-training - INFO - Result <val>: [val/time: 5.72 (s), val/loss: 0.4099, val/MAE: 0.4099, val/MSE: 0.3645]
2025-08-26 17:18:18,344 - easytorch-training - INFO - Result <test>: [test/time: 5.58 (s), test/loss: 0.4372, test/MAE: 0.4372, test/MSE: 0.4159]
2025-08-26 17:18:18,369 - easytorch-training - INFO - Checkpoint checkpoints/TimesNet/ETTh2_100_336_96/3116416fa614ad8dfb008452fa0727fb/TimesNet_024.pt saved
2025-08-26 17:18:18,369 - easytorch-training - INFO - The estimated training finish time is 2025-08-26 18:11:16
2025-08-26 17:18:18,369 - easytorch-training - INFO - Epoch 25 / 100
2025-08-26 17:18:54,092 - easytorch-training - INFO - Result <train>: [train/time: 35.72 (s), train/lr: 1.00e-04, train/loss: 0.2214, train/MAE: 0.2214, train/MSE: 0.1626]
2025-08-26 17:18:54,093 - easytorch-training - INFO - Start validation.
2025-08-26 17:18:59,855 - easytorch-training - INFO - Result <val>: [val/time: 5.76 (s), val/loss: 0.4115, val/MAE: 0.4115, val/MSE: 0.3670]
2025-08-26 17:19:05,501 - easytorch-training - INFO - Result <test>: [test/time: 5.64 (s), test/loss: 0.4378, test/MAE: 0.4378, test/MSE: 0.4173]
2025-08-26 17:19:05,525 - easytorch-training - INFO - Checkpoint checkpoints/TimesNet/ETTh2_100_336_96/3116416fa614ad8dfb008452fa0727fb/TimesNet_025.pt saved
2025-08-26 17:19:05,526 - easytorch-training - INFO - The estimated training finish time is 2025-08-26 18:11:38
2025-08-26 17:19:05,526 - easytorch-training - INFO - Epoch 26 / 100
2025-08-26 17:19:41,281 - easytorch-training - INFO - Result <train>: [train/time: 35.76 (s), train/lr: 5.00e-05, train/loss: 0.2175, train/MAE: 0.2175, train/MSE: 0.1580]
2025-08-26 17:19:41,282 - easytorch-training - INFO - Start validation.
2025-08-26 17:19:47,019 - easytorch-training - INFO - Result <val>: [val/time: 5.74 (s), val/loss: 0.4128, val/MAE: 0.4128, val/MSE: 0.3694]
2025-08-26 17:19:52,652 - easytorch-training - INFO - Result <test>: [test/time: 5.63 (s), test/loss: 0.4373, test/MAE: 0.4373, test/MSE: 0.4164]
2025-08-26 17:19:52,677 - easytorch-training - INFO - Checkpoint checkpoints/TimesNet/ETTh2_100_336_96/3116416fa614ad8dfb008452fa0727fb/TimesNet_026.pt saved
2025-08-26 17:19:52,677 - easytorch-training - INFO - The estimated training finish time is 2025-08-26 18:11:57
2025-08-26 17:19:52,677 - easytorch-training - INFO - Epoch 27 / 100
2025-08-26 17:20:28,444 - easytorch-training - INFO - Result <train>: [train/time: 35.77 (s), train/lr: 5.00e-05, train/loss: 0.2160, train/MAE: 0.2160, train/MSE: 0.1559]
2025-08-26 17:20:28,446 - easytorch-training - INFO - Start validation.
2025-08-26 17:20:34,156 - easytorch-training - INFO - Result <val>: [val/time: 5.71 (s), val/loss: 0.4153, val/MAE: 0.4153, val/MSE: 0.3766]
2025-08-26 17:20:39,768 - easytorch-training - INFO - Result <test>: [test/time: 5.61 (s), test/loss: 0.4390, test/MAE: 0.4390, test/MSE: 0.4200]
2025-08-26 17:20:39,793 - easytorch-training - INFO - Checkpoint checkpoints/TimesNet/ETTh2_100_336_96/3116416fa614ad8dfb008452fa0727fb/TimesNet_027.pt saved
2025-08-26 17:20:39,793 - easytorch-training - INFO - The estimated training finish time is 2025-08-26 18:12:16
2025-08-26 17:20:39,793 - easytorch-training - INFO - Epoch 28 / 100
2025-08-26 17:21:15,440 - easytorch-training - INFO - Result <train>: [train/time: 35.65 (s), train/lr: 5.00e-05, train/loss: 0.2141, train/MAE: 0.2141, train/MSE: 0.1535]
2025-08-26 17:21:15,442 - easytorch-training - INFO - Start validation.
2025-08-26 17:21:21,189 - easytorch-training - INFO - Result <val>: [val/time: 5.75 (s), val/loss: 0.4168, val/MAE: 0.4168, val/MSE: 0.3778]
2025-08-26 17:21:26,785 - easytorch-training - INFO - Result <test>: [test/time: 5.60 (s), test/loss: 0.4426, test/MAE: 0.4426, test/MSE: 0.4264]
2025-08-26 17:21:26,810 - easytorch-training - INFO - Checkpoint checkpoints/TimesNet/ETTh2_100_336_96/3116416fa614ad8dfb008452fa0727fb/TimesNet_028.pt saved
2025-08-26 17:21:26,810 - easytorch-training - INFO - The estimated training finish time is 2025-08-26 18:12:32
2025-08-26 17:21:26,810 - easytorch-training - INFO - Epoch 29 / 100
2025-08-26 17:22:02,898 - easytorch-training - INFO - Result <train>: [train/time: 36.09 (s), train/lr: 5.00e-05, train/loss: 0.2125, train/MAE: 0.2125, train/MSE: 0.1515]
2025-08-26 17:22:02,900 - easytorch-training - INFO - Start validation.
2025-08-26 17:22:08,646 - easytorch-training - INFO - Result <val>: [val/time: 5.75 (s), val/loss: 0.4184, val/MAE: 0.4184, val/MSE: 0.3820]
2025-08-26 17:22:14,268 - easytorch-training - INFO - Result <test>: [test/time: 5.62 (s), test/loss: 0.4407, test/MAE: 0.4407, test/MSE: 0.4224]
2025-08-26 17:22:14,293 - easytorch-training - INFO - Checkpoint checkpoints/TimesNet/ETTh2_100_336_96/3116416fa614ad8dfb008452fa0727fb/TimesNet_029.pt saved
2025-08-26 17:22:14,294 - easytorch-training - INFO - The estimated training finish time is 2025-08-26 18:12:49
2025-08-26 17:22:14,294 - easytorch-training - INFO - Epoch 30 / 100
2025-08-26 17:22:50,276 - easytorch-training - INFO - Result <train>: [train/time: 35.98 (s), train/lr: 5.00e-05, train/loss: 0.2110, train/MAE: 0.2110, train/MSE: 0.1494]
2025-08-26 17:22:50,277 - easytorch-training - INFO - Start validation.
2025-08-26 17:22:56,026 - easytorch-training - INFO - Result <val>: [val/time: 5.75 (s), val/loss: 0.4179, val/MAE: 0.4179, val/MSE: 0.3782]
2025-08-26 17:23:01,659 - easytorch-training - INFO - Result <test>: [test/time: 5.63 (s), test/loss: 0.4417, test/MAE: 0.4417, test/MSE: 0.4227]
2025-08-26 17:23:01,684 - easytorch-training - INFO - Checkpoint checkpoints/TimesNet/ETTh2_100_336_96/3116416fa614ad8dfb008452fa0727fb/TimesNet_030.pt saved
2025-08-26 17:23:01,692 - easytorch-training - INFO - The estimated training finish time is 2025-08-26 18:13:04
2025-08-26 17:23:01,692 - easytorch-training - INFO - Epoch 31 / 100
2025-08-26 17:23:37,852 - easytorch-training - INFO - Result <train>: [train/time: 36.16 (s), train/lr: 5.00e-05, train/loss: 0.2095, train/MAE: 0.2095, train/MSE: 0.1475]
2025-08-26 17:23:37,853 - easytorch-training - INFO - Start validation.
2025-08-26 17:23:43,620 - easytorch-training - INFO - Result <val>: [val/time: 5.77 (s), val/loss: 0.4194, val/MAE: 0.4194, val/MSE: 0.3824]
2025-08-26 17:23:49,230 - easytorch-training - INFO - Result <test>: [test/time: 5.61 (s), test/loss: 0.4456, test/MAE: 0.4456, test/MSE: 0.4311]
2025-08-26 17:23:49,254 - easytorch-training - INFO - Checkpoint checkpoints/TimesNet/ETTh2_100_336_96/3116416fa614ad8dfb008452fa0727fb/TimesNet_031.pt saved
2025-08-26 17:23:49,254 - easytorch-training - INFO - The estimated training finish time is 2025-08-26 18:13:19
2025-08-26 17:23:49,254 - easytorch-training - INFO - Epoch 32 / 100
2025-08-26 17:24:25,343 - easytorch-training - INFO - Result <train>: [train/time: 36.09 (s), train/lr: 5.00e-05, train/loss: 0.2079, train/MAE: 0.2079, train/MSE: 0.1455]
2025-08-26 17:24:25,344 - easytorch-training - INFO - Start validation.
2025-08-26 17:24:31,115 - easytorch-training - INFO - Result <val>: [val/time: 5.77 (s), val/loss: 0.4200, val/MAE: 0.4200, val/MSE: 0.3837]
2025-08-26 17:24:36,747 - easytorch-training - INFO - Result <test>: [test/time: 5.63 (s), test/loss: 0.4408, test/MAE: 0.4408, test/MSE: 0.4225]
2025-08-26 17:24:36,772 - easytorch-training - INFO - Checkpoint checkpoints/TimesNet/ETTh2_100_336_96/3116416fa614ad8dfb008452fa0727fb/TimesNet_032.pt saved
2025-08-26 17:24:36,772 - easytorch-training - INFO - The estimated training finish time is 2025-08-26 18:13:33
2025-08-26 17:24:36,772 - easytorch-training - INFO - Epoch 33 / 100
2025-08-26 17:25:13,037 - easytorch-training - INFO - Result <train>: [train/time: 36.27 (s), train/lr: 5.00e-05, train/loss: 0.2066, train/MAE: 0.2066, train/MSE: 0.1439]
2025-08-26 17:25:13,039 - easytorch-training - INFO - Start validation.
2025-08-26 17:25:18,719 - easytorch-training - INFO - Result <val>: [val/time: 5.68 (s), val/loss: 0.4192, val/MAE: 0.4192, val/MSE: 0.3798]
2025-08-26 17:25:24,242 - easytorch-training - INFO - Result <test>: [test/time: 5.52 (s), test/loss: 0.4342, test/MAE: 0.4342, test/MSE: 0.4079]
2025-08-26 17:25:24,267 - easytorch-training - INFO - Checkpoint checkpoints/TimesNet/ETTh2_100_336_96/3116416fa614ad8dfb008452fa0727fb/TimesNet_033.pt saved
2025-08-26 17:25:24,268 - easytorch-training - INFO - The estimated training finish time is 2025-08-26 18:13:46
2025-08-26 17:25:24,268 - easytorch-training - INFO - Epoch 34 / 100
2025-08-26 17:26:00,383 - easytorch-training - INFO - Result <train>: [train/time: 36.11 (s), train/lr: 5.00e-05, train/loss: 0.2053, train/MAE: 0.2053, train/MSE: 0.1423]
2025-08-26 17:26:00,384 - easytorch-training - INFO - Start validation.
2025-08-26 17:26:06,133 - easytorch-training - INFO - Result <val>: [val/time: 5.75 (s), val/loss: 0.4226, val/MAE: 0.4226, val/MSE: 0.3869]
2025-08-26 17:26:11,747 - easytorch-training - INFO - Result <test>: [test/time: 5.61 (s), test/loss: 0.4438, test/MAE: 0.4438, test/MSE: 0.4288]
2025-08-26 17:26:11,772 - easytorch-training - INFO - Checkpoint checkpoints/TimesNet/ETTh2_100_336_96/3116416fa614ad8dfb008452fa0727fb/TimesNet_034.pt saved
2025-08-26 17:26:11,772 - easytorch-training - INFO - The estimated training finish time is 2025-08-26 18:13:59
2025-08-26 17:26:11,772 - easytorch-training - INFO - Epoch 35 / 100
2025-08-26 17:26:48,049 - easytorch-training - INFO - Result <train>: [train/time: 36.28 (s), train/lr: 5.00e-05, train/loss: 0.2038, train/MAE: 0.2038, train/MSE: 0.1404]
2025-08-26 17:26:48,051 - easytorch-training - INFO - Start validation.
2025-08-26 17:26:53,823 - easytorch-training - INFO - Result <val>: [val/time: 5.77 (s), val/loss: 0.4213, val/MAE: 0.4213, val/MSE: 0.3853]
2025-08-26 17:26:59,436 - easytorch-training - INFO - Result <test>: [test/time: 5.61 (s), test/loss: 0.4446, test/MAE: 0.4446, test/MSE: 0.4310]
2025-08-26 17:26:59,461 - easytorch-training - INFO - Checkpoint checkpoints/TimesNet/ETTh2_100_336_96/3116416fa614ad8dfb008452fa0727fb/TimesNet_035.pt saved
2025-08-26 17:26:59,461 - easytorch-training - INFO - The estimated training finish time is 2025-08-26 18:14:11
2025-08-26 17:26:59,461 - easytorch-training - INFO - Epoch 36 / 100
2025-08-26 17:27:36,452 - easytorch-training - INFO - Result <train>: [train/time: 36.99 (s), train/lr: 5.00e-05, train/loss: 0.2024, train/MAE: 0.2024, train/MSE: 0.1386]
2025-08-26 17:27:36,454 - easytorch-training - INFO - Start validation.
2025-08-26 17:27:42,229 - easytorch-training - INFO - Result <val>: [val/time: 5.78 (s), val/loss: 0.4249, val/MAE: 0.4249, val/MSE: 0.3914]
2025-08-26 17:27:47,879 - easytorch-training - INFO - Result <test>: [test/time: 5.65 (s), test/loss: 0.4446, test/MAE: 0.4446, test/MSE: 0.4299]
2025-08-26 17:27:47,904 - easytorch-training - INFO - Checkpoint checkpoints/TimesNet/ETTh2_100_336_96/3116416fa614ad8dfb008452fa0727fb/TimesNet_036.pt saved
2025-08-26 17:27:47,904 - easytorch-training - INFO - The estimated training finish time is 2025-08-26 18:14:24
2025-08-26 17:27:47,904 - easytorch-training - INFO - Epoch 37 / 100
2025-08-26 17:28:24,689 - easytorch-training - INFO - Result <train>: [train/time: 36.79 (s), train/lr: 5.00e-05, train/loss: 0.2009, train/MAE: 0.2009, train/MSE: 0.1369]
2025-08-26 17:28:24,691 - easytorch-training - INFO - Start validation.
2025-08-26 17:28:30,468 - easytorch-training - INFO - Result <val>: [val/time: 5.78 (s), val/loss: 0.4260, val/MAE: 0.4260, val/MSE: 0.3935]
2025-08-26 17:28:36,103 - easytorch-training - INFO - Result <test>: [test/time: 5.63 (s), test/loss: 0.4426, test/MAE: 0.4426, test/MSE: 0.4264]
2025-08-26 17:28:36,128 - easytorch-training - INFO - Checkpoint checkpoints/TimesNet/ETTh2_100_336_96/3116416fa614ad8dfb008452fa0727fb/TimesNet_037.pt saved
2025-08-26 17:28:36,128 - easytorch-training - INFO - The estimated training finish time is 2025-08-26 18:14:37
2025-08-26 17:28:36,128 - easytorch-training - INFO - Epoch 38 / 100
2025-08-26 17:29:13,032 - easytorch-training - INFO - Result <train>: [train/time: 36.90 (s), train/lr: 5.00e-05, train/loss: 0.1996, train/MAE: 0.1996, train/MSE: 0.1354]
2025-08-26 17:29:13,033 - easytorch-training - INFO - Start validation.
2025-08-26 17:29:18,875 - easytorch-training - INFO - Result <val>: [val/time: 5.84 (s), val/loss: 0.4289, val/MAE: 0.4289, val/MSE: 0.3986]
2025-08-26 17:29:24,536 - easytorch-training - INFO - Result <test>: [test/time: 5.66 (s), test/loss: 0.4464, test/MAE: 0.4464, test/MSE: 0.4350]
2025-08-26 17:29:24,560 - easytorch-training - INFO - Checkpoint checkpoints/TimesNet/ETTh2_100_336_96/3116416fa614ad8dfb008452fa0727fb/TimesNet_038.pt saved
2025-08-26 17:29:24,560 - easytorch-training - INFO - The estimated training finish time is 2025-08-26 18:14:49
2025-08-26 17:29:24,560 - easytorch-training - INFO - Epoch 39 / 100
2025-08-26 17:30:01,812 - easytorch-training - INFO - Result <train>: [train/time: 37.25 (s), train/lr: 5.00e-05, train/loss: 0.1986, train/MAE: 0.1986, train/MSE: 0.1340]
2025-08-26 17:30:01,813 - easytorch-training - INFO - Start validation.
2025-08-26 17:30:07,637 - easytorch-training - INFO - Result <val>: [val/time: 5.82 (s), val/loss: 0.4267, val/MAE: 0.4267, val/MSE: 0.3939]
2025-08-26 17:30:13,284 - easytorch-training - INFO - Result <test>: [test/time: 5.65 (s), test/loss: 0.4431, test/MAE: 0.4431, test/MSE: 0.4282]
2025-08-26 17:30:13,308 - easytorch-training - INFO - Checkpoint checkpoints/TimesNet/ETTh2_100_336_96/3116416fa614ad8dfb008452fa0727fb/TimesNet_039.pt saved
2025-08-26 17:30:13,309 - easytorch-training - INFO - The estimated training finish time is 2025-08-26 18:15:01
2025-08-26 17:30:13,309 - easytorch-training - INFO - Epoch 40 / 100
2025-08-26 17:30:50,904 - easytorch-training - INFO - Result <train>: [train/time: 37.59 (s), train/lr: 5.00e-05, train/loss: 0.1976, train/MAE: 0.1976, train/MSE: 0.1328]
2025-08-26 17:30:50,905 - easytorch-training - INFO - Start validation.
2025-08-26 17:30:56,729 - easytorch-training - INFO - Result <val>: [val/time: 5.82 (s), val/loss: 0.4290, val/MAE: 0.4290, val/MSE: 0.3980]
2025-08-26 17:31:02,367 - easytorch-training - INFO - Result <test>: [test/time: 5.64 (s), test/loss: 0.4441, test/MAE: 0.4441, test/MSE: 0.4301]
2025-08-26 17:31:02,392 - easytorch-training - INFO - Checkpoint checkpoints/TimesNet/ETTh2_100_336_96/3116416fa614ad8dfb008452fa0727fb/TimesNet_040.pt saved
2025-08-26 17:31:02,400 - easytorch-training - INFO - The estimated training finish time is 2025-08-26 18:15:14
2025-08-26 17:31:02,400 - easytorch-training - INFO - Epoch 41 / 100
2025-08-26 17:31:39,033 - easytorch-training - INFO - Result <train>: [train/time: 36.63 (s), train/lr: 5.00e-05, train/loss: 0.1965, train/MAE: 0.1965, train/MSE: 0.1315]
2025-08-26 17:31:39,035 - easytorch-training - INFO - Start validation.
2025-08-26 17:31:44,857 - easytorch-training - INFO - Result <val>: [val/time: 5.82 (s), val/loss: 0.4295, val/MAE: 0.4295, val/MSE: 0.3989]
2025-08-26 17:31:50,517 - easytorch-training - INFO - Result <test>: [test/time: 5.66 (s), test/loss: 0.4445, test/MAE: 0.4445, test/MSE: 0.4317]
2025-08-26 17:31:50,541 - easytorch-training - INFO - Checkpoint checkpoints/TimesNet/ETTh2_100_336_96/3116416fa614ad8dfb008452fa0727fb/TimesNet_041.pt saved
2025-08-26 17:31:50,541 - easytorch-training - INFO - The estimated training finish time is 2025-08-26 18:15:23
2025-08-26 17:31:50,541 - easytorch-training - INFO - Epoch 42 / 100
2025-08-26 17:32:27,962 - easytorch-training - INFO - Result <train>: [train/time: 37.42 (s), train/lr: 5.00e-05, train/loss: 0.1953, train/MAE: 0.1953, train/MSE: 0.1300]
2025-08-26 17:32:27,963 - easytorch-training - INFO - Start validation.
2025-08-26 17:32:33,742 - easytorch-training - INFO - Result <val>: [val/time: 5.78 (s), val/loss: 0.4297, val/MAE: 0.4297, val/MSE: 0.4000]
2025-08-26 17:32:39,397 - easytorch-training - INFO - Result <test>: [test/time: 5.65 (s), test/loss: 0.4469, test/MAE: 0.4469, test/MSE: 0.4368]
2025-08-26 17:32:39,422 - easytorch-training - INFO - Checkpoint checkpoints/TimesNet/ETTh2_100_336_96/3116416fa614ad8dfb008452fa0727fb/TimesNet_042.pt saved
2025-08-26 17:32:39,422 - easytorch-training - INFO - The estimated training finish time is 2025-08-26 18:15:34
2025-08-26 17:32:39,422 - easytorch-training - INFO - Epoch 43 / 100
2025-08-26 17:33:15,997 - easytorch-training - INFO - Result <train>: [train/time: 36.58 (s), train/lr: 5.00e-05, train/loss: 0.1941, train/MAE: 0.1941, train/MSE: 0.1289]
2025-08-26 17:33:15,998 - easytorch-training - INFO - Start validation.
2025-08-26 17:33:21,692 - easytorch-training - INFO - Result <val>: [val/time: 5.69 (s), val/loss: 0.4284, val/MAE: 0.4284, val/MSE: 0.3970]
2025-08-26 17:33:27,328 - easytorch-training - INFO - Result <test>: [test/time: 5.63 (s), test/loss: 0.4451, test/MAE: 0.4451, test/MSE: 0.4323]
2025-08-26 17:33:27,352 - easytorch-training - INFO - Checkpoint checkpoints/TimesNet/ETTh2_100_336_96/3116416fa614ad8dfb008452fa0727fb/TimesNet_043.pt saved
2025-08-26 17:33:27,352 - easytorch-training - INFO - The estimated training finish time is 2025-08-26 18:15:42
2025-08-26 17:33:27,353 - easytorch-training - INFO - Epoch 44 / 100
2025-08-26 17:34:04,513 - easytorch-training - INFO - Result <train>: [train/time: 37.16 (s), train/lr: 5.00e-05, train/loss: 0.1932, train/MAE: 0.1932, train/MSE: 0.1277]
2025-08-26 17:34:04,514 - easytorch-training - INFO - Start validation.
2025-08-26 17:34:10,260 - easytorch-training - INFO - Result <val>: [val/time: 5.75 (s), val/loss: 0.4281, val/MAE: 0.4281, val/MSE: 0.3962]
2025-08-26 17:34:15,920 - easytorch-training - INFO - Result <test>: [test/time: 5.66 (s), test/loss: 0.4451, test/MAE: 0.4451, test/MSE: 0.4333]
2025-08-26 17:34:15,944 - easytorch-training - INFO - Checkpoint checkpoints/TimesNet/ETTh2_100_336_96/3116416fa614ad8dfb008452fa0727fb/TimesNet_044.pt saved
2025-08-26 17:34:15,945 - easytorch-training - INFO - The estimated training finish time is 2025-08-26 18:15:52
2025-08-26 17:34:15,945 - easytorch-training - INFO - Epoch 45 / 100
2025-08-26 17:34:53,724 - easytorch-training - INFO - Result <train>: [train/time: 37.78 (s), train/lr: 5.00e-05, train/loss: 0.1922, train/MAE: 0.1922, train/MSE: 0.1266]
2025-08-26 17:34:53,726 - easytorch-training - INFO - Start validation.
2025-08-26 17:34:59,464 - easytorch-training - INFO - Result <val>: [val/time: 5.74 (s), val/loss: 0.4291, val/MAE: 0.4291, val/MSE: 0.3991]
2025-08-26 17:35:05,128 - easytorch-training - INFO - Result <test>: [test/time: 5.66 (s), test/loss: 0.4447, test/MAE: 0.4447, test/MSE: 0.4320]
2025-08-26 17:35:05,153 - easytorch-training - INFO - Checkpoint checkpoints/TimesNet/ETTh2_100_336_96/3116416fa614ad8dfb008452fa0727fb/TimesNet_045.pt saved
2025-08-26 17:35:05,153 - easytorch-training - INFO - The estimated training finish time is 2025-08-26 18:16:02
2025-08-26 17:35:05,153 - easytorch-training - INFO - Epoch 46 / 100
2025-08-26 17:35:42,953 - easytorch-training - INFO - Result <train>: [train/time: 37.80 (s), train/lr: 5.00e-05, train/loss: 0.1913, train/MAE: 0.1913, train/MSE: 0.1256]
2025-08-26 17:35:42,954 - easytorch-training - INFO - Start validation.
2025-08-26 17:35:48,699 - easytorch-training - INFO - Result <val>: [val/time: 5.74 (s), val/loss: 0.4329, val/MAE: 0.4329, val/MSE: 0.4054]
2025-08-26 17:35:54,336 - easytorch-training - INFO - Result <test>: [test/time: 5.64 (s), test/loss: 0.4504, test/MAE: 0.4504, test/MSE: 0.4424]
2025-08-26 17:35:54,361 - easytorch-training - INFO - Checkpoint checkpoints/TimesNet/ETTh2_100_336_96/3116416fa614ad8dfb008452fa0727fb/TimesNet_046.pt saved
2025-08-26 17:35:54,361 - easytorch-training - INFO - The estimated training finish time is 2025-08-26 18:16:12
2025-08-26 17:35:54,361 - easytorch-training - INFO - Epoch 47 / 100
2025-08-26 17:36:32,044 - easytorch-training - INFO - Result <train>: [train/time: 37.68 (s), train/lr: 5.00e-05, train/loss: 0.1903, train/MAE: 0.1903, train/MSE: 0.1244]
2025-08-26 17:36:32,045 - easytorch-training - INFO - Start validation.
2025-08-26 17:36:37,765 - easytorch-training - INFO - Result <val>: [val/time: 5.72 (s), val/loss: 0.4326, val/MAE: 0.4326, val/MSE: 0.4050]
2025-08-26 17:36:43,441 - easytorch-training - INFO - Result <test>: [test/time: 5.67 (s), test/loss: 0.4491, test/MAE: 0.4491, test/MSE: 0.4397]
2025-08-26 17:36:43,466 - easytorch-training - INFO - Checkpoint checkpoints/TimesNet/ETTh2_100_336_96/3116416fa614ad8dfb008452fa0727fb/TimesNet_047.pt saved
2025-08-26 17:36:43,466 - easytorch-training - INFO - The estimated training finish time is 2025-08-26 18:16:21
2025-08-26 17:36:43,466 - easytorch-training - INFO - Epoch 48 / 100
2025-08-26 17:37:20,923 - easytorch-training - INFO - Result <train>: [train/time: 37.46 (s), train/lr: 5.00e-05, train/loss: 0.1892, train/MAE: 0.1892, train/MSE: 0.1233]
2025-08-26 17:37:20,924 - easytorch-training - INFO - Start validation.
2025-08-26 17:37:26,662 - easytorch-training - INFO - Result <val>: [val/time: 5.74 (s), val/loss: 0.4336, val/MAE: 0.4336, val/MSE: 0.4078]
2025-08-26 17:37:32,358 - easytorch-training - INFO - Result <test>: [test/time: 5.69 (s), test/loss: 0.4502, test/MAE: 0.4502, test/MSE: 0.4416]
2025-08-26 17:37:32,382 - easytorch-training - INFO - Checkpoint checkpoints/TimesNet/ETTh2_100_336_96/3116416fa614ad8dfb008452fa0727fb/TimesNet_048.pt saved
2025-08-26 17:37:32,383 - easytorch-training - INFO - The estimated training finish time is 2025-08-26 18:16:29
2025-08-26 17:37:32,383 - easytorch-training - INFO - Epoch 49 / 100
2025-08-26 17:38:09,339 - easytorch-training - INFO - Result <train>: [train/time: 36.96 (s), train/lr: 5.00e-05, train/loss: 0.1886, train/MAE: 0.1886, train/MSE: 0.1225]
2025-08-26 17:38:09,341 - easytorch-training - INFO - Start validation.
2025-08-26 17:38:15,021 - easytorch-training - INFO - Result <val>: [val/time: 5.68 (s), val/loss: 0.4329, val/MAE: 0.4329, val/MSE: 0.4054]
2025-08-26 17:38:20,711 - easytorch-training - INFO - Result <test>: [test/time: 5.69 (s), test/loss: 0.4499, test/MAE: 0.4499, test/MSE: 0.4406]
2025-08-26 17:38:20,736 - easytorch-training - INFO - Checkpoint checkpoints/TimesNet/ETTh2_100_336_96/3116416fa614ad8dfb008452fa0727fb/TimesNet_049.pt saved
2025-08-26 17:38:20,736 - easytorch-training - INFO - The estimated training finish time is 2025-08-26 18:16:36
2025-08-26 17:38:20,736 - easytorch-training - INFO - Epoch 50 / 100
2025-08-26 17:38:58,532 - easytorch-training - INFO - Result <train>: [train/time: 37.80 (s), train/lr: 5.00e-05, train/loss: 0.1876, train/MAE: 0.1876, train/MSE: 0.1215]
2025-08-26 17:38:58,533 - easytorch-training - INFO - Start validation.
2025-08-26 17:39:04,184 - easytorch-training - INFO - Result <val>: [val/time: 5.65 (s), val/loss: 0.4328, val/MAE: 0.4328, val/MSE: 0.4044]
2025-08-26 17:39:09,837 - easytorch-training - INFO - Result <test>: [test/time: 5.65 (s), test/loss: 0.4510, test/MAE: 0.4510, test/MSE: 0.4448]
2025-08-26 17:39:09,862 - easytorch-training - INFO - Checkpoint checkpoints/TimesNet/ETTh2_100_336_96/3116416fa614ad8dfb008452fa0727fb/TimesNet_050.pt saved
2025-08-26 17:39:09,870 - easytorch-training - INFO - The estimated training finish time is 2025-08-26 18:16:45
2025-08-26 17:39:09,870 - easytorch-training - INFO - Epoch 51 / 100
2025-08-26 17:39:47,323 - easytorch-training - INFO - Result <train>: [train/time: 37.45 (s), train/lr: 2.50e-05, train/loss: 0.1862, train/MAE: 0.1862, train/MSE: 0.1204]
2025-08-26 17:39:47,324 - easytorch-training - INFO - Start validation.
2025-08-26 17:39:52,982 - easytorch-training - INFO - Result <val>: [val/time: 5.66 (s), val/loss: 0.4348, val/MAE: 0.4348, val/MSE: 0.4088]
2025-08-26 17:39:58,667 - easytorch-training - INFO - Result <test>: [test/time: 5.68 (s), test/loss: 0.4490, test/MAE: 0.4490, test/MSE: 0.4400]
2025-08-26 17:39:58,692 - easytorch-training - INFO - Checkpoint checkpoints/TimesNet/ETTh2_100_336_96/3116416fa614ad8dfb008452fa0727fb/TimesNet_051.pt saved
2025-08-26 17:39:58,692 - easytorch-training - INFO - The estimated training finish time is 2025-08-26 18:16:52
2025-08-26 17:39:58,692 - easytorch-training - INFO - Epoch 52 / 100
2025-08-26 17:40:36,493 - easytorch-training - INFO - Result <train>: [train/time: 37.80 (s), train/lr: 2.50e-05, train/loss: 0.1856, train/MAE: 0.1856, train/MSE: 0.1198]
2025-08-26 17:40:36,494 - easytorch-training - INFO - Start validation.
2025-08-26 17:40:42,150 - easytorch-training - INFO - Result <val>: [val/time: 5.66 (s), val/loss: 0.4335, val/MAE: 0.4335, val/MSE: 0.4079]
2025-08-26 17:40:47,833 - easytorch-training - INFO - Result <test>: [test/time: 5.68 (s), test/loss: 0.4467, test/MAE: 0.4467, test/MSE: 0.4361]
2025-08-26 17:40:47,858 - easytorch-training - INFO - Checkpoint checkpoints/TimesNet/ETTh2_100_336_96/3116416fa614ad8dfb008452fa0727fb/TimesNet_052.pt saved
2025-08-26 17:40:47,859 - easytorch-training - INFO - The estimated training finish time is 2025-08-26 18:17:00
2025-08-26 17:40:47,859 - easytorch-training - INFO - Epoch 53 / 100
2025-08-26 17:41:24,566 - easytorch-training - INFO - Result <train>: [train/time: 36.71 (s), train/lr: 2.50e-05, train/loss: 0.1853, train/MAE: 0.1853, train/MSE: 0.1194]
2025-08-26 17:41:24,567 - easytorch-training - INFO - Start validation.
2025-08-26 17:41:30,232 - easytorch-training - INFO - Result <val>: [val/time: 5.66 (s), val/loss: 0.4364, val/MAE: 0.4364, val/MSE: 0.4126]
2025-08-26 17:41:35,888 - easytorch-training - INFO - Result <test>: [test/time: 5.65 (s), test/loss: 0.4507, test/MAE: 0.4507, test/MSE: 0.4445]
2025-08-26 17:41:35,914 - easytorch-training - INFO - Checkpoint checkpoints/TimesNet/ETTh2_100_336_96/3116416fa614ad8dfb008452fa0727fb/TimesNet_053.pt saved
2025-08-26 17:41:35,914 - easytorch-training - INFO - The estimated training finish time is 2025-08-26 18:17:05
2025-08-26 17:41:35,914 - easytorch-training - INFO - Epoch 54 / 100
2025-08-26 17:42:13,209 - easytorch-training - INFO - Result <train>: [train/time: 37.29 (s), train/lr: 2.50e-05, train/loss: 0.1847, train/MAE: 0.1847, train/MSE: 0.1188]
2025-08-26 17:42:13,210 - easytorch-training - INFO - Start validation.
2025-08-26 17:42:18,889 - easytorch-training - INFO - Result <val>: [val/time: 5.68 (s), val/loss: 0.4354, val/MAE: 0.4354, val/MSE: 0.4096]
2025-08-26 17:42:24,569 - easytorch-training - INFO - Result <test>: [test/time: 5.68 (s), test/loss: 0.4504, test/MAE: 0.4504, test/MSE: 0.4429]
2025-08-26 17:42:24,594 - easytorch-training - INFO - Checkpoint checkpoints/TimesNet/ETTh2_100_336_96/3116416fa614ad8dfb008452fa0727fb/TimesNet_054.pt saved
2025-08-26 17:42:24,594 - easytorch-training - INFO - The estimated training finish time is 2025-08-26 18:17:11
2025-08-26 17:42:24,594 - easytorch-training - INFO - Epoch 55 / 100
2025-08-26 17:43:02,319 - easytorch-training - INFO - Result <train>: [train/time: 37.72 (s), train/lr: 2.50e-05, train/loss: 0.1843, train/MAE: 0.1843, train/MSE: 0.1184]
2025-08-26 17:43:02,320 - easytorch-training - INFO - Start validation.
2025-08-26 17:43:07,957 - easytorch-training - INFO - Result <val>: [val/time: 5.64 (s), val/loss: 0.4344, val/MAE: 0.4344, val/MSE: 0.4074]
2025-08-26 17:43:13,640 - easytorch-training - INFO - Result <test>: [test/time: 5.68 (s), test/loss: 0.4494, test/MAE: 0.4494, test/MSE: 0.4404]
2025-08-26 17:43:13,665 - easytorch-training - INFO - Checkpoint checkpoints/TimesNet/ETTh2_100_336_96/3116416fa614ad8dfb008452fa0727fb/TimesNet_055.pt saved
2025-08-26 17:43:13,665 - easytorch-training - INFO - The estimated training finish time is 2025-08-26 18:17:18
2025-08-26 17:43:13,665 - easytorch-training - INFO - Epoch 56 / 100
2025-08-26 17:43:51,097 - easytorch-training - INFO - Result <train>: [train/time: 37.43 (s), train/lr: 2.50e-05, train/loss: 0.1840, train/MAE: 0.1840, train/MSE: 0.1180]
2025-08-26 17:43:51,099 - easytorch-training - INFO - Start validation.
2025-08-26 17:43:56,782 - easytorch-training - INFO - Result <val>: [val/time: 5.68 (s), val/loss: 0.4357, val/MAE: 0.4357, val/MSE: 0.4105]
2025-08-26 17:44:02,454 - easytorch-training - INFO - Result <test>: [test/time: 5.67 (s), test/loss: 0.4511, test/MAE: 0.4511, test/MSE: 0.4443]
2025-08-26 17:44:02,479 - easytorch-training - INFO - Checkpoint checkpoints/TimesNet/ETTh2_100_336_96/3116416fa614ad8dfb008452fa0727fb/TimesNet_056.pt saved
2025-08-26 17:44:02,480 - easytorch-training - INFO - The estimated training finish time is 2025-08-26 18:17:24
2025-08-26 17:44:02,480 - easytorch-training - INFO - Epoch 57 / 100
2025-08-26 17:44:40,195 - easytorch-training - INFO - Result <train>: [train/time: 37.71 (s), train/lr: 2.50e-05, train/loss: 0.1835, train/MAE: 0.1835, train/MSE: 0.1175]
2025-08-26 17:44:40,196 - easytorch-training - INFO - Start validation.
2025-08-26 17:44:45,854 - easytorch-training - INFO - Result <val>: [val/time: 5.66 (s), val/loss: 0.4353, val/MAE: 0.4353, val/MSE: 0.4098]
2025-08-26 17:44:51,527 - easytorch-training - INFO - Result <test>: [test/time: 5.67 (s), test/loss: 0.4518, test/MAE: 0.4518, test/MSE: 0.4451]
2025-08-26 17:44:51,552 - easytorch-training - INFO - Checkpoint checkpoints/TimesNet/ETTh2_100_336_96/3116416fa614ad8dfb008452fa0727fb/TimesNet_057.pt saved
2025-08-26 17:44:51,552 - easytorch-training - INFO - The estimated training finish time is 2025-08-26 18:17:30
2025-08-26 17:44:51,552 - easytorch-training - INFO - Epoch 58 / 100
2025-08-26 17:45:29,046 - easytorch-training - INFO - Result <train>: [train/time: 37.49 (s), train/lr: 2.50e-05, train/loss: 0.1833, train/MAE: 0.1833, train/MSE: 0.1172]
2025-08-26 17:45:29,047 - easytorch-training - INFO - Start validation.
2025-08-26 17:45:34,719 - easytorch-training - INFO - Result <val>: [val/time: 5.67 (s), val/loss: 0.4360, val/MAE: 0.4360, val/MSE: 0.4107]
2025-08-26 17:45:40,414 - easytorch-training - INFO - Result <test>: [test/time: 5.69 (s), test/loss: 0.4526, test/MAE: 0.4526, test/MSE: 0.4462]
2025-08-26 17:45:40,438 - easytorch-training - INFO - Checkpoint checkpoints/TimesNet/ETTh2_100_336_96/3116416fa614ad8dfb008452fa0727fb/TimesNet_058.pt saved
2025-08-26 17:45:40,438 - easytorch-training - INFO - The estimated training finish time is 2025-08-26 18:17:36
2025-08-26 17:45:40,438 - easytorch-training - INFO - Epoch 59 / 100
2025-08-26 17:46:18,768 - easytorch-training - INFO - Result <train>: [train/time: 38.33 (s), train/lr: 2.50e-05, train/loss: 0.1828, train/MAE: 0.1828, train/MSE: 0.1167]
2025-08-26 17:46:18,768 - easytorch-training - INFO - Start validation.
2025-08-26 17:46:24,452 - easytorch-training - INFO - Result <val>: [val/time: 5.68 (s), val/loss: 0.4363, val/MAE: 0.4363, val/MSE: 0.4112]
2025-08-26 17:46:30,173 - easytorch-training - INFO - Result <test>: [test/time: 5.72 (s), test/loss: 0.4536, test/MAE: 0.4536, test/MSE: 0.4488]
2025-08-26 17:46:30,198 - easytorch-training - INFO - Checkpoint checkpoints/TimesNet/ETTh2_100_336_96/3116416fa614ad8dfb008452fa0727fb/TimesNet_059.pt saved
2025-08-26 17:46:30,198 - easytorch-training - INFO - The estimated training finish time is 2025-08-26 18:17:43
2025-08-26 17:46:30,198 - easytorch-training - INFO - Epoch 60 / 100
2025-08-26 17:47:08,113 - easytorch-training - INFO - Result <train>: [train/time: 37.91 (s), train/lr: 2.50e-05, train/loss: 0.1824, train/MAE: 0.1824, train/MSE: 0.1163]
2025-08-26 17:47:08,114 - easytorch-training - INFO - Start validation.
2025-08-26 17:47:13,803 - easytorch-training - INFO - Result <val>: [val/time: 5.69 (s), val/loss: 0.4375, val/MAE: 0.4375, val/MSE: 0.4138]
2025-08-26 17:47:19,531 - easytorch-training - INFO - Result <test>: [test/time: 5.73 (s), test/loss: 0.4531, test/MAE: 0.4531, test/MSE: 0.4476]
2025-08-26 17:47:19,556 - easytorch-training - INFO - Checkpoint checkpoints/TimesNet/ETTh2_100_336_96/3116416fa614ad8dfb008452fa0727fb/TimesNet_060.pt saved
2025-08-26 17:47:19,564 - easytorch-training - INFO - The estimated training finish time is 2025-08-26 18:17:49
2025-08-26 17:47:19,564 - easytorch-training - INFO - Epoch 61 / 100
2025-08-26 17:47:57,835 - easytorch-training - INFO - Result <train>: [train/time: 38.27 (s), train/lr: 2.50e-05, train/loss: 0.1821, train/MAE: 0.1821, train/MSE: 0.1159]
2025-08-26 17:47:57,836 - easytorch-training - INFO - Start validation.
2025-08-26 17:48:03,501 - easytorch-training - INFO - Result <val>: [val/time: 5.66 (s), val/loss: 0.4370, val/MAE: 0.4370, val/MSE: 0.4133]
2025-08-26 17:48:09,217 - easytorch-training - INFO - Result <test>: [test/time: 5.71 (s), test/loss: 0.4544, test/MAE: 0.4544, test/MSE: 0.4510]
2025-08-26 17:48:09,241 - easytorch-training - INFO - Checkpoint checkpoints/TimesNet/ETTh2_100_336_96/3116416fa614ad8dfb008452fa0727fb/TimesNet_061.pt saved
2025-08-26 17:48:09,241 - easytorch-training - INFO - The estimated training finish time is 2025-08-26 18:17:55
2025-08-26 17:48:09,241 - easytorch-training - INFO - Epoch 62 / 100
2025-08-26 17:48:47,696 - easytorch-training - INFO - Result <train>: [train/time: 38.45 (s), train/lr: 2.50e-05, train/loss: 0.1817, train/MAE: 0.1817, train/MSE: 0.1155]
2025-08-26 17:48:47,697 - easytorch-training - INFO - Start validation.
2025-08-26 17:48:53,298 - easytorch-training - INFO - Result <val>: [val/time: 5.60 (s), val/loss: 0.4358, val/MAE: 0.4358, val/MSE: 0.4103]
2025-08-26 17:48:59,004 - easytorch-training - INFO - Result <test>: [test/time: 5.71 (s), test/loss: 0.4529, test/MAE: 0.4529, test/MSE: 0.4479]
2025-08-26 17:48:59,029 - easytorch-training - INFO - Checkpoint checkpoints/TimesNet/ETTh2_100_336_96/3116416fa614ad8dfb008452fa0727fb/TimesNet_062.pt saved
2025-08-26 17:48:59,029 - easytorch-training - INFO - The estimated training finish time is 2025-08-26 18:18:02
2025-08-26 17:48:59,029 - easytorch-training - INFO - Epoch 63 / 100
2025-08-26 17:49:37,214 - easytorch-training - INFO - Result <train>: [train/time: 38.18 (s), train/lr: 2.50e-05, train/loss: 0.1814, train/MAE: 0.1814, train/MSE: 0.1151]
2025-08-26 17:49:37,215 - easytorch-training - INFO - Start validation.
2025-08-26 17:49:42,829 - easytorch-training - INFO - Result <val>: [val/time: 5.61 (s), val/loss: 0.4355, val/MAE: 0.4355, val/MSE: 0.4099]
2025-08-26 17:49:48,512 - easytorch-training - INFO - Result <test>: [test/time: 5.68 (s), test/loss: 0.4520, test/MAE: 0.4520, test/MSE: 0.4448]
2025-08-26 17:49:48,537 - easytorch-training - INFO - Checkpoint checkpoints/TimesNet/ETTh2_100_336_96/3116416fa614ad8dfb008452fa0727fb/TimesNet_063.pt saved
2025-08-26 17:49:48,537 - easytorch-training - INFO - The estimated training finish time is 2025-08-26 18:18:08
2025-08-26 17:49:48,537 - easytorch-training - INFO - Epoch 64 / 100
2025-08-26 17:50:26,875 - easytorch-training - INFO - Result <train>: [train/time: 38.34 (s), train/lr: 2.50e-05, train/loss: 0.1810, train/MAE: 0.1810, train/MSE: 0.1148]
2025-08-26 17:50:26,876 - easytorch-training - INFO - Start validation.
2025-08-26 17:50:32,534 - easytorch-training - INFO - Result <val>: [val/time: 5.66 (s), val/loss: 0.4377, val/MAE: 0.4377, val/MSE: 0.4148]
2025-08-26 17:50:38,186 - easytorch-training - INFO - Result <test>: [test/time: 5.65 (s), test/loss: 0.4535, test/MAE: 0.4535, test/MSE: 0.4482]
2025-08-26 17:50:38,211 - easytorch-training - INFO - Checkpoint checkpoints/TimesNet/ETTh2_100_336_96/3116416fa614ad8dfb008452fa0727fb/TimesNet_064.pt saved
2025-08-26 17:50:38,211 - easytorch-training - INFO - The estimated training finish time is 2025-08-26 18:18:13
2025-08-26 17:50:38,211 - easytorch-training - INFO - Epoch 65 / 100
2025-08-26 17:51:15,898 - easytorch-training - INFO - Result <train>: [train/time: 37.69 (s), train/lr: 2.50e-05, train/loss: 0.1806, train/MAE: 0.1806, train/MSE: 0.1144]
2025-08-26 17:51:15,899 - easytorch-training - INFO - Start validation.
2025-08-26 17:51:21,502 - easytorch-training - INFO - Result <val>: [val/time: 5.60 (s), val/loss: 0.4386, val/MAE: 0.4386, val/MSE: 0.4151]
2025-08-26 17:51:27,234 - easytorch-training - INFO - Result <test>: [test/time: 5.73 (s), test/loss: 0.4552, test/MAE: 0.4552, test/MSE: 0.4510]
2025-08-26 17:51:27,260 - easytorch-training - INFO - Checkpoint checkpoints/TimesNet/ETTh2_100_336_96/3116416fa614ad8dfb008452fa0727fb/TimesNet_065.pt saved
2025-08-26 17:51:27,260 - easytorch-training - INFO - The estimated training finish time is 2025-08-26 18:18:18
2025-08-26 17:51:27,260 - easytorch-training - INFO - Epoch 66 / 100
2025-08-26 17:52:05,077 - easytorch-training - INFO - Result <train>: [train/time: 37.82 (s), train/lr: 2.50e-05, train/loss: 0.1802, train/MAE: 0.1802, train/MSE: 0.1139]
2025-08-26 17:52:05,078 - easytorch-training - INFO - Start validation.
2025-08-26 17:52:10,692 - easytorch-training - INFO - Result <val>: [val/time: 5.61 (s), val/loss: 0.4374, val/MAE: 0.4374, val/MSE: 0.4118]
2025-08-26 17:52:16,419 - easytorch-training - INFO - Result <test>: [test/time: 5.73 (s), test/loss: 0.4565, test/MAE: 0.4565, test/MSE: 0.4536]
2025-08-26 17:52:16,444 - easytorch-training - INFO - Checkpoint checkpoints/TimesNet/ETTh2_100_336_96/3116416fa614ad8dfb008452fa0727fb/TimesNet_066.pt saved
2025-08-26 17:52:16,444 - easytorch-training - INFO - The estimated training finish time is 2025-08-26 18:18:23
2025-08-26 17:52:16,444 - easytorch-training - INFO - Epoch 67 / 100
2025-08-26 17:52:54,839 - easytorch-training - INFO - Result <train>: [train/time: 38.39 (s), train/lr: 2.50e-05, train/loss: 0.1801, train/MAE: 0.1801, train/MSE: 0.1138]
2025-08-26 17:52:54,840 - easytorch-training - INFO - Start validation.
2025-08-26 17:53:00,558 - easytorch-training - INFO - Result <val>: [val/time: 5.72 (s), val/loss: 0.4358, val/MAE: 0.4358, val/MSE: 0.4100]
2025-08-26 17:53:06,326 - easytorch-training - INFO - Result <test>: [test/time: 5.77 (s), test/loss: 0.4526, test/MAE: 0.4526, test/MSE: 0.4476]
2025-08-26 17:53:06,351 - easytorch-training - INFO - Checkpoint checkpoints/TimesNet/ETTh2_100_336_96/3116416fa614ad8dfb008452fa0727fb/TimesNet_067.pt saved
2025-08-26 17:53:06,352 - easytorch-training - INFO - The estimated training finish time is 2025-08-26 18:18:29
2025-08-26 17:53:06,352 - easytorch-training - INFO - Epoch 68 / 100
2025-08-26 17:53:45,288 - easytorch-training - INFO - Result <train>: [train/time: 38.94 (s), train/lr: 2.50e-05, train/loss: 0.1799, train/MAE: 0.1799, train/MSE: 0.1134]
2025-08-26 17:53:45,289 - easytorch-training - INFO - Start validation.
2025-08-26 17:53:51,028 - easytorch-training - INFO - Result <val>: [val/time: 5.74 (s), val/loss: 0.4350, val/MAE: 0.4350, val/MSE: 0.4077]
2025-08-26 17:53:56,853 - easytorch-training - INFO - Result <test>: [test/time: 5.82 (s), test/loss: 0.4566, test/MAE: 0.4566, test/MSE: 0.4542]
2025-08-26 17:53:56,877 - easytorch-training - INFO - Checkpoint checkpoints/TimesNet/ETTh2_100_336_96/3116416fa614ad8dfb008452fa0727fb/TimesNet_068.pt saved
2025-08-26 17:53:56,877 - easytorch-training - INFO - The estimated training finish time is 2025-08-26 18:18:35
2025-08-26 17:53:56,878 - easytorch-training - INFO - Epoch 69 / 100
2025-08-26 17:54:35,556 - easytorch-training - INFO - Result <train>: [train/time: 38.68 (s), train/lr: 2.50e-05, train/loss: 0.1794, train/MAE: 0.1794, train/MSE: 0.1130]
2025-08-26 17:54:35,557 - easytorch-training - INFO - Start validation.
2025-08-26 17:54:41,195 - easytorch-training - INFO - Result <val>: [val/time: 5.64 (s), val/loss: 0.4366, val/MAE: 0.4366, val/MSE: 0.4114]
2025-08-26 17:54:46,804 - easytorch-training - INFO - Result <test>: [test/time: 5.61 (s), test/loss: 0.4539, test/MAE: 0.4539, test/MSE: 0.4495]
2025-08-26 17:54:46,829 - easytorch-training - INFO - Checkpoint checkpoints/TimesNet/ETTh2_100_336_96/3116416fa614ad8dfb008452fa0727fb/TimesNet_069.pt saved
2025-08-26 17:54:46,830 - easytorch-training - INFO - The estimated training finish time is 2025-08-26 18:18:41
2025-08-26 17:54:46,830 - easytorch-training - INFO - Epoch 70 / 100
2025-08-26 17:55:24,687 - easytorch-training - INFO - Result <train>: [train/time: 37.86 (s), train/lr: 2.50e-05, train/loss: 0.1789, train/MAE: 0.1789, train/MSE: 0.1125]
2025-08-26 17:55:24,689 - easytorch-training - INFO - Start validation.
2025-08-26 17:55:30,312 - easytorch-training - INFO - Result <val>: [val/time: 5.62 (s), val/loss: 0.4376, val/MAE: 0.4376, val/MSE: 0.4141]
2025-08-26 17:55:36,014 - easytorch-training - INFO - Result <test>: [test/time: 5.70 (s), test/loss: 0.4574, test/MAE: 0.4574, test/MSE: 0.4544]
2025-08-26 17:55:36,039 - easytorch-training - INFO - Checkpoint checkpoints/TimesNet/ETTh2_100_336_96/3116416fa614ad8dfb008452fa0727fb/TimesNet_070.pt saved
2025-08-26 17:55:36,047 - easytorch-training - INFO - The estimated training finish time is 2025-08-26 18:18:45
2025-08-26 17:55:36,047 - easytorch-training - INFO - Epoch 71 / 100
2025-08-26 17:56:14,167 - easytorch-training - INFO - Result <train>: [train/time: 38.12 (s), train/lr: 2.50e-05, train/loss: 0.1786, train/MAE: 0.1786, train/MSE: 0.1122]
2025-08-26 17:56:14,168 - easytorch-training - INFO - Start validation.
2025-08-26 17:56:19,793 - easytorch-training - INFO - Result <val>: [val/time: 5.63 (s), val/loss: 0.4379, val/MAE: 0.4379, val/MSE: 0.4137]
2025-08-26 17:56:25,548 - easytorch-training - INFO - Result <test>: [test/time: 5.75 (s), test/loss: 0.4574, test/MAE: 0.4574, test/MSE: 0.4559]
2025-08-26 17:56:25,572 - easytorch-training - INFO - Checkpoint checkpoints/TimesNet/ETTh2_100_336_96/3116416fa614ad8dfb008452fa0727fb/TimesNet_071.pt saved
2025-08-26 17:56:25,572 - easytorch-training - INFO - The estimated training finish time is 2025-08-26 18:18:49
2025-08-26 17:56:25,572 - easytorch-training - INFO - Epoch 72 / 100
2025-08-26 17:57:03,366 - easytorch-training - INFO - Result <train>: [train/time: 37.79 (s), train/lr: 2.50e-05, train/loss: 0.1785, train/MAE: 0.1785, train/MSE: 0.1121]
2025-08-26 17:57:03,367 - easytorch-training - INFO - Start validation.
2025-08-26 17:57:08,962 - easytorch-training - INFO - Result <val>: [val/time: 5.60 (s), val/loss: 0.4382, val/MAE: 0.4382, val/MSE: 0.4156]
2025-08-26 17:57:14,657 - easytorch-training - INFO - Result <test>: [test/time: 5.69 (s), test/loss: 0.4576, test/MAE: 0.4576, test/MSE: 0.4556]
2025-08-26 17:57:14,682 - easytorch-training - INFO - Checkpoint checkpoints/TimesNet/ETTh2_100_336_96/3116416fa614ad8dfb008452fa0727fb/TimesNet_072.pt saved
2025-08-26 17:57:14,682 - easytorch-training - INFO - The estimated training finish time is 2025-08-26 18:18:53
2025-08-26 17:57:14,682 - easytorch-training - INFO - Epoch 73 / 100
2025-08-26 17:57:53,337 - easytorch-training - INFO - Result <train>: [train/time: 38.66 (s), train/lr: 2.50e-05, train/loss: 0.1782, train/MAE: 0.1782, train/MSE: 0.1118]
2025-08-26 17:57:53,338 - easytorch-training - INFO - Start validation.
2025-08-26 17:57:59,008 - easytorch-training - INFO - Result <val>: [val/time: 5.67 (s), val/loss: 0.4381, val/MAE: 0.4381, val/MSE: 0.4142]
2025-08-26 17:58:04,796 - easytorch-training - INFO - Result <test>: [test/time: 5.79 (s), test/loss: 0.4561, test/MAE: 0.4561, test/MSE: 0.4534]
2025-08-26 17:58:04,820 - easytorch-training - INFO - Checkpoint checkpoints/TimesNet/ETTh2_100_336_96/3116416fa614ad8dfb008452fa0727fb/TimesNet_073.pt saved
2025-08-26 17:58:04,821 - easytorch-training - INFO - The estimated training finish time is 2025-08-26 18:18:58
2025-08-26 17:58:04,821 - easytorch-training - INFO - Epoch 74 / 100
2025-08-26 17:58:43,091 - easytorch-training - INFO - Result <train>: [train/time: 38.27 (s), train/lr: 2.50e-05, train/loss: 0.1778, train/MAE: 0.1778, train/MSE: 0.1114]
2025-08-26 17:58:43,093 - easytorch-training - INFO - Start validation.
2025-08-26 17:58:48,741 - easytorch-training - INFO - Result <val>: [val/time: 5.65 (s), val/loss: 0.4392, val/MAE: 0.4392, val/MSE: 0.4170]
2025-08-26 17:58:54,443 - easytorch-training - INFO - Result <test>: [test/time: 5.70 (s), test/loss: 0.4553, test/MAE: 0.4553, test/MSE: 0.4528]
2025-08-26 17:58:54,468 - easytorch-training - INFO - Checkpoint checkpoints/TimesNet/ETTh2_100_336_96/3116416fa614ad8dfb008452fa0727fb/TimesNet_074.pt saved
2025-08-26 17:58:54,468 - easytorch-training - INFO - The estimated training finish time is 2025-08-26 18:19:03
2025-08-26 17:58:54,469 - easytorch-training - INFO - Epoch 75 / 100
2025-08-26 17:59:33,233 - easytorch-training - INFO - Result <train>: [train/time: 38.76 (s), train/lr: 2.50e-05, train/loss: 0.1773, train/MAE: 0.1773, train/MSE: 0.1109]
2025-08-26 17:59:33,235 - easytorch-training - INFO - Start validation.
2025-08-26 17:59:38,867 - easytorch-training - INFO - Result <val>: [val/time: 5.63 (s), val/loss: 0.4387, val/MAE: 0.4387, val/MSE: 0.4146]
2025-08-26 17:59:44,645 - easytorch-training - INFO - Result <test>: [test/time: 5.78 (s), test/loss: 0.4599, test/MAE: 0.4599, test/MSE: 0.4601]
2025-08-26 17:59:44,676 - easytorch-training - INFO - Checkpoint checkpoints/TimesNet/ETTh2_100_336_96/3116416fa614ad8dfb008452fa0727fb/TimesNet_075.pt saved
2025-08-26 17:59:44,676 - easytorch-training - INFO - The estimated training finish time is 2025-08-26 18:19:08
2025-08-26 17:59:44,676 - easytorch-training - INFO - Epoch 76 / 100
2025-08-26 18:00:23,114 - easytorch-training - INFO - Result <train>: [train/time: 38.44 (s), train/lr: 2.50e-05, train/loss: 0.1770, train/MAE: 0.1770, train/MSE: 0.1106]
2025-08-26 18:00:23,116 - easytorch-training - INFO - Start validation.
2025-08-26 18:00:28,740 - easytorch-training - INFO - Result <val>: [val/time: 5.62 (s), val/loss: 0.4389, val/MAE: 0.4389, val/MSE: 0.4159]
2025-08-26 18:00:34,447 - easytorch-training - INFO - Result <test>: [test/time: 5.71 (s), test/loss: 0.4576, test/MAE: 0.4576, test/MSE: 0.4544]
2025-08-26 18:00:34,471 - easytorch-training - INFO - Checkpoint checkpoints/TimesNet/ETTh2_100_336_96/3116416fa614ad8dfb008452fa0727fb/TimesNet_076.pt saved
2025-08-26 18:00:34,472 - easytorch-training - INFO - The estimated training finish time is 2025-08-26 18:19:12
2025-08-26 18:00:34,472 - easytorch-training - INFO - Epoch 77 / 100
2025-08-26 18:01:13,221 - easytorch-training - INFO - Result <train>: [train/time: 38.75 (s), train/lr: 2.50e-05, train/loss: 0.1768, train/MAE: 0.1768, train/MSE: 0.1104]
2025-08-26 18:01:13,222 - easytorch-training - INFO - Start validation.
2025-08-26 18:01:18,878 - easytorch-training - INFO - Result <val>: [val/time: 5.66 (s), val/loss: 0.4385, val/MAE: 0.4385, val/MSE: 0.4138]
2025-08-26 18:01:24,616 - easytorch-training - INFO - Result <test>: [test/time: 5.74 (s), test/loss: 0.4607, test/MAE: 0.4607, test/MSE: 0.4612]
2025-08-26 18:01:24,641 - easytorch-training - INFO - Checkpoint checkpoints/TimesNet/ETTh2_100_336_96/3116416fa614ad8dfb008452fa0727fb/TimesNet_077.pt saved
2025-08-26 18:01:24,641 - easytorch-training - INFO - The estimated training finish time is 2025-08-26 18:19:16
2025-08-26 18:01:24,641 - easytorch-training - INFO - Epoch 78 / 100
2025-08-26 18:02:03,512 - easytorch-training - INFO - Result <train>: [train/time: 38.87 (s), train/lr: 2.50e-05, train/loss: 0.1765, train/MAE: 0.1765, train/MSE: 0.1100]
2025-08-26 18:02:03,513 - easytorch-training - INFO - Start validation.
2025-08-26 18:02:09,205 - easytorch-training - INFO - Result <val>: [val/time: 5.69 (s), val/loss: 0.4398, val/MAE: 0.4398, val/MSE: 0.4173]
2025-08-26 18:02:14,975 - easytorch-training - INFO - Result <test>: [test/time: 5.77 (s), test/loss: 0.4587, test/MAE: 0.4587, test/MSE: 0.4583]
2025-08-26 18:02:15,000 - easytorch-training - INFO - Checkpoint checkpoints/TimesNet/ETTh2_100_336_96/3116416fa614ad8dfb008452fa0727fb/TimesNet_078.pt saved
2025-08-26 18:02:15,000 - easytorch-training - INFO - The estimated training finish time is 2025-08-26 18:19:21
2025-08-26 18:02:15,000 - easytorch-training - INFO - Epoch 79 / 100
2025-08-26 18:02:53,993 - easytorch-training - INFO - Result <train>: [train/time: 38.99 (s), train/lr: 2.50e-05, train/loss: 0.1761, train/MAE: 0.1761, train/MSE: 0.1097]
2025-08-26 18:02:53,994 - easytorch-training - INFO - Start validation.
2025-08-26 18:02:59,602 - easytorch-training - INFO - Result <val>: [val/time: 5.61 (s), val/loss: 0.4398, val/MAE: 0.4398, val/MSE: 0.4167]
2025-08-26 18:03:05,306 - easytorch-training - INFO - Result <test>: [test/time: 5.70 (s), test/loss: 0.4558, test/MAE: 0.4558, test/MSE: 0.4525]
2025-08-26 18:03:05,331 - easytorch-training - INFO - Checkpoint checkpoints/TimesNet/ETTh2_100_336_96/3116416fa614ad8dfb008452fa0727fb/TimesNet_079.pt saved
2025-08-26 18:03:05,331 - easytorch-training - INFO - The estimated training finish time is 2025-08-26 18:19:26
2025-08-26 18:03:05,331 - easytorch-training - INFO - Epoch 80 / 100
2025-08-26 18:03:43,277 - easytorch-training - INFO - Result <train>: [train/time: 37.95 (s), train/lr: 2.50e-05, train/loss: 0.1760, train/MAE: 0.1760, train/MSE: 0.1095]
2025-08-26 18:03:43,278 - easytorch-training - INFO - Start validation.
2025-08-26 18:03:48,889 - easytorch-training - INFO - Result <val>: [val/time: 5.61 (s), val/loss: 0.4398, val/MAE: 0.4398, val/MSE: 0.4162]
2025-08-26 18:03:54,575 - easytorch-training - INFO - Result <test>: [test/time: 5.69 (s), test/loss: 0.4611, test/MAE: 0.4611, test/MSE: 0.4631]
2025-08-26 18:03:54,600 - easytorch-training - INFO - Checkpoint checkpoints/TimesNet/ETTh2_100_336_96/3116416fa614ad8dfb008452fa0727fb/TimesNet_080.pt saved
2025-08-26 18:03:54,607 - easytorch-training - INFO - The estimated training finish time is 2025-08-26 18:19:29
2025-08-26 18:03:54,607 - easytorch-training - INFO - Epoch 81 / 100
2025-08-26 18:04:32,710 - easytorch-training - INFO - Result <train>: [train/time: 38.10 (s), train/lr: 2.50e-05, train/loss: 0.1757, train/MAE: 0.1757, train/MSE: 0.1092]
2025-08-26 18:04:32,711 - easytorch-training - INFO - Start validation.
2025-08-26 18:04:38,355 - easytorch-training - INFO - Result <val>: [val/time: 5.64 (s), val/loss: 0.4403, val/MAE: 0.4403, val/MSE: 0.4182]
2025-08-26 18:04:44,070 - easytorch-training - INFO - Result <test>: [test/time: 5.71 (s), test/loss: 0.4600, test/MAE: 0.4600, test/MSE: 0.4611]
2025-08-26 18:04:44,094 - easytorch-training - INFO - Checkpoint checkpoints/TimesNet/ETTh2_100_336_96/3116416fa614ad8dfb008452fa0727fb/TimesNet_081.pt saved
2025-08-26 18:04:44,094 - easytorch-training - INFO - The estimated training finish time is 2025-08-26 18:19:32
2025-08-26 18:04:44,094 - easytorch-training - INFO - Epoch 82 / 100
2025-08-26 18:05:22,933 - easytorch-training - INFO - Result <train>: [train/time: 38.84 (s), train/lr: 2.50e-05, train/loss: 0.1752, train/MAE: 0.1752, train/MSE: 0.1088]
2025-08-26 18:05:22,934 - easytorch-training - INFO - Start validation.
2025-08-26 18:05:28,585 - easytorch-training - INFO - Result <val>: [val/time: 5.65 (s), val/loss: 0.4397, val/MAE: 0.4397, val/MSE: 0.4163]
2025-08-26 18:05:34,292 - easytorch-training - INFO - Result <test>: [test/time: 5.71 (s), test/loss: 0.4614, test/MAE: 0.4614, test/MSE: 0.4626]
2025-08-26 18:05:34,316 - easytorch-training - INFO - Checkpoint checkpoints/TimesNet/ETTh2_100_336_96/3116416fa614ad8dfb008452fa0727fb/TimesNet_082.pt saved
2025-08-26 18:05:34,316 - easytorch-training - INFO - The estimated training finish time is 2025-08-26 18:19:37
2025-08-26 18:05:34,316 - easytorch-training - INFO - Epoch 83 / 100
2025-08-26 18:06:12,969 - easytorch-training - INFO - Result <train>: [train/time: 38.65 (s), train/lr: 2.50e-05, train/loss: 0.1749, train/MAE: 0.1749, train/MSE: 0.1085]
2025-08-26 18:06:12,971 - easytorch-training - INFO - Start validation.
2025-08-26 18:06:18,566 - easytorch-training - INFO - Result <val>: [val/time: 5.59 (s), val/loss: 0.4406, val/MAE: 0.4406, val/MSE: 0.4189]
2025-08-26 18:06:24,255 - easytorch-training - INFO - Result <test>: [test/time: 5.69 (s), test/loss: 0.4603, test/MAE: 0.4603, test/MSE: 0.4619]
2025-08-26 18:06:24,280 - easytorch-training - INFO - Checkpoint checkpoints/TimesNet/ETTh2_100_336_96/3116416fa614ad8dfb008452fa0727fb/TimesNet_083.pt saved
2025-08-26 18:06:24,280 - easytorch-training - INFO - The estimated training finish time is 2025-08-26 18:19:40
2025-08-26 18:06:24,280 - easytorch-training - INFO - Epoch 84 / 100
2025-08-26 18:07:02,680 - easytorch-training - INFO - Result <train>: [train/time: 38.40 (s), train/lr: 2.50e-05, train/loss: 0.1749, train/MAE: 0.1749, train/MSE: 0.1084]
2025-08-26 18:07:02,681 - easytorch-training - INFO - Start validation.
2025-08-26 18:07:08,272 - easytorch-training - INFO - Result <val>: [val/time: 5.59 (s), val/loss: 0.4418, val/MAE: 0.4418, val/MSE: 0.4211]
2025-08-26 18:07:13,949 - easytorch-training - INFO - Result <test>: [test/time: 5.68 (s), test/loss: 0.4622, test/MAE: 0.4622, test/MSE: 0.4645]
2025-08-26 18:07:13,974 - easytorch-training - INFO - Checkpoint checkpoints/TimesNet/ETTh2_100_336_96/3116416fa614ad8dfb008452fa0727fb/TimesNet_084.pt saved
2025-08-26 18:07:13,974 - easytorch-training - INFO - The estimated training finish time is 2025-08-26 18:19:44
2025-08-26 18:07:13,974 - easytorch-training - INFO - Epoch 85 / 100
2025-08-26 18:07:52,202 - easytorch-training - INFO - Result <train>: [train/time: 38.23 (s), train/lr: 2.50e-05, train/loss: 0.1745, train/MAE: 0.1745, train/MSE: 0.1080]
2025-08-26 18:07:52,203 - easytorch-training - INFO - Start validation.
2025-08-26 18:07:57,808 - easytorch-training - INFO - Result <val>: [val/time: 5.60 (s), val/loss: 0.4406, val/MAE: 0.4406, val/MSE: 0.4183]
2025-08-26 18:08:03,486 - easytorch-training - INFO - Result <test>: [test/time: 5.68 (s), test/loss: 0.4637, test/MAE: 0.4637, test/MSE: 0.4670]
2025-08-26 18:08:03,510 - easytorch-training - INFO - Checkpoint checkpoints/TimesNet/ETTh2_100_336_96/3116416fa614ad8dfb008452fa0727fb/TimesNet_085.pt saved
2025-08-26 18:08:03,511 - easytorch-training - INFO - The estimated training finish time is 2025-08-26 18:19:47
2025-08-26 18:08:03,511 - easytorch-training - INFO - Epoch 86 / 100
2025-08-26 18:08:42,519 - easytorch-training - INFO - Result <train>: [train/time: 39.01 (s), train/lr: 2.50e-05, train/loss: 0.1742, train/MAE: 0.1742, train/MSE: 0.1077]
2025-08-26 18:08:42,520 - easytorch-training - INFO - Start validation.
2025-08-26 18:08:48,132 - easytorch-training - INFO - Result <val>: [val/time: 5.61 (s), val/loss: 0.4410, val/MAE: 0.4410, val/MSE: 0.4192]
2025-08-26 18:08:53,841 - easytorch-training - INFO - Result <test>: [test/time: 5.71 (s), test/loss: 0.4647, test/MAE: 0.4647, test/MSE: 0.4692]
2025-08-26 18:08:53,866 - easytorch-training - INFO - Checkpoint checkpoints/TimesNet/ETTh2_100_336_96/3116416fa614ad8dfb008452fa0727fb/TimesNet_086.pt saved
2025-08-26 18:08:53,866 - easytorch-training - INFO - The estimated training finish time is 2025-08-26 18:19:51
2025-08-26 18:08:53,866 - easytorch-training - INFO - Epoch 87 / 100
2025-08-26 18:09:32,587 - easytorch-training - INFO - Result <train>: [train/time: 38.72 (s), train/lr: 2.50e-05, train/loss: 0.1739, train/MAE: 0.1739, train/MSE: 0.1075]
2025-08-26 18:09:32,588 - easytorch-training - INFO - Start validation.
2025-08-26 18:09:38,215 - easytorch-training - INFO - Result <val>: [val/time: 5.63 (s), val/loss: 0.4403, val/MAE: 0.4403, val/MSE: 0.4173]
2025-08-26 18:09:43,908 - easytorch-training - INFO - Result <test>: [test/time: 5.69 (s), test/loss: 0.4622, test/MAE: 0.4622, test/MSE: 0.4645]
2025-08-26 18:09:43,933 - easytorch-training - INFO - Checkpoint checkpoints/TimesNet/ETTh2_100_336_96/3116416fa614ad8dfb008452fa0727fb/TimesNet_087.pt saved
2025-08-26 18:09:43,933 - easytorch-training - INFO - The estimated training finish time is 2025-08-26 18:19:54
2025-08-26 18:09:43,933 - easytorch-training - INFO - Epoch 88 / 100
2025-08-26 18:10:22,530 - easytorch-training - INFO - Result <train>: [train/time: 38.60 (s), train/lr: 2.50e-05, train/loss: 0.1737, train/MAE: 0.1737, train/MSE: 0.1072]
2025-08-26 18:10:22,532 - easytorch-training - INFO - Start validation.
2025-08-26 18:10:28,096 - easytorch-training - INFO - Result <val>: [val/time: 5.56 (s), val/loss: 0.4413, val/MAE: 0.4413, val/MSE: 0.4189]
2025-08-26 18:10:33,775 - easytorch-training - INFO - Result <test>: [test/time: 5.68 (s), test/loss: 0.4615, test/MAE: 0.4615, test/MSE: 0.4616]
2025-08-26 18:10:33,800 - easytorch-training - INFO - Checkpoint checkpoints/TimesNet/ETTh2_100_336_96/3116416fa614ad8dfb008452fa0727fb/TimesNet_088.pt saved
2025-08-26 18:10:33,800 - easytorch-training - INFO - The estimated training finish time is 2025-08-26 18:19:58
2025-08-26 18:10:33,801 - easytorch-training - INFO - Epoch 89 / 100
2025-08-26 18:11:12,539 - easytorch-training - INFO - Result <train>: [train/time: 38.74 (s), train/lr: 2.50e-05, train/loss: 0.1742, train/MAE: 0.1742, train/MSE: 0.1077]
2025-08-26 18:11:12,540 - easytorch-training - INFO - Start validation.
2025-08-26 18:11:18,161 - easytorch-training - INFO - Result <val>: [val/time: 5.62 (s), val/loss: 0.4357, val/MAE: 0.4357, val/MSE: 0.4049]
2025-08-26 18:11:23,957 - easytorch-training - INFO - Result <test>: [test/time: 5.79 (s), test/loss: 0.4508, test/MAE: 0.4508, test/MSE: 0.4408]
2025-08-26 18:11:23,989 - easytorch-training - INFO - Checkpoint checkpoints/TimesNet/ETTh2_100_336_96/3116416fa614ad8dfb008452fa0727fb/TimesNet_089.pt saved
2025-08-26 18:11:23,990 - easytorch-training - INFO - The estimated training finish time is 2025-08-26 18:20:01
2025-08-26 18:11:23,990 - easytorch-training - INFO - Epoch 90 / 100
2025-08-26 18:12:03,109 - easytorch-training - INFO - Result <train>: [train/time: 39.12 (s), train/lr: 2.50e-05, train/loss: 0.1736, train/MAE: 0.1736, train/MSE: 0.1069]
2025-08-26 18:12:03,111 - easytorch-training - INFO - Start validation.
2025-08-26 18:12:08,745 - easytorch-training - INFO - Result <val>: [val/time: 5.63 (s), val/loss: 0.4401, val/MAE: 0.4401, val/MSE: 0.4170]
2025-08-26 18:12:14,521 - easytorch-training - INFO - Result <test>: [test/time: 5.78 (s), test/loss: 0.4589, test/MAE: 0.4589, test/MSE: 0.4570]
2025-08-26 18:12:14,546 - easytorch-training - INFO - Checkpoint checkpoints/TimesNet/ETTh2_100_336_96/3116416fa614ad8dfb008452fa0727fb/TimesNet_090.pt saved
2025-08-26 18:12:14,553 - easytorch-training - INFO - The estimated training finish time is 2025-08-26 18:20:05
2025-08-26 18:12:14,553 - easytorch-training - INFO - Epoch 91 / 100
2025-08-26 18:12:53,471 - easytorch-training - INFO - Result <train>: [train/time: 38.92 (s), train/lr: 2.50e-05, train/loss: 0.1731, train/MAE: 0.1731, train/MSE: 0.1065]
2025-08-26 18:12:53,472 - easytorch-training - INFO - Start validation.
2025-08-26 18:12:59,129 - easytorch-training - INFO - Result <val>: [val/time: 5.66 (s), val/loss: 0.4410, val/MAE: 0.4410, val/MSE: 0.4182]
2025-08-26 18:13:04,921 - easytorch-training - INFO - Result <test>: [test/time: 5.79 (s), test/loss: 0.4627, test/MAE: 0.4627, test/MSE: 0.4655]
2025-08-26 18:13:04,946 - easytorch-training - INFO - Checkpoint checkpoints/TimesNet/ETTh2_100_336_96/3116416fa614ad8dfb008452fa0727fb/TimesNet_091.pt saved
2025-08-26 18:13:04,946 - easytorch-training - INFO - The estimated training finish time is 2025-08-26 18:20:09
2025-08-26 18:13:04,946 - easytorch-training - INFO - Epoch 92 / 100
2025-08-26 18:13:43,668 - easytorch-training - INFO - Result <train>: [train/time: 38.72 (s), train/lr: 2.50e-05, train/loss: 0.1726, train/MAE: 0.1726, train/MSE: 0.1062]
2025-08-26 18:13:43,669 - easytorch-training - INFO - Start validation.
2025-08-26 18:13:49,335 - easytorch-training - INFO - Result <val>: [val/time: 5.67 (s), val/loss: 0.4400, val/MAE: 0.4400, val/MSE: 0.4160]
2025-08-26 18:13:55,065 - easytorch-training - INFO - Result <test>: [test/time: 5.73 (s), test/loss: 0.4638, test/MAE: 0.4638, test/MSE: 0.4680]
2025-08-26 18:13:55,089 - easytorch-training - INFO - Checkpoint checkpoints/TimesNet/ETTh2_100_336_96/3116416fa614ad8dfb008452fa0727fb/TimesNet_092.pt saved
2025-08-26 18:13:55,090 - easytorch-training - INFO - The estimated training finish time is 2025-08-26 18:20:12
2025-08-26 18:13:55,090 - easytorch-training - INFO - Epoch 93 / 100
2025-08-26 18:14:33,536 - easytorch-training - INFO - Result <train>: [train/time: 38.45 (s), train/lr: 2.50e-05, train/loss: 0.1727, train/MAE: 0.1727, train/MSE: 0.1061]
2025-08-26 18:14:33,538 - easytorch-training - INFO - Start validation.
2025-08-26 18:14:39,182 - easytorch-training - INFO - Result <val>: [val/time: 5.64 (s), val/loss: 0.4438, val/MAE: 0.4438, val/MSE: 0.4240]
2025-08-26 18:14:44,883 - easytorch-training - INFO - Result <test>: [test/time: 5.70 (s), test/loss: 0.4623, test/MAE: 0.4623, test/MSE: 0.4642]
2025-08-26 18:14:44,908 - easytorch-training - INFO - Checkpoint checkpoints/TimesNet/ETTh2_100_336_96/3116416fa614ad8dfb008452fa0727fb/TimesNet_093.pt saved
2025-08-26 18:14:44,908 - easytorch-training - INFO - The estimated training finish time is 2025-08-26 18:20:15
2025-08-26 18:14:44,908 - easytorch-training - INFO - Epoch 94 / 100
2025-08-26 18:15:23,739 - easytorch-training - INFO - Result <train>: [train/time: 38.83 (s), train/lr: 2.50e-05, train/loss: 0.1723, train/MAE: 0.1723, train/MSE: 0.1057]
2025-08-26 18:15:23,740 - easytorch-training - INFO - Start validation.
2025-08-26 18:15:29,381 - easytorch-training - INFO - Result <val>: [val/time: 5.64 (s), val/loss: 0.4391, val/MAE: 0.4391, val/MSE: 0.4130]
2025-08-26 18:15:35,091 - easytorch-training - INFO - Result <test>: [test/time: 5.71 (s), test/loss: 0.4650, test/MAE: 0.4650, test/MSE: 0.4690]
2025-08-26 18:15:35,115 - easytorch-training - INFO - Checkpoint checkpoints/TimesNet/ETTh2_100_336_96/3116416fa614ad8dfb008452fa0727fb/TimesNet_094.pt saved
2025-08-26 18:15:35,116 - easytorch-training - INFO - The estimated training finish time is 2025-08-26 18:20:18
2025-08-26 18:15:35,116 - easytorch-training - INFO - Epoch 95 / 100
2025-08-26 18:16:13,847 - easytorch-training - INFO - Result <train>: [train/time: 38.73 (s), train/lr: 2.50e-05, train/loss: 0.1720, train/MAE: 0.1720, train/MSE: 0.1055]
2025-08-26 18:16:13,848 - easytorch-training - INFO - Start validation.
2025-08-26 18:16:19,497 - easytorch-training - INFO - Result <val>: [val/time: 5.65 (s), val/loss: 0.4405, val/MAE: 0.4405, val/MSE: 0.4166]
2025-08-26 18:16:25,173 - easytorch-training - INFO - Result <test>: [test/time: 5.67 (s), test/loss: 0.4660, test/MAE: 0.4660, test/MSE: 0.4711]
2025-08-26 18:16:25,198 - easytorch-training - INFO - Checkpoint checkpoints/TimesNet/ETTh2_100_336_96/3116416fa614ad8dfb008452fa0727fb/TimesNet_095.pt saved
2025-08-26 18:16:25,198 - easytorch-training - INFO - The estimated training finish time is 2025-08-26 18:20:21
2025-08-26 18:16:25,198 - easytorch-training - INFO - Epoch 96 / 100
2025-08-26 18:17:03,650 - easytorch-training - INFO - Result <train>: [train/time: 38.45 (s), train/lr: 2.50e-05, train/loss: 0.1718, train/MAE: 0.1718, train/MSE: 0.1052]
2025-08-26 18:17:03,651 - easytorch-training - INFO - Start validation.
2025-08-26 18:17:09,262 - easytorch-training - INFO - Result <val>: [val/time: 5.61 (s), val/loss: 0.4412, val/MAE: 0.4412, val/MSE: 0.4194]
2025-08-26 18:17:14,924 - easytorch-training - INFO - Result <test>: [test/time: 5.66 (s), test/loss: 0.4649, test/MAE: 0.4649, test/MSE: 0.4699]
2025-08-26 18:17:14,949 - easytorch-training - INFO - Checkpoint checkpoints/TimesNet/ETTh2_100_336_96/3116416fa614ad8dfb008452fa0727fb/TimesNet_096.pt saved
2025-08-26 18:17:14,949 - easytorch-training - INFO - The estimated training finish time is 2025-08-26 18:20:24
2025-08-26 18:17:14,950 - easytorch-training - INFO - Epoch 97 / 100
2025-08-26 18:17:53,291 - easytorch-training - INFO - Result <train>: [train/time: 38.34 (s), train/lr: 2.50e-05, train/loss: 0.1714, train/MAE: 0.1714, train/MSE: 0.1050]
2025-08-26 18:17:53,292 - easytorch-training - INFO - Start validation.
2025-08-26 18:17:58,956 - easytorch-training - INFO - Result <val>: [val/time: 5.66 (s), val/loss: 0.4420, val/MAE: 0.4420, val/MSE: 0.4209]
2025-08-26 18:18:04,647 - easytorch-training - INFO - Result <test>: [test/time: 5.69 (s), test/loss: 0.4665, test/MAE: 0.4665, test/MSE: 0.4722]
2025-08-26 18:18:04,671 - easytorch-training - INFO - Checkpoint checkpoints/TimesNet/ETTh2_100_336_96/3116416fa614ad8dfb008452fa0727fb/TimesNet_097.pt saved
2025-08-26 18:18:04,671 - easytorch-training - INFO - The estimated training finish time is 2025-08-26 18:20:26
2025-08-26 18:18:04,671 - easytorch-training - INFO - Epoch 98 / 100
2025-08-26 18:18:43,128 - easytorch-training - INFO - Result <train>: [train/time: 38.46 (s), train/lr: 2.50e-05, train/loss: 0.1712, train/MAE: 0.1712, train/MSE: 0.1047]
2025-08-26 18:18:43,129 - easytorch-training - INFO - Start validation.
2025-08-26 18:18:48,792 - easytorch-training - INFO - Result <val>: [val/time: 5.66 (s), val/loss: 0.4424, val/MAE: 0.4424, val/MSE: 0.4212]
2025-08-26 18:18:54,489 - easytorch-training - INFO - Result <test>: [test/time: 5.70 (s), test/loss: 0.4660, test/MAE: 0.4660, test/MSE: 0.4729]
2025-08-26 18:18:54,514 - easytorch-training - INFO - Checkpoint checkpoints/TimesNet/ETTh2_100_336_96/3116416fa614ad8dfb008452fa0727fb/TimesNet_098.pt saved
2025-08-26 18:18:54,515 - easytorch-training - INFO - The estimated training finish time is 2025-08-26 18:20:29
2025-08-26 18:18:54,515 - easytorch-training - INFO - Epoch 99 / 100
2025-08-26 18:19:32,917 - easytorch-training - INFO - Result <train>: [train/time: 38.40 (s), train/lr: 2.50e-05, train/loss: 0.1709, train/MAE: 0.1709, train/MSE: 0.1045]
2025-08-26 18:19:32,918 - easytorch-training - INFO - Start validation.
2025-08-26 18:19:38,587 - easytorch-training - INFO - Result <val>: [val/time: 5.67 (s), val/loss: 0.4426, val/MAE: 0.4426, val/MSE: 0.4207]
2025-08-26 18:19:44,290 - easytorch-training - INFO - Result <test>: [test/time: 5.70 (s), test/loss: 0.4639, test/MAE: 0.4639, test/MSE: 0.4681]
2025-08-26 18:19:44,315 - easytorch-training - INFO - Checkpoint checkpoints/TimesNet/ETTh2_100_336_96/3116416fa614ad8dfb008452fa0727fb/TimesNet_099.pt saved
2025-08-26 18:19:44,315 - easytorch-training - INFO - The estimated training finish time is 2025-08-26 18:20:31
2025-08-26 18:19:44,315 - easytorch-training - INFO - Epoch 100 / 100
2025-08-26 18:20:22,215 - easytorch-training - INFO - Result <train>: [train/time: 37.90 (s), train/lr: 2.50e-05, train/loss: 0.1708, train/MAE: 0.1708, train/MSE: 0.1043]
2025-08-26 18:20:22,216 - easytorch-training - INFO - Start validation.
2025-08-26 18:20:27,885 - easytorch-training - INFO - Result <val>: [val/time: 5.67 (s), val/loss: 0.4435, val/MAE: 0.4435, val/MSE: 0.4229]
2025-08-26 18:20:33,576 - easytorch-training - INFO - Result <test>: [test/time: 5.69 (s), test/loss: 0.4656, test/MAE: 0.4656, test/MSE: 0.4712]
2025-08-26 18:20:33,601 - easytorch-training - INFO - Checkpoint checkpoints/TimesNet/ETTh2_100_336_96/3116416fa614ad8dfb008452fa0727fb/TimesNet_100.pt saved
2025-08-26 18:20:33,609 - easytorch-training - INFO - The training finished at 2025-08-26 18:20:33
2025-08-26 18:20:33,609 - easytorch-training - INFO - Evaluating the best model on the test set.
2025-08-26 18:20:33,609 - easytorch-training - INFO - Loading Checkpoint from 'checkpoints/TimesNet/ETTh2_100_336_96/3116416fa614ad8dfb008452fa0727fb/TimesNet_best_val_MAE.pt'
2025-08-26 18:20:37,850 - easytorch-training - INFO - Result <test>: [test/time: 4.21 (s), test/loss: 0.3995, test/MAE: 0.3995, test/MSE: 0.3506]
2025-08-26 18:20:37,852 - easytorch-training - INFO - Test metrics saved to checkpoints/TimesNet/ETTh2_100_336_96/3116416fa614ad8dfb008452fa0727fb/test_metrics.json.
