2025-08-26 10:20:36,390 - easytorch-training - INFO - Initializing training.
2025-08-26 10:20:36,391 - easytorch-training - INFO - Set clip grad, param: {'max_norm': 5.0}
2025-08-26 10:20:36,391 - easytorch-training - INFO - Building training data loader.
2025-08-26 10:20:36,393 - easytorch-training - INFO - Train dataset length: 34129
2025-08-26 10:20:37,429 - easytorch-training - INFO - Set optim: Adam (
Parameter Group 0
    amsgrad: False
    betas: (0.9, 0.999)
    capturable: False
    differentiable: False
    eps: 1e-08
    foreach: None
    fused: None
    lr: 0.0003
    maximize: False
    weight_decay: 0.0001
)
2025-08-26 10:20:37,429 - easytorch-training - INFO - Set lr_scheduler: <torch.optim.lr_scheduler.MultiStepLR object at 0x7f1ed0302470>
2025-08-26 10:20:37,431 - easytorch-training - INFO - Initializing validation.
2025-08-26 10:20:37,431 - easytorch-training - INFO - Building val data loader.
2025-08-26 10:20:37,433 - easytorch-training - INFO - Validation dataset length: 11089
2025-08-26 10:20:37,435 - easytorch-training - INFO - Test dataset length: 11089
2025-08-26 10:20:37,435 - easytorch-training - INFO - Number of parameters: 64704
2025-08-26 10:20:37,435 - easytorch-training - INFO - Epoch 1 / 100
2025-08-26 10:20:40,811 - easytorch-training - INFO - Result <train>: [train/time: 3.38 (s), train/lr: 3.00e-04, train/loss: 0.3760, train/MAE: 0.3760, train/MSE: 0.3117]
2025-08-26 10:20:40,813 - easytorch-training - INFO - Start validation.
2025-08-26 10:20:41,535 - easytorch-training - INFO - Result <val>: [val/time: 0.72 (s), val/loss: 0.4057, val/MAE: 0.4057, val/MSE: 0.3836]
2025-08-26 10:20:41,564 - easytorch-training - INFO - Checkpoint checkpoints/DLinear/ETTm1_100_336_96/1514159180707450e1fb2116cbfe9257/DLinear_best_val_MAE.pt saved
2025-08-26 10:20:42,299 - easytorch-training - INFO - Result <test>: [test/time: 0.74 (s), test/loss: 0.3420, test/MAE: 0.3420, test/MSE: 0.3013]
2025-08-26 10:20:42,303 - easytorch-training - INFO - Checkpoint checkpoints/DLinear/ETTm1_100_336_96/1514159180707450e1fb2116cbfe9257/DLinear_001.pt saved
2025-08-26 10:20:42,303 - easytorch-training - INFO - The estimated training finish time is 2025-08-26 10:28:44
2025-08-26 10:20:42,303 - easytorch-training - INFO - Epoch 2 / 100
2025-08-26 10:20:45,356 - easytorch-training - INFO - Result <train>: [train/time: 3.05 (s), train/lr: 1.50e-04, train/loss: 0.3485, train/MAE: 0.3485, train/MSE: 0.2762]
2025-08-26 10:20:45,357 - easytorch-training - INFO - Start validation.
2025-08-26 10:20:46,069 - easytorch-training - INFO - Result <val>: [val/time: 0.71 (s), val/loss: 0.4030, val/MAE: 0.4030, val/MSE: 0.3839]
2025-08-26 10:20:46,073 - easytorch-training - INFO - Checkpoint checkpoints/DLinear/ETTm1_100_336_96/1514159180707450e1fb2116cbfe9257/DLinear_best_val_MAE.pt saved
2025-08-26 10:20:46,799 - easytorch-training - INFO - Result <test>: [test/time: 0.73 (s), test/loss: 0.3374, test/MAE: 0.3374, test/MSE: 0.2988]
2025-08-26 10:20:46,803 - easytorch-training - INFO - Checkpoint checkpoints/DLinear/ETTm1_100_336_96/1514159180707450e1fb2116cbfe9257/DLinear_002.pt saved
2025-08-26 10:20:46,803 - easytorch-training - INFO - The estimated training finish time is 2025-08-26 10:28:25
2025-08-26 10:20:46,803 - easytorch-training - INFO - Epoch 3 / 100
2025-08-26 10:20:49,796 - easytorch-training - INFO - Result <train>: [train/time: 2.99 (s), train/lr: 1.50e-04, train/loss: 0.3468, train/MAE: 0.3468, train/MSE: 0.2749]
2025-08-26 10:20:49,797 - easytorch-training - INFO - Start validation.
2025-08-26 10:20:50,505 - easytorch-training - INFO - Result <val>: [val/time: 0.71 (s), val/loss: 0.4013, val/MAE: 0.4013, val/MSE: 0.3799]
2025-08-26 10:20:50,509 - easytorch-training - INFO - Checkpoint checkpoints/DLinear/ETTm1_100_336_96/1514159180707450e1fb2116cbfe9257/DLinear_best_val_MAE.pt saved
2025-08-26 10:20:51,232 - easytorch-training - INFO - Result <test>: [test/time: 0.72 (s), test/loss: 0.3364, test/MAE: 0.3364, test/MSE: 0.2976]
2025-08-26 10:20:51,238 - easytorch-training - INFO - Checkpoint checkpoints/DLinear/ETTm1_100_336_96/1514159180707450e1fb2116cbfe9257/DLinear_003.pt saved
2025-08-26 10:20:51,238 - easytorch-training - INFO - The estimated training finish time is 2025-08-26 10:28:17
2025-08-26 10:20:51,238 - easytorch-training - INFO - Epoch 4 / 100
2025-08-26 10:20:54,221 - easytorch-training - INFO - Result <train>: [train/time: 2.98 (s), train/lr: 1.50e-04, train/loss: 0.3463, train/MAE: 0.3463, train/MSE: 0.2744]
2025-08-26 10:20:54,222 - easytorch-training - INFO - Start validation.
2025-08-26 10:20:54,939 - easytorch-training - INFO - Result <val>: [val/time: 0.72 (s), val/loss: 0.4033, val/MAE: 0.4033, val/MSE: 0.3868]
2025-08-26 10:20:55,660 - easytorch-training - INFO - Result <test>: [test/time: 0.72 (s), test/loss: 0.3371, test/MAE: 0.3371, test/MSE: 0.2993]
2025-08-26 10:20:55,664 - easytorch-training - INFO - Checkpoint checkpoints/DLinear/ETTm1_100_336_96/1514159180707450e1fb2116cbfe9257/DLinear_004.pt saved
2025-08-26 10:20:55,664 - easytorch-training - INFO - The estimated training finish time is 2025-08-26 10:28:13
2025-08-26 10:20:55,664 - easytorch-training - INFO - Epoch 5 / 100
2025-08-26 10:20:58,612 - easytorch-training - INFO - Result <train>: [train/time: 2.95 (s), train/lr: 1.50e-04, train/loss: 0.3459, train/MAE: 0.3459, train/MSE: 0.2742]
2025-08-26 10:20:58,613 - easytorch-training - INFO - Start validation.
2025-08-26 10:20:59,350 - easytorch-training - INFO - Result <val>: [val/time: 0.74 (s), val/loss: 0.4001, val/MAE: 0.4001, val/MSE: 0.3794]
2025-08-26 10:20:59,354 - easytorch-training - INFO - Checkpoint checkpoints/DLinear/ETTm1_100_336_96/1514159180707450e1fb2116cbfe9257/DLinear_best_val_MAE.pt saved
2025-08-26 10:21:00,064 - easytorch-training - INFO - Result <test>: [test/time: 0.71 (s), test/loss: 0.3358, test/MAE: 0.3358, test/MSE: 0.2972]
2025-08-26 10:21:00,068 - easytorch-training - INFO - Checkpoint checkpoints/DLinear/ETTm1_100_336_96/1514159180707450e1fb2116cbfe9257/DLinear_005.pt saved
2025-08-26 10:21:00,068 - easytorch-training - INFO - The estimated training finish time is 2025-08-26 10:28:10
2025-08-26 10:21:00,068 - easytorch-training - INFO - Epoch 6 / 100
2025-08-26 10:21:03,009 - easytorch-training - INFO - Result <train>: [train/time: 2.94 (s), train/lr: 1.50e-04, train/loss: 0.3458, train/MAE: 0.3458, train/MSE: 0.2740]
2025-08-26 10:21:03,010 - easytorch-training - INFO - Start validation.
2025-08-26 10:21:03,743 - easytorch-training - INFO - Result <val>: [val/time: 0.73 (s), val/loss: 0.4005, val/MAE: 0.4005, val/MSE: 0.3790]
2025-08-26 10:21:04,459 - easytorch-training - INFO - Result <test>: [test/time: 0.71 (s), test/loss: 0.3366, test/MAE: 0.3366, test/MSE: 0.2976]
2025-08-26 10:21:04,463 - easytorch-training - INFO - Checkpoint checkpoints/DLinear/ETTm1_100_336_96/1514159180707450e1fb2116cbfe9257/DLinear_006.pt saved
2025-08-26 10:21:04,463 - easytorch-training - INFO - The estimated training finish time is 2025-08-26 10:28:07
2025-08-26 10:21:04,463 - easytorch-training - INFO - Epoch 7 / 100
2025-08-26 10:21:07,409 - easytorch-training - INFO - Result <train>: [train/time: 2.95 (s), train/lr: 1.50e-04, train/loss: 0.3456, train/MAE: 0.3456, train/MSE: 0.2740]
2025-08-26 10:21:07,411 - easytorch-training - INFO - Start validation.
2025-08-26 10:21:08,191 - easytorch-training - INFO - Result <val>: [val/time: 0.78 (s), val/loss: 0.4000, val/MAE: 0.4000, val/MSE: 0.3794]
2025-08-26 10:21:08,196 - easytorch-training - INFO - Checkpoint checkpoints/DLinear/ETTm1_100_336_96/1514159180707450e1fb2116cbfe9257/DLinear_best_val_MAE.pt saved
2025-08-26 10:21:08,906 - easytorch-training - INFO - Result <test>: [test/time: 0.71 (s), test/loss: 0.3358, test/MAE: 0.3358, test/MSE: 0.2976]
2025-08-26 10:21:08,910 - easytorch-training - INFO - Checkpoint checkpoints/DLinear/ETTm1_100_336_96/1514159180707450e1fb2116cbfe9257/DLinear_007.pt saved
2025-08-26 10:21:08,910 - easytorch-training - INFO - The estimated training finish time is 2025-08-26 10:28:07
2025-08-26 10:21:08,910 - easytorch-training - INFO - Epoch 8 / 100
2025-08-26 10:21:11,869 - easytorch-training - INFO - Result <train>: [train/time: 2.96 (s), train/lr: 1.50e-04, train/loss: 0.3455, train/MAE: 0.3455, train/MSE: 0.2739]
2025-08-26 10:21:11,870 - easytorch-training - INFO - Start validation.
2025-08-26 10:21:12,580 - easytorch-training - INFO - Result <val>: [val/time: 0.71 (s), val/loss: 0.4010, val/MAE: 0.4010, val/MSE: 0.3830]
2025-08-26 10:21:13,301 - easytorch-training - INFO - Result <test>: [test/time: 0.72 (s), test/loss: 0.3352, test/MAE: 0.3352, test/MSE: 0.2973]
2025-08-26 10:21:13,305 - easytorch-training - INFO - Checkpoint checkpoints/DLinear/ETTm1_100_336_96/1514159180707450e1fb2116cbfe9257/DLinear_008.pt saved
2025-08-26 10:21:13,305 - easytorch-training - INFO - The estimated training finish time is 2025-08-26 10:28:05
2025-08-26 10:21:13,305 - easytorch-training - INFO - Epoch 9 / 100
2025-08-26 10:21:16,304 - easytorch-training - INFO - Result <train>: [train/time: 3.00 (s), train/lr: 1.50e-04, train/loss: 0.3455, train/MAE: 0.3455, train/MSE: 0.2738]
2025-08-26 10:21:16,305 - easytorch-training - INFO - Start validation.
2025-08-26 10:21:17,114 - easytorch-training - INFO - Result <val>: [val/time: 0.81 (s), val/loss: 0.4002, val/MAE: 0.4002, val/MSE: 0.3800]
2025-08-26 10:21:17,827 - easytorch-training - INFO - Result <test>: [test/time: 0.71 (s), test/loss: 0.3350, test/MAE: 0.3350, test/MSE: 0.2969]
2025-08-26 10:21:17,831 - easytorch-training - INFO - Checkpoint checkpoints/DLinear/ETTm1_100_336_96/1514159180707450e1fb2116cbfe9257/DLinear_009.pt saved
2025-08-26 10:21:17,831 - easytorch-training - INFO - The estimated training finish time is 2025-08-26 10:28:06
2025-08-26 10:21:17,831 - easytorch-training - INFO - Epoch 10 / 100
2025-08-26 10:21:20,795 - easytorch-training - INFO - Result <train>: [train/time: 2.96 (s), train/lr: 1.50e-04, train/loss: 0.3455, train/MAE: 0.3455, train/MSE: 0.2739]
2025-08-26 10:21:20,797 - easytorch-training - INFO - Start validation.
2025-08-26 10:21:21,514 - easytorch-training - INFO - Result <val>: [val/time: 0.72 (s), val/loss: 0.3996, val/MAE: 0.3996, val/MSE: 0.3789]
2025-08-26 10:21:21,518 - easytorch-training - INFO - Checkpoint checkpoints/DLinear/ETTm1_100_336_96/1514159180707450e1fb2116cbfe9257/DLinear_best_val_MAE.pt saved
2025-08-26 10:21:22,242 - easytorch-training - INFO - Result <test>: [test/time: 0.72 (s), test/loss: 0.3360, test/MAE: 0.3360, test/MSE: 0.2974]
2025-08-26 10:21:22,246 - easytorch-training - INFO - Checkpoint checkpoints/DLinear/ETTm1_100_336_96/1514159180707450e1fb2116cbfe9257/DLinear_010.pt saved
2025-08-26 10:21:22,248 - easytorch-training - INFO - The estimated training finish time is 2025-08-26 10:28:05
2025-08-26 10:21:22,248 - easytorch-training - INFO - Epoch 11 / 100
2025-08-26 10:21:25,200 - easytorch-training - INFO - Result <train>: [train/time: 2.95 (s), train/lr: 1.50e-04, train/loss: 0.3455, train/MAE: 0.3455, train/MSE: 0.2738]
2025-08-26 10:21:25,201 - easytorch-training - INFO - Start validation.
2025-08-26 10:21:25,911 - easytorch-training - INFO - Result <val>: [val/time: 0.71 (s), val/loss: 0.4001, val/MAE: 0.4001, val/MSE: 0.3782]
2025-08-26 10:21:26,651 - easytorch-training - INFO - Result <test>: [test/time: 0.73 (s), test/loss: 0.3348, test/MAE: 0.3348, test/MSE: 0.2955]
2025-08-26 10:21:26,656 - easytorch-training - INFO - Checkpoint checkpoints/DLinear/ETTm1_100_336_96/1514159180707450e1fb2116cbfe9257/DLinear_011.pt saved
2025-08-26 10:21:26,656 - easytorch-training - INFO - The estimated training finish time is 2025-08-26 10:28:04
2025-08-26 10:21:26,656 - easytorch-training - INFO - Epoch 12 / 100
2025-08-26 10:21:29,604 - easytorch-training - INFO - Result <train>: [train/time: 2.95 (s), train/lr: 1.50e-04, train/loss: 0.3455, train/MAE: 0.3455, train/MSE: 0.2739]
2025-08-26 10:21:29,605 - easytorch-training - INFO - Start validation.
2025-08-26 10:21:30,316 - easytorch-training - INFO - Result <val>: [val/time: 0.71 (s), val/loss: 0.4007, val/MAE: 0.4007, val/MSE: 0.3793]
2025-08-26 10:21:31,043 - easytorch-training - INFO - Result <test>: [test/time: 0.73 (s), test/loss: 0.3356, test/MAE: 0.3356, test/MSE: 0.2965]
2025-08-26 10:21:31,046 - easytorch-training - INFO - Checkpoint checkpoints/DLinear/ETTm1_100_336_96/1514159180707450e1fb2116cbfe9257/DLinear_012.pt saved
2025-08-26 10:21:31,047 - easytorch-training - INFO - The estimated training finish time is 2025-08-26 10:28:04
2025-08-26 10:21:31,047 - easytorch-training - INFO - Epoch 13 / 100
2025-08-26 10:21:33,994 - easytorch-training - INFO - Result <train>: [train/time: 2.95 (s), train/lr: 1.50e-04, train/loss: 0.3455, train/MAE: 0.3455, train/MSE: 0.2738]
2025-08-26 10:21:33,995 - easytorch-training - INFO - Start validation.
2025-08-26 10:21:34,710 - easytorch-training - INFO - Result <val>: [val/time: 0.71 (s), val/loss: 0.4031, val/MAE: 0.4031, val/MSE: 0.3869]
2025-08-26 10:21:35,441 - easytorch-training - INFO - Result <test>: [test/time: 0.73 (s), test/loss: 0.3349, test/MAE: 0.3349, test/MSE: 0.2970]
2025-08-26 10:21:35,445 - easytorch-training - INFO - Checkpoint checkpoints/DLinear/ETTm1_100_336_96/1514159180707450e1fb2116cbfe9257/DLinear_013.pt saved
2025-08-26 10:21:35,445 - easytorch-training - INFO - The estimated training finish time is 2025-08-26 10:28:03
2025-08-26 10:21:35,445 - easytorch-training - INFO - Epoch 14 / 100
2025-08-26 10:21:38,394 - easytorch-training - INFO - Result <train>: [train/time: 2.95 (s), train/lr: 1.50e-04, train/loss: 0.3455, train/MAE: 0.3455, train/MSE: 0.2738]
2025-08-26 10:21:38,395 - easytorch-training - INFO - Start validation.
2025-08-26 10:21:39,118 - easytorch-training - INFO - Result <val>: [val/time: 0.72 (s), val/loss: 0.4008, val/MAE: 0.4008, val/MSE: 0.3818]
2025-08-26 10:21:39,832 - easytorch-training - INFO - Result <test>: [test/time: 0.71 (s), test/loss: 0.3355, test/MAE: 0.3355, test/MSE: 0.2974]
2025-08-26 10:21:39,836 - easytorch-training - INFO - Checkpoint checkpoints/DLinear/ETTm1_100_336_96/1514159180707450e1fb2116cbfe9257/DLinear_014.pt saved
2025-08-26 10:21:39,836 - easytorch-training - INFO - The estimated training finish time is 2025-08-26 10:28:03
2025-08-26 10:21:39,836 - easytorch-training - INFO - Epoch 15 / 100
2025-08-26 10:21:42,771 - easytorch-training - INFO - Result <train>: [train/time: 2.93 (s), train/lr: 1.50e-04, train/loss: 0.3454, train/MAE: 0.3454, train/MSE: 0.2738]
2025-08-26 10:21:42,772 - easytorch-training - INFO - Start validation.
2025-08-26 10:21:43,512 - easytorch-training - INFO - Result <val>: [val/time: 0.74 (s), val/loss: 0.3997, val/MAE: 0.3997, val/MSE: 0.3791]
2025-08-26 10:21:44,229 - easytorch-training - INFO - Result <test>: [test/time: 0.72 (s), test/loss: 0.3356, test/MAE: 0.3356, test/MSE: 0.2972]
2025-08-26 10:21:44,233 - easytorch-training - INFO - Checkpoint checkpoints/DLinear/ETTm1_100_336_96/1514159180707450e1fb2116cbfe9257/DLinear_015.pt saved
2025-08-26 10:21:44,233 - easytorch-training - INFO - The estimated training finish time is 2025-08-26 10:28:02
2025-08-26 10:21:44,233 - easytorch-training - INFO - Epoch 16 / 100
2025-08-26 10:21:47,184 - easytorch-training - INFO - Result <train>: [train/time: 2.95 (s), train/lr: 1.50e-04, train/loss: 0.3455, train/MAE: 0.3455, train/MSE: 0.2737]
2025-08-26 10:21:47,185 - easytorch-training - INFO - Start validation.
2025-08-26 10:21:47,910 - easytorch-training - INFO - Result <val>: [val/time: 0.72 (s), val/loss: 0.3997, val/MAE: 0.3997, val/MSE: 0.3784]
2025-08-26 10:21:48,627 - easytorch-training - INFO - Result <test>: [test/time: 0.72 (s), test/loss: 0.3360, test/MAE: 0.3360, test/MSE: 0.2977]
2025-08-26 10:21:48,632 - easytorch-training - INFO - Checkpoint checkpoints/DLinear/ETTm1_100_336_96/1514159180707450e1fb2116cbfe9257/DLinear_016.pt saved
2025-08-26 10:21:48,632 - easytorch-training - INFO - The estimated training finish time is 2025-08-26 10:28:02
2025-08-26 10:21:48,633 - easytorch-training - INFO - Epoch 17 / 100
2025-08-26 10:21:51,575 - easytorch-training - INFO - Result <train>: [train/time: 2.94 (s), train/lr: 1.50e-04, train/loss: 0.3455, train/MAE: 0.3455, train/MSE: 0.2738]
2025-08-26 10:21:51,576 - easytorch-training - INFO - Start validation.
2025-08-26 10:21:52,298 - easytorch-training - INFO - Result <val>: [val/time: 0.72 (s), val/loss: 0.4007, val/MAE: 0.4007, val/MSE: 0.3802]
2025-08-26 10:21:53,009 - easytorch-training - INFO - Result <test>: [test/time: 0.71 (s), test/loss: 0.3351, test/MAE: 0.3351, test/MSE: 0.2966]
2025-08-26 10:21:53,013 - easytorch-training - INFO - Checkpoint checkpoints/DLinear/ETTm1_100_336_96/1514159180707450e1fb2116cbfe9257/DLinear_017.pt saved
2025-08-26 10:21:53,013 - easytorch-training - INFO - The estimated training finish time is 2025-08-26 10:28:02
2025-08-26 10:21:53,013 - easytorch-training - INFO - Epoch 18 / 100
2025-08-26 10:21:55,966 - easytorch-training - INFO - Result <train>: [train/time: 2.95 (s), train/lr: 1.50e-04, train/loss: 0.3454, train/MAE: 0.3454, train/MSE: 0.2737]
2025-08-26 10:21:55,967 - easytorch-training - INFO - Start validation.
2025-08-26 10:21:56,680 - easytorch-training - INFO - Result <val>: [val/time: 0.71 (s), val/loss: 0.4010, val/MAE: 0.4010, val/MSE: 0.3818]
2025-08-26 10:21:57,389 - easytorch-training - INFO - Result <test>: [test/time: 0.71 (s), test/loss: 0.3353, test/MAE: 0.3353, test/MSE: 0.2972]
2025-08-26 10:21:57,393 - easytorch-training - INFO - Checkpoint checkpoints/DLinear/ETTm1_100_336_96/1514159180707450e1fb2116cbfe9257/DLinear_018.pt saved
2025-08-26 10:21:57,393 - easytorch-training - INFO - The estimated training finish time is 2025-08-26 10:28:01
2025-08-26 10:21:57,393 - easytorch-training - INFO - Epoch 19 / 100
2025-08-26 10:22:00,349 - easytorch-training - INFO - Result <train>: [train/time: 2.96 (s), train/lr: 1.50e-04, train/loss: 0.3455, train/MAE: 0.3455, train/MSE: 0.2739]
2025-08-26 10:22:00,350 - easytorch-training - INFO - Start validation.
2025-08-26 10:22:01,061 - easytorch-training - INFO - Result <val>: [val/time: 0.71 (s), val/loss: 0.4014, val/MAE: 0.4014, val/MSE: 0.3837]
2025-08-26 10:22:01,769 - easytorch-training - INFO - Result <test>: [test/time: 0.71 (s), test/loss: 0.3347, test/MAE: 0.3347, test/MSE: 0.2965]
2025-08-26 10:22:01,773 - easytorch-training - INFO - Checkpoint checkpoints/DLinear/ETTm1_100_336_96/1514159180707450e1fb2116cbfe9257/DLinear_019.pt saved
2025-08-26 10:22:01,773 - easytorch-training - INFO - The estimated training finish time is 2025-08-26 10:28:01
2025-08-26 10:22:01,773 - easytorch-training - INFO - Epoch 20 / 100
2025-08-26 10:22:04,744 - easytorch-training - INFO - Result <train>: [train/time: 2.97 (s), train/lr: 1.50e-04, train/loss: 0.3454, train/MAE: 0.3454, train/MSE: 0.2737]
2025-08-26 10:22:04,745 - easytorch-training - INFO - Start validation.
2025-08-26 10:22:05,451 - easytorch-training - INFO - Result <val>: [val/time: 0.71 (s), val/loss: 0.3998, val/MAE: 0.3998, val/MSE: 0.3787]
2025-08-26 10:22:06,165 - easytorch-training - INFO - Result <test>: [test/time: 0.71 (s), test/loss: 0.3356, test/MAE: 0.3356, test/MSE: 0.2973]
2025-08-26 10:22:06,169 - easytorch-training - INFO - Checkpoint checkpoints/DLinear/ETTm1_100_336_96/1514159180707450e1fb2116cbfe9257/DLinear_020.pt saved
2025-08-26 10:22:06,171 - easytorch-training - INFO - The estimated training finish time is 2025-08-26 10:28:01
2025-08-26 10:22:06,171 - easytorch-training - INFO - Epoch 21 / 100
2025-08-26 10:22:09,128 - easytorch-training - INFO - Result <train>: [train/time: 2.96 (s), train/lr: 1.50e-04, train/loss: 0.3455, train/MAE: 0.3455, train/MSE: 0.2738]
2025-08-26 10:22:09,129 - easytorch-training - INFO - Start validation.
2025-08-26 10:22:09,845 - easytorch-training - INFO - Result <val>: [val/time: 0.72 (s), val/loss: 0.3992, val/MAE: 0.3992, val/MSE: 0.3798]
2025-08-26 10:22:09,853 - easytorch-training - INFO - Checkpoint checkpoints/DLinear/ETTm1_100_336_96/1514159180707450e1fb2116cbfe9257/DLinear_best_val_MAE.pt saved
2025-08-26 10:22:10,580 - easytorch-training - INFO - Result <test>: [test/time: 0.73 (s), test/loss: 0.3354, test/MAE: 0.3354, test/MSE: 0.2973]
2025-08-26 10:22:10,584 - easytorch-training - INFO - Checkpoint checkpoints/DLinear/ETTm1_100_336_96/1514159180707450e1fb2116cbfe9257/DLinear_021.pt saved
2025-08-26 10:22:10,584 - easytorch-training - INFO - The estimated training finish time is 2025-08-26 10:28:01
2025-08-26 10:22:10,584 - easytorch-training - INFO - Epoch 22 / 100
2025-08-26 10:22:13,532 - easytorch-training - INFO - Result <train>: [train/time: 2.95 (s), train/lr: 1.50e-04, train/loss: 0.3455, train/MAE: 0.3455, train/MSE: 0.2739]
2025-08-26 10:22:13,533 - easytorch-training - INFO - Start validation.
2025-08-26 10:22:14,248 - easytorch-training - INFO - Result <val>: [val/time: 0.71 (s), val/loss: 0.3996, val/MAE: 0.3996, val/MSE: 0.3769]
2025-08-26 10:22:14,970 - easytorch-training - INFO - Result <test>: [test/time: 0.72 (s), test/loss: 0.3360, test/MAE: 0.3360, test/MSE: 0.2971]
2025-08-26 10:22:14,974 - easytorch-training - INFO - Checkpoint checkpoints/DLinear/ETTm1_100_336_96/1514159180707450e1fb2116cbfe9257/DLinear_022.pt saved
2025-08-26 10:22:14,974 - easytorch-training - INFO - The estimated training finish time is 2025-08-26 10:28:00
2025-08-26 10:22:14,974 - easytorch-training - INFO - Epoch 23 / 100
2025-08-26 10:22:17,903 - easytorch-training - INFO - Result <train>: [train/time: 2.93 (s), train/lr: 1.50e-04, train/loss: 0.3455, train/MAE: 0.3455, train/MSE: 0.2739]
2025-08-26 10:22:17,904 - easytorch-training - INFO - Start validation.
2025-08-26 10:22:18,621 - easytorch-training - INFO - Result <val>: [val/time: 0.72 (s), val/loss: 0.4006, val/MAE: 0.4006, val/MSE: 0.3798]
2025-08-26 10:22:19,350 - easytorch-training - INFO - Result <test>: [test/time: 0.73 (s), test/loss: 0.3357, test/MAE: 0.3357, test/MSE: 0.2971]
2025-08-26 10:22:19,354 - easytorch-training - INFO - Checkpoint checkpoints/DLinear/ETTm1_100_336_96/1514159180707450e1fb2116cbfe9257/DLinear_023.pt saved
2025-08-26 10:22:19,354 - easytorch-training - INFO - The estimated training finish time is 2025-08-26 10:28:00
2025-08-26 10:22:19,354 - easytorch-training - INFO - Epoch 24 / 100
2025-08-26 10:22:22,284 - easytorch-training - INFO - Result <train>: [train/time: 2.93 (s), train/lr: 1.50e-04, train/loss: 0.3454, train/MAE: 0.3454, train/MSE: 0.2737]
2025-08-26 10:22:22,285 - easytorch-training - INFO - Start validation.
2025-08-26 10:22:23,007 - easytorch-training - INFO - Result <val>: [val/time: 0.72 (s), val/loss: 0.3993, val/MAE: 0.3993, val/MSE: 0.3776]
2025-08-26 10:22:23,731 - easytorch-training - INFO - Result <test>: [test/time: 0.72 (s), test/loss: 0.3357, test/MAE: 0.3357, test/MSE: 0.2974]
2025-08-26 10:22:23,735 - easytorch-training - INFO - Checkpoint checkpoints/DLinear/ETTm1_100_336_96/1514159180707450e1fb2116cbfe9257/DLinear_024.pt saved
2025-08-26 10:22:23,735 - easytorch-training - INFO - The estimated training finish time is 2025-08-26 10:28:00
2025-08-26 10:22:23,735 - easytorch-training - INFO - Epoch 25 / 100
2025-08-26 10:22:26,667 - easytorch-training - INFO - Result <train>: [train/time: 2.93 (s), train/lr: 1.50e-04, train/loss: 0.3455, train/MAE: 0.3455, train/MSE: 0.2738]
2025-08-26 10:22:26,667 - easytorch-training - INFO - Start validation.
2025-08-26 10:22:27,391 - easytorch-training - INFO - Result <val>: [val/time: 0.72 (s), val/loss: 0.4007, val/MAE: 0.4007, val/MSE: 0.3809]
2025-08-26 10:22:28,146 - easytorch-training - INFO - Result <test>: [test/time: 0.75 (s), test/loss: 0.3357, test/MAE: 0.3357, test/MSE: 0.2973]
2025-08-26 10:22:28,150 - easytorch-training - INFO - Checkpoint checkpoints/DLinear/ETTm1_100_336_96/1514159180707450e1fb2116cbfe9257/DLinear_025.pt saved
2025-08-26 10:22:28,151 - easytorch-training - INFO - The estimated training finish time is 2025-08-26 10:28:00
2025-08-26 10:22:28,151 - easytorch-training - INFO - Epoch 26 / 100
2025-08-26 10:22:31,106 - easytorch-training - INFO - Result <train>: [train/time: 2.95 (s), train/lr: 7.50e-05, train/loss: 0.3450, train/MAE: 0.3450, train/MSE: 0.2734]
2025-08-26 10:22:31,106 - easytorch-training - INFO - Start validation.
2025-08-26 10:22:31,839 - easytorch-training - INFO - Result <val>: [val/time: 0.73 (s), val/loss: 0.4000, val/MAE: 0.4000, val/MSE: 0.3802]
2025-08-26 10:22:32,554 - easytorch-training - INFO - Result <test>: [test/time: 0.71 (s), test/loss: 0.3355, test/MAE: 0.3355, test/MSE: 0.2972]
2025-08-26 10:22:32,559 - easytorch-training - INFO - Checkpoint checkpoints/DLinear/ETTm1_100_336_96/1514159180707450e1fb2116cbfe9257/DLinear_026.pt saved
2025-08-26 10:22:32,559 - easytorch-training - INFO - The estimated training finish time is 2025-08-26 10:28:00
2025-08-26 10:22:32,559 - easytorch-training - INFO - Epoch 27 / 100
2025-08-26 10:22:35,563 - easytorch-training - INFO - Result <train>: [train/time: 3.00 (s), train/lr: 7.50e-05, train/loss: 0.3450, train/MAE: 0.3450, train/MSE: 0.2734]
2025-08-26 10:22:35,564 - easytorch-training - INFO - Start validation.
2025-08-26 10:22:36,285 - easytorch-training - INFO - Result <val>: [val/time: 0.72 (s), val/loss: 0.3999, val/MAE: 0.3999, val/MSE: 0.3799]
2025-08-26 10:22:36,995 - easytorch-training - INFO - Result <test>: [test/time: 0.71 (s), test/loss: 0.3347, test/MAE: 0.3347, test/MSE: 0.2964]
2025-08-26 10:22:36,999 - easytorch-training - INFO - Checkpoint checkpoints/DLinear/ETTm1_100_336_96/1514159180707450e1fb2116cbfe9257/DLinear_027.pt saved
2025-08-26 10:22:36,999 - easytorch-training - INFO - The estimated training finish time is 2025-08-26 10:28:00
2025-08-26 10:22:36,999 - easytorch-training - INFO - Epoch 28 / 100
2025-08-26 10:22:39,990 - easytorch-training - INFO - Result <train>: [train/time: 2.99 (s), train/lr: 7.50e-05, train/loss: 0.3450, train/MAE: 0.3450, train/MSE: 0.2734]
2025-08-26 10:22:39,991 - easytorch-training - INFO - Start validation.
2025-08-26 10:22:40,702 - easytorch-training - INFO - Result <val>: [val/time: 0.71 (s), val/loss: 0.3994, val/MAE: 0.3994, val/MSE: 0.3791]
2025-08-26 10:22:41,413 - easytorch-training - INFO - Result <test>: [test/time: 0.71 (s), test/loss: 0.3351, test/MAE: 0.3351, test/MSE: 0.2969]
2025-08-26 10:22:41,417 - easytorch-training - INFO - Checkpoint checkpoints/DLinear/ETTm1_100_336_96/1514159180707450e1fb2116cbfe9257/DLinear_028.pt saved
2025-08-26 10:22:41,417 - easytorch-training - INFO - The estimated training finish time is 2025-08-26 10:28:00
2025-08-26 10:22:41,417 - easytorch-training - INFO - Epoch 29 / 100
2025-08-26 10:22:44,428 - easytorch-training - INFO - Result <train>: [train/time: 3.01 (s), train/lr: 7.50e-05, train/loss: 0.3450, train/MAE: 0.3450, train/MSE: 0.2734]
2025-08-26 10:22:44,429 - easytorch-training - INFO - Start validation.
2025-08-26 10:22:45,143 - easytorch-training - INFO - Result <val>: [val/time: 0.71 (s), val/loss: 0.3995, val/MAE: 0.3995, val/MSE: 0.3799]
2025-08-26 10:22:45,854 - easytorch-training - INFO - Result <test>: [test/time: 0.71 (s), test/loss: 0.3353, test/MAE: 0.3353, test/MSE: 0.2974]
2025-08-26 10:22:45,858 - easytorch-training - INFO - Checkpoint checkpoints/DLinear/ETTm1_100_336_96/1514159180707450e1fb2116cbfe9257/DLinear_029.pt saved
2025-08-26 10:22:45,858 - easytorch-training - INFO - The estimated training finish time is 2025-08-26 10:28:00
2025-08-26 10:22:45,858 - easytorch-training - INFO - Epoch 30 / 100
2025-08-26 10:22:48,825 - easytorch-training - INFO - Result <train>: [train/time: 2.97 (s), train/lr: 7.50e-05, train/loss: 0.3450, train/MAE: 0.3450, train/MSE: 0.2735]
2025-08-26 10:22:48,826 - easytorch-training - INFO - Start validation.
2025-08-26 10:22:49,581 - easytorch-training - INFO - Result <val>: [val/time: 0.76 (s), val/loss: 0.4001, val/MAE: 0.4001, val/MSE: 0.3792]
2025-08-26 10:22:50,312 - easytorch-training - INFO - Result <test>: [test/time: 0.73 (s), test/loss: 0.3350, test/MAE: 0.3350, test/MSE: 0.2964]
2025-08-26 10:22:50,316 - easytorch-training - INFO - Checkpoint checkpoints/DLinear/ETTm1_100_336_96/1514159180707450e1fb2116cbfe9257/DLinear_030.pt saved
2025-08-26 10:22:50,318 - easytorch-training - INFO - The estimated training finish time is 2025-08-26 10:28:00
2025-08-26 10:22:50,318 - easytorch-training - INFO - Epoch 31 / 100
2025-08-26 10:22:53,250 - easytorch-training - INFO - Result <train>: [train/time: 2.93 (s), train/lr: 7.50e-05, train/loss: 0.3450, train/MAE: 0.3450, train/MSE: 0.2734]
2025-08-26 10:22:53,250 - easytorch-training - INFO - Start validation.
2025-08-26 10:22:53,970 - easytorch-training - INFO - Result <val>: [val/time: 0.72 (s), val/loss: 0.4007, val/MAE: 0.4007, val/MSE: 0.3825]
2025-08-26 10:22:54,704 - easytorch-training - INFO - Result <test>: [test/time: 0.73 (s), test/loss: 0.3349, test/MAE: 0.3349, test/MSE: 0.2972]
2025-08-26 10:22:54,711 - easytorch-training - INFO - Checkpoint checkpoints/DLinear/ETTm1_100_336_96/1514159180707450e1fb2116cbfe9257/DLinear_031.pt saved
2025-08-26 10:22:54,711 - easytorch-training - INFO - The estimated training finish time is 2025-08-26 10:28:00
2025-08-26 10:22:54,711 - easytorch-training - INFO - Epoch 32 / 100
2025-08-26 10:22:57,645 - easytorch-training - INFO - Result <train>: [train/time: 2.93 (s), train/lr: 7.50e-05, train/loss: 0.3450, train/MAE: 0.3450, train/MSE: 0.2735]
2025-08-26 10:22:57,646 - easytorch-training - INFO - Start validation.
2025-08-26 10:22:58,365 - easytorch-training - INFO - Result <val>: [val/time: 0.72 (s), val/loss: 0.3997, val/MAE: 0.3997, val/MSE: 0.3793]
2025-08-26 10:22:59,093 - easytorch-training - INFO - Result <test>: [test/time: 0.73 (s), test/loss: 0.3351, test/MAE: 0.3351, test/MSE: 0.2972]
2025-08-26 10:22:59,097 - easytorch-training - INFO - Checkpoint checkpoints/DLinear/ETTm1_100_336_96/1514159180707450e1fb2116cbfe9257/DLinear_032.pt saved
2025-08-26 10:22:59,097 - easytorch-training - INFO - The estimated training finish time is 2025-08-26 10:28:00
2025-08-26 10:22:59,097 - easytorch-training - INFO - Epoch 33 / 100
2025-08-26 10:23:02,026 - easytorch-training - INFO - Result <train>: [train/time: 2.93 (s), train/lr: 7.50e-05, train/loss: 0.3450, train/MAE: 0.3450, train/MSE: 0.2735]
2025-08-26 10:23:02,027 - easytorch-training - INFO - Start validation.
2025-08-26 10:23:02,743 - easytorch-training - INFO - Result <val>: [val/time: 0.72 (s), val/loss: 0.3999, val/MAE: 0.3999, val/MSE: 0.3791]
2025-08-26 10:23:03,468 - easytorch-training - INFO - Result <test>: [test/time: 0.72 (s), test/loss: 0.3349, test/MAE: 0.3349, test/MSE: 0.2967]
2025-08-26 10:23:03,472 - easytorch-training - INFO - Checkpoint checkpoints/DLinear/ETTm1_100_336_96/1514159180707450e1fb2116cbfe9257/DLinear_033.pt saved
2025-08-26 10:23:03,472 - easytorch-training - INFO - The estimated training finish time is 2025-08-26 10:27:59
2025-08-26 10:23:03,472 - easytorch-training - INFO - Epoch 34 / 100
2025-08-26 10:23:06,405 - easytorch-training - INFO - Result <train>: [train/time: 2.93 (s), train/lr: 7.50e-05, train/loss: 0.3450, train/MAE: 0.3450, train/MSE: 0.2734]
2025-08-26 10:23:06,406 - easytorch-training - INFO - Start validation.
2025-08-26 10:23:07,129 - easytorch-training - INFO - Result <val>: [val/time: 0.72 (s), val/loss: 0.3999, val/MAE: 0.3999, val/MSE: 0.3801]
2025-08-26 10:23:07,837 - easytorch-training - INFO - Result <test>: [test/time: 0.71 (s), test/loss: 0.3348, test/MAE: 0.3348, test/MSE: 0.2966]
2025-08-26 10:23:07,841 - easytorch-training - INFO - Checkpoint checkpoints/DLinear/ETTm1_100_336_96/1514159180707450e1fb2116cbfe9257/DLinear_034.pt saved
2025-08-26 10:23:07,841 - easytorch-training - INFO - The estimated training finish time is 2025-08-26 10:27:59
2025-08-26 10:23:07,841 - easytorch-training - INFO - Epoch 35 / 100
2025-08-26 10:23:10,782 - easytorch-training - INFO - Result <train>: [train/time: 2.94 (s), train/lr: 7.50e-05, train/loss: 0.3450, train/MAE: 0.3450, train/MSE: 0.2735]
2025-08-26 10:23:10,783 - easytorch-training - INFO - Start validation.
2025-08-26 10:23:11,507 - easytorch-training - INFO - Result <val>: [val/time: 0.72 (s), val/loss: 0.3991, val/MAE: 0.3991, val/MSE: 0.3779]
2025-08-26 10:23:11,511 - easytorch-training - INFO - Checkpoint checkpoints/DLinear/ETTm1_100_336_96/1514159180707450e1fb2116cbfe9257/DLinear_best_val_MAE.pt saved
2025-08-26 10:23:12,230 - easytorch-training - INFO - Result <test>: [test/time: 0.72 (s), test/loss: 0.3351, test/MAE: 0.3351, test/MSE: 0.2968]
2025-08-26 10:23:12,234 - easytorch-training - INFO - Checkpoint checkpoints/DLinear/ETTm1_100_336_96/1514159180707450e1fb2116cbfe9257/DLinear_035.pt saved
2025-08-26 10:23:12,235 - easytorch-training - INFO - The estimated training finish time is 2025-08-26 10:27:59
2025-08-26 10:23:12,235 - easytorch-training - INFO - Epoch 36 / 100
2025-08-26 10:23:15,179 - easytorch-training - INFO - Result <train>: [train/time: 2.94 (s), train/lr: 7.50e-05, train/loss: 0.3450, train/MAE: 0.3450, train/MSE: 0.2734]
2025-08-26 10:23:15,180 - easytorch-training - INFO - Start validation.
2025-08-26 10:23:15,910 - easytorch-training - INFO - Result <val>: [val/time: 0.73 (s), val/loss: 0.3988, val/MAE: 0.3988, val/MSE: 0.3767]
2025-08-26 10:23:15,914 - easytorch-training - INFO - Checkpoint checkpoints/DLinear/ETTm1_100_336_96/1514159180707450e1fb2116cbfe9257/DLinear_best_val_MAE.pt saved
2025-08-26 10:23:16,624 - easytorch-training - INFO - Result <test>: [test/time: 0.71 (s), test/loss: 0.3354, test/MAE: 0.3354, test/MSE: 0.2969]
2025-08-26 10:23:16,627 - easytorch-training - INFO - Checkpoint checkpoints/DLinear/ETTm1_100_336_96/1514159180707450e1fb2116cbfe9257/DLinear_036.pt saved
2025-08-26 10:23:16,628 - easytorch-training - INFO - The estimated training finish time is 2025-08-26 10:27:59
2025-08-26 10:23:16,628 - easytorch-training - INFO - Epoch 37 / 100
2025-08-26 10:23:19,587 - easytorch-training - INFO - Result <train>: [train/time: 2.96 (s), train/lr: 7.50e-05, train/loss: 0.3450, train/MAE: 0.3450, train/MSE: 0.2734]
2025-08-26 10:23:19,589 - easytorch-training - INFO - Start validation.
2025-08-26 10:23:20,296 - easytorch-training - INFO - Result <val>: [val/time: 0.71 (s), val/loss: 0.3994, val/MAE: 0.3994, val/MSE: 0.3768]
2025-08-26 10:23:21,009 - easytorch-training - INFO - Result <test>: [test/time: 0.71 (s), test/loss: 0.3355, test/MAE: 0.3355, test/MSE: 0.2967]
2025-08-26 10:23:21,013 - easytorch-training - INFO - Checkpoint checkpoints/DLinear/ETTm1_100_336_96/1514159180707450e1fb2116cbfe9257/DLinear_037.pt saved
2025-08-26 10:23:21,013 - easytorch-training - INFO - The estimated training finish time is 2025-08-26 10:27:59
2025-08-26 10:23:21,013 - easytorch-training - INFO - Epoch 38 / 100
2025-08-26 10:23:24,006 - easytorch-training - INFO - Result <train>: [train/time: 2.99 (s), train/lr: 7.50e-05, train/loss: 0.3450, train/MAE: 0.3450, train/MSE: 0.2735]
2025-08-26 10:23:24,007 - easytorch-training - INFO - Start validation.
2025-08-26 10:23:24,717 - easytorch-training - INFO - Result <val>: [val/time: 0.71 (s), val/loss: 0.4004, val/MAE: 0.4004, val/MSE: 0.3808]
2025-08-26 10:23:25,440 - easytorch-training - INFO - Result <test>: [test/time: 0.72 (s), test/loss: 0.3345, test/MAE: 0.3345, test/MSE: 0.2964]
2025-08-26 10:23:25,444 - easytorch-training - INFO - Checkpoint checkpoints/DLinear/ETTm1_100_336_96/1514159180707450e1fb2116cbfe9257/DLinear_038.pt saved
2025-08-26 10:23:25,444 - easytorch-training - INFO - The estimated training finish time is 2025-08-26 10:27:59
2025-08-26 10:23:25,444 - easytorch-training - INFO - Epoch 39 / 100
2025-08-26 10:23:28,442 - easytorch-training - INFO - Result <train>: [train/time: 3.00 (s), train/lr: 7.50e-05, train/loss: 0.3450, train/MAE: 0.3450, train/MSE: 0.2734]
2025-08-26 10:23:28,443 - easytorch-training - INFO - Start validation.
2025-08-26 10:23:29,156 - easytorch-training - INFO - Result <val>: [val/time: 0.71 (s), val/loss: 0.4003, val/MAE: 0.4003, val/MSE: 0.3802]
2025-08-26 10:23:29,871 - easytorch-training - INFO - Result <test>: [test/time: 0.71 (s), test/loss: 0.3347, test/MAE: 0.3347, test/MSE: 0.2961]
2025-08-26 10:23:29,875 - easytorch-training - INFO - Checkpoint checkpoints/DLinear/ETTm1_100_336_96/1514159180707450e1fb2116cbfe9257/DLinear_039.pt saved
2025-08-26 10:23:29,875 - easytorch-training - INFO - The estimated training finish time is 2025-08-26 10:27:59
2025-08-26 10:23:29,875 - easytorch-training - INFO - Epoch 40 / 100
2025-08-26 10:23:32,817 - easytorch-training - INFO - Result <train>: [train/time: 2.94 (s), train/lr: 7.50e-05, train/loss: 0.3450, train/MAE: 0.3450, train/MSE: 0.2735]
2025-08-26 10:23:32,818 - easytorch-training - INFO - Start validation.
2025-08-26 10:23:33,564 - easytorch-training - INFO - Result <val>: [val/time: 0.75 (s), val/loss: 0.4001, val/MAE: 0.4001, val/MSE: 0.3801]
2025-08-26 10:23:34,296 - easytorch-training - INFO - Result <test>: [test/time: 0.73 (s), test/loss: 0.3350, test/MAE: 0.3350, test/MSE: 0.2969]
2025-08-26 10:23:34,302 - easytorch-training - INFO - Checkpoint checkpoints/DLinear/ETTm1_100_336_96/1514159180707450e1fb2116cbfe9257/DLinear_040.pt saved
2025-08-26 10:23:34,303 - easytorch-training - INFO - The estimated training finish time is 2025-08-26 10:27:59
2025-08-26 10:23:34,303 - easytorch-training - INFO - Epoch 41 / 100
2025-08-26 10:23:37,247 - easytorch-training - INFO - Result <train>: [train/time: 2.94 (s), train/lr: 7.50e-05, train/loss: 0.3450, train/MAE: 0.3450, train/MSE: 0.2734]
2025-08-26 10:23:37,248 - easytorch-training - INFO - Start validation.
2025-08-26 10:23:37,958 - easytorch-training - INFO - Result <val>: [val/time: 0.71 (s), val/loss: 0.3998, val/MAE: 0.3998, val/MSE: 0.3802]
2025-08-26 10:23:38,711 - easytorch-training - INFO - Result <test>: [test/time: 0.75 (s), test/loss: 0.3349, test/MAE: 0.3349, test/MSE: 0.2969]
2025-08-26 10:23:38,715 - easytorch-training - INFO - Checkpoint checkpoints/DLinear/ETTm1_100_336_96/1514159180707450e1fb2116cbfe9257/DLinear_041.pt saved
2025-08-26 10:23:38,715 - easytorch-training - INFO - The estimated training finish time is 2025-08-26 10:27:59
2025-08-26 10:23:38,715 - easytorch-training - INFO - Epoch 42 / 100
2025-08-26 10:23:41,663 - easytorch-training - INFO - Result <train>: [train/time: 2.95 (s), train/lr: 7.50e-05, train/loss: 0.3450, train/MAE: 0.3450, train/MSE: 0.2735]
2025-08-26 10:23:41,664 - easytorch-training - INFO - Start validation.
2025-08-26 10:23:42,375 - easytorch-training - INFO - Result <val>: [val/time: 0.71 (s), val/loss: 0.4010, val/MAE: 0.4010, val/MSE: 0.3824]
2025-08-26 10:23:43,107 - easytorch-training - INFO - Result <test>: [test/time: 0.73 (s), test/loss: 0.3349, test/MAE: 0.3349, test/MSE: 0.2967]
2025-08-26 10:23:43,110 - easytorch-training - INFO - Checkpoint checkpoints/DLinear/ETTm1_100_336_96/1514159180707450e1fb2116cbfe9257/DLinear_042.pt saved
2025-08-26 10:23:43,111 - easytorch-training - INFO - The estimated training finish time is 2025-08-26 10:27:59
2025-08-26 10:23:43,111 - easytorch-training - INFO - Epoch 43 / 100
2025-08-26 10:23:46,082 - easytorch-training - INFO - Result <train>: [train/time: 2.97 (s), train/lr: 7.50e-05, train/loss: 0.3450, train/MAE: 0.3450, train/MSE: 0.2734]
2025-08-26 10:23:46,083 - easytorch-training - INFO - Start validation.
2025-08-26 10:23:46,813 - easytorch-training - INFO - Result <val>: [val/time: 0.73 (s), val/loss: 0.3997, val/MAE: 0.3997, val/MSE: 0.3784]
2025-08-26 10:23:47,530 - easytorch-training - INFO - Result <test>: [test/time: 0.72 (s), test/loss: 0.3350, test/MAE: 0.3350, test/MSE: 0.2964]
2025-08-26 10:23:47,534 - easytorch-training - INFO - Checkpoint checkpoints/DLinear/ETTm1_100_336_96/1514159180707450e1fb2116cbfe9257/DLinear_043.pt saved
2025-08-26 10:23:47,534 - easytorch-training - INFO - The estimated training finish time is 2025-08-26 10:27:59
2025-08-26 10:23:47,534 - easytorch-training - INFO - Epoch 44 / 100
2025-08-26 10:23:50,510 - easytorch-training - INFO - Result <train>: [train/time: 2.98 (s), train/lr: 7.50e-05, train/loss: 0.3450, train/MAE: 0.3450, train/MSE: 0.2735]
2025-08-26 10:23:50,511 - easytorch-training - INFO - Start validation.
2025-08-26 10:23:51,236 - easytorch-training - INFO - Result <val>: [val/time: 0.72 (s), val/loss: 0.4004, val/MAE: 0.4004, val/MSE: 0.3804]
2025-08-26 10:23:51,948 - easytorch-training - INFO - Result <test>: [test/time: 0.71 (s), test/loss: 0.3351, test/MAE: 0.3351, test/MSE: 0.2968]
2025-08-26 10:23:51,952 - easytorch-training - INFO - Checkpoint checkpoints/DLinear/ETTm1_100_336_96/1514159180707450e1fb2116cbfe9257/DLinear_044.pt saved
2025-08-26 10:23:51,952 - easytorch-training - INFO - The estimated training finish time is 2025-08-26 10:27:59
2025-08-26 10:23:51,952 - easytorch-training - INFO - Epoch 45 / 100
2025-08-26 10:23:54,931 - easytorch-training - INFO - Result <train>: [train/time: 2.98 (s), train/lr: 7.50e-05, train/loss: 0.3450, train/MAE: 0.3450, train/MSE: 0.2735]
2025-08-26 10:23:54,932 - easytorch-training - INFO - Start validation.
2025-08-26 10:23:55,657 - easytorch-training - INFO - Result <val>: [val/time: 0.72 (s), val/loss: 0.4002, val/MAE: 0.4002, val/MSE: 0.3798]
2025-08-26 10:23:56,372 - easytorch-training - INFO - Result <test>: [test/time: 0.71 (s), test/loss: 0.3349, test/MAE: 0.3349, test/MSE: 0.2966]
2025-08-26 10:23:56,379 - easytorch-training - INFO - Checkpoint checkpoints/DLinear/ETTm1_100_336_96/1514159180707450e1fb2116cbfe9257/DLinear_045.pt saved
2025-08-26 10:23:56,379 - easytorch-training - INFO - The estimated training finish time is 2025-08-26 10:27:59
2025-08-26 10:23:56,379 - easytorch-training - INFO - Epoch 46 / 100
2025-08-26 10:23:59,366 - easytorch-training - INFO - Result <train>: [train/time: 2.99 (s), train/lr: 7.50e-05, train/loss: 0.3450, train/MAE: 0.3450, train/MSE: 0.2734]
2025-08-26 10:23:59,367 - easytorch-training - INFO - Start validation.
2025-08-26 10:24:00,082 - easytorch-training - INFO - Result <val>: [val/time: 0.71 (s), val/loss: 0.3999, val/MAE: 0.3999, val/MSE: 0.3796]
2025-08-26 10:24:00,794 - easytorch-training - INFO - Result <test>: [test/time: 0.71 (s), test/loss: 0.3352, test/MAE: 0.3352, test/MSE: 0.2970]
2025-08-26 10:24:00,798 - easytorch-training - INFO - Checkpoint checkpoints/DLinear/ETTm1_100_336_96/1514159180707450e1fb2116cbfe9257/DLinear_046.pt saved
2025-08-26 10:24:00,798 - easytorch-training - INFO - The estimated training finish time is 2025-08-26 10:27:59
2025-08-26 10:24:00,798 - easytorch-training - INFO - Epoch 47 / 100
2025-08-26 10:24:03,786 - easytorch-training - INFO - Result <train>: [train/time: 2.99 (s), train/lr: 7.50e-05, train/loss: 0.3450, train/MAE: 0.3450, train/MSE: 0.2735]
2025-08-26 10:24:03,787 - easytorch-training - INFO - Start validation.
2025-08-26 10:24:04,500 - easytorch-training - INFO - Result <val>: [val/time: 0.71 (s), val/loss: 0.3996, val/MAE: 0.3996, val/MSE: 0.3793]
2025-08-26 10:24:05,211 - easytorch-training - INFO - Result <test>: [test/time: 0.71 (s), test/loss: 0.3348, test/MAE: 0.3348, test/MSE: 0.2965]
2025-08-26 10:24:05,214 - easytorch-training - INFO - Checkpoint checkpoints/DLinear/ETTm1_100_336_96/1514159180707450e1fb2116cbfe9257/DLinear_047.pt saved
2025-08-26 10:24:05,215 - easytorch-training - INFO - The estimated training finish time is 2025-08-26 10:27:59
2025-08-26 10:24:05,215 - easytorch-training - INFO - Epoch 48 / 100
2025-08-26 10:24:08,173 - easytorch-training - INFO - Result <train>: [train/time: 2.96 (s), train/lr: 7.50e-05, train/loss: 0.3450, train/MAE: 0.3450, train/MSE: 0.2734]
2025-08-26 10:24:08,174 - easytorch-training - INFO - Start validation.
2025-08-26 10:24:08,917 - easytorch-training - INFO - Result <val>: [val/time: 0.74 (s), val/loss: 0.4005, val/MAE: 0.4005, val/MSE: 0.3817]
2025-08-26 10:24:09,644 - easytorch-training - INFO - Result <test>: [test/time: 0.73 (s), test/loss: 0.3349, test/MAE: 0.3349, test/MSE: 0.2970]
2025-08-26 10:24:09,649 - easytorch-training - INFO - Checkpoint checkpoints/DLinear/ETTm1_100_336_96/1514159180707450e1fb2116cbfe9257/DLinear_048.pt saved
2025-08-26 10:24:09,649 - easytorch-training - INFO - The estimated training finish time is 2025-08-26 10:27:59
2025-08-26 10:24:09,649 - easytorch-training - INFO - Epoch 49 / 100
2025-08-26 10:24:12,589 - easytorch-training - INFO - Result <train>: [train/time: 2.94 (s), train/lr: 7.50e-05, train/loss: 0.3450, train/MAE: 0.3450, train/MSE: 0.2735]
2025-08-26 10:24:12,590 - easytorch-training - INFO - Start validation.
2025-08-26 10:24:13,309 - easytorch-training - INFO - Result <val>: [val/time: 0.72 (s), val/loss: 0.3994, val/MAE: 0.3994, val/MSE: 0.3795]
2025-08-26 10:24:14,062 - easytorch-training - INFO - Result <test>: [test/time: 0.75 (s), test/loss: 0.3350, test/MAE: 0.3350, test/MSE: 0.2971]
2025-08-26 10:24:14,066 - easytorch-training - INFO - Checkpoint checkpoints/DLinear/ETTm1_100_336_96/1514159180707450e1fb2116cbfe9257/DLinear_049.pt saved
2025-08-26 10:24:14,066 - easytorch-training - INFO - The estimated training finish time is 2025-08-26 10:27:59
2025-08-26 10:24:14,066 - easytorch-training - INFO - Epoch 50 / 100
2025-08-26 10:24:16,998 - easytorch-training - INFO - Result <train>: [train/time: 2.93 (s), train/lr: 7.50e-05, train/loss: 0.3450, train/MAE: 0.3450, train/MSE: 0.2735]
2025-08-26 10:24:16,999 - easytorch-training - INFO - Start validation.
2025-08-26 10:24:17,711 - easytorch-training - INFO - Result <val>: [val/time: 0.71 (s), val/loss: 0.4004, val/MAE: 0.4004, val/MSE: 0.3810]
2025-08-26 10:24:18,442 - easytorch-training - INFO - Result <test>: [test/time: 0.73 (s), test/loss: 0.3350, test/MAE: 0.3350, test/MSE: 0.2970]
2025-08-26 10:24:18,446 - easytorch-training - INFO - Checkpoint checkpoints/DLinear/ETTm1_100_336_96/1514159180707450e1fb2116cbfe9257/DLinear_050.pt saved
2025-08-26 10:24:18,448 - easytorch-training - INFO - The estimated training finish time is 2025-08-26 10:27:59
2025-08-26 10:24:18,448 - easytorch-training - INFO - Epoch 51 / 100
2025-08-26 10:24:21,406 - easytorch-training - INFO - Result <train>: [train/time: 2.96 (s), train/lr: 7.50e-05, train/loss: 0.3450, train/MAE: 0.3450, train/MSE: 0.2735]
2025-08-26 10:24:21,407 - easytorch-training - INFO - Start validation.
2025-08-26 10:24:22,121 - easytorch-training - INFO - Result <val>: [val/time: 0.71 (s), val/loss: 0.4010, val/MAE: 0.4010, val/MSE: 0.3832]
2025-08-26 10:24:22,849 - easytorch-training - INFO - Result <test>: [test/time: 0.73 (s), test/loss: 0.3354, test/MAE: 0.3354, test/MSE: 0.2977]
2025-08-26 10:24:22,853 - easytorch-training - INFO - Checkpoint checkpoints/DLinear/ETTm1_100_336_96/1514159180707450e1fb2116cbfe9257/DLinear_051.pt saved
2025-08-26 10:24:22,853 - easytorch-training - INFO - The estimated training finish time is 2025-08-26 10:27:59
2025-08-26 10:24:22,853 - easytorch-training - INFO - Epoch 52 / 100
2025-08-26 10:24:25,826 - easytorch-training - INFO - Result <train>: [train/time: 2.97 (s), train/lr: 7.50e-05, train/loss: 0.3450, train/MAE: 0.3450, train/MSE: 0.2735]
2025-08-26 10:24:25,827 - easytorch-training - INFO - Start validation.
2025-08-26 10:24:26,551 - easytorch-training - INFO - Result <val>: [val/time: 0.72 (s), val/loss: 0.4014, val/MAE: 0.4014, val/MSE: 0.3811]
2025-08-26 10:24:27,261 - easytorch-training - INFO - Result <test>: [test/time: 0.71 (s), test/loss: 0.3348, test/MAE: 0.3348, test/MSE: 0.2962]
2025-08-26 10:24:27,265 - easytorch-training - INFO - Checkpoint checkpoints/DLinear/ETTm1_100_336_96/1514159180707450e1fb2116cbfe9257/DLinear_052.pt saved
2025-08-26 10:24:27,265 - easytorch-training - INFO - The estimated training finish time is 2025-08-26 10:27:59
2025-08-26 10:24:27,265 - easytorch-training - INFO - Epoch 53 / 100
2025-08-26 10:24:30,240 - easytorch-training - INFO - Result <train>: [train/time: 2.97 (s), train/lr: 7.50e-05, train/loss: 0.3450, train/MAE: 0.3450, train/MSE: 0.2734]
2025-08-26 10:24:30,241 - easytorch-training - INFO - Start validation.
2025-08-26 10:24:30,975 - easytorch-training - INFO - Result <val>: [val/time: 0.73 (s), val/loss: 0.4001, val/MAE: 0.4001, val/MSE: 0.3804]
2025-08-26 10:24:31,686 - easytorch-training - INFO - Result <test>: [test/time: 0.71 (s), test/loss: 0.3347, test/MAE: 0.3347, test/MSE: 0.2967]
2025-08-26 10:24:31,690 - easytorch-training - INFO - Checkpoint checkpoints/DLinear/ETTm1_100_336_96/1514159180707450e1fb2116cbfe9257/DLinear_053.pt saved
2025-08-26 10:24:31,690 - easytorch-training - INFO - The estimated training finish time is 2025-08-26 10:27:59
2025-08-26 10:24:31,690 - easytorch-training - INFO - Epoch 54 / 100
2025-08-26 10:24:34,659 - easytorch-training - INFO - Result <train>: [train/time: 2.97 (s), train/lr: 7.50e-05, train/loss: 0.3450, train/MAE: 0.3450, train/MSE: 0.2735]
2025-08-26 10:24:34,660 - easytorch-training - INFO - Start validation.
2025-08-26 10:24:35,382 - easytorch-training - INFO - Result <val>: [val/time: 0.72 (s), val/loss: 0.4008, val/MAE: 0.4008, val/MSE: 0.3824]
2025-08-26 10:24:36,097 - easytorch-training - INFO - Result <test>: [test/time: 0.71 (s), test/loss: 0.3346, test/MAE: 0.3346, test/MSE: 0.2966]
2025-08-26 10:24:36,101 - easytorch-training - INFO - Checkpoint checkpoints/DLinear/ETTm1_100_336_96/1514159180707450e1fb2116cbfe9257/DLinear_054.pt saved
2025-08-26 10:24:36,101 - easytorch-training - INFO - The estimated training finish time is 2025-08-26 10:27:59
2025-08-26 10:24:36,101 - easytorch-training - INFO - Epoch 55 / 100
2025-08-26 10:24:39,082 - easytorch-training - INFO - Result <train>: [train/time: 2.98 (s), train/lr: 7.50e-05, train/loss: 0.3450, train/MAE: 0.3450, train/MSE: 0.2734]
2025-08-26 10:24:39,083 - easytorch-training - INFO - Start validation.
2025-08-26 10:24:39,800 - easytorch-training - INFO - Result <val>: [val/time: 0.72 (s), val/loss: 0.3994, val/MAE: 0.3994, val/MSE: 0.3791]
2025-08-26 10:24:40,513 - easytorch-training - INFO - Result <test>: [test/time: 0.71 (s), test/loss: 0.3353, test/MAE: 0.3353, test/MSE: 0.2974]
2025-08-26 10:24:40,517 - easytorch-training - INFO - Checkpoint checkpoints/DLinear/ETTm1_100_336_96/1514159180707450e1fb2116cbfe9257/DLinear_055.pt saved
2025-08-26 10:24:40,517 - easytorch-training - INFO - The estimated training finish time is 2025-08-26 10:27:59
2025-08-26 10:24:40,517 - easytorch-training - INFO - Epoch 56 / 100
2025-08-26 10:24:43,470 - easytorch-training - INFO - Result <train>: [train/time: 2.95 (s), train/lr: 7.50e-05, train/loss: 0.3450, train/MAE: 0.3450, train/MSE: 0.2734]
2025-08-26 10:24:43,471 - easytorch-training - INFO - Start validation.
2025-08-26 10:24:44,211 - easytorch-training - INFO - Result <val>: [val/time: 0.74 (s), val/loss: 0.4000, val/MAE: 0.4000, val/MSE: 0.3794]
2025-08-26 10:24:44,922 - easytorch-training - INFO - Result <test>: [test/time: 0.71 (s), test/loss: 0.3348, test/MAE: 0.3348, test/MSE: 0.2963]
2025-08-26 10:24:44,926 - easytorch-training - INFO - Checkpoint checkpoints/DLinear/ETTm1_100_336_96/1514159180707450e1fb2116cbfe9257/DLinear_056.pt saved
2025-08-26 10:24:44,926 - easytorch-training - INFO - The estimated training finish time is 2025-08-26 10:27:59
2025-08-26 10:24:44,926 - easytorch-training - INFO - Epoch 57 / 100
2025-08-26 10:24:47,882 - easytorch-training - INFO - Result <train>: [train/time: 2.96 (s), train/lr: 7.50e-05, train/loss: 0.3450, train/MAE: 0.3450, train/MSE: 0.2734]
2025-08-26 10:24:47,883 - easytorch-training - INFO - Start validation.
2025-08-26 10:24:48,601 - easytorch-training - INFO - Result <val>: [val/time: 0.72 (s), val/loss: 0.4004, val/MAE: 0.4004, val/MSE: 0.3813]
2025-08-26 10:24:49,355 - easytorch-training - INFO - Result <test>: [test/time: 0.75 (s), test/loss: 0.3353, test/MAE: 0.3353, test/MSE: 0.2968]
2025-08-26 10:24:49,359 - easytorch-training - INFO - Checkpoint checkpoints/DLinear/ETTm1_100_336_96/1514159180707450e1fb2116cbfe9257/DLinear_057.pt saved
2025-08-26 10:24:49,359 - easytorch-training - INFO - The estimated training finish time is 2025-08-26 10:27:59
2025-08-26 10:24:49,359 - easytorch-training - INFO - Epoch 58 / 100
2025-08-26 10:24:52,342 - easytorch-training - INFO - Result <train>: [train/time: 2.98 (s), train/lr: 7.50e-05, train/loss: 0.3450, train/MAE: 0.3450, train/MSE: 0.2734]
2025-08-26 10:24:52,343 - easytorch-training - INFO - Start validation.
2025-08-26 10:24:53,053 - easytorch-training - INFO - Result <val>: [val/time: 0.71 (s), val/loss: 0.3997, val/MAE: 0.3997, val/MSE: 0.3801]
2025-08-26 10:24:53,818 - easytorch-training - INFO - Result <test>: [test/time: 0.76 (s), test/loss: 0.3349, test/MAE: 0.3349, test/MSE: 0.2971]
2025-08-26 10:24:53,821 - easytorch-training - INFO - Checkpoint checkpoints/DLinear/ETTm1_100_336_96/1514159180707450e1fb2116cbfe9257/DLinear_058.pt saved
2025-08-26 10:24:53,822 - easytorch-training - INFO - The estimated training finish time is 2025-08-26 10:27:59
2025-08-26 10:24:53,822 - easytorch-training - INFO - Epoch 59 / 100
2025-08-26 10:24:56,761 - easytorch-training - INFO - Result <train>: [train/time: 2.94 (s), train/lr: 7.50e-05, train/loss: 0.3450, train/MAE: 0.3450, train/MSE: 0.2735]
2025-08-26 10:24:56,762 - easytorch-training - INFO - Start validation.
2025-08-26 10:24:57,474 - easytorch-training - INFO - Result <val>: [val/time: 0.71 (s), val/loss: 0.4009, val/MAE: 0.4009, val/MSE: 0.3818]
2025-08-26 10:24:58,206 - easytorch-training - INFO - Result <test>: [test/time: 0.73 (s), test/loss: 0.3351, test/MAE: 0.3351, test/MSE: 0.2970]
2025-08-26 10:24:58,210 - easytorch-training - INFO - Checkpoint checkpoints/DLinear/ETTm1_100_336_96/1514159180707450e1fb2116cbfe9257/DLinear_059.pt saved
2025-08-26 10:24:58,210 - easytorch-training - INFO - The estimated training finish time is 2025-08-26 10:27:59
2025-08-26 10:24:58,210 - easytorch-training - INFO - Epoch 60 / 100
2025-08-26 10:25:01,176 - easytorch-training - INFO - Result <train>: [train/time: 2.97 (s), train/lr: 7.50e-05, train/loss: 0.3450, train/MAE: 0.3450, train/MSE: 0.2734]
2025-08-26 10:25:01,177 - easytorch-training - INFO - Start validation.
2025-08-26 10:25:01,897 - easytorch-training - INFO - Result <val>: [val/time: 0.72 (s), val/loss: 0.3998, val/MAE: 0.3998, val/MSE: 0.3807]
2025-08-26 10:25:02,611 - easytorch-training - INFO - Result <test>: [test/time: 0.71 (s), test/loss: 0.3348, test/MAE: 0.3348, test/MSE: 0.2970]
2025-08-26 10:25:02,615 - easytorch-training - INFO - Checkpoint checkpoints/DLinear/ETTm1_100_336_96/1514159180707450e1fb2116cbfe9257/DLinear_060.pt saved
2025-08-26 10:25:02,617 - easytorch-training - INFO - The estimated training finish time is 2025-08-26 10:27:59
2025-08-26 10:25:02,617 - easytorch-training - INFO - Epoch 61 / 100
2025-08-26 10:25:05,584 - easytorch-training - INFO - Result <train>: [train/time: 2.97 (s), train/lr: 7.50e-05, train/loss: 0.3450, train/MAE: 0.3450, train/MSE: 0.2735]
2025-08-26 10:25:05,585 - easytorch-training - INFO - Start validation.
2025-08-26 10:25:06,314 - easytorch-training - INFO - Result <val>: [val/time: 0.73 (s), val/loss: 0.4001, val/MAE: 0.4001, val/MSE: 0.3810]
2025-08-26 10:25:07,027 - easytorch-training - INFO - Result <test>: [test/time: 0.71 (s), test/loss: 0.3348, test/MAE: 0.3348, test/MSE: 0.2968]
2025-08-26 10:25:07,034 - easytorch-training - INFO - Checkpoint checkpoints/DLinear/ETTm1_100_336_96/1514159180707450e1fb2116cbfe9257/DLinear_061.pt saved
2025-08-26 10:25:07,034 - easytorch-training - INFO - The estimated training finish time is 2025-08-26 10:27:59
2025-08-26 10:25:07,034 - easytorch-training - INFO - Epoch 62 / 100
2025-08-26 10:25:10,002 - easytorch-training - INFO - Result <train>: [train/time: 2.97 (s), train/lr: 7.50e-05, train/loss: 0.3450, train/MAE: 0.3450, train/MSE: 0.2734]
2025-08-26 10:25:10,003 - easytorch-training - INFO - Start validation.
2025-08-26 10:25:10,731 - easytorch-training - INFO - Result <val>: [val/time: 0.73 (s), val/loss: 0.3994, val/MAE: 0.3994, val/MSE: 0.3793]
2025-08-26 10:25:11,446 - easytorch-training - INFO - Result <test>: [test/time: 0.71 (s), test/loss: 0.3351, test/MAE: 0.3351, test/MSE: 0.2970]
2025-08-26 10:25:11,450 - easytorch-training - INFO - Checkpoint checkpoints/DLinear/ETTm1_100_336_96/1514159180707450e1fb2116cbfe9257/DLinear_062.pt saved
2025-08-26 10:25:11,450 - easytorch-training - INFO - The estimated training finish time is 2025-08-26 10:27:59
2025-08-26 10:25:11,451 - easytorch-training - INFO - Epoch 63 / 100
2025-08-26 10:25:14,441 - easytorch-training - INFO - Result <train>: [train/time: 2.99 (s), train/lr: 7.50e-05, train/loss: 0.3450, train/MAE: 0.3450, train/MSE: 0.2735]
2025-08-26 10:25:14,442 - easytorch-training - INFO - Start validation.
2025-08-26 10:25:15,158 - easytorch-training - INFO - Result <val>: [val/time: 0.72 (s), val/loss: 0.4008, val/MAE: 0.4008, val/MSE: 0.3826]
2025-08-26 10:25:15,869 - easytorch-training - INFO - Result <test>: [test/time: 0.71 (s), test/loss: 0.3348, test/MAE: 0.3348, test/MSE: 0.2969]
2025-08-26 10:25:15,873 - easytorch-training - INFO - Checkpoint checkpoints/DLinear/ETTm1_100_336_96/1514159180707450e1fb2116cbfe9257/DLinear_063.pt saved
2025-08-26 10:25:15,873 - easytorch-training - INFO - The estimated training finish time is 2025-08-26 10:27:59
2025-08-26 10:25:15,873 - easytorch-training - INFO - Epoch 64 / 100
2025-08-26 10:25:18,835 - easytorch-training - INFO - Result <train>: [train/time: 2.96 (s), train/lr: 7.50e-05, train/loss: 0.3450, train/MAE: 0.3450, train/MSE: 0.2734]
2025-08-26 10:25:18,836 - easytorch-training - INFO - Start validation.
2025-08-26 10:25:19,579 - easytorch-training - INFO - Result <val>: [val/time: 0.74 (s), val/loss: 0.3997, val/MAE: 0.3997, val/MSE: 0.3793]
2025-08-26 10:25:20,293 - easytorch-training - INFO - Result <test>: [test/time: 0.71 (s), test/loss: 0.3351, test/MAE: 0.3351, test/MSE: 0.2970]
2025-08-26 10:25:20,297 - easytorch-training - INFO - Checkpoint checkpoints/DLinear/ETTm1_100_336_96/1514159180707450e1fb2116cbfe9257/DLinear_064.pt saved
2025-08-26 10:25:20,297 - easytorch-training - INFO - The estimated training finish time is 2025-08-26 10:27:59
2025-08-26 10:25:20,297 - easytorch-training - INFO - Epoch 65 / 100
2025-08-26 10:25:23,258 - easytorch-training - INFO - Result <train>: [train/time: 2.96 (s), train/lr: 7.50e-05, train/loss: 0.3450, train/MAE: 0.3450, train/MSE: 0.2734]
2025-08-26 10:25:23,258 - easytorch-training - INFO - Start validation.
2025-08-26 10:25:23,990 - easytorch-training - INFO - Result <val>: [val/time: 0.73 (s), val/loss: 0.4003, val/MAE: 0.4003, val/MSE: 0.3812]
2025-08-26 10:25:24,712 - easytorch-training - INFO - Result <test>: [test/time: 0.72 (s), test/loss: 0.3346, test/MAE: 0.3346, test/MSE: 0.2964]
2025-08-26 10:25:24,716 - easytorch-training - INFO - Checkpoint checkpoints/DLinear/ETTm1_100_336_96/1514159180707450e1fb2116cbfe9257/DLinear_065.pt saved
2025-08-26 10:25:24,716 - easytorch-training - INFO - The estimated training finish time is 2025-08-26 10:27:59
2025-08-26 10:25:24,716 - easytorch-training - INFO - Epoch 66 / 100
2025-08-26 10:25:27,652 - easytorch-training - INFO - Result <train>: [train/time: 2.94 (s), train/lr: 7.50e-05, train/loss: 0.3450, train/MAE: 0.3450, train/MSE: 0.2735]
2025-08-26 10:25:27,653 - easytorch-training - INFO - Start validation.
2025-08-26 10:25:28,374 - easytorch-training - INFO - Result <val>: [val/time: 0.72 (s), val/loss: 0.3998, val/MAE: 0.3998, val/MSE: 0.3768]
2025-08-26 10:25:29,125 - easytorch-training - INFO - Result <test>: [test/time: 0.75 (s), test/loss: 0.3360, test/MAE: 0.3360, test/MSE: 0.2968]
2025-08-26 10:25:29,129 - easytorch-training - INFO - Checkpoint checkpoints/DLinear/ETTm1_100_336_96/1514159180707450e1fb2116cbfe9257/DLinear_066.pt saved
2025-08-26 10:25:29,130 - easytorch-training - INFO - The estimated training finish time is 2025-08-26 10:27:59
2025-08-26 10:25:29,130 - easytorch-training - INFO - Epoch 67 / 100
2025-08-26 10:25:32,068 - easytorch-training - INFO - Result <train>: [train/time: 2.94 (s), train/lr: 7.50e-05, train/loss: 0.3450, train/MAE: 0.3450, train/MSE: 0.2734]
2025-08-26 10:25:32,069 - easytorch-training - INFO - Start validation.
2025-08-26 10:25:32,780 - easytorch-training - INFO - Result <val>: [val/time: 0.71 (s), val/loss: 0.4008, val/MAE: 0.4008, val/MSE: 0.3818]
2025-08-26 10:25:33,516 - easytorch-training - INFO - Result <test>: [test/time: 0.74 (s), test/loss: 0.3346, test/MAE: 0.3346, test/MSE: 0.2968]
2025-08-26 10:25:33,520 - easytorch-training - INFO - Checkpoint checkpoints/DLinear/ETTm1_100_336_96/1514159180707450e1fb2116cbfe9257/DLinear_067.pt saved
2025-08-26 10:25:33,520 - easytorch-training - INFO - The estimated training finish time is 2025-08-26 10:27:59
2025-08-26 10:25:33,520 - easytorch-training - INFO - Epoch 68 / 100
2025-08-26 10:25:36,488 - easytorch-training - INFO - Result <train>: [train/time: 2.97 (s), train/lr: 7.50e-05, train/loss: 0.3450, train/MAE: 0.3450, train/MSE: 0.2735]
2025-08-26 10:25:36,489 - easytorch-training - INFO - Start validation.
2025-08-26 10:25:37,203 - easytorch-training - INFO - Result <val>: [val/time: 0.71 (s), val/loss: 0.4014, val/MAE: 0.4014, val/MSE: 0.3837]
2025-08-26 10:25:37,928 - easytorch-training - INFO - Result <test>: [test/time: 0.72 (s), test/loss: 0.3352, test/MAE: 0.3352, test/MSE: 0.2974]
2025-08-26 10:25:37,932 - easytorch-training - INFO - Checkpoint checkpoints/DLinear/ETTm1_100_336_96/1514159180707450e1fb2116cbfe9257/DLinear_068.pt saved
2025-08-26 10:25:37,932 - easytorch-training - INFO - The estimated training finish time is 2025-08-26 10:27:59
2025-08-26 10:25:37,933 - easytorch-training - INFO - Epoch 69 / 100
2025-08-26 10:25:40,903 - easytorch-training - INFO - Result <train>: [train/time: 2.97 (s), train/lr: 7.50e-05, train/loss: 0.3450, train/MAE: 0.3450, train/MSE: 0.2734]
2025-08-26 10:25:40,904 - easytorch-training - INFO - Start validation.
2025-08-26 10:25:41,626 - easytorch-training - INFO - Result <val>: [val/time: 0.72 (s), val/loss: 0.4007, val/MAE: 0.4007, val/MSE: 0.3822]
2025-08-26 10:25:42,342 - easytorch-training - INFO - Result <test>: [test/time: 0.71 (s), test/loss: 0.3345, test/MAE: 0.3345, test/MSE: 0.2965]
2025-08-26 10:25:42,346 - easytorch-training - INFO - Checkpoint checkpoints/DLinear/ETTm1_100_336_96/1514159180707450e1fb2116cbfe9257/DLinear_069.pt saved
2025-08-26 10:25:42,346 - easytorch-training - INFO - The estimated training finish time is 2025-08-26 10:27:59
2025-08-26 10:25:42,346 - easytorch-training - INFO - Epoch 70 / 100
2025-08-26 10:25:45,319 - easytorch-training - INFO - Result <train>: [train/time: 2.97 (s), train/lr: 7.50e-05, train/loss: 0.3450, train/MAE: 0.3450, train/MSE: 0.2735]
2025-08-26 10:25:45,320 - easytorch-training - INFO - Start validation.
2025-08-26 10:25:46,044 - easytorch-training - INFO - Result <val>: [val/time: 0.72 (s), val/loss: 0.4012, val/MAE: 0.4012, val/MSE: 0.3832]
2025-08-26 10:25:46,756 - easytorch-training - INFO - Result <test>: [test/time: 0.71 (s), test/loss: 0.3351, test/MAE: 0.3351, test/MSE: 0.2974]
2025-08-26 10:25:46,760 - easytorch-training - INFO - Checkpoint checkpoints/DLinear/ETTm1_100_336_96/1514159180707450e1fb2116cbfe9257/DLinear_070.pt saved
2025-08-26 10:25:46,762 - easytorch-training - INFO - The estimated training finish time is 2025-08-26 10:27:59
2025-08-26 10:25:46,762 - easytorch-training - INFO - Epoch 71 / 100
2025-08-26 10:25:49,737 - easytorch-training - INFO - Result <train>: [train/time: 2.97 (s), train/lr: 7.50e-05, train/loss: 0.3450, train/MAE: 0.3450, train/MSE: 0.2734]
2025-08-26 10:25:49,737 - easytorch-training - INFO - Start validation.
2025-08-26 10:25:50,464 - easytorch-training - INFO - Result <val>: [val/time: 0.73 (s), val/loss: 0.4000, val/MAE: 0.4000, val/MSE: 0.3780]
2025-08-26 10:25:51,175 - easytorch-training - INFO - Result <test>: [test/time: 0.71 (s), test/loss: 0.3354, test/MAE: 0.3354, test/MSE: 0.2969]
2025-08-26 10:25:51,179 - easytorch-training - INFO - Checkpoint checkpoints/DLinear/ETTm1_100_336_96/1514159180707450e1fb2116cbfe9257/DLinear_071.pt saved
2025-08-26 10:25:51,179 - easytorch-training - INFO - The estimated training finish time is 2025-08-26 10:27:59
2025-08-26 10:25:51,179 - easytorch-training - INFO - Epoch 72 / 100
2025-08-26 10:25:54,127 - easytorch-training - INFO - Result <train>: [train/time: 2.95 (s), train/lr: 7.50e-05, train/loss: 0.3450, train/MAE: 0.3450, train/MSE: 0.2734]
2025-08-26 10:25:54,128 - easytorch-training - INFO - Start validation.
2025-08-26 10:25:54,869 - easytorch-training - INFO - Result <val>: [val/time: 0.74 (s), val/loss: 0.3997, val/MAE: 0.3997, val/MSE: 0.3794]
2025-08-26 10:25:55,580 - easytorch-training - INFO - Result <test>: [test/time: 0.71 (s), test/loss: 0.3347, test/MAE: 0.3347, test/MSE: 0.2964]
2025-08-26 10:25:55,584 - easytorch-training - INFO - Checkpoint checkpoints/DLinear/ETTm1_100_336_96/1514159180707450e1fb2116cbfe9257/DLinear_072.pt saved
2025-08-26 10:25:55,584 - easytorch-training - INFO - The estimated training finish time is 2025-08-26 10:27:59
2025-08-26 10:25:55,584 - easytorch-training - INFO - Epoch 73 / 100
2025-08-26 10:25:58,540 - easytorch-training - INFO - Result <train>: [train/time: 2.96 (s), train/lr: 7.50e-05, train/loss: 0.3450, train/MAE: 0.3450, train/MSE: 0.2735]
2025-08-26 10:25:58,541 - easytorch-training - INFO - Start validation.
2025-08-26 10:25:59,278 - easytorch-training - INFO - Result <val>: [val/time: 0.74 (s), val/loss: 0.4002, val/MAE: 0.4002, val/MSE: 0.3807]
2025-08-26 10:25:59,992 - easytorch-training - INFO - Result <test>: [test/time: 0.71 (s), test/loss: 0.3350, test/MAE: 0.3350, test/MSE: 0.2972]
2025-08-26 10:25:59,995 - easytorch-training - INFO - Checkpoint checkpoints/DLinear/ETTm1_100_336_96/1514159180707450e1fb2116cbfe9257/DLinear_073.pt saved
2025-08-26 10:25:59,996 - easytorch-training - INFO - The estimated training finish time is 2025-08-26 10:27:59
2025-08-26 10:25:59,996 - easytorch-training - INFO - Epoch 74 / 100
2025-08-26 10:26:02,942 - easytorch-training - INFO - Result <train>: [train/time: 2.95 (s), train/lr: 7.50e-05, train/loss: 0.3450, train/MAE: 0.3450, train/MSE: 0.2734]
2025-08-26 10:26:02,943 - easytorch-training - INFO - Start validation.
2025-08-26 10:26:03,659 - easytorch-training - INFO - Result <val>: [val/time: 0.72 (s), val/loss: 0.4004, val/MAE: 0.4004, val/MSE: 0.3817]
2025-08-26 10:26:04,397 - easytorch-training - INFO - Result <test>: [test/time: 0.74 (s), test/loss: 0.3349, test/MAE: 0.3349, test/MSE: 0.2970]
2025-08-26 10:26:04,401 - easytorch-training - INFO - Checkpoint checkpoints/DLinear/ETTm1_100_336_96/1514159180707450e1fb2116cbfe9257/DLinear_074.pt saved
2025-08-26 10:26:04,401 - easytorch-training - INFO - The estimated training finish time is 2025-08-26 10:27:59
2025-08-26 10:26:04,401 - easytorch-training - INFO - Epoch 75 / 100
2025-08-26 10:26:07,353 - easytorch-training - INFO - Result <train>: [train/time: 2.95 (s), train/lr: 7.50e-05, train/loss: 0.3450, train/MAE: 0.3450, train/MSE: 0.2735]
2025-08-26 10:26:07,354 - easytorch-training - INFO - Start validation.
2025-08-26 10:26:08,063 - easytorch-training - INFO - Result <val>: [val/time: 0.71 (s), val/loss: 0.4015, val/MAE: 0.4015, val/MSE: 0.3849]
2025-08-26 10:26:08,788 - easytorch-training - INFO - Result <test>: [test/time: 0.72 (s), test/loss: 0.3352, test/MAE: 0.3352, test/MSE: 0.2977]
2025-08-26 10:26:08,793 - easytorch-training - INFO - Checkpoint checkpoints/DLinear/ETTm1_100_336_96/1514159180707450e1fb2116cbfe9257/DLinear_075.pt saved
2025-08-26 10:26:08,793 - easytorch-training - INFO - The estimated training finish time is 2025-08-26 10:27:59
2025-08-26 10:26:08,793 - easytorch-training - INFO - Epoch 76 / 100
2025-08-26 10:26:11,750 - easytorch-training - INFO - Result <train>: [train/time: 2.96 (s), train/lr: 7.50e-05, train/loss: 0.3450, train/MAE: 0.3450, train/MSE: 0.2734]
2025-08-26 10:26:11,751 - easytorch-training - INFO - Start validation.
2025-08-26 10:26:12,463 - easytorch-training - INFO - Result <val>: [val/time: 0.71 (s), val/loss: 0.3990, val/MAE: 0.3990, val/MSE: 0.3784]
2025-08-26 10:26:13,196 - easytorch-training - INFO - Result <test>: [test/time: 0.73 (s), test/loss: 0.3351, test/MAE: 0.3351, test/MSE: 0.2970]
2025-08-26 10:26:13,200 - easytorch-training - INFO - Checkpoint checkpoints/DLinear/ETTm1_100_336_96/1514159180707450e1fb2116cbfe9257/DLinear_076.pt saved
2025-08-26 10:26:13,201 - easytorch-training - INFO - The estimated training finish time is 2025-08-26 10:27:59
2025-08-26 10:26:13,201 - easytorch-training - INFO - Epoch 77 / 100
2025-08-26 10:26:16,162 - easytorch-training - INFO - Result <train>: [train/time: 2.96 (s), train/lr: 7.50e-05, train/loss: 0.3450, train/MAE: 0.3450, train/MSE: 0.2735]
2025-08-26 10:26:16,163 - easytorch-training - INFO - Start validation.
2025-08-26 10:26:16,874 - easytorch-training - INFO - Result <val>: [val/time: 0.71 (s), val/loss: 0.3994, val/MAE: 0.3994, val/MSE: 0.3783]
2025-08-26 10:26:17,596 - easytorch-training - INFO - Result <test>: [test/time: 0.72 (s), test/loss: 0.3351, test/MAE: 0.3351, test/MSE: 0.2969]
2025-08-26 10:26:17,600 - easytorch-training - INFO - Checkpoint checkpoints/DLinear/ETTm1_100_336_96/1514159180707450e1fb2116cbfe9257/DLinear_077.pt saved
2025-08-26 10:26:17,601 - easytorch-training - INFO - The estimated training finish time is 2025-08-26 10:27:59
2025-08-26 10:26:17,601 - easytorch-training - INFO - Epoch 78 / 100
2025-08-26 10:26:20,574 - easytorch-training - INFO - Result <train>: [train/time: 2.97 (s), train/lr: 7.50e-05, train/loss: 0.3450, train/MAE: 0.3450, train/MSE: 0.2734]
2025-08-26 10:26:20,575 - easytorch-training - INFO - Start validation.
2025-08-26 10:26:21,288 - easytorch-training - INFO - Result <val>: [val/time: 0.71 (s), val/loss: 0.3996, val/MAE: 0.3996, val/MSE: 0.3777]
2025-08-26 10:26:22,018 - easytorch-training - INFO - Result <test>: [test/time: 0.73 (s), test/loss: 0.3353, test/MAE: 0.3353, test/MSE: 0.2966]
2025-08-26 10:26:22,022 - easytorch-training - INFO - Checkpoint checkpoints/DLinear/ETTm1_100_336_96/1514159180707450e1fb2116cbfe9257/DLinear_078.pt saved
2025-08-26 10:26:22,022 - easytorch-training - INFO - The estimated training finish time is 2025-08-26 10:27:59
2025-08-26 10:26:22,022 - easytorch-training - INFO - Epoch 79 / 100
2025-08-26 10:26:24,967 - easytorch-training - INFO - Result <train>: [train/time: 2.94 (s), train/lr: 7.50e-05, train/loss: 0.3450, train/MAE: 0.3450, train/MSE: 0.2735]
2025-08-26 10:26:24,968 - easytorch-training - INFO - Start validation.
2025-08-26 10:26:25,691 - easytorch-training - INFO - Result <val>: [val/time: 0.72 (s), val/loss: 0.4010, val/MAE: 0.4010, val/MSE: 0.3822]
2025-08-26 10:26:26,405 - easytorch-training - INFO - Result <test>: [test/time: 0.71 (s), test/loss: 0.3342, test/MAE: 0.3342, test/MSE: 0.2959]
2025-08-26 10:26:26,408 - easytorch-training - INFO - Checkpoint checkpoints/DLinear/ETTm1_100_336_96/1514159180707450e1fb2116cbfe9257/DLinear_079.pt saved
2025-08-26 10:26:26,409 - easytorch-training - INFO - The estimated training finish time is 2025-08-26 10:27:59
2025-08-26 10:26:26,409 - easytorch-training - INFO - Epoch 80 / 100
2025-08-26 10:26:29,359 - easytorch-training - INFO - Result <train>: [train/time: 2.95 (s), train/lr: 7.50e-05, train/loss: 0.3450, train/MAE: 0.3450, train/MSE: 0.2735]
2025-08-26 10:26:29,360 - easytorch-training - INFO - Start validation.
2025-08-26 10:26:30,085 - easytorch-training - INFO - Result <val>: [val/time: 0.73 (s), val/loss: 0.4010, val/MAE: 0.4010, val/MSE: 0.3824]
2025-08-26 10:26:30,797 - easytorch-training - INFO - Result <test>: [test/time: 0.71 (s), test/loss: 0.3349, test/MAE: 0.3349, test/MSE: 0.2969]
2025-08-26 10:26:30,801 - easytorch-training - INFO - Checkpoint checkpoints/DLinear/ETTm1_100_336_96/1514159180707450e1fb2116cbfe9257/DLinear_080.pt saved
2025-08-26 10:26:30,803 - easytorch-training - INFO - The estimated training finish time is 2025-08-26 10:27:59
2025-08-26 10:26:30,803 - easytorch-training - INFO - Epoch 81 / 100
2025-08-26 10:26:33,739 - easytorch-training - INFO - Result <train>: [train/time: 2.94 (s), train/lr: 7.50e-05, train/loss: 0.3450, train/MAE: 0.3450, train/MSE: 0.2734]
2025-08-26 10:26:33,740 - easytorch-training - INFO - Start validation.
2025-08-26 10:26:34,468 - easytorch-training - INFO - Result <val>: [val/time: 0.73 (s), val/loss: 0.4008, val/MAE: 0.4008, val/MSE: 0.3828]
2025-08-26 10:26:35,179 - easytorch-training - INFO - Result <test>: [test/time: 0.71 (s), test/loss: 0.3350, test/MAE: 0.3350, test/MSE: 0.2973]
2025-08-26 10:26:35,182 - easytorch-training - INFO - Checkpoint checkpoints/DLinear/ETTm1_100_336_96/1514159180707450e1fb2116cbfe9257/DLinear_081.pt saved
2025-08-26 10:26:35,182 - easytorch-training - INFO - The estimated training finish time is 2025-08-26 10:27:59
2025-08-26 10:26:35,182 - easytorch-training - INFO - Epoch 82 / 100
2025-08-26 10:26:38,173 - easytorch-training - INFO - Result <train>: [train/time: 2.99 (s), train/lr: 7.50e-05, train/loss: 0.3450, train/MAE: 0.3450, train/MSE: 0.2735]
2025-08-26 10:26:38,174 - easytorch-training - INFO - Start validation.
2025-08-26 10:26:38,890 - easytorch-training - INFO - Result <val>: [val/time: 0.72 (s), val/loss: 0.4009, val/MAE: 0.4009, val/MSE: 0.3820]
2025-08-26 10:26:39,603 - easytorch-training - INFO - Result <test>: [test/time: 0.71 (s), test/loss: 0.3347, test/MAE: 0.3347, test/MSE: 0.2965]
2025-08-26 10:26:39,610 - easytorch-training - INFO - Checkpoint checkpoints/DLinear/ETTm1_100_336_96/1514159180707450e1fb2116cbfe9257/DLinear_082.pt saved
2025-08-26 10:26:39,610 - easytorch-training - INFO - The estimated training finish time is 2025-08-26 10:27:59
2025-08-26 10:26:39,610 - easytorch-training - INFO - Epoch 83 / 100
2025-08-26 10:26:42,558 - easytorch-training - INFO - Result <train>: [train/time: 2.95 (s), train/lr: 7.50e-05, train/loss: 0.3450, train/MAE: 0.3450, train/MSE: 0.2734]
2025-08-26 10:26:42,560 - easytorch-training - INFO - Start validation.
2025-08-26 10:26:43,286 - easytorch-training - INFO - Result <val>: [val/time: 0.73 (s), val/loss: 0.3998, val/MAE: 0.3998, val/MSE: 0.3791]
2025-08-26 10:26:43,998 - easytorch-training - INFO - Result <test>: [test/time: 0.71 (s), test/loss: 0.3349, test/MAE: 0.3349, test/MSE: 0.2965]
2025-08-26 10:26:44,002 - easytorch-training - INFO - Checkpoint checkpoints/DLinear/ETTm1_100_336_96/1514159180707450e1fb2116cbfe9257/DLinear_083.pt saved
2025-08-26 10:26:44,002 - easytorch-training - INFO - The estimated training finish time is 2025-08-26 10:27:59
2025-08-26 10:26:44,002 - easytorch-training - INFO - Epoch 84 / 100
2025-08-26 10:26:46,943 - easytorch-training - INFO - Result <train>: [train/time: 2.94 (s), train/lr: 7.50e-05, train/loss: 0.3450, train/MAE: 0.3450, train/MSE: 0.2735]
2025-08-26 10:26:46,944 - easytorch-training - INFO - Start validation.
2025-08-26 10:26:47,651 - easytorch-training - INFO - Result <val>: [val/time: 0.71 (s), val/loss: 0.4000, val/MAE: 0.4000, val/MSE: 0.3791]
2025-08-26 10:26:48,367 - easytorch-training - INFO - Result <test>: [test/time: 0.72 (s), test/loss: 0.3350, test/MAE: 0.3350, test/MSE: 0.2967]
2025-08-26 10:26:48,370 - easytorch-training - INFO - Checkpoint checkpoints/DLinear/ETTm1_100_336_96/1514159180707450e1fb2116cbfe9257/DLinear_084.pt saved
2025-08-26 10:26:48,371 - easytorch-training - INFO - The estimated training finish time is 2025-08-26 10:27:59
2025-08-26 10:26:48,371 - easytorch-training - INFO - Epoch 85 / 100
2025-08-26 10:26:51,361 - easytorch-training - INFO - Result <train>: [train/time: 2.99 (s), train/lr: 7.50e-05, train/loss: 0.3450, train/MAE: 0.3450, train/MSE: 0.2735]
2025-08-26 10:26:51,362 - easytorch-training - INFO - Start validation.
2025-08-26 10:26:52,070 - easytorch-training - INFO - Result <val>: [val/time: 0.71 (s), val/loss: 0.4015, val/MAE: 0.4015, val/MSE: 0.3836]
2025-08-26 10:26:52,785 - easytorch-training - INFO - Result <test>: [test/time: 0.71 (s), test/loss: 0.3351, test/MAE: 0.3351, test/MSE: 0.2971]
2025-08-26 10:26:52,789 - easytorch-training - INFO - Checkpoint checkpoints/DLinear/ETTm1_100_336_96/1514159180707450e1fb2116cbfe9257/DLinear_085.pt saved
2025-08-26 10:26:52,789 - easytorch-training - INFO - The estimated training finish time is 2025-08-26 10:27:59
2025-08-26 10:26:52,789 - easytorch-training - INFO - Epoch 86 / 100
2025-08-26 10:26:55,727 - easytorch-training - INFO - Result <train>: [train/time: 2.94 (s), train/lr: 7.50e-05, train/loss: 0.3450, train/MAE: 0.3450, train/MSE: 0.2735]
2025-08-26 10:26:55,728 - easytorch-training - INFO - Start validation.
2025-08-26 10:26:56,437 - easytorch-training - INFO - Result <val>: [val/time: 0.71 (s), val/loss: 0.4004, val/MAE: 0.4004, val/MSE: 0.3810]
2025-08-26 10:26:57,164 - easytorch-training - INFO - Result <test>: [test/time: 0.73 (s), test/loss: 0.3348, test/MAE: 0.3348, test/MSE: 0.2968]
2025-08-26 10:26:57,167 - easytorch-training - INFO - Checkpoint checkpoints/DLinear/ETTm1_100_336_96/1514159180707450e1fb2116cbfe9257/DLinear_086.pt saved
2025-08-26 10:26:57,167 - easytorch-training - INFO - The estimated training finish time is 2025-08-26 10:27:58
2025-08-26 10:26:57,168 - easytorch-training - INFO - Epoch 87 / 100
2025-08-26 10:27:00,104 - easytorch-training - INFO - Result <train>: [train/time: 2.94 (s), train/lr: 7.50e-05, train/loss: 0.3450, train/MAE: 0.3450, train/MSE: 0.2734]
2025-08-26 10:27:00,104 - easytorch-training - INFO - Start validation.
2025-08-26 10:27:00,814 - easytorch-training - INFO - Result <val>: [val/time: 0.71 (s), val/loss: 0.4004, val/MAE: 0.4004, val/MSE: 0.3802]
2025-08-26 10:27:01,566 - easytorch-training - INFO - Result <test>: [test/time: 0.75 (s), test/loss: 0.3349, test/MAE: 0.3349, test/MSE: 0.2965]
2025-08-26 10:27:01,570 - easytorch-training - INFO - Checkpoint checkpoints/DLinear/ETTm1_100_336_96/1514159180707450e1fb2116cbfe9257/DLinear_087.pt saved
2025-08-26 10:27:01,570 - easytorch-training - INFO - The estimated training finish time is 2025-08-26 10:27:58
2025-08-26 10:27:01,570 - easytorch-training - INFO - Epoch 88 / 100
2025-08-26 10:27:04,517 - easytorch-training - INFO - Result <train>: [train/time: 2.95 (s), train/lr: 7.50e-05, train/loss: 0.3450, train/MAE: 0.3450, train/MSE: 0.2734]
2025-08-26 10:27:04,518 - easytorch-training - INFO - Start validation.
2025-08-26 10:27:05,228 - easytorch-training - INFO - Result <val>: [val/time: 0.71 (s), val/loss: 0.4004, val/MAE: 0.4004, val/MSE: 0.3793]
2025-08-26 10:27:05,980 - easytorch-training - INFO - Result <test>: [test/time: 0.75 (s), test/loss: 0.3352, test/MAE: 0.3352, test/MSE: 0.2965]
2025-08-26 10:27:05,984 - easytorch-training - INFO - Checkpoint checkpoints/DLinear/ETTm1_100_336_96/1514159180707450e1fb2116cbfe9257/DLinear_088.pt saved
2025-08-26 10:27:05,985 - easytorch-training - INFO - The estimated training finish time is 2025-08-26 10:27:58
2025-08-26 10:27:05,985 - easytorch-training - INFO - Epoch 89 / 100
2025-08-26 10:27:08,925 - easytorch-training - INFO - Result <train>: [train/time: 2.94 (s), train/lr: 7.50e-05, train/loss: 0.3450, train/MAE: 0.3450, train/MSE: 0.2735]
2025-08-26 10:27:08,926 - easytorch-training - INFO - Start validation.
2025-08-26 10:27:09,658 - easytorch-training - INFO - Result <val>: [val/time: 0.73 (s), val/loss: 0.4004, val/MAE: 0.4004, val/MSE: 0.3802]
2025-08-26 10:27:10,370 - easytorch-training - INFO - Result <test>: [test/time: 0.71 (s), test/loss: 0.3351, test/MAE: 0.3351, test/MSE: 0.2969]
2025-08-26 10:27:10,374 - easytorch-training - INFO - Checkpoint checkpoints/DLinear/ETTm1_100_336_96/1514159180707450e1fb2116cbfe9257/DLinear_089.pt saved
2025-08-26 10:27:10,374 - easytorch-training - INFO - The estimated training finish time is 2025-08-26 10:27:58
2025-08-26 10:27:10,374 - easytorch-training - INFO - Epoch 90 / 100
2025-08-26 10:27:13,342 - easytorch-training - INFO - Result <train>: [train/time: 2.97 (s), train/lr: 7.50e-05, train/loss: 0.3450, train/MAE: 0.3450, train/MSE: 0.2734]
2025-08-26 10:27:13,342 - easytorch-training - INFO - Start validation.
2025-08-26 10:27:14,074 - easytorch-training - INFO - Result <val>: [val/time: 0.73 (s), val/loss: 0.3985, val/MAE: 0.3985, val/MSE: 0.3769]
2025-08-26 10:27:14,078 - easytorch-training - INFO - Checkpoint checkpoints/DLinear/ETTm1_100_336_96/1514159180707450e1fb2116cbfe9257/DLinear_best_val_MAE.pt saved
2025-08-26 10:27:14,799 - easytorch-training - INFO - Result <test>: [test/time: 0.72 (s), test/loss: 0.3353, test/MAE: 0.3353, test/MSE: 0.2971]
2025-08-26 10:27:14,802 - easytorch-training - INFO - Checkpoint checkpoints/DLinear/ETTm1_100_336_96/1514159180707450e1fb2116cbfe9257/DLinear_090.pt saved
2025-08-26 10:27:14,804 - easytorch-training - INFO - The estimated training finish time is 2025-08-26 10:27:58
2025-08-26 10:27:14,804 - easytorch-training - INFO - Epoch 91 / 100
2025-08-26 10:27:17,771 - easytorch-training - INFO - Result <train>: [train/time: 2.97 (s), train/lr: 7.50e-05, train/loss: 0.3450, train/MAE: 0.3450, train/MSE: 0.2735]
2025-08-26 10:27:17,772 - easytorch-training - INFO - Start validation.
2025-08-26 10:27:18,506 - easytorch-training - INFO - Result <val>: [val/time: 0.73 (s), val/loss: 0.3998, val/MAE: 0.3998, val/MSE: 0.3787]
2025-08-26 10:27:19,221 - easytorch-training - INFO - Result <test>: [test/time: 0.71 (s), test/loss: 0.3353, test/MAE: 0.3353, test/MSE: 0.2969]
2025-08-26 10:27:19,225 - easytorch-training - INFO - Checkpoint checkpoints/DLinear/ETTm1_100_336_96/1514159180707450e1fb2116cbfe9257/DLinear_091.pt saved
2025-08-26 10:27:19,225 - easytorch-training - INFO - The estimated training finish time is 2025-08-26 10:27:58
2025-08-26 10:27:19,225 - easytorch-training - INFO - Epoch 92 / 100
2025-08-26 10:27:22,191 - easytorch-training - INFO - Result <train>: [train/time: 2.97 (s), train/lr: 7.50e-05, train/loss: 0.3450, train/MAE: 0.3450, train/MSE: 0.2735]
2025-08-26 10:27:22,192 - easytorch-training - INFO - Start validation.
2025-08-26 10:27:22,904 - easytorch-training - INFO - Result <val>: [val/time: 0.71 (s), val/loss: 0.3999, val/MAE: 0.3999, val/MSE: 0.3810]
2025-08-26 10:27:23,622 - easytorch-training - INFO - Result <test>: [test/time: 0.72 (s), test/loss: 0.3354, test/MAE: 0.3354, test/MSE: 0.2976]
2025-08-26 10:27:23,626 - easytorch-training - INFO - Checkpoint checkpoints/DLinear/ETTm1_100_336_96/1514159180707450e1fb2116cbfe9257/DLinear_092.pt saved
2025-08-26 10:27:23,626 - easytorch-training - INFO - The estimated training finish time is 2025-08-26 10:27:58
2025-08-26 10:27:23,626 - easytorch-training - INFO - Epoch 93 / 100
2025-08-26 10:27:26,581 - easytorch-training - INFO - Result <train>: [train/time: 2.95 (s), train/lr: 7.50e-05, train/loss: 0.3450, train/MAE: 0.3450, train/MSE: 0.2735]
2025-08-26 10:27:26,582 - easytorch-training - INFO - Start validation.
2025-08-26 10:27:27,295 - easytorch-training - INFO - Result <val>: [val/time: 0.71 (s), val/loss: 0.3992, val/MAE: 0.3992, val/MSE: 0.3766]
2025-08-26 10:27:28,010 - easytorch-training - INFO - Result <test>: [test/time: 0.71 (s), test/loss: 0.3357, test/MAE: 0.3357, test/MSE: 0.2969]
2025-08-26 10:27:28,014 - easytorch-training - INFO - Checkpoint checkpoints/DLinear/ETTm1_100_336_96/1514159180707450e1fb2116cbfe9257/DLinear_093.pt saved
2025-08-26 10:27:28,014 - easytorch-training - INFO - The estimated training finish time is 2025-08-26 10:27:58
2025-08-26 10:27:28,014 - easytorch-training - INFO - Epoch 94 / 100
2025-08-26 10:27:30,977 - easytorch-training - INFO - Result <train>: [train/time: 2.96 (s), train/lr: 7.50e-05, train/loss: 0.3450, train/MAE: 0.3450, train/MSE: 0.2735]
2025-08-26 10:27:30,978 - easytorch-training - INFO - Start validation.
2025-08-26 10:27:31,692 - easytorch-training - INFO - Result <val>: [val/time: 0.71 (s), val/loss: 0.4010, val/MAE: 0.4010, val/MSE: 0.3829]
2025-08-26 10:27:32,404 - easytorch-training - INFO - Result <test>: [test/time: 0.71 (s), test/loss: 0.3347, test/MAE: 0.3347, test/MSE: 0.2966]
2025-08-26 10:27:32,408 - easytorch-training - INFO - Checkpoint checkpoints/DLinear/ETTm1_100_336_96/1514159180707450e1fb2116cbfe9257/DLinear_094.pt saved
2025-08-26 10:27:32,408 - easytorch-training - INFO - The estimated training finish time is 2025-08-26 10:27:58
2025-08-26 10:27:32,408 - easytorch-training - INFO - Epoch 95 / 100
2025-08-26 10:27:35,378 - easytorch-training - INFO - Result <train>: [train/time: 2.97 (s), train/lr: 7.50e-05, train/loss: 0.3450, train/MAE: 0.3450, train/MSE: 0.2734]
2025-08-26 10:27:35,379 - easytorch-training - INFO - Start validation.
2025-08-26 10:27:36,092 - easytorch-training - INFO - Result <val>: [val/time: 0.71 (s), val/loss: 0.4000, val/MAE: 0.4000, val/MSE: 0.3781]
2025-08-26 10:27:36,819 - easytorch-training - INFO - Result <test>: [test/time: 0.73 (s), test/loss: 0.3351, test/MAE: 0.3351, test/MSE: 0.2963]
2025-08-26 10:27:36,823 - easytorch-training - INFO - Checkpoint checkpoints/DLinear/ETTm1_100_336_96/1514159180707450e1fb2116cbfe9257/DLinear_095.pt saved
2025-08-26 10:27:36,823 - easytorch-training - INFO - The estimated training finish time is 2025-08-26 10:27:58
2025-08-26 10:27:36,823 - easytorch-training - INFO - Epoch 96 / 100
2025-08-26 10:27:39,774 - easytorch-training - INFO - Result <train>: [train/time: 2.95 (s), train/lr: 7.50e-05, train/loss: 0.3450, train/MAE: 0.3450, train/MSE: 0.2734]
2025-08-26 10:27:39,775 - easytorch-training - INFO - Start validation.
2025-08-26 10:27:40,489 - easytorch-training - INFO - Result <val>: [val/time: 0.71 (s), val/loss: 0.4001, val/MAE: 0.4001, val/MSE: 0.3794]
2025-08-26 10:27:41,215 - easytorch-training - INFO - Result <test>: [test/time: 0.72 (s), test/loss: 0.3346, test/MAE: 0.3346, test/MSE: 0.2960]
2025-08-26 10:27:41,219 - easytorch-training - INFO - Checkpoint checkpoints/DLinear/ETTm1_100_336_96/1514159180707450e1fb2116cbfe9257/DLinear_096.pt saved
2025-08-26 10:27:41,219 - easytorch-training - INFO - The estimated training finish time is 2025-08-26 10:27:58
2025-08-26 10:27:41,219 - easytorch-training - INFO - Epoch 97 / 100
2025-08-26 10:27:44,165 - easytorch-training - INFO - Result <train>: [train/time: 2.95 (s), train/lr: 7.50e-05, train/loss: 0.3450, train/MAE: 0.3450, train/MSE: 0.2734]
2025-08-26 10:27:44,165 - easytorch-training - INFO - Start validation.
2025-08-26 10:27:44,876 - easytorch-training - INFO - Result <val>: [val/time: 0.71 (s), val/loss: 0.4003, val/MAE: 0.4003, val/MSE: 0.3803]
2025-08-26 10:27:45,602 - easytorch-training - INFO - Result <test>: [test/time: 0.73 (s), test/loss: 0.3347, test/MAE: 0.3347, test/MSE: 0.2966]
2025-08-26 10:27:45,607 - easytorch-training - INFO - Checkpoint checkpoints/DLinear/ETTm1_100_336_96/1514159180707450e1fb2116cbfe9257/DLinear_097.pt saved
2025-08-26 10:27:45,608 - easytorch-training - INFO - The estimated training finish time is 2025-08-26 10:27:58
2025-08-26 10:27:45,608 - easytorch-training - INFO - Epoch 98 / 100
2025-08-26 10:27:48,546 - easytorch-training - INFO - Result <train>: [train/time: 2.94 (s), train/lr: 7.50e-05, train/loss: 0.3450, train/MAE: 0.3450, train/MSE: 0.2735]
2025-08-26 10:27:48,547 - easytorch-training - INFO - Start validation.
2025-08-26 10:27:49,278 - easytorch-training - INFO - Result <val>: [val/time: 0.73 (s), val/loss: 0.3999, val/MAE: 0.3999, val/MSE: 0.3799]
2025-08-26 10:27:49,991 - easytorch-training - INFO - Result <test>: [test/time: 0.71 (s), test/loss: 0.3349, test/MAE: 0.3349, test/MSE: 0.2968]
2025-08-26 10:27:49,994 - easytorch-training - INFO - Checkpoint checkpoints/DLinear/ETTm1_100_336_96/1514159180707450e1fb2116cbfe9257/DLinear_098.pt saved
2025-08-26 10:27:49,994 - easytorch-training - INFO - The estimated training finish time is 2025-08-26 10:27:58
2025-08-26 10:27:49,995 - easytorch-training - INFO - Epoch 99 / 100
2025-08-26 10:27:52,940 - easytorch-training - INFO - Result <train>: [train/time: 2.94 (s), train/lr: 7.50e-05, train/loss: 0.3450, train/MAE: 0.3450, train/MSE: 0.2734]
2025-08-26 10:27:52,941 - easytorch-training - INFO - Start validation.
2025-08-26 10:27:53,672 - easytorch-training - INFO - Result <val>: [val/time: 0.73 (s), val/loss: 0.3999, val/MAE: 0.3999, val/MSE: 0.3808]
2025-08-26 10:27:54,389 - easytorch-training - INFO - Result <test>: [test/time: 0.72 (s), test/loss: 0.3348, test/MAE: 0.3348, test/MSE: 0.2970]
2025-08-26 10:27:54,393 - easytorch-training - INFO - Checkpoint checkpoints/DLinear/ETTm1_100_336_96/1514159180707450e1fb2116cbfe9257/DLinear_099.pt saved
2025-08-26 10:27:54,393 - easytorch-training - INFO - The estimated training finish time is 2025-08-26 10:27:58
2025-08-26 10:27:54,393 - easytorch-training - INFO - Epoch 100 / 100
2025-08-26 10:27:57,334 - easytorch-training - INFO - Result <train>: [train/time: 2.94 (s), train/lr: 7.50e-05, train/loss: 0.3450, train/MAE: 0.3450, train/MSE: 0.2735]
2025-08-26 10:27:57,335 - easytorch-training - INFO - Start validation.
2025-08-26 10:27:58,060 - easytorch-training - INFO - Result <val>: [val/time: 0.73 (s), val/loss: 0.3991, val/MAE: 0.3991, val/MSE: 0.3772]
2025-08-26 10:27:58,781 - easytorch-training - INFO - Result <test>: [test/time: 0.72 (s), test/loss: 0.3356, test/MAE: 0.3356, test/MSE: 0.2970]
2025-08-26 10:27:58,785 - easytorch-training - INFO - Checkpoint checkpoints/DLinear/ETTm1_100_336_96/1514159180707450e1fb2116cbfe9257/DLinear_100.pt saved
2025-08-26 10:27:58,787 - easytorch-training - INFO - The training finished at 2025-08-26 10:27:58
2025-08-26 10:27:58,787 - easytorch-training - INFO - Evaluating the best model on the test set.
2025-08-26 10:27:58,788 - easytorch-training - INFO - Loading Checkpoint from 'checkpoints/DLinear/ETTm1_100_336_96/1514159180707450e1fb2116cbfe9257/DLinear_best_val_MAE.pt'
2025-08-26 10:27:59,512 - easytorch-training - INFO - Result <test>: [test/time: 0.72 (s), test/loss: 0.3353, test/MAE: 0.3353, test/MSE: 0.2971]
2025-08-26 10:27:59,514 - easytorch-training - INFO - Test metrics saved to checkpoints/DLinear/ETTm1_100_336_96/1514159180707450e1fb2116cbfe9257/test_metrics.json.
