2025-08-29 08:14:56,852 - easytorch-training - INFO - Initializing training.
2025-08-29 08:14:56,853 - easytorch-training - INFO - Set clip grad, param: {'max_norm': 5.0}
2025-08-29 08:14:56,853 - easytorch-training - INFO - Building training data loader.
2025-08-29 08:14:56,893 - easytorch-training - INFO - Train dataset length: 34033
2025-08-29 08:14:57,687 - easytorch-training - INFO - Set optim: Adam (
Parameter Group 0
    amsgrad: False
    betas: (0.9, 0.999)
    capturable: False
    decoupled_weight_decay: False
    differentiable: False
    eps: 1e-08
    foreach: None
    fused: None
    lr: 0.0002
    maximize: False
    weight_decay: 0.0005
)
2025-08-29 08:14:57,687 - easytorch-training - INFO - Set lr_scheduler: <torch.optim.lr_scheduler.MultiStepLR object at 0x7c7de0b53750>
2025-08-29 08:14:57,694 - easytorch-training - INFO - Initializing validation.
2025-08-29 08:14:57,694 - easytorch-training - INFO - Building val data loader.
2025-08-29 08:14:57,702 - easytorch-training - INFO - Validation dataset length: 10993
2025-08-29 08:14:57,709 - easytorch-training - INFO - Test dataset length: 10993
2025-08-29 08:14:57,710 - easytorch-training - INFO - Number of parameters: 764807
2025-08-29 08:14:57,710 - easytorch-training - INFO - Epoch 1 / 100
2025-08-29 08:15:49,678 - easytorch-training - INFO - Result <train>: [train/time: 51.97 (s), train/lr: 2.00e-04, train/loss: 0.3108, train/MAE: 0.3108, train/MSE: 0.3053]
2025-08-29 08:15:49,689 - easytorch-training - INFO - Start validation.
2025-08-29 08:15:57,347 - easytorch-training - INFO - Result <val>: [val/time: 7.66 (s), val/loss: 0.2967, val/MAE: 0.2967, val/MSE: 0.1870]
2025-08-29 08:15:57,406 - easytorch-training - INFO - Checkpoint checkpoints/TimesNet/ETTm2_100_336_192/29eba0276512840a30d8a1b516c7d122/TimesNet_best_val_MAE.pt saved
2025-08-29 08:16:05,478 - easytorch-training - INFO - Result <test>: [test/time: 8.07 (s), test/loss: 0.3250, test/MAE: 0.3250, test/MSE: 0.2759]
2025-08-29 08:16:05,530 - easytorch-training - INFO - Checkpoint checkpoints/TimesNet/ETTm2_100_336_192/29eba0276512840a30d8a1b516c7d122/TimesNet_001.pt saved
2025-08-29 08:16:05,531 - easytorch-training - INFO - The estimated training finish time is 2025-08-29 10:07:59
2025-08-29 08:16:05,531 - easytorch-training - INFO - Epoch 2 / 100
2025-08-29 08:16:55,404 - easytorch-training - INFO - Result <train>: [train/time: 49.87 (s), train/lr: 1.00e-04, train/loss: 0.2753, train/MAE: 0.2753, train/MSE: 0.2375]
2025-08-29 08:16:55,413 - easytorch-training - INFO - Start validation.
2025-08-29 08:17:03,721 - easytorch-training - INFO - Result <val>: [val/time: 8.31 (s), val/loss: 0.2967, val/MAE: 0.2967, val/MSE: 0.1876]
2025-08-29 08:17:03,838 - easytorch-training - INFO - Checkpoint checkpoints/TimesNet/ETTm2_100_336_192/29eba0276512840a30d8a1b516c7d122/TimesNet_best_val_MAE.pt saved
2025-08-29 08:17:12,153 - easytorch-training - INFO - Result <test>: [test/time: 8.31 (s), test/loss: 0.3259, test/MAE: 0.3259, test/MSE: 0.2796]
2025-08-29 08:17:12,272 - easytorch-training - INFO - Checkpoint checkpoints/TimesNet/ETTm2_100_336_192/29eba0276512840a30d8a1b516c7d122/TimesNet_002.pt saved
2025-08-29 08:17:12,273 - easytorch-training - INFO - The estimated training finish time is 2025-08-29 10:07:05
2025-08-29 08:17:12,273 - easytorch-training - INFO - Epoch 3 / 100
2025-08-29 08:18:02,023 - easytorch-training - INFO - Result <train>: [train/time: 49.75 (s), train/lr: 1.00e-04, train/loss: 0.2633, train/MAE: 0.2633, train/MSE: 0.2142]
2025-08-29 08:18:02,032 - easytorch-training - INFO - Start validation.
2025-08-29 08:18:10,402 - easytorch-training - INFO - Result <val>: [val/time: 8.37 (s), val/loss: 0.3070, val/MAE: 0.3070, val/MSE: 0.2036]
2025-08-29 08:18:17,740 - easytorch-training - INFO - Result <test>: [test/time: 7.33 (s), test/loss: 0.3501, test/MAE: 0.3501, test/MSE: 0.3266]
2025-08-29 08:18:17,801 - easytorch-training - INFO - Checkpoint checkpoints/TimesNet/ETTm2_100_336_192/29eba0276512840a30d8a1b516c7d122/TimesNet_003.pt saved
2025-08-29 08:18:17,801 - easytorch-training - INFO - The estimated training finish time is 2025-08-29 10:06:07
2025-08-29 08:18:17,802 - easytorch-training - INFO - Epoch 4 / 100
2025-08-29 08:19:09,147 - easytorch-training - INFO - Result <train>: [train/time: 51.35 (s), train/lr: 1.00e-04, train/loss: 0.2527, train/MAE: 0.2527, train/MSE: 0.1964]
2025-08-29 08:19:09,156 - easytorch-training - INFO - Start validation.
2025-08-29 08:19:15,526 - easytorch-training - INFO - Result <val>: [val/time: 6.37 (s), val/loss: 0.3054, val/MAE: 0.3054, val/MSE: 0.1986]
2025-08-29 08:19:22,170 - easytorch-training - INFO - Result <test>: [test/time: 6.64 (s), test/loss: 0.3449, test/MAE: 0.3449, test/MSE: 0.3118]
2025-08-29 08:19:22,263 - easytorch-training - INFO - Checkpoint checkpoints/TimesNet/ETTm2_100_336_192/29eba0276512840a30d8a1b516c7d122/TimesNet_004.pt saved
2025-08-29 08:19:22,264 - easytorch-training - INFO - The estimated training finish time is 2025-08-29 10:05:11
2025-08-29 08:19:22,264 - easytorch-training - INFO - Epoch 5 / 100
2025-08-29 08:20:13,697 - easytorch-training - INFO - Result <train>: [train/time: 51.43 (s), train/lr: 1.00e-04, train/loss: 0.2428, train/MAE: 0.2428, train/MSE: 0.1797]
2025-08-29 08:20:13,710 - easytorch-training - INFO - Start validation.
2025-08-29 08:20:21,536 - easytorch-training - INFO - Result <val>: [val/time: 7.82 (s), val/loss: 0.3070, val/MAE: 0.3070, val/MSE: 0.2011]
2025-08-29 08:20:29,969 - easytorch-training - INFO - Result <test>: [test/time: 8.43 (s), test/loss: 0.3499, test/MAE: 0.3499, test/MSE: 0.3240]
2025-08-29 08:20:30,056 - easytorch-training - INFO - Checkpoint checkpoints/TimesNet/ETTm2_100_336_192/29eba0276512840a30d8a1b516c7d122/TimesNet_005.pt saved
2025-08-29 08:20:30,057 - easytorch-training - INFO - The estimated training finish time is 2025-08-29 10:05:44
2025-08-29 08:20:30,057 - easytorch-training - INFO - Epoch 6 / 100
2025-08-29 08:21:20,688 - easytorch-training - INFO - Result <train>: [train/time: 50.63 (s), train/lr: 1.00e-04, train/loss: 0.2347, train/MAE: 0.2347, train/MSE: 0.1677]
2025-08-29 08:21:20,698 - easytorch-training - INFO - Start validation.
2025-08-29 08:21:29,253 - easytorch-training - INFO - Result <val>: [val/time: 8.55 (s), val/loss: 0.3062, val/MAE: 0.3062, val/MSE: 0.1960]
2025-08-29 08:21:37,705 - easytorch-training - INFO - Result <test>: [test/time: 8.44 (s), test/loss: 0.3477, test/MAE: 0.3477, test/MSE: 0.3121]
2025-08-29 08:21:37,802 - easytorch-training - INFO - Checkpoint checkpoints/TimesNet/ETTm2_100_336_192/29eba0276512840a30d8a1b516c7d122/TimesNet_006.pt saved
2025-08-29 08:21:37,802 - easytorch-training - INFO - The estimated training finish time is 2025-08-29 10:06:05
2025-08-29 08:21:37,803 - easytorch-training - INFO - Epoch 7 / 100
2025-08-29 08:22:28,250 - easytorch-training - INFO - Result <train>: [train/time: 50.45 (s), train/lr: 1.00e-04, train/loss: 0.2265, train/MAE: 0.2265, train/MSE: 0.1548]
2025-08-29 08:22:28,258 - easytorch-training - INFO - Start validation.
2025-08-29 08:22:36,747 - easytorch-training - INFO - Result <val>: [val/time: 8.49 (s), val/loss: 0.3261, val/MAE: 0.3261, val/MSE: 0.2282]
2025-08-29 08:22:44,002 - easytorch-training - INFO - Result <test>: [test/time: 7.25 (s), test/loss: 0.3653, test/MAE: 0.3653, test/MSE: 0.3507]
2025-08-29 08:22:44,051 - easytorch-training - INFO - Checkpoint checkpoints/TimesNet/ETTm2_100_336_192/29eba0276512840a30d8a1b516c7d122/TimesNet_007.pt saved
2025-08-29 08:22:44,051 - easytorch-training - INFO - The estimated training finish time is 2025-08-29 10:05:59
2025-08-29 08:22:44,052 - easytorch-training - INFO - Epoch 8 / 100
2025-08-29 08:23:36,076 - easytorch-training - INFO - Result <train>: [train/time: 52.02 (s), train/lr: 1.00e-04, train/loss: 0.2207, train/MAE: 0.2207, train/MSE: 0.1466]
2025-08-29 08:23:36,086 - easytorch-training - INFO - Start validation.
2025-08-29 08:23:42,362 - easytorch-training - INFO - Result <val>: [val/time: 6.28 (s), val/loss: 0.3237, val/MAE: 0.3237, val/MSE: 0.2222]
2025-08-29 08:23:48,378 - easytorch-training - INFO - Result <test>: [test/time: 6.01 (s), test/loss: 0.3575, test/MAE: 0.3575, test/MSE: 0.3307]
2025-08-29 08:23:48,436 - easytorch-training - INFO - Checkpoint checkpoints/TimesNet/ETTm2_100_336_192/29eba0276512840a30d8a1b516c7d122/TimesNet_008.pt saved
2025-08-29 08:23:48,436 - easytorch-training - INFO - The estimated training finish time is 2025-08-29 10:05:31
2025-08-29 08:23:48,436 - easytorch-training - INFO - Epoch 9 / 100
2025-08-29 08:24:16,209 - easytorch-training - INFO - Result <train>: [train/time: 27.77 (s), train/lr: 1.00e-04, train/loss: 0.2139, train/MAE: 0.2139, train/MSE: 0.1374]
2025-08-29 08:24:16,221 - easytorch-training - INFO - Start validation.
2025-08-29 08:24:19,603 - easytorch-training - INFO - Result <val>: [val/time: 3.38 (s), val/loss: 0.3332, val/MAE: 0.3332, val/MSE: 0.2394]
2025-08-29 08:24:22,976 - easytorch-training - INFO - Result <test>: [test/time: 3.36 (s), test/loss: 0.3692, test/MAE: 0.3692, test/MSE: 0.3530]
2025-08-29 08:24:23,097 - easytorch-training - INFO - Checkpoint checkpoints/TimesNet/ETTm2_100_336_192/29eba0276512840a30d8a1b516c7d122/TimesNet_009.pt saved
2025-08-29 08:24:23,098 - easytorch-training - INFO - The estimated training finish time is 2025-08-29 09:59:39
2025-08-29 08:24:23,098 - easytorch-training - INFO - Epoch 10 / 100
2025-08-29 08:24:49,924 - easytorch-training - INFO - Result <train>: [train/time: 26.83 (s), train/lr: 1.00e-04, train/loss: 0.2091, train/MAE: 0.2091, train/MSE: 0.1310]
2025-08-29 08:24:49,933 - easytorch-training - INFO - Start validation.
2025-08-29 08:24:53,354 - easytorch-training - INFO - Result <val>: [val/time: 3.42 (s), val/loss: 0.3419, val/MAE: 0.3419, val/MSE: 0.2477]
2025-08-29 08:24:56,804 - easytorch-training - INFO - Result <test>: [test/time: 3.44 (s), test/loss: 0.3788, test/MAE: 0.3788, test/MSE: 0.3686]
2025-08-29 08:24:56,854 - easytorch-training - INFO - Checkpoint checkpoints/TimesNet/ETTm2_100_336_192/29eba0276512840a30d8a1b516c7d122/TimesNet_010.pt saved
2025-08-29 08:24:56,867 - easytorch-training - INFO - The estimated training finish time is 2025-08-29 09:54:49
2025-08-29 08:24:56,868 - easytorch-training - INFO - Epoch 11 / 100
2025-08-29 08:25:24,116 - easytorch-training - INFO - Result <train>: [train/time: 27.25 (s), train/lr: 1.00e-04, train/loss: 0.2047, train/MAE: 0.2047, train/MSE: 0.1257]
2025-08-29 08:25:24,126 - easytorch-training - INFO - Start validation.
2025-08-29 08:25:27,561 - easytorch-training - INFO - Result <val>: [val/time: 3.43 (s), val/loss: 0.3433, val/MAE: 0.3433, val/MSE: 0.2526]
2025-08-29 08:25:30,968 - easytorch-training - INFO - Result <test>: [test/time: 3.40 (s), test/loss: 0.3781, test/MAE: 0.3781, test/MSE: 0.3691]
2025-08-29 08:25:31,017 - easytorch-training - INFO - Checkpoint checkpoints/TimesNet/ETTm2_100_336_192/29eba0276512840a30d8a1b516c7d122/TimesNet_011.pt saved
2025-08-29 08:25:31,017 - easytorch-training - INFO - The estimated training finish time is 2025-08-29 09:50:55
2025-08-29 08:25:31,018 - easytorch-training - INFO - Epoch 12 / 100
2025-08-29 08:25:57,914 - easytorch-training - INFO - Result <train>: [train/time: 26.90 (s), train/lr: 1.00e-04, train/loss: 0.2012, train/MAE: 0.2012, train/MSE: 0.1221]
2025-08-29 08:25:57,923 - easytorch-training - INFO - Start validation.
2025-08-29 08:26:01,414 - easytorch-training - INFO - Result <val>: [val/time: 3.49 (s), val/loss: 0.3482, val/MAE: 0.3482, val/MSE: 0.2542]
2025-08-29 08:26:04,890 - easytorch-training - INFO - Result <test>: [test/time: 3.46 (s), test/loss: 0.3812, test/MAE: 0.3812, test/MSE: 0.3716]
2025-08-29 08:26:04,944 - easytorch-training - INFO - Checkpoint checkpoints/TimesNet/ETTm2_100_336_192/29eba0276512840a30d8a1b516c7d122/TimesNet_012.pt saved
2025-08-29 08:26:04,944 - easytorch-training - INFO - The estimated training finish time is 2025-08-29 09:47:37
2025-08-29 08:26:04,944 - easytorch-training - INFO - Epoch 13 / 100
2025-08-29 08:26:31,927 - easytorch-training - INFO - Result <train>: [train/time: 26.98 (s), train/lr: 1.00e-04, train/loss: 0.1982, train/MAE: 0.1982, train/MSE: 0.1187]
2025-08-29 08:26:31,937 - easytorch-training - INFO - Start validation.
2025-08-29 08:26:35,376 - easytorch-training - INFO - Result <val>: [val/time: 3.44 (s), val/loss: 0.3438, val/MAE: 0.3438, val/MSE: 0.2493]
2025-08-29 08:26:38,788 - easytorch-training - INFO - Result <test>: [test/time: 3.40 (s), test/loss: 0.3764, test/MAE: 0.3764, test/MSE: 0.3579]
2025-08-29 08:26:38,850 - easytorch-training - INFO - Checkpoint checkpoints/TimesNet/ETTm2_100_336_192/29eba0276512840a30d8a1b516c7d122/TimesNet_013.pt saved
2025-08-29 08:26:38,850 - easytorch-training - INFO - The estimated training finish time is 2025-08-29 09:44:51
2025-08-29 08:26:38,850 - easytorch-training - INFO - Epoch 14 / 100
2025-08-29 08:27:05,862 - easytorch-training - INFO - Result <train>: [train/time: 27.01 (s), train/lr: 1.00e-04, train/loss: 0.1948, train/MAE: 0.1948, train/MSE: 0.1146]
2025-08-29 08:27:05,870 - easytorch-training - INFO - Start validation.
2025-08-29 08:27:09,359 - easytorch-training - INFO - Result <val>: [val/time: 3.49 (s), val/loss: 0.3504, val/MAE: 0.3504, val/MSE: 0.2548]
2025-08-29 08:27:12,850 - easytorch-training - INFO - Result <test>: [test/time: 3.48 (s), test/loss: 0.3816, test/MAE: 0.3816, test/MSE: 0.3659]
2025-08-29 08:27:12,898 - easytorch-training - INFO - Checkpoint checkpoints/TimesNet/ETTm2_100_336_192/29eba0276512840a30d8a1b516c7d122/TimesNet_014.pt saved
2025-08-29 08:27:12,898 - easytorch-training - INFO - The estimated training finish time is 2025-08-29 09:42:29
2025-08-29 08:27:12,898 - easytorch-training - INFO - Epoch 15 / 100
2025-08-29 08:27:39,691 - easytorch-training - INFO - Result <train>: [train/time: 26.79 (s), train/lr: 1.00e-04, train/loss: 0.1922, train/MAE: 0.1922, train/MSE: 0.1117]
2025-08-29 08:27:39,707 - easytorch-training - INFO - Start validation.
2025-08-29 08:27:43,180 - easytorch-training - INFO - Result <val>: [val/time: 3.47 (s), val/loss: 0.3355, val/MAE: 0.3355, val/MSE: 0.2314]
2025-08-29 08:27:46,636 - easytorch-training - INFO - Result <test>: [test/time: 3.45 (s), test/loss: 0.3691, test/MAE: 0.3691, test/MSE: 0.3404]
2025-08-29 08:27:46,691 - easytorch-training - INFO - Checkpoint checkpoints/TimesNet/ETTm2_100_336_192/29eba0276512840a30d8a1b516c7d122/TimesNet_015.pt saved
2025-08-29 08:27:46,691 - easytorch-training - INFO - The estimated training finish time is 2025-08-29 09:40:24
2025-08-29 08:27:46,691 - easytorch-training - INFO - Epoch 16 / 100
2025-08-29 08:28:13,654 - easytorch-training - INFO - Result <train>: [train/time: 26.96 (s), train/lr: 1.00e-04, train/loss: 0.1901, train/MAE: 0.1901, train/MSE: 0.1093]
2025-08-29 08:28:13,663 - easytorch-training - INFO - Start validation.
2025-08-29 08:28:17,127 - easytorch-training - INFO - Result <val>: [val/time: 3.46 (s), val/loss: 0.3505, val/MAE: 0.3505, val/MSE: 0.2586]
2025-08-29 08:28:20,627 - easytorch-training - INFO - Result <test>: [test/time: 3.49 (s), test/loss: 0.3841, test/MAE: 0.3841, test/MSE: 0.3707]
2025-08-29 08:28:20,680 - easytorch-training - INFO - Checkpoint checkpoints/TimesNet/ETTm2_100_336_192/29eba0276512840a30d8a1b516c7d122/TimesNet_016.pt saved
2025-08-29 08:28:20,681 - easytorch-training - INFO - The estimated training finish time is 2025-08-29 09:38:36
2025-08-29 08:28:20,681 - easytorch-training - INFO - Epoch 17 / 100
2025-08-29 08:28:47,607 - easytorch-training - INFO - Result <train>: [train/time: 26.93 (s), train/lr: 1.00e-04, train/loss: 0.1874, train/MAE: 0.1874, train/MSE: 0.1064]
2025-08-29 08:28:47,616 - easytorch-training - INFO - Start validation.
2025-08-29 08:28:50,972 - easytorch-training - INFO - Result <val>: [val/time: 3.36 (s), val/loss: 0.3591, val/MAE: 0.3591, val/MSE: 0.2688]
2025-08-29 08:28:54,408 - easytorch-training - INFO - Result <test>: [test/time: 3.43 (s), test/loss: 0.3902, test/MAE: 0.3902, test/MSE: 0.3816]
2025-08-29 08:28:54,460 - easytorch-training - INFO - Checkpoint checkpoints/TimesNet/ETTm2_100_336_192/29eba0276512840a30d8a1b516c7d122/TimesNet_017.pt saved
2025-08-29 08:28:54,460 - easytorch-training - INFO - The estimated training finish time is 2025-08-29 09:36:59
2025-08-29 08:28:54,460 - easytorch-training - INFO - Epoch 18 / 100
2025-08-29 08:29:21,332 - easytorch-training - INFO - Result <train>: [train/time: 26.87 (s), train/lr: 1.00e-04, train/loss: 0.1860, train/MAE: 0.1860, train/MSE: 0.1050]
2025-08-29 08:29:21,341 - easytorch-training - INFO - Start validation.
2025-08-29 08:29:24,716 - easytorch-training - INFO - Result <val>: [val/time: 3.37 (s), val/loss: 0.3500, val/MAE: 0.3500, val/MSE: 0.2573]
2025-08-29 08:29:28,082 - easytorch-training - INFO - Result <test>: [test/time: 3.36 (s), test/loss: 0.3769, test/MAE: 0.3769, test/MSE: 0.3526]
2025-08-29 08:29:28,141 - easytorch-training - INFO - Checkpoint checkpoints/TimesNet/ETTm2_100_336_192/29eba0276512840a30d8a1b516c7d122/TimesNet_018.pt saved
2025-08-29 08:29:28,141 - easytorch-training - INFO - The estimated training finish time is 2025-08-29 09:35:33
2025-08-29 08:29:28,141 - easytorch-training - INFO - Epoch 19 / 100
2025-08-29 08:29:54,942 - easytorch-training - INFO - Result <train>: [train/time: 26.80 (s), train/lr: 1.00e-04, train/loss: 0.1843, train/MAE: 0.1843, train/MSE: 0.1032]
2025-08-29 08:29:54,952 - easytorch-training - INFO - Start validation.
2025-08-29 08:29:58,213 - easytorch-training - INFO - Result <val>: [val/time: 3.26 (s), val/loss: 0.3641, val/MAE: 0.3641, val/MSE: 0.2782]
2025-08-29 08:30:01,521 - easytorch-training - INFO - Result <test>: [test/time: 3.30 (s), test/loss: 0.3916, test/MAE: 0.3916, test/MSE: 0.3835]
2025-08-29 08:30:01,629 - easytorch-training - INFO - Checkpoint checkpoints/TimesNet/ETTm2_100_336_192/29eba0276512840a30d8a1b516c7d122/TimesNet_019.pt saved
2025-08-29 08:30:01,629 - easytorch-training - INFO - The estimated training finish time is 2025-08-29 09:34:15
2025-08-29 08:30:01,629 - easytorch-training - INFO - Epoch 20 / 100
2025-08-29 08:30:28,445 - easytorch-training - INFO - Result <train>: [train/time: 26.81 (s), train/lr: 1.00e-04, train/loss: 0.1825, train/MAE: 0.1825, train/MSE: 0.1017]
2025-08-29 08:30:28,455 - easytorch-training - INFO - Start validation.
2025-08-29 08:30:31,762 - easytorch-training - INFO - Result <val>: [val/time: 3.31 (s), val/loss: 0.3560, val/MAE: 0.3560, val/MSE: 0.2628]
2025-08-29 08:30:35,101 - easytorch-training - INFO - Result <test>: [test/time: 3.33 (s), test/loss: 0.3807, test/MAE: 0.3807, test/MSE: 0.3554]
2025-08-29 08:30:35,152 - easytorch-training - INFO - Checkpoint checkpoints/TimesNet/ETTm2_100_336_192/29eba0276512840a30d8a1b516c7d122/TimesNet_020.pt saved
2025-08-29 08:30:35,166 - easytorch-training - INFO - The estimated training finish time is 2025-08-29 09:33:04
2025-08-29 08:30:35,166 - easytorch-training - INFO - Epoch 21 / 100
2025-08-29 08:31:02,204 - easytorch-training - INFO - Result <train>: [train/time: 27.04 (s), train/lr: 1.00e-04, train/loss: 0.1810, train/MAE: 0.1810, train/MSE: 0.0999]
2025-08-29 08:31:02,215 - easytorch-training - INFO - Start validation.
2025-08-29 08:31:05,677 - easytorch-training - INFO - Result <val>: [val/time: 3.46 (s), val/loss: 0.3622, val/MAE: 0.3622, val/MSE: 0.2759]
2025-08-29 08:31:09,085 - easytorch-training - INFO - Result <test>: [test/time: 3.40 (s), test/loss: 0.3911, test/MAE: 0.3911, test/MSE: 0.3787]
2025-08-29 08:31:09,145 - easytorch-training - INFO - Checkpoint checkpoints/TimesNet/ETTm2_100_336_192/29eba0276512840a30d8a1b516c7d122/TimesNet_021.pt saved
2025-08-29 08:31:09,145 - easytorch-training - INFO - The estimated training finish time is 2025-08-29 09:32:03
2025-08-29 08:31:09,145 - easytorch-training - INFO - Epoch 22 / 100
2025-08-29 08:31:35,989 - easytorch-training - INFO - Result <train>: [train/time: 26.84 (s), train/lr: 1.00e-04, train/loss: 0.1790, train/MAE: 0.1790, train/MSE: 0.0980]
2025-08-29 08:31:36,003 - easytorch-training - INFO - Start validation.
2025-08-29 08:31:39,418 - easytorch-training - INFO - Result <val>: [val/time: 3.42 (s), val/loss: 0.3662, val/MAE: 0.3662, val/MSE: 0.2786]
2025-08-29 08:31:42,854 - easytorch-training - INFO - Result <test>: [test/time: 3.43 (s), test/loss: 0.3952, test/MAE: 0.3952, test/MSE: 0.3843]
2025-08-29 08:31:42,944 - easytorch-training - INFO - Checkpoint checkpoints/TimesNet/ETTm2_100_336_192/29eba0276512840a30d8a1b516c7d122/TimesNet_022.pt saved
2025-08-29 08:31:42,945 - easytorch-training - INFO - The estimated training finish time is 2025-08-29 09:31:06
2025-08-29 08:31:42,945 - easytorch-training - INFO - Epoch 23 / 100
2025-08-29 08:32:09,887 - easytorch-training - INFO - Result <train>: [train/time: 26.94 (s), train/lr: 1.00e-04, train/loss: 0.1782, train/MAE: 0.1782, train/MSE: 0.0978]
2025-08-29 08:32:09,898 - easytorch-training - INFO - Start validation.
2025-08-29 08:32:13,251 - easytorch-training - INFO - Result <val>: [val/time: 3.35 (s), val/loss: 0.3514, val/MAE: 0.3514, val/MSE: 0.2587]
2025-08-29 08:32:16,640 - easytorch-training - INFO - Result <test>: [test/time: 3.38 (s), test/loss: 0.3837, test/MAE: 0.3837, test/MSE: 0.3666]
2025-08-29 08:32:16,693 - easytorch-training - INFO - Checkpoint checkpoints/TimesNet/ETTm2_100_336_192/29eba0276512840a30d8a1b516c7d122/TimesNet_023.pt saved
2025-08-29 08:32:16,694 - easytorch-training - INFO - The estimated training finish time is 2025-08-29 09:30:15
2025-08-29 08:32:16,694 - easytorch-training - INFO - Epoch 24 / 100
2025-08-29 08:32:43,559 - easytorch-training - INFO - Result <train>: [train/time: 26.87 (s), train/lr: 1.00e-04, train/loss: 0.1765, train/MAE: 0.1765, train/MSE: 0.0957]
2025-08-29 08:32:43,569 - easytorch-training - INFO - Start validation.
2025-08-29 08:32:46,927 - easytorch-training - INFO - Result <val>: [val/time: 3.36 (s), val/loss: 0.3624, val/MAE: 0.3624, val/MSE: 0.2748]
2025-08-29 08:32:50,335 - easytorch-training - INFO - Result <test>: [test/time: 3.40 (s), test/loss: 0.3923, test/MAE: 0.3923, test/MSE: 0.3793]
2025-08-29 08:32:50,381 - easytorch-training - INFO - Checkpoint checkpoints/TimesNet/ETTm2_100_336_192/29eba0276512840a30d8a1b516c7d122/TimesNet_024.pt saved
2025-08-29 08:32:50,381 - easytorch-training - INFO - The estimated training finish time is 2025-08-29 09:29:27
2025-08-29 08:32:50,381 - easytorch-training - INFO - Epoch 25 / 100
2025-08-29 08:33:17,238 - easytorch-training - INFO - Result <train>: [train/time: 26.86 (s), train/lr: 1.00e-04, train/loss: 0.1753, train/MAE: 0.1753, train/MSE: 0.0946]
2025-08-29 08:33:17,248 - easytorch-training - INFO - Start validation.
2025-08-29 08:33:20,669 - easytorch-training - INFO - Result <val>: [val/time: 3.42 (s), val/loss: 0.3612, val/MAE: 0.3612, val/MSE: 0.2730]
2025-08-29 08:33:24,104 - easytorch-training - INFO - Result <test>: [test/time: 3.43 (s), test/loss: 0.3889, test/MAE: 0.3889, test/MSE: 0.3706]
2025-08-29 08:33:24,207 - easytorch-training - INFO - Checkpoint checkpoints/TimesNet/ETTm2_100_336_192/29eba0276512840a30d8a1b516c7d122/TimesNet_025.pt saved
2025-08-29 08:33:24,208 - easytorch-training - INFO - The estimated training finish time is 2025-08-29 09:28:43
2025-08-29 08:33:24,208 - easytorch-training - INFO - Epoch 26 / 100
2025-08-29 08:33:51,322 - easytorch-training - INFO - Result <train>: [train/time: 27.11 (s), train/lr: 5.00e-05, train/loss: 0.1718, train/MAE: 0.1718, train/MSE: 0.0920]
2025-08-29 08:33:51,330 - easytorch-training - INFO - Start validation.
2025-08-29 08:34:00,093 - easytorch-training - INFO - Result <val>: [val/time: 8.76 (s), val/loss: 0.3715, val/MAE: 0.3715, val/MSE: 0.2872]
2025-08-29 08:34:10,663 - easytorch-training - INFO - Result <test>: [test/time: 10.56 (s), test/loss: 0.3988, test/MAE: 0.3988, test/MSE: 0.3871]
2025-08-29 08:34:10,744 - easytorch-training - INFO - Checkpoint checkpoints/TimesNet/ETTm2_100_336_192/29eba0276512840a30d8a1b516c7d122/TimesNet_026.pt saved
2025-08-29 08:34:10,745 - easytorch-training - INFO - The estimated training finish time is 2025-08-29 09:28:52
2025-08-29 08:34:10,745 - easytorch-training - INFO - Epoch 27 / 100
2025-08-29 08:35:14,786 - easytorch-training - INFO - Result <train>: [train/time: 64.04 (s), train/lr: 5.00e-05, train/loss: 0.1717, train/MAE: 0.1717, train/MSE: 0.0919]
2025-08-29 08:35:14,795 - easytorch-training - INFO - Start validation.
2025-08-29 08:35:25,017 - easytorch-training - INFO - Result <val>: [val/time: 10.22 (s), val/loss: 0.3669, val/MAE: 0.3669, val/MSE: 0.2799]
2025-08-29 08:35:28,764 - easytorch-training - INFO - Result <test>: [test/time: 3.74 (s), test/loss: 0.3940, test/MAE: 0.3940, test/MSE: 0.3769]
2025-08-29 08:35:28,814 - easytorch-training - INFO - Checkpoint checkpoints/TimesNet/ETTm2_100_336_192/29eba0276512840a30d8a1b516c7d122/TimesNet_027.pt saved
2025-08-29 08:35:28,814 - easytorch-training - INFO - The estimated training finish time is 2025-08-29 09:30:57
2025-08-29 08:35:28,814 - easytorch-training - INFO - Epoch 28 / 100
2025-08-29 08:35:55,519 - easytorch-training - INFO - Result <train>: [train/time: 26.70 (s), train/lr: 5.00e-05, train/loss: 0.1707, train/MAE: 0.1707, train/MSE: 0.0907]
2025-08-29 08:35:55,528 - easytorch-training - INFO - Start validation.
2025-08-29 08:35:58,843 - easytorch-training - INFO - Result <val>: [val/time: 3.32 (s), val/loss: 0.3739, val/MAE: 0.3739, val/MSE: 0.2913]
2025-08-29 08:36:02,165 - easytorch-training - INFO - Result <test>: [test/time: 3.32 (s), test/loss: 0.4019, test/MAE: 0.4019, test/MSE: 0.3913]
2025-08-29 08:36:02,260 - easytorch-training - INFO - Checkpoint checkpoints/TimesNet/ETTm2_100_336_192/29eba0276512840a30d8a1b516c7d122/TimesNet_028.pt saved
2025-08-29 08:36:02,260 - easytorch-training - INFO - The estimated training finish time is 2025-08-29 09:30:13
2025-08-29 08:36:02,260 - easytorch-training - INFO - Epoch 29 / 100
2025-08-29 08:36:29,248 - easytorch-training - INFO - Result <train>: [train/time: 26.99 (s), train/lr: 5.00e-05, train/loss: 0.1701, train/MAE: 0.1701, train/MSE: 0.0901]
2025-08-29 08:36:29,257 - easytorch-training - INFO - Start validation.
2025-08-29 08:36:32,649 - easytorch-training - INFO - Result <val>: [val/time: 3.39 (s), val/loss: 0.3766, val/MAE: 0.3766, val/MSE: 0.2945]
2025-08-29 08:36:36,023 - easytorch-training - INFO - Result <test>: [test/time: 3.37 (s), test/loss: 0.4015, test/MAE: 0.4015, test/MSE: 0.3876]
2025-08-29 08:36:36,155 - easytorch-training - INFO - Checkpoint checkpoints/TimesNet/ETTm2_100_336_192/29eba0276512840a30d8a1b516c7d122/TimesNet_029.pt saved
2025-08-29 08:36:36,155 - easytorch-training - INFO - The estimated training finish time is 2025-08-29 09:29:35
2025-08-29 08:36:36,156 - easytorch-training - INFO - Epoch 30 / 100
2025-08-29 08:37:03,111 - easytorch-training - INFO - Result <train>: [train/time: 26.95 (s), train/lr: 5.00e-05, train/loss: 0.1697, train/MAE: 0.1697, train/MSE: 0.0897]
2025-08-29 08:37:03,120 - easytorch-training - INFO - Start validation.
2025-08-29 08:37:06,538 - easytorch-training - INFO - Result <val>: [val/time: 3.42 (s), val/loss: 0.3770, val/MAE: 0.3770, val/MSE: 0.2971]
2025-08-29 08:37:09,916 - easytorch-training - INFO - Result <test>: [test/time: 3.37 (s), test/loss: 0.4049, test/MAE: 0.4049, test/MSE: 0.3987]
2025-08-29 08:37:09,970 - easytorch-training - INFO - Checkpoint checkpoints/TimesNet/ETTm2_100_336_192/29eba0276512840a30d8a1b516c7d122/TimesNet_030.pt saved
2025-08-29 08:37:09,985 - easytorch-training - INFO - The estimated training finish time is 2025-08-29 09:28:58
2025-08-29 08:37:09,985 - easytorch-training - INFO - Epoch 31 / 100
2025-08-29 08:37:36,988 - easytorch-training - INFO - Result <train>: [train/time: 27.00 (s), train/lr: 5.00e-05, train/loss: 0.1694, train/MAE: 0.1694, train/MSE: 0.0896]
2025-08-29 08:37:37,003 - easytorch-training - INFO - Start validation.
2025-08-29 08:37:40,355 - easytorch-training - INFO - Result <val>: [val/time: 3.35 (s), val/loss: 0.3762, val/MAE: 0.3762, val/MSE: 0.2940]
2025-08-29 08:37:43,727 - easytorch-training - INFO - Result <test>: [test/time: 3.37 (s), test/loss: 0.4009, test/MAE: 0.4009, test/MSE: 0.3868]
2025-08-29 08:37:43,777 - easytorch-training - INFO - Checkpoint checkpoints/TimesNet/ETTm2_100_336_192/29eba0276512840a30d8a1b516c7d122/TimesNet_031.pt saved
2025-08-29 08:37:43,777 - easytorch-training - INFO - The estimated training finish time is 2025-08-29 09:28:24
2025-08-29 08:37:43,777 - easytorch-training - INFO - Epoch 32 / 100
2025-08-29 08:38:10,696 - easytorch-training - INFO - Result <train>: [train/time: 26.92 (s), train/lr: 5.00e-05, train/loss: 0.1684, train/MAE: 0.1684, train/MSE: 0.0887]
2025-08-29 08:38:10,715 - easytorch-training - INFO - Start validation.
2025-08-29 08:38:14,029 - easytorch-training - INFO - Result <val>: [val/time: 3.31 (s), val/loss: 0.3802, val/MAE: 0.3802, val/MSE: 0.3013]
2025-08-29 08:38:17,390 - easytorch-training - INFO - Result <test>: [test/time: 3.35 (s), test/loss: 0.4055, test/MAE: 0.4055, test/MSE: 0.3982]
2025-08-29 08:38:17,465 - easytorch-training - INFO - Checkpoint checkpoints/TimesNet/ETTm2_100_336_192/29eba0276512840a30d8a1b516c7d122/TimesNet_032.pt saved
2025-08-29 08:38:17,467 - easytorch-training - INFO - The estimated training finish time is 2025-08-29 09:27:51
2025-08-29 08:38:17,470 - easytorch-training - INFO - Epoch 33 / 100
2025-08-29 08:38:44,505 - easytorch-training - INFO - Result <train>: [train/time: 27.03 (s), train/lr: 5.00e-05, train/loss: 0.1685, train/MAE: 0.1685, train/MSE: 0.0891]
2025-08-29 08:38:44,523 - easytorch-training - INFO - Start validation.
2025-08-29 08:38:47,882 - easytorch-training - INFO - Result <val>: [val/time: 3.36 (s), val/loss: 0.3770, val/MAE: 0.3770, val/MSE: 0.2949]
2025-08-29 08:38:51,264 - easytorch-training - INFO - Result <test>: [test/time: 3.37 (s), test/loss: 0.4025, test/MAE: 0.4025, test/MSE: 0.3889]
2025-08-29 08:38:51,316 - easytorch-training - INFO - Checkpoint checkpoints/TimesNet/ETTm2_100_336_192/29eba0276512840a30d8a1b516c7d122/TimesNet_033.pt saved
2025-08-29 08:38:51,317 - easytorch-training - INFO - The estimated training finish time is 2025-08-29 09:27:21
2025-08-29 08:38:51,317 - easytorch-training - INFO - Epoch 34 / 100
2025-08-29 08:39:18,039 - easytorch-training - INFO - Result <train>: [train/time: 26.72 (s), train/lr: 5.00e-05, train/loss: 0.1677, train/MAE: 0.1677, train/MSE: 0.0880]
2025-08-29 08:39:18,046 - easytorch-training - INFO - Start validation.
2025-08-29 08:39:21,440 - easytorch-training - INFO - Result <val>: [val/time: 3.39 (s), val/loss: 0.3762, val/MAE: 0.3762, val/MSE: 0.2951]
2025-08-29 08:39:24,852 - easytorch-training - INFO - Result <test>: [test/time: 3.41 (s), test/loss: 0.4035, test/MAE: 0.4035, test/MSE: 0.3917]
2025-08-29 08:39:24,905 - easytorch-training - INFO - Checkpoint checkpoints/TimesNet/ETTm2_100_336_192/29eba0276512840a30d8a1b516c7d122/TimesNet_034.pt saved
2025-08-29 08:39:24,905 - easytorch-training - INFO - The estimated training finish time is 2025-08-29 09:26:52
2025-08-29 08:39:24,905 - easytorch-training - INFO - Epoch 35 / 100
2025-08-29 08:39:51,804 - easytorch-training - INFO - Result <train>: [train/time: 26.90 (s), train/lr: 5.00e-05, train/loss: 0.1671, train/MAE: 0.1671, train/MSE: 0.0874]
2025-08-29 08:39:51,813 - easytorch-training - INFO - Start validation.
2025-08-29 08:39:55,181 - easytorch-training - INFO - Result <val>: [val/time: 3.37 (s), val/loss: 0.3736, val/MAE: 0.3736, val/MSE: 0.2909]
2025-08-29 08:39:58,571 - easytorch-training - INFO - Result <test>: [test/time: 3.38 (s), test/loss: 0.4005, test/MAE: 0.4005, test/MSE: 0.3875]
2025-08-29 08:39:58,727 - easytorch-training - INFO - Checkpoint checkpoints/TimesNet/ETTm2_100_336_192/29eba0276512840a30d8a1b516c7d122/TimesNet_035.pt saved
2025-08-29 08:39:58,727 - easytorch-training - INFO - The estimated training finish time is 2025-08-29 09:26:26
2025-08-29 08:39:58,727 - easytorch-training - INFO - Epoch 36 / 100
2025-08-29 08:40:25,754 - easytorch-training - INFO - Result <train>: [train/time: 27.03 (s), train/lr: 5.00e-05, train/loss: 0.1666, train/MAE: 0.1666, train/MSE: 0.0870]
2025-08-29 08:40:25,764 - easytorch-training - INFO - Start validation.
2025-08-29 08:40:29,137 - easytorch-training - INFO - Result <val>: [val/time: 3.37 (s), val/loss: 0.3799, val/MAE: 0.3799, val/MSE: 0.3000]
2025-08-29 08:40:32,522 - easytorch-training - INFO - Result <test>: [test/time: 3.38 (s), test/loss: 0.4059, test/MAE: 0.4059, test/MSE: 0.3968]
2025-08-29 08:40:32,579 - easytorch-training - INFO - Checkpoint checkpoints/TimesNet/ETTm2_100_336_192/29eba0276512840a30d8a1b516c7d122/TimesNet_036.pt saved
2025-08-29 08:40:32,579 - easytorch-training - INFO - The estimated training finish time is 2025-08-29 09:26:01
2025-08-29 08:40:32,580 - easytorch-training - INFO - Epoch 37 / 100
2025-08-29 08:40:59,385 - easytorch-training - INFO - Result <train>: [train/time: 26.81 (s), train/lr: 5.00e-05, train/loss: 0.1666, train/MAE: 0.1666, train/MSE: 0.0873]
2025-08-29 08:40:59,394 - easytorch-training - INFO - Start validation.
2025-08-29 08:41:02,770 - easytorch-training - INFO - Result <val>: [val/time: 3.38 (s), val/loss: 0.3737, val/MAE: 0.3737, val/MSE: 0.2909]
2025-08-29 08:41:06,155 - easytorch-training - INFO - Result <test>: [test/time: 3.38 (s), test/loss: 0.3951, test/MAE: 0.3951, test/MSE: 0.3747]
2025-08-29 08:41:06,208 - easytorch-training - INFO - Checkpoint checkpoints/TimesNet/ETTm2_100_336_192/29eba0276512840a30d8a1b516c7d122/TimesNet_037.pt saved
2025-08-29 08:41:06,208 - easytorch-training - INFO - The estimated training finish time is 2025-08-29 09:25:36
2025-08-29 08:41:06,208 - easytorch-training - INFO - Epoch 38 / 100
2025-08-29 08:41:33,246 - easytorch-training - INFO - Result <train>: [train/time: 27.04 (s), train/lr: 5.00e-05, train/loss: 0.1658, train/MAE: 0.1658, train/MSE: 0.0863]
2025-08-29 08:41:33,255 - easytorch-training - INFO - Start validation.
2025-08-29 08:41:36,631 - easytorch-training - INFO - Result <val>: [val/time: 3.38 (s), val/loss: 0.3732, val/MAE: 0.3732, val/MSE: 0.2910]
2025-08-29 08:41:40,010 - easytorch-training - INFO - Result <test>: [test/time: 3.37 (s), test/loss: 0.3991, test/MAE: 0.3991, test/MSE: 0.3846]
2025-08-29 08:41:40,065 - easytorch-training - INFO - Checkpoint checkpoints/TimesNet/ETTm2_100_336_192/29eba0276512840a30d8a1b516c7d122/TimesNet_038.pt saved
2025-08-29 08:41:40,065 - easytorch-training - INFO - The estimated training finish time is 2025-08-29 09:25:14
2025-08-29 08:41:40,065 - easytorch-training - INFO - Epoch 39 / 100
2025-08-29 08:42:07,070 - easytorch-training - INFO - Result <train>: [train/time: 27.00 (s), train/lr: 5.00e-05, train/loss: 0.1655, train/MAE: 0.1655, train/MSE: 0.0861]
2025-08-29 08:42:07,079 - easytorch-training - INFO - Start validation.
2025-08-29 08:42:10,414 - easytorch-training - INFO - Result <val>: [val/time: 3.34 (s), val/loss: 0.3748, val/MAE: 0.3748, val/MSE: 0.2924]
2025-08-29 08:42:13,770 - easytorch-training - INFO - Result <test>: [test/time: 3.35 (s), test/loss: 0.4006, test/MAE: 0.4006, test/MSE: 0.3868]
2025-08-29 08:42:13,823 - easytorch-training - INFO - Checkpoint checkpoints/TimesNet/ETTm2_100_336_192/29eba0276512840a30d8a1b516c7d122/TimesNet_039.pt saved
2025-08-29 08:42:13,823 - easytorch-training - INFO - The estimated training finish time is 2025-08-29 09:24:52
2025-08-29 08:42:13,823 - easytorch-training - INFO - Epoch 40 / 100
2025-08-29 08:42:40,769 - easytorch-training - INFO - Result <train>: [train/time: 26.95 (s), train/lr: 5.00e-05, train/loss: 0.1650, train/MAE: 0.1650, train/MSE: 0.0855]
2025-08-29 08:42:40,779 - easytorch-training - INFO - Start validation.
2025-08-29 08:42:44,112 - easytorch-training - INFO - Result <val>: [val/time: 3.33 (s), val/loss: 0.3774, val/MAE: 0.3774, val/MSE: 0.2975]
2025-08-29 08:42:47,456 - easytorch-training - INFO - Result <test>: [test/time: 3.34 (s), test/loss: 0.4030, test/MAE: 0.4030, test/MSE: 0.3910]
2025-08-29 08:42:47,552 - easytorch-training - INFO - Checkpoint checkpoints/TimesNet/ETTm2_100_336_192/29eba0276512840a30d8a1b516c7d122/TimesNet_040.pt saved
2025-08-29 08:42:47,574 - easytorch-training - INFO - The estimated training finish time is 2025-08-29 09:24:32
2025-08-29 08:42:47,575 - easytorch-training - INFO - Epoch 41 / 100
2025-08-29 08:43:14,525 - easytorch-training - INFO - Result <train>: [train/time: 26.95 (s), train/lr: 5.00e-05, train/loss: 0.1651, train/MAE: 0.1651, train/MSE: 0.0864]
2025-08-29 08:43:14,534 - easytorch-training - INFO - Start validation.
2025-08-29 08:43:17,926 - easytorch-training - INFO - Result <val>: [val/time: 3.39 (s), val/loss: 0.3753, val/MAE: 0.3753, val/MSE: 0.2912]
2025-08-29 08:43:21,319 - easytorch-training - INFO - Result <test>: [test/time: 3.38 (s), test/loss: 0.3981, test/MAE: 0.3981, test/MSE: 0.3796]
2025-08-29 08:43:21,431 - easytorch-training - INFO - Checkpoint checkpoints/TimesNet/ETTm2_100_336_192/29eba0276512840a30d8a1b516c7d122/TimesNet_041.pt saved
2025-08-29 08:43:21,431 - easytorch-training - INFO - The estimated training finish time is 2025-08-29 09:24:13
2025-08-29 08:43:21,432 - easytorch-training - INFO - Epoch 42 / 100
2025-08-29 08:43:48,382 - easytorch-training - INFO - Result <train>: [train/time: 26.95 (s), train/lr: 5.00e-05, train/loss: 0.1642, train/MAE: 0.1642, train/MSE: 0.0850]
2025-08-29 08:43:48,393 - easytorch-training - INFO - Start validation.
2025-08-29 08:43:51,787 - easytorch-training - INFO - Result <val>: [val/time: 3.39 (s), val/loss: 0.3721, val/MAE: 0.3721, val/MSE: 0.2875]
2025-08-29 08:43:55,170 - easytorch-training - INFO - Result <test>: [test/time: 3.37 (s), test/loss: 0.3973, test/MAE: 0.3973, test/MSE: 0.3777]
2025-08-29 08:43:55,219 - easytorch-training - INFO - Checkpoint checkpoints/TimesNet/ETTm2_100_336_192/29eba0276512840a30d8a1b516c7d122/TimesNet_042.pt saved
2025-08-29 08:43:55,220 - easytorch-training - INFO - The estimated training finish time is 2025-08-29 09:23:54
2025-08-29 08:43:55,220 - easytorch-training - INFO - Epoch 43 / 100
2025-08-29 08:44:22,092 - easytorch-training - INFO - Result <train>: [train/time: 26.87 (s), train/lr: 5.00e-05, train/loss: 0.1639, train/MAE: 0.1639, train/MSE: 0.0847]
2025-08-29 08:44:22,107 - easytorch-training - INFO - Start validation.
2025-08-29 08:44:25,446 - easytorch-training - INFO - Result <val>: [val/time: 3.34 (s), val/loss: 0.3755, val/MAE: 0.3755, val/MSE: 0.2930]
2025-08-29 08:44:28,795 - easytorch-training - INFO - Result <test>: [test/time: 3.34 (s), test/loss: 0.4039, test/MAE: 0.4039, test/MSE: 0.3912]
2025-08-29 08:44:28,848 - easytorch-training - INFO - Checkpoint checkpoints/TimesNet/ETTm2_100_336_192/29eba0276512840a30d8a1b516c7d122/TimesNet_043.pt saved
2025-08-29 08:44:28,848 - easytorch-training - INFO - The estimated training finish time is 2025-08-29 09:23:36
2025-08-29 08:44:28,848 - easytorch-training - INFO - Epoch 44 / 100
2025-08-29 08:44:55,727 - easytorch-training - INFO - Result <train>: [train/time: 26.88 (s), train/lr: 5.00e-05, train/loss: 0.1635, train/MAE: 0.1635, train/MSE: 0.0843]
2025-08-29 08:44:55,737 - easytorch-training - INFO - Start validation.
2025-08-29 08:44:59,042 - easytorch-training - INFO - Result <val>: [val/time: 3.30 (s), val/loss: 0.3773, val/MAE: 0.3773, val/MSE: 0.2961]
2025-08-29 08:45:02,358 - easytorch-training - INFO - Result <test>: [test/time: 3.31 (s), test/loss: 0.4022, test/MAE: 0.4022, test/MSE: 0.3880]
2025-08-29 08:45:02,403 - easytorch-training - INFO - Checkpoint checkpoints/TimesNet/ETTm2_100_336_192/29eba0276512840a30d8a1b516c7d122/TimesNet_044.pt saved
2025-08-29 08:45:02,403 - easytorch-training - INFO - The estimated training finish time is 2025-08-29 09:23:19
2025-08-29 08:45:02,403 - easytorch-training - INFO - Epoch 45 / 100
2025-08-29 08:45:29,085 - easytorch-training - INFO - Result <train>: [train/time: 26.68 (s), train/lr: 5.00e-05, train/loss: 0.1633, train/MAE: 0.1633, train/MSE: 0.0846]
2025-08-29 08:45:29,095 - easytorch-training - INFO - Start validation.
2025-08-29 08:45:32,442 - easytorch-training - INFO - Result <val>: [val/time: 3.35 (s), val/loss: 0.3777, val/MAE: 0.3777, val/MSE: 0.2993]
2025-08-29 08:45:35,793 - easytorch-training - INFO - Result <test>: [test/time: 3.34 (s), test/loss: 0.4029, test/MAE: 0.4029, test/MSE: 0.3911]
2025-08-29 08:45:35,843 - easytorch-training - INFO - Checkpoint checkpoints/TimesNet/ETTm2_100_336_192/29eba0276512840a30d8a1b516c7d122/TimesNet_045.pt saved
2025-08-29 08:45:35,843 - easytorch-training - INFO - The estimated training finish time is 2025-08-29 09:23:02
2025-08-29 08:45:35,844 - easytorch-training - INFO - Epoch 46 / 100
2025-08-29 08:46:02,810 - easytorch-training - INFO - Result <train>: [train/time: 26.97 (s), train/lr: 5.00e-05, train/loss: 0.1631, train/MAE: 0.1631, train/MSE: 0.0841]
2025-08-29 08:46:02,819 - easytorch-training - INFO - Start validation.
2025-08-29 08:46:06,169 - easytorch-training - INFO - Result <val>: [val/time: 3.35 (s), val/loss: 0.3788, val/MAE: 0.3788, val/MSE: 0.2981]
2025-08-29 08:46:09,562 - easytorch-training - INFO - Result <test>: [test/time: 3.39 (s), test/loss: 0.4034, test/MAE: 0.4034, test/MSE: 0.3870]
2025-08-29 08:46:09,614 - easytorch-training - INFO - Checkpoint checkpoints/TimesNet/ETTm2_100_336_192/29eba0276512840a30d8a1b516c7d122/TimesNet_046.pt saved
2025-08-29 08:46:09,615 - easytorch-training - INFO - The estimated training finish time is 2025-08-29 09:22:47
2025-08-29 08:46:09,615 - easytorch-training - INFO - Epoch 47 / 100
2025-08-29 08:46:36,373 - easytorch-training - INFO - Result <train>: [train/time: 26.76 (s), train/lr: 5.00e-05, train/loss: 0.1624, train/MAE: 0.1624, train/MSE: 0.0834]
2025-08-29 08:46:36,382 - easytorch-training - INFO - Start validation.
2025-08-29 08:46:39,771 - easytorch-training - INFO - Result <val>: [val/time: 3.39 (s), val/loss: 0.3801, val/MAE: 0.3801, val/MSE: 0.3007]
2025-08-29 08:46:43,174 - easytorch-training - INFO - Result <test>: [test/time: 3.39 (s), test/loss: 0.4054, test/MAE: 0.4054, test/MSE: 0.3947]
2025-08-29 08:46:43,230 - easytorch-training - INFO - Checkpoint checkpoints/TimesNet/ETTm2_100_336_192/29eba0276512840a30d8a1b516c7d122/TimesNet_047.pt saved
2025-08-29 08:46:43,230 - easytorch-training - INFO - The estimated training finish time is 2025-08-29 09:22:32
2025-08-29 08:46:43,230 - easytorch-training - INFO - Epoch 48 / 100
2025-08-29 08:47:10,088 - easytorch-training - INFO - Result <train>: [train/time: 26.86 (s), train/lr: 5.00e-05, train/loss: 0.1624, train/MAE: 0.1624, train/MSE: 0.0837]
2025-08-29 08:47:10,096 - easytorch-training - INFO - Start validation.
2025-08-29 08:47:13,490 - easytorch-training - INFO - Result <val>: [val/time: 3.39 (s), val/loss: 0.3770, val/MAE: 0.3770, val/MSE: 0.2947]
2025-08-29 08:47:16,869 - easytorch-training - INFO - Result <test>: [test/time: 3.37 (s), test/loss: 0.3994, test/MAE: 0.3994, test/MSE: 0.3818]
2025-08-29 08:47:16,916 - easytorch-training - INFO - Checkpoint checkpoints/TimesNet/ETTm2_100_336_192/29eba0276512840a30d8a1b516c7d122/TimesNet_048.pt saved
2025-08-29 08:47:16,916 - easytorch-training - INFO - The estimated training finish time is 2025-08-29 09:22:17
2025-08-29 08:47:16,916 - easytorch-training - INFO - Epoch 49 / 100
2025-08-29 08:47:43,734 - easytorch-training - INFO - Result <train>: [train/time: 26.82 (s), train/lr: 5.00e-05, train/loss: 0.1619, train/MAE: 0.1619, train/MSE: 0.0830]
2025-08-29 08:47:43,744 - easytorch-training - INFO - Start validation.
2025-08-29 08:47:47,129 - easytorch-training - INFO - Result <val>: [val/time: 3.39 (s), val/loss: 0.3752, val/MAE: 0.3752, val/MSE: 0.2942]
2025-08-29 08:47:50,519 - easytorch-training - INFO - Result <test>: [test/time: 3.38 (s), test/loss: 0.4002, test/MAE: 0.4002, test/MSE: 0.3843]
2025-08-29 08:47:50,569 - easytorch-training - INFO - Checkpoint checkpoints/TimesNet/ETTm2_100_336_192/29eba0276512840a30d8a1b516c7d122/TimesNet_049.pt saved
2025-08-29 08:47:50,569 - easytorch-training - INFO - The estimated training finish time is 2025-08-29 09:22:03
2025-08-29 08:47:50,569 - easytorch-training - INFO - Epoch 50 / 100
2025-08-29 08:48:17,470 - easytorch-training - INFO - Result <train>: [train/time: 26.90 (s), train/lr: 5.00e-05, train/loss: 0.1614, train/MAE: 0.1614, train/MSE: 0.0826]
2025-08-29 08:48:17,480 - easytorch-training - INFO - Start validation.
2025-08-29 08:48:20,876 - easytorch-training - INFO - Result <val>: [val/time: 3.40 (s), val/loss: 0.3859, val/MAE: 0.3859, val/MSE: 0.3081]
2025-08-29 08:48:24,227 - easytorch-training - INFO - Result <test>: [test/time: 3.34 (s), test/loss: 0.4087, test/MAE: 0.4087, test/MSE: 0.3978]
2025-08-29 08:48:24,332 - easytorch-training - INFO - Checkpoint checkpoints/TimesNet/ETTm2_100_336_192/29eba0276512840a30d8a1b516c7d122/TimesNet_050.pt saved
2025-08-29 08:48:24,351 - easytorch-training - INFO - The estimated training finish time is 2025-08-29 09:21:50
2025-08-29 08:48:24,352 - easytorch-training - INFO - Epoch 51 / 100
2025-08-29 08:48:51,294 - easytorch-training - INFO - Result <train>: [train/time: 26.94 (s), train/lr: 2.50e-05, train/loss: 0.1599, train/MAE: 0.1599, train/MSE: 0.0815]
2025-08-29 08:48:51,306 - easytorch-training - INFO - Start validation.
2025-08-29 08:48:54,676 - easytorch-training - INFO - Result <val>: [val/time: 3.37 (s), val/loss: 0.3802, val/MAE: 0.3802, val/MSE: 0.3014]
2025-08-29 08:48:58,079 - easytorch-training - INFO - Result <test>: [test/time: 3.40 (s), test/loss: 0.4050, test/MAE: 0.4050, test/MSE: 0.3937]
2025-08-29 08:48:58,130 - easytorch-training - INFO - Checkpoint checkpoints/TimesNet/ETTm2_100_336_192/29eba0276512840a30d8a1b516c7d122/TimesNet_051.pt saved
2025-08-29 08:48:58,130 - easytorch-training - INFO - The estimated training finish time is 2025-08-29 09:21:38
2025-08-29 08:48:58,130 - easytorch-training - INFO - Epoch 52 / 100
2025-08-29 08:49:24,904 - easytorch-training - INFO - Result <train>: [train/time: 26.77 (s), train/lr: 2.50e-05, train/loss: 0.1596, train/MAE: 0.1596, train/MSE: 0.0813]
2025-08-29 08:49:24,913 - easytorch-training - INFO - Start validation.
2025-08-29 08:49:28,241 - easytorch-training - INFO - Result <val>: [val/time: 3.33 (s), val/loss: 0.3817, val/MAE: 0.3817, val/MSE: 0.3033]
2025-08-29 08:49:31,581 - easytorch-training - INFO - Result <test>: [test/time: 3.33 (s), test/loss: 0.4054, test/MAE: 0.4054, test/MSE: 0.3937]
2025-08-29 08:49:31,702 - easytorch-training - INFO - Checkpoint checkpoints/TimesNet/ETTm2_100_336_192/29eba0276512840a30d8a1b516c7d122/TimesNet_052.pt saved
2025-08-29 08:49:31,703 - easytorch-training - INFO - The estimated training finish time is 2025-08-29 09:21:26
2025-08-29 08:49:31,703 - easytorch-training - INFO - Epoch 53 / 100
2025-08-29 08:49:58,820 - easytorch-training - INFO - Result <train>: [train/time: 27.12 (s), train/lr: 2.50e-05, train/loss: 0.1597, train/MAE: 0.1597, train/MSE: 0.0813]
2025-08-29 08:49:58,829 - easytorch-training - INFO - Start validation.
2025-08-29 08:50:02,177 - easytorch-training - INFO - Result <val>: [val/time: 3.35 (s), val/loss: 0.3815, val/MAE: 0.3815, val/MSE: 0.3034]
2025-08-29 08:50:05,528 - easytorch-training - INFO - Result <test>: [test/time: 3.34 (s), test/loss: 0.4042, test/MAE: 0.4042, test/MSE: 0.3921]
2025-08-29 08:50:05,578 - easytorch-training - INFO - Checkpoint checkpoints/TimesNet/ETTm2_100_336_192/29eba0276512840a30d8a1b516c7d122/TimesNet_053.pt saved
2025-08-29 08:50:05,578 - easytorch-training - INFO - The estimated training finish time is 2025-08-29 09:21:14
2025-08-29 08:50:05,578 - easytorch-training - INFO - Epoch 54 / 100
2025-08-29 08:50:32,519 - easytorch-training - INFO - Result <train>: [train/time: 26.94 (s), train/lr: 2.50e-05, train/loss: 0.1594, train/MAE: 0.1594, train/MSE: 0.0811]
2025-08-29 08:50:32,528 - easytorch-training - INFO - Start validation.
2025-08-29 08:50:35,896 - easytorch-training - INFO - Result <val>: [val/time: 3.37 (s), val/loss: 0.3831, val/MAE: 0.3831, val/MSE: 0.3056]
2025-08-29 08:50:39,276 - easytorch-training - INFO - Result <test>: [test/time: 3.37 (s), test/loss: 0.4065, test/MAE: 0.4065, test/MSE: 0.3960]
2025-08-29 08:50:39,384 - easytorch-training - INFO - Checkpoint checkpoints/TimesNet/ETTm2_100_336_192/29eba0276512840a30d8a1b516c7d122/TimesNet_054.pt saved
2025-08-29 08:50:39,385 - easytorch-training - INFO - The estimated training finish time is 2025-08-29 09:21:03
2025-08-29 08:50:39,385 - easytorch-training - INFO - Epoch 55 / 100
2025-08-29 08:51:06,213 - easytorch-training - INFO - Result <train>: [train/time: 26.83 (s), train/lr: 2.50e-05, train/loss: 0.1592, train/MAE: 0.1592, train/MSE: 0.0809]
2025-08-29 08:51:06,222 - easytorch-training - INFO - Start validation.
2025-08-29 08:51:09,673 - easytorch-training - INFO - Result <val>: [val/time: 3.45 (s), val/loss: 0.3825, val/MAE: 0.3825, val/MSE: 0.3041]
2025-08-29 08:51:13,106 - easytorch-training - INFO - Result <test>: [test/time: 3.43 (s), test/loss: 0.4064, test/MAE: 0.4064, test/MSE: 0.3958]
2025-08-29 08:51:13,155 - easytorch-training - INFO - Checkpoint checkpoints/TimesNet/ETTm2_100_336_192/29eba0276512840a30d8a1b516c7d122/TimesNet_055.pt saved
2025-08-29 08:51:13,156 - easytorch-training - INFO - The estimated training finish time is 2025-08-29 09:20:53
2025-08-29 08:51:13,156 - easytorch-training - INFO - Epoch 56 / 100
2025-08-29 08:51:40,175 - easytorch-training - INFO - Result <train>: [train/time: 27.02 (s), train/lr: 2.50e-05, train/loss: 0.1590, train/MAE: 0.1590, train/MSE: 0.0808]
2025-08-29 08:51:40,185 - easytorch-training - INFO - Start validation.
2025-08-29 08:51:43,637 - easytorch-training - INFO - Result <val>: [val/time: 3.45 (s), val/loss: 0.3857, val/MAE: 0.3857, val/MSE: 0.3112]
2025-08-29 08:51:47,061 - easytorch-training - INFO - Result <test>: [test/time: 3.42 (s), test/loss: 0.4095, test/MAE: 0.4095, test/MSE: 0.4013]
2025-08-29 08:51:47,110 - easytorch-training - INFO - Checkpoint checkpoints/TimesNet/ETTm2_100_336_192/29eba0276512840a30d8a1b516c7d122/TimesNet_056.pt saved
2025-08-29 08:51:47,110 - easytorch-training - INFO - The estimated training finish time is 2025-08-29 09:20:43
2025-08-29 08:51:47,110 - easytorch-training - INFO - Epoch 57 / 100
2025-08-29 08:52:14,075 - easytorch-training - INFO - Result <train>: [train/time: 26.96 (s), train/lr: 2.50e-05, train/loss: 0.1592, train/MAE: 0.1592, train/MSE: 0.0812]
2025-08-29 08:52:14,084 - easytorch-training - INFO - Start validation.
2025-08-29 08:52:17,507 - easytorch-training - INFO - Result <val>: [val/time: 3.42 (s), val/loss: 0.3808, val/MAE: 0.3808, val/MSE: 0.3008]
2025-08-29 08:52:20,897 - easytorch-training - INFO - Result <test>: [test/time: 3.38 (s), test/loss: 0.4044, test/MAE: 0.4044, test/MSE: 0.3915]
2025-08-29 08:52:20,998 - easytorch-training - INFO - Checkpoint checkpoints/TimesNet/ETTm2_100_336_192/29eba0276512840a30d8a1b516c7d122/TimesNet_057.pt saved
2025-08-29 08:52:20,999 - easytorch-training - INFO - The estimated training finish time is 2025-08-29 09:20:33
2025-08-29 08:52:20,999 - easytorch-training - INFO - Epoch 58 / 100
2025-08-29 08:52:47,846 - easytorch-training - INFO - Result <train>: [train/time: 26.85 (s), train/lr: 2.50e-05, train/loss: 0.1587, train/MAE: 0.1587, train/MSE: 0.0805]
2025-08-29 08:52:47,856 - easytorch-training - INFO - Start validation.
2025-08-29 08:52:51,293 - easytorch-training - INFO - Result <val>: [val/time: 3.44 (s), val/loss: 0.3836, val/MAE: 0.3836, val/MSE: 0.3061]
2025-08-29 08:52:54,671 - easytorch-training - INFO - Result <test>: [test/time: 3.36 (s), test/loss: 0.4075, test/MAE: 0.4075, test/MSE: 0.3984]
2025-08-29 08:52:54,717 - easytorch-training - INFO - Checkpoint checkpoints/TimesNet/ETTm2_100_336_192/29eba0276512840a30d8a1b516c7d122/TimesNet_058.pt saved
2025-08-29 08:52:54,718 - easytorch-training - INFO - The estimated training finish time is 2025-08-29 09:20:23
2025-08-29 08:52:54,718 - easytorch-training - INFO - Epoch 59 / 100
2025-08-29 08:53:21,624 - easytorch-training - INFO - Result <train>: [train/time: 26.91 (s), train/lr: 2.50e-05, train/loss: 0.1588, train/MAE: 0.1588, train/MSE: 0.0806]
2025-08-29 08:53:21,635 - easytorch-training - INFO - Start validation.
2025-08-29 08:53:24,969 - easytorch-training - INFO - Result <val>: [val/time: 3.33 (s), val/loss: 0.3852, val/MAE: 0.3852, val/MSE: 0.3081]
2025-08-29 08:53:28,313 - easytorch-training - INFO - Result <test>: [test/time: 3.34 (s), test/loss: 0.4088, test/MAE: 0.4088, test/MSE: 0.3994]
2025-08-29 08:53:28,366 - easytorch-training - INFO - Checkpoint checkpoints/TimesNet/ETTm2_100_336_192/29eba0276512840a30d8a1b516c7d122/TimesNet_059.pt saved
2025-08-29 08:53:28,366 - easytorch-training - INFO - The estimated training finish time is 2025-08-29 09:20:14
2025-08-29 08:53:28,366 - easytorch-training - INFO - Epoch 60 / 100
2025-08-29 08:53:55,119 - easytorch-training - INFO - Result <train>: [train/time: 26.75 (s), train/lr: 2.50e-05, train/loss: 0.1584, train/MAE: 0.1584, train/MSE: 0.0803]
2025-08-29 08:53:55,129 - easytorch-training - INFO - Start validation.
2025-08-29 08:53:58,464 - easytorch-training - INFO - Result <val>: [val/time: 3.33 (s), val/loss: 0.3828, val/MAE: 0.3828, val/MSE: 0.3052]
2025-08-29 08:54:01,797 - easytorch-training - INFO - Result <test>: [test/time: 3.32 (s), test/loss: 0.4081, test/MAE: 0.4081, test/MSE: 0.3997]
2025-08-29 08:54:01,855 - easytorch-training - INFO - Checkpoint checkpoints/TimesNet/ETTm2_100_336_192/29eba0276512840a30d8a1b516c7d122/TimesNet_060.pt saved
2025-08-29 08:54:01,868 - easytorch-training - INFO - The estimated training finish time is 2025-08-29 09:20:04
2025-08-29 08:54:01,869 - easytorch-training - INFO - Epoch 61 / 100
2025-08-29 08:54:28,809 - easytorch-training - INFO - Result <train>: [train/time: 26.94 (s), train/lr: 2.50e-05, train/loss: 0.1589, train/MAE: 0.1589, train/MSE: 0.0818]
2025-08-29 08:54:28,820 - easytorch-training - INFO - Start validation.
2025-08-29 08:54:32,210 - easytorch-training - INFO - Result <val>: [val/time: 3.39 (s), val/loss: 0.3789, val/MAE: 0.3789, val/MSE: 0.2989]
2025-08-29 08:54:35,608 - easytorch-training - INFO - Result <test>: [test/time: 3.39 (s), test/loss: 0.4052, test/MAE: 0.4052, test/MSE: 0.3935]
2025-08-29 08:54:35,673 - easytorch-training - INFO - Checkpoint checkpoints/TimesNet/ETTm2_100_336_192/29eba0276512840a30d8a1b516c7d122/TimesNet_061.pt saved
2025-08-29 08:54:35,674 - easytorch-training - INFO - The estimated training finish time is 2025-08-29 09:19:56
2025-08-29 08:54:35,674 - easytorch-training - INFO - Epoch 62 / 100
2025-08-29 08:55:02,684 - easytorch-training - INFO - Result <train>: [train/time: 27.01 (s), train/lr: 2.50e-05, train/loss: 0.1583, train/MAE: 0.1583, train/MSE: 0.0802]
2025-08-29 08:55:02,694 - easytorch-training - INFO - Start validation.
2025-08-29 08:55:06,019 - easytorch-training - INFO - Result <val>: [val/time: 3.32 (s), val/loss: 0.3802, val/MAE: 0.3802, val/MSE: 0.3026]
2025-08-29 08:55:09,343 - easytorch-training - INFO - Result <test>: [test/time: 3.31 (s), test/loss: 0.4048, test/MAE: 0.4048, test/MSE: 0.3943]
2025-08-29 08:55:09,458 - easytorch-training - INFO - Checkpoint checkpoints/TimesNet/ETTm2_100_336_192/29eba0276512840a30d8a1b516c7d122/TimesNet_062.pt saved
2025-08-29 08:55:09,459 - easytorch-training - INFO - The estimated training finish time is 2025-08-29 09:19:47
2025-08-29 08:55:09,459 - easytorch-training - INFO - Epoch 63 / 100
2025-08-29 08:55:36,286 - easytorch-training - INFO - Result <train>: [train/time: 26.83 (s), train/lr: 2.50e-05, train/loss: 0.1582, train/MAE: 0.1582, train/MSE: 0.0802]
2025-08-29 08:55:36,296 - easytorch-training - INFO - Start validation.
2025-08-29 08:55:39,617 - easytorch-training - INFO - Result <val>: [val/time: 3.32 (s), val/loss: 0.3838, val/MAE: 0.3838, val/MSE: 0.3066]
2025-08-29 08:55:42,958 - easytorch-training - INFO - Result <test>: [test/time: 3.33 (s), test/loss: 0.4073, test/MAE: 0.4073, test/MSE: 0.3980]
2025-08-29 08:55:43,009 - easytorch-training - INFO - Checkpoint checkpoints/TimesNet/ETTm2_100_336_192/29eba0276512840a30d8a1b516c7d122/TimesNet_063.pt saved
2025-08-29 08:55:43,010 - easytorch-training - INFO - The estimated training finish time is 2025-08-29 09:19:39
2025-08-29 08:55:43,010 - easytorch-training - INFO - Epoch 64 / 100
2025-08-29 08:56:09,906 - easytorch-training - INFO - Result <train>: [train/time: 26.90 (s), train/lr: 2.50e-05, train/loss: 0.1579, train/MAE: 0.1579, train/MSE: 0.0799]
2025-08-29 08:56:09,916 - easytorch-training - INFO - Start validation.
2025-08-29 08:56:13,238 - easytorch-training - INFO - Result <val>: [val/time: 3.32 (s), val/loss: 0.3839, val/MAE: 0.3839, val/MSE: 0.3082]
2025-08-29 08:56:16,568 - easytorch-training - INFO - Result <test>: [test/time: 3.32 (s), test/loss: 0.4091, test/MAE: 0.4091, test/MSE: 0.4020]
2025-08-29 08:56:16,702 - easytorch-training - INFO - Checkpoint checkpoints/TimesNet/ETTm2_100_336_192/29eba0276512840a30d8a1b516c7d122/TimesNet_064.pt saved
2025-08-29 08:56:16,702 - easytorch-training - INFO - The estimated training finish time is 2025-08-29 09:19:31
2025-08-29 08:56:16,703 - easytorch-training - INFO - Epoch 65 / 100
2025-08-29 08:56:43,532 - easytorch-training - INFO - Result <train>: [train/time: 26.83 (s), train/lr: 2.50e-05, train/loss: 0.1578, train/MAE: 0.1578, train/MSE: 0.0798]
2025-08-29 08:56:43,542 - easytorch-training - INFO - Start validation.
2025-08-29 08:56:46,872 - easytorch-training - INFO - Result <val>: [val/time: 3.33 (s), val/loss: 0.3852, val/MAE: 0.3852, val/MSE: 0.3086]
2025-08-29 08:56:50,246 - easytorch-training - INFO - Result <test>: [test/time: 3.37 (s), test/loss: 0.4095, test/MAE: 0.4095, test/MSE: 0.4024]
2025-08-29 08:56:50,293 - easytorch-training - INFO - Checkpoint checkpoints/TimesNet/ETTm2_100_336_192/29eba0276512840a30d8a1b516c7d122/TimesNet_065.pt saved
2025-08-29 08:56:50,293 - easytorch-training - INFO - The estimated training finish time is 2025-08-29 09:19:23
2025-08-29 08:56:50,293 - easytorch-training - INFO - Epoch 66 / 100
2025-08-29 08:57:17,009 - easytorch-training - INFO - Result <train>: [train/time: 26.72 (s), train/lr: 2.50e-05, train/loss: 0.1576, train/MAE: 0.1576, train/MSE: 0.0799]
2025-08-29 08:57:17,019 - easytorch-training - INFO - Start validation.
2025-08-29 08:57:20,319 - easytorch-training - INFO - Result <val>: [val/time: 3.30 (s), val/loss: 0.3858, val/MAE: 0.3858, val/MSE: 0.3100]
2025-08-29 08:57:23,664 - easytorch-training - INFO - Result <test>: [test/time: 3.34 (s), test/loss: 0.4088, test/MAE: 0.4088, test/MSE: 0.4012]
2025-08-29 08:57:23,711 - easytorch-training - INFO - Checkpoint checkpoints/TimesNet/ETTm2_100_336_192/29eba0276512840a30d8a1b516c7d122/TimesNet_066.pt saved
2025-08-29 08:57:23,711 - easytorch-training - INFO - The estimated training finish time is 2025-08-29 09:19:15
2025-08-29 08:57:23,711 - easytorch-training - INFO - Epoch 67 / 100
2025-08-29 08:57:50,573 - easytorch-training - INFO - Result <train>: [train/time: 26.86 (s), train/lr: 2.50e-05, train/loss: 0.1575, train/MAE: 0.1575, train/MSE: 0.0795]
2025-08-29 08:57:50,582 - easytorch-training - INFO - Start validation.
2025-08-29 08:57:53,937 - easytorch-training - INFO - Result <val>: [val/time: 3.35 (s), val/loss: 0.3866, val/MAE: 0.3866, val/MSE: 0.3113]
2025-08-29 08:57:57,312 - easytorch-training - INFO - Result <test>: [test/time: 3.37 (s), test/loss: 0.4102, test/MAE: 0.4102, test/MSE: 0.4023]
2025-08-29 08:57:57,437 - easytorch-training - INFO - Checkpoint checkpoints/TimesNet/ETTm2_100_336_192/29eba0276512840a30d8a1b516c7d122/TimesNet_067.pt saved
2025-08-29 08:57:57,437 - easytorch-training - INFO - The estimated training finish time is 2025-08-29 09:19:08
2025-08-29 08:57:57,437 - easytorch-training - INFO - Epoch 68 / 100
2025-08-29 08:58:24,367 - easytorch-training - INFO - Result <train>: [train/time: 26.93 (s), train/lr: 2.50e-05, train/loss: 0.1576, train/MAE: 0.1576, train/MSE: 0.0799]
2025-08-29 08:58:24,377 - easytorch-training - INFO - Start validation.
2025-08-29 08:58:27,721 - easytorch-training - INFO - Result <val>: [val/time: 3.34 (s), val/loss: 0.3827, val/MAE: 0.3827, val/MSE: 0.3044]
2025-08-29 08:58:31,056 - easytorch-training - INFO - Result <test>: [test/time: 3.33 (s), test/loss: 0.4051, test/MAE: 0.4051, test/MSE: 0.3930]
2025-08-29 08:58:31,121 - easytorch-training - INFO - Checkpoint checkpoints/TimesNet/ETTm2_100_336_192/29eba0276512840a30d8a1b516c7d122/TimesNet_068.pt saved
2025-08-29 08:58:31,121 - easytorch-training - INFO - The estimated training finish time is 2025-08-29 09:19:00
2025-08-29 08:58:31,122 - easytorch-training - INFO - Epoch 69 / 100
2025-08-29 08:58:57,942 - easytorch-training - INFO - Result <train>: [train/time: 26.82 (s), train/lr: 2.50e-05, train/loss: 0.1571, train/MAE: 0.1571, train/MSE: 0.0792]
2025-08-29 08:58:57,952 - easytorch-training - INFO - Start validation.
2025-08-29 08:59:01,274 - easytorch-training - INFO - Result <val>: [val/time: 3.32 (s), val/loss: 0.3843, val/MAE: 0.3843, val/MSE: 0.3080]
2025-08-29 08:59:04,609 - easytorch-training - INFO - Result <test>: [test/time: 3.33 (s), test/loss: 0.4080, test/MAE: 0.4080, test/MSE: 0.3991]
2025-08-29 08:59:04,721 - easytorch-training - INFO - Checkpoint checkpoints/TimesNet/ETTm2_100_336_192/29eba0276512840a30d8a1b516c7d122/TimesNet_069.pt saved
2025-08-29 08:59:04,722 - easytorch-training - INFO - The estimated training finish time is 2025-08-29 09:18:53
2025-08-29 08:59:04,722 - easytorch-training - INFO - Epoch 70 / 100
2025-08-29 08:59:31,606 - easytorch-training - INFO - Result <train>: [train/time: 26.88 (s), train/lr: 2.50e-05, train/loss: 0.1571, train/MAE: 0.1571, train/MSE: 0.0793]
2025-08-29 08:59:31,616 - easytorch-training - INFO - Start validation.
2025-08-29 08:59:34,942 - easytorch-training - INFO - Result <val>: [val/time: 3.33 (s), val/loss: 0.3855, val/MAE: 0.3855, val/MSE: 0.3098]
2025-08-29 08:59:38,257 - easytorch-training - INFO - Result <test>: [test/time: 3.30 (s), test/loss: 0.4081, test/MAE: 0.4081, test/MSE: 0.3998]
2025-08-29 08:59:38,392 - easytorch-training - INFO - Checkpoint checkpoints/TimesNet/ETTm2_100_336_192/29eba0276512840a30d8a1b516c7d122/TimesNet_070.pt saved
2025-08-29 08:59:38,415 - easytorch-training - INFO - The estimated training finish time is 2025-08-29 09:18:47
2025-08-29 08:59:38,415 - easytorch-training - INFO - Epoch 71 / 100
2025-08-29 09:00:05,397 - easytorch-training - INFO - Result <train>: [train/time: 26.98 (s), train/lr: 2.50e-05, train/loss: 0.1570, train/MAE: 0.1570, train/MSE: 0.0791]
2025-08-29 09:00:05,409 - easytorch-training - INFO - Start validation.
2025-08-29 09:00:08,709 - easytorch-training - INFO - Result <val>: [val/time: 3.30 (s), val/loss: 0.3843, val/MAE: 0.3843, val/MSE: 0.3086]
2025-08-29 09:00:12,041 - easytorch-training - INFO - Result <test>: [test/time: 3.32 (s), test/loss: 0.4094, test/MAE: 0.4094, test/MSE: 0.4027]
2025-08-29 09:00:12,097 - easytorch-training - INFO - Checkpoint checkpoints/TimesNet/ETTm2_100_336_192/29eba0276512840a30d8a1b516c7d122/TimesNet_071.pt saved
2025-08-29 09:00:12,098 - easytorch-training - INFO - The estimated training finish time is 2025-08-29 09:18:40
2025-08-29 09:00:12,098 - easytorch-training - INFO - Epoch 72 / 100
2025-08-29 09:00:38,958 - easytorch-training - INFO - Result <train>: [train/time: 26.86 (s), train/lr: 2.50e-05, train/loss: 0.1568, train/MAE: 0.1568, train/MSE: 0.0790]
2025-08-29 09:00:38,968 - easytorch-training - INFO - Start validation.
2025-08-29 09:00:42,280 - easytorch-training - INFO - Result <val>: [val/time: 3.31 (s), val/loss: 0.3848, val/MAE: 0.3848, val/MSE: 0.3094]
2025-08-29 09:00:45,621 - easytorch-training - INFO - Result <test>: [test/time: 3.33 (s), test/loss: 0.4082, test/MAE: 0.4082, test/MSE: 0.4011]
2025-08-29 09:00:45,684 - easytorch-training - INFO - Checkpoint checkpoints/TimesNet/ETTm2_100_336_192/29eba0276512840a30d8a1b516c7d122/TimesNet_072.pt saved
2025-08-29 09:00:45,684 - easytorch-training - INFO - The estimated training finish time is 2025-08-29 09:18:34
2025-08-29 09:00:45,684 - easytorch-training - INFO - Epoch 73 / 100
2025-08-29 09:01:12,691 - easytorch-training - INFO - Result <train>: [train/time: 27.01 (s), train/lr: 2.50e-05, train/loss: 0.1569, train/MAE: 0.1569, train/MSE: 0.0792]
2025-08-29 09:01:12,705 - easytorch-training - INFO - Start validation.
2025-08-29 09:01:16,036 - easytorch-training - INFO - Result <val>: [val/time: 3.33 (s), val/loss: 0.3834, val/MAE: 0.3834, val/MSE: 0.3067]
2025-08-29 09:01:19,525 - easytorch-training - INFO - Result <test>: [test/time: 3.31 (s), test/loss: 0.4068, test/MAE: 0.4068, test/MSE: 0.3977]
2025-08-29 09:01:19,575 - easytorch-training - INFO - Checkpoint checkpoints/TimesNet/ETTm2_100_336_192/29eba0276512840a30d8a1b516c7d122/TimesNet_073.pt saved
2025-08-29 09:01:19,575 - easytorch-training - INFO - The estimated training finish time is 2025-08-29 09:18:28
2025-08-29 09:01:19,576 - easytorch-training - INFO - Epoch 74 / 100
2025-08-29 09:01:46,290 - easytorch-training - INFO - Result <train>: [train/time: 26.71 (s), train/lr: 2.50e-05, train/loss: 0.1566, train/MAE: 0.1566, train/MSE: 0.0788]
2025-08-29 09:01:46,304 - easytorch-training - INFO - Start validation.
2025-08-29 09:01:49,621 - easytorch-training - INFO - Result <val>: [val/time: 3.32 (s), val/loss: 0.3855, val/MAE: 0.3855, val/MSE: 0.3115]
2025-08-29 09:01:52,938 - easytorch-training - INFO - Result <test>: [test/time: 3.31 (s), test/loss: 0.4087, test/MAE: 0.4087, test/MSE: 0.4007]
2025-08-29 09:01:52,992 - easytorch-training - INFO - Checkpoint checkpoints/TimesNet/ETTm2_100_336_192/29eba0276512840a30d8a1b516c7d122/TimesNet_074.pt saved
2025-08-29 09:01:52,992 - easytorch-training - INFO - The estimated training finish time is 2025-08-29 09:18:22
2025-08-29 09:01:52,992 - easytorch-training - INFO - Epoch 75 / 100
2025-08-29 09:02:19,682 - easytorch-training - INFO - Result <train>: [train/time: 26.69 (s), train/lr: 2.50e-05, train/loss: 0.1564, train/MAE: 0.1564, train/MSE: 0.0787]
2025-08-29 09:02:19,694 - easytorch-training - INFO - Start validation.
2025-08-29 09:02:23,002 - easytorch-training - INFO - Result <val>: [val/time: 3.31 (s), val/loss: 0.3876, val/MAE: 0.3876, val/MSE: 0.3132]
2025-08-29 09:02:26,306 - easytorch-training - INFO - Result <test>: [test/time: 3.29 (s), test/loss: 0.4120, test/MAE: 0.4120, test/MSE: 0.4072]
2025-08-29 09:02:26,363 - easytorch-training - INFO - Checkpoint checkpoints/TimesNet/ETTm2_100_336_192/29eba0276512840a30d8a1b516c7d122/TimesNet_075.pt saved
2025-08-29 09:02:26,363 - easytorch-training - INFO - The estimated training finish time is 2025-08-29 09:18:15
2025-08-29 09:02:26,363 - easytorch-training - INFO - Epoch 76 / 100
2025-08-29 09:02:53,126 - easytorch-training - INFO - Result <train>: [train/time: 26.76 (s), train/lr: 2.50e-05, train/loss: 0.1562, train/MAE: 0.1562, train/MSE: 0.0785]
2025-08-29 09:02:53,136 - easytorch-training - INFO - Start validation.
2025-08-29 09:02:56,513 - easytorch-training - INFO - Result <val>: [val/time: 3.38 (s), val/loss: 0.3871, val/MAE: 0.3871, val/MSE: 0.3110]
2025-08-29 09:02:59,906 - easytorch-training - INFO - Result <test>: [test/time: 3.38 (s), test/loss: 0.4094, test/MAE: 0.4094, test/MSE: 0.4003]
2025-08-29 09:02:59,954 - easytorch-training - INFO - Checkpoint checkpoints/TimesNet/ETTm2_100_336_192/29eba0276512840a30d8a1b516c7d122/TimesNet_076.pt saved
2025-08-29 09:02:59,954 - easytorch-training - INFO - The estimated training finish time is 2025-08-29 09:18:10
2025-08-29 09:02:59,954 - easytorch-training - INFO - Epoch 77 / 100
2025-08-29 09:03:26,896 - easytorch-training - INFO - Result <train>: [train/time: 26.94 (s), train/lr: 2.50e-05, train/loss: 0.1562, train/MAE: 0.1562, train/MSE: 0.0786]
2025-08-29 09:03:26,907 - easytorch-training - INFO - Start validation.
2025-08-29 09:03:30,241 - easytorch-training - INFO - Result <val>: [val/time: 3.33 (s), val/loss: 0.3902, val/MAE: 0.3902, val/MSE: 0.3163]
2025-08-29 09:03:33,543 - easytorch-training - INFO - Result <test>: [test/time: 3.29 (s), test/loss: 0.4128, test/MAE: 0.4128, test/MSE: 0.4068]
2025-08-29 09:03:33,594 - easytorch-training - INFO - Checkpoint checkpoints/TimesNet/ETTm2_100_336_192/29eba0276512840a30d8a1b516c7d122/TimesNet_077.pt saved
2025-08-29 09:03:33,594 - easytorch-training - INFO - The estimated training finish time is 2025-08-29 09:18:04
2025-08-29 09:03:33,594 - easytorch-training - INFO - Epoch 78 / 100
2025-08-29 09:04:00,524 - easytorch-training - INFO - Result <train>: [train/time: 26.93 (s), train/lr: 2.50e-05, train/loss: 0.1562, train/MAE: 0.1562, train/MSE: 0.0786]
2025-08-29 09:04:00,535 - easytorch-training - INFO - Start validation.
2025-08-29 09:04:03,842 - easytorch-training - INFO - Result <val>: [val/time: 3.31 (s), val/loss: 0.3868, val/MAE: 0.3868, val/MSE: 0.3135]
2025-08-29 09:04:07,153 - easytorch-training - INFO - Result <test>: [test/time: 3.30 (s), test/loss: 0.4117, test/MAE: 0.4117, test/MSE: 0.4080]
2025-08-29 09:04:07,264 - easytorch-training - INFO - Checkpoint checkpoints/TimesNet/ETTm2_100_336_192/29eba0276512840a30d8a1b516c7d122/TimesNet_078.pt saved
2025-08-29 09:04:07,264 - easytorch-training - INFO - The estimated training finish time is 2025-08-29 09:17:59
2025-08-29 09:04:07,265 - easytorch-training - INFO - Epoch 79 / 100
2025-08-29 09:04:34,177 - easytorch-training - INFO - Result <train>: [train/time: 26.91 (s), train/lr: 2.50e-05, train/loss: 0.1560, train/MAE: 0.1560, train/MSE: 0.0783]
2025-08-29 09:04:34,187 - easytorch-training - INFO - Start validation.
2025-08-29 09:04:37,535 - easytorch-training - INFO - Result <val>: [val/time: 3.35 (s), val/loss: 0.3853, val/MAE: 0.3853, val/MSE: 0.3118]
2025-08-29 09:04:40,871 - easytorch-training - INFO - Result <test>: [test/time: 3.33 (s), test/loss: 0.4105, test/MAE: 0.4105, test/MSE: 0.4054]
2025-08-29 09:04:40,922 - easytorch-training - INFO - Checkpoint checkpoints/TimesNet/ETTm2_100_336_192/29eba0276512840a30d8a1b516c7d122/TimesNet_079.pt saved
2025-08-29 09:04:40,923 - easytorch-training - INFO - The estimated training finish time is 2025-08-29 09:17:53
2025-08-29 09:04:40,923 - easytorch-training - INFO - Epoch 80 / 100
2025-08-29 09:05:07,757 - easytorch-training - INFO - Result <train>: [train/time: 26.83 (s), train/lr: 2.50e-05, train/loss: 0.1559, train/MAE: 0.1559, train/MSE: 0.0783]
2025-08-29 09:05:07,767 - easytorch-training - INFO - Start validation.
2025-08-29 09:05:11,077 - easytorch-training - INFO - Result <val>: [val/time: 3.31 (s), val/loss: 0.3858, val/MAE: 0.3858, val/MSE: 0.3116]
2025-08-29 09:05:14,399 - easytorch-training - INFO - Result <test>: [test/time: 3.31 (s), test/loss: 0.4099, test/MAE: 0.4099, test/MSE: 0.4034]
2025-08-29 09:05:14,463 - easytorch-training - INFO - Checkpoint checkpoints/TimesNet/ETTm2_100_336_192/29eba0276512840a30d8a1b516c7d122/TimesNet_080.pt saved
2025-08-29 09:05:14,477 - easytorch-training - INFO - The estimated training finish time is 2025-08-29 09:17:48
2025-08-29 09:05:14,477 - easytorch-training - INFO - Epoch 81 / 100
2025-08-29 09:05:41,325 - easytorch-training - INFO - Result <train>: [train/time: 26.85 (s), train/lr: 2.50e-05, train/loss: 0.1561, train/MAE: 0.1561, train/MSE: 0.0784]
2025-08-29 09:05:41,336 - easytorch-training - INFO - Start validation.
2025-08-29 09:05:44,652 - easytorch-training - INFO - Result <val>: [val/time: 3.32 (s), val/loss: 0.3898, val/MAE: 0.3898, val/MSE: 0.3172]
2025-08-29 09:05:47,961 - easytorch-training - INFO - Result <test>: [test/time: 3.30 (s), test/loss: 0.4114, test/MAE: 0.4114, test/MSE: 0.4068]
2025-08-29 09:05:48,014 - easytorch-training - INFO - Checkpoint checkpoints/TimesNet/ETTm2_100_336_192/29eba0276512840a30d8a1b516c7d122/TimesNet_081.pt saved
2025-08-29 09:05:48,014 - easytorch-training - INFO - The estimated training finish time is 2025-08-29 09:17:43
2025-08-29 09:05:48,015 - easytorch-training - INFO - Epoch 82 / 100
2025-08-29 09:06:14,863 - easytorch-training - INFO - Result <train>: [train/time: 26.85 (s), train/lr: 2.50e-05, train/loss: 0.1558, train/MAE: 0.1558, train/MSE: 0.0784]
2025-08-29 09:06:14,871 - easytorch-training - INFO - Start validation.
2025-08-29 09:06:18,227 - easytorch-training - INFO - Result <val>: [val/time: 3.36 (s), val/loss: 0.3854, val/MAE: 0.3854, val/MSE: 0.3100]
2025-08-29 09:06:21,553 - easytorch-training - INFO - Result <test>: [test/time: 3.32 (s), test/loss: 0.4070, test/MAE: 0.4070, test/MSE: 0.3974]
2025-08-29 09:06:21,606 - easytorch-training - INFO - Checkpoint checkpoints/TimesNet/ETTm2_100_336_192/29eba0276512840a30d8a1b516c7d122/TimesNet_082.pt saved
2025-08-29 09:06:21,606 - easytorch-training - INFO - The estimated training finish time is 2025-08-29 09:17:38
2025-08-29 09:06:21,606 - easytorch-training - INFO - Epoch 83 / 100
2025-08-29 09:06:48,373 - easytorch-training - INFO - Result <train>: [train/time: 26.77 (s), train/lr: 2.50e-05, train/loss: 0.1556, train/MAE: 0.1556, train/MSE: 0.0780]
2025-08-29 09:06:48,387 - easytorch-training - INFO - Start validation.
2025-08-29 09:06:51,717 - easytorch-training - INFO - Result <val>: [val/time: 3.33 (s), val/loss: 0.3883, val/MAE: 0.3883, val/MSE: 0.3139]
2025-08-29 09:06:55,034 - easytorch-training - INFO - Result <test>: [test/time: 3.31 (s), test/loss: 0.4090, test/MAE: 0.4090, test/MSE: 0.4013]
2025-08-29 09:06:55,082 - easytorch-training - INFO - Checkpoint checkpoints/TimesNet/ETTm2_100_336_192/29eba0276512840a30d8a1b516c7d122/TimesNet_083.pt saved
2025-08-29 09:06:55,082 - easytorch-training - INFO - The estimated training finish time is 2025-08-29 09:17:33
2025-08-29 09:06:55,082 - easytorch-training - INFO - Epoch 84 / 100
2025-08-29 09:07:21,947 - easytorch-training - INFO - Result <train>: [train/time: 26.86 (s), train/lr: 2.50e-05, train/loss: 0.1555, train/MAE: 0.1555, train/MSE: 0.0780]
2025-08-29 09:07:21,957 - easytorch-training - INFO - Start validation.
2025-08-29 09:07:25,276 - easytorch-training - INFO - Result <val>: [val/time: 3.32 (s), val/loss: 0.3859, val/MAE: 0.3859, val/MSE: 0.3123]
2025-08-29 09:07:28,598 - easytorch-training - INFO - Result <test>: [test/time: 3.31 (s), test/loss: 0.4089, test/MAE: 0.4089, test/MSE: 0.4019]
2025-08-29 09:07:28,699 - easytorch-training - INFO - Checkpoint checkpoints/TimesNet/ETTm2_100_336_192/29eba0276512840a30d8a1b516c7d122/TimesNet_084.pt saved
2025-08-29 09:07:28,699 - easytorch-training - INFO - The estimated training finish time is 2025-08-29 09:17:28
2025-08-29 09:07:28,699 - easytorch-training - INFO - Epoch 85 / 100
2025-08-29 09:07:55,761 - easytorch-training - INFO - Result <train>: [train/time: 27.06 (s), train/lr: 2.50e-05, train/loss: 0.1553, train/MAE: 0.1553, train/MSE: 0.0778]
2025-08-29 09:07:55,820 - easytorch-training - INFO - Start validation.
2025-08-29 09:07:59,195 - easytorch-training - INFO - Result <val>: [val/time: 3.37 (s), val/loss: 0.3888, val/MAE: 0.3888, val/MSE: 0.3173]
2025-08-29 09:08:02,611 - easytorch-training - INFO - Result <test>: [test/time: 3.35 (s), test/loss: 0.4122, test/MAE: 0.4122, test/MSE: 0.4084]
2025-08-29 09:08:02,818 - easytorch-training - INFO - Checkpoint checkpoints/TimesNet/ETTm2_100_336_192/29eba0276512840a30d8a1b516c7d122/TimesNet_085.pt saved
2025-08-29 09:08:02,820 - easytorch-training - INFO - The estimated training finish time is 2025-08-29 09:17:24
2025-08-29 09:08:02,821 - easytorch-training - INFO - Epoch 86 / 100
2025-08-29 09:08:29,725 - easytorch-training - INFO - Result <train>: [train/time: 26.90 (s), train/lr: 2.50e-05, train/loss: 0.1553, train/MAE: 0.1553, train/MSE: 0.0778]
2025-08-29 09:08:29,737 - easytorch-training - INFO - Start validation.
2025-08-29 09:08:33,074 - easytorch-training - INFO - Result <val>: [val/time: 3.34 (s), val/loss: 0.3876, val/MAE: 0.3876, val/MSE: 0.3148]
2025-08-29 09:08:36,405 - easytorch-training - INFO - Result <test>: [test/time: 3.32 (s), test/loss: 0.4110, test/MAE: 0.4110, test/MSE: 0.4060]
2025-08-29 09:08:36,461 - easytorch-training - INFO - Checkpoint checkpoints/TimesNet/ETTm2_100_336_192/29eba0276512840a30d8a1b516c7d122/TimesNet_086.pt saved
2025-08-29 09:08:36,462 - easytorch-training - INFO - The estimated training finish time is 2025-08-29 09:17:20
2025-08-29 09:08:36,462 - easytorch-training - INFO - Epoch 87 / 100
2025-08-29 09:09:03,455 - easytorch-training - INFO - Result <train>: [train/time: 26.99 (s), train/lr: 2.50e-05, train/loss: 0.1550, train/MAE: 0.1550, train/MSE: 0.0776]
2025-08-29 09:09:03,463 - easytorch-training - INFO - Start validation.
2025-08-29 09:09:06,800 - easytorch-training - INFO - Result <val>: [val/time: 3.34 (s), val/loss: 0.3888, val/MAE: 0.3888, val/MSE: 0.3155]
2025-08-29 09:09:10,175 - easytorch-training - INFO - Result <test>: [test/time: 3.32 (s), test/loss: 0.4107, test/MAE: 0.4107, test/MSE: 0.4046]
2025-08-29 09:09:10,352 - easytorch-training - INFO - Checkpoint checkpoints/TimesNet/ETTm2_100_336_192/29eba0276512840a30d8a1b516c7d122/TimesNet_087.pt saved
2025-08-29 09:09:10,353 - easytorch-training - INFO - The estimated training finish time is 2025-08-29 09:17:16
2025-08-29 09:09:10,353 - easytorch-training - INFO - Epoch 88 / 100
2025-08-29 09:09:37,239 - easytorch-training - INFO - Result <train>: [train/time: 26.89 (s), train/lr: 2.50e-05, train/loss: 0.1554, train/MAE: 0.1554, train/MSE: 0.0783]
2025-08-29 09:09:37,249 - easytorch-training - INFO - Start validation.
2025-08-29 09:09:40,572 - easytorch-training - INFO - Result <val>: [val/time: 3.32 (s), val/loss: 0.3889, val/MAE: 0.3889, val/MSE: 0.3161]
2025-08-29 09:09:43,933 - easytorch-training - INFO - Result <test>: [test/time: 3.31 (s), test/loss: 0.4105, test/MAE: 0.4105, test/MSE: 0.4039]
2025-08-29 09:09:43,990 - easytorch-training - INFO - Checkpoint checkpoints/TimesNet/ETTm2_100_336_192/29eba0276512840a30d8a1b516c7d122/TimesNet_088.pt saved
2025-08-29 09:09:43,990 - easytorch-training - INFO - The estimated training finish time is 2025-08-29 09:17:12
2025-08-29 09:09:43,991 - easytorch-training - INFO - Epoch 89 / 100
2025-08-29 09:10:10,789 - easytorch-training - INFO - Result <train>: [train/time: 26.80 (s), train/lr: 2.50e-05, train/loss: 0.1549, train/MAE: 0.1549, train/MSE: 0.0775]
2025-08-29 09:10:10,802 - easytorch-training - INFO - Start validation.
2025-08-29 09:10:14,112 - easytorch-training - INFO - Result <val>: [val/time: 3.31 (s), val/loss: 0.3888, val/MAE: 0.3888, val/MSE: 0.3156]
2025-08-29 09:10:17,424 - easytorch-training - INFO - Result <test>: [test/time: 3.30 (s), test/loss: 0.4122, test/MAE: 0.4122, test/MSE: 0.4079]
2025-08-29 09:10:17,476 - easytorch-training - INFO - Checkpoint checkpoints/TimesNet/ETTm2_100_336_192/29eba0276512840a30d8a1b516c7d122/TimesNet_089.pt saved
2025-08-29 09:10:17,476 - easytorch-training - INFO - The estimated training finish time is 2025-08-29 09:17:07
2025-08-29 09:10:17,476 - easytorch-training - INFO - Epoch 90 / 100
2025-08-29 09:10:44,451 - easytorch-training - INFO - Result <train>: [train/time: 26.97 (s), train/lr: 2.50e-05, train/loss: 0.1547, train/MAE: 0.1547, train/MSE: 0.0774]
2025-08-29 09:10:44,490 - easytorch-training - INFO - Start validation.
2025-08-29 09:10:47,844 - easytorch-training - INFO - Result <val>: [val/time: 3.35 (s), val/loss: 0.3879, val/MAE: 0.3879, val/MSE: 0.3143]
2025-08-29 09:10:51,180 - easytorch-training - INFO - Result <test>: [test/time: 3.33 (s), test/loss: 0.4125, test/MAE: 0.4125, test/MSE: 0.4078]
2025-08-29 09:10:51,260 - easytorch-training - INFO - Checkpoint checkpoints/TimesNet/ETTm2_100_336_192/29eba0276512840a30d8a1b516c7d122/TimesNet_090.pt saved
2025-08-29 09:10:51,280 - easytorch-training - INFO - The estimated training finish time is 2025-08-29 09:17:03
2025-08-29 09:10:51,280 - easytorch-training - INFO - Epoch 91 / 100
2025-08-29 09:11:18,191 - easytorch-training - INFO - Result <train>: [train/time: 26.91 (s), train/lr: 2.50e-05, train/loss: 0.1552, train/MAE: 0.1552, train/MSE: 0.0785]
2025-08-29 09:11:18,202 - easytorch-training - INFO - Start validation.
2025-08-29 09:11:21,512 - easytorch-training - INFO - Result <val>: [val/time: 3.31 (s), val/loss: 0.3910, val/MAE: 0.3910, val/MSE: 0.3198]
2025-08-29 09:11:24,822 - easytorch-training - INFO - Result <test>: [test/time: 3.30 (s), test/loss: 0.4131, test/MAE: 0.4131, test/MSE: 0.4100]
2025-08-29 09:11:24,914 - easytorch-training - INFO - Checkpoint checkpoints/TimesNet/ETTm2_100_336_192/29eba0276512840a30d8a1b516c7d122/TimesNet_091.pt saved
2025-08-29 09:11:24,915 - easytorch-training - INFO - The estimated training finish time is 2025-08-29 09:16:59
2025-08-29 09:11:24,915 - easytorch-training - INFO - Epoch 92 / 100
2025-08-29 09:11:51,717 - easytorch-training - INFO - Result <train>: [train/time: 26.80 (s), train/lr: 2.50e-05, train/loss: 0.1547, train/MAE: 0.1547, train/MSE: 0.0773]
2025-08-29 09:11:51,728 - easytorch-training - INFO - Start validation.
2025-08-29 09:11:55,035 - easytorch-training - INFO - Result <val>: [val/time: 3.31 (s), val/loss: 0.3899, val/MAE: 0.3899, val/MSE: 0.3173]
2025-08-29 09:11:58,332 - easytorch-training - INFO - Result <test>: [test/time: 3.29 (s), test/loss: 0.4131, test/MAE: 0.4131, test/MSE: 0.4086]
2025-08-29 09:11:58,397 - easytorch-training - INFO - Checkpoint checkpoints/TimesNet/ETTm2_100_336_192/29eba0276512840a30d8a1b516c7d122/TimesNet_092.pt saved
2025-08-29 09:11:58,398 - easytorch-training - INFO - The estimated training finish time is 2025-08-29 09:16:55
2025-08-29 09:11:58,398 - easytorch-training - INFO - Epoch 93 / 100
2025-08-29 09:12:24,997 - easytorch-training - INFO - Result <train>: [train/time: 26.60 (s), train/lr: 2.50e-05, train/loss: 0.1545, train/MAE: 0.1545, train/MSE: 0.0772]
2025-08-29 09:12:25,011 - easytorch-training - INFO - Start validation.
2025-08-29 09:12:28,334 - easytorch-training - INFO - Result <val>: [val/time: 3.32 (s), val/loss: 0.3898, val/MAE: 0.3898, val/MSE: 0.3169]
2025-08-29 09:12:31,637 - easytorch-training - INFO - Result <test>: [test/time: 3.29 (s), test/loss: 0.4125, test/MAE: 0.4125, test/MSE: 0.4079]
2025-08-29 09:12:31,711 - easytorch-training - INFO - Checkpoint checkpoints/TimesNet/ETTm2_100_336_192/29eba0276512840a30d8a1b516c7d122/TimesNet_093.pt saved
2025-08-29 09:12:31,711 - easytorch-training - INFO - The estimated training finish time is 2025-08-29 09:16:51
2025-08-29 09:12:31,711 - easytorch-training - INFO - Epoch 94 / 100
2025-08-29 09:12:58,560 - easytorch-training - INFO - Result <train>: [train/time: 26.85 (s), train/lr: 2.50e-05, train/loss: 0.1544, train/MAE: 0.1544, train/MSE: 0.0771]
2025-08-29 09:12:58,570 - easytorch-training - INFO - Start validation.
2025-08-29 09:13:01,902 - easytorch-training - INFO - Result <val>: [val/time: 3.33 (s), val/loss: 0.3881, val/MAE: 0.3881, val/MSE: 0.3155]
2025-08-29 09:13:05,224 - easytorch-training - INFO - Result <test>: [test/time: 3.31 (s), test/loss: 0.4115, test/MAE: 0.4115, test/MSE: 0.4071]
2025-08-29 09:13:05,346 - easytorch-training - INFO - Checkpoint checkpoints/TimesNet/ETTm2_100_336_192/29eba0276512840a30d8a1b516c7d122/TimesNet_094.pt saved
2025-08-29 09:13:05,346 - easytorch-training - INFO - The estimated training finish time is 2025-08-29 09:16:47
2025-08-29 09:13:05,347 - easytorch-training - INFO - Epoch 95 / 100
2025-08-29 09:13:32,169 - easytorch-training - INFO - Result <train>: [train/time: 26.82 (s), train/lr: 2.50e-05, train/loss: 0.1543, train/MAE: 0.1543, train/MSE: 0.0770]
2025-08-29 09:13:32,179 - easytorch-training - INFO - Start validation.
2025-08-29 09:13:35,497 - easytorch-training - INFO - Result <val>: [val/time: 3.32 (s), val/loss: 0.3881, val/MAE: 0.3881, val/MSE: 0.3154]
2025-08-29 09:13:38,811 - easytorch-training - INFO - Result <test>: [test/time: 3.30 (s), test/loss: 0.4111, test/MAE: 0.4111, test/MSE: 0.4052]
2025-08-29 09:13:38,862 - easytorch-training - INFO - Checkpoint checkpoints/TimesNet/ETTm2_100_336_192/29eba0276512840a30d8a1b516c7d122/TimesNet_095.pt saved
2025-08-29 09:13:38,862 - easytorch-training - INFO - The estimated training finish time is 2025-08-29 09:16:44
2025-08-29 09:13:38,862 - easytorch-training - INFO - Epoch 96 / 100
2025-08-29 09:14:05,631 - easytorch-training - INFO - Result <train>: [train/time: 26.77 (s), train/lr: 2.50e-05, train/loss: 0.1543, train/MAE: 0.1543, train/MSE: 0.0770]
2025-08-29 09:14:05,641 - easytorch-training - INFO - Start validation.
2025-08-29 09:14:08,958 - easytorch-training - INFO - Result <val>: [val/time: 3.32 (s), val/loss: 0.3889, val/MAE: 0.3889, val/MSE: 0.3179]
2025-08-29 09:14:12,262 - easytorch-training - INFO - Result <test>: [test/time: 3.30 (s), test/loss: 0.4121, test/MAE: 0.4121, test/MSE: 0.4085]
2025-08-29 09:14:12,333 - easytorch-training - INFO - Checkpoint checkpoints/TimesNet/ETTm2_100_336_192/29eba0276512840a30d8a1b516c7d122/TimesNet_096.pt saved
2025-08-29 09:14:12,334 - easytorch-training - INFO - The estimated training finish time is 2025-08-29 09:16:40
2025-08-29 09:14:12,334 - easytorch-training - INFO - Epoch 97 / 100
2025-08-29 09:14:39,081 - easytorch-training - INFO - Result <train>: [train/time: 26.75 (s), train/lr: 2.50e-05, train/loss: 0.1544, train/MAE: 0.1544, train/MSE: 0.0774]
2025-08-29 09:14:39,090 - easytorch-training - INFO - Start validation.
2025-08-29 09:14:42,400 - easytorch-training - INFO - Result <val>: [val/time: 3.31 (s), val/loss: 0.3843, val/MAE: 0.3843, val/MSE: 0.3066]
2025-08-29 09:14:45,688 - easytorch-training - INFO - Result <test>: [test/time: 3.28 (s), test/loss: 0.4064, test/MAE: 0.4064, test/MSE: 0.3955]
2025-08-29 09:14:45,742 - easytorch-training - INFO - Checkpoint checkpoints/TimesNet/ETTm2_100_336_192/29eba0276512840a30d8a1b516c7d122/TimesNet_097.pt saved
2025-08-29 09:14:45,742 - easytorch-training - INFO - The estimated training finish time is 2025-08-29 09:16:36
2025-08-29 09:14:45,742 - easytorch-training - INFO - Epoch 98 / 100
2025-08-29 09:15:12,545 - easytorch-training - INFO - Result <train>: [train/time: 26.80 (s), train/lr: 2.50e-05, train/loss: 0.1540, train/MAE: 0.1540, train/MSE: 0.0768]
2025-08-29 09:15:12,572 - easytorch-training - INFO - Start validation.
2025-08-29 09:15:15,898 - easytorch-training - INFO - Result <val>: [val/time: 3.33 (s), val/loss: 0.3872, val/MAE: 0.3872, val/MSE: 0.3115]
2025-08-29 09:15:19,358 - easytorch-training - INFO - Result <test>: [test/time: 3.33 (s), test/loss: 0.4090, test/MAE: 0.4090, test/MSE: 0.4002]
2025-08-29 09:15:19,557 - easytorch-training - INFO - Checkpoint checkpoints/TimesNet/ETTm2_100_336_192/29eba0276512840a30d8a1b516c7d122/TimesNet_098.pt saved
2025-08-29 09:15:19,557 - easytorch-training - INFO - The estimated training finish time is 2025-08-29 09:16:33
2025-08-29 09:15:19,557 - easytorch-training - INFO - Epoch 99 / 100
2025-08-29 09:15:46,440 - easytorch-training - INFO - Result <train>: [train/time: 26.88 (s), train/lr: 2.50e-05, train/loss: 0.1540, train/MAE: 0.1540, train/MSE: 0.0767]
2025-08-29 09:15:46,451 - easytorch-training - INFO - Start validation.
2025-08-29 09:15:49,772 - easytorch-training - INFO - Result <val>: [val/time: 3.32 (s), val/loss: 0.3884, val/MAE: 0.3884, val/MSE: 0.3157]
2025-08-29 09:15:53,072 - easytorch-training - INFO - Result <test>: [test/time: 3.29 (s), test/loss: 0.4099, test/MAE: 0.4099, test/MSE: 0.4028]
2025-08-29 09:15:53,131 - easytorch-training - INFO - Checkpoint checkpoints/TimesNet/ETTm2_100_336_192/29eba0276512840a30d8a1b516c7d122/TimesNet_099.pt saved
2025-08-29 09:15:53,131 - easytorch-training - INFO - The estimated training finish time is 2025-08-29 09:16:30
2025-08-29 09:15:53,131 - easytorch-training - INFO - Epoch 100 / 100
2025-08-29 09:16:20,043 - easytorch-training - INFO - Result <train>: [train/time: 26.91 (s), train/lr: 2.50e-05, train/loss: 0.1540, train/MAE: 0.1540, train/MSE: 0.0768]
2025-08-29 09:16:20,053 - easytorch-training - INFO - Start validation.
2025-08-29 09:16:23,382 - easytorch-training - INFO - Result <val>: [val/time: 3.33 (s), val/loss: 0.3907, val/MAE: 0.3907, val/MSE: 0.3174]
2025-08-29 09:16:26,694 - easytorch-training - INFO - Result <test>: [test/time: 3.30 (s), test/loss: 0.4102, test/MAE: 0.4102, test/MSE: 0.4022]
2025-08-29 09:16:26,755 - easytorch-training - INFO - Checkpoint checkpoints/TimesNet/ETTm2_100_336_192/29eba0276512840a30d8a1b516c7d122/TimesNet_100.pt saved
2025-08-29 09:16:26,769 - easytorch-training - INFO - The training finished at 2025-08-29 09:16:26
2025-08-29 09:16:26,770 - easytorch-training - INFO - Evaluating the best model on the test set.
2025-08-29 09:16:26,770 - easytorch-training - INFO - Loading Checkpoint from 'checkpoints/TimesNet/ETTm2_100_336_192/29eba0276512840a30d8a1b516c7d122/TimesNet_best_val_MAE.pt'
2025-08-29 09:16:29,940 - easytorch-training - INFO - Result <test>: [test/time: 3.11 (s), test/loss: 0.3259, test/MAE: 0.3259, test/MSE: 0.2796]
2025-08-29 09:16:29,951 - easytorch-training - INFO - Test metrics saved to checkpoints/TimesNet/ETTm2_100_336_192/29eba0276512840a30d8a1b516c7d122/test_metrics.json.
