2025-08-27 05:50:30,500 - easytorch-training - INFO - Initializing training.
2025-08-27 05:50:30,500 - easytorch-training - INFO - Set clip grad, param: {'max_norm': 5.0}
2025-08-27 05:50:30,500 - easytorch-training - INFO - Building training data loader.
2025-08-27 05:50:30,507 - easytorch-training - INFO - Train dataset length: 36217
2025-08-27 05:50:31,594 - easytorch-training - INFO - Set optim: Adam (
Parameter Group 0
    amsgrad: False
    betas: (0.9, 0.999)
    capturable: False
    differentiable: False
    eps: 1e-08
    foreach: None
    fused: None
    lr: 0.0003
    maximize: False
    weight_decay: 0.0001
)
2025-08-27 05:50:31,595 - easytorch-training - INFO - Set lr_scheduler: <torch.optim.lr_scheduler.MultiStepLR object at 0x7f4834b1e470>
2025-08-27 05:50:31,596 - easytorch-training - INFO - Initializing validation.
2025-08-27 05:50:31,596 - easytorch-training - INFO - Building val data loader.
2025-08-27 05:50:31,598 - easytorch-training - INFO - Validation dataset length: 4598
2025-08-27 05:50:31,601 - easytorch-training - INFO - Test dataset length: 9868
2025-08-27 05:50:31,601 - easytorch-training - INFO - Number of parameters: 226464
2025-08-27 05:50:31,601 - easytorch-training - INFO - Epoch 1 / 100
2025-08-27 05:50:38,564 - easytorch-training - INFO - Result <train>: [train/time: 6.96 (s), train/lr: 3.00e-04, train/loss: 0.4129, train/MAE: 0.4129, train/MSE: 0.5876]
2025-08-27 05:50:38,565 - easytorch-training - INFO - Start validation.
2025-08-27 05:50:39,189 - easytorch-training - INFO - Result <val>: [val/time: 0.62 (s), val/loss: 0.3953, val/MAE: 0.3953, val/MSE: 0.6142]
2025-08-27 05:50:39,196 - easytorch-training - INFO - Checkpoint checkpoints/DLinear/Weather_100_336_336/89aa88d41a05582ee56c7fbd6738900d/DLinear_best_val_MAE.pt saved
2025-08-27 05:50:40,826 - easytorch-training - INFO - Result <test>: [test/time: 1.63 (s), test/loss: 0.2854, test/MAE: 0.2854, test/MSE: 0.2608]
2025-08-27 05:50:40,835 - easytorch-training - INFO - Checkpoint checkpoints/DLinear/Weather_100_336_336/89aa88d41a05582ee56c7fbd6738900d/DLinear_001.pt saved
2025-08-27 05:50:40,835 - easytorch-training - INFO - The estimated training finish time is 2025-08-27 06:05:55
2025-08-27 05:50:40,836 - easytorch-training - INFO - Epoch 2 / 100
2025-08-27 05:50:47,912 - easytorch-training - INFO - Result <train>: [train/time: 7.08 (s), train/lr: 1.50e-04, train/loss: 0.3898, train/MAE: 0.3898, train/MSE: 0.5601]
2025-08-27 05:50:47,914 - easytorch-training - INFO - Start validation.
2025-08-27 05:50:48,659 - easytorch-training - INFO - Result <val>: [val/time: 0.74 (s), val/loss: 0.3873, val/MAE: 0.3873, val/MSE: 0.6010]
2025-08-27 05:50:48,665 - easytorch-training - INFO - Checkpoint checkpoints/DLinear/Weather_100_336_336/89aa88d41a05582ee56c7fbd6738900d/DLinear_best_val_MAE.pt saved
2025-08-27 05:50:50,148 - easytorch-training - INFO - Result <test>: [test/time: 1.48 (s), test/loss: 0.2867, test/MAE: 0.2867, test/MSE: 0.2578]
2025-08-27 05:50:50,157 - easytorch-training - INFO - Checkpoint checkpoints/DLinear/Weather_100_336_336/89aa88d41a05582ee56c7fbd6738900d/DLinear_002.pt saved
2025-08-27 05:50:50,157 - easytorch-training - INFO - The estimated training finish time is 2025-08-27 06:05:59
2025-08-27 05:50:50,157 - easytorch-training - INFO - Epoch 3 / 100
2025-08-27 05:50:57,160 - easytorch-training - INFO - Result <train>: [train/time: 7.00 (s), train/lr: 1.50e-04, train/loss: 0.3891, train/MAE: 0.3891, train/MSE: 0.5613]
2025-08-27 05:50:57,161 - easytorch-training - INFO - Start validation.
2025-08-27 05:50:57,928 - easytorch-training - INFO - Result <val>: [val/time: 0.77 (s), val/loss: 0.3863, val/MAE: 0.3863, val/MSE: 0.5999]
2025-08-27 05:50:57,935 - easytorch-training - INFO - Checkpoint checkpoints/DLinear/Weather_100_336_336/89aa88d41a05582ee56c7fbd6738900d/DLinear_best_val_MAE.pt saved
2025-08-27 05:50:59,448 - easytorch-training - INFO - Result <test>: [test/time: 1.51 (s), test/loss: 0.2872, test/MAE: 0.2872, test/MSE: 0.2578]
2025-08-27 05:50:59,454 - easytorch-training - INFO - Checkpoint checkpoints/DLinear/Weather_100_336_336/89aa88d41a05582ee56c7fbd6738900d/DLinear_003.pt saved
2025-08-27 05:50:59,454 - easytorch-training - INFO - The estimated training finish time is 2025-08-27 06:06:00
2025-08-27 05:50:59,454 - easytorch-training - INFO - Epoch 4 / 100
2025-08-27 05:51:05,824 - easytorch-training - INFO - Result <train>: [train/time: 6.37 (s), train/lr: 1.50e-04, train/loss: 0.3889, train/MAE: 0.3889, train/MSE: 0.5624]
2025-08-27 05:51:05,824 - easytorch-training - INFO - Start validation.
2025-08-27 05:51:06,541 - easytorch-training - INFO - Result <val>: [val/time: 0.72 (s), val/loss: 0.3867, val/MAE: 0.3867, val/MSE: 0.6019]
2025-08-27 05:51:07,995 - easytorch-training - INFO - Result <test>: [test/time: 1.45 (s), test/loss: 0.2877, test/MAE: 0.2877, test/MSE: 0.2586]
2025-08-27 05:51:08,003 - easytorch-training - INFO - Checkpoint checkpoints/DLinear/Weather_100_336_336/89aa88d41a05582ee56c7fbd6738900d/DLinear_004.pt saved
2025-08-27 05:51:08,003 - easytorch-training - INFO - The estimated training finish time is 2025-08-27 06:05:41
2025-08-27 05:51:08,003 - easytorch-training - INFO - Epoch 5 / 100
2025-08-27 05:51:14,898 - easytorch-training - INFO - Result <train>: [train/time: 6.89 (s), train/lr: 1.50e-04, train/loss: 0.3888, train/MAE: 0.3888, train/MSE: 0.5629]
2025-08-27 05:51:14,899 - easytorch-training - INFO - Start validation.
2025-08-27 05:51:15,581 - easytorch-training - INFO - Result <val>: [val/time: 0.68 (s), val/loss: 0.3862, val/MAE: 0.3862, val/MSE: 0.6013]
2025-08-27 05:51:15,589 - easytorch-training - INFO - Checkpoint checkpoints/DLinear/Weather_100_336_336/89aa88d41a05582ee56c7fbd6738900d/DLinear_best_val_MAE.pt saved
2025-08-27 05:51:17,029 - easytorch-training - INFO - Result <test>: [test/time: 1.44 (s), test/loss: 0.2881, test/MAE: 0.2881, test/MSE: 0.2588]
2025-08-27 05:51:17,035 - easytorch-training - INFO - Checkpoint checkpoints/DLinear/Weather_100_336_336/89aa88d41a05582ee56c7fbd6738900d/DLinear_005.pt saved
2025-08-27 05:51:17,035 - easytorch-training - INFO - The estimated training finish time is 2025-08-27 06:05:40
2025-08-27 05:51:17,035 - easytorch-training - INFO - Epoch 6 / 100
2025-08-27 05:51:23,541 - easytorch-training - INFO - Result <train>: [train/time: 6.51 (s), train/lr: 1.50e-04, train/loss: 0.3889, train/MAE: 0.3889, train/MSE: 0.5630]
2025-08-27 05:51:23,544 - easytorch-training - INFO - Start validation.
2025-08-27 05:51:24,281 - easytorch-training - INFO - Result <val>: [val/time: 0.74 (s), val/loss: 0.3860, val/MAE: 0.3860, val/MSE: 0.6015]
2025-08-27 05:51:24,287 - easytorch-training - INFO - Checkpoint checkpoints/DLinear/Weather_100_336_336/89aa88d41a05582ee56c7fbd6738900d/DLinear_best_val_MAE.pt saved
2025-08-27 05:51:25,902 - easytorch-training - INFO - Result <test>: [test/time: 1.61 (s), test/loss: 0.2876, test/MAE: 0.2876, test/MSE: 0.2584]
2025-08-27 05:51:25,909 - easytorch-training - INFO - Checkpoint checkpoints/DLinear/Weather_100_336_336/89aa88d41a05582ee56c7fbd6738900d/DLinear_006.pt saved
2025-08-27 05:51:25,909 - easytorch-training - INFO - The estimated training finish time is 2025-08-27 06:05:36
2025-08-27 05:51:25,909 - easytorch-training - INFO - Epoch 7 / 100
2025-08-27 05:51:32,858 - easytorch-training - INFO - Result <train>: [train/time: 6.95 (s), train/lr: 1.50e-04, train/loss: 0.3889, train/MAE: 0.3889, train/MSE: 0.5633]
2025-08-27 05:51:32,859 - easytorch-training - INFO - Start validation.
2025-08-27 05:51:33,641 - easytorch-training - INFO - Result <val>: [val/time: 0.78 (s), val/loss: 0.3873, val/MAE: 0.3873, val/MSE: 0.6059]
2025-08-27 05:51:35,144 - easytorch-training - INFO - Result <test>: [test/time: 1.50 (s), test/loss: 0.2850, test/MAE: 0.2850, test/MSE: 0.2583]
2025-08-27 05:51:35,150 - easytorch-training - INFO - Checkpoint checkpoints/DLinear/Weather_100_336_336/89aa88d41a05582ee56c7fbd6738900d/DLinear_007.pt saved
2025-08-27 05:51:35,150 - easytorch-training - INFO - The estimated training finish time is 2025-08-27 06:05:39
2025-08-27 05:51:35,150 - easytorch-training - INFO - Epoch 8 / 100
2025-08-27 05:51:42,205 - easytorch-training - INFO - Result <train>: [train/time: 7.05 (s), train/lr: 1.50e-04, train/loss: 0.3888, train/MAE: 0.3888, train/MSE: 0.5635]
2025-08-27 05:51:42,205 - easytorch-training - INFO - Start validation.
2025-08-27 05:51:42,939 - easytorch-training - INFO - Result <val>: [val/time: 0.73 (s), val/loss: 0.3854, val/MAE: 0.3854, val/MSE: 0.5987]
2025-08-27 05:51:42,947 - easytorch-training - INFO - Checkpoint checkpoints/DLinear/Weather_100_336_336/89aa88d41a05582ee56c7fbd6738900d/DLinear_best_val_MAE.pt saved
2025-08-27 05:51:44,495 - easytorch-training - INFO - Result <test>: [test/time: 1.55 (s), test/loss: 0.2883, test/MAE: 0.2883, test/MSE: 0.2583]
2025-08-27 05:51:44,501 - easytorch-training - INFO - Checkpoint checkpoints/DLinear/Weather_100_336_336/89aa88d41a05582ee56c7fbd6738900d/DLinear_008.pt saved
2025-08-27 05:51:44,501 - easytorch-training - INFO - The estimated training finish time is 2025-08-27 06:05:42
2025-08-27 05:51:44,501 - easytorch-training - INFO - Epoch 9 / 100
2025-08-27 05:51:51,240 - easytorch-training - INFO - Result <train>: [train/time: 6.74 (s), train/lr: 1.50e-04, train/loss: 0.3888, train/MAE: 0.3888, train/MSE: 0.5635]
2025-08-27 05:51:51,240 - easytorch-training - INFO - Start validation.
2025-08-27 05:51:51,957 - easytorch-training - INFO - Result <val>: [val/time: 0.72 (s), val/loss: 0.3871, val/MAE: 0.3871, val/MSE: 0.6029]
2025-08-27 05:51:53,511 - easytorch-training - INFO - Result <test>: [test/time: 1.55 (s), test/loss: 0.2872, test/MAE: 0.2872, test/MSE: 0.2586]
2025-08-27 05:51:53,517 - easytorch-training - INFO - Checkpoint checkpoints/DLinear/Weather_100_336_336/89aa88d41a05582ee56c7fbd6738900d/DLinear_009.pt saved
2025-08-27 05:51:53,517 - easytorch-training - INFO - The estimated training finish time is 2025-08-27 06:05:41
2025-08-27 05:51:53,517 - easytorch-training - INFO - Epoch 10 / 100
2025-08-27 05:52:00,476 - easytorch-training - INFO - Result <train>: [train/time: 6.96 (s), train/lr: 1.50e-04, train/loss: 0.3888, train/MAE: 0.3888, train/MSE: 0.5636]
2025-08-27 05:52:00,476 - easytorch-training - INFO - Start validation.
2025-08-27 05:52:01,204 - easytorch-training - INFO - Result <val>: [val/time: 0.73 (s), val/loss: 0.3850, val/MAE: 0.3850, val/MSE: 0.5982]
2025-08-27 05:52:01,211 - easytorch-training - INFO - Checkpoint checkpoints/DLinear/Weather_100_336_336/89aa88d41a05582ee56c7fbd6738900d/DLinear_best_val_MAE.pt saved
2025-08-27 05:52:02,718 - easytorch-training - INFO - Result <test>: [test/time: 1.51 (s), test/loss: 0.2881, test/MAE: 0.2881, test/MSE: 0.2578]
2025-08-27 05:52:02,725 - easytorch-training - INFO - Checkpoint checkpoints/DLinear/Weather_100_336_336/89aa88d41a05582ee56c7fbd6738900d/DLinear_010.pt saved
2025-08-27 05:52:02,727 - easytorch-training - INFO - The estimated training finish time is 2025-08-27 06:05:42
2025-08-27 05:52:02,727 - easytorch-training - INFO - Epoch 11 / 100
2025-08-27 05:52:09,509 - easytorch-training - INFO - Result <train>: [train/time: 6.78 (s), train/lr: 1.50e-04, train/loss: 0.3888, train/MAE: 0.3888, train/MSE: 0.5637]
2025-08-27 05:52:09,510 - easytorch-training - INFO - Start validation.
2025-08-27 05:52:10,208 - easytorch-training - INFO - Result <val>: [val/time: 0.70 (s), val/loss: 0.3865, val/MAE: 0.3865, val/MSE: 0.6022]
2025-08-27 05:52:11,708 - easytorch-training - INFO - Result <test>: [test/time: 1.50 (s), test/loss: 0.2866, test/MAE: 0.2866, test/MSE: 0.2581]
2025-08-27 05:52:11,714 - easytorch-training - INFO - Checkpoint checkpoints/DLinear/Weather_100_336_336/89aa88d41a05582ee56c7fbd6738900d/DLinear_011.pt saved
2025-08-27 05:52:11,715 - easytorch-training - INFO - The estimated training finish time is 2025-08-27 06:05:41
2025-08-27 05:52:11,715 - easytorch-training - INFO - Epoch 12 / 100
2025-08-27 05:52:18,182 - easytorch-training - INFO - Result <train>: [train/time: 6.47 (s), train/lr: 1.50e-04, train/loss: 0.3888, train/MAE: 0.3888, train/MSE: 0.5638]
2025-08-27 05:52:18,183 - easytorch-training - INFO - Start validation.
2025-08-27 05:52:18,908 - easytorch-training - INFO - Result <val>: [val/time: 0.72 (s), val/loss: 0.3872, val/MAE: 0.3872, val/MSE: 0.6026]
2025-08-27 05:52:20,475 - easytorch-training - INFO - Result <test>: [test/time: 1.57 (s), test/loss: 0.2871, test/MAE: 0.2871, test/MSE: 0.2584]
2025-08-27 05:52:20,482 - easytorch-training - INFO - Checkpoint checkpoints/DLinear/Weather_100_336_336/89aa88d41a05582ee56c7fbd6738900d/DLinear_012.pt saved
2025-08-27 05:52:20,483 - easytorch-training - INFO - The estimated training finish time is 2025-08-27 06:05:38
2025-08-27 05:52:20,483 - easytorch-training - INFO - Epoch 13 / 100
2025-08-27 05:52:27,650 - easytorch-training - INFO - Result <train>: [train/time: 7.17 (s), train/lr: 1.50e-04, train/loss: 0.3888, train/MAE: 0.3888, train/MSE: 0.5638]
2025-08-27 05:52:27,650 - easytorch-training - INFO - Start validation.
2025-08-27 05:52:28,409 - easytorch-training - INFO - Result <val>: [val/time: 0.76 (s), val/loss: 0.3860, val/MAE: 0.3860, val/MSE: 0.6019]
2025-08-27 05:52:29,969 - easytorch-training - INFO - Result <test>: [test/time: 1.56 (s), test/loss: 0.2868, test/MAE: 0.2868, test/MSE: 0.2583]
2025-08-27 05:52:29,975 - easytorch-training - INFO - Checkpoint checkpoints/DLinear/Weather_100_336_336/89aa88d41a05582ee56c7fbd6738900d/DLinear_013.pt saved
2025-08-27 05:52:29,976 - easytorch-training - INFO - The estimated training finish time is 2025-08-27 06:05:42
2025-08-27 05:52:29,976 - easytorch-training - INFO - Epoch 14 / 100
2025-08-27 05:52:36,826 - easytorch-training - INFO - Result <train>: [train/time: 6.85 (s), train/lr: 1.50e-04, train/loss: 0.3888, train/MAE: 0.3888, train/MSE: 0.5639]
2025-08-27 05:52:36,827 - easytorch-training - INFO - Start validation.
2025-08-27 05:52:37,604 - easytorch-training - INFO - Result <val>: [val/time: 0.78 (s), val/loss: 0.3856, val/MAE: 0.3856, val/MSE: 0.5978]
2025-08-27 05:52:39,320 - easytorch-training - INFO - Result <test>: [test/time: 1.71 (s), test/loss: 0.2888, test/MAE: 0.2888, test/MSE: 0.2585]
2025-08-27 05:52:39,327 - easytorch-training - INFO - Checkpoint checkpoints/DLinear/Weather_100_336_336/89aa88d41a05582ee56c7fbd6738900d/DLinear_014.pt saved
2025-08-27 05:52:39,327 - easytorch-training - INFO - The estimated training finish time is 2025-08-27 06:05:43
2025-08-27 05:52:39,327 - easytorch-training - INFO - Epoch 15 / 100
2025-08-27 05:52:46,032 - easytorch-training - INFO - Result <train>: [train/time: 6.70 (s), train/lr: 1.50e-04, train/loss: 0.3888, train/MAE: 0.3888, train/MSE: 0.5639]
2025-08-27 05:52:46,033 - easytorch-training - INFO - Start validation.
2025-08-27 05:52:46,779 - easytorch-training - INFO - Result <val>: [val/time: 0.75 (s), val/loss: 0.3856, val/MAE: 0.3856, val/MSE: 0.5977]
2025-08-27 05:52:48,311 - easytorch-training - INFO - Result <test>: [test/time: 1.53 (s), test/loss: 0.2892, test/MAE: 0.2892, test/MSE: 0.2583]
2025-08-27 05:52:48,319 - easytorch-training - INFO - Checkpoint checkpoints/DLinear/Weather_100_336_336/89aa88d41a05582ee56c7fbd6738900d/DLinear_015.pt saved
2025-08-27 05:52:48,320 - easytorch-training - INFO - The estimated training finish time is 2025-08-27 06:05:43
2025-08-27 05:52:48,320 - easytorch-training - INFO - Epoch 16 / 100
2025-08-27 05:52:54,963 - easytorch-training - INFO - Result <train>: [train/time: 6.64 (s), train/lr: 1.50e-04, train/loss: 0.3888, train/MAE: 0.3888, train/MSE: 0.5639]
2025-08-27 05:52:54,963 - easytorch-training - INFO - Start validation.
2025-08-27 05:52:55,616 - easytorch-training - INFO - Result <val>: [val/time: 0.65 (s), val/loss: 0.3862, val/MAE: 0.3862, val/MSE: 0.6012]
2025-08-27 05:52:57,043 - easytorch-training - INFO - Result <test>: [test/time: 1.43 (s), test/loss: 0.2871, test/MAE: 0.2871, test/MSE: 0.2582]
2025-08-27 05:52:57,048 - easytorch-training - INFO - Checkpoint checkpoints/DLinear/Weather_100_336_336/89aa88d41a05582ee56c7fbd6738900d/DLinear_016.pt saved
2025-08-27 05:52:57,049 - easytorch-training - INFO - The estimated training finish time is 2025-08-27 06:05:40
2025-08-27 05:52:57,049 - easytorch-training - INFO - Epoch 17 / 100
2025-08-27 05:53:04,083 - easytorch-training - INFO - Result <train>: [train/time: 7.03 (s), train/lr: 1.50e-04, train/loss: 0.3888, train/MAE: 0.3888, train/MSE: 0.5640]
2025-08-27 05:53:04,084 - easytorch-training - INFO - Start validation.
2025-08-27 05:53:04,760 - easytorch-training - INFO - Result <val>: [val/time: 0.68 (s), val/loss: 0.3867, val/MAE: 0.3867, val/MSE: 0.6020]
2025-08-27 05:53:06,243 - easytorch-training - INFO - Result <test>: [test/time: 1.48 (s), test/loss: 0.2866, test/MAE: 0.2866, test/MSE: 0.2582]
2025-08-27 05:53:06,250 - easytorch-training - INFO - Checkpoint checkpoints/DLinear/Weather_100_336_336/89aa88d41a05582ee56c7fbd6738900d/DLinear_017.pt saved
2025-08-27 05:53:06,250 - easytorch-training - INFO - The estimated training finish time is 2025-08-27 06:05:41
2025-08-27 05:53:06,250 - easytorch-training - INFO - Epoch 18 / 100
2025-08-27 05:53:12,550 - easytorch-training - INFO - Result <train>: [train/time: 6.30 (s), train/lr: 1.50e-04, train/loss: 0.3888, train/MAE: 0.3888, train/MSE: 0.5639]
2025-08-27 05:53:12,551 - easytorch-training - INFO - Start validation.
2025-08-27 05:53:13,272 - easytorch-training - INFO - Result <val>: [val/time: 0.72 (s), val/loss: 0.3855, val/MAE: 0.3855, val/MSE: 0.5999]
2025-08-27 05:53:14,710 - easytorch-training - INFO - Result <test>: [test/time: 1.44 (s), test/loss: 0.2875, test/MAE: 0.2875, test/MSE: 0.2586]
2025-08-27 05:53:14,717 - easytorch-training - INFO - Checkpoint checkpoints/DLinear/Weather_100_336_336/89aa88d41a05582ee56c7fbd6738900d/DLinear_018.pt saved
2025-08-27 05:53:14,717 - easytorch-training - INFO - The estimated training finish time is 2025-08-27 06:05:37
2025-08-27 05:53:14,717 - easytorch-training - INFO - Epoch 19 / 100
2025-08-27 05:53:21,461 - easytorch-training - INFO - Result <train>: [train/time: 6.74 (s), train/lr: 1.50e-04, train/loss: 0.3888, train/MAE: 0.3888, train/MSE: 0.5640]
2025-08-27 05:53:21,462 - easytorch-training - INFO - Start validation.
2025-08-27 05:53:22,149 - easytorch-training - INFO - Result <val>: [val/time: 0.69 (s), val/loss: 0.3860, val/MAE: 0.3860, val/MSE: 0.6014]
2025-08-27 05:53:23,721 - easytorch-training - INFO - Result <test>: [test/time: 1.57 (s), test/loss: 0.2869, test/MAE: 0.2869, test/MSE: 0.2582]
2025-08-27 05:53:23,728 - easytorch-training - INFO - Checkpoint checkpoints/DLinear/Weather_100_336_336/89aa88d41a05582ee56c7fbd6738900d/DLinear_019.pt saved
2025-08-27 05:53:23,728 - easytorch-training - INFO - The estimated training finish time is 2025-08-27 06:05:37
2025-08-27 05:53:23,728 - easytorch-training - INFO - Epoch 20 / 100
2025-08-27 05:53:30,237 - easytorch-training - INFO - Result <train>: [train/time: 6.51 (s), train/lr: 1.50e-04, train/loss: 0.3888, train/MAE: 0.3888, train/MSE: 0.5640]
2025-08-27 05:53:30,238 - easytorch-training - INFO - Start validation.
2025-08-27 05:53:30,952 - easytorch-training - INFO - Result <val>: [val/time: 0.71 (s), val/loss: 0.3876, val/MAE: 0.3876, val/MSE: 0.6057]
2025-08-27 05:53:32,499 - easytorch-training - INFO - Result <test>: [test/time: 1.55 (s), test/loss: 0.2864, test/MAE: 0.2864, test/MSE: 0.2588]
2025-08-27 05:53:32,505 - easytorch-training - INFO - Checkpoint checkpoints/DLinear/Weather_100_336_336/89aa88d41a05582ee56c7fbd6738900d/DLinear_020.pt saved
2025-08-27 05:53:32,508 - easytorch-training - INFO - The estimated training finish time is 2025-08-27 06:05:36
2025-08-27 05:53:32,508 - easytorch-training - INFO - Epoch 21 / 100
2025-08-27 05:53:39,227 - easytorch-training - INFO - Result <train>: [train/time: 6.72 (s), train/lr: 1.50e-04, train/loss: 0.3888, train/MAE: 0.3888, train/MSE: 0.5640]
2025-08-27 05:53:39,228 - easytorch-training - INFO - Start validation.
2025-08-27 05:53:39,994 - easytorch-training - INFO - Result <val>: [val/time: 0.77 (s), val/loss: 0.3862, val/MAE: 0.3862, val/MSE: 0.6001]
2025-08-27 05:53:41,508 - easytorch-training - INFO - Result <test>: [test/time: 1.51 (s), test/loss: 0.2873, test/MAE: 0.2873, test/MSE: 0.2584]
2025-08-27 05:53:41,514 - easytorch-training - INFO - Checkpoint checkpoints/DLinear/Weather_100_336_336/89aa88d41a05582ee56c7fbd6738900d/DLinear_021.pt saved
2025-08-27 05:53:41,514 - easytorch-training - INFO - The estimated training finish time is 2025-08-27 06:05:35
2025-08-27 05:53:41,514 - easytorch-training - INFO - Epoch 22 / 100
2025-08-27 05:53:48,017 - easytorch-training - INFO - Result <train>: [train/time: 6.50 (s), train/lr: 1.50e-04, train/loss: 0.3889, train/MAE: 0.3889, train/MSE: 0.5641]
2025-08-27 05:53:48,017 - easytorch-training - INFO - Start validation.
2025-08-27 05:53:48,764 - easytorch-training - INFO - Result <val>: [val/time: 0.75 (s), val/loss: 0.3876, val/MAE: 0.3876, val/MSE: 0.6044]
2025-08-27 05:53:50,350 - easytorch-training - INFO - Result <test>: [test/time: 1.58 (s), test/loss: 0.2855, test/MAE: 0.2855, test/MSE: 0.2581]
2025-08-27 05:53:50,356 - easytorch-training - INFO - Checkpoint checkpoints/DLinear/Weather_100_336_336/89aa88d41a05582ee56c7fbd6738900d/DLinear_022.pt saved
2025-08-27 05:53:50,356 - easytorch-training - INFO - The estimated training finish time is 2025-08-27 06:05:35
2025-08-27 05:53:50,356 - easytorch-training - INFO - Epoch 23 / 100
2025-08-27 05:53:57,710 - easytorch-training - INFO - Result <train>: [train/time: 7.35 (s), train/lr: 1.50e-04, train/loss: 0.3888, train/MAE: 0.3888, train/MSE: 0.5640]
2025-08-27 05:53:57,711 - easytorch-training - INFO - Start validation.
2025-08-27 05:53:58,381 - easytorch-training - INFO - Result <val>: [val/time: 0.67 (s), val/loss: 0.3854, val/MAE: 0.3854, val/MSE: 0.6019]
2025-08-27 05:53:59,915 - easytorch-training - INFO - Result <test>: [test/time: 1.53 (s), test/loss: 0.2869, test/MAE: 0.2869, test/MSE: 0.2584]
2025-08-27 05:53:59,922 - easytorch-training - INFO - Checkpoint checkpoints/DLinear/Weather_100_336_336/89aa88d41a05582ee56c7fbd6738900d/DLinear_023.pt saved
2025-08-27 05:53:59,922 - easytorch-training - INFO - The estimated training finish time is 2025-08-27 06:05:37
2025-08-27 05:53:59,922 - easytorch-training - INFO - Epoch 24 / 100
2025-08-27 05:54:06,910 - easytorch-training - INFO - Result <train>: [train/time: 6.99 (s), train/lr: 1.50e-04, train/loss: 0.3889, train/MAE: 0.3889, train/MSE: 0.5642]
2025-08-27 05:54:06,911 - easytorch-training - INFO - Start validation.
2025-08-27 05:54:07,651 - easytorch-training - INFO - Result <val>: [val/time: 0.74 (s), val/loss: 0.3888, val/MAE: 0.3888, val/MSE: 0.6092]
2025-08-27 05:54:09,191 - easytorch-training - INFO - Result <test>: [test/time: 1.54 (s), test/loss: 0.2847, test/MAE: 0.2847, test/MSE: 0.2591]
2025-08-27 05:54:09,197 - easytorch-training - INFO - Checkpoint checkpoints/DLinear/Weather_100_336_336/89aa88d41a05582ee56c7fbd6738900d/DLinear_024.pt saved
2025-08-27 05:54:09,197 - easytorch-training - INFO - The estimated training finish time is 2025-08-27 06:05:38
2025-08-27 05:54:09,197 - easytorch-training - INFO - Epoch 25 / 100
2025-08-27 05:54:15,949 - easytorch-training - INFO - Result <train>: [train/time: 6.75 (s), train/lr: 1.50e-04, train/loss: 0.3888, train/MAE: 0.3888, train/MSE: 0.5640]
2025-08-27 05:54:15,949 - easytorch-training - INFO - Start validation.
2025-08-27 05:54:16,652 - easytorch-training - INFO - Result <val>: [val/time: 0.70 (s), val/loss: 0.3886, val/MAE: 0.3886, val/MSE: 0.6071]
2025-08-27 05:54:18,198 - easytorch-training - INFO - Result <test>: [test/time: 1.55 (s), test/loss: 0.2855, test/MAE: 0.2855, test/MSE: 0.2591]
2025-08-27 05:54:18,204 - easytorch-training - INFO - Checkpoint checkpoints/DLinear/Weather_100_336_336/89aa88d41a05582ee56c7fbd6738900d/DLinear_025.pt saved
2025-08-27 05:54:18,204 - easytorch-training - INFO - The estimated training finish time is 2025-08-27 06:05:38
2025-08-27 05:54:18,204 - easytorch-training - INFO - Epoch 26 / 100
2025-08-27 05:54:25,030 - easytorch-training - INFO - Result <train>: [train/time: 6.83 (s), train/lr: 7.50e-05, train/loss: 0.3884, train/MAE: 0.3884, train/MSE: 0.5637]
2025-08-27 05:54:25,031 - easytorch-training - INFO - Start validation.
2025-08-27 05:54:25,724 - easytorch-training - INFO - Result <val>: [val/time: 0.69 (s), val/loss: 0.3852, val/MAE: 0.3852, val/MSE: 0.5990]
2025-08-27 05:54:27,198 - easytorch-training - INFO - Result <test>: [test/time: 1.47 (s), test/loss: 0.2889, test/MAE: 0.2889, test/MSE: 0.2588]
2025-08-27 05:54:27,204 - easytorch-training - INFO - Checkpoint checkpoints/DLinear/Weather_100_336_336/89aa88d41a05582ee56c7fbd6738900d/DLinear_026.pt saved
2025-08-27 05:54:27,204 - easytorch-training - INFO - The estimated training finish time is 2025-08-27 06:05:37
2025-08-27 05:54:27,204 - easytorch-training - INFO - Epoch 27 / 100
2025-08-27 05:54:33,807 - easytorch-training - INFO - Result <train>: [train/time: 6.60 (s), train/lr: 7.50e-05, train/loss: 0.3884, train/MAE: 0.3884, train/MSE: 0.5638]
2025-08-27 05:54:33,811 - easytorch-training - INFO - Start validation.
2025-08-27 05:54:34,543 - easytorch-training - INFO - Result <val>: [val/time: 0.73 (s), val/loss: 0.3878, val/MAE: 0.3878, val/MSE: 0.6078]
2025-08-27 05:54:36,126 - easytorch-training - INFO - Result <test>: [test/time: 1.58 (s), test/loss: 0.2848, test/MAE: 0.2848, test/MSE: 0.2588]
2025-08-27 05:54:36,133 - easytorch-training - INFO - Checkpoint checkpoints/DLinear/Weather_100_336_336/89aa88d41a05582ee56c7fbd6738900d/DLinear_027.pt saved
2025-08-27 05:54:36,133 - easytorch-training - INFO - The estimated training finish time is 2025-08-27 06:05:37
2025-08-27 05:54:36,134 - easytorch-training - INFO - Epoch 28 / 100
2025-08-27 05:54:42,893 - easytorch-training - INFO - Result <train>: [train/time: 6.76 (s), train/lr: 7.50e-05, train/loss: 0.3884, train/MAE: 0.3884, train/MSE: 0.5639]
2025-08-27 05:54:42,894 - easytorch-training - INFO - Start validation.
2025-08-27 05:54:43,613 - easytorch-training - INFO - Result <val>: [val/time: 0.72 (s), val/loss: 0.3860, val/MAE: 0.3860, val/MSE: 0.6020]
2025-08-27 05:54:45,110 - easytorch-training - INFO - Result <test>: [test/time: 1.49 (s), test/loss: 0.2871, test/MAE: 0.2871, test/MSE: 0.2583]
2025-08-27 05:54:45,116 - easytorch-training - INFO - Checkpoint checkpoints/DLinear/Weather_100_336_336/89aa88d41a05582ee56c7fbd6738900d/DLinear_028.pt saved
2025-08-27 05:54:45,116 - easytorch-training - INFO - The estimated training finish time is 2025-08-27 06:05:37
2025-08-27 05:54:45,116 - easytorch-training - INFO - Epoch 29 / 100
2025-08-27 05:54:51,765 - easytorch-training - INFO - Result <train>: [train/time: 6.65 (s), train/lr: 7.50e-05, train/loss: 0.3884, train/MAE: 0.3884, train/MSE: 0.5639]
2025-08-27 05:54:51,766 - easytorch-training - INFO - Start validation.
2025-08-27 05:54:52,395 - easytorch-training - INFO - Result <val>: [val/time: 0.63 (s), val/loss: 0.3857, val/MAE: 0.3857, val/MSE: 0.6001]
2025-08-27 05:54:53,901 - easytorch-training - INFO - Result <test>: [test/time: 1.51 (s), test/loss: 0.2879, test/MAE: 0.2879, test/MSE: 0.2584]
2025-08-27 05:54:53,908 - easytorch-training - INFO - Checkpoint checkpoints/DLinear/Weather_100_336_336/89aa88d41a05582ee56c7fbd6738900d/DLinear_029.pt saved
2025-08-27 05:54:53,908 - easytorch-training - INFO - The estimated training finish time is 2025-08-27 06:05:36
2025-08-27 05:54:53,908 - easytorch-training - INFO - Epoch 30 / 100
2025-08-27 05:55:00,781 - easytorch-training - INFO - Result <train>: [train/time: 6.87 (s), train/lr: 7.50e-05, train/loss: 0.3884, train/MAE: 0.3884, train/MSE: 0.5638]
2025-08-27 05:55:00,782 - easytorch-training - INFO - Start validation.
2025-08-27 05:55:01,494 - easytorch-training - INFO - Result <val>: [val/time: 0.71 (s), val/loss: 0.3889, val/MAE: 0.3889, val/MSE: 0.6095]
2025-08-27 05:55:03,203 - easytorch-training - INFO - Result <test>: [test/time: 1.71 (s), test/loss: 0.2844, test/MAE: 0.2844, test/MSE: 0.2590]
2025-08-27 05:55:03,210 - easytorch-training - INFO - Checkpoint checkpoints/DLinear/Weather_100_336_336/89aa88d41a05582ee56c7fbd6738900d/DLinear_030.pt saved
2025-08-27 05:55:03,212 - easytorch-training - INFO - The estimated training finish time is 2025-08-27 06:05:36
2025-08-27 05:55:03,212 - easytorch-training - INFO - Epoch 31 / 100
2025-08-27 05:55:10,312 - easytorch-training - INFO - Result <train>: [train/time: 7.10 (s), train/lr: 7.50e-05, train/loss: 0.3884, train/MAE: 0.3884, train/MSE: 0.5639]
2025-08-27 05:55:10,313 - easytorch-training - INFO - Start validation.
2025-08-27 05:55:11,074 - easytorch-training - INFO - Result <val>: [val/time: 0.76 (s), val/loss: 0.3856, val/MAE: 0.3856, val/MSE: 0.5995]
2025-08-27 05:55:12,674 - easytorch-training - INFO - Result <test>: [test/time: 1.60 (s), test/loss: 0.2885, test/MAE: 0.2885, test/MSE: 0.2587]
2025-08-27 05:55:12,679 - easytorch-training - INFO - Checkpoint checkpoints/DLinear/Weather_100_336_336/89aa88d41a05582ee56c7fbd6738900d/DLinear_031.pt saved
2025-08-27 05:55:12,679 - easytorch-training - INFO - The estimated training finish time is 2025-08-27 06:05:38
2025-08-27 05:55:12,680 - easytorch-training - INFO - Epoch 32 / 100
2025-08-27 05:55:19,352 - easytorch-training - INFO - Result <train>: [train/time: 6.67 (s), train/lr: 7.50e-05, train/loss: 0.3884, train/MAE: 0.3884, train/MSE: 0.5638]
2025-08-27 05:55:19,353 - easytorch-training - INFO - Start validation.
2025-08-27 05:55:20,114 - easytorch-training - INFO - Result <val>: [val/time: 0.76 (s), val/loss: 0.3868, val/MAE: 0.3868, val/MSE: 0.6029]
2025-08-27 05:55:21,787 - easytorch-training - INFO - Result <test>: [test/time: 1.67 (s), test/loss: 0.2869, test/MAE: 0.2869, test/MSE: 0.2585]
2025-08-27 05:55:21,794 - easytorch-training - INFO - Checkpoint checkpoints/DLinear/Weather_100_336_336/89aa88d41a05582ee56c7fbd6738900d/DLinear_032.pt saved
2025-08-27 05:55:21,794 - easytorch-training - INFO - The estimated training finish time is 2025-08-27 06:05:38
2025-08-27 05:55:21,794 - easytorch-training - INFO - Epoch 33 / 100
2025-08-27 05:55:28,912 - easytorch-training - INFO - Result <train>: [train/time: 7.12 (s), train/lr: 7.50e-05, train/loss: 0.3884, train/MAE: 0.3884, train/MSE: 0.5640]
2025-08-27 05:55:28,913 - easytorch-training - INFO - Start validation.
2025-08-27 05:55:29,666 - easytorch-training - INFO - Result <val>: [val/time: 0.75 (s), val/loss: 0.3858, val/MAE: 0.3858, val/MSE: 0.5988]
2025-08-27 05:55:31,237 - easytorch-training - INFO - Result <test>: [test/time: 1.57 (s), test/loss: 0.2898, test/MAE: 0.2898, test/MSE: 0.2588]
2025-08-27 05:55:31,242 - easytorch-training - INFO - Checkpoint checkpoints/DLinear/Weather_100_336_336/89aa88d41a05582ee56c7fbd6738900d/DLinear_033.pt saved
2025-08-27 05:55:31,243 - easytorch-training - INFO - The estimated training finish time is 2025-08-27 06:05:39
2025-08-27 05:55:31,243 - easytorch-training - INFO - Epoch 34 / 100
2025-08-27 05:55:38,268 - easytorch-training - INFO - Result <train>: [train/time: 7.03 (s), train/lr: 7.50e-05, train/loss: 0.3884, train/MAE: 0.3884, train/MSE: 0.5638]
2025-08-27 05:55:38,269 - easytorch-training - INFO - Start validation.
2025-08-27 05:55:39,063 - easytorch-training - INFO - Result <val>: [val/time: 0.79 (s), val/loss: 0.3860, val/MAE: 0.3860, val/MSE: 0.6022]
2025-08-27 05:55:40,619 - easytorch-training - INFO - Result <test>: [test/time: 1.56 (s), test/loss: 0.2867, test/MAE: 0.2867, test/MSE: 0.2583]
2025-08-27 05:55:40,626 - easytorch-training - INFO - Checkpoint checkpoints/DLinear/Weather_100_336_336/89aa88d41a05582ee56c7fbd6738900d/DLinear_034.pt saved
2025-08-27 05:55:40,627 - easytorch-training - INFO - The estimated training finish time is 2025-08-27 06:05:40
2025-08-27 05:55:40,627 - easytorch-training - INFO - Epoch 35 / 100
2025-08-27 05:55:47,712 - easytorch-training - INFO - Result <train>: [train/time: 7.09 (s), train/lr: 7.50e-05, train/loss: 0.3884, train/MAE: 0.3884, train/MSE: 0.5640]
2025-08-27 05:55:47,713 - easytorch-training - INFO - Start validation.
2025-08-27 05:55:48,424 - easytorch-training - INFO - Result <val>: [val/time: 0.71 (s), val/loss: 0.3870, val/MAE: 0.3870, val/MSE: 0.6043]
2025-08-27 05:55:49,889 - easytorch-training - INFO - Result <test>: [test/time: 1.46 (s), test/loss: 0.2859, test/MAE: 0.2859, test/MSE: 0.2586]
2025-08-27 05:55:49,896 - easytorch-training - INFO - Checkpoint checkpoints/DLinear/Weather_100_336_336/89aa88d41a05582ee56c7fbd6738900d/DLinear_035.pt saved
2025-08-27 05:55:49,896 - easytorch-training - INFO - The estimated training finish time is 2025-08-27 06:05:41
2025-08-27 05:55:49,896 - easytorch-training - INFO - Epoch 36 / 100
2025-08-27 05:55:56,731 - easytorch-training - INFO - Result <train>: [train/time: 6.84 (s), train/lr: 7.50e-05, train/loss: 0.3884, train/MAE: 0.3884, train/MSE: 0.5639]
2025-08-27 05:55:56,732 - easytorch-training - INFO - Start validation.
2025-08-27 05:55:57,506 - easytorch-training - INFO - Result <val>: [val/time: 0.77 (s), val/loss: 0.3859, val/MAE: 0.3859, val/MSE: 0.6004]
2025-08-27 05:55:59,145 - easytorch-training - INFO - Result <test>: [test/time: 1.64 (s), test/loss: 0.2877, test/MAE: 0.2877, test/MSE: 0.2584]
2025-08-27 05:55:59,150 - easytorch-training - INFO - Checkpoint checkpoints/DLinear/Weather_100_336_336/89aa88d41a05582ee56c7fbd6738900d/DLinear_036.pt saved
2025-08-27 05:55:59,151 - easytorch-training - INFO - The estimated training finish time is 2025-08-27 06:05:41
2025-08-27 05:55:59,151 - easytorch-training - INFO - Epoch 37 / 100
2025-08-27 05:56:06,313 - easytorch-training - INFO - Result <train>: [train/time: 7.16 (s), train/lr: 7.50e-05, train/loss: 0.3884, train/MAE: 0.3884, train/MSE: 0.5640]
2025-08-27 05:56:06,314 - easytorch-training - INFO - Start validation.
2025-08-27 05:56:07,123 - easytorch-training - INFO - Result <val>: [val/time: 0.81 (s), val/loss: 0.3847, val/MAE: 0.3847, val/MSE: 0.5969]
2025-08-27 05:56:07,130 - easytorch-training - INFO - Checkpoint checkpoints/DLinear/Weather_100_336_336/89aa88d41a05582ee56c7fbd6738900d/DLinear_best_val_MAE.pt saved
2025-08-27 05:56:08,602 - easytorch-training - INFO - Result <test>: [test/time: 1.47 (s), test/loss: 0.2892, test/MAE: 0.2892, test/MSE: 0.2584]
2025-08-27 05:56:08,610 - easytorch-training - INFO - Checkpoint checkpoints/DLinear/Weather_100_336_336/89aa88d41a05582ee56c7fbd6738900d/DLinear_037.pt saved
2025-08-27 05:56:08,610 - easytorch-training - INFO - The estimated training finish time is 2025-08-27 06:05:42
2025-08-27 05:56:08,610 - easytorch-training - INFO - Epoch 38 / 100
2025-08-27 05:56:15,982 - easytorch-training - INFO - Result <train>: [train/time: 7.37 (s), train/lr: 7.50e-05, train/loss: 0.3884, train/MAE: 0.3884, train/MSE: 0.5640]
2025-08-27 05:56:15,983 - easytorch-training - INFO - Start validation.
2025-08-27 05:56:16,760 - easytorch-training - INFO - Result <val>: [val/time: 0.78 (s), val/loss: 0.3841, val/MAE: 0.3841, val/MSE: 0.5956]
2025-08-27 05:56:16,766 - easytorch-training - INFO - Checkpoint checkpoints/DLinear/Weather_100_336_336/89aa88d41a05582ee56c7fbd6738900d/DLinear_best_val_MAE.pt saved
2025-08-27 05:56:18,421 - easytorch-training - INFO - Result <test>: [test/time: 1.65 (s), test/loss: 0.2905, test/MAE: 0.2905, test/MSE: 0.2588]
2025-08-27 05:56:18,428 - easytorch-training - INFO - Checkpoint checkpoints/DLinear/Weather_100_336_336/89aa88d41a05582ee56c7fbd6738900d/DLinear_038.pt saved
2025-08-27 05:56:18,428 - easytorch-training - INFO - The estimated training finish time is 2025-08-27 06:05:44
2025-08-27 05:56:18,428 - easytorch-training - INFO - Epoch 39 / 100
2025-08-27 05:56:25,360 - easytorch-training - INFO - Result <train>: [train/time: 6.93 (s), train/lr: 7.50e-05, train/loss: 0.3884, train/MAE: 0.3884, train/MSE: 0.5638]
2025-08-27 05:56:25,361 - easytorch-training - INFO - Start validation.
2025-08-27 05:56:26,067 - easytorch-training - INFO - Result <val>: [val/time: 0.71 (s), val/loss: 0.3863, val/MAE: 0.3863, val/MSE: 0.6020]
2025-08-27 05:56:27,558 - easytorch-training - INFO - Result <test>: [test/time: 1.49 (s), test/loss: 0.2866, test/MAE: 0.2866, test/MSE: 0.2582]
2025-08-27 05:56:27,567 - easytorch-training - INFO - Checkpoint checkpoints/DLinear/Weather_100_336_336/89aa88d41a05582ee56c7fbd6738900d/DLinear_039.pt saved
2025-08-27 05:56:27,567 - easytorch-training - INFO - The estimated training finish time is 2025-08-27 06:05:44
2025-08-27 05:56:27,567 - easytorch-training - INFO - Epoch 40 / 100
2025-08-27 05:56:34,156 - easytorch-training - INFO - Result <train>: [train/time: 6.59 (s), train/lr: 7.50e-05, train/loss: 0.3885, train/MAE: 0.3885, train/MSE: 0.5640]
2025-08-27 05:56:34,156 - easytorch-training - INFO - Start validation.
2025-08-27 05:56:34,885 - easytorch-training - INFO - Result <val>: [val/time: 0.73 (s), val/loss: 0.3874, val/MAE: 0.3874, val/MSE: 0.6050]
2025-08-27 05:56:36,591 - easytorch-training - INFO - Result <test>: [test/time: 1.71 (s), test/loss: 0.2858, test/MAE: 0.2858, test/MSE: 0.2587]
2025-08-27 05:56:36,597 - easytorch-training - INFO - Checkpoint checkpoints/DLinear/Weather_100_336_336/89aa88d41a05582ee56c7fbd6738900d/DLinear_040.pt saved
2025-08-27 05:56:36,599 - easytorch-training - INFO - The estimated training finish time is 2025-08-27 06:05:44
2025-08-27 05:56:36,599 - easytorch-training - INFO - Epoch 41 / 100
2025-08-27 05:56:43,897 - easytorch-training - INFO - Result <train>: [train/time: 7.30 (s), train/lr: 7.50e-05, train/loss: 0.3884, train/MAE: 0.3884, train/MSE: 0.5639]
2025-08-27 05:56:43,898 - easytorch-training - INFO - Start validation.
2025-08-27 05:56:44,641 - easytorch-training - INFO - Result <val>: [val/time: 0.74 (s), val/loss: 0.3864, val/MAE: 0.3864, val/MSE: 0.6032]
2025-08-27 05:56:46,408 - easytorch-training - INFO - Result <test>: [test/time: 1.77 (s), test/loss: 0.2865, test/MAE: 0.2865, test/MSE: 0.2585]
2025-08-27 05:56:46,415 - easytorch-training - INFO - Checkpoint checkpoints/DLinear/Weather_100_336_336/89aa88d41a05582ee56c7fbd6738900d/DLinear_041.pt saved
2025-08-27 05:56:46,415 - easytorch-training - INFO - The estimated training finish time is 2025-08-27 06:05:45
2025-08-27 05:56:46,415 - easytorch-training - INFO - Epoch 42 / 100
2025-08-27 05:56:53,272 - easytorch-training - INFO - Result <train>: [train/time: 6.86 (s), train/lr: 7.50e-05, train/loss: 0.3884, train/MAE: 0.3884, train/MSE: 0.5640]
2025-08-27 05:56:53,273 - easytorch-training - INFO - Start validation.
2025-08-27 05:56:54,062 - easytorch-training - INFO - Result <val>: [val/time: 0.79 (s), val/loss: 0.3873, val/MAE: 0.3873, val/MSE: 0.6064]
2025-08-27 05:56:55,613 - easytorch-training - INFO - Result <test>: [test/time: 1.55 (s), test/loss: 0.2855, test/MAE: 0.2855, test/MSE: 0.2587]
2025-08-27 05:56:55,619 - easytorch-training - INFO - Checkpoint checkpoints/DLinear/Weather_100_336_336/89aa88d41a05582ee56c7fbd6738900d/DLinear_042.pt saved
2025-08-27 05:56:55,620 - easytorch-training - INFO - The estimated training finish time is 2025-08-27 06:05:45
2025-08-27 05:56:55,620 - easytorch-training - INFO - Epoch 43 / 100
2025-08-27 05:57:02,902 - easytorch-training - INFO - Result <train>: [train/time: 7.28 (s), train/lr: 7.50e-05, train/loss: 0.3884, train/MAE: 0.3884, train/MSE: 0.5639]
2025-08-27 05:57:02,903 - easytorch-training - INFO - Start validation.
2025-08-27 05:57:03,679 - easytorch-training - INFO - Result <val>: [val/time: 0.78 (s), val/loss: 0.3855, val/MAE: 0.3855, val/MSE: 0.6004]
2025-08-27 05:57:05,383 - easytorch-training - INFO - Result <test>: [test/time: 1.70 (s), test/loss: 0.2877, test/MAE: 0.2877, test/MSE: 0.2583]
2025-08-27 05:57:05,389 - easytorch-training - INFO - Checkpoint checkpoints/DLinear/Weather_100_336_336/89aa88d41a05582ee56c7fbd6738900d/DLinear_043.pt saved
2025-08-27 05:57:05,389 - easytorch-training - INFO - The estimated training finish time is 2025-08-27 06:05:47
2025-08-27 05:57:05,389 - easytorch-training - INFO - Epoch 44 / 100
2025-08-27 05:57:11,953 - easytorch-training - INFO - Result <train>: [train/time: 6.56 (s), train/lr: 7.50e-05, train/loss: 0.3884, train/MAE: 0.3884, train/MSE: 0.5640]
2025-08-27 05:57:11,953 - easytorch-training - INFO - Start validation.
2025-08-27 05:57:12,747 - easytorch-training - INFO - Result <val>: [val/time: 0.79 (s), val/loss: 0.3865, val/MAE: 0.3865, val/MSE: 0.6034]
2025-08-27 05:57:14,147 - easytorch-training - INFO - Result <test>: [test/time: 1.40 (s), test/loss: 0.2862, test/MAE: 0.2862, test/MSE: 0.2585]
2025-08-27 05:57:14,153 - easytorch-training - INFO - Checkpoint checkpoints/DLinear/Weather_100_336_336/89aa88d41a05582ee56c7fbd6738900d/DLinear_044.pt saved
2025-08-27 05:57:14,154 - easytorch-training - INFO - The estimated training finish time is 2025-08-27 06:05:46
2025-08-27 05:57:14,154 - easytorch-training - INFO - Epoch 45 / 100
2025-08-27 05:57:21,382 - easytorch-training - INFO - Result <train>: [train/time: 7.23 (s), train/lr: 7.50e-05, train/loss: 0.3884, train/MAE: 0.3884, train/MSE: 0.5640]
2025-08-27 05:57:21,383 - easytorch-training - INFO - Start validation.
2025-08-27 05:57:22,089 - easytorch-training - INFO - Result <val>: [val/time: 0.71 (s), val/loss: 0.3868, val/MAE: 0.3868, val/MSE: 0.6033]
2025-08-27 05:57:23,750 - easytorch-training - INFO - Result <test>: [test/time: 1.66 (s), test/loss: 0.2865, test/MAE: 0.2865, test/MSE: 0.2586]
2025-08-27 05:57:23,759 - easytorch-training - INFO - Checkpoint checkpoints/DLinear/Weather_100_336_336/89aa88d41a05582ee56c7fbd6738900d/DLinear_045.pt saved
2025-08-27 05:57:23,759 - easytorch-training - INFO - The estimated training finish time is 2025-08-27 06:05:47
2025-08-27 05:57:23,759 - easytorch-training - INFO - Epoch 46 / 100
2025-08-27 05:57:31,010 - easytorch-training - INFO - Result <train>: [train/time: 7.25 (s), train/lr: 7.50e-05, train/loss: 0.3884, train/MAE: 0.3884, train/MSE: 0.5639]
2025-08-27 05:57:31,011 - easytorch-training - INFO - Start validation.
2025-08-27 05:57:31,725 - easytorch-training - INFO - Result <val>: [val/time: 0.71 (s), val/loss: 0.3847, val/MAE: 0.3847, val/MSE: 0.5973]
2025-08-27 05:57:33,218 - easytorch-training - INFO - Result <test>: [test/time: 1.49 (s), test/loss: 0.2895, test/MAE: 0.2895, test/MSE: 0.2587]
2025-08-27 05:57:33,223 - easytorch-training - INFO - Checkpoint checkpoints/DLinear/Weather_100_336_336/89aa88d41a05582ee56c7fbd6738900d/DLinear_046.pt saved
2025-08-27 05:57:33,223 - easytorch-training - INFO - The estimated training finish time is 2025-08-27 06:05:48
2025-08-27 05:57:33,223 - easytorch-training - INFO - Epoch 47 / 100
2025-08-27 05:57:40,530 - easytorch-training - INFO - Result <train>: [train/time: 7.31 (s), train/lr: 7.50e-05, train/loss: 0.3884, train/MAE: 0.3884, train/MSE: 0.5639]
2025-08-27 05:57:40,531 - easytorch-training - INFO - Start validation.
2025-08-27 05:57:41,242 - easytorch-training - INFO - Result <val>: [val/time: 0.71 (s), val/loss: 0.3859, val/MAE: 0.3859, val/MSE: 0.6018]
2025-08-27 05:57:42,771 - easytorch-training - INFO - Result <test>: [test/time: 1.53 (s), test/loss: 0.2866, test/MAE: 0.2866, test/MSE: 0.2583]
2025-08-27 05:57:42,779 - easytorch-training - INFO - Checkpoint checkpoints/DLinear/Weather_100_336_336/89aa88d41a05582ee56c7fbd6738900d/DLinear_047.pt saved
2025-08-27 05:57:42,779 - easytorch-training - INFO - The estimated training finish time is 2025-08-27 06:05:49
2025-08-27 05:57:42,779 - easytorch-training - INFO - Epoch 48 / 100
2025-08-27 05:57:49,836 - easytorch-training - INFO - Result <train>: [train/time: 7.06 (s), train/lr: 7.50e-05, train/loss: 0.3884, train/MAE: 0.3884, train/MSE: 0.5639]
2025-08-27 05:57:49,837 - easytorch-training - INFO - Start validation.
2025-08-27 05:57:50,587 - easytorch-training - INFO - Result <val>: [val/time: 0.75 (s), val/loss: 0.3859, val/MAE: 0.3859, val/MSE: 0.6004]
2025-08-27 05:57:52,220 - easytorch-training - INFO - Result <test>: [test/time: 1.63 (s), test/loss: 0.2887, test/MAE: 0.2887, test/MSE: 0.2587]
2025-08-27 05:57:52,226 - easytorch-training - INFO - Checkpoint checkpoints/DLinear/Weather_100_336_336/89aa88d41a05582ee56c7fbd6738900d/DLinear_048.pt saved
2025-08-27 05:57:52,226 - easytorch-training - INFO - The estimated training finish time is 2025-08-27 06:05:49
2025-08-27 05:57:52,226 - easytorch-training - INFO - Epoch 49 / 100
2025-08-27 05:57:59,197 - easytorch-training - INFO - Result <train>: [train/time: 6.97 (s), train/lr: 7.50e-05, train/loss: 0.3884, train/MAE: 0.3884, train/MSE: 0.5640]
2025-08-27 05:57:59,198 - easytorch-training - INFO - Start validation.
2025-08-27 05:58:00,004 - easytorch-training - INFO - Result <val>: [val/time: 0.81 (s), val/loss: 0.3877, val/MAE: 0.3877, val/MSE: 0.6059]
2025-08-27 05:58:01,804 - easytorch-training - INFO - Result <test>: [test/time: 1.80 (s), test/loss: 0.2856, test/MAE: 0.2856, test/MSE: 0.2586]
2025-08-27 05:58:01,809 - easytorch-training - INFO - Checkpoint checkpoints/DLinear/Weather_100_336_336/89aa88d41a05582ee56c7fbd6738900d/DLinear_049.pt saved
2025-08-27 05:58:01,810 - easytorch-training - INFO - The estimated training finish time is 2025-08-27 06:05:50
2025-08-27 05:58:01,810 - easytorch-training - INFO - Epoch 50 / 100
2025-08-27 05:58:08,876 - easytorch-training - INFO - Result <train>: [train/time: 7.07 (s), train/lr: 7.50e-05, train/loss: 0.3884, train/MAE: 0.3884, train/MSE: 0.5640]
2025-08-27 05:58:08,877 - easytorch-training - INFO - Start validation.
2025-08-27 05:58:09,610 - easytorch-training - INFO - Result <val>: [val/time: 0.73 (s), val/loss: 0.3865, val/MAE: 0.3865, val/MSE: 0.6023]
2025-08-27 05:58:11,051 - easytorch-training - INFO - Result <test>: [test/time: 1.44 (s), test/loss: 0.2871, test/MAE: 0.2871, test/MSE: 0.2586]
2025-08-27 05:58:11,059 - easytorch-training - INFO - Checkpoint checkpoints/DLinear/Weather_100_336_336/89aa88d41a05582ee56c7fbd6738900d/DLinear_050.pt saved
2025-08-27 05:58:11,061 - easytorch-training - INFO - The estimated training finish time is 2025-08-27 06:05:50
2025-08-27 05:58:11,061 - easytorch-training - INFO - Epoch 51 / 100
2025-08-27 05:58:18,037 - easytorch-training - INFO - Result <train>: [train/time: 6.98 (s), train/lr: 7.50e-05, train/loss: 0.3884, train/MAE: 0.3884, train/MSE: 0.5640]
2025-08-27 05:58:18,038 - easytorch-training - INFO - Start validation.
2025-08-27 05:58:18,777 - easytorch-training - INFO - Result <val>: [val/time: 0.74 (s), val/loss: 0.3856, val/MAE: 0.3856, val/MSE: 0.6010]
2025-08-27 05:58:20,321 - easytorch-training - INFO - Result <test>: [test/time: 1.54 (s), test/loss: 0.2878, test/MAE: 0.2878, test/MSE: 0.2586]
2025-08-27 05:58:20,327 - easytorch-training - INFO - Checkpoint checkpoints/DLinear/Weather_100_336_336/89aa88d41a05582ee56c7fbd6738900d/DLinear_051.pt saved
2025-08-27 05:58:20,328 - easytorch-training - INFO - The estimated training finish time is 2025-08-27 06:05:50
2025-08-27 05:58:20,328 - easytorch-training - INFO - Epoch 52 / 100
2025-08-27 05:58:27,166 - easytorch-training - INFO - Result <train>: [train/time: 6.84 (s), train/lr: 7.50e-05, train/loss: 0.3884, train/MAE: 0.3884, train/MSE: 0.5640]
2025-08-27 05:58:27,167 - easytorch-training - INFO - Start validation.
2025-08-27 05:58:27,888 - easytorch-training - INFO - Result <val>: [val/time: 0.72 (s), val/loss: 0.3866, val/MAE: 0.3866, val/MSE: 0.6029]
2025-08-27 05:58:29,371 - easytorch-training - INFO - Result <test>: [test/time: 1.48 (s), test/loss: 0.2868, test/MAE: 0.2868, test/MSE: 0.2586]
2025-08-27 05:58:29,376 - easytorch-training - INFO - Checkpoint checkpoints/DLinear/Weather_100_336_336/89aa88d41a05582ee56c7fbd6738900d/DLinear_052.pt saved
2025-08-27 05:58:29,376 - easytorch-training - INFO - The estimated training finish time is 2025-08-27 06:05:50
2025-08-27 05:58:29,377 - easytorch-training - INFO - Epoch 53 / 100
2025-08-27 05:58:36,368 - easytorch-training - INFO - Result <train>: [train/time: 6.99 (s), train/lr: 7.50e-05, train/loss: 0.3884, train/MAE: 0.3884, train/MSE: 0.5640]
2025-08-27 05:58:36,369 - easytorch-training - INFO - Start validation.
2025-08-27 05:58:37,137 - easytorch-training - INFO - Result <val>: [val/time: 0.77 (s), val/loss: 0.3855, val/MAE: 0.3855, val/MSE: 0.6002]
2025-08-27 05:58:38,698 - easytorch-training - INFO - Result <test>: [test/time: 1.56 (s), test/loss: 0.2877, test/MAE: 0.2877, test/MSE: 0.2585]
2025-08-27 05:58:38,705 - easytorch-training - INFO - Checkpoint checkpoints/DLinear/Weather_100_336_336/89aa88d41a05582ee56c7fbd6738900d/DLinear_053.pt saved
2025-08-27 05:58:38,705 - easytorch-training - INFO - The estimated training finish time is 2025-08-27 06:05:50
2025-08-27 05:58:38,705 - easytorch-training - INFO - Epoch 54 / 100
2025-08-27 05:58:45,554 - easytorch-training - INFO - Result <train>: [train/time: 6.85 (s), train/lr: 7.50e-05, train/loss: 0.3884, train/MAE: 0.3884, train/MSE: 0.5639]
2025-08-27 05:58:45,554 - easytorch-training - INFO - Start validation.
2025-08-27 05:58:46,278 - easytorch-training - INFO - Result <val>: [val/time: 0.72 (s), val/loss: 0.3849, val/MAE: 0.3849, val/MSE: 0.5982]
2025-08-27 05:58:47,887 - easytorch-training - INFO - Result <test>: [test/time: 1.61 (s), test/loss: 0.2883, test/MAE: 0.2883, test/MSE: 0.2584]
2025-08-27 05:58:47,892 - easytorch-training - INFO - Checkpoint checkpoints/DLinear/Weather_100_336_336/89aa88d41a05582ee56c7fbd6738900d/DLinear_054.pt saved
2025-08-27 05:58:47,892 - easytorch-training - INFO - The estimated training finish time is 2025-08-27 06:05:50
2025-08-27 05:58:47,892 - easytorch-training - INFO - Epoch 55 / 100
2025-08-27 05:58:55,127 - easytorch-training - INFO - Result <train>: [train/time: 7.23 (s), train/lr: 7.50e-05, train/loss: 0.3884, train/MAE: 0.3884, train/MSE: 0.5639]
2025-08-27 05:58:55,128 - easytorch-training - INFO - Start validation.
2025-08-27 05:58:55,935 - easytorch-training - INFO - Result <val>: [val/time: 0.81 (s), val/loss: 0.3872, val/MAE: 0.3872, val/MSE: 0.6040]
2025-08-27 05:58:57,667 - easytorch-training - INFO - Result <test>: [test/time: 1.73 (s), test/loss: 0.2867, test/MAE: 0.2867, test/MSE: 0.2585]
2025-08-27 05:58:57,675 - easytorch-training - INFO - Checkpoint checkpoints/DLinear/Weather_100_336_336/89aa88d41a05582ee56c7fbd6738900d/DLinear_055.pt saved
2025-08-27 05:58:57,676 - easytorch-training - INFO - The estimated training finish time is 2025-08-27 06:05:51
2025-08-27 05:58:57,676 - easytorch-training - INFO - Epoch 56 / 100
2025-08-27 05:59:04,761 - easytorch-training - INFO - Result <train>: [train/time: 7.09 (s), train/lr: 7.50e-05, train/loss: 0.3884, train/MAE: 0.3884, train/MSE: 0.5640]
2025-08-27 05:59:04,762 - easytorch-training - INFO - Start validation.
2025-08-27 05:59:05,568 - easytorch-training - INFO - Result <val>: [val/time: 0.81 (s), val/loss: 0.3864, val/MAE: 0.3864, val/MSE: 0.6026]
2025-08-27 05:59:07,281 - easytorch-training - INFO - Result <test>: [test/time: 1.71 (s), test/loss: 0.2866, test/MAE: 0.2866, test/MSE: 0.2585]
2025-08-27 05:59:07,288 - easytorch-training - INFO - Checkpoint checkpoints/DLinear/Weather_100_336_336/89aa88d41a05582ee56c7fbd6738900d/DLinear_056.pt saved
2025-08-27 05:59:07,289 - easytorch-training - INFO - The estimated training finish time is 2025-08-27 06:05:52
2025-08-27 05:59:07,289 - easytorch-training - INFO - Epoch 57 / 100
2025-08-27 05:59:14,146 - easytorch-training - INFO - Result <train>: [train/time: 6.86 (s), train/lr: 7.50e-05, train/loss: 0.3884, train/MAE: 0.3884, train/MSE: 0.5639]
2025-08-27 05:59:14,147 - easytorch-training - INFO - Start validation.
2025-08-27 05:59:14,917 - easytorch-training - INFO - Result <val>: [val/time: 0.77 (s), val/loss: 0.3856, val/MAE: 0.3856, val/MSE: 0.5998]
2025-08-27 05:59:16,460 - easytorch-training - INFO - Result <test>: [test/time: 1.54 (s), test/loss: 0.2880, test/MAE: 0.2880, test/MSE: 0.2585]
2025-08-27 05:59:16,466 - easytorch-training - INFO - Checkpoint checkpoints/DLinear/Weather_100_336_336/89aa88d41a05582ee56c7fbd6738900d/DLinear_057.pt saved
2025-08-27 05:59:16,466 - easytorch-training - INFO - The estimated training finish time is 2025-08-27 06:05:52
2025-08-27 05:59:16,466 - easytorch-training - INFO - Epoch 58 / 100
2025-08-27 05:59:23,477 - easytorch-training - INFO - Result <train>: [train/time: 7.01 (s), train/lr: 7.50e-05, train/loss: 0.3884, train/MAE: 0.3884, train/MSE: 0.5639]
2025-08-27 05:59:23,478 - easytorch-training - INFO - Start validation.
2025-08-27 05:59:24,189 - easytorch-training - INFO - Result <val>: [val/time: 0.71 (s), val/loss: 0.3852, val/MAE: 0.3852, val/MSE: 0.5995]
2025-08-27 05:59:25,710 - easytorch-training - INFO - Result <test>: [test/time: 1.52 (s), test/loss: 0.2882, test/MAE: 0.2882, test/MSE: 0.2585]
2025-08-27 05:59:25,717 - easytorch-training - INFO - Checkpoint checkpoints/DLinear/Weather_100_336_336/89aa88d41a05582ee56c7fbd6738900d/DLinear_058.pt saved
2025-08-27 05:59:25,717 - easytorch-training - INFO - The estimated training finish time is 2025-08-27 06:05:52
2025-08-27 05:59:25,717 - easytorch-training - INFO - Epoch 59 / 100
2025-08-27 05:59:32,625 - easytorch-training - INFO - Result <train>: [train/time: 6.91 (s), train/lr: 7.50e-05, train/loss: 0.3885, train/MAE: 0.3885, train/MSE: 0.5640]
2025-08-27 05:59:32,626 - easytorch-training - INFO - Start validation.
2025-08-27 05:59:33,307 - easytorch-training - INFO - Result <val>: [val/time: 0.68 (s), val/loss: 0.3864, val/MAE: 0.3864, val/MSE: 0.6021]
2025-08-27 05:59:34,873 - easytorch-training - INFO - Result <test>: [test/time: 1.56 (s), test/loss: 0.2869, test/MAE: 0.2869, test/MSE: 0.2582]
2025-08-27 05:59:34,880 - easytorch-training - INFO - Checkpoint checkpoints/DLinear/Weather_100_336_336/89aa88d41a05582ee56c7fbd6738900d/DLinear_059.pt saved
2025-08-27 05:59:34,880 - easytorch-training - INFO - The estimated training finish time is 2025-08-27 06:05:52
2025-08-27 05:59:34,880 - easytorch-training - INFO - Epoch 60 / 100
2025-08-27 05:59:41,738 - easytorch-training - INFO - Result <train>: [train/time: 6.86 (s), train/lr: 7.50e-05, train/loss: 0.3884, train/MAE: 0.3884, train/MSE: 0.5640]
2025-08-27 05:59:41,738 - easytorch-training - INFO - Start validation.
2025-08-27 05:59:42,481 - easytorch-training - INFO - Result <val>: [val/time: 0.74 (s), val/loss: 0.3856, val/MAE: 0.3856, val/MSE: 0.6001]
2025-08-27 05:59:44,055 - easytorch-training - INFO - Result <test>: [test/time: 1.57 (s), test/loss: 0.2874, test/MAE: 0.2874, test/MSE: 0.2585]
2025-08-27 05:59:44,061 - easytorch-training - INFO - Checkpoint checkpoints/DLinear/Weather_100_336_336/89aa88d41a05582ee56c7fbd6738900d/DLinear_060.pt saved
2025-08-27 05:59:44,063 - easytorch-training - INFO - The estimated training finish time is 2025-08-27 06:05:52
2025-08-27 05:59:44,063 - easytorch-training - INFO - Epoch 61 / 100
2025-08-27 05:59:50,858 - easytorch-training - INFO - Result <train>: [train/time: 6.80 (s), train/lr: 7.50e-05, train/loss: 0.3884, train/MAE: 0.3884, train/MSE: 0.5639]
2025-08-27 05:59:50,859 - easytorch-training - INFO - Start validation.
2025-08-27 05:59:51,575 - easytorch-training - INFO - Result <val>: [val/time: 0.72 (s), val/loss: 0.3871, val/MAE: 0.3871, val/MSE: 0.6039]
2025-08-27 05:59:53,252 - easytorch-training - INFO - Result <test>: [test/time: 1.67 (s), test/loss: 0.2859, test/MAE: 0.2859, test/MSE: 0.2585]
2025-08-27 05:59:53,258 - easytorch-training - INFO - Checkpoint checkpoints/DLinear/Weather_100_336_336/89aa88d41a05582ee56c7fbd6738900d/DLinear_061.pt saved
2025-08-27 05:59:53,258 - easytorch-training - INFO - The estimated training finish time is 2025-08-27 06:05:52
2025-08-27 05:59:53,258 - easytorch-training - INFO - Epoch 62 / 100
2025-08-27 06:00:00,083 - easytorch-training - INFO - Result <train>: [train/time: 6.82 (s), train/lr: 7.50e-05, train/loss: 0.3884, train/MAE: 0.3884, train/MSE: 0.5639]
2025-08-27 06:00:00,084 - easytorch-training - INFO - Start validation.
2025-08-27 06:00:00,860 - easytorch-training - INFO - Result <val>: [val/time: 0.78 (s), val/loss: 0.3874, val/MAE: 0.3874, val/MSE: 0.6061]
2025-08-27 06:00:02,552 - easytorch-training - INFO - Result <test>: [test/time: 1.69 (s), test/loss: 0.2853, test/MAE: 0.2853, test/MSE: 0.2586]
2025-08-27 06:00:02,557 - easytorch-training - INFO - Checkpoint checkpoints/DLinear/Weather_100_336_336/89aa88d41a05582ee56c7fbd6738900d/DLinear_062.pt saved
2025-08-27 06:00:02,558 - easytorch-training - INFO - The estimated training finish time is 2025-08-27 06:05:52
2025-08-27 06:00:02,558 - easytorch-training - INFO - Epoch 63 / 100
2025-08-27 06:00:09,363 - easytorch-training - INFO - Result <train>: [train/time: 6.81 (s), train/lr: 7.50e-05, train/loss: 0.3884, train/MAE: 0.3884, train/MSE: 0.5640]
2025-08-27 06:00:09,365 - easytorch-training - INFO - Start validation.
2025-08-27 06:00:10,090 - easytorch-training - INFO - Result <val>: [val/time: 0.73 (s), val/loss: 0.3862, val/MAE: 0.3862, val/MSE: 0.6013]
2025-08-27 06:00:11,570 - easytorch-training - INFO - Result <test>: [test/time: 1.48 (s), test/loss: 0.2874, test/MAE: 0.2874, test/MSE: 0.2585]
2025-08-27 06:00:11,576 - easytorch-training - INFO - Checkpoint checkpoints/DLinear/Weather_100_336_336/89aa88d41a05582ee56c7fbd6738900d/DLinear_063.pt saved
2025-08-27 06:00:11,576 - easytorch-training - INFO - The estimated training finish time is 2025-08-27 06:05:52
2025-08-27 06:00:11,576 - easytorch-training - INFO - Epoch 64 / 100
2025-08-27 06:00:18,444 - easytorch-training - INFO - Result <train>: [train/time: 6.87 (s), train/lr: 7.50e-05, train/loss: 0.3884, train/MAE: 0.3884, train/MSE: 0.5640]
2025-08-27 06:00:18,445 - easytorch-training - INFO - Start validation.
2025-08-27 06:00:19,301 - easytorch-training - INFO - Result <val>: [val/time: 0.86 (s), val/loss: 0.3860, val/MAE: 0.3860, val/MSE: 0.6008]
2025-08-27 06:00:21,100 - easytorch-training - INFO - Result <test>: [test/time: 1.80 (s), test/loss: 0.2878, test/MAE: 0.2878, test/MSE: 0.2587]
2025-08-27 06:00:21,108 - easytorch-training - INFO - Checkpoint checkpoints/DLinear/Weather_100_336_336/89aa88d41a05582ee56c7fbd6738900d/DLinear_064.pt saved
2025-08-27 06:00:21,108 - easytorch-training - INFO - The estimated training finish time is 2025-08-27 06:05:52
2025-08-27 06:00:21,108 - easytorch-training - INFO - Epoch 65 / 100
2025-08-27 06:00:28,061 - easytorch-training - INFO - Result <train>: [train/time: 6.95 (s), train/lr: 7.50e-05, train/loss: 0.3884, train/MAE: 0.3884, train/MSE: 0.5639]
2025-08-27 06:00:28,062 - easytorch-training - INFO - Start validation.
2025-08-27 06:00:28,780 - easytorch-training - INFO - Result <val>: [val/time: 0.72 (s), val/loss: 0.3873, val/MAE: 0.3873, val/MSE: 0.6049]
2025-08-27 06:00:30,297 - easytorch-training - INFO - Result <test>: [test/time: 1.52 (s), test/loss: 0.2857, test/MAE: 0.2857, test/MSE: 0.2584]
2025-08-27 06:00:30,304 - easytorch-training - INFO - Checkpoint checkpoints/DLinear/Weather_100_336_336/89aa88d41a05582ee56c7fbd6738900d/DLinear_065.pt saved
2025-08-27 06:00:30,304 - easytorch-training - INFO - The estimated training finish time is 2025-08-27 06:05:52
2025-08-27 06:00:30,304 - easytorch-training - INFO - Epoch 66 / 100
2025-08-27 06:00:37,274 - easytorch-training - INFO - Result <train>: [train/time: 6.97 (s), train/lr: 7.50e-05, train/loss: 0.3884, train/MAE: 0.3884, train/MSE: 0.5639]
2025-08-27 06:00:37,275 - easytorch-training - INFO - Start validation.
2025-08-27 06:00:38,050 - easytorch-training - INFO - Result <val>: [val/time: 0.77 (s), val/loss: 0.3875, val/MAE: 0.3875, val/MSE: 0.6065]
2025-08-27 06:00:39,594 - easytorch-training - INFO - Result <test>: [test/time: 1.54 (s), test/loss: 0.2853, test/MAE: 0.2853, test/MSE: 0.2587]
2025-08-27 06:00:39,600 - easytorch-training - INFO - Checkpoint checkpoints/DLinear/Weather_100_336_336/89aa88d41a05582ee56c7fbd6738900d/DLinear_066.pt saved
2025-08-27 06:00:39,600 - easytorch-training - INFO - The estimated training finish time is 2025-08-27 06:05:52
2025-08-27 06:00:39,600 - easytorch-training - INFO - Epoch 67 / 100
2025-08-27 06:00:46,825 - easytorch-training - INFO - Result <train>: [train/time: 7.22 (s), train/lr: 7.50e-05, train/loss: 0.3884, train/MAE: 0.3884, train/MSE: 0.5640]
2025-08-27 06:00:46,826 - easytorch-training - INFO - Start validation.
2025-08-27 06:00:47,546 - easytorch-training - INFO - Result <val>: [val/time: 0.72 (s), val/loss: 0.3874, val/MAE: 0.3874, val/MSE: 0.6065]
2025-08-27 06:00:49,152 - easytorch-training - INFO - Result <test>: [test/time: 1.60 (s), test/loss: 0.2851, test/MAE: 0.2851, test/MSE: 0.2587]
2025-08-27 06:00:49,159 - easytorch-training - INFO - Checkpoint checkpoints/DLinear/Weather_100_336_336/89aa88d41a05582ee56c7fbd6738900d/DLinear_067.pt saved
2025-08-27 06:00:49,159 - easytorch-training - INFO - The estimated training finish time is 2025-08-27 06:05:53
2025-08-27 06:00:49,159 - easytorch-training - INFO - Epoch 68 / 100
2025-08-27 06:00:56,250 - easytorch-training - INFO - Result <train>: [train/time: 7.09 (s), train/lr: 7.50e-05, train/loss: 0.3884, train/MAE: 0.3884, train/MSE: 0.5639]
2025-08-27 06:00:56,251 - easytorch-training - INFO - Start validation.
2025-08-27 06:00:57,032 - easytorch-training - INFO - Result <val>: [val/time: 0.78 (s), val/loss: 0.3881, val/MAE: 0.3881, val/MSE: 0.6078]
2025-08-27 06:00:58,584 - easytorch-training - INFO - Result <test>: [test/time: 1.55 (s), test/loss: 0.2852, test/MAE: 0.2852, test/MSE: 0.2590]
2025-08-27 06:00:58,591 - easytorch-training - INFO - Checkpoint checkpoints/DLinear/Weather_100_336_336/89aa88d41a05582ee56c7fbd6738900d/DLinear_068.pt saved
2025-08-27 06:00:58,591 - easytorch-training - INFO - The estimated training finish time is 2025-08-27 06:05:53
2025-08-27 06:00:58,591 - easytorch-training - INFO - Epoch 69 / 100
2025-08-27 06:01:05,549 - easytorch-training - INFO - Result <train>: [train/time: 6.96 (s), train/lr: 7.50e-05, train/loss: 0.3884, train/MAE: 0.3884, train/MSE: 0.5639]
2025-08-27 06:01:05,550 - easytorch-training - INFO - Start validation.
2025-08-27 06:01:06,266 - easytorch-training - INFO - Result <val>: [val/time: 0.72 (s), val/loss: 0.3877, val/MAE: 0.3877, val/MSE: 0.6062]
2025-08-27 06:01:07,829 - easytorch-training - INFO - Result <test>: [test/time: 1.56 (s), test/loss: 0.2857, test/MAE: 0.2857, test/MSE: 0.2587]
2025-08-27 06:01:07,834 - easytorch-training - INFO - Checkpoint checkpoints/DLinear/Weather_100_336_336/89aa88d41a05582ee56c7fbd6738900d/DLinear_069.pt saved
2025-08-27 06:01:07,835 - easytorch-training - INFO - The estimated training finish time is 2025-08-27 06:05:53
2025-08-27 06:01:07,835 - easytorch-training - INFO - Epoch 70 / 100
2025-08-27 06:01:14,848 - easytorch-training - INFO - Result <train>: [train/time: 7.01 (s), train/lr: 7.50e-05, train/loss: 0.3884, train/MAE: 0.3884, train/MSE: 0.5640]
2025-08-27 06:01:14,849 - easytorch-training - INFO - Start validation.
2025-08-27 06:01:15,556 - easytorch-training - INFO - Result <val>: [val/time: 0.71 (s), val/loss: 0.3861, val/MAE: 0.3861, val/MSE: 0.6013]
2025-08-27 06:01:17,022 - easytorch-training - INFO - Result <test>: [test/time: 1.47 (s), test/loss: 0.2876, test/MAE: 0.2876, test/MSE: 0.2587]
2025-08-27 06:01:17,029 - easytorch-training - INFO - Checkpoint checkpoints/DLinear/Weather_100_336_336/89aa88d41a05582ee56c7fbd6738900d/DLinear_070.pt saved
2025-08-27 06:01:17,031 - easytorch-training - INFO - The estimated training finish time is 2025-08-27 06:05:53
2025-08-27 06:01:17,031 - easytorch-training - INFO - Epoch 71 / 100
2025-08-27 06:01:23,492 - easytorch-training - INFO - Result <train>: [train/time: 6.46 (s), train/lr: 7.50e-05, train/loss: 0.3885, train/MAE: 0.3885, train/MSE: 0.5640]
2025-08-27 06:01:23,493 - easytorch-training - INFO - Start validation.
2025-08-27 06:01:24,240 - easytorch-training - INFO - Result <val>: [val/time: 0.75 (s), val/loss: 0.3863, val/MAE: 0.3863, val/MSE: 0.6026]
2025-08-27 06:01:25,757 - easytorch-training - INFO - Result <test>: [test/time: 1.52 (s), test/loss: 0.2866, test/MAE: 0.2866, test/MSE: 0.2585]
2025-08-27 06:01:25,763 - easytorch-training - INFO - Checkpoint checkpoints/DLinear/Weather_100_336_336/89aa88d41a05582ee56c7fbd6738900d/DLinear_071.pt saved
2025-08-27 06:01:25,763 - easytorch-training - INFO - The estimated training finish time is 2025-08-27 06:05:52
2025-08-27 06:01:25,763 - easytorch-training - INFO - Epoch 72 / 100
2025-08-27 06:01:32,906 - easytorch-training - INFO - Result <train>: [train/time: 7.14 (s), train/lr: 7.50e-05, train/loss: 0.3884, train/MAE: 0.3884, train/MSE: 0.5640]
2025-08-27 06:01:32,907 - easytorch-training - INFO - Start validation.
2025-08-27 06:01:33,615 - easytorch-training - INFO - Result <val>: [val/time: 0.71 (s), val/loss: 0.3866, val/MAE: 0.3866, val/MSE: 0.6043]
2025-08-27 06:01:35,372 - easytorch-training - INFO - Result <test>: [test/time: 1.76 (s), test/loss: 0.2858, test/MAE: 0.2858, test/MSE: 0.2584]
2025-08-27 06:01:35,378 - easytorch-training - INFO - Checkpoint checkpoints/DLinear/Weather_100_336_336/89aa88d41a05582ee56c7fbd6738900d/DLinear_072.pt saved
2025-08-27 06:01:35,378 - easytorch-training - INFO - The estimated training finish time is 2025-08-27 06:05:53
2025-08-27 06:01:35,378 - easytorch-training - INFO - Epoch 73 / 100
2025-08-27 06:01:42,502 - easytorch-training - INFO - Result <train>: [train/time: 7.12 (s), train/lr: 7.50e-05, train/loss: 0.3884, train/MAE: 0.3884, train/MSE: 0.5640]
2025-08-27 06:01:42,503 - easytorch-training - INFO - Start validation.
2025-08-27 06:01:43,318 - easytorch-training - INFO - Result <val>: [val/time: 0.82 (s), val/loss: 0.3879, val/MAE: 0.3879, val/MSE: 0.6067]
2025-08-27 06:01:45,034 - easytorch-training - INFO - Result <test>: [test/time: 1.71 (s), test/loss: 0.2852, test/MAE: 0.2852, test/MSE: 0.2586]
2025-08-27 06:01:45,041 - easytorch-training - INFO - Checkpoint checkpoints/DLinear/Weather_100_336_336/89aa88d41a05582ee56c7fbd6738900d/DLinear_073.pt saved
2025-08-27 06:01:45,041 - easytorch-training - INFO - The estimated training finish time is 2025-08-27 06:05:54
2025-08-27 06:01:45,041 - easytorch-training - INFO - Epoch 74 / 100
2025-08-27 06:01:51,966 - easytorch-training - INFO - Result <train>: [train/time: 6.92 (s), train/lr: 7.50e-05, train/loss: 0.3884, train/MAE: 0.3884, train/MSE: 0.5640]
2025-08-27 06:01:51,967 - easytorch-training - INFO - Start validation.
2025-08-27 06:01:52,715 - easytorch-training - INFO - Result <val>: [val/time: 0.75 (s), val/loss: 0.3851, val/MAE: 0.3851, val/MSE: 0.5987]
2025-08-27 06:01:54,278 - easytorch-training - INFO - Result <test>: [test/time: 1.56 (s), test/loss: 0.2890, test/MAE: 0.2890, test/MSE: 0.2587]
2025-08-27 06:01:54,284 - easytorch-training - INFO - Checkpoint checkpoints/DLinear/Weather_100_336_336/89aa88d41a05582ee56c7fbd6738900d/DLinear_074.pt saved
2025-08-27 06:01:54,284 - easytorch-training - INFO - The estimated training finish time is 2025-08-27 06:05:54
2025-08-27 06:01:54,284 - easytorch-training - INFO - Epoch 75 / 100
2025-08-27 06:02:01,413 - easytorch-training - INFO - Result <train>: [train/time: 7.13 (s), train/lr: 7.50e-05, train/loss: 0.3884, train/MAE: 0.3884, train/MSE: 0.5639]
2025-08-27 06:02:01,413 - easytorch-training - INFO - Start validation.
2025-08-27 06:02:02,193 - easytorch-training - INFO - Result <val>: [val/time: 0.78 (s), val/loss: 0.3872, val/MAE: 0.3872, val/MSE: 0.6056]
2025-08-27 06:02:03,927 - easytorch-training - INFO - Result <test>: [test/time: 1.73 (s), test/loss: 0.2856, test/MAE: 0.2856, test/MSE: 0.2585]
2025-08-27 06:02:03,935 - easytorch-training - INFO - Checkpoint checkpoints/DLinear/Weather_100_336_336/89aa88d41a05582ee56c7fbd6738900d/DLinear_075.pt saved
2025-08-27 06:02:03,936 - easytorch-training - INFO - The estimated training finish time is 2025-08-27 06:05:54
2025-08-27 06:02:03,936 - easytorch-training - INFO - Epoch 76 / 100
2025-08-27 06:02:10,528 - easytorch-training - INFO - Result <train>: [train/time: 6.59 (s), train/lr: 7.50e-05, train/loss: 0.3884, train/MAE: 0.3884, train/MSE: 0.5640]
2025-08-27 06:02:10,528 - easytorch-training - INFO - Start validation.
2025-08-27 06:02:11,226 - easytorch-training - INFO - Result <val>: [val/time: 0.70 (s), val/loss: 0.3846, val/MAE: 0.3846, val/MSE: 0.5960]
2025-08-27 06:02:12,662 - easytorch-training - INFO - Result <test>: [test/time: 1.43 (s), test/loss: 0.2910, test/MAE: 0.2910, test/MSE: 0.2593]
2025-08-27 06:02:12,669 - easytorch-training - INFO - Checkpoint checkpoints/DLinear/Weather_100_336_336/89aa88d41a05582ee56c7fbd6738900d/DLinear_076.pt saved
2025-08-27 06:02:12,669 - easytorch-training - INFO - The estimated training finish time is 2025-08-27 06:05:54
2025-08-27 06:02:12,669 - easytorch-training - INFO - Epoch 77 / 100
2025-08-27 06:02:19,298 - easytorch-training - INFO - Result <train>: [train/time: 6.63 (s), train/lr: 7.50e-05, train/loss: 0.3885, train/MAE: 0.3885, train/MSE: 0.5640]
2025-08-27 06:02:19,299 - easytorch-training - INFO - Start validation.
2025-08-27 06:02:20,130 - easytorch-training - INFO - Result <val>: [val/time: 0.83 (s), val/loss: 0.3864, val/MAE: 0.3864, val/MSE: 0.6037]
2025-08-27 06:02:21,898 - easytorch-training - INFO - Result <test>: [test/time: 1.77 (s), test/loss: 0.2861, test/MAE: 0.2861, test/MSE: 0.2584]
2025-08-27 06:02:21,904 - easytorch-training - INFO - Checkpoint checkpoints/DLinear/Weather_100_336_336/89aa88d41a05582ee56c7fbd6738900d/DLinear_077.pt saved
2025-08-27 06:02:21,904 - easytorch-training - INFO - The estimated training finish time is 2025-08-27 06:05:54
2025-08-27 06:02:21,904 - easytorch-training - INFO - Epoch 78 / 100
2025-08-27 06:02:28,789 - easytorch-training - INFO - Result <train>: [train/time: 6.88 (s), train/lr: 7.50e-05, train/loss: 0.3884, train/MAE: 0.3884, train/MSE: 0.5641]
2025-08-27 06:02:28,789 - easytorch-training - INFO - Start validation.
2025-08-27 06:02:29,514 - easytorch-training - INFO - Result <val>: [val/time: 0.72 (s), val/loss: 0.3862, val/MAE: 0.3862, val/MSE: 0.6011]
2025-08-27 06:02:31,067 - easytorch-training - INFO - Result <test>: [test/time: 1.55 (s), test/loss: 0.2873, test/MAE: 0.2873, test/MSE: 0.2584]
2025-08-27 06:02:31,074 - easytorch-training - INFO - Checkpoint checkpoints/DLinear/Weather_100_336_336/89aa88d41a05582ee56c7fbd6738900d/DLinear_078.pt saved
2025-08-27 06:02:31,074 - easytorch-training - INFO - The estimated training finish time is 2025-08-27 06:05:54
2025-08-27 06:02:31,074 - easytorch-training - INFO - Epoch 79 / 100
2025-08-27 06:02:38,225 - easytorch-training - INFO - Result <train>: [train/time: 7.15 (s), train/lr: 7.50e-05, train/loss: 0.3884, train/MAE: 0.3884, train/MSE: 0.5640]
2025-08-27 06:02:38,226 - easytorch-training - INFO - Start validation.
2025-08-27 06:02:39,047 - easytorch-training - INFO - Result <val>: [val/time: 0.82 (s), val/loss: 0.3867, val/MAE: 0.3867, val/MSE: 0.6034]
2025-08-27 06:02:40,432 - easytorch-training - INFO - Result <test>: [test/time: 1.39 (s), test/loss: 0.2866, test/MAE: 0.2866, test/MSE: 0.2585]
2025-08-27 06:02:40,441 - easytorch-training - INFO - Checkpoint checkpoints/DLinear/Weather_100_336_336/89aa88d41a05582ee56c7fbd6738900d/DLinear_079.pt saved
2025-08-27 06:02:40,441 - easytorch-training - INFO - The estimated training finish time is 2025-08-27 06:05:54
2025-08-27 06:02:40,441 - easytorch-training - INFO - Epoch 80 / 100
2025-08-27 06:02:47,420 - easytorch-training - INFO - Result <train>: [train/time: 6.98 (s), train/lr: 7.50e-05, train/loss: 0.3884, train/MAE: 0.3884, train/MSE: 0.5641]
2025-08-27 06:02:47,421 - easytorch-training - INFO - Start validation.
2025-08-27 06:02:48,228 - easytorch-training - INFO - Result <val>: [val/time: 0.81 (s), val/loss: 0.3871, val/MAE: 0.3871, val/MSE: 0.6050]
2025-08-27 06:02:49,965 - easytorch-training - INFO - Result <test>: [test/time: 1.74 (s), test/loss: 0.2856, test/MAE: 0.2856, test/MSE: 0.2585]
2025-08-27 06:02:49,970 - easytorch-training - INFO - Checkpoint checkpoints/DLinear/Weather_100_336_336/89aa88d41a05582ee56c7fbd6738900d/DLinear_080.pt saved
2025-08-27 06:02:49,973 - easytorch-training - INFO - The estimated training finish time is 2025-08-27 06:05:54
2025-08-27 06:02:49,973 - easytorch-training - INFO - Epoch 81 / 100
2025-08-27 06:02:56,870 - easytorch-training - INFO - Result <train>: [train/time: 6.90 (s), train/lr: 7.50e-05, train/loss: 0.3884, train/MAE: 0.3884, train/MSE: 0.5639]
2025-08-27 06:02:56,871 - easytorch-training - INFO - Start validation.
2025-08-27 06:02:57,554 - easytorch-training - INFO - Result <val>: [val/time: 0.68 (s), val/loss: 0.3864, val/MAE: 0.3864, val/MSE: 0.6009]
2025-08-27 06:02:58,901 - easytorch-training - INFO - Result <test>: [test/time: 1.35 (s), test/loss: 0.2876, test/MAE: 0.2876, test/MSE: 0.2586]
2025-08-27 06:02:58,909 - easytorch-training - INFO - Checkpoint checkpoints/DLinear/Weather_100_336_336/89aa88d41a05582ee56c7fbd6738900d/DLinear_081.pt saved
2025-08-27 06:02:58,909 - easytorch-training - INFO - The estimated training finish time is 2025-08-27 06:05:54
2025-08-27 06:02:58,909 - easytorch-training - INFO - Epoch 82 / 100
2025-08-27 06:03:05,700 - easytorch-training - INFO - Result <train>: [train/time: 6.79 (s), train/lr: 7.50e-05, train/loss: 0.3885, train/MAE: 0.3885, train/MSE: 0.5640]
2025-08-27 06:03:05,701 - easytorch-training - INFO - Start validation.
2025-08-27 06:03:06,415 - easytorch-training - INFO - Result <val>: [val/time: 0.71 (s), val/loss: 0.3865, val/MAE: 0.3865, val/MSE: 0.6032]
2025-08-27 06:03:07,963 - easytorch-training - INFO - Result <test>: [test/time: 1.55 (s), test/loss: 0.2863, test/MAE: 0.2863, test/MSE: 0.2584]
2025-08-27 06:03:07,969 - easytorch-training - INFO - Checkpoint checkpoints/DLinear/Weather_100_336_336/89aa88d41a05582ee56c7fbd6738900d/DLinear_082.pt saved
2025-08-27 06:03:07,970 - easytorch-training - INFO - The estimated training finish time is 2025-08-27 06:05:54
2025-08-27 06:03:07,970 - easytorch-training - INFO - Epoch 83 / 100
2025-08-27 06:03:14,438 - easytorch-training - INFO - Result <train>: [train/time: 6.47 (s), train/lr: 7.50e-05, train/loss: 0.3884, train/MAE: 0.3884, train/MSE: 0.5640]
2025-08-27 06:03:14,439 - easytorch-training - INFO - Start validation.
2025-08-27 06:03:15,161 - easytorch-training - INFO - Result <val>: [val/time: 0.72 (s), val/loss: 0.3864, val/MAE: 0.3864, val/MSE: 0.6020]
2025-08-27 06:03:16,674 - easytorch-training - INFO - Result <test>: [test/time: 1.51 (s), test/loss: 0.2873, test/MAE: 0.2873, test/MSE: 0.2586]
2025-08-27 06:03:16,680 - easytorch-training - INFO - Checkpoint checkpoints/DLinear/Weather_100_336_336/89aa88d41a05582ee56c7fbd6738900d/DLinear_083.pt saved
2025-08-27 06:03:16,680 - easytorch-training - INFO - The estimated training finish time is 2025-08-27 06:05:53
2025-08-27 06:03:16,680 - easytorch-training - INFO - Epoch 84 / 100
2025-08-27 06:03:23,445 - easytorch-training - INFO - Result <train>: [train/time: 6.77 (s), train/lr: 7.50e-05, train/loss: 0.3884, train/MAE: 0.3884, train/MSE: 0.5639]
2025-08-27 06:03:23,446 - easytorch-training - INFO - Start validation.
2025-08-27 06:03:24,220 - easytorch-training - INFO - Result <val>: [val/time: 0.77 (s), val/loss: 0.3853, val/MAE: 0.3853, val/MSE: 0.6001]
2025-08-27 06:03:25,911 - easytorch-training - INFO - Result <test>: [test/time: 1.69 (s), test/loss: 0.2878, test/MAE: 0.2878, test/MSE: 0.2585]
2025-08-27 06:03:25,918 - easytorch-training - INFO - Checkpoint checkpoints/DLinear/Weather_100_336_336/89aa88d41a05582ee56c7fbd6738900d/DLinear_084.pt saved
2025-08-27 06:03:25,918 - easytorch-training - INFO - The estimated training finish time is 2025-08-27 06:05:53
2025-08-27 06:03:25,918 - easytorch-training - INFO - Epoch 85 / 100
2025-08-27 06:03:32,440 - easytorch-training - INFO - Result <train>: [train/time: 6.52 (s), train/lr: 7.50e-05, train/loss: 0.3884, train/MAE: 0.3884, train/MSE: 0.5640]
2025-08-27 06:03:32,444 - easytorch-training - INFO - Start validation.
2025-08-27 06:03:33,136 - easytorch-training - INFO - Result <val>: [val/time: 0.69 (s), val/loss: 0.3856, val/MAE: 0.3856, val/MSE: 0.6009]
2025-08-27 06:03:34,550 - easytorch-training - INFO - Result <test>: [test/time: 1.41 (s), test/loss: 0.2869, test/MAE: 0.2869, test/MSE: 0.2582]
2025-08-27 06:03:34,557 - easytorch-training - INFO - Checkpoint checkpoints/DLinear/Weather_100_336_336/89aa88d41a05582ee56c7fbd6738900d/DLinear_085.pt saved
2025-08-27 06:03:34,557 - easytorch-training - INFO - The estimated training finish time is 2025-08-27 06:05:52
2025-08-27 06:03:34,557 - easytorch-training - INFO - Epoch 86 / 100
2025-08-27 06:03:41,486 - easytorch-training - INFO - Result <train>: [train/time: 6.93 (s), train/lr: 7.50e-05, train/loss: 0.3884, train/MAE: 0.3884, train/MSE: 0.5640]
2025-08-27 06:03:41,487 - easytorch-training - INFO - Start validation.
2025-08-27 06:03:42,230 - easytorch-training - INFO - Result <val>: [val/time: 0.74 (s), val/loss: 0.3866, val/MAE: 0.3866, val/MSE: 0.6017]
2025-08-27 06:03:43,814 - easytorch-training - INFO - Result <test>: [test/time: 1.58 (s), test/loss: 0.2865, test/MAE: 0.2865, test/MSE: 0.2582]
2025-08-27 06:03:43,819 - easytorch-training - INFO - Checkpoint checkpoints/DLinear/Weather_100_336_336/89aa88d41a05582ee56c7fbd6738900d/DLinear_086.pt saved
2025-08-27 06:03:43,819 - easytorch-training - INFO - The estimated training finish time is 2025-08-27 06:05:52
2025-08-27 06:03:43,819 - easytorch-training - INFO - Epoch 87 / 100
2025-08-27 06:03:50,800 - easytorch-training - INFO - Result <train>: [train/time: 6.98 (s), train/lr: 7.50e-05, train/loss: 0.3884, train/MAE: 0.3884, train/MSE: 0.5639]
2025-08-27 06:03:50,801 - easytorch-training - INFO - Start validation.
2025-08-27 06:03:51,610 - easytorch-training - INFO - Result <val>: [val/time: 0.81 (s), val/loss: 0.3849, val/MAE: 0.3849, val/MSE: 0.5984]
2025-08-27 06:03:53,355 - easytorch-training - INFO - Result <test>: [test/time: 1.74 (s), test/loss: 0.2887, test/MAE: 0.2887, test/MSE: 0.2583]
2025-08-27 06:03:53,362 - easytorch-training - INFO - Checkpoint checkpoints/DLinear/Weather_100_336_336/89aa88d41a05582ee56c7fbd6738900d/DLinear_087.pt saved
2025-08-27 06:03:53,362 - easytorch-training - INFO - The estimated training finish time is 2025-08-27 06:05:53
2025-08-27 06:03:53,362 - easytorch-training - INFO - Epoch 88 / 100
2025-08-27 06:04:00,353 - easytorch-training - INFO - Result <train>: [train/time: 6.99 (s), train/lr: 7.50e-05, train/loss: 0.3884, train/MAE: 0.3884, train/MSE: 0.5640]
2025-08-27 06:04:00,354 - easytorch-training - INFO - Start validation.
2025-08-27 06:04:01,065 - easytorch-training - INFO - Result <val>: [val/time: 0.71 (s), val/loss: 0.3857, val/MAE: 0.3857, val/MSE: 0.6012]
2025-08-27 06:04:02,606 - easytorch-training - INFO - Result <test>: [test/time: 1.54 (s), test/loss: 0.2871, test/MAE: 0.2871, test/MSE: 0.2584]
2025-08-27 06:04:02,612 - easytorch-training - INFO - Checkpoint checkpoints/DLinear/Weather_100_336_336/89aa88d41a05582ee56c7fbd6738900d/DLinear_088.pt saved
2025-08-27 06:04:02,612 - easytorch-training - INFO - The estimated training finish time is 2025-08-27 06:05:53
2025-08-27 06:04:02,612 - easytorch-training - INFO - Epoch 89 / 100
2025-08-27 06:04:09,908 - easytorch-training - INFO - Result <train>: [train/time: 7.30 (s), train/lr: 7.50e-05, train/loss: 0.3884, train/MAE: 0.3884, train/MSE: 0.5640]
2025-08-27 06:04:09,909 - easytorch-training - INFO - Start validation.
2025-08-27 06:04:10,789 - easytorch-training - INFO - Result <val>: [val/time: 0.88 (s), val/loss: 0.3854, val/MAE: 0.3854, val/MSE: 0.6008]
2025-08-27 06:04:12,470 - easytorch-training - INFO - Result <test>: [test/time: 1.68 (s), test/loss: 0.2878, test/MAE: 0.2878, test/MSE: 0.2583]
2025-08-27 06:04:12,476 - easytorch-training - INFO - Checkpoint checkpoints/DLinear/Weather_100_336_336/89aa88d41a05582ee56c7fbd6738900d/DLinear_089.pt saved
2025-08-27 06:04:12,476 - easytorch-training - INFO - The estimated training finish time is 2025-08-27 06:05:53
2025-08-27 06:04:12,476 - easytorch-training - INFO - Epoch 90 / 100
2025-08-27 06:04:19,832 - easytorch-training - INFO - Result <train>: [train/time: 7.36 (s), train/lr: 7.50e-05, train/loss: 0.3884, train/MAE: 0.3884, train/MSE: 0.5640]
2025-08-27 06:04:19,833 - easytorch-training - INFO - Start validation.
2025-08-27 06:04:20,667 - easytorch-training - INFO - Result <val>: [val/time: 0.83 (s), val/loss: 0.3871, val/MAE: 0.3871, val/MSE: 0.6049]
2025-08-27 06:04:22,272 - easytorch-training - INFO - Result <test>: [test/time: 1.60 (s), test/loss: 0.2857, test/MAE: 0.2857, test/MSE: 0.2585]
2025-08-27 06:04:22,277 - easytorch-training - INFO - Checkpoint checkpoints/DLinear/Weather_100_336_336/89aa88d41a05582ee56c7fbd6738900d/DLinear_090.pt saved
2025-08-27 06:04:22,280 - easytorch-training - INFO - The estimated training finish time is 2025-08-27 06:05:54
2025-08-27 06:04:22,280 - easytorch-training - INFO - Epoch 91 / 100
2025-08-27 06:04:29,885 - easytorch-training - INFO - Result <train>: [train/time: 7.61 (s), train/lr: 7.50e-05, train/loss: 0.3884, train/MAE: 0.3884, train/MSE: 0.5640]
2025-08-27 06:04:29,886 - easytorch-training - INFO - Start validation.
2025-08-27 06:04:30,715 - easytorch-training - INFO - Result <val>: [val/time: 0.83 (s), val/loss: 0.3849, val/MAE: 0.3849, val/MSE: 0.5995]
2025-08-27 06:04:32,274 - easytorch-training - INFO - Result <test>: [test/time: 1.56 (s), test/loss: 0.2887, test/MAE: 0.2887, test/MSE: 0.2588]
2025-08-27 06:04:32,282 - easytorch-training - INFO - Checkpoint checkpoints/DLinear/Weather_100_336_336/89aa88d41a05582ee56c7fbd6738900d/DLinear_091.pt saved
2025-08-27 06:04:32,282 - easytorch-training - INFO - The estimated training finish time is 2025-08-27 06:05:55
2025-08-27 06:04:32,282 - easytorch-training - INFO - Epoch 92 / 100
2025-08-27 06:04:39,830 - easytorch-training - INFO - Result <train>: [train/time: 7.55 (s), train/lr: 7.50e-05, train/loss: 0.3884, train/MAE: 0.3884, train/MSE: 0.5641]
2025-08-27 06:04:39,831 - easytorch-training - INFO - Start validation.
2025-08-27 06:04:40,631 - easytorch-training - INFO - Result <val>: [val/time: 0.80 (s), val/loss: 0.3851, val/MAE: 0.3851, val/MSE: 0.5997]
2025-08-27 06:04:42,427 - easytorch-training - INFO - Result <test>: [test/time: 1.79 (s), test/loss: 0.2878, test/MAE: 0.2878, test/MSE: 0.2584]
2025-08-27 06:04:42,434 - easytorch-training - INFO - Checkpoint checkpoints/DLinear/Weather_100_336_336/89aa88d41a05582ee56c7fbd6738900d/DLinear_092.pt saved
2025-08-27 06:04:42,434 - easytorch-training - INFO - The estimated training finish time is 2025-08-27 06:05:56
2025-08-27 06:04:42,435 - easytorch-training - INFO - Epoch 93 / 100
2025-08-27 06:04:49,576 - easytorch-training - INFO - Result <train>: [train/time: 7.14 (s), train/lr: 7.50e-05, train/loss: 0.3884, train/MAE: 0.3884, train/MSE: 0.5640]
2025-08-27 06:04:49,577 - easytorch-training - INFO - Start validation.
2025-08-27 06:04:50,353 - easytorch-training - INFO - Result <val>: [val/time: 0.78 (s), val/loss: 0.3857, val/MAE: 0.3857, val/MSE: 0.6018]
2025-08-27 06:04:52,075 - easytorch-training - INFO - Result <test>: [test/time: 1.72 (s), test/loss: 0.2870, test/MAE: 0.2870, test/MSE: 0.2586]
2025-08-27 06:04:52,082 - easytorch-training - INFO - Checkpoint checkpoints/DLinear/Weather_100_336_336/89aa88d41a05582ee56c7fbd6738900d/DLinear_093.pt saved
2025-08-27 06:04:52,082 - easytorch-training - INFO - The estimated training finish time is 2025-08-27 06:05:56
2025-08-27 06:04:52,082 - easytorch-training - INFO - Epoch 94 / 100
2025-08-27 06:04:59,760 - easytorch-training - INFO - Result <train>: [train/time: 7.68 (s), train/lr: 7.50e-05, train/loss: 0.3884, train/MAE: 0.3884, train/MSE: 0.5640]
2025-08-27 06:04:59,761 - easytorch-training - INFO - Start validation.
2025-08-27 06:05:00,462 - easytorch-training - INFO - Result <val>: [val/time: 0.70 (s), val/loss: 0.3854, val/MAE: 0.3854, val/MSE: 0.5982]
2025-08-27 06:05:02,026 - easytorch-training - INFO - Result <test>: [test/time: 1.56 (s), test/loss: 0.2892, test/MAE: 0.2892, test/MSE: 0.2587]
2025-08-27 06:05:02,032 - easytorch-training - INFO - Checkpoint checkpoints/DLinear/Weather_100_336_336/89aa88d41a05582ee56c7fbd6738900d/DLinear_094.pt saved
2025-08-27 06:05:02,032 - easytorch-training - INFO - The estimated training finish time is 2025-08-27 06:05:57
2025-08-27 06:05:02,032 - easytorch-training - INFO - Epoch 95 / 100
2025-08-27 06:05:09,773 - easytorch-training - INFO - Result <train>: [train/time: 7.74 (s), train/lr: 7.50e-05, train/loss: 0.3884, train/MAE: 0.3884, train/MSE: 0.5640]
2025-08-27 06:05:09,773 - easytorch-training - INFO - Start validation.
2025-08-27 06:05:10,586 - easytorch-training - INFO - Result <val>: [val/time: 0.81 (s), val/loss: 0.3863, val/MAE: 0.3863, val/MSE: 0.6013]
2025-08-27 06:05:12,384 - easytorch-training - INFO - Result <test>: [test/time: 1.80 (s), test/loss: 0.2878, test/MAE: 0.2878, test/MSE: 0.2583]
2025-08-27 06:05:12,391 - easytorch-training - INFO - Checkpoint checkpoints/DLinear/Weather_100_336_336/89aa88d41a05582ee56c7fbd6738900d/DLinear_095.pt saved
2025-08-27 06:05:12,391 - easytorch-training - INFO - The estimated training finish time is 2025-08-27 06:05:58
2025-08-27 06:05:12,391 - easytorch-training - INFO - Epoch 96 / 100
2025-08-27 06:05:20,071 - easytorch-training - INFO - Result <train>: [train/time: 7.68 (s), train/lr: 7.50e-05, train/loss: 0.3884, train/MAE: 0.3884, train/MSE: 0.5640]
2025-08-27 06:05:20,072 - easytorch-training - INFO - Start validation.
2025-08-27 06:05:20,869 - easytorch-training - INFO - Result <val>: [val/time: 0.80 (s), val/loss: 0.3871, val/MAE: 0.3871, val/MSE: 0.6053]
2025-08-27 06:05:22,492 - easytorch-training - INFO - Result <test>: [test/time: 1.62 (s), test/loss: 0.2857, test/MAE: 0.2857, test/MSE: 0.2586]
2025-08-27 06:05:22,499 - easytorch-training - INFO - Checkpoint checkpoints/DLinear/Weather_100_336_336/89aa88d41a05582ee56c7fbd6738900d/DLinear_096.pt saved
2025-08-27 06:05:22,500 - easytorch-training - INFO - The estimated training finish time is 2025-08-27 06:05:59
2025-08-27 06:05:22,500 - easytorch-training - INFO - Epoch 97 / 100
2025-08-27 06:05:29,982 - easytorch-training - INFO - Result <train>: [train/time: 7.48 (s), train/lr: 7.50e-05, train/loss: 0.3884, train/MAE: 0.3884, train/MSE: 0.5640]
2025-08-27 06:05:29,983 - easytorch-training - INFO - Start validation.
2025-08-27 06:05:30,821 - easytorch-training - INFO - Result <val>: [val/time: 0.84 (s), val/loss: 0.3860, val/MAE: 0.3860, val/MSE: 0.6005]
2025-08-27 06:05:32,668 - easytorch-training - INFO - Result <test>: [test/time: 1.85 (s), test/loss: 0.2887, test/MAE: 0.2887, test/MSE: 0.2587]
2025-08-27 06:05:32,674 - easytorch-training - INFO - Checkpoint checkpoints/DLinear/Weather_100_336_336/89aa88d41a05582ee56c7fbd6738900d/DLinear_097.pt saved
2025-08-27 06:05:32,674 - easytorch-training - INFO - The estimated training finish time is 2025-08-27 06:06:00
2025-08-27 06:05:32,674 - easytorch-training - INFO - Epoch 98 / 100
2025-08-27 06:05:40,399 - easytorch-training - INFO - Result <train>: [train/time: 7.72 (s), train/lr: 7.50e-05, train/loss: 0.3884, train/MAE: 0.3884, train/MSE: 0.5640]
2025-08-27 06:05:40,400 - easytorch-training - INFO - Start validation.
2025-08-27 06:05:41,285 - easytorch-training - INFO - Result <val>: [val/time: 0.88 (s), val/loss: 0.3874, val/MAE: 0.3874, val/MSE: 0.6051]
2025-08-27 06:05:43,229 - easytorch-training - INFO - Result <test>: [test/time: 1.94 (s), test/loss: 0.2854, test/MAE: 0.2854, test/MSE: 0.2585]
2025-08-27 06:05:43,237 - easytorch-training - INFO - Checkpoint checkpoints/DLinear/Weather_100_336_336/89aa88d41a05582ee56c7fbd6738900d/DLinear_098.pt saved
2025-08-27 06:05:43,237 - easytorch-training - INFO - The estimated training finish time is 2025-08-27 06:06:01
2025-08-27 06:05:43,237 - easytorch-training - INFO - Epoch 99 / 100
2025-08-27 06:05:50,452 - easytorch-training - INFO - Result <train>: [train/time: 7.21 (s), train/lr: 7.50e-05, train/loss: 0.3884, train/MAE: 0.3884, train/MSE: 0.5640]
2025-08-27 06:05:50,453 - easytorch-training - INFO - Start validation.
2025-08-27 06:05:51,217 - easytorch-training - INFO - Result <val>: [val/time: 0.76 (s), val/loss: 0.3854, val/MAE: 0.3854, val/MSE: 0.5993]
2025-08-27 06:05:52,797 - easytorch-training - INFO - Result <test>: [test/time: 1.58 (s), test/loss: 0.2881, test/MAE: 0.2881, test/MSE: 0.2584]
2025-08-27 06:05:52,804 - easytorch-training - INFO - Checkpoint checkpoints/DLinear/Weather_100_336_336/89aa88d41a05582ee56c7fbd6738900d/DLinear_099.pt saved
2025-08-27 06:05:52,804 - easytorch-training - INFO - The estimated training finish time is 2025-08-27 06:06:02
2025-08-27 06:05:52,804 - easytorch-training - INFO - Epoch 100 / 100
2025-08-27 06:05:59,859 - easytorch-training - INFO - Result <train>: [train/time: 7.06 (s), train/lr: 7.50e-05, train/loss: 0.3884, train/MAE: 0.3884, train/MSE: 0.5639]
2025-08-27 06:05:59,860 - easytorch-training - INFO - Start validation.
2025-08-27 06:06:00,569 - easytorch-training - INFO - Result <val>: [val/time: 0.71 (s), val/loss: 0.3855, val/MAE: 0.3855, val/MSE: 0.6007]
2025-08-27 06:06:02,044 - easytorch-training - INFO - Result <test>: [test/time: 1.47 (s), test/loss: 0.2879, test/MAE: 0.2879, test/MSE: 0.2587]
2025-08-27 06:06:02,051 - easytorch-training - INFO - Checkpoint checkpoints/DLinear/Weather_100_336_336/89aa88d41a05582ee56c7fbd6738900d/DLinear_100.pt saved
2025-08-27 06:06:02,053 - easytorch-training - INFO - The training finished at 2025-08-27 06:06:02
2025-08-27 06:06:02,054 - easytorch-training - INFO - Evaluating the best model on the test set.
2025-08-27 06:06:02,054 - easytorch-training - INFO - Loading Checkpoint from 'checkpoints/DLinear/Weather_100_336_336/89aa88d41a05582ee56c7fbd6738900d/DLinear_best_val_MAE.pt'
2025-08-27 06:06:03,576 - easytorch-training - INFO - Result <test>: [test/time: 1.52 (s), test/loss: 0.2905, test/MAE: 0.2905, test/MSE: 0.2588]
2025-08-27 06:06:03,577 - easytorch-training - INFO - Test metrics saved to checkpoints/DLinear/Weather_100_336_336/89aa88d41a05582ee56c7fbd6738900d/test_metrics.json.
