2025-08-28 17:40:26,311 - easytorch-training - INFO - Initializing training.
2025-08-28 17:40:26,311 - easytorch-training - INFO - Set clip grad, param: {'max_norm': 5.0}
2025-08-28 17:40:26,311 - easytorch-training - INFO - Building training data loader.
2025-08-28 17:40:26,313 - easytorch-training - INFO - Train dataset length: 33889
2025-08-28 17:40:27,015 - easytorch-training - INFO - Set optim: Adam (
Parameter Group 0
    amsgrad: False
    betas: (0.9, 0.999)
    capturable: False
    decoupled_weight_decay: False
    differentiable: False
    eps: 1e-08
    foreach: None
    fused: None
    lr: 0.0002
    maximize: False
    weight_decay: 0.0005
)
2025-08-28 17:40:27,015 - easytorch-training - INFO - Set lr_scheduler: <torch.optim.lr_scheduler.MultiStepLR object at 0x71eca3ebca90>
2025-08-28 17:40:27,016 - easytorch-training - INFO - Initializing validation.
2025-08-28 17:40:27,016 - easytorch-training - INFO - Building val data loader.
2025-08-28 17:40:27,018 - easytorch-training - INFO - Validation dataset length: 10849
2025-08-28 17:40:27,019 - easytorch-training - INFO - Test dataset length: 10849
2025-08-28 17:40:27,019 - easytorch-training - INFO - Number of parameters: 813335
2025-08-28 17:40:27,019 - easytorch-training - INFO - Epoch 1 / 100
2025-08-28 17:40:59,718 - easytorch-training - INFO - Result <train>: [train/time: 32.70 (s), train/lr: 2.00e-04, train/loss: 0.3462, train/MAE: 0.3462, train/MSE: 0.3846]
2025-08-28 17:40:59,718 - easytorch-training - INFO - Start validation.
2025-08-28 17:41:03,525 - easytorch-training - INFO - Result <val>: [val/time: 3.81 (s), val/loss: 0.3203, val/MAE: 0.3203, val/MSE: 0.2234]
2025-08-28 17:41:03,538 - easytorch-training - INFO - Checkpoint checkpoints/TimesNet/ETTm2_100_336_336/bf6973628fa006fb7551588224340815/TimesNet_best_val_MAE.pt saved
2025-08-28 17:41:07,303 - easytorch-training - INFO - Result <test>: [test/time: 3.77 (s), test/loss: 0.3393, test/MAE: 0.3393, test/MSE: 0.2957]
2025-08-28 17:41:07,316 - easytorch-training - INFO - Checkpoint checkpoints/TimesNet/ETTm2_100_336_336/bf6973628fa006fb7551588224340815/TimesNet_001.pt saved
2025-08-28 17:41:07,316 - easytorch-training - INFO - The estimated training finish time is 2025-08-28 18:47:36
2025-08-28 17:41:07,316 - easytorch-training - INFO - Epoch 2 / 100
2025-08-28 17:41:39,074 - easytorch-training - INFO - Result <train>: [train/time: 31.76 (s), train/lr: 1.00e-04, train/loss: 0.3141, train/MAE: 0.3141, train/MSE: 0.3164]
2025-08-28 17:41:39,075 - easytorch-training - INFO - Start validation.
2025-08-28 17:41:42,612 - easytorch-training - INFO - Result <val>: [val/time: 3.54 (s), val/loss: 0.3206, val/MAE: 0.3206, val/MSE: 0.2246]
2025-08-28 17:41:46,268 - easytorch-training - INFO - Result <test>: [test/time: 3.65 (s), test/loss: 0.3409, test/MAE: 0.3409, test/MSE: 0.2982]
2025-08-28 17:41:46,280 - easytorch-training - INFO - Checkpoint checkpoints/TimesNet/ETTm2_100_336_336/bf6973628fa006fb7551588224340815/TimesNet_002.pt saved
2025-08-28 17:41:46,280 - easytorch-training - INFO - The estimated training finish time is 2025-08-28 18:46:30
2025-08-28 17:41:46,280 - easytorch-training - INFO - Epoch 3 / 100
2025-08-28 17:42:18,358 - easytorch-training - INFO - Result <train>: [train/time: 32.08 (s), train/lr: 1.00e-04, train/loss: 0.3022, train/MAE: 0.3022, train/MSE: 0.2945]
2025-08-28 17:42:18,359 - easytorch-training - INFO - Start validation.
2025-08-28 17:42:21,804 - easytorch-training - INFO - Result <val>: [val/time: 3.44 (s), val/loss: 0.3272, val/MAE: 0.3272, val/MSE: 0.2353]
2025-08-28 17:42:25,366 - easytorch-training - INFO - Result <test>: [test/time: 3.56 (s), test/loss: 0.3477, test/MAE: 0.3477, test/MSE: 0.3114]
2025-08-28 17:42:25,378 - easytorch-training - INFO - Checkpoint checkpoints/TimesNet/ETTm2_100_336_336/bf6973628fa006fb7551588224340815/TimesNet_003.pt saved
2025-08-28 17:42:25,378 - easytorch-training - INFO - The estimated training finish time is 2025-08-28 18:46:12
2025-08-28 17:42:25,378 - easytorch-training - INFO - Epoch 4 / 100
2025-08-28 17:42:56,949 - easytorch-training - INFO - Result <train>: [train/time: 31.57 (s), train/lr: 1.00e-04, train/loss: 0.2923, train/MAE: 0.2923, train/MSE: 0.2768]
2025-08-28 17:42:56,949 - easytorch-training - INFO - Start validation.
2025-08-28 17:43:00,360 - easytorch-training - INFO - Result <val>: [val/time: 3.41 (s), val/loss: 0.3278, val/MAE: 0.3278, val/MSE: 0.2355]
2025-08-28 17:43:03,884 - easytorch-training - INFO - Result <test>: [test/time: 3.52 (s), test/loss: 0.3546, test/MAE: 0.3546, test/MSE: 0.3218]
2025-08-28 17:43:03,897 - easytorch-training - INFO - Checkpoint checkpoints/TimesNet/ETTm2_100_336_336/bf6973628fa006fb7551588224340815/TimesNet_004.pt saved
2025-08-28 17:43:03,897 - easytorch-training - INFO - The estimated training finish time is 2025-08-28 18:45:48
2025-08-28 17:43:03,897 - easytorch-training - INFO - Epoch 5 / 100
2025-08-28 17:43:35,158 - easytorch-training - INFO - Result <train>: [train/time: 31.26 (s), train/lr: 1.00e-04, train/loss: 0.2851, train/MAE: 0.2851, train/MSE: 0.2629]
2025-08-28 17:43:35,159 - easytorch-training - INFO - Start validation.
2025-08-28 17:43:38,509 - easytorch-training - INFO - Result <val>: [val/time: 3.35 (s), val/loss: 0.3275, val/MAE: 0.3275, val/MSE: 0.2327]
2025-08-28 17:43:41,980 - easytorch-training - INFO - Result <test>: [test/time: 3.47 (s), test/loss: 0.3544, test/MAE: 0.3544, test/MSE: 0.3213]
2025-08-28 17:43:41,993 - easytorch-training - INFO - Checkpoint checkpoints/TimesNet/ETTm2_100_336_336/bf6973628fa006fb7551588224340815/TimesNet_005.pt saved
2025-08-28 17:43:41,993 - easytorch-training - INFO - The estimated training finish time is 2025-08-28 18:45:26
2025-08-28 17:43:41,993 - easytorch-training - INFO - Epoch 6 / 100
2025-08-28 17:44:13,345 - easytorch-training - INFO - Result <train>: [train/time: 31.35 (s), train/lr: 1.00e-04, train/loss: 0.2792, train/MAE: 0.2792, train/MSE: 0.2512]
2025-08-28 17:44:13,346 - easytorch-training - INFO - Start validation.
2025-08-28 17:44:16,632 - easytorch-training - INFO - Result <val>: [val/time: 3.29 (s), val/loss: 0.3324, val/MAE: 0.3324, val/MSE: 0.2389]
2025-08-28 17:44:20,026 - easytorch-training - INFO - Result <test>: [test/time: 3.39 (s), test/loss: 0.3606, test/MAE: 0.3606, test/MSE: 0.3342]
2025-08-28 17:44:20,039 - easytorch-training - INFO - Checkpoint checkpoints/TimesNet/ETTm2_100_336_336/bf6973628fa006fb7551588224340815/TimesNet_006.pt saved
2025-08-28 17:44:20,039 - easytorch-training - INFO - The estimated training finish time is 2025-08-28 18:45:10
2025-08-28 17:44:20,039 - easytorch-training - INFO - Epoch 7 / 100
2025-08-28 17:44:51,367 - easytorch-training - INFO - Result <train>: [train/time: 31.33 (s), train/lr: 1.00e-04, train/loss: 0.2731, train/MAE: 0.2731, train/MSE: 0.2388]
2025-08-28 17:44:51,367 - easytorch-training - INFO - Start validation.
2025-08-28 17:44:54,623 - easytorch-training - INFO - Result <val>: [val/time: 3.26 (s), val/loss: 0.3362, val/MAE: 0.3362, val/MSE: 0.2441]
2025-08-28 17:44:57,951 - easytorch-training - INFO - Result <test>: [test/time: 3.33 (s), test/loss: 0.3643, test/MAE: 0.3643, test/MSE: 0.3387]
2025-08-28 17:44:57,964 - easytorch-training - INFO - Checkpoint checkpoints/TimesNet/ETTm2_100_336_336/bf6973628fa006fb7551588224340815/TimesNet_007.pt saved
2025-08-28 17:44:57,964 - easytorch-training - INFO - The estimated training finish time is 2025-08-28 18:44:57
2025-08-28 17:44:57,964 - easytorch-training - INFO - Epoch 8 / 100
2025-08-28 17:45:29,294 - easytorch-training - INFO - Result <train>: [train/time: 31.33 (s), train/lr: 1.00e-04, train/loss: 0.2680, train/MAE: 0.2680, train/MSE: 0.2283]
2025-08-28 17:45:29,295 - easytorch-training - INFO - Start validation.
2025-08-28 17:45:32,535 - easytorch-training - INFO - Result <val>: [val/time: 3.24 (s), val/loss: 0.3385, val/MAE: 0.3385, val/MSE: 0.2473]
2025-08-28 17:45:35,838 - easytorch-training - INFO - Result <test>: [test/time: 3.30 (s), test/loss: 0.3704, test/MAE: 0.3704, test/MSE: 0.3530]
2025-08-28 17:45:35,851 - easytorch-training - INFO - Checkpoint checkpoints/TimesNet/ETTm2_100_336_336/bf6973628fa006fb7551588224340815/TimesNet_008.pt saved
2025-08-28 17:45:35,851 - easytorch-training - INFO - The estimated training finish time is 2025-08-28 18:44:47
2025-08-28 17:45:35,851 - easytorch-training - INFO - Epoch 9 / 100
2025-08-28 17:46:07,100 - easytorch-training - INFO - Result <train>: [train/time: 31.25 (s), train/lr: 1.00e-04, train/loss: 0.2623, train/MAE: 0.2623, train/MSE: 0.2172]
2025-08-28 17:46:07,101 - easytorch-training - INFO - Start validation.
2025-08-28 17:46:10,328 - easytorch-training - INFO - Result <val>: [val/time: 3.23 (s), val/loss: 0.3386, val/MAE: 0.3386, val/MSE: 0.2462]
2025-08-28 17:46:13,592 - easytorch-training - INFO - Result <test>: [test/time: 3.26 (s), test/loss: 0.3745, test/MAE: 0.3745, test/MSE: 0.3556]
2025-08-28 17:46:13,605 - easytorch-training - INFO - Checkpoint checkpoints/TimesNet/ETTm2_100_336_336/bf6973628fa006fb7551588224340815/TimesNet_009.pt saved
2025-08-28 17:46:13,605 - easytorch-training - INFO - The estimated training finish time is 2025-08-28 18:44:37
2025-08-28 17:46:13,605 - easytorch-training - INFO - Epoch 10 / 100
2025-08-28 17:46:44,915 - easytorch-training - INFO - Result <train>: [train/time: 31.31 (s), train/lr: 1.00e-04, train/loss: 0.2588, train/MAE: 0.2588, train/MSE: 0.2096]
2025-08-28 17:46:44,916 - easytorch-training - INFO - Start validation.
2025-08-28 17:46:48,130 - easytorch-training - INFO - Result <val>: [val/time: 3.21 (s), val/loss: 0.3465, val/MAE: 0.3465, val/MSE: 0.2589]
2025-08-28 17:46:51,382 - easytorch-training - INFO - Result <test>: [test/time: 3.25 (s), test/loss: 0.3782, test/MAE: 0.3782, test/MSE: 0.3653]
2025-08-28 17:46:51,394 - easytorch-training - INFO - Checkpoint checkpoints/TimesNet/ETTm2_100_336_336/bf6973628fa006fb7551588224340815/TimesNet_010.pt saved
2025-08-28 17:46:51,398 - easytorch-training - INFO - The estimated training finish time is 2025-08-28 18:44:30
2025-08-28 17:46:51,398 - easytorch-training - INFO - Epoch 11 / 100
2025-08-28 17:47:22,495 - easytorch-training - INFO - Result <train>: [train/time: 31.10 (s), train/lr: 1.00e-04, train/loss: 0.2529, train/MAE: 0.2529, train/MSE: 0.2000]
2025-08-28 17:47:22,496 - easytorch-training - INFO - Start validation.
2025-08-28 17:47:25,733 - easytorch-training - INFO - Result <val>: [val/time: 3.24 (s), val/loss: 0.3461, val/MAE: 0.3461, val/MSE: 0.2554]
2025-08-28 17:47:28,975 - easytorch-training - INFO - Result <test>: [test/time: 3.24 (s), test/loss: 0.3806, test/MAE: 0.3806, test/MSE: 0.3652]
2025-08-28 17:47:28,987 - easytorch-training - INFO - Checkpoint checkpoints/TimesNet/ETTm2_100_336_336/bf6973628fa006fb7551588224340815/TimesNet_011.pt saved
2025-08-28 17:47:28,987 - easytorch-training - INFO - The estimated training finish time is 2025-08-28 18:44:23
2025-08-28 17:47:28,987 - easytorch-training - INFO - Epoch 12 / 100
2025-08-28 17:48:00,251 - easytorch-training - INFO - Result <train>: [train/time: 31.26 (s), train/lr: 1.00e-04, train/loss: 0.2503, train/MAE: 0.2503, train/MSE: 0.1952]
2025-08-28 17:48:00,252 - easytorch-training - INFO - Start validation.
2025-08-28 17:48:03,453 - easytorch-training - INFO - Result <val>: [val/time: 3.20 (s), val/loss: 0.3455, val/MAE: 0.3455, val/MSE: 0.2564]
2025-08-28 17:48:06,700 - easytorch-training - INFO - Result <test>: [test/time: 3.25 (s), test/loss: 0.3847, test/MAE: 0.3847, test/MSE: 0.3715]
2025-08-28 17:48:06,714 - easytorch-training - INFO - Checkpoint checkpoints/TimesNet/ETTm2_100_336_336/bf6973628fa006fb7551588224340815/TimesNet_012.pt saved
2025-08-28 17:48:06,714 - easytorch-training - INFO - The estimated training finish time is 2025-08-28 18:44:17
2025-08-28 17:48:06,714 - easytorch-training - INFO - Epoch 13 / 100
2025-08-28 17:48:37,957 - easytorch-training - INFO - Result <train>: [train/time: 31.24 (s), train/lr: 1.00e-04, train/loss: 0.2450, train/MAE: 0.2450, train/MSE: 0.1869]
2025-08-28 17:48:37,958 - easytorch-training - INFO - Start validation.
2025-08-28 17:48:41,153 - easytorch-training - INFO - Result <val>: [val/time: 3.20 (s), val/loss: 0.3507, val/MAE: 0.3507, val/MSE: 0.2643]
2025-08-28 17:48:44,371 - easytorch-training - INFO - Result <test>: [test/time: 3.22 (s), test/loss: 0.3880, test/MAE: 0.3880, test/MSE: 0.3774]
2025-08-28 17:48:44,383 - easytorch-training - INFO - Checkpoint checkpoints/TimesNet/ETTm2_100_336_336/bf6973628fa006fb7551588224340815/TimesNet_013.pt saved
2025-08-28 17:48:44,383 - easytorch-training - INFO - The estimated training finish time is 2025-08-28 18:44:12
2025-08-28 17:48:44,383 - easytorch-training - INFO - Epoch 14 / 100
2025-08-28 17:49:15,554 - easytorch-training - INFO - Result <train>: [train/time: 31.17 (s), train/lr: 1.00e-04, train/loss: 0.2422, train/MAE: 0.2422, train/MSE: 0.1825]
2025-08-28 17:49:15,555 - easytorch-training - INFO - Start validation.
2025-08-28 17:49:18,769 - easytorch-training - INFO - Result <val>: [val/time: 3.21 (s), val/loss: 0.3477, val/MAE: 0.3477, val/MSE: 0.2607]
2025-08-28 17:49:21,997 - easytorch-training - INFO - Result <test>: [test/time: 3.23 (s), test/loss: 0.3894, test/MAE: 0.3894, test/MSE: 0.3788]
2025-08-28 17:49:22,009 - easytorch-training - INFO - Checkpoint checkpoints/TimesNet/ETTm2_100_336_336/bf6973628fa006fb7551588224340815/TimesNet_014.pt saved
2025-08-28 17:49:22,009 - easytorch-training - INFO - The estimated training finish time is 2025-08-28 18:44:08
2025-08-28 17:49:22,009 - easytorch-training - INFO - Epoch 15 / 100
2025-08-28 17:49:53,232 - easytorch-training - INFO - Result <train>: [train/time: 31.22 (s), train/lr: 1.00e-04, train/loss: 0.2388, train/MAE: 0.2388, train/MSE: 0.1775]
2025-08-28 17:49:53,233 - easytorch-training - INFO - Start validation.
2025-08-28 17:49:56,454 - easytorch-training - INFO - Result <val>: [val/time: 3.22 (s), val/loss: 0.3511, val/MAE: 0.3511, val/MSE: 0.2654]
2025-08-28 17:49:59,679 - easytorch-training - INFO - Result <test>: [test/time: 3.22 (s), test/loss: 0.3893, test/MAE: 0.3893, test/MSE: 0.3790]
2025-08-28 17:49:59,691 - easytorch-training - INFO - Checkpoint checkpoints/TimesNet/ETTm2_100_336_336/bf6973628fa006fb7551588224340815/TimesNet_015.pt saved
2025-08-28 17:49:59,691 - easytorch-training - INFO - The estimated training finish time is 2025-08-28 18:44:04
2025-08-28 17:49:59,691 - easytorch-training - INFO - Epoch 16 / 100
2025-08-28 17:50:30,939 - easytorch-training - INFO - Result <train>: [train/time: 31.25 (s), train/lr: 1.00e-04, train/loss: 0.2355, train/MAE: 0.2355, train/MSE: 0.1729]
2025-08-28 17:50:30,939 - easytorch-training - INFO - Start validation.
2025-08-28 17:50:34,145 - easytorch-training - INFO - Result <val>: [val/time: 3.21 (s), val/loss: 0.3538, val/MAE: 0.3538, val/MSE: 0.2668]
2025-08-28 17:50:37,355 - easytorch-training - INFO - Result <test>: [test/time: 3.21 (s), test/loss: 0.3942, test/MAE: 0.3942, test/MSE: 0.3868]
2025-08-28 17:50:37,368 - easytorch-training - INFO - Checkpoint checkpoints/TimesNet/ETTm2_100_336_336/bf6973628fa006fb7551588224340815/TimesNet_016.pt saved
2025-08-28 17:50:37,368 - easytorch-training - INFO - The estimated training finish time is 2025-08-28 18:44:01
2025-08-28 17:50:37,368 - easytorch-training - INFO - Epoch 17 / 100
2025-08-28 17:51:08,628 - easytorch-training - INFO - Result <train>: [train/time: 31.26 (s), train/lr: 1.00e-04, train/loss: 0.2329, train/MAE: 0.2329, train/MSE: 0.1689]
2025-08-28 17:51:08,629 - easytorch-training - INFO - Start validation.
2025-08-28 17:51:11,833 - easytorch-training - INFO - Result <val>: [val/time: 3.20 (s), val/loss: 0.3528, val/MAE: 0.3528, val/MSE: 0.2660]
2025-08-28 17:51:15,037 - easytorch-training - INFO - Result <test>: [test/time: 3.20 (s), test/loss: 0.3953, test/MAE: 0.3953, test/MSE: 0.3889]
2025-08-28 17:51:15,050 - easytorch-training - INFO - Checkpoint checkpoints/TimesNet/ETTm2_100_336_336/bf6973628fa006fb7551588224340815/TimesNet_017.pt saved
2025-08-28 17:51:15,050 - easytorch-training - INFO - The estimated training finish time is 2025-08-28 18:43:58
2025-08-28 17:51:15,050 - easytorch-training - INFO - Epoch 18 / 100
2025-08-28 17:51:46,160 - easytorch-training - INFO - Result <train>: [train/time: 31.11 (s), train/lr: 1.00e-04, train/loss: 0.2306, train/MAE: 0.2306, train/MSE: 0.1656]
2025-08-28 17:51:46,161 - easytorch-training - INFO - Start validation.
2025-08-28 17:51:49,377 - easytorch-training - INFO - Result <val>: [val/time: 3.22 (s), val/loss: 0.3595, val/MAE: 0.3595, val/MSE: 0.2756]
2025-08-28 17:51:52,589 - easytorch-training - INFO - Result <test>: [test/time: 3.21 (s), test/loss: 0.4001, test/MAE: 0.4001, test/MSE: 0.3969]
2025-08-28 17:51:52,602 - easytorch-training - INFO - Checkpoint checkpoints/TimesNet/ETTm2_100_336_336/bf6973628fa006fb7551588224340815/TimesNet_018.pt saved
2025-08-28 17:51:52,602 - easytorch-training - INFO - The estimated training finish time is 2025-08-28 18:43:55
2025-08-28 17:51:52,602 - easytorch-training - INFO - Epoch 19 / 100
2025-08-28 17:52:23,811 - easytorch-training - INFO - Result <train>: [train/time: 31.21 (s), train/lr: 1.00e-04, train/loss: 0.2276, train/MAE: 0.2276, train/MSE: 0.1615]
2025-08-28 17:52:23,812 - easytorch-training - INFO - Start validation.
2025-08-28 17:52:27,034 - easytorch-training - INFO - Result <val>: [val/time: 3.22 (s), val/loss: 0.3578, val/MAE: 0.3578, val/MSE: 0.2733]
2025-08-28 17:52:30,242 - easytorch-training - INFO - Result <test>: [test/time: 3.21 (s), test/loss: 0.3996, test/MAE: 0.3996, test/MSE: 0.3966]
2025-08-28 17:52:30,254 - easytorch-training - INFO - Checkpoint checkpoints/TimesNet/ETTm2_100_336_336/bf6973628fa006fb7551588224340815/TimesNet_019.pt saved
2025-08-28 17:52:30,254 - easytorch-training - INFO - The estimated training finish time is 2025-08-28 18:43:53
2025-08-28 17:52:30,254 - easytorch-training - INFO - Epoch 20 / 100
2025-08-28 17:53:01,395 - easytorch-training - INFO - Result <train>: [train/time: 31.14 (s), train/lr: 1.00e-04, train/loss: 0.2258, train/MAE: 0.2258, train/MSE: 0.1587]
2025-08-28 17:53:01,396 - easytorch-training - INFO - Start validation.
2025-08-28 17:53:04,605 - easytorch-training - INFO - Result <val>: [val/time: 3.21 (s), val/loss: 0.3630, val/MAE: 0.3630, val/MSE: 0.2806]
2025-08-28 17:53:07,816 - easytorch-training - INFO - Result <test>: [test/time: 3.21 (s), test/loss: 0.4024, test/MAE: 0.4024, test/MSE: 0.4007]
2025-08-28 17:53:07,829 - easytorch-training - INFO - Checkpoint checkpoints/TimesNet/ETTm2_100_336_336/bf6973628fa006fb7551588224340815/TimesNet_020.pt saved
2025-08-28 17:53:07,832 - easytorch-training - INFO - The estimated training finish time is 2025-08-28 18:43:51
2025-08-28 17:53:07,832 - easytorch-training - INFO - Epoch 21 / 100
2025-08-28 17:53:38,882 - easytorch-training - INFO - Result <train>: [train/time: 31.05 (s), train/lr: 1.00e-04, train/loss: 0.2231, train/MAE: 0.2231, train/MSE: 0.1549]
2025-08-28 17:53:38,883 - easytorch-training - INFO - Start validation.
2025-08-28 17:53:42,081 - easytorch-training - INFO - Result <val>: [val/time: 3.20 (s), val/loss: 0.3643, val/MAE: 0.3643, val/MSE: 0.2849]
2025-08-28 17:53:45,279 - easytorch-training - INFO - Result <test>: [test/time: 3.20 (s), test/loss: 0.4088, test/MAE: 0.4088, test/MSE: 0.4140]
2025-08-28 17:53:45,291 - easytorch-training - INFO - Checkpoint checkpoints/TimesNet/ETTm2_100_336_336/bf6973628fa006fb7551588224340815/TimesNet_021.pt saved
2025-08-28 17:53:45,292 - easytorch-training - INFO - The estimated training finish time is 2025-08-28 18:43:48
2025-08-28 17:53:45,292 - easytorch-training - INFO - Epoch 22 / 100
2025-08-28 17:54:16,404 - easytorch-training - INFO - Result <train>: [train/time: 31.11 (s), train/lr: 1.00e-04, train/loss: 0.2212, train/MAE: 0.2212, train/MSE: 0.1522]
2025-08-28 17:54:16,404 - easytorch-training - INFO - Start validation.
2025-08-28 17:54:19,616 - easytorch-training - INFO - Result <val>: [val/time: 3.21 (s), val/loss: 0.3662, val/MAE: 0.3662, val/MSE: 0.2860]
2025-08-28 17:54:22,817 - easytorch-training - INFO - Result <test>: [test/time: 3.20 (s), test/loss: 0.4084, test/MAE: 0.4084, test/MSE: 0.4121]
2025-08-28 17:54:22,829 - easytorch-training - INFO - Checkpoint checkpoints/TimesNet/ETTm2_100_336_336/bf6973628fa006fb7551588224340815/TimesNet_022.pt saved
2025-08-28 17:54:22,829 - easytorch-training - INFO - The estimated training finish time is 2025-08-28 18:43:46
2025-08-28 17:54:22,829 - easytorch-training - INFO - Epoch 23 / 100
2025-08-28 17:54:54,135 - easytorch-training - INFO - Result <train>: [train/time: 31.31 (s), train/lr: 1.00e-04, train/loss: 0.2185, train/MAE: 0.2185, train/MSE: 0.1487]
2025-08-28 17:54:54,136 - easytorch-training - INFO - Start validation.
2025-08-28 17:54:57,348 - easytorch-training - INFO - Result <val>: [val/time: 3.21 (s), val/loss: 0.3629, val/MAE: 0.3629, val/MSE: 0.2800]
2025-08-28 17:55:00,553 - easytorch-training - INFO - Result <test>: [test/time: 3.20 (s), test/loss: 0.4079, test/MAE: 0.4079, test/MSE: 0.4136]
2025-08-28 17:55:00,565 - easytorch-training - INFO - Checkpoint checkpoints/TimesNet/ETTm2_100_336_336/bf6973628fa006fb7551588224340815/TimesNet_023.pt saved
2025-08-28 17:55:00,565 - easytorch-training - INFO - The estimated training finish time is 2025-08-28 18:43:45
2025-08-28 17:55:00,565 - easytorch-training - INFO - Epoch 24 / 100
2025-08-28 17:55:31,866 - easytorch-training - INFO - Result <train>: [train/time: 31.30 (s), train/lr: 1.00e-04, train/loss: 0.2168, train/MAE: 0.2168, train/MSE: 0.1462]
2025-08-28 17:55:31,866 - easytorch-training - INFO - Start validation.
2025-08-28 17:55:35,082 - easytorch-training - INFO - Result <val>: [val/time: 3.22 (s), val/loss: 0.3632, val/MAE: 0.3632, val/MSE: 0.2782]
2025-08-28 17:55:38,279 - easytorch-training - INFO - Result <test>: [test/time: 3.20 (s), test/loss: 0.4112, test/MAE: 0.4112, test/MSE: 0.4180]
2025-08-28 17:55:38,292 - easytorch-training - INFO - Checkpoint checkpoints/TimesNet/ETTm2_100_336_336/bf6973628fa006fb7551588224340815/TimesNet_024.pt saved
2025-08-28 17:55:38,292 - easytorch-training - INFO - The estimated training finish time is 2025-08-28 18:43:43
2025-08-28 17:55:38,292 - easytorch-training - INFO - Epoch 25 / 100
2025-08-28 17:56:09,586 - easytorch-training - INFO - Result <train>: [train/time: 31.29 (s), train/lr: 1.00e-04, train/loss: 0.2151, train/MAE: 0.2151, train/MSE: 0.1439]
2025-08-28 17:56:09,587 - easytorch-training - INFO - Start validation.
2025-08-28 17:56:12,810 - easytorch-training - INFO - Result <val>: [val/time: 3.22 (s), val/loss: 0.3645, val/MAE: 0.3645, val/MSE: 0.2809]
2025-08-28 17:56:16,010 - easytorch-training - INFO - Result <test>: [test/time: 3.20 (s), test/loss: 0.4114, test/MAE: 0.4114, test/MSE: 0.4185]
2025-08-28 17:56:16,023 - easytorch-training - INFO - Checkpoint checkpoints/TimesNet/ETTm2_100_336_336/bf6973628fa006fb7551588224340815/TimesNet_025.pt saved
2025-08-28 17:56:16,023 - easytorch-training - INFO - The estimated training finish time is 2025-08-28 18:43:43
2025-08-28 17:56:16,023 - easytorch-training - INFO - Epoch 26 / 100
2025-08-28 17:56:47,322 - easytorch-training - INFO - Result <train>: [train/time: 31.30 (s), train/lr: 5.00e-05, train/loss: 0.2104, train/MAE: 0.2104, train/MSE: 0.1391]
2025-08-28 17:56:47,322 - easytorch-training - INFO - Start validation.
2025-08-28 17:56:50,528 - easytorch-training - INFO - Result <val>: [val/time: 3.21 (s), val/loss: 0.3663, val/MAE: 0.3663, val/MSE: 0.2831]
2025-08-28 17:56:53,731 - easytorch-training - INFO - Result <test>: [test/time: 3.20 (s), test/loss: 0.4108, test/MAE: 0.4108, test/MSE: 0.4159]
2025-08-28 17:56:53,743 - easytorch-training - INFO - Checkpoint checkpoints/TimesNet/ETTm2_100_336_336/bf6973628fa006fb7551588224340815/TimesNet_026.pt saved
2025-08-28 17:56:53,743 - easytorch-training - INFO - The estimated training finish time is 2025-08-28 18:43:42
2025-08-28 17:56:53,743 - easytorch-training - INFO - Epoch 27 / 100
2025-08-28 17:57:25,007 - easytorch-training - INFO - Result <train>: [train/time: 31.26 (s), train/lr: 5.00e-05, train/loss: 0.2098, train/MAE: 0.2098, train/MSE: 0.1382]
2025-08-28 17:57:25,008 - easytorch-training - INFO - Start validation.
2025-08-28 17:57:28,220 - easytorch-training - INFO - Result <val>: [val/time: 3.21 (s), val/loss: 0.3679, val/MAE: 0.3679, val/MSE: 0.2860]
2025-08-28 17:57:31,423 - easytorch-training - INFO - Result <test>: [test/time: 3.20 (s), test/loss: 0.4099, test/MAE: 0.4099, test/MSE: 0.4151]
2025-08-28 17:57:31,436 - easytorch-training - INFO - Checkpoint checkpoints/TimesNet/ETTm2_100_336_336/bf6973628fa006fb7551588224340815/TimesNet_027.pt saved
2025-08-28 17:57:31,436 - easytorch-training - INFO - The estimated training finish time is 2025-08-28 18:43:41
2025-08-28 17:57:31,436 - easytorch-training - INFO - Epoch 28 / 100
2025-08-28 17:58:02,725 - easytorch-training - INFO - Result <train>: [train/time: 31.29 (s), train/lr: 5.00e-05, train/loss: 0.2088, train/MAE: 0.2088, train/MSE: 0.1370]
2025-08-28 17:58:02,726 - easytorch-training - INFO - Start validation.
2025-08-28 17:58:05,935 - easytorch-training - INFO - Result <val>: [val/time: 3.21 (s), val/loss: 0.3675, val/MAE: 0.3675, val/MSE: 0.2867]
2025-08-28 17:58:09,140 - easytorch-training - INFO - Result <test>: [test/time: 3.20 (s), test/loss: 0.4124, test/MAE: 0.4124, test/MSE: 0.4210]
2025-08-28 17:58:09,153 - easytorch-training - INFO - Checkpoint checkpoints/TimesNet/ETTm2_100_336_336/bf6973628fa006fb7551588224340815/TimesNet_028.pt saved
2025-08-28 17:58:09,153 - easytorch-training - INFO - The estimated training finish time is 2025-08-28 18:43:40
2025-08-28 17:58:09,153 - easytorch-training - INFO - Epoch 29 / 100
2025-08-28 17:58:40,444 - easytorch-training - INFO - Result <train>: [train/time: 31.29 (s), train/lr: 5.00e-05, train/loss: 0.2077, train/MAE: 0.2077, train/MSE: 0.1357]
2025-08-28 17:58:40,445 - easytorch-training - INFO - Start validation.
2025-08-28 17:58:43,653 - easytorch-training - INFO - Result <val>: [val/time: 3.21 (s), val/loss: 0.3686, val/MAE: 0.3686, val/MSE: 0.2883]
2025-08-28 17:58:46,856 - easytorch-training - INFO - Result <test>: [test/time: 3.20 (s), test/loss: 0.4151, test/MAE: 0.4151, test/MSE: 0.4227]
2025-08-28 17:58:46,868 - easytorch-training - INFO - Checkpoint checkpoints/TimesNet/ETTm2_100_336_336/bf6973628fa006fb7551588224340815/TimesNet_029.pt saved
2025-08-28 17:58:46,868 - easytorch-training - INFO - The estimated training finish time is 2025-08-28 18:43:39
2025-08-28 17:58:46,868 - easytorch-training - INFO - Epoch 30 / 100
2025-08-28 17:59:18,165 - easytorch-training - INFO - Result <train>: [train/time: 31.30 (s), train/lr: 5.00e-05, train/loss: 0.2072, train/MAE: 0.2072, train/MSE: 0.1349]
2025-08-28 17:59:18,166 - easytorch-training - INFO - Start validation.
2025-08-28 17:59:21,381 - easytorch-training - INFO - Result <val>: [val/time: 3.21 (s), val/loss: 0.3709, val/MAE: 0.3709, val/MSE: 0.2901]
2025-08-28 17:59:24,590 - easytorch-training - INFO - Result <test>: [test/time: 3.21 (s), test/loss: 0.4116, test/MAE: 0.4116, test/MSE: 0.4171]
2025-08-28 17:59:24,602 - easytorch-training - INFO - Checkpoint checkpoints/TimesNet/ETTm2_100_336_336/bf6973628fa006fb7551588224340815/TimesNet_030.pt saved
2025-08-28 17:59:24,606 - easytorch-training - INFO - The estimated training finish time is 2025-08-28 18:43:38
2025-08-28 17:59:24,606 - easytorch-training - INFO - Epoch 31 / 100
2025-08-28 17:59:55,841 - easytorch-training - INFO - Result <train>: [train/time: 31.23 (s), train/lr: 5.00e-05, train/loss: 0.2062, train/MAE: 0.2062, train/MSE: 0.1339]
2025-08-28 17:59:55,842 - easytorch-training - INFO - Start validation.
2025-08-28 17:59:59,056 - easytorch-training - INFO - Result <val>: [val/time: 3.21 (s), val/loss: 0.3702, val/MAE: 0.3702, val/MSE: 0.2898]
2025-08-28 18:00:02,259 - easytorch-training - INFO - Result <test>: [test/time: 3.20 (s), test/loss: 0.4151, test/MAE: 0.4151, test/MSE: 0.4236]
2025-08-28 18:00:02,271 - easytorch-training - INFO - Checkpoint checkpoints/TimesNet/ETTm2_100_336_336/bf6973628fa006fb7551588224340815/TimesNet_031.pt saved
2025-08-28 18:00:02,271 - easytorch-training - INFO - The estimated training finish time is 2025-08-28 18:43:38
2025-08-28 18:00:02,271 - easytorch-training - INFO - Epoch 32 / 100
2025-08-28 18:00:33,558 - easytorch-training - INFO - Result <train>: [train/time: 31.29 (s), train/lr: 5.00e-05, train/loss: 0.2055, train/MAE: 0.2055, train/MSE: 0.1331]
2025-08-28 18:00:33,559 - easytorch-training - INFO - Start validation.
2025-08-28 18:00:36,772 - easytorch-training - INFO - Result <val>: [val/time: 3.21 (s), val/loss: 0.3711, val/MAE: 0.3711, val/MSE: 0.2894]
2025-08-28 18:00:39,987 - easytorch-training - INFO - Result <test>: [test/time: 3.21 (s), test/loss: 0.4143, test/MAE: 0.4143, test/MSE: 0.4215]
2025-08-28 18:00:40,000 - easytorch-training - INFO - Checkpoint checkpoints/TimesNet/ETTm2_100_336_336/bf6973628fa006fb7551588224340815/TimesNet_032.pt saved
2025-08-28 18:00:40,000 - easytorch-training - INFO - The estimated training finish time is 2025-08-28 18:43:37
2025-08-28 18:00:40,000 - easytorch-training - INFO - Epoch 33 / 100
2025-08-28 18:01:11,296 - easytorch-training - INFO - Result <train>: [train/time: 31.30 (s), train/lr: 5.00e-05, train/loss: 0.2043, train/MAE: 0.2043, train/MSE: 0.1317]
2025-08-28 18:01:11,297 - easytorch-training - INFO - Start validation.
2025-08-28 18:01:14,512 - easytorch-training - INFO - Result <val>: [val/time: 3.22 (s), val/loss: 0.3693, val/MAE: 0.3693, val/MSE: 0.2869]
2025-08-28 18:01:17,721 - easytorch-training - INFO - Result <test>: [test/time: 3.21 (s), test/loss: 0.4158, test/MAE: 0.4158, test/MSE: 0.4245]
2025-08-28 18:01:17,734 - easytorch-training - INFO - Checkpoint checkpoints/TimesNet/ETTm2_100_336_336/bf6973628fa006fb7551588224340815/TimesNet_033.pt saved
2025-08-28 18:01:17,734 - easytorch-training - INFO - The estimated training finish time is 2025-08-28 18:43:37
2025-08-28 18:01:17,734 - easytorch-training - INFO - Epoch 34 / 100
2025-08-28 18:01:48,988 - easytorch-training - INFO - Result <train>: [train/time: 31.25 (s), train/lr: 5.00e-05, train/loss: 0.2037, train/MAE: 0.2037, train/MSE: 0.1310]
2025-08-28 18:01:48,989 - easytorch-training - INFO - Start validation.
2025-08-28 18:01:52,204 - easytorch-training - INFO - Result <val>: [val/time: 3.21 (s), val/loss: 0.3707, val/MAE: 0.3707, val/MSE: 0.2901]
2025-08-28 18:01:55,412 - easytorch-training - INFO - Result <test>: [test/time: 3.21 (s), test/loss: 0.4165, test/MAE: 0.4165, test/MSE: 0.4240]
2025-08-28 18:01:55,424 - easytorch-training - INFO - Checkpoint checkpoints/TimesNet/ETTm2_100_336_336/bf6973628fa006fb7551588224340815/TimesNet_034.pt saved
2025-08-28 18:01:55,424 - easytorch-training - INFO - The estimated training finish time is 2025-08-28 18:43:36
2025-08-28 18:01:55,424 - easytorch-training - INFO - Epoch 35 / 100
2025-08-28 18:02:26,649 - easytorch-training - INFO - Result <train>: [train/time: 31.22 (s), train/lr: 5.00e-05, train/loss: 0.2027, train/MAE: 0.2027, train/MSE: 0.1299]
2025-08-28 18:02:26,650 - easytorch-training - INFO - Start validation.
2025-08-28 18:02:29,885 - easytorch-training - INFO - Result <val>: [val/time: 3.24 (s), val/loss: 0.3716, val/MAE: 0.3716, val/MSE: 0.2910]
2025-08-28 18:02:33,102 - easytorch-training - INFO - Result <test>: [test/time: 3.22 (s), test/loss: 0.4179, test/MAE: 0.4179, test/MSE: 0.4303]
2025-08-28 18:02:33,115 - easytorch-training - INFO - Checkpoint checkpoints/TimesNet/ETTm2_100_336_336/bf6973628fa006fb7551588224340815/TimesNet_035.pt saved
2025-08-28 18:02:33,115 - easytorch-training - INFO - The estimated training finish time is 2025-08-28 18:43:35
2025-08-28 18:02:33,115 - easytorch-training - INFO - Epoch 36 / 100
2025-08-28 18:03:04,320 - easytorch-training - INFO - Result <train>: [train/time: 31.20 (s), train/lr: 5.00e-05, train/loss: 0.2023, train/MAE: 0.2023, train/MSE: 0.1294]
2025-08-28 18:03:04,320 - easytorch-training - INFO - Start validation.
2025-08-28 18:03:07,533 - easytorch-training - INFO - Result <val>: [val/time: 3.21 (s), val/loss: 0.3730, val/MAE: 0.3730, val/MSE: 0.2924]
2025-08-28 18:03:10,749 - easytorch-training - INFO - Result <test>: [test/time: 3.21 (s), test/loss: 0.4144, test/MAE: 0.4144, test/MSE: 0.4234]
2025-08-28 18:03:10,761 - easytorch-training - INFO - Checkpoint checkpoints/TimesNet/ETTm2_100_336_336/bf6973628fa006fb7551588224340815/TimesNet_036.pt saved
2025-08-28 18:03:10,762 - easytorch-training - INFO - The estimated training finish time is 2025-08-28 18:43:35
2025-08-28 18:03:10,762 - easytorch-training - INFO - Epoch 37 / 100
2025-08-28 18:03:42,058 - easytorch-training - INFO - Result <train>: [train/time: 31.30 (s), train/lr: 5.00e-05, train/loss: 0.2016, train/MAE: 0.2016, train/MSE: 0.1286]
2025-08-28 18:03:42,059 - easytorch-training - INFO - Start validation.
2025-08-28 18:03:45,273 - easytorch-training - INFO - Result <val>: [val/time: 3.21 (s), val/loss: 0.3723, val/MAE: 0.3723, val/MSE: 0.2926]
2025-08-28 18:03:48,476 - easytorch-training - INFO - Result <test>: [test/time: 3.20 (s), test/loss: 0.4147, test/MAE: 0.4147, test/MSE: 0.4230]
2025-08-28 18:03:48,489 - easytorch-training - INFO - Checkpoint checkpoints/TimesNet/ETTm2_100_336_336/bf6973628fa006fb7551588224340815/TimesNet_037.pt saved
2025-08-28 18:03:48,489 - easytorch-training - INFO - The estimated training finish time is 2025-08-28 18:43:34
2025-08-28 18:03:48,489 - easytorch-training - INFO - Epoch 38 / 100
2025-08-28 18:04:19,711 - easytorch-training - INFO - Result <train>: [train/time: 31.22 (s), train/lr: 5.00e-05, train/loss: 0.2013, train/MAE: 0.2013, train/MSE: 0.1282]
2025-08-28 18:04:19,712 - easytorch-training - INFO - Start validation.
2025-08-28 18:04:22,935 - easytorch-training - INFO - Result <val>: [val/time: 3.22 (s), val/loss: 0.3741, val/MAE: 0.3741, val/MSE: 0.2945]
2025-08-28 18:04:26,152 - easytorch-training - INFO - Result <test>: [test/time: 3.22 (s), test/loss: 0.4159, test/MAE: 0.4159, test/MSE: 0.4246]
2025-08-28 18:04:26,164 - easytorch-training - INFO - Checkpoint checkpoints/TimesNet/ETTm2_100_336_336/bf6973628fa006fb7551588224340815/TimesNet_038.pt saved
2025-08-28 18:04:26,164 - easytorch-training - INFO - The estimated training finish time is 2025-08-28 18:43:34
2025-08-28 18:04:26,164 - easytorch-training - INFO - Epoch 39 / 100
2025-08-28 18:04:57,331 - easytorch-training - INFO - Result <train>: [train/time: 31.17 (s), train/lr: 5.00e-05, train/loss: 0.2002, train/MAE: 0.2002, train/MSE: 0.1272]
2025-08-28 18:04:57,332 - easytorch-training - INFO - Start validation.
2025-08-28 18:05:00,555 - easytorch-training - INFO - Result <val>: [val/time: 3.22 (s), val/loss: 0.3735, val/MAE: 0.3735, val/MSE: 0.2948]
2025-08-28 18:05:03,766 - easytorch-training - INFO - Result <test>: [test/time: 3.21 (s), test/loss: 0.4197, test/MAE: 0.4197, test/MSE: 0.4337]
2025-08-28 18:05:03,779 - easytorch-training - INFO - Checkpoint checkpoints/TimesNet/ETTm2_100_336_336/bf6973628fa006fb7551588224340815/TimesNet_039.pt saved
2025-08-28 18:05:03,779 - easytorch-training - INFO - The estimated training finish time is 2025-08-28 18:43:33
2025-08-28 18:05:03,779 - easytorch-training - INFO - Epoch 40 / 100
2025-08-28 18:05:35,085 - easytorch-training - INFO - Result <train>: [train/time: 31.31 (s), train/lr: 5.00e-05, train/loss: 0.1996, train/MAE: 0.1996, train/MSE: 0.1264]
2025-08-28 18:05:35,086 - easytorch-training - INFO - Start validation.
2025-08-28 18:05:38,296 - easytorch-training - INFO - Result <val>: [val/time: 3.21 (s), val/loss: 0.3729, val/MAE: 0.3729, val/MSE: 0.2929]
2025-08-28 18:05:41,507 - easytorch-training - INFO - Result <test>: [test/time: 3.21 (s), test/loss: 0.4174, test/MAE: 0.4174, test/MSE: 0.4288]
2025-08-28 18:05:41,519 - easytorch-training - INFO - Checkpoint checkpoints/TimesNet/ETTm2_100_336_336/bf6973628fa006fb7551588224340815/TimesNet_040.pt saved
2025-08-28 18:05:41,523 - easytorch-training - INFO - The estimated training finish time is 2025-08-28 18:43:33
2025-08-28 18:05:41,523 - easytorch-training - INFO - Epoch 41 / 100
2025-08-28 18:06:12,678 - easytorch-training - INFO - Result <train>: [train/time: 31.16 (s), train/lr: 5.00e-05, train/loss: 0.1991, train/MAE: 0.1991, train/MSE: 0.1259]
2025-08-28 18:06:12,679 - easytorch-training - INFO - Start validation.
2025-08-28 18:06:15,884 - easytorch-training - INFO - Result <val>: [val/time: 3.20 (s), val/loss: 0.3716, val/MAE: 0.3716, val/MSE: 0.2904]
2025-08-28 18:06:19,088 - easytorch-training - INFO - Result <test>: [test/time: 3.20 (s), test/loss: 0.4179, test/MAE: 0.4179, test/MSE: 0.4290]
2025-08-28 18:06:19,100 - easytorch-training - INFO - Checkpoint checkpoints/TimesNet/ETTm2_100_336_336/bf6973628fa006fb7551588224340815/TimesNet_041.pt saved
2025-08-28 18:06:19,100 - easytorch-training - INFO - The estimated training finish time is 2025-08-28 18:43:32
2025-08-28 18:06:19,100 - easytorch-training - INFO - Epoch 42 / 100
2025-08-28 18:06:50,405 - easytorch-training - INFO - Result <train>: [train/time: 31.31 (s), train/lr: 5.00e-05, train/loss: 0.1988, train/MAE: 0.1988, train/MSE: 0.1255]
2025-08-28 18:06:50,406 - easytorch-training - INFO - Start validation.
2025-08-28 18:06:53,621 - easytorch-training - INFO - Result <val>: [val/time: 3.21 (s), val/loss: 0.3745, val/MAE: 0.3745, val/MSE: 0.2952]
2025-08-28 18:06:56,832 - easytorch-training - INFO - Result <test>: [test/time: 3.21 (s), test/loss: 0.4180, test/MAE: 0.4180, test/MSE: 0.4296]
2025-08-28 18:06:56,844 - easytorch-training - INFO - Checkpoint checkpoints/TimesNet/ETTm2_100_336_336/bf6973628fa006fb7551588224340815/TimesNet_042.pt saved
2025-08-28 18:06:56,844 - easytorch-training - INFO - The estimated training finish time is 2025-08-28 18:43:32
2025-08-28 18:06:56,844 - easytorch-training - INFO - Epoch 43 / 100
2025-08-28 18:07:28,151 - easytorch-training - INFO - Result <train>: [train/time: 31.31 (s), train/lr: 5.00e-05, train/loss: 0.1982, train/MAE: 0.1982, train/MSE: 0.1250]
2025-08-28 18:07:28,152 - easytorch-training - INFO - Start validation.
2025-08-28 18:07:31,367 - easytorch-training - INFO - Result <val>: [val/time: 3.22 (s), val/loss: 0.3754, val/MAE: 0.3754, val/MSE: 0.2964]
2025-08-28 18:07:34,578 - easytorch-training - INFO - Result <test>: [test/time: 3.21 (s), test/loss: 0.4195, test/MAE: 0.4195, test/MSE: 0.4339]
2025-08-28 18:07:34,590 - easytorch-training - INFO - Checkpoint checkpoints/TimesNet/ETTm2_100_336_336/bf6973628fa006fb7551588224340815/TimesNet_043.pt saved
2025-08-28 18:07:34,590 - easytorch-training - INFO - The estimated training finish time is 2025-08-28 18:43:32
2025-08-28 18:07:34,590 - easytorch-training - INFO - Epoch 44 / 100
2025-08-28 18:08:05,820 - easytorch-training - INFO - Result <train>: [train/time: 31.23 (s), train/lr: 5.00e-05, train/loss: 0.1976, train/MAE: 0.1976, train/MSE: 0.1242]
2025-08-28 18:08:05,820 - easytorch-training - INFO - Start validation.
2025-08-28 18:08:09,033 - easytorch-training - INFO - Result <val>: [val/time: 3.21 (s), val/loss: 0.3732, val/MAE: 0.3732, val/MSE: 0.2927]
2025-08-28 18:08:12,247 - easytorch-training - INFO - Result <test>: [test/time: 3.21 (s), test/loss: 0.4194, test/MAE: 0.4194, test/MSE: 0.4325]
2025-08-28 18:08:12,260 - easytorch-training - INFO - Checkpoint checkpoints/TimesNet/ETTm2_100_336_336/bf6973628fa006fb7551588224340815/TimesNet_044.pt saved
2025-08-28 18:08:12,260 - easytorch-training - INFO - The estimated training finish time is 2025-08-28 18:43:31
2025-08-28 18:08:12,260 - easytorch-training - INFO - Epoch 45 / 100
2025-08-28 18:08:43,439 - easytorch-training - INFO - Result <train>: [train/time: 31.18 (s), train/lr: 5.00e-05, train/loss: 0.1971, train/MAE: 0.1971, train/MSE: 0.1238]
2025-08-28 18:08:43,440 - easytorch-training - INFO - Start validation.
2025-08-28 18:08:46,651 - easytorch-training - INFO - Result <val>: [val/time: 3.21 (s), val/loss: 0.3729, val/MAE: 0.3729, val/MSE: 0.2907]
2025-08-28 18:08:49,865 - easytorch-training - INFO - Result <test>: [test/time: 3.21 (s), test/loss: 0.4180, test/MAE: 0.4180, test/MSE: 0.4300]
2025-08-28 18:08:49,877 - easytorch-training - INFO - Checkpoint checkpoints/TimesNet/ETTm2_100_336_336/bf6973628fa006fb7551588224340815/TimesNet_045.pt saved
2025-08-28 18:08:49,877 - easytorch-training - INFO - The estimated training finish time is 2025-08-28 18:43:31
2025-08-28 18:08:49,877 - easytorch-training - INFO - Epoch 46 / 100
2025-08-28 18:09:21,135 - easytorch-training - INFO - Result <train>: [train/time: 31.26 (s), train/lr: 5.00e-05, train/loss: 0.1968, train/MAE: 0.1968, train/MSE: 0.1235]
2025-08-28 18:09:21,135 - easytorch-training - INFO - Start validation.
2025-08-28 18:09:24,348 - easytorch-training - INFO - Result <val>: [val/time: 3.21 (s), val/loss: 0.3733, val/MAE: 0.3733, val/MSE: 0.2934]
2025-08-28 18:09:27,559 - easytorch-training - INFO - Result <test>: [test/time: 3.21 (s), test/loss: 0.4148, test/MAE: 0.4148, test/MSE: 0.4276]
2025-08-28 18:09:27,571 - easytorch-training - INFO - Checkpoint checkpoints/TimesNet/ETTm2_100_336_336/bf6973628fa006fb7551588224340815/TimesNet_046.pt saved
2025-08-28 18:09:27,572 - easytorch-training - INFO - The estimated training finish time is 2025-08-28 18:43:30
2025-08-28 18:09:27,572 - easytorch-training - INFO - Epoch 47 / 100
2025-08-28 18:09:58,631 - easytorch-training - INFO - Result <train>: [train/time: 31.06 (s), train/lr: 5.00e-05, train/loss: 0.1961, train/MAE: 0.1961, train/MSE: 0.1227]
2025-08-28 18:09:58,631 - easytorch-training - INFO - Start validation.
2025-08-28 18:10:01,844 - easytorch-training - INFO - Result <val>: [val/time: 3.21 (s), val/loss: 0.3730, val/MAE: 0.3730, val/MSE: 0.2920]
2025-08-28 18:10:05,053 - easytorch-training - INFO - Result <test>: [test/time: 3.21 (s), test/loss: 0.4194, test/MAE: 0.4194, test/MSE: 0.4329]
2025-08-28 18:10:05,066 - easytorch-training - INFO - Checkpoint checkpoints/TimesNet/ETTm2_100_336_336/bf6973628fa006fb7551588224340815/TimesNet_047.pt saved
2025-08-28 18:10:05,066 - easytorch-training - INFO - The estimated training finish time is 2025-08-28 18:43:30
2025-08-28 18:10:05,066 - easytorch-training - INFO - Epoch 48 / 100
2025-08-28 18:10:36,206 - easytorch-training - INFO - Result <train>: [train/time: 31.14 (s), train/lr: 5.00e-05, train/loss: 0.1956, train/MAE: 0.1956, train/MSE: 0.1222]
2025-08-28 18:10:36,207 - easytorch-training - INFO - Start validation.
2025-08-28 18:10:39,429 - easytorch-training - INFO - Result <val>: [val/time: 3.22 (s), val/loss: 0.3764, val/MAE: 0.3764, val/MSE: 0.2974]
2025-08-28 18:10:42,647 - easytorch-training - INFO - Result <test>: [test/time: 3.22 (s), test/loss: 0.4200, test/MAE: 0.4200, test/MSE: 0.4349]
2025-08-28 18:10:42,660 - easytorch-training - INFO - Checkpoint checkpoints/TimesNet/ETTm2_100_336_336/bf6973628fa006fb7551588224340815/TimesNet_048.pt saved
2025-08-28 18:10:42,660 - easytorch-training - INFO - The estimated training finish time is 2025-08-28 18:43:29
2025-08-28 18:10:42,660 - easytorch-training - INFO - Epoch 49 / 100
2025-08-28 18:11:13,955 - easytorch-training - INFO - Result <train>: [train/time: 31.29 (s), train/lr: 5.00e-05, train/loss: 0.1950, train/MAE: 0.1950, train/MSE: 0.1217]
2025-08-28 18:11:13,955 - easytorch-training - INFO - Start validation.
2025-08-28 18:11:17,170 - easytorch-training - INFO - Result <val>: [val/time: 3.21 (s), val/loss: 0.3758, val/MAE: 0.3758, val/MSE: 0.2956]
2025-08-28 18:11:20,378 - easytorch-training - INFO - Result <test>: [test/time: 3.21 (s), test/loss: 0.4196, test/MAE: 0.4196, test/MSE: 0.4324]
2025-08-28 18:11:20,390 - easytorch-training - INFO - Checkpoint checkpoints/TimesNet/ETTm2_100_336_336/bf6973628fa006fb7551588224340815/TimesNet_049.pt saved
2025-08-28 18:11:20,390 - easytorch-training - INFO - The estimated training finish time is 2025-08-28 18:43:29
2025-08-28 18:11:20,390 - easytorch-training - INFO - Epoch 50 / 100
2025-08-28 18:11:51,609 - easytorch-training - INFO - Result <train>: [train/time: 31.22 (s), train/lr: 5.00e-05, train/loss: 0.1950, train/MAE: 0.1950, train/MSE: 0.1215]
2025-08-28 18:11:51,610 - easytorch-training - INFO - Start validation.
2025-08-28 18:11:54,825 - easytorch-training - INFO - Result <val>: [val/time: 3.22 (s), val/loss: 0.3766, val/MAE: 0.3766, val/MSE: 0.2971]
2025-08-28 18:11:58,037 - easytorch-training - INFO - Result <test>: [test/time: 3.21 (s), test/loss: 0.4212, test/MAE: 0.4212, test/MSE: 0.4384]
2025-08-28 18:11:58,050 - easytorch-training - INFO - Checkpoint checkpoints/TimesNet/ETTm2_100_336_336/bf6973628fa006fb7551588224340815/TimesNet_050.pt saved
2025-08-28 18:11:58,053 - easytorch-training - INFO - The estimated training finish time is 2025-08-28 18:43:29
2025-08-28 18:11:58,053 - easytorch-training - INFO - Epoch 51 / 100
2025-08-28 18:12:29,235 - easytorch-training - INFO - Result <train>: [train/time: 31.18 (s), train/lr: 2.50e-05, train/loss: 0.1926, train/MAE: 0.1926, train/MSE: 0.1195]
2025-08-28 18:12:29,236 - easytorch-training - INFO - Start validation.
2025-08-28 18:12:32,452 - easytorch-training - INFO - Result <val>: [val/time: 3.22 (s), val/loss: 0.3753, val/MAE: 0.3753, val/MSE: 0.2961]
2025-08-28 18:12:35,666 - easytorch-training - INFO - Result <test>: [test/time: 3.21 (s), test/loss: 0.4207, test/MAE: 0.4207, test/MSE: 0.4372]
2025-08-28 18:12:35,679 - easytorch-training - INFO - Checkpoint checkpoints/TimesNet/ETTm2_100_336_336/bf6973628fa006fb7551588224340815/TimesNet_051.pt saved
2025-08-28 18:12:35,679 - easytorch-training - INFO - The estimated training finish time is 2025-08-28 18:43:28
2025-08-28 18:12:35,679 - easytorch-training - INFO - Epoch 52 / 100
2025-08-28 18:13:06,826 - easytorch-training - INFO - Result <train>: [train/time: 31.15 (s), train/lr: 2.50e-05, train/loss: 0.1923, train/MAE: 0.1923, train/MSE: 0.1193]
2025-08-28 18:13:06,827 - easytorch-training - INFO - Start validation.
2025-08-28 18:13:10,031 - easytorch-training - INFO - Result <val>: [val/time: 3.20 (s), val/loss: 0.3751, val/MAE: 0.3751, val/MSE: 0.2962]
2025-08-28 18:13:13,238 - easytorch-training - INFO - Result <test>: [test/time: 3.21 (s), test/loss: 0.4217, test/MAE: 0.4217, test/MSE: 0.4378]
2025-08-28 18:13:13,250 - easytorch-training - INFO - Checkpoint checkpoints/TimesNet/ETTm2_100_336_336/bf6973628fa006fb7551588224340815/TimesNet_052.pt saved
2025-08-28 18:13:13,250 - easytorch-training - INFO - The estimated training finish time is 2025-08-28 18:43:28
2025-08-28 18:13:13,250 - easytorch-training - INFO - Epoch 53 / 100
2025-08-28 18:13:44,447 - easytorch-training - INFO - Result <train>: [train/time: 31.20 (s), train/lr: 2.50e-05, train/loss: 0.1923, train/MAE: 0.1923, train/MSE: 0.1193]
2025-08-28 18:13:44,448 - easytorch-training - INFO - Start validation.
2025-08-28 18:13:47,657 - easytorch-training - INFO - Result <val>: [val/time: 3.21 (s), val/loss: 0.3764, val/MAE: 0.3764, val/MSE: 0.2977]
2025-08-28 18:13:50,901 - easytorch-training - INFO - Result <test>: [test/time: 3.24 (s), test/loss: 0.4218, test/MAE: 0.4218, test/MSE: 0.4390]
2025-08-28 18:13:50,914 - easytorch-training - INFO - Checkpoint checkpoints/TimesNet/ETTm2_100_336_336/bf6973628fa006fb7551588224340815/TimesNet_053.pt saved
2025-08-28 18:13:50,914 - easytorch-training - INFO - The estimated training finish time is 2025-08-28 18:43:27
2025-08-28 18:13:50,914 - easytorch-training - INFO - Epoch 54 / 100
2025-08-28 18:14:22,113 - easytorch-training - INFO - Result <train>: [train/time: 31.20 (s), train/lr: 2.50e-05, train/loss: 0.1921, train/MAE: 0.1921, train/MSE: 0.1191]
2025-08-28 18:14:22,114 - easytorch-training - INFO - Start validation.
2025-08-28 18:14:25,331 - easytorch-training - INFO - Result <val>: [val/time: 3.22 (s), val/loss: 0.3765, val/MAE: 0.3765, val/MSE: 0.2978]
2025-08-28 18:14:28,548 - easytorch-training - INFO - Result <test>: [test/time: 3.22 (s), test/loss: 0.4227, test/MAE: 0.4227, test/MSE: 0.4406]
2025-08-28 18:14:28,561 - easytorch-training - INFO - Checkpoint checkpoints/TimesNet/ETTm2_100_336_336/bf6973628fa006fb7551588224340815/TimesNet_054.pt saved
2025-08-28 18:14:28,561 - easytorch-training - INFO - The estimated training finish time is 2025-08-28 18:43:27
2025-08-28 18:14:28,561 - easytorch-training - INFO - Epoch 55 / 100
2025-08-28 18:14:59,717 - easytorch-training - INFO - Result <train>: [train/time: 31.16 (s), train/lr: 2.50e-05, train/loss: 0.1918, train/MAE: 0.1918, train/MSE: 0.1188]
2025-08-28 18:14:59,718 - easytorch-training - INFO - Start validation.
2025-08-28 18:15:02,932 - easytorch-training - INFO - Result <val>: [val/time: 3.21 (s), val/loss: 0.3757, val/MAE: 0.3757, val/MSE: 0.2955]
2025-08-28 18:15:06,149 - easytorch-training - INFO - Result <test>: [test/time: 3.22 (s), test/loss: 0.4211, test/MAE: 0.4211, test/MSE: 0.4354]
2025-08-28 18:15:06,161 - easytorch-training - INFO - Checkpoint checkpoints/TimesNet/ETTm2_100_336_336/bf6973628fa006fb7551588224340815/TimesNet_055.pt saved
2025-08-28 18:15:06,162 - easytorch-training - INFO - The estimated training finish time is 2025-08-28 18:43:27
2025-08-28 18:15:06,162 - easytorch-training - INFO - Epoch 56 / 100
2025-08-28 18:15:37,481 - easytorch-training - INFO - Result <train>: [train/time: 31.32 (s), train/lr: 2.50e-05, train/loss: 0.1915, train/MAE: 0.1915, train/MSE: 0.1184]
2025-08-28 18:15:37,481 - easytorch-training - INFO - Start validation.
2025-08-28 18:15:40,764 - easytorch-training - INFO - Result <val>: [val/time: 3.28 (s), val/loss: 0.3769, val/MAE: 0.3769, val/MSE: 0.2988]
2025-08-28 18:15:44,050 - easytorch-training - INFO - Result <test>: [test/time: 3.29 (s), test/loss: 0.4224, test/MAE: 0.4224, test/MSE: 0.4412]
2025-08-28 18:15:44,065 - easytorch-training - INFO - Checkpoint checkpoints/TimesNet/ETTm2_100_336_336/bf6973628fa006fb7551588224340815/TimesNet_056.pt saved
2025-08-28 18:15:44,065 - easytorch-training - INFO - The estimated training finish time is 2025-08-28 18:43:27
2025-08-28 18:15:44,065 - easytorch-training - INFO - Epoch 57 / 100
2025-08-28 18:16:15,419 - easytorch-training - INFO - Result <train>: [train/time: 31.35 (s), train/lr: 2.50e-05, train/loss: 0.1912, train/MAE: 0.1912, train/MSE: 0.1183]
2025-08-28 18:16:15,420 - easytorch-training - INFO - Start validation.
2025-08-28 18:16:18,623 - easytorch-training - INFO - Result <val>: [val/time: 3.20 (s), val/loss: 0.3761, val/MAE: 0.3761, val/MSE: 0.2967]
2025-08-28 18:16:21,848 - easytorch-training - INFO - Result <test>: [test/time: 3.22 (s), test/loss: 0.4210, test/MAE: 0.4210, test/MSE: 0.4373]
2025-08-28 18:16:21,860 - easytorch-training - INFO - Checkpoint checkpoints/TimesNet/ETTm2_100_336_336/bf6973628fa006fb7551588224340815/TimesNet_057.pt saved
2025-08-28 18:16:21,861 - easytorch-training - INFO - The estimated training finish time is 2025-08-28 18:43:27
2025-08-28 18:16:21,861 - easytorch-training - INFO - Epoch 58 / 100
2025-08-28 18:16:53,150 - easytorch-training - INFO - Result <train>: [train/time: 31.29 (s), train/lr: 2.50e-05, train/loss: 0.1912, train/MAE: 0.1912, train/MSE: 0.1182]
2025-08-28 18:16:53,150 - easytorch-training - INFO - Start validation.
2025-08-28 18:16:56,361 - easytorch-training - INFO - Result <val>: [val/time: 3.21 (s), val/loss: 0.3768, val/MAE: 0.3768, val/MSE: 0.2982]
2025-08-28 18:16:59,570 - easytorch-training - INFO - Result <test>: [test/time: 3.21 (s), test/loss: 0.4215, test/MAE: 0.4215, test/MSE: 0.4393]
2025-08-28 18:16:59,583 - easytorch-training - INFO - Checkpoint checkpoints/TimesNet/ETTm2_100_336_336/bf6973628fa006fb7551588224340815/TimesNet_058.pt saved
2025-08-28 18:16:59,583 - easytorch-training - INFO - The estimated training finish time is 2025-08-28 18:43:27
2025-08-28 18:16:59,583 - easytorch-training - INFO - Epoch 59 / 100
2025-08-28 18:17:30,795 - easytorch-training - INFO - Result <train>: [train/time: 31.21 (s), train/lr: 2.50e-05, train/loss: 0.1911, train/MAE: 0.1911, train/MSE: 0.1181]
2025-08-28 18:17:30,795 - easytorch-training - INFO - Start validation.
2025-08-28 18:17:34,015 - easytorch-training - INFO - Result <val>: [val/time: 3.22 (s), val/loss: 0.3774, val/MAE: 0.3774, val/MSE: 0.2983]
2025-08-28 18:17:37,231 - easytorch-training - INFO - Result <test>: [test/time: 3.21 (s), test/loss: 0.4221, test/MAE: 0.4221, test/MSE: 0.4393]
2025-08-28 18:17:37,243 - easytorch-training - INFO - Checkpoint checkpoints/TimesNet/ETTm2_100_336_336/bf6973628fa006fb7551588224340815/TimesNet_059.pt saved
2025-08-28 18:17:37,243 - easytorch-training - INFO - The estimated training finish time is 2025-08-28 18:43:27
2025-08-28 18:17:37,243 - easytorch-training - INFO - Epoch 60 / 100
2025-08-28 18:18:08,501 - easytorch-training - INFO - Result <train>: [train/time: 31.26 (s), train/lr: 2.50e-05, train/loss: 0.1908, train/MAE: 0.1908, train/MSE: 0.1177]
2025-08-28 18:18:08,502 - easytorch-training - INFO - Start validation.
2025-08-28 18:18:11,711 - easytorch-training - INFO - Result <val>: [val/time: 3.21 (s), val/loss: 0.3785, val/MAE: 0.3785, val/MSE: 0.3004]
2025-08-28 18:18:14,919 - easytorch-training - INFO - Result <test>: [test/time: 3.21 (s), test/loss: 0.4226, test/MAE: 0.4226, test/MSE: 0.4403]
2025-08-28 18:18:14,932 - easytorch-training - INFO - Checkpoint checkpoints/TimesNet/ETTm2_100_336_336/bf6973628fa006fb7551588224340815/TimesNet_060.pt saved
2025-08-28 18:18:14,936 - easytorch-training - INFO - The estimated training finish time is 2025-08-28 18:43:26
2025-08-28 18:18:14,936 - easytorch-training - INFO - Epoch 61 / 100
2025-08-28 18:18:46,097 - easytorch-training - INFO - Result <train>: [train/time: 31.16 (s), train/lr: 2.50e-05, train/loss: 0.1906, train/MAE: 0.1906, train/MSE: 0.1176]
2025-08-28 18:18:46,097 - easytorch-training - INFO - Start validation.
2025-08-28 18:18:49,305 - easytorch-training - INFO - Result <val>: [val/time: 3.21 (s), val/loss: 0.3763, val/MAE: 0.3763, val/MSE: 0.2968]
2025-08-28 18:18:52,511 - easytorch-training - INFO - Result <test>: [test/time: 3.21 (s), test/loss: 0.4214, test/MAE: 0.4214, test/MSE: 0.4389]
2025-08-28 18:18:52,523 - easytorch-training - INFO - Checkpoint checkpoints/TimesNet/ETTm2_100_336_336/bf6973628fa006fb7551588224340815/TimesNet_061.pt saved
2025-08-28 18:18:52,523 - easytorch-training - INFO - The estimated training finish time is 2025-08-28 18:43:26
2025-08-28 18:18:52,524 - easytorch-training - INFO - Epoch 62 / 100
2025-08-28 18:19:23,716 - easytorch-training - INFO - Result <train>: [train/time: 31.19 (s), train/lr: 2.50e-05, train/loss: 0.1904, train/MAE: 0.1904, train/MSE: 0.1174]
2025-08-28 18:19:23,717 - easytorch-training - INFO - Start validation.
2025-08-28 18:19:26,951 - easytorch-training - INFO - Result <val>: [val/time: 3.23 (s), val/loss: 0.3769, val/MAE: 0.3769, val/MSE: 0.2982]
2025-08-28 18:19:30,158 - easytorch-training - INFO - Result <test>: [test/time: 3.21 (s), test/loss: 0.4232, test/MAE: 0.4232, test/MSE: 0.4416]
2025-08-28 18:19:30,170 - easytorch-training - INFO - Checkpoint checkpoints/TimesNet/ETTm2_100_336_336/bf6973628fa006fb7551588224340815/TimesNet_062.pt saved
2025-08-28 18:19:30,170 - easytorch-training - INFO - The estimated training finish time is 2025-08-28 18:43:26
2025-08-28 18:19:30,170 - easytorch-training - INFO - Epoch 63 / 100
2025-08-28 18:20:01,197 - easytorch-training - INFO - Result <train>: [train/time: 31.03 (s), train/lr: 2.50e-05, train/loss: 0.1901, train/MAE: 0.1901, train/MSE: 0.1171]
2025-08-28 18:20:01,197 - easytorch-training - INFO - Start validation.
2025-08-28 18:20:04,420 - easytorch-training - INFO - Result <val>: [val/time: 3.22 (s), val/loss: 0.3770, val/MAE: 0.3770, val/MSE: 0.2968]
2025-08-28 18:20:07,637 - easytorch-training - INFO - Result <test>: [test/time: 3.22 (s), test/loss: 0.4225, test/MAE: 0.4225, test/MSE: 0.4392]
2025-08-28 18:20:07,650 - easytorch-training - INFO - Checkpoint checkpoints/TimesNet/ETTm2_100_336_336/bf6973628fa006fb7551588224340815/TimesNet_063.pt saved
2025-08-28 18:20:07,650 - easytorch-training - INFO - The estimated training finish time is 2025-08-28 18:43:25
2025-08-28 18:20:07,650 - easytorch-training - INFO - Epoch 64 / 100
2025-08-28 18:20:38,751 - easytorch-training - INFO - Result <train>: [train/time: 31.10 (s), train/lr: 2.50e-05, train/loss: 0.1899, train/MAE: 0.1899, train/MSE: 0.1170]
2025-08-28 18:20:38,752 - easytorch-training - INFO - Start validation.
2025-08-28 18:20:41,969 - easytorch-training - INFO - Result <val>: [val/time: 3.22 (s), val/loss: 0.3787, val/MAE: 0.3787, val/MSE: 0.3009]
2025-08-28 18:20:45,188 - easytorch-training - INFO - Result <test>: [test/time: 3.22 (s), test/loss: 0.4240, test/MAE: 0.4240, test/MSE: 0.4432]
2025-08-28 18:20:45,200 - easytorch-training - INFO - Checkpoint checkpoints/TimesNet/ETTm2_100_336_336/bf6973628fa006fb7551588224340815/TimesNet_064.pt saved
2025-08-28 18:20:45,201 - easytorch-training - INFO - The estimated training finish time is 2025-08-28 18:43:25
2025-08-28 18:20:45,201 - easytorch-training - INFO - Epoch 65 / 100
2025-08-28 18:21:16,484 - easytorch-training - INFO - Result <train>: [train/time: 31.28 (s), train/lr: 2.50e-05, train/loss: 0.1899, train/MAE: 0.1899, train/MSE: 0.1169]
2025-08-28 18:21:16,484 - easytorch-training - INFO - Start validation.
2025-08-28 18:21:19,702 - easytorch-training - INFO - Result <val>: [val/time: 3.22 (s), val/loss: 0.3780, val/MAE: 0.3780, val/MSE: 0.2988]
2025-08-28 18:21:22,911 - easytorch-training - INFO - Result <test>: [test/time: 3.21 (s), test/loss: 0.4228, test/MAE: 0.4228, test/MSE: 0.4399]
2025-08-28 18:21:22,923 - easytorch-training - INFO - Checkpoint checkpoints/TimesNet/ETTm2_100_336_336/bf6973628fa006fb7551588224340815/TimesNet_065.pt saved
2025-08-28 18:21:22,923 - easytorch-training - INFO - The estimated training finish time is 2025-08-28 18:43:25
2025-08-28 18:21:22,923 - easytorch-training - INFO - Epoch 66 / 100
2025-08-28 18:21:54,022 - easytorch-training - INFO - Result <train>: [train/time: 31.10 (s), train/lr: 2.50e-05, train/loss: 0.1896, train/MAE: 0.1896, train/MSE: 0.1165]
2025-08-28 18:21:54,023 - easytorch-training - INFO - Start validation.
2025-08-28 18:21:57,239 - easytorch-training - INFO - Result <val>: [val/time: 3.22 (s), val/loss: 0.3787, val/MAE: 0.3787, val/MSE: 0.3010]
2025-08-28 18:22:00,454 - easytorch-training - INFO - Result <test>: [test/time: 3.21 (s), test/loss: 0.4242, test/MAE: 0.4242, test/MSE: 0.4431]
2025-08-28 18:22:00,467 - easytorch-training - INFO - Checkpoint checkpoints/TimesNet/ETTm2_100_336_336/bf6973628fa006fb7551588224340815/TimesNet_066.pt saved
2025-08-28 18:22:00,467 - easytorch-training - INFO - The estimated training finish time is 2025-08-28 18:43:24
2025-08-28 18:22:00,467 - easytorch-training - INFO - Epoch 67 / 100
2025-08-28 18:22:31,741 - easytorch-training - INFO - Result <train>: [train/time: 31.27 (s), train/lr: 2.50e-05, train/loss: 0.1894, train/MAE: 0.1894, train/MSE: 0.1164]
2025-08-28 18:22:31,742 - easytorch-training - INFO - Start validation.
2025-08-28 18:22:34,953 - easytorch-training - INFO - Result <val>: [val/time: 3.21 (s), val/loss: 0.3768, val/MAE: 0.3768, val/MSE: 0.2980]
2025-08-28 18:22:38,157 - easytorch-training - INFO - Result <test>: [test/time: 3.20 (s), test/loss: 0.4238, test/MAE: 0.4238, test/MSE: 0.4438]
2025-08-28 18:22:38,169 - easytorch-training - INFO - Checkpoint checkpoints/TimesNet/ETTm2_100_336_336/bf6973628fa006fb7551588224340815/TimesNet_067.pt saved
2025-08-28 18:22:38,169 - easytorch-training - INFO - The estimated training finish time is 2025-08-28 18:43:24
2025-08-28 18:22:38,169 - easytorch-training - INFO - Epoch 68 / 100
2025-08-28 18:23:09,477 - easytorch-training - INFO - Result <train>: [train/time: 31.31 (s), train/lr: 2.50e-05, train/loss: 0.1893, train/MAE: 0.1893, train/MSE: 0.1163]
2025-08-28 18:23:09,478 - easytorch-training - INFO - Start validation.
2025-08-28 18:23:12,683 - easytorch-training - INFO - Result <val>: [val/time: 3.21 (s), val/loss: 0.3783, val/MAE: 0.3783, val/MSE: 0.3003]
2025-08-28 18:23:15,891 - easytorch-training - INFO - Result <test>: [test/time: 3.21 (s), test/loss: 0.4243, test/MAE: 0.4243, test/MSE: 0.4440]
2025-08-28 18:23:15,903 - easytorch-training - INFO - Checkpoint checkpoints/TimesNet/ETTm2_100_336_336/bf6973628fa006fb7551588224340815/TimesNet_068.pt saved
2025-08-28 18:23:15,903 - easytorch-training - INFO - The estimated training finish time is 2025-08-28 18:43:24
2025-08-28 18:23:15,903 - easytorch-training - INFO - Epoch 69 / 100
2025-08-28 18:23:47,014 - easytorch-training - INFO - Result <train>: [train/time: 31.11 (s), train/lr: 2.50e-05, train/loss: 0.1893, train/MAE: 0.1893, train/MSE: 0.1163]
2025-08-28 18:23:47,015 - easytorch-training - INFO - Start validation.
2025-08-28 18:23:50,223 - easytorch-training - INFO - Result <val>: [val/time: 3.21 (s), val/loss: 0.3783, val/MAE: 0.3783, val/MSE: 0.2999]
2025-08-28 18:23:53,432 - easytorch-training - INFO - Result <test>: [test/time: 3.21 (s), test/loss: 0.4246, test/MAE: 0.4246, test/MSE: 0.4445]
2025-08-28 18:23:53,444 - easytorch-training - INFO - Checkpoint checkpoints/TimesNet/ETTm2_100_336_336/bf6973628fa006fb7551588224340815/TimesNet_069.pt saved
2025-08-28 18:23:53,445 - easytorch-training - INFO - The estimated training finish time is 2025-08-28 18:43:24
2025-08-28 18:23:53,445 - easytorch-training - INFO - Epoch 70 / 100
2025-08-28 18:24:24,650 - easytorch-training - INFO - Result <train>: [train/time: 31.21 (s), train/lr: 2.50e-05, train/loss: 0.1889, train/MAE: 0.1889, train/MSE: 0.1158]
2025-08-28 18:24:24,651 - easytorch-training - INFO - Start validation.
2025-08-28 18:24:27,862 - easytorch-training - INFO - Result <val>: [val/time: 3.21 (s), val/loss: 0.3792, val/MAE: 0.3792, val/MSE: 0.3014]
2025-08-28 18:24:31,082 - easytorch-training - INFO - Result <test>: [test/time: 3.22 (s), test/loss: 0.4245, test/MAE: 0.4245, test/MSE: 0.4441]
2025-08-28 18:24:31,095 - easytorch-training - INFO - Checkpoint checkpoints/TimesNet/ETTm2_100_336_336/bf6973628fa006fb7551588224340815/TimesNet_070.pt saved
2025-08-28 18:24:31,098 - easytorch-training - INFO - The estimated training finish time is 2025-08-28 18:43:24
2025-08-28 18:24:31,099 - easytorch-training - INFO - Epoch 71 / 100
2025-08-28 18:25:02,247 - easytorch-training - INFO - Result <train>: [train/time: 31.15 (s), train/lr: 2.50e-05, train/loss: 0.1888, train/MAE: 0.1888, train/MSE: 0.1157]
2025-08-28 18:25:02,248 - easytorch-training - INFO - Start validation.
2025-08-28 18:25:05,458 - easytorch-training - INFO - Result <val>: [val/time: 3.21 (s), val/loss: 0.3785, val/MAE: 0.3785, val/MSE: 0.3016]
2025-08-28 18:25:08,669 - easytorch-training - INFO - Result <test>: [test/time: 3.21 (s), test/loss: 0.4247, test/MAE: 0.4247, test/MSE: 0.4462]
2025-08-28 18:25:08,682 - easytorch-training - INFO - Checkpoint checkpoints/TimesNet/ETTm2_100_336_336/bf6973628fa006fb7551588224340815/TimesNet_071.pt saved
2025-08-28 18:25:08,682 - easytorch-training - INFO - The estimated training finish time is 2025-08-28 18:43:24
2025-08-28 18:25:08,682 - easytorch-training - INFO - Epoch 72 / 100
2025-08-28 18:25:39,973 - easytorch-training - INFO - Result <train>: [train/time: 31.29 (s), train/lr: 2.50e-05, train/loss: 0.1885, train/MAE: 0.1885, train/MSE: 0.1155]
2025-08-28 18:25:39,974 - easytorch-training - INFO - Start validation.
2025-08-28 18:25:43,180 - easytorch-training - INFO - Result <val>: [val/time: 3.21 (s), val/loss: 0.3783, val/MAE: 0.3783, val/MSE: 0.2997]
2025-08-28 18:25:46,390 - easytorch-training - INFO - Result <test>: [test/time: 3.21 (s), test/loss: 0.4234, test/MAE: 0.4234, test/MSE: 0.4428]
2025-08-28 18:25:46,403 - easytorch-training - INFO - Checkpoint checkpoints/TimesNet/ETTm2_100_336_336/bf6973628fa006fb7551588224340815/TimesNet_072.pt saved
2025-08-28 18:25:46,403 - easytorch-training - INFO - The estimated training finish time is 2025-08-28 18:43:23
2025-08-28 18:25:46,403 - easytorch-training - INFO - Epoch 73 / 100
2025-08-28 18:26:17,653 - easytorch-training - INFO - Result <train>: [train/time: 31.25 (s), train/lr: 2.50e-05, train/loss: 0.1885, train/MAE: 0.1885, train/MSE: 0.1155]
2025-08-28 18:26:17,654 - easytorch-training - INFO - Start validation.
2025-08-28 18:26:20,866 - easytorch-training - INFO - Result <val>: [val/time: 3.21 (s), val/loss: 0.3793, val/MAE: 0.3793, val/MSE: 0.3020]
2025-08-28 18:26:24,073 - easytorch-training - INFO - Result <test>: [test/time: 3.21 (s), test/loss: 0.4250, test/MAE: 0.4250, test/MSE: 0.4468]
2025-08-28 18:26:24,086 - easytorch-training - INFO - Checkpoint checkpoints/TimesNet/ETTm2_100_336_336/bf6973628fa006fb7551588224340815/TimesNet_073.pt saved
2025-08-28 18:26:24,086 - easytorch-training - INFO - The estimated training finish time is 2025-08-28 18:43:23
2025-08-28 18:26:24,086 - easytorch-training - INFO - Epoch 74 / 100
2025-08-28 18:26:55,321 - easytorch-training - INFO - Result <train>: [train/time: 31.23 (s), train/lr: 2.50e-05, train/loss: 0.1882, train/MAE: 0.1882, train/MSE: 0.1152]
2025-08-28 18:26:55,322 - easytorch-training - INFO - Start validation.
2025-08-28 18:26:58,530 - easytorch-training - INFO - Result <val>: [val/time: 3.21 (s), val/loss: 0.3797, val/MAE: 0.3797, val/MSE: 0.3025]
2025-08-28 18:27:01,742 - easytorch-training - INFO - Result <test>: [test/time: 3.21 (s), test/loss: 0.4242, test/MAE: 0.4242, test/MSE: 0.4441]
2025-08-28 18:27:01,755 - easytorch-training - INFO - Checkpoint checkpoints/TimesNet/ETTm2_100_336_336/bf6973628fa006fb7551588224340815/TimesNet_074.pt saved
2025-08-28 18:27:01,755 - easytorch-training - INFO - The estimated training finish time is 2025-08-28 18:43:23
2025-08-28 18:27:01,755 - easytorch-training - INFO - Epoch 75 / 100
2025-08-28 18:27:33,045 - easytorch-training - INFO - Result <train>: [train/time: 31.29 (s), train/lr: 2.50e-05, train/loss: 0.1880, train/MAE: 0.1880, train/MSE: 0.1151]
2025-08-28 18:27:33,046 - easytorch-training - INFO - Start validation.
2025-08-28 18:27:36,263 - easytorch-training - INFO - Result <val>: [val/time: 3.22 (s), val/loss: 0.3792, val/MAE: 0.3792, val/MSE: 0.3012]
2025-08-28 18:27:39,471 - easytorch-training - INFO - Result <test>: [test/time: 3.21 (s), test/loss: 0.4251, test/MAE: 0.4251, test/MSE: 0.4459]
2025-08-28 18:27:39,484 - easytorch-training - INFO - Checkpoint checkpoints/TimesNet/ETTm2_100_336_336/bf6973628fa006fb7551588224340815/TimesNet_075.pt saved
2025-08-28 18:27:39,484 - easytorch-training - INFO - The estimated training finish time is 2025-08-28 18:43:23
2025-08-28 18:27:39,485 - easytorch-training - INFO - Epoch 76 / 100
2025-08-28 18:28:10,800 - easytorch-training - INFO - Result <train>: [train/time: 31.32 (s), train/lr: 2.50e-05, train/loss: 0.1880, train/MAE: 0.1880, train/MSE: 0.1150]
2025-08-28 18:28:10,801 - easytorch-training - INFO - Start validation.
2025-08-28 18:28:14,014 - easytorch-training - INFO - Result <val>: [val/time: 3.21 (s), val/loss: 0.3792, val/MAE: 0.3792, val/MSE: 0.3009]
2025-08-28 18:28:17,221 - easytorch-training - INFO - Result <test>: [test/time: 3.21 (s), test/loss: 0.4256, test/MAE: 0.4256, test/MSE: 0.4453]
2025-08-28 18:28:17,233 - easytorch-training - INFO - Checkpoint checkpoints/TimesNet/ETTm2_100_336_336/bf6973628fa006fb7551588224340815/TimesNet_076.pt saved
2025-08-28 18:28:17,233 - easytorch-training - INFO - The estimated training finish time is 2025-08-28 18:43:23
2025-08-28 18:28:17,233 - easytorch-training - INFO - Epoch 77 / 100
2025-08-28 18:28:48,416 - easytorch-training - INFO - Result <train>: [train/time: 31.18 (s), train/lr: 2.50e-05, train/loss: 0.1879, train/MAE: 0.1879, train/MSE: 0.1149]
2025-08-28 18:28:48,417 - easytorch-training - INFO - Start validation.
2025-08-28 18:28:51,628 - easytorch-training - INFO - Result <val>: [val/time: 3.21 (s), val/loss: 0.3803, val/MAE: 0.3803, val/MSE: 0.3034]
2025-08-28 18:28:54,843 - easytorch-training - INFO - Result <test>: [test/time: 3.21 (s), test/loss: 0.4252, test/MAE: 0.4252, test/MSE: 0.4453]
2025-08-28 18:28:54,855 - easytorch-training - INFO - Checkpoint checkpoints/TimesNet/ETTm2_100_336_336/bf6973628fa006fb7551588224340815/TimesNet_077.pt saved
2025-08-28 18:28:54,856 - easytorch-training - INFO - The estimated training finish time is 2025-08-28 18:43:23
2025-08-28 18:28:54,856 - easytorch-training - INFO - Epoch 78 / 100
2025-08-28 18:29:26,118 - easytorch-training - INFO - Result <train>: [train/time: 31.26 (s), train/lr: 2.50e-05, train/loss: 0.1875, train/MAE: 0.1875, train/MSE: 0.1145]
2025-08-28 18:29:26,119 - easytorch-training - INFO - Start validation.
2025-08-28 18:29:29,326 - easytorch-training - INFO - Result <val>: [val/time: 3.21 (s), val/loss: 0.3798, val/MAE: 0.3798, val/MSE: 0.3026]
2025-08-28 18:29:32,536 - easytorch-training - INFO - Result <test>: [test/time: 3.21 (s), test/loss: 0.4240, test/MAE: 0.4240, test/MSE: 0.4434]
2025-08-28 18:29:32,548 - easytorch-training - INFO - Checkpoint checkpoints/TimesNet/ETTm2_100_336_336/bf6973628fa006fb7551588224340815/TimesNet_078.pt saved
2025-08-28 18:29:32,548 - easytorch-training - INFO - The estimated training finish time is 2025-08-28 18:43:23
2025-08-28 18:29:32,548 - easytorch-training - INFO - Epoch 79 / 100
2025-08-28 18:30:03,755 - easytorch-training - INFO - Result <train>: [train/time: 31.21 (s), train/lr: 2.50e-05, train/loss: 0.1875, train/MAE: 0.1875, train/MSE: 0.1145]
2025-08-28 18:30:03,755 - easytorch-training - INFO - Start validation.
2025-08-28 18:30:06,967 - easytorch-training - INFO - Result <val>: [val/time: 3.21 (s), val/loss: 0.3796, val/MAE: 0.3796, val/MSE: 0.3023]
2025-08-28 18:30:10,172 - easytorch-training - INFO - Result <test>: [test/time: 3.20 (s), test/loss: 0.4237, test/MAE: 0.4237, test/MSE: 0.4437]
2025-08-28 18:30:10,185 - easytorch-training - INFO - Checkpoint checkpoints/TimesNet/ETTm2_100_336_336/bf6973628fa006fb7551588224340815/TimesNet_079.pt saved
2025-08-28 18:30:10,185 - easytorch-training - INFO - The estimated training finish time is 2025-08-28 18:43:23
2025-08-28 18:30:10,185 - easytorch-training - INFO - Epoch 80 / 100
2025-08-28 18:30:41,487 - easytorch-training - INFO - Result <train>: [train/time: 31.30 (s), train/lr: 2.50e-05, train/loss: 0.1873, train/MAE: 0.1873, train/MSE: 0.1143]
2025-08-28 18:30:41,488 - easytorch-training - INFO - Start validation.
2025-08-28 18:30:44,700 - easytorch-training - INFO - Result <val>: [val/time: 3.21 (s), val/loss: 0.3787, val/MAE: 0.3787, val/MSE: 0.2992]
2025-08-28 18:30:47,909 - easytorch-training - INFO - Result <test>: [test/time: 3.21 (s), test/loss: 0.4238, test/MAE: 0.4238, test/MSE: 0.4408]
2025-08-28 18:30:47,921 - easytorch-training - INFO - Checkpoint checkpoints/TimesNet/ETTm2_100_336_336/bf6973628fa006fb7551588224340815/TimesNet_080.pt saved
2025-08-28 18:30:47,925 - easytorch-training - INFO - The estimated training finish time is 2025-08-28 18:43:23
2025-08-28 18:30:47,925 - easytorch-training - INFO - Epoch 81 / 100
2025-08-28 18:31:19,232 - easytorch-training - INFO - Result <train>: [train/time: 31.31 (s), train/lr: 2.50e-05, train/loss: 0.1873, train/MAE: 0.1873, train/MSE: 0.1143]
2025-08-28 18:31:19,232 - easytorch-training - INFO - Start validation.
2025-08-28 18:31:22,447 - easytorch-training - INFO - Result <val>: [val/time: 3.21 (s), val/loss: 0.3800, val/MAE: 0.3800, val/MSE: 0.3021]
2025-08-28 18:31:25,647 - easytorch-training - INFO - Result <test>: [test/time: 3.20 (s), test/loss: 0.4248, test/MAE: 0.4248, test/MSE: 0.4439]
2025-08-28 18:31:25,659 - easytorch-training - INFO - Checkpoint checkpoints/TimesNet/ETTm2_100_336_336/bf6973628fa006fb7551588224340815/TimesNet_081.pt saved
2025-08-28 18:31:25,660 - easytorch-training - INFO - The estimated training finish time is 2025-08-28 18:43:23
2025-08-28 18:31:25,660 - easytorch-training - INFO - Epoch 82 / 100
2025-08-28 18:31:56,851 - easytorch-training - INFO - Result <train>: [train/time: 31.19 (s), train/lr: 2.50e-05, train/loss: 0.1872, train/MAE: 0.1872, train/MSE: 0.1141]
2025-08-28 18:31:56,852 - easytorch-training - INFO - Start validation.
2025-08-28 18:32:00,073 - easytorch-training - INFO - Result <val>: [val/time: 3.22 (s), val/loss: 0.3795, val/MAE: 0.3795, val/MSE: 0.3021]
2025-08-28 18:32:03,283 - easytorch-training - INFO - Result <test>: [test/time: 3.21 (s), test/loss: 0.4232, test/MAE: 0.4232, test/MSE: 0.4437]
2025-08-28 18:32:03,295 - easytorch-training - INFO - Checkpoint checkpoints/TimesNet/ETTm2_100_336_336/bf6973628fa006fb7551588224340815/TimesNet_082.pt saved
2025-08-28 18:32:03,296 - easytorch-training - INFO - The estimated training finish time is 2025-08-28 18:43:22
2025-08-28 18:32:03,296 - easytorch-training - INFO - Epoch 83 / 100
2025-08-28 18:32:34,506 - easytorch-training - INFO - Result <train>: [train/time: 31.21 (s), train/lr: 2.50e-05, train/loss: 0.1868, train/MAE: 0.1868, train/MSE: 0.1138]
2025-08-28 18:32:34,507 - easytorch-training - INFO - Start validation.
2025-08-28 18:32:37,718 - easytorch-training - INFO - Result <val>: [val/time: 3.21 (s), val/loss: 0.3780, val/MAE: 0.3780, val/MSE: 0.2992]
2025-08-28 18:32:40,933 - easytorch-training - INFO - Result <test>: [test/time: 3.21 (s), test/loss: 0.4229, test/MAE: 0.4229, test/MSE: 0.4405]
2025-08-28 18:32:40,945 - easytorch-training - INFO - Checkpoint checkpoints/TimesNet/ETTm2_100_336_336/bf6973628fa006fb7551588224340815/TimesNet_083.pt saved
2025-08-28 18:32:40,945 - easytorch-training - INFO - The estimated training finish time is 2025-08-28 18:43:22
2025-08-28 18:32:40,945 - easytorch-training - INFO - Epoch 84 / 100
2025-08-28 18:33:12,185 - easytorch-training - INFO - Result <train>: [train/time: 31.24 (s), train/lr: 2.50e-05, train/loss: 0.1869, train/MAE: 0.1869, train/MSE: 0.1139]
2025-08-28 18:33:12,186 - easytorch-training - INFO - Start validation.
2025-08-28 18:33:15,389 - easytorch-training - INFO - Result <val>: [val/time: 3.20 (s), val/loss: 0.3791, val/MAE: 0.3791, val/MSE: 0.3010]
2025-08-28 18:33:18,598 - easytorch-training - INFO - Result <test>: [test/time: 3.21 (s), test/loss: 0.4257, test/MAE: 0.4257, test/MSE: 0.4462]
2025-08-28 18:33:18,611 - easytorch-training - INFO - Checkpoint checkpoints/TimesNet/ETTm2_100_336_336/bf6973628fa006fb7551588224340815/TimesNet_084.pt saved
2025-08-28 18:33:18,611 - easytorch-training - INFO - The estimated training finish time is 2025-08-28 18:43:22
2025-08-28 18:33:18,611 - easytorch-training - INFO - Epoch 85 / 100
2025-08-28 18:33:49,912 - easytorch-training - INFO - Result <train>: [train/time: 31.30 (s), train/lr: 2.50e-05, train/loss: 0.1866, train/MAE: 0.1866, train/MSE: 0.1136]
2025-08-28 18:33:49,913 - easytorch-training - INFO - Start validation.
2025-08-28 18:33:53,130 - easytorch-training - INFO - Result <val>: [val/time: 3.22 (s), val/loss: 0.3802, val/MAE: 0.3802, val/MSE: 0.3031]
2025-08-28 18:33:56,340 - easytorch-training - INFO - Result <test>: [test/time: 3.21 (s), test/loss: 0.4236, test/MAE: 0.4236, test/MSE: 0.4431]
2025-08-28 18:33:56,352 - easytorch-training - INFO - Checkpoint checkpoints/TimesNet/ETTm2_100_336_336/bf6973628fa006fb7551588224340815/TimesNet_085.pt saved
2025-08-28 18:33:56,352 - easytorch-training - INFO - The estimated training finish time is 2025-08-28 18:43:22
2025-08-28 18:33:56,352 - easytorch-training - INFO - Epoch 86 / 100
2025-08-28 18:34:27,595 - easytorch-training - INFO - Result <train>: [train/time: 31.24 (s), train/lr: 2.50e-05, train/loss: 0.1865, train/MAE: 0.1865, train/MSE: 0.1135]
2025-08-28 18:34:27,595 - easytorch-training - INFO - Start validation.
2025-08-28 18:34:30,809 - easytorch-training - INFO - Result <val>: [val/time: 3.21 (s), val/loss: 0.3800, val/MAE: 0.3800, val/MSE: 0.3040]
2025-08-28 18:34:34,021 - easytorch-training - INFO - Result <test>: [test/time: 3.21 (s), test/loss: 0.4257, test/MAE: 0.4257, test/MSE: 0.4473]
2025-08-28 18:34:34,034 - easytorch-training - INFO - Checkpoint checkpoints/TimesNet/ETTm2_100_336_336/bf6973628fa006fb7551588224340815/TimesNet_086.pt saved
2025-08-28 18:34:34,034 - easytorch-training - INFO - The estimated training finish time is 2025-08-28 18:43:22
2025-08-28 18:34:34,034 - easytorch-training - INFO - Epoch 87 / 100
2025-08-28 18:35:05,164 - easytorch-training - INFO - Result <train>: [train/time: 31.13 (s), train/lr: 2.50e-05, train/loss: 0.1864, train/MAE: 0.1864, train/MSE: 0.1134]
2025-08-28 18:35:05,165 - easytorch-training - INFO - Start validation.
2025-08-28 18:35:08,383 - easytorch-training - INFO - Result <val>: [val/time: 3.22 (s), val/loss: 0.3805, val/MAE: 0.3805, val/MSE: 0.3038]
2025-08-28 18:35:11,601 - easytorch-training - INFO - Result <test>: [test/time: 3.22 (s), test/loss: 0.4253, test/MAE: 0.4253, test/MSE: 0.4471]
2025-08-28 18:35:11,613 - easytorch-training - INFO - Checkpoint checkpoints/TimesNet/ETTm2_100_336_336/bf6973628fa006fb7551588224340815/TimesNet_087.pt saved
2025-08-28 18:35:11,613 - easytorch-training - INFO - The estimated training finish time is 2025-08-28 18:43:22
2025-08-28 18:35:11,613 - easytorch-training - INFO - Epoch 88 / 100
2025-08-28 18:35:42,867 - easytorch-training - INFO - Result <train>: [train/time: 31.25 (s), train/lr: 2.50e-05, train/loss: 0.1862, train/MAE: 0.1862, train/MSE: 0.1133]
2025-08-28 18:35:42,868 - easytorch-training - INFO - Start validation.
2025-08-28 18:35:46,075 - easytorch-training - INFO - Result <val>: [val/time: 3.21 (s), val/loss: 0.3805, val/MAE: 0.3805, val/MSE: 0.3030]
2025-08-28 18:35:49,292 - easytorch-training - INFO - Result <test>: [test/time: 3.22 (s), test/loss: 0.4268, test/MAE: 0.4268, test/MSE: 0.4492]
2025-08-28 18:35:49,305 - easytorch-training - INFO - Checkpoint checkpoints/TimesNet/ETTm2_100_336_336/bf6973628fa006fb7551588224340815/TimesNet_088.pt saved
2025-08-28 18:35:49,305 - easytorch-training - INFO - The estimated training finish time is 2025-08-28 18:43:22
2025-08-28 18:35:49,305 - easytorch-training - INFO - Epoch 89 / 100
2025-08-28 18:36:20,445 - easytorch-training - INFO - Result <train>: [train/time: 31.14 (s), train/lr: 2.50e-05, train/loss: 0.1861, train/MAE: 0.1861, train/MSE: 0.1131]
2025-08-28 18:36:20,446 - easytorch-training - INFO - Start validation.
2025-08-28 18:36:23,662 - easytorch-training - INFO - Result <val>: [val/time: 3.22 (s), val/loss: 0.3807, val/MAE: 0.3807, val/MSE: 0.3038]
2025-08-28 18:36:26,879 - easytorch-training - INFO - Result <test>: [test/time: 3.22 (s), test/loss: 0.4257, test/MAE: 0.4257, test/MSE: 0.4466]
2025-08-28 18:36:26,892 - easytorch-training - INFO - Checkpoint checkpoints/TimesNet/ETTm2_100_336_336/bf6973628fa006fb7551588224340815/TimesNet_089.pt saved
2025-08-28 18:36:26,892 - easytorch-training - INFO - The estimated training finish time is 2025-08-28 18:43:22
2025-08-28 18:36:26,892 - easytorch-training - INFO - Epoch 90 / 100
2025-08-28 18:36:58,206 - easytorch-training - INFO - Result <train>: [train/time: 31.31 (s), train/lr: 2.50e-05, train/loss: 0.1858, train/MAE: 0.1858, train/MSE: 0.1129]
2025-08-28 18:36:58,206 - easytorch-training - INFO - Start validation.
2025-08-28 18:37:01,428 - easytorch-training - INFO - Result <val>: [val/time: 3.22 (s), val/loss: 0.3810, val/MAE: 0.3810, val/MSE: 0.3037]
2025-08-28 18:37:04,640 - easytorch-training - INFO - Result <test>: [test/time: 3.21 (s), test/loss: 0.4256, test/MAE: 0.4256, test/MSE: 0.4453]
2025-08-28 18:37:04,653 - easytorch-training - INFO - Checkpoint checkpoints/TimesNet/ETTm2_100_336_336/bf6973628fa006fb7551588224340815/TimesNet_090.pt saved
2025-08-28 18:37:04,662 - easytorch-training - INFO - The estimated training finish time is 2025-08-28 18:43:22
2025-08-28 18:37:04,662 - easytorch-training - INFO - Epoch 91 / 100
2025-08-28 18:37:35,840 - easytorch-training - INFO - Result <train>: [train/time: 31.18 (s), train/lr: 2.50e-05, train/loss: 0.1858, train/MAE: 0.1858, train/MSE: 0.1129]
2025-08-28 18:37:35,841 - easytorch-training - INFO - Start validation.
2025-08-28 18:37:39,073 - easytorch-training - INFO - Result <val>: [val/time: 3.23 (s), val/loss: 0.3793, val/MAE: 0.3793, val/MSE: 0.3011]
2025-08-28 18:37:42,287 - easytorch-training - INFO - Result <test>: [test/time: 3.21 (s), test/loss: 0.4244, test/MAE: 0.4244, test/MSE: 0.4429]
2025-08-28 18:37:42,299 - easytorch-training - INFO - Checkpoint checkpoints/TimesNet/ETTm2_100_336_336/bf6973628fa006fb7551588224340815/TimesNet_091.pt saved
2025-08-28 18:37:42,299 - easytorch-training - INFO - The estimated training finish time is 2025-08-28 18:43:22
2025-08-28 18:37:42,299 - easytorch-training - INFO - Epoch 92 / 100
2025-08-28 18:38:13,552 - easytorch-training - INFO - Result <train>: [train/time: 31.25 (s), train/lr: 2.50e-05, train/loss: 0.1856, train/MAE: 0.1856, train/MSE: 0.1127]
2025-08-28 18:38:13,553 - easytorch-training - INFO - Start validation.
2025-08-28 18:38:16,764 - easytorch-training - INFO - Result <val>: [val/time: 3.21 (s), val/loss: 0.3794, val/MAE: 0.3794, val/MSE: 0.3011]
2025-08-28 18:38:19,975 - easytorch-training - INFO - Result <test>: [test/time: 3.21 (s), test/loss: 0.4245, test/MAE: 0.4245, test/MSE: 0.4443]
2025-08-28 18:38:19,987 - easytorch-training - INFO - Checkpoint checkpoints/TimesNet/ETTm2_100_336_336/bf6973628fa006fb7551588224340815/TimesNet_092.pt saved
2025-08-28 18:38:19,987 - easytorch-training - INFO - The estimated training finish time is 2025-08-28 18:43:21
2025-08-28 18:38:19,988 - easytorch-training - INFO - Epoch 93 / 100
2025-08-28 18:38:51,317 - easytorch-training - INFO - Result <train>: [train/time: 31.33 (s), train/lr: 2.50e-05, train/loss: 0.1855, train/MAE: 0.1855, train/MSE: 0.1126]
2025-08-28 18:38:51,318 - easytorch-training - INFO - Start validation.
2025-08-28 18:38:54,532 - easytorch-training - INFO - Result <val>: [val/time: 3.21 (s), val/loss: 0.3796, val/MAE: 0.3796, val/MSE: 0.3009]
2025-08-28 18:38:57,757 - easytorch-training - INFO - Result <test>: [test/time: 3.22 (s), test/loss: 0.4268, test/MAE: 0.4268, test/MSE: 0.4468]
2025-08-28 18:38:57,770 - easytorch-training - INFO - Checkpoint checkpoints/TimesNet/ETTm2_100_336_336/bf6973628fa006fb7551588224340815/TimesNet_093.pt saved
2025-08-28 18:38:57,770 - easytorch-training - INFO - The estimated training finish time is 2025-08-28 18:43:22
2025-08-28 18:38:57,770 - easytorch-training - INFO - Epoch 94 / 100
2025-08-28 18:39:28,983 - easytorch-training - INFO - Result <train>: [train/time: 31.21 (s), train/lr: 2.50e-05, train/loss: 0.1854, train/MAE: 0.1854, train/MSE: 0.1125]
2025-08-28 18:39:28,984 - easytorch-training - INFO - Start validation.
2025-08-28 18:39:32,192 - easytorch-training - INFO - Result <val>: [val/time: 3.21 (s), val/loss: 0.3802, val/MAE: 0.3802, val/MSE: 0.3034]
2025-08-28 18:39:35,403 - easytorch-training - INFO - Result <test>: [test/time: 3.21 (s), test/loss: 0.4262, test/MAE: 0.4262, test/MSE: 0.4492]
2025-08-28 18:39:35,416 - easytorch-training - INFO - Checkpoint checkpoints/TimesNet/ETTm2_100_336_336/bf6973628fa006fb7551588224340815/TimesNet_094.pt saved
2025-08-28 18:39:35,416 - easytorch-training - INFO - The estimated training finish time is 2025-08-28 18:43:21
2025-08-28 18:39:35,416 - easytorch-training - INFO - Epoch 95 / 100
2025-08-28 18:40:06,618 - easytorch-training - INFO - Result <train>: [train/time: 31.20 (s), train/lr: 2.50e-05, train/loss: 0.1853, train/MAE: 0.1853, train/MSE: 0.1124]
2025-08-28 18:40:06,619 - easytorch-training - INFO - Start validation.
2025-08-28 18:40:09,832 - easytorch-training - INFO - Result <val>: [val/time: 3.21 (s), val/loss: 0.3810, val/MAE: 0.3810, val/MSE: 0.3038]
2025-08-28 18:40:13,041 - easytorch-training - INFO - Result <test>: [test/time: 3.21 (s), test/loss: 0.4256, test/MAE: 0.4256, test/MSE: 0.4452]
2025-08-28 18:40:13,053 - easytorch-training - INFO - Checkpoint checkpoints/TimesNet/ETTm2_100_336_336/bf6973628fa006fb7551588224340815/TimesNet_095.pt saved
2025-08-28 18:40:13,053 - easytorch-training - INFO - The estimated training finish time is 2025-08-28 18:43:21
2025-08-28 18:40:13,053 - easytorch-training - INFO - Epoch 96 / 100
2025-08-28 18:40:44,144 - easytorch-training - INFO - Result <train>: [train/time: 31.09 (s), train/lr: 2.50e-05, train/loss: 0.1851, train/MAE: 0.1851, train/MSE: 0.1122]
2025-08-28 18:40:44,144 - easytorch-training - INFO - Start validation.
2025-08-28 18:40:47,363 - easytorch-training - INFO - Result <val>: [val/time: 3.22 (s), val/loss: 0.3819, val/MAE: 0.3819, val/MSE: 0.3064]
2025-08-28 18:40:50,586 - easytorch-training - INFO - Result <test>: [test/time: 3.22 (s), test/loss: 0.4266, test/MAE: 0.4266, test/MSE: 0.4478]
2025-08-28 18:40:50,599 - easytorch-training - INFO - Checkpoint checkpoints/TimesNet/ETTm2_100_336_336/bf6973628fa006fb7551588224340815/TimesNet_096.pt saved
2025-08-28 18:40:50,599 - easytorch-training - INFO - The estimated training finish time is 2025-08-28 18:43:21
2025-08-28 18:40:50,599 - easytorch-training - INFO - Epoch 97 / 100
2025-08-28 18:41:21,790 - easytorch-training - INFO - Result <train>: [train/time: 31.19 (s), train/lr: 2.50e-05, train/loss: 0.1851, train/MAE: 0.1851, train/MSE: 0.1122]
2025-08-28 18:41:21,791 - easytorch-training - INFO - Start validation.
2025-08-28 18:41:25,004 - easytorch-training - INFO - Result <val>: [val/time: 3.21 (s), val/loss: 0.3807, val/MAE: 0.3807, val/MSE: 0.3035]
2025-08-28 18:41:28,217 - easytorch-training - INFO - Result <test>: [test/time: 3.21 (s), test/loss: 0.4261, test/MAE: 0.4261, test/MSE: 0.4466]
2025-08-28 18:41:28,230 - easytorch-training - INFO - Checkpoint checkpoints/TimesNet/ETTm2_100_336_336/bf6973628fa006fb7551588224340815/TimesNet_097.pt saved
2025-08-28 18:41:28,230 - easytorch-training - INFO - The estimated training finish time is 2025-08-28 18:43:21
2025-08-28 18:41:28,230 - easytorch-training - INFO - Epoch 98 / 100
2025-08-28 18:41:59,553 - easytorch-training - INFO - Result <train>: [train/time: 31.32 (s), train/lr: 2.50e-05, train/loss: 0.1849, train/MAE: 0.1849, train/MSE: 0.1120]
2025-08-28 18:41:59,553 - easytorch-training - INFO - Start validation.
2025-08-28 18:42:02,763 - easytorch-training - INFO - Result <val>: [val/time: 3.21 (s), val/loss: 0.3801, val/MAE: 0.3801, val/MSE: 0.3027]
2025-08-28 18:42:05,971 - easytorch-training - INFO - Result <test>: [test/time: 3.21 (s), test/loss: 0.4271, test/MAE: 0.4271, test/MSE: 0.4507]
2025-08-28 18:42:05,984 - easytorch-training - INFO - Checkpoint checkpoints/TimesNet/ETTm2_100_336_336/bf6973628fa006fb7551588224340815/TimesNet_098.pt saved
2025-08-28 18:42:05,984 - easytorch-training - INFO - The estimated training finish time is 2025-08-28 18:43:21
2025-08-28 18:42:05,984 - easytorch-training - INFO - Epoch 99 / 100
2025-08-28 18:42:37,294 - easytorch-training - INFO - Result <train>: [train/time: 31.31 (s), train/lr: 2.50e-05, train/loss: 0.1848, train/MAE: 0.1848, train/MSE: 0.1120]
2025-08-28 18:42:37,294 - easytorch-training - INFO - Start validation.
2025-08-28 18:42:40,653 - easytorch-training - INFO - Result <val>: [val/time: 3.36 (s), val/loss: 0.3810, val/MAE: 0.3810, val/MSE: 0.3046]
2025-08-28 18:42:43,979 - easytorch-training - INFO - Result <test>: [test/time: 3.32 (s), test/loss: 0.4258, test/MAE: 0.4258, test/MSE: 0.4459]
2025-08-28 18:42:43,991 - easytorch-training - INFO - Checkpoint checkpoints/TimesNet/ETTm2_100_336_336/bf6973628fa006fb7551588224340815/TimesNet_099.pt saved
2025-08-28 18:42:43,992 - easytorch-training - INFO - The estimated training finish time is 2025-08-28 18:43:21
2025-08-28 18:42:43,992 - easytorch-training - INFO - Epoch 100 / 100
2025-08-28 18:43:15,197 - easytorch-training - INFO - Result <train>: [train/time: 31.21 (s), train/lr: 2.50e-05, train/loss: 0.1846, train/MAE: 0.1846, train/MSE: 0.1117]
2025-08-28 18:43:15,198 - easytorch-training - INFO - Start validation.
2025-08-28 18:43:18,544 - easytorch-training - INFO - Result <val>: [val/time: 3.35 (s), val/loss: 0.3801, val/MAE: 0.3801, val/MSE: 0.3024]
2025-08-28 18:43:21,898 - easytorch-training - INFO - Result <test>: [test/time: 3.35 (s), test/loss: 0.4263, test/MAE: 0.4263, test/MSE: 0.4479]
2025-08-28 18:43:21,910 - easytorch-training - INFO - Checkpoint checkpoints/TimesNet/ETTm2_100_336_336/bf6973628fa006fb7551588224340815/TimesNet_100.pt saved
2025-08-28 18:43:21,914 - easytorch-training - INFO - The training finished at 2025-08-28 18:43:21
2025-08-28 18:43:21,915 - easytorch-training - INFO - Evaluating the best model on the test set.
2025-08-28 18:43:21,915 - easytorch-training - INFO - Loading Checkpoint from 'checkpoints/TimesNet/ETTm2_100_336_336/bf6973628fa006fb7551588224340815/TimesNet_best_val_MAE.pt'
2025-08-28 18:43:25,716 - easytorch-training - INFO - Result <test>: [test/time: 3.78 (s), test/loss: 0.3393, test/MAE: 0.3393, test/MSE: 0.2957]
2025-08-28 18:43:25,717 - easytorch-training - INFO - Test metrics saved to checkpoints/TimesNet/ETTm2_100_336_336/bf6973628fa006fb7551588224340815/test_metrics.json.
