2025-08-28 12:20:19,599 - easytorch-training - INFO - Initializing training.
2025-08-28 12:20:19,599 - easytorch-training - INFO - Set clip grad, param: {'max_norm': 5.0}
2025-08-28 12:20:19,599 - easytorch-training - INFO - Building training data loader.
2025-08-28 12:20:19,639 - easytorch-training - INFO - Train dataset length: 17887
2025-08-28 12:20:20,674 - easytorch-training - INFO - Set optim: Adam (
Parameter Group 0
    amsgrad: False
    betas: (0.9, 0.999)
    capturable: False
    differentiable: False
    eps: 1e-08
    foreach: None
    fused: None
    lr: 0.0005
    maximize: False
    weight_decay: 0
)
2025-08-28 12:20:20,674 - easytorch-training - INFO - Set lr_scheduler: <torch.optim.lr_scheduler.MultiStepLR object at 0x7f0b79099c00>
2025-08-28 12:20:20,675 - easytorch-training - INFO - Initializing validation.
2025-08-28 12:20:20,676 - easytorch-training - INFO - Building val data loader.
2025-08-28 12:20:20,683 - easytorch-training - INFO - Validation dataset length: 2103
2025-08-28 12:20:20,697 - easytorch-training - INFO - Test dataset length: 4733
2025-08-28 12:20:20,697 - easytorch-training - INFO - Number of parameters: 5006016
2025-08-28 12:20:20,697 - easytorch-training - INFO - Epoch 1 / 100
2025-08-28 12:21:40,490 - easytorch-training - INFO - Result <train>: [train/time: 79.79 (s), train/lr: 5.00e-04, train/loss: 0.2951, train/MAE: 0.2951, train/MSE: 0.1970]
2025-08-28 12:21:40,491 - easytorch-training - INFO - Start validation.
2025-08-28 12:21:46,507 - easytorch-training - INFO - Result <val>: [val/time: 6.02 (s), val/loss: 0.2352, val/MAE: 0.2352, val/MSE: 0.1425]
2025-08-28 12:21:46,581 - easytorch-training - INFO - Checkpoint checkpoints/iTransformer/Electricity_100_336_192/dae723a529fc477e72409442147d20be/iTransformer_best_val_MAE.pt saved
2025-08-28 12:21:59,988 - easytorch-training - INFO - Result <test>: [test/time: 13.40 (s), test/loss: 0.2538, test/MAE: 0.2538, test/MSE: 0.1584]
2025-08-28 12:22:00,059 - easytorch-training - INFO - Checkpoint checkpoints/iTransformer/Electricity_100_336_192/dae723a529fc477e72409442147d20be/iTransformer_001.pt saved
2025-08-28 12:22:00,059 - easytorch-training - INFO - The estimated training finish time is 2025-08-28 15:05:56
2025-08-28 12:22:00,059 - easytorch-training - INFO - Epoch 2 / 100
2025-08-28 12:23:18,937 - easytorch-training - INFO - Result <train>: [train/time: 78.88 (s), train/lr: 2.50e-04, train/loss: 0.2591, train/MAE: 0.2591, train/MSE: 0.1609]
2025-08-28 12:23:18,938 - easytorch-training - INFO - Start validation.
2025-08-28 12:23:25,037 - easytorch-training - INFO - Result <val>: [val/time: 6.10 (s), val/loss: 0.2283, val/MAE: 0.2283, val/MSE: 0.1376]
2025-08-28 12:23:25,184 - easytorch-training - INFO - Checkpoint checkpoints/iTransformer/Electricity_100_336_192/dae723a529fc477e72409442147d20be/iTransformer_best_val_MAE.pt saved
2025-08-28 12:23:38,723 - easytorch-training - INFO - Result <test>: [test/time: 13.53 (s), test/loss: 0.2461, test/MAE: 0.2461, test/MSE: 0.1527]
2025-08-28 12:23:38,800 - easytorch-training - INFO - Checkpoint checkpoints/iTransformer/Electricity_100_336_192/dae723a529fc477e72409442147d20be/iTransformer_002.pt saved
2025-08-28 12:23:38,800 - easytorch-training - INFO - The estimated training finish time is 2025-08-28 15:05:25
2025-08-28 12:23:38,800 - easytorch-training - INFO - Epoch 3 / 100
2025-08-28 12:24:58,033 - easytorch-training - INFO - Result <train>: [train/time: 79.23 (s), train/lr: 2.50e-04, train/loss: 0.2531, train/MAE: 0.2531, train/MSE: 0.1556]
2025-08-28 12:24:58,034 - easytorch-training - INFO - Start validation.
2025-08-28 12:25:04,117 - easytorch-training - INFO - Result <val>: [val/time: 6.08 (s), val/loss: 0.2260, val/MAE: 0.2260, val/MSE: 0.1360]
2025-08-28 12:25:04,257 - easytorch-training - INFO - Checkpoint checkpoints/iTransformer/Electricity_100_336_192/dae723a529fc477e72409442147d20be/iTransformer_best_val_MAE.pt saved
2025-08-28 12:25:17,861 - easytorch-training - INFO - Result <test>: [test/time: 13.59 (s), test/loss: 0.2441, test/MAE: 0.2441, test/MSE: 0.1512]
2025-08-28 12:25:17,935 - easytorch-training - INFO - Checkpoint checkpoints/iTransformer/Electricity_100_336_192/dae723a529fc477e72409442147d20be/iTransformer_003.pt saved
2025-08-28 12:25:17,935 - easytorch-training - INFO - The estimated training finish time is 2025-08-28 15:05:28
2025-08-28 12:25:17,936 - easytorch-training - INFO - Epoch 4 / 100
2025-08-28 12:26:37,076 - easytorch-training - INFO - Result <train>: [train/time: 79.14 (s), train/lr: 2.50e-04, train/loss: 0.2487, train/MAE: 0.2487, train/MSE: 0.1516]
2025-08-28 12:26:37,078 - easytorch-training - INFO - Start validation.
2025-08-28 12:26:43,120 - easytorch-training - INFO - Result <val>: [val/time: 6.04 (s), val/loss: 0.2251, val/MAE: 0.2251, val/MSE: 0.1353]
2025-08-28 12:26:43,261 - easytorch-training - INFO - Checkpoint checkpoints/iTransformer/Electricity_100_336_192/dae723a529fc477e72409442147d20be/iTransformer_best_val_MAE.pt saved
2025-08-28 12:26:56,902 - easytorch-training - INFO - Result <test>: [test/time: 13.63 (s), test/loss: 0.2438, test/MAE: 0.2438, test/MSE: 0.1510]
2025-08-28 12:26:56,978 - easytorch-training - INFO - Checkpoint checkpoints/iTransformer/Electricity_100_336_192/dae723a529fc477e72409442147d20be/iTransformer_004.pt saved
2025-08-28 12:26:56,979 - easytorch-training - INFO - The estimated training finish time is 2025-08-28 15:05:27
2025-08-28 12:26:56,979 - easytorch-training - INFO - Epoch 5 / 100
2025-08-28 12:28:16,170 - easytorch-training - INFO - Result <train>: [train/time: 79.19 (s), train/lr: 2.50e-04, train/loss: 0.2447, train/MAE: 0.2447, train/MSE: 0.1475]
2025-08-28 12:28:16,171 - easytorch-training - INFO - Start validation.
2025-08-28 12:28:22,202 - easytorch-training - INFO - Result <val>: [val/time: 6.03 (s), val/loss: 0.2240, val/MAE: 0.2240, val/MSE: 0.1343]
2025-08-28 12:28:22,334 - easytorch-training - INFO - Checkpoint checkpoints/iTransformer/Electricity_100_336_192/dae723a529fc477e72409442147d20be/iTransformer_best_val_MAE.pt saved
2025-08-28 12:28:35,993 - easytorch-training - INFO - Result <test>: [test/time: 13.65 (s), test/loss: 0.2448, test/MAE: 0.2448, test/MSE: 0.1524]
2025-08-28 12:28:36,063 - easytorch-training - INFO - Checkpoint checkpoints/iTransformer/Electricity_100_336_192/dae723a529fc477e72409442147d20be/iTransformer_005.pt saved
2025-08-28 12:28:36,063 - easytorch-training - INFO - The estimated training finish time is 2025-08-28 15:05:28
2025-08-28 12:28:36,063 - easytorch-training - INFO - Epoch 6 / 100
2025-08-28 12:29:55,102 - easytorch-training - INFO - Result <train>: [train/time: 79.04 (s), train/lr: 2.50e-04, train/loss: 0.2412, train/MAE: 0.2412, train/MSE: 0.1440]
2025-08-28 12:29:55,103 - easytorch-training - INFO - Start validation.
2025-08-28 12:30:01,217 - easytorch-training - INFO - Result <val>: [val/time: 6.11 (s), val/loss: 0.2244, val/MAE: 0.2244, val/MSE: 0.1347]
2025-08-28 12:30:14,973 - easytorch-training - INFO - Result <test>: [test/time: 13.75 (s), test/loss: 0.2442, test/MAE: 0.2442, test/MSE: 0.1518]
2025-08-28 12:30:15,045 - easytorch-training - INFO - Checkpoint checkpoints/iTransformer/Electricity_100_336_192/dae723a529fc477e72409442147d20be/iTransformer_006.pt saved
2025-08-28 12:30:15,046 - easytorch-training - INFO - The estimated training finish time is 2025-08-28 15:05:26
2025-08-28 12:30:15,046 - easytorch-training - INFO - Epoch 7 / 100
2025-08-28 12:31:33,722 - easytorch-training - INFO - Result <train>: [train/time: 78.68 (s), train/lr: 2.50e-04, train/loss: 0.2381, train/MAE: 0.2381, train/MSE: 0.1408]
2025-08-28 12:31:33,723 - easytorch-training - INFO - Start validation.
2025-08-28 12:31:39,768 - easytorch-training - INFO - Result <val>: [val/time: 6.04 (s), val/loss: 0.2230, val/MAE: 0.2230, val/MSE: 0.1339]
2025-08-28 12:31:39,901 - easytorch-training - INFO - Checkpoint checkpoints/iTransformer/Electricity_100_336_192/dae723a529fc477e72409442147d20be/iTransformer_best_val_MAE.pt saved
2025-08-28 12:31:52,854 - easytorch-training - INFO - Result <test>: [test/time: 12.94 (s), test/loss: 0.2430, test/MAE: 0.2430, test/MSE: 0.1510]
2025-08-28 12:31:52,922 - easytorch-training - INFO - Checkpoint checkpoints/iTransformer/Electricity_100_336_192/dae723a529fc477e72409442147d20be/iTransformer_007.pt saved
2025-08-28 12:31:52,923 - easytorch-training - INFO - The estimated training finish time is 2025-08-28 15:05:09
2025-08-28 12:31:52,923 - easytorch-training - INFO - Epoch 8 / 100
2025-08-28 12:33:11,593 - easytorch-training - INFO - Result <train>: [train/time: 78.67 (s), train/lr: 2.50e-04, train/loss: 0.2355, train/MAE: 0.2355, train/MSE: 0.1382]
2025-08-28 12:33:11,594 - easytorch-training - INFO - Start validation.
2025-08-28 12:33:17,664 - easytorch-training - INFO - Result <val>: [val/time: 6.07 (s), val/loss: 0.2228, val/MAE: 0.2228, val/MSE: 0.1338]
2025-08-28 12:33:17,817 - easytorch-training - INFO - Checkpoint checkpoints/iTransformer/Electricity_100_336_192/dae723a529fc477e72409442147d20be/iTransformer_best_val_MAE.pt saved
2025-08-28 12:33:31,416 - easytorch-training - INFO - Result <test>: [test/time: 13.59 (s), test/loss: 0.2464, test/MAE: 0.2464, test/MSE: 0.1542]
2025-08-28 12:33:31,490 - easytorch-training - INFO - Checkpoint checkpoints/iTransformer/Electricity_100_336_192/dae723a529fc477e72409442147d20be/iTransformer_008.pt saved
2025-08-28 12:33:31,490 - easytorch-training - INFO - The estimated training finish time is 2025-08-28 15:05:05
2025-08-28 12:33:31,491 - easytorch-training - INFO - Epoch 9 / 100
2025-08-28 12:34:50,638 - easytorch-training - INFO - Result <train>: [train/time: 79.15 (s), train/lr: 2.50e-04, train/loss: 0.2330, train/MAE: 0.2330, train/MSE: 0.1359]
2025-08-28 12:34:50,640 - easytorch-training - INFO - Start validation.
2025-08-28 12:34:56,588 - easytorch-training - INFO - Result <val>: [val/time: 5.95 (s), val/loss: 0.2210, val/MAE: 0.2210, val/MSE: 0.1322]
2025-08-28 12:34:56,720 - easytorch-training - INFO - Checkpoint checkpoints/iTransformer/Electricity_100_336_192/dae723a529fc477e72409442147d20be/iTransformer_best_val_MAE.pt saved
2025-08-28 12:35:09,943 - easytorch-training - INFO - Result <test>: [test/time: 13.21 (s), test/loss: 0.2439, test/MAE: 0.2439, test/MSE: 0.1518]
2025-08-28 12:35:10,014 - easytorch-training - INFO - Checkpoint checkpoints/iTransformer/Electricity_100_336_192/dae723a529fc477e72409442147d20be/iTransformer_009.pt saved
2025-08-28 12:35:10,015 - easytorch-training - INFO - The estimated training finish time is 2025-08-28 15:05:02
2025-08-28 12:35:10,015 - easytorch-training - INFO - Epoch 10 / 100
2025-08-28 12:36:28,664 - easytorch-training - INFO - Result <train>: [train/time: 78.65 (s), train/lr: 2.50e-04, train/loss: 0.2310, train/MAE: 0.2310, train/MSE: 0.1338]
2025-08-28 12:36:28,665 - easytorch-training - INFO - Start validation.
2025-08-28 12:36:34,706 - easytorch-training - INFO - Result <val>: [val/time: 6.04 (s), val/loss: 0.2212, val/MAE: 0.2212, val/MSE: 0.1324]
2025-08-28 12:36:48,002 - easytorch-training - INFO - Result <test>: [test/time: 13.29 (s), test/loss: 0.2444, test/MAE: 0.2444, test/MSE: 0.1528]
2025-08-28 12:36:48,078 - easytorch-training - INFO - Checkpoint checkpoints/iTransformer/Electricity_100_336_192/dae723a529fc477e72409442147d20be/iTransformer_010.pt saved
2025-08-28 12:36:48,116 - easytorch-training - INFO - The estimated training finish time is 2025-08-28 15:04:54
2025-08-28 12:36:48,116 - easytorch-training - INFO - Epoch 11 / 100
2025-08-28 12:38:07,101 - easytorch-training - INFO - Result <train>: [train/time: 78.98 (s), train/lr: 2.50e-04, train/loss: 0.2293, train/MAE: 0.2293, train/MSE: 0.1321]
2025-08-28 12:38:07,102 - easytorch-training - INFO - Start validation.
2025-08-28 12:38:13,192 - easytorch-training - INFO - Result <val>: [val/time: 6.09 (s), val/loss: 0.2209, val/MAE: 0.2209, val/MSE: 0.1324]
2025-08-28 12:38:13,308 - easytorch-training - INFO - Checkpoint checkpoints/iTransformer/Electricity_100_336_192/dae723a529fc477e72409442147d20be/iTransformer_best_val_MAE.pt saved
2025-08-28 12:38:26,931 - easytorch-training - INFO - Result <test>: [test/time: 13.61 (s), test/loss: 0.2455, test/MAE: 0.2455, test/MSE: 0.1545]
2025-08-28 12:38:27,012 - easytorch-training - INFO - Checkpoint checkpoints/iTransformer/Electricity_100_336_192/dae723a529fc477e72409442147d20be/iTransformer_011.pt saved
2025-08-28 12:38:27,012 - easytorch-training - INFO - The estimated training finish time is 2025-08-28 15:04:56
2025-08-28 12:38:27,012 - easytorch-training - INFO - Epoch 12 / 100
2025-08-28 12:39:46,047 - easytorch-training - INFO - Result <train>: [train/time: 79.03 (s), train/lr: 2.50e-04, train/loss: 0.2275, train/MAE: 0.2275, train/MSE: 0.1304]
2025-08-28 12:39:46,048 - easytorch-training - INFO - Start validation.
2025-08-28 12:39:52,147 - easytorch-training - INFO - Result <val>: [val/time: 6.10 (s), val/loss: 0.2210, val/MAE: 0.2210, val/MSE: 0.1323]
2025-08-28 12:40:06,032 - easytorch-training - INFO - Result <test>: [test/time: 13.87 (s), test/loss: 0.2445, test/MAE: 0.2445, test/MSE: 0.1528]
2025-08-28 12:40:06,106 - easytorch-training - INFO - Checkpoint checkpoints/iTransformer/Electricity_100_336_192/dae723a529fc477e72409442147d20be/iTransformer_012.pt saved
2025-08-28 12:40:06,106 - easytorch-training - INFO - The estimated training finish time is 2025-08-28 15:04:59
2025-08-28 12:40:06,107 - easytorch-training - INFO - Epoch 13 / 100
2025-08-28 12:41:24,766 - easytorch-training - INFO - Result <train>: [train/time: 78.66 (s), train/lr: 2.50e-04, train/loss: 0.2261, train/MAE: 0.2261, train/MSE: 0.1290]
2025-08-28 12:41:24,767 - easytorch-training - INFO - Start validation.
2025-08-28 12:41:30,607 - easytorch-training - INFO - Result <val>: [val/time: 5.84 (s), val/loss: 0.2200, val/MAE: 0.2200, val/MSE: 0.1316]
2025-08-28 12:41:30,725 - easytorch-training - INFO - Checkpoint checkpoints/iTransformer/Electricity_100_336_192/dae723a529fc477e72409442147d20be/iTransformer_best_val_MAE.pt saved
2025-08-28 12:41:43,876 - easytorch-training - INFO - Result <test>: [test/time: 13.14 (s), test/loss: 0.2440, test/MAE: 0.2440, test/MSE: 0.1526]
2025-08-28 12:41:43,948 - easytorch-training - INFO - Checkpoint checkpoints/iTransformer/Electricity_100_336_192/dae723a529fc477e72409442147d20be/iTransformer_013.pt saved
2025-08-28 12:41:43,949 - easytorch-training - INFO - The estimated training finish time is 2025-08-28 15:04:51
2025-08-28 12:41:43,949 - easytorch-training - INFO - Epoch 14 / 100
2025-08-28 12:43:02,738 - easytorch-training - INFO - Result <train>: [train/time: 78.79 (s), train/lr: 2.50e-04, train/loss: 0.2248, train/MAE: 0.2248, train/MSE: 0.1276]
2025-08-28 12:43:02,739 - easytorch-training - INFO - Start validation.
2025-08-28 12:43:08,903 - easytorch-training - INFO - Result <val>: [val/time: 6.16 (s), val/loss: 0.2203, val/MAE: 0.2203, val/MSE: 0.1317]
2025-08-28 12:43:22,651 - easytorch-training - INFO - Result <test>: [test/time: 13.74 (s), test/loss: 0.2436, test/MAE: 0.2436, test/MSE: 0.1523]
2025-08-28 12:43:22,722 - easytorch-training - INFO - Checkpoint checkpoints/iTransformer/Electricity_100_336_192/dae723a529fc477e72409442147d20be/iTransformer_014.pt saved
2025-08-28 12:43:22,723 - easytorch-training - INFO - The estimated training finish time is 2025-08-28 15:04:52
2025-08-28 12:43:22,723 - easytorch-training - INFO - Epoch 15 / 100
2025-08-28 12:44:41,527 - easytorch-training - INFO - Result <train>: [train/time: 78.80 (s), train/lr: 2.50e-04, train/loss: 0.2234, train/MAE: 0.2234, train/MSE: 0.1262]
2025-08-28 12:44:41,528 - easytorch-training - INFO - Start validation.
2025-08-28 12:44:47,686 - easytorch-training - INFO - Result <val>: [val/time: 6.16 (s), val/loss: 0.2193, val/MAE: 0.2193, val/MSE: 0.1315]
2025-08-28 12:44:47,799 - easytorch-training - INFO - Checkpoint checkpoints/iTransformer/Electricity_100_336_192/dae723a529fc477e72409442147d20be/iTransformer_best_val_MAE.pt saved
2025-08-28 12:45:01,643 - easytorch-training - INFO - Result <test>: [test/time: 13.83 (s), test/loss: 0.2438, test/MAE: 0.2438, test/MSE: 0.1532]
2025-08-28 12:45:01,715 - easytorch-training - INFO - Checkpoint checkpoints/iTransformer/Electricity_100_336_192/dae723a529fc477e72409442147d20be/iTransformer_015.pt saved
2025-08-28 12:45:01,715 - easytorch-training - INFO - The estimated training finish time is 2025-08-28 15:04:54
2025-08-28 12:45:01,715 - easytorch-training - INFO - Epoch 16 / 100
2025-08-28 12:46:21,003 - easytorch-training - INFO - Result <train>: [train/time: 79.29 (s), train/lr: 2.50e-04, train/loss: 0.2222, train/MAE: 0.2222, train/MSE: 0.1250]
2025-08-28 12:46:21,005 - easytorch-training - INFO - Start validation.
2025-08-28 12:46:27,143 - easytorch-training - INFO - Result <val>: [val/time: 6.14 (s), val/loss: 0.2193, val/MAE: 0.2193, val/MSE: 0.1313]
2025-08-28 12:46:40,846 - easytorch-training - INFO - Result <test>: [test/time: 13.69 (s), test/loss: 0.2436, test/MAE: 0.2436, test/MSE: 0.1531]
2025-08-28 12:46:40,916 - easytorch-training - INFO - Checkpoint checkpoints/iTransformer/Electricity_100_336_192/dae723a529fc477e72409442147d20be/iTransformer_016.pt saved
2025-08-28 12:46:40,917 - easytorch-training - INFO - The estimated training finish time is 2025-08-28 15:04:57
2025-08-28 12:46:40,917 - easytorch-training - INFO - Epoch 17 / 100
2025-08-28 12:47:59,625 - easytorch-training - INFO - Result <train>: [train/time: 78.71 (s), train/lr: 2.50e-04, train/loss: 0.2213, train/MAE: 0.2213, train/MSE: 0.1239]
2025-08-28 12:47:59,627 - easytorch-training - INFO - Start validation.
2025-08-28 12:48:05,450 - easytorch-training - INFO - Result <val>: [val/time: 5.82 (s), val/loss: 0.2194, val/MAE: 0.2194, val/MSE: 0.1314]
2025-08-28 12:48:18,699 - easytorch-training - INFO - Result <test>: [test/time: 13.24 (s), test/loss: 0.2444, test/MAE: 0.2444, test/MSE: 0.1538]
2025-08-28 12:48:18,772 - easytorch-training - INFO - Checkpoint checkpoints/iTransformer/Electricity_100_336_192/dae723a529fc477e72409442147d20be/iTransformer_017.pt saved
2025-08-28 12:48:18,772 - easytorch-training - INFO - The estimated training finish time is 2025-08-28 15:04:51
2025-08-28 12:48:18,772 - easytorch-training - INFO - Epoch 18 / 100
2025-08-28 12:49:37,566 - easytorch-training - INFO - Result <train>: [train/time: 78.79 (s), train/lr: 2.50e-04, train/loss: 0.2202, train/MAE: 0.2202, train/MSE: 0.1227]
2025-08-28 12:49:37,567 - easytorch-training - INFO - Start validation.
2025-08-28 12:49:43,389 - easytorch-training - INFO - Result <val>: [val/time: 5.82 (s), val/loss: 0.2182, val/MAE: 0.2182, val/MSE: 0.1305]
2025-08-28 12:49:43,510 - easytorch-training - INFO - Checkpoint checkpoints/iTransformer/Electricity_100_336_192/dae723a529fc477e72409442147d20be/iTransformer_best_val_MAE.pt saved
2025-08-28 12:49:56,699 - easytorch-training - INFO - Result <test>: [test/time: 13.18 (s), test/loss: 0.2433, test/MAE: 0.2433, test/MSE: 0.1531]
2025-08-28 12:49:56,779 - easytorch-training - INFO - Checkpoint checkpoints/iTransformer/Electricity_100_336_192/dae723a529fc477e72409442147d20be/iTransformer_018.pt saved
2025-08-28 12:49:56,779 - easytorch-training - INFO - The estimated training finish time is 2025-08-28 15:04:47
2025-08-28 12:49:56,779 - easytorch-training - INFO - Epoch 19 / 100
2025-08-28 12:51:16,038 - easytorch-training - INFO - Result <train>: [train/time: 79.26 (s), train/lr: 2.50e-04, train/loss: 0.2193, train/MAE: 0.2193, train/MSE: 0.1217]
2025-08-28 12:51:16,039 - easytorch-training - INFO - Start validation.
2025-08-28 12:51:22,163 - easytorch-training - INFO - Result <val>: [val/time: 6.12 (s), val/loss: 0.2188, val/MAE: 0.2188, val/MSE: 0.1309]
2025-08-28 12:51:35,786 - easytorch-training - INFO - Result <test>: [test/time: 13.61 (s), test/loss: 0.2429, test/MAE: 0.2429, test/MSE: 0.1524]
2025-08-28 12:51:35,858 - easytorch-training - INFO - Checkpoint checkpoints/iTransformer/Electricity_100_336_192/dae723a529fc477e72409442147d20be/iTransformer_019.pt saved
2025-08-28 12:51:35,858 - easytorch-training - INFO - The estimated training finish time is 2025-08-28 15:04:49
2025-08-28 12:51:35,858 - easytorch-training - INFO - Epoch 20 / 100
2025-08-28 12:52:55,014 - easytorch-training - INFO - Result <train>: [train/time: 79.16 (s), train/lr: 2.50e-04, train/loss: 0.2185, train/MAE: 0.2185, train/MSE: 0.1206]
2025-08-28 12:52:55,014 - easytorch-training - INFO - Start validation.
2025-08-28 12:53:01,129 - easytorch-training - INFO - Result <val>: [val/time: 6.11 (s), val/loss: 0.2186, val/MAE: 0.2186, val/MSE: 0.1309]
2025-08-28 12:53:14,790 - easytorch-training - INFO - Result <test>: [test/time: 13.65 (s), test/loss: 0.2450, test/MAE: 0.2450, test/MSE: 0.1547]
2025-08-28 12:53:14,860 - easytorch-training - INFO - Checkpoint checkpoints/iTransformer/Electricity_100_336_192/dae723a529fc477e72409442147d20be/iTransformer_020.pt saved
2025-08-28 12:53:14,902 - easytorch-training - INFO - The estimated training finish time is 2025-08-28 15:04:51
2025-08-28 12:53:14,902 - easytorch-training - INFO - Epoch 21 / 100
2025-08-28 12:54:34,174 - easytorch-training - INFO - Result <train>: [train/time: 79.27 (s), train/lr: 2.50e-04, train/loss: 0.2176, train/MAE: 0.2176, train/MSE: 0.1196]
2025-08-28 12:54:34,175 - easytorch-training - INFO - Start validation.
2025-08-28 12:54:40,349 - easytorch-training - INFO - Result <val>: [val/time: 6.17 (s), val/loss: 0.2173, val/MAE: 0.2173, val/MSE: 0.1298]
2025-08-28 12:54:40,467 - easytorch-training - INFO - Checkpoint checkpoints/iTransformer/Electricity_100_336_192/dae723a529fc477e72409442147d20be/iTransformer_best_val_MAE.pt saved
2025-08-28 12:54:54,227 - easytorch-training - INFO - Result <test>: [test/time: 13.75 (s), test/loss: 0.2427, test/MAE: 0.2427, test/MSE: 0.1529]
2025-08-28 12:54:54,299 - easytorch-training - INFO - Checkpoint checkpoints/iTransformer/Electricity_100_336_192/dae723a529fc477e72409442147d20be/iTransformer_021.pt saved
2025-08-28 12:54:54,299 - easytorch-training - INFO - The estimated training finish time is 2025-08-28 15:04:54
2025-08-28 12:54:54,299 - easytorch-training - INFO - Epoch 22 / 100
2025-08-28 12:56:13,475 - easytorch-training - INFO - Result <train>: [train/time: 79.18 (s), train/lr: 2.50e-04, train/loss: 0.2168, train/MAE: 0.2168, train/MSE: 0.1187]
2025-08-28 12:56:13,476 - easytorch-training - INFO - Start validation.
2025-08-28 12:56:19,652 - easytorch-training - INFO - Result <val>: [val/time: 6.18 (s), val/loss: 0.2176, val/MAE: 0.2176, val/MSE: 0.1302]
2025-08-28 12:56:33,332 - easytorch-training - INFO - Result <test>: [test/time: 13.67 (s), test/loss: 0.2426, test/MAE: 0.2426, test/MSE: 0.1530]
2025-08-28 12:56:33,403 - easytorch-training - INFO - Checkpoint checkpoints/iTransformer/Electricity_100_336_192/dae723a529fc477e72409442147d20be/iTransformer_022.pt saved
2025-08-28 12:56:33,404 - easytorch-training - INFO - The estimated training finish time is 2025-08-28 15:04:56
2025-08-28 12:56:33,404 - easytorch-training - INFO - Epoch 23 / 100
2025-08-28 12:57:52,621 - easytorch-training - INFO - Result <train>: [train/time: 79.22 (s), train/lr: 2.50e-04, train/loss: 0.2161, train/MAE: 0.2161, train/MSE: 0.1178]
2025-08-28 12:57:52,622 - easytorch-training - INFO - Start validation.
2025-08-28 12:57:58,777 - easytorch-training - INFO - Result <val>: [val/time: 6.15 (s), val/loss: 0.2177, val/MAE: 0.2177, val/MSE: 0.1302]
2025-08-28 12:58:12,577 - easytorch-training - INFO - Result <test>: [test/time: 13.79 (s), test/loss: 0.2432, test/MAE: 0.2432, test/MSE: 0.1536]
2025-08-28 12:58:12,650 - easytorch-training - INFO - Checkpoint checkpoints/iTransformer/Electricity_100_336_192/dae723a529fc477e72409442147d20be/iTransformer_023.pt saved
2025-08-28 12:58:12,650 - easytorch-training - INFO - The estimated training finish time is 2025-08-28 15:04:58
2025-08-28 12:58:12,650 - easytorch-training - INFO - Epoch 24 / 100
2025-08-28 12:59:31,790 - easytorch-training - INFO - Result <train>: [train/time: 79.14 (s), train/lr: 2.50e-04, train/loss: 0.2154, train/MAE: 0.2154, train/MSE: 0.1170]
2025-08-28 12:59:31,792 - easytorch-training - INFO - Start validation.
2025-08-28 12:59:37,922 - easytorch-training - INFO - Result <val>: [val/time: 6.13 (s), val/loss: 0.2174, val/MAE: 0.2174, val/MSE: 0.1302]
2025-08-28 12:59:51,638 - easytorch-training - INFO - Result <test>: [test/time: 13.71 (s), test/loss: 0.2448, test/MAE: 0.2448, test/MSE: 0.1555]
2025-08-28 12:59:51,711 - easytorch-training - INFO - Checkpoint checkpoints/iTransformer/Electricity_100_336_192/dae723a529fc477e72409442147d20be/iTransformer_024.pt saved
2025-08-28 12:59:51,711 - easytorch-training - INFO - The estimated training finish time is 2025-08-28 15:04:59
2025-08-28 12:59:51,711 - easytorch-training - INFO - Epoch 25 / 100
2025-08-28 13:01:10,465 - easytorch-training - INFO - Result <train>: [train/time: 78.75 (s), train/lr: 2.50e-04, train/loss: 0.2147, train/MAE: 0.2147, train/MSE: 0.1162]
2025-08-28 13:01:10,466 - easytorch-training - INFO - Start validation.
2025-08-28 13:01:16,306 - easytorch-training - INFO - Result <val>: [val/time: 5.84 (s), val/loss: 0.2166, val/MAE: 0.2166, val/MSE: 0.1293]
2025-08-28 13:01:16,425 - easytorch-training - INFO - Checkpoint checkpoints/iTransformer/Electricity_100_336_192/dae723a529fc477e72409442147d20be/iTransformer_best_val_MAE.pt saved
2025-08-28 13:01:29,817 - easytorch-training - INFO - Result <test>: [test/time: 13.38 (s), test/loss: 0.2419, test/MAE: 0.2419, test/MSE: 0.1526]
2025-08-28 13:01:29,887 - easytorch-training - INFO - Checkpoint checkpoints/iTransformer/Electricity_100_336_192/dae723a529fc477e72409442147d20be/iTransformer_025.pt saved
2025-08-28 13:01:29,888 - easytorch-training - INFO - The estimated training finish time is 2025-08-28 15:04:57
2025-08-28 13:01:29,888 - easytorch-training - INFO - Epoch 26 / 100
2025-08-28 13:02:48,660 - easytorch-training - INFO - Result <train>: [train/time: 78.77 (s), train/lr: 1.25e-04, train/loss: 0.2128, train/MAE: 0.2128, train/MSE: 0.1145]
2025-08-28 13:02:48,661 - easytorch-training - INFO - Start validation.
2025-08-28 13:02:54,746 - easytorch-training - INFO - Result <val>: [val/time: 6.08 (s), val/loss: 0.2158, val/MAE: 0.2158, val/MSE: 0.1291]
2025-08-28 13:02:54,845 - easytorch-training - INFO - Checkpoint checkpoints/iTransformer/Electricity_100_336_192/dae723a529fc477e72409442147d20be/iTransformer_best_val_MAE.pt saved
2025-08-28 13:03:08,515 - easytorch-training - INFO - Result <test>: [test/time: 13.66 (s), test/loss: 0.2419, test/MAE: 0.2419, test/MSE: 0.1532]
2025-08-28 13:03:08,589 - easytorch-training - INFO - Checkpoint checkpoints/iTransformer/Electricity_100_336_192/dae723a529fc477e72409442147d20be/iTransformer_026.pt saved
2025-08-28 13:03:08,589 - easytorch-training - INFO - The estimated training finish time is 2025-08-28 15:04:57
2025-08-28 13:03:08,589 - easytorch-training - INFO - Epoch 27 / 100
2025-08-28 13:04:27,811 - easytorch-training - INFO - Result <train>: [train/time: 79.22 (s), train/lr: 1.25e-04, train/loss: 0.2123, train/MAE: 0.2123, train/MSE: 0.1139]
2025-08-28 13:04:27,812 - easytorch-training - INFO - Start validation.
2025-08-28 13:04:33,915 - easytorch-training - INFO - Result <val>: [val/time: 6.10 (s), val/loss: 0.2157, val/MAE: 0.2157, val/MSE: 0.1288]
2025-08-28 13:04:34,051 - easytorch-training - INFO - Checkpoint checkpoints/iTransformer/Electricity_100_336_192/dae723a529fc477e72409442147d20be/iTransformer_best_val_MAE.pt saved
2025-08-28 13:04:47,563 - easytorch-training - INFO - Result <test>: [test/time: 13.50 (s), test/loss: 0.2423, test/MAE: 0.2423, test/MSE: 0.1533]
2025-08-28 13:04:47,637 - easytorch-training - INFO - Checkpoint checkpoints/iTransformer/Electricity_100_336_192/dae723a529fc477e72409442147d20be/iTransformer_027.pt saved
2025-08-28 13:04:47,637 - easytorch-training - INFO - The estimated training finish time is 2025-08-28 15:04:58
2025-08-28 13:04:47,638 - easytorch-training - INFO - Epoch 28 / 100
2025-08-28 13:06:06,350 - easytorch-training - INFO - Result <train>: [train/time: 78.71 (s), train/lr: 1.25e-04, train/loss: 0.2120, train/MAE: 0.2120, train/MSE: 0.1136]
2025-08-28 13:06:06,351 - easytorch-training - INFO - Start validation.
2025-08-28 13:06:12,491 - easytorch-training - INFO - Result <val>: [val/time: 6.14 (s), val/loss: 0.2160, val/MAE: 0.2160, val/MSE: 0.1293]
2025-08-28 13:06:26,315 - easytorch-training - INFO - Result <test>: [test/time: 13.81 (s), test/loss: 0.2427, test/MAE: 0.2427, test/MSE: 0.1538]
2025-08-28 13:06:26,386 - easytorch-training - INFO - Checkpoint checkpoints/iTransformer/Electricity_100_336_192/dae723a529fc477e72409442147d20be/iTransformer_028.pt saved
2025-08-28 13:06:26,386 - easytorch-training - INFO - The estimated training finish time is 2025-08-28 15:04:58
2025-08-28 13:06:26,386 - easytorch-training - INFO - Epoch 29 / 100
2025-08-28 13:07:45,599 - easytorch-training - INFO - Result <train>: [train/time: 79.21 (s), train/lr: 1.25e-04, train/loss: 0.2118, train/MAE: 0.2118, train/MSE: 0.1133]
2025-08-28 13:07:45,600 - easytorch-training - INFO - Start validation.
2025-08-28 13:07:51,691 - easytorch-training - INFO - Result <val>: [val/time: 6.09 (s), val/loss: 0.2158, val/MAE: 0.2158, val/MSE: 0.1289]
2025-08-28 13:08:05,276 - easytorch-training - INFO - Result <test>: [test/time: 13.57 (s), test/loss: 0.2424, test/MAE: 0.2424, test/MSE: 0.1533]
2025-08-28 13:08:05,352 - easytorch-training - INFO - Checkpoint checkpoints/iTransformer/Electricity_100_336_192/dae723a529fc477e72409442147d20be/iTransformer_029.pt saved
2025-08-28 13:08:05,352 - easytorch-training - INFO - The estimated training finish time is 2025-08-28 15:04:58
2025-08-28 13:08:05,352 - easytorch-training - INFO - Epoch 30 / 100
2025-08-28 13:09:24,526 - easytorch-training - INFO - Result <train>: [train/time: 79.17 (s), train/lr: 1.25e-04, train/loss: 0.2115, train/MAE: 0.2115, train/MSE: 0.1129]
2025-08-28 13:09:24,527 - easytorch-training - INFO - Start validation.
2025-08-28 13:09:30,595 - easytorch-training - INFO - Result <val>: [val/time: 6.07 (s), val/loss: 0.2160, val/MAE: 0.2160, val/MSE: 0.1293]
2025-08-28 13:09:43,913 - easytorch-training - INFO - Result <test>: [test/time: 13.31 (s), test/loss: 0.2428, test/MAE: 0.2428, test/MSE: 0.1541]
2025-08-28 13:09:43,991 - easytorch-training - INFO - Checkpoint checkpoints/iTransformer/Electricity_100_336_192/dae723a529fc477e72409442147d20be/iTransformer_030.pt saved
2025-08-28 13:09:44,035 - easytorch-training - INFO - The estimated training finish time is 2025-08-28 15:04:58
2025-08-28 13:09:44,035 - easytorch-training - INFO - Epoch 31 / 100
2025-08-28 13:11:03,489 - easytorch-training - INFO - Result <train>: [train/time: 79.45 (s), train/lr: 1.25e-04, train/loss: 0.2112, train/MAE: 0.2112, train/MSE: 0.1126]
2025-08-28 13:11:03,491 - easytorch-training - INFO - Start validation.
2025-08-28 13:11:09,635 - easytorch-training - INFO - Result <val>: [val/time: 6.14 (s), val/loss: 0.2159, val/MAE: 0.2159, val/MSE: 0.1291]
2025-08-28 13:11:23,427 - easytorch-training - INFO - Result <test>: [test/time: 13.78 (s), test/loss: 0.2418, test/MAE: 0.2418, test/MSE: 0.1531]
2025-08-28 13:11:23,499 - easytorch-training - INFO - Checkpoint checkpoints/iTransformer/Electricity_100_336_192/dae723a529fc477e72409442147d20be/iTransformer_031.pt saved
2025-08-28 13:11:23,500 - easytorch-training - INFO - The estimated training finish time is 2025-08-28 15:05:00
2025-08-28 13:11:23,500 - easytorch-training - INFO - Epoch 32 / 100
2025-08-28 13:12:42,683 - easytorch-training - INFO - Result <train>: [train/time: 79.18 (s), train/lr: 1.25e-04, train/loss: 0.2109, train/MAE: 0.2109, train/MSE: 0.1123]
2025-08-28 13:12:42,684 - easytorch-training - INFO - Start validation.
2025-08-28 13:12:48,704 - easytorch-training - INFO - Result <val>: [val/time: 6.02 (s), val/loss: 0.2164, val/MAE: 0.2164, val/MSE: 0.1294]
2025-08-28 13:13:02,284 - easytorch-training - INFO - Result <test>: [test/time: 13.57 (s), test/loss: 0.2427, test/MAE: 0.2427, test/MSE: 0.1538]
2025-08-28 13:13:02,359 - easytorch-training - INFO - Checkpoint checkpoints/iTransformer/Electricity_100_336_192/dae723a529fc477e72409442147d20be/iTransformer_032.pt saved
2025-08-28 13:13:02,359 - easytorch-training - INFO - The estimated training finish time is 2025-08-28 15:05:00
2025-08-28 13:13:02,359 - easytorch-training - INFO - Epoch 33 / 100
2025-08-28 13:14:21,558 - easytorch-training - INFO - Result <train>: [train/time: 79.20 (s), train/lr: 1.25e-04, train/loss: 0.2106, train/MAE: 0.2106, train/MSE: 0.1119]
2025-08-28 13:14:21,559 - easytorch-training - INFO - Start validation.
2025-08-28 13:14:27,901 - easytorch-training - INFO - Result <val>: [val/time: 6.34 (s), val/loss: 0.2162, val/MAE: 0.2162, val/MSE: 0.1296]
2025-08-28 13:14:42,128 - easytorch-training - INFO - Result <test>: [test/time: 14.21 (s), test/loss: 0.2431, test/MAE: 0.2431, test/MSE: 0.1549]
2025-08-28 13:14:42,205 - easytorch-training - INFO - Checkpoint checkpoints/iTransformer/Electricity_100_336_192/dae723a529fc477e72409442147d20be/iTransformer_033.pt saved
2025-08-28 13:14:42,206 - easytorch-training - INFO - The estimated training finish time is 2025-08-28 15:05:04
2025-08-28 13:14:42,206 - easytorch-training - INFO - Epoch 34 / 100
2025-08-28 13:16:01,612 - easytorch-training - INFO - Result <train>: [train/time: 79.41 (s), train/lr: 1.25e-04, train/loss: 0.2103, train/MAE: 0.2103, train/MSE: 0.1117]
2025-08-28 13:16:01,613 - easytorch-training - INFO - Start validation.
2025-08-28 13:16:07,712 - easytorch-training - INFO - Result <val>: [val/time: 6.10 (s), val/loss: 0.2157, val/MAE: 0.2157, val/MSE: 0.1291]
2025-08-28 13:16:21,236 - easytorch-training - INFO - Result <test>: [test/time: 13.51 (s), test/loss: 0.2411, test/MAE: 0.2411, test/MSE: 0.1524]
2025-08-28 13:16:21,307 - easytorch-training - INFO - Checkpoint checkpoints/iTransformer/Electricity_100_336_192/dae723a529fc477e72409442147d20be/iTransformer_034.pt saved
2025-08-28 13:16:21,307 - easytorch-training - INFO - The estimated training finish time is 2025-08-28 15:05:04
2025-08-28 13:16:21,307 - easytorch-training - INFO - Epoch 35 / 100
2025-08-28 13:17:40,024 - easytorch-training - INFO - Result <train>: [train/time: 78.72 (s), train/lr: 1.25e-04, train/loss: 0.2101, train/MAE: 0.2101, train/MSE: 0.1114]
2025-08-28 13:17:40,025 - easytorch-training - INFO - Start validation.
2025-08-28 13:17:46,053 - easytorch-training - INFO - Result <val>: [val/time: 6.03 (s), val/loss: 0.2161, val/MAE: 0.2161, val/MSE: 0.1292]
2025-08-28 13:17:59,445 - easytorch-training - INFO - Result <test>: [test/time: 13.38 (s), test/loss: 0.2422, test/MAE: 0.2422, test/MSE: 0.1536]
2025-08-28 13:17:59,515 - easytorch-training - INFO - Checkpoint checkpoints/iTransformer/Electricity_100_336_192/dae723a529fc477e72409442147d20be/iTransformer_035.pt saved
2025-08-28 13:17:59,516 - easytorch-training - INFO - The estimated training finish time is 2025-08-28 15:05:03
2025-08-28 13:17:59,516 - easytorch-training - INFO - Epoch 36 / 100
2025-08-28 13:19:18,160 - easytorch-training - INFO - Result <train>: [train/time: 78.64 (s), train/lr: 1.25e-04, train/loss: 0.2098, train/MAE: 0.2098, train/MSE: 0.1111]
2025-08-28 13:19:18,161 - easytorch-training - INFO - Start validation.
2025-08-28 13:19:24,205 - easytorch-training - INFO - Result <val>: [val/time: 6.04 (s), val/loss: 0.2160, val/MAE: 0.2160, val/MSE: 0.1292]
2025-08-28 13:19:37,745 - easytorch-training - INFO - Result <test>: [test/time: 13.53 (s), test/loss: 0.2418, test/MAE: 0.2418, test/MSE: 0.1533]
2025-08-28 13:19:37,815 - easytorch-training - INFO - Checkpoint checkpoints/iTransformer/Electricity_100_336_192/dae723a529fc477e72409442147d20be/iTransformer_036.pt saved
2025-08-28 13:19:37,815 - easytorch-training - INFO - The estimated training finish time is 2025-08-28 15:05:01
2025-08-28 13:19:37,815 - easytorch-training - INFO - Epoch 37 / 100
2025-08-28 13:20:57,098 - easytorch-training - INFO - Result <train>: [train/time: 79.28 (s), train/lr: 1.25e-04, train/loss: 0.2096, train/MAE: 0.2096, train/MSE: 0.1108]
2025-08-28 13:20:57,099 - easytorch-training - INFO - Start validation.
2025-08-28 13:21:03,059 - easytorch-training - INFO - Result <val>: [val/time: 5.96 (s), val/loss: 0.2162, val/MAE: 0.2162, val/MSE: 0.1295]
2025-08-28 13:21:16,575 - easytorch-training - INFO - Result <test>: [test/time: 13.51 (s), test/loss: 0.2432, test/MAE: 0.2432, test/MSE: 0.1545]
2025-08-28 13:21:16,646 - easytorch-training - INFO - Checkpoint checkpoints/iTransformer/Electricity_100_336_192/dae723a529fc477e72409442147d20be/iTransformer_037.pt saved
2025-08-28 13:21:16,647 - easytorch-training - INFO - The estimated training finish time is 2025-08-28 15:05:01
2025-08-28 13:21:16,647 - easytorch-training - INFO - Epoch 38 / 100
2025-08-28 13:22:35,312 - easytorch-training - INFO - Result <train>: [train/time: 78.66 (s), train/lr: 1.25e-04, train/loss: 0.2093, train/MAE: 0.2093, train/MSE: 0.1105]
2025-08-28 13:22:35,313 - easytorch-training - INFO - Start validation.
2025-08-28 13:22:41,049 - easytorch-training - INFO - Result <val>: [val/time: 5.74 (s), val/loss: 0.2159, val/MAE: 0.2159, val/MSE: 0.1294]
2025-08-28 13:22:54,139 - easytorch-training - INFO - Result <test>: [test/time: 13.08 (s), test/loss: 0.2428, test/MAE: 0.2428, test/MSE: 0.1548]
2025-08-28 13:22:54,211 - easytorch-training - INFO - Checkpoint checkpoints/iTransformer/Electricity_100_336_192/dae723a529fc477e72409442147d20be/iTransformer_038.pt saved
2025-08-28 13:22:54,212 - easytorch-training - INFO - The estimated training finish time is 2025-08-28 15:04:58
2025-08-28 13:22:54,212 - easytorch-training - INFO - Epoch 39 / 100
2025-08-28 13:24:12,879 - easytorch-training - INFO - Result <train>: [train/time: 78.67 (s), train/lr: 1.25e-04, train/loss: 0.2091, train/MAE: 0.2091, train/MSE: 0.1103]
2025-08-28 13:24:12,880 - easytorch-training - INFO - Start validation.
2025-08-28 13:24:18,822 - easytorch-training - INFO - Result <val>: [val/time: 5.94 (s), val/loss: 0.2160, val/MAE: 0.2160, val/MSE: 0.1294]
2025-08-28 13:24:32,060 - easytorch-training - INFO - Result <test>: [test/time: 13.23 (s), test/loss: 0.2429, test/MAE: 0.2429, test/MSE: 0.1545]
2025-08-28 13:24:32,131 - easytorch-training - INFO - Checkpoint checkpoints/iTransformer/Electricity_100_336_192/dae723a529fc477e72409442147d20be/iTransformer_039.pt saved
2025-08-28 13:24:32,132 - easytorch-training - INFO - The estimated training finish time is 2025-08-28 15:04:56
2025-08-28 13:24:32,132 - easytorch-training - INFO - Epoch 40 / 100
2025-08-28 13:25:51,085 - easytorch-training - INFO - Result <train>: [train/time: 78.95 (s), train/lr: 1.25e-04, train/loss: 0.2089, train/MAE: 0.2089, train/MSE: 0.1100]
2025-08-28 13:25:51,086 - easytorch-training - INFO - Start validation.
2025-08-28 13:25:57,121 - easytorch-training - INFO - Result <val>: [val/time: 6.03 (s), val/loss: 0.2156, val/MAE: 0.2156, val/MSE: 0.1290]
2025-08-28 13:25:57,240 - easytorch-training - INFO - Checkpoint checkpoints/iTransformer/Electricity_100_336_192/dae723a529fc477e72409442147d20be/iTransformer_best_val_MAE.pt saved
2025-08-28 13:26:10,834 - easytorch-training - INFO - Result <test>: [test/time: 13.59 (s), test/loss: 0.2428, test/MAE: 0.2428, test/MSE: 0.1542]
2025-08-28 13:26:10,911 - easytorch-training - INFO - Checkpoint checkpoints/iTransformer/Electricity_100_336_192/dae723a529fc477e72409442147d20be/iTransformer_040.pt saved
2025-08-28 13:26:10,954 - easytorch-training - INFO - The estimated training finish time is 2025-08-28 15:04:56
2025-08-28 13:26:10,954 - easytorch-training - INFO - Epoch 41 / 100
2025-08-28 13:27:30,209 - easytorch-training - INFO - Result <train>: [train/time: 79.26 (s), train/lr: 1.25e-04, train/loss: 0.2086, train/MAE: 0.2086, train/MSE: 0.1097]
2025-08-28 13:27:30,211 - easytorch-training - INFO - Start validation.
2025-08-28 13:27:36,430 - easytorch-training - INFO - Result <val>: [val/time: 6.22 (s), val/loss: 0.2157, val/MAE: 0.2157, val/MSE: 0.1292]
2025-08-28 13:27:50,285 - easytorch-training - INFO - Result <test>: [test/time: 13.84 (s), test/loss: 0.2415, test/MAE: 0.2415, test/MSE: 0.1533]
2025-08-28 13:27:50,372 - easytorch-training - INFO - Checkpoint checkpoints/iTransformer/Electricity_100_336_192/dae723a529fc477e72409442147d20be/iTransformer_041.pt saved
2025-08-28 13:27:50,373 - easytorch-training - INFO - The estimated training finish time is 2025-08-28 15:04:57
2025-08-28 13:27:50,373 - easytorch-training - INFO - Epoch 42 / 100
2025-08-28 13:29:09,606 - easytorch-training - INFO - Result <train>: [train/time: 79.23 (s), train/lr: 1.25e-04, train/loss: 0.2084, train/MAE: 0.2084, train/MSE: 0.1095]
2025-08-28 13:29:09,607 - easytorch-training - INFO - Start validation.
2025-08-28 13:29:15,776 - easytorch-training - INFO - Result <val>: [val/time: 6.17 (s), val/loss: 0.2156, val/MAE: 0.2156, val/MSE: 0.1289]
2025-08-28 13:29:29,415 - easytorch-training - INFO - Result <test>: [test/time: 13.63 (s), test/loss: 0.2421, test/MAE: 0.2421, test/MSE: 0.1535]
2025-08-28 13:29:29,492 - easytorch-training - INFO - Checkpoint checkpoints/iTransformer/Electricity_100_336_192/dae723a529fc477e72409442147d20be/iTransformer_042.pt saved
2025-08-28 13:29:29,493 - easytorch-training - INFO - The estimated training finish time is 2025-08-28 15:04:58
2025-08-28 13:29:29,493 - easytorch-training - INFO - Epoch 43 / 100
2025-08-28 13:30:48,614 - easytorch-training - INFO - Result <train>: [train/time: 79.12 (s), train/lr: 1.25e-04, train/loss: 0.2082, train/MAE: 0.2082, train/MSE: 0.1093]
2025-08-28 13:30:48,615 - easytorch-training - INFO - Start validation.
2025-08-28 13:30:54,743 - easytorch-training - INFO - Result <val>: [val/time: 6.13 (s), val/loss: 0.2160, val/MAE: 0.2160, val/MSE: 0.1295]
2025-08-28 13:31:08,581 - easytorch-training - INFO - Result <test>: [test/time: 13.83 (s), test/loss: 0.2426, test/MAE: 0.2426, test/MSE: 0.1545]
2025-08-28 13:31:08,658 - easytorch-training - INFO - Checkpoint checkpoints/iTransformer/Electricity_100_336_192/dae723a529fc477e72409442147d20be/iTransformer_043.pt saved
2025-08-28 13:31:08,659 - easytorch-training - INFO - The estimated training finish time is 2025-08-28 15:04:59
2025-08-28 13:31:08,659 - easytorch-training - INFO - Epoch 44 / 100
2025-08-28 13:32:27,716 - easytorch-training - INFO - Result <train>: [train/time: 79.06 (s), train/lr: 1.25e-04, train/loss: 0.2080, train/MAE: 0.2080, train/MSE: 0.1091]
2025-08-28 13:32:27,717 - easytorch-training - INFO - Start validation.
2025-08-28 13:32:33,830 - easytorch-training - INFO - Result <val>: [val/time: 6.11 (s), val/loss: 0.2160, val/MAE: 0.2160, val/MSE: 0.1298]
2025-08-28 13:32:47,618 - easytorch-training - INFO - Result <test>: [test/time: 13.78 (s), test/loss: 0.2432, test/MAE: 0.2432, test/MSE: 0.1554]
2025-08-28 13:32:47,689 - easytorch-training - INFO - Checkpoint checkpoints/iTransformer/Electricity_100_336_192/dae723a529fc477e72409442147d20be/iTransformer_044.pt saved
2025-08-28 13:32:47,689 - easytorch-training - INFO - The estimated training finish time is 2025-08-28 15:05:00
2025-08-28 13:32:47,689 - easytorch-training - INFO - Epoch 45 / 100
2025-08-28 13:34:06,823 - easytorch-training - INFO - Result <train>: [train/time: 79.13 (s), train/lr: 1.25e-04, train/loss: 0.2078, train/MAE: 0.2078, train/MSE: 0.1088]
2025-08-28 13:34:06,824 - easytorch-training - INFO - Start validation.
2025-08-28 13:34:12,899 - easytorch-training - INFO - Result <val>: [val/time: 6.07 (s), val/loss: 0.2155, val/MAE: 0.2155, val/MSE: 0.1292]
2025-08-28 13:34:13,015 - easytorch-training - INFO - Checkpoint checkpoints/iTransformer/Electricity_100_336_192/dae723a529fc477e72409442147d20be/iTransformer_best_val_MAE.pt saved
2025-08-28 13:34:26,714 - easytorch-training - INFO - Result <test>: [test/time: 13.69 (s), test/loss: 0.2422, test/MAE: 0.2422, test/MSE: 0.1540]
2025-08-28 13:34:26,784 - easytorch-training - INFO - Checkpoint checkpoints/iTransformer/Electricity_100_336_192/dae723a529fc477e72409442147d20be/iTransformer_045.pt saved
2025-08-28 13:34:26,784 - easytorch-training - INFO - The estimated training finish time is 2025-08-28 15:05:00
2025-08-28 13:34:26,784 - easytorch-training - INFO - Epoch 46 / 100
2025-08-28 13:35:45,881 - easytorch-training - INFO - Result <train>: [train/time: 79.10 (s), train/lr: 1.25e-04, train/loss: 0.2076, train/MAE: 0.2076, train/MSE: 0.1086]
2025-08-28 13:35:45,882 - easytorch-training - INFO - Start validation.
2025-08-28 13:35:51,995 - easytorch-training - INFO - Result <val>: [val/time: 6.11 (s), val/loss: 0.2160, val/MAE: 0.2160, val/MSE: 0.1296]
2025-08-28 13:36:05,760 - easytorch-training - INFO - Result <test>: [test/time: 13.75 (s), test/loss: 0.2419, test/MAE: 0.2419, test/MSE: 0.1540]
2025-08-28 13:36:05,833 - easytorch-training - INFO - Checkpoint checkpoints/iTransformer/Electricity_100_336_192/dae723a529fc477e72409442147d20be/iTransformer_046.pt saved
2025-08-28 13:36:05,834 - easytorch-training - INFO - The estimated training finish time is 2025-08-28 15:05:01
2025-08-28 13:36:05,834 - easytorch-training - INFO - Epoch 47 / 100
2025-08-28 13:37:25,036 - easytorch-training - INFO - Result <train>: [train/time: 79.20 (s), train/lr: 1.25e-04, train/loss: 0.2074, train/MAE: 0.2074, train/MSE: 0.1084]
2025-08-28 13:37:25,037 - easytorch-training - INFO - Start validation.
2025-08-28 13:37:31,139 - easytorch-training - INFO - Result <val>: [val/time: 6.10 (s), val/loss: 0.2160, val/MAE: 0.2160, val/MSE: 0.1296]
2025-08-28 13:37:44,701 - easytorch-training - INFO - Result <test>: [test/time: 13.55 (s), test/loss: 0.2416, test/MAE: 0.2416, test/MSE: 0.1533]
2025-08-28 13:37:44,780 - easytorch-training - INFO - Checkpoint checkpoints/iTransformer/Electricity_100_336_192/dae723a529fc477e72409442147d20be/iTransformer_047.pt saved
2025-08-28 13:37:44,780 - easytorch-training - INFO - The estimated training finish time is 2025-08-28 15:05:01
2025-08-28 13:37:44,780 - easytorch-training - INFO - Epoch 48 / 100
2025-08-28 13:39:03,801 - easytorch-training - INFO - Result <train>: [train/time: 79.02 (s), train/lr: 1.25e-04, train/loss: 0.2072, train/MAE: 0.2072, train/MSE: 0.1082]
2025-08-28 13:39:03,803 - easytorch-training - INFO - Start validation.
2025-08-28 13:39:09,867 - easytorch-training - INFO - Result <val>: [val/time: 6.06 (s), val/loss: 0.2156, val/MAE: 0.2156, val/MSE: 0.1293]
2025-08-28 13:39:23,514 - easytorch-training - INFO - Result <test>: [test/time: 13.64 (s), test/loss: 0.2418, test/MAE: 0.2418, test/MSE: 0.1535]
2025-08-28 13:39:23,584 - easytorch-training - INFO - Checkpoint checkpoints/iTransformer/Electricity_100_336_192/dae723a529fc477e72409442147d20be/iTransformer_048.pt saved
2025-08-28 13:39:23,584 - easytorch-training - INFO - The estimated training finish time is 2025-08-28 15:05:01
2025-08-28 13:39:23,584 - easytorch-training - INFO - Epoch 49 / 100
2025-08-28 13:40:42,756 - easytorch-training - INFO - Result <train>: [train/time: 79.17 (s), train/lr: 1.25e-04, train/loss: 0.2070, train/MAE: 0.2070, train/MSE: 0.1080]
2025-08-28 13:40:42,758 - easytorch-training - INFO - Start validation.
2025-08-28 13:40:48,822 - easytorch-training - INFO - Result <val>: [val/time: 6.06 (s), val/loss: 0.2154, val/MAE: 0.2154, val/MSE: 0.1294]
2025-08-28 13:40:48,944 - easytorch-training - INFO - Checkpoint checkpoints/iTransformer/Electricity_100_336_192/dae723a529fc477e72409442147d20be/iTransformer_best_val_MAE.pt saved
2025-08-28 13:41:02,530 - easytorch-training - INFO - Result <test>: [test/time: 13.58 (s), test/loss: 0.2413, test/MAE: 0.2413, test/MSE: 0.1536]
2025-08-28 13:41:02,615 - easytorch-training - INFO - Checkpoint checkpoints/iTransformer/Electricity_100_336_192/dae723a529fc477e72409442147d20be/iTransformer_049.pt saved
2025-08-28 13:41:02,615 - easytorch-training - INFO - The estimated training finish time is 2025-08-28 15:05:02
2025-08-28 13:41:02,616 - easytorch-training - INFO - Epoch 50 / 100
2025-08-28 13:42:21,626 - easytorch-training - INFO - Result <train>: [train/time: 79.01 (s), train/lr: 1.25e-04, train/loss: 0.2068, train/MAE: 0.2068, train/MSE: 0.1078]
2025-08-28 13:42:21,627 - easytorch-training - INFO - Start validation.
2025-08-28 13:42:27,700 - easytorch-training - INFO - Result <val>: [val/time: 6.07 (s), val/loss: 0.2154, val/MAE: 0.2154, val/MSE: 0.1290]
2025-08-28 13:42:27,824 - easytorch-training - INFO - Checkpoint checkpoints/iTransformer/Electricity_100_336_192/dae723a529fc477e72409442147d20be/iTransformer_best_val_MAE.pt saved
2025-08-28 13:42:41,323 - easytorch-training - INFO - Result <test>: [test/time: 13.49 (s), test/loss: 0.2426, test/MAE: 0.2426, test/MSE: 0.1547]
2025-08-28 13:42:41,400 - easytorch-training - INFO - Checkpoint checkpoints/iTransformer/Electricity_100_336_192/dae723a529fc477e72409442147d20be/iTransformer_050.pt saved
2025-08-28 13:42:41,444 - easytorch-training - INFO - The estimated training finish time is 2025-08-28 15:05:02
2025-08-28 13:42:41,444 - easytorch-training - INFO - Epoch 51 / 100
2025-08-28 13:44:00,655 - easytorch-training - INFO - Result <train>: [train/time: 79.21 (s), train/lr: 6.25e-05, train/loss: 0.2061, train/MAE: 0.2061, train/MSE: 0.1072]
2025-08-28 13:44:00,656 - easytorch-training - INFO - Start validation.
2025-08-28 13:44:06,857 - easytorch-training - INFO - Result <val>: [val/time: 6.20 (s), val/loss: 0.2148, val/MAE: 0.2148, val/MSE: 0.1287]
2025-08-28 13:44:06,973 - easytorch-training - INFO - Checkpoint checkpoints/iTransformer/Electricity_100_336_192/dae723a529fc477e72409442147d20be/iTransformer_best_val_MAE.pt saved
2025-08-28 13:44:20,893 - easytorch-training - INFO - Result <test>: [test/time: 13.91 (s), test/loss: 0.2412, test/MAE: 0.2412, test/MSE: 0.1532]
2025-08-28 13:44:20,963 - easytorch-training - INFO - Checkpoint checkpoints/iTransformer/Electricity_100_336_192/dae723a529fc477e72409442147d20be/iTransformer_051.pt saved
2025-08-28 13:44:20,963 - easytorch-training - INFO - The estimated training finish time is 2025-08-28 15:05:03
2025-08-28 13:44:20,963 - easytorch-training - INFO - Epoch 52 / 100
2025-08-28 13:45:40,204 - easytorch-training - INFO - Result <train>: [train/time: 79.24 (s), train/lr: 6.25e-05, train/loss: 0.2059, train/MAE: 0.2059, train/MSE: 0.1070]
2025-08-28 13:45:40,205 - easytorch-training - INFO - Start validation.
2025-08-28 13:45:46,355 - easytorch-training - INFO - Result <val>: [val/time: 6.15 (s), val/loss: 0.2151, val/MAE: 0.2151, val/MSE: 0.1289]
2025-08-28 13:46:00,195 - easytorch-training - INFO - Result <test>: [test/time: 13.83 (s), test/loss: 0.2417, test/MAE: 0.2417, test/MSE: 0.1539]
2025-08-28 13:46:00,266 - easytorch-training - INFO - Checkpoint checkpoints/iTransformer/Electricity_100_336_192/dae723a529fc477e72409442147d20be/iTransformer_052.pt saved
2025-08-28 13:46:00,266 - easytorch-training - INFO - The estimated training finish time is 2025-08-28 15:05:04
2025-08-28 13:46:00,266 - easytorch-training - INFO - Epoch 53 / 100
2025-08-28 13:47:19,483 - easytorch-training - INFO - Result <train>: [train/time: 79.22 (s), train/lr: 6.25e-05, train/loss: 0.2058, train/MAE: 0.2058, train/MSE: 0.1068]
2025-08-28 13:47:19,484 - easytorch-training - INFO - Start validation.
2025-08-28 13:47:25,628 - easytorch-training - INFO - Result <val>: [val/time: 6.14 (s), val/loss: 0.2149, val/MAE: 0.2149, val/MSE: 0.1288]
2025-08-28 13:47:39,330 - easytorch-training - INFO - Result <test>: [test/time: 13.69 (s), test/loss: 0.2419, test/MAE: 0.2419, test/MSE: 0.1539]
2025-08-28 13:47:39,401 - easytorch-training - INFO - Checkpoint checkpoints/iTransformer/Electricity_100_336_192/dae723a529fc477e72409442147d20be/iTransformer_053.pt saved
2025-08-28 13:47:39,402 - easytorch-training - INFO - The estimated training finish time is 2025-08-28 15:05:05
2025-08-28 13:47:39,402 - easytorch-training - INFO - Epoch 54 / 100
2025-08-28 13:48:58,140 - easytorch-training - INFO - Result <train>: [train/time: 78.74 (s), train/lr: 6.25e-05, train/loss: 0.2057, train/MAE: 0.2057, train/MSE: 0.1068]
2025-08-28 13:48:58,141 - easytorch-training - INFO - Start validation.
2025-08-28 13:49:04,239 - easytorch-training - INFO - Result <val>: [val/time: 6.10 (s), val/loss: 0.2151, val/MAE: 0.2151, val/MSE: 0.1289]
2025-08-28 13:49:17,810 - easytorch-training - INFO - Result <test>: [test/time: 13.56 (s), test/loss: 0.2418, test/MAE: 0.2418, test/MSE: 0.1538]
2025-08-28 13:49:17,879 - easytorch-training - INFO - Checkpoint checkpoints/iTransformer/Electricity_100_336_192/dae723a529fc477e72409442147d20be/iTransformer_054.pt saved
2025-08-28 13:49:17,880 - easytorch-training - INFO - The estimated training finish time is 2025-08-28 15:05:04
2025-08-28 13:49:17,880 - easytorch-training - INFO - Epoch 55 / 100
2025-08-28 13:50:37,115 - easytorch-training - INFO - Result <train>: [train/time: 79.24 (s), train/lr: 6.25e-05, train/loss: 0.2056, train/MAE: 0.2056, train/MSE: 0.1066]
2025-08-28 13:50:37,117 - easytorch-training - INFO - Start validation.
2025-08-28 13:50:43,249 - easytorch-training - INFO - Result <val>: [val/time: 6.13 (s), val/loss: 0.2152, val/MAE: 0.2152, val/MSE: 0.1291]
2025-08-28 13:50:56,931 - easytorch-training - INFO - Result <test>: [test/time: 13.67 (s), test/loss: 0.2415, test/MAE: 0.2415, test/MSE: 0.1536]
2025-08-28 13:50:57,004 - easytorch-training - INFO - Checkpoint checkpoints/iTransformer/Electricity_100_336_192/dae723a529fc477e72409442147d20be/iTransformer_055.pt saved
2025-08-28 13:50:57,005 - easytorch-training - INFO - The estimated training finish time is 2025-08-28 15:05:04
2025-08-28 13:50:57,005 - easytorch-training - INFO - Epoch 56 / 100
2025-08-28 13:52:15,729 - easytorch-training - INFO - Result <train>: [train/time: 78.72 (s), train/lr: 6.25e-05, train/loss: 0.2055, train/MAE: 0.2055, train/MSE: 0.1065]
2025-08-28 13:52:15,730 - easytorch-training - INFO - Start validation.
2025-08-28 13:52:21,873 - easytorch-training - INFO - Result <val>: [val/time: 6.14 (s), val/loss: 0.2152, val/MAE: 0.2152, val/MSE: 0.1291]
2025-08-28 13:52:35,672 - easytorch-training - INFO - Result <test>: [test/time: 13.79 (s), test/loss: 0.2417, test/MAE: 0.2417, test/MSE: 0.1538]
2025-08-28 13:52:35,741 - easytorch-training - INFO - Checkpoint checkpoints/iTransformer/Electricity_100_336_192/dae723a529fc477e72409442147d20be/iTransformer_056.pt saved
2025-08-28 13:52:35,741 - easytorch-training - INFO - The estimated training finish time is 2025-08-28 15:05:04
2025-08-28 13:52:35,741 - easytorch-training - INFO - Epoch 57 / 100
2025-08-28 13:53:54,882 - easytorch-training - INFO - Result <train>: [train/time: 79.14 (s), train/lr: 6.25e-05, train/loss: 0.2054, train/MAE: 0.2054, train/MSE: 0.1064]
2025-08-28 13:53:54,883 - easytorch-training - INFO - Start validation.
2025-08-28 13:54:01,003 - easytorch-training - INFO - Result <val>: [val/time: 6.12 (s), val/loss: 0.2154, val/MAE: 0.2154, val/MSE: 0.1293]
2025-08-28 13:54:14,647 - easytorch-training - INFO - Result <test>: [test/time: 13.63 (s), test/loss: 0.2422, test/MAE: 0.2422, test/MSE: 0.1545]
2025-08-28 13:54:14,719 - easytorch-training - INFO - Checkpoint checkpoints/iTransformer/Electricity_100_336_192/dae723a529fc477e72409442147d20be/iTransformer_057.pt saved
2025-08-28 13:54:14,719 - easytorch-training - INFO - The estimated training finish time is 2025-08-28 15:05:04
2025-08-28 13:54:14,719 - easytorch-training - INFO - Epoch 58 / 100
2025-08-28 13:55:33,828 - easytorch-training - INFO - Result <train>: [train/time: 79.11 (s), train/lr: 6.25e-05, train/loss: 0.2053, train/MAE: 0.2053, train/MSE: 0.1063]
2025-08-28 13:55:33,829 - easytorch-training - INFO - Start validation.
2025-08-28 13:55:39,936 - easytorch-training - INFO - Result <val>: [val/time: 6.11 (s), val/loss: 0.2151, val/MAE: 0.2151, val/MSE: 0.1288]
2025-08-28 13:55:53,593 - easytorch-training - INFO - Result <test>: [test/time: 13.65 (s), test/loss: 0.2414, test/MAE: 0.2414, test/MSE: 0.1535]
2025-08-28 13:55:53,664 - easytorch-training - INFO - Checkpoint checkpoints/iTransformer/Electricity_100_336_192/dae723a529fc477e72409442147d20be/iTransformer_058.pt saved
2025-08-28 13:55:53,664 - easytorch-training - INFO - The estimated training finish time is 2025-08-28 15:05:05
2025-08-28 13:55:53,664 - easytorch-training - INFO - Epoch 59 / 100
2025-08-28 13:57:12,762 - easytorch-training - INFO - Result <train>: [train/time: 79.10 (s), train/lr: 6.25e-05, train/loss: 0.2052, train/MAE: 0.2052, train/MSE: 0.1062]
2025-08-28 13:57:12,764 - easytorch-training - INFO - Start validation.
2025-08-28 13:57:18,834 - easytorch-training - INFO - Result <val>: [val/time: 6.07 (s), val/loss: 0.2152, val/MAE: 0.2152, val/MSE: 0.1291]
2025-08-28 13:57:32,545 - easytorch-training - INFO - Result <test>: [test/time: 13.70 (s), test/loss: 0.2422, test/MAE: 0.2422, test/MSE: 0.1544]
2025-08-28 13:57:32,616 - easytorch-training - INFO - Checkpoint checkpoints/iTransformer/Electricity_100_336_192/dae723a529fc477e72409442147d20be/iTransformer_059.pt saved
2025-08-28 13:57:32,617 - easytorch-training - INFO - The estimated training finish time is 2025-08-28 15:05:05
2025-08-28 13:57:32,617 - easytorch-training - INFO - Epoch 60 / 100
2025-08-28 13:58:51,713 - easytorch-training - INFO - Result <train>: [train/time: 79.10 (s), train/lr: 6.25e-05, train/loss: 0.2052, train/MAE: 0.2052, train/MSE: 0.1061]
2025-08-28 13:58:51,714 - easytorch-training - INFO - Start validation.
2025-08-28 13:58:57,742 - easytorch-training - INFO - Result <val>: [val/time: 6.03 (s), val/loss: 0.2150, val/MAE: 0.2150, val/MSE: 0.1288]
2025-08-28 13:59:11,216 - easytorch-training - INFO - Result <test>: [test/time: 13.46 (s), test/loss: 0.2416, test/MAE: 0.2416, test/MSE: 0.1536]
2025-08-28 13:59:11,286 - easytorch-training - INFO - Checkpoint checkpoints/iTransformer/Electricity_100_336_192/dae723a529fc477e72409442147d20be/iTransformer_060.pt saved
2025-08-28 13:59:11,329 - easytorch-training - INFO - The estimated training finish time is 2025-08-28 15:05:05
2025-08-28 13:59:11,329 - easytorch-training - INFO - Epoch 61 / 100
2025-08-28 14:00:30,758 - easytorch-training - INFO - Result <train>: [train/time: 79.43 (s), train/lr: 6.25e-05, train/loss: 0.2051, train/MAE: 0.2051, train/MSE: 0.1060]
2025-08-28 14:00:30,759 - easytorch-training - INFO - Start validation.
2025-08-28 14:00:36,839 - easytorch-training - INFO - Result <val>: [val/time: 6.08 (s), val/loss: 0.2152, val/MAE: 0.2152, val/MSE: 0.1290]
2025-08-28 14:00:50,486 - easytorch-training - INFO - Result <test>: [test/time: 13.64 (s), test/loss: 0.2416, test/MAE: 0.2416, test/MSE: 0.1537]
2025-08-28 14:00:50,561 - easytorch-training - INFO - Checkpoint checkpoints/iTransformer/Electricity_100_336_192/dae723a529fc477e72409442147d20be/iTransformer_061.pt saved
2025-08-28 14:00:50,561 - easytorch-training - INFO - The estimated training finish time is 2025-08-28 15:05:05
2025-08-28 14:00:50,562 - easytorch-training - INFO - Epoch 62 / 100
2025-08-28 14:02:09,605 - easytorch-training - INFO - Result <train>: [train/time: 79.04 (s), train/lr: 6.25e-05, train/loss: 0.2050, train/MAE: 0.2050, train/MSE: 0.1059]
2025-08-28 14:02:09,606 - easytorch-training - INFO - Start validation.
2025-08-28 14:02:15,716 - easytorch-training - INFO - Result <val>: [val/time: 6.11 (s), val/loss: 0.2152, val/MAE: 0.2152, val/MSE: 0.1290]
2025-08-28 14:02:29,271 - easytorch-training - INFO - Result <test>: [test/time: 13.54 (s), test/loss: 0.2414, test/MAE: 0.2414, test/MSE: 0.1534]
2025-08-28 14:02:29,351 - easytorch-training - INFO - Checkpoint checkpoints/iTransformer/Electricity_100_336_192/dae723a529fc477e72409442147d20be/iTransformer_062.pt saved
2025-08-28 14:02:29,351 - easytorch-training - INFO - The estimated training finish time is 2025-08-28 15:05:05
2025-08-28 14:02:29,351 - easytorch-training - INFO - Epoch 63 / 100
2025-08-28 14:03:48,053 - easytorch-training - INFO - Result <train>: [train/time: 78.70 (s), train/lr: 6.25e-05, train/loss: 0.2049, train/MAE: 0.2049, train/MSE: 0.1058]
2025-08-28 14:03:48,054 - easytorch-training - INFO - Start validation.
2025-08-28 14:03:54,104 - easytorch-training - INFO - Result <val>: [val/time: 6.05 (s), val/loss: 0.2150, val/MAE: 0.2150, val/MSE: 0.1289]
2025-08-28 14:04:07,672 - easytorch-training - INFO - Result <test>: [test/time: 13.56 (s), test/loss: 0.2416, test/MAE: 0.2416, test/MSE: 0.1537]
2025-08-28 14:04:07,746 - easytorch-training - INFO - Checkpoint checkpoints/iTransformer/Electricity_100_336_192/dae723a529fc477e72409442147d20be/iTransformer_063.pt saved
2025-08-28 14:04:07,746 - easytorch-training - INFO - The estimated training finish time is 2025-08-28 15:05:04
2025-08-28 14:04:07,746 - easytorch-training - INFO - Epoch 64 / 100
2025-08-28 14:05:26,623 - easytorch-training - INFO - Result <train>: [train/time: 78.88 (s), train/lr: 6.25e-05, train/loss: 0.2048, train/MAE: 0.2048, train/MSE: 0.1057]
2025-08-28 14:05:26,624 - easytorch-training - INFO - Start validation.
2025-08-28 14:05:32,760 - easytorch-training - INFO - Result <val>: [val/time: 6.14 (s), val/loss: 0.2153, val/MAE: 0.2153, val/MSE: 0.1291]
2025-08-28 14:05:46,090 - easytorch-training - INFO - Result <test>: [test/time: 13.32 (s), test/loss: 0.2419, test/MAE: 0.2419, test/MSE: 0.1540]
2025-08-28 14:05:46,169 - easytorch-training - INFO - Checkpoint checkpoints/iTransformer/Electricity_100_336_192/dae723a529fc477e72409442147d20be/iTransformer_064.pt saved
2025-08-28 14:05:46,169 - easytorch-training - INFO - The estimated training finish time is 2025-08-28 15:05:04
2025-08-28 14:05:46,169 - easytorch-training - INFO - Epoch 65 / 100
2025-08-28 14:07:04,880 - easytorch-training - INFO - Result <train>: [train/time: 78.71 (s), train/lr: 6.25e-05, train/loss: 0.2047, train/MAE: 0.2047, train/MSE: 0.1056]
2025-08-28 14:07:04,881 - easytorch-training - INFO - Start validation.
2025-08-28 14:07:10,693 - easytorch-training - INFO - Result <val>: [val/time: 5.81 (s), val/loss: 0.2152, val/MAE: 0.2152, val/MSE: 0.1290]
2025-08-28 14:07:23,737 - easytorch-training - INFO - Result <test>: [test/time: 13.04 (s), test/loss: 0.2412, test/MAE: 0.2412, test/MSE: 0.1533]
2025-08-28 14:07:23,809 - easytorch-training - INFO - Checkpoint checkpoints/iTransformer/Electricity_100_336_192/dae723a529fc477e72409442147d20be/iTransformer_065.pt saved
2025-08-28 14:07:23,810 - easytorch-training - INFO - The estimated training finish time is 2025-08-28 15:05:02
2025-08-28 14:07:23,810 - easytorch-training - INFO - Epoch 66 / 100
2025-08-28 14:08:42,887 - easytorch-training - INFO - Result <train>: [train/time: 79.08 (s), train/lr: 6.25e-05, train/loss: 0.2046, train/MAE: 0.2046, train/MSE: 0.1055]
2025-08-28 14:08:42,888 - easytorch-training - INFO - Start validation.
2025-08-28 14:08:49,068 - easytorch-training - INFO - Result <val>: [val/time: 6.18 (s), val/loss: 0.2152, val/MAE: 0.2152, val/MSE: 0.1292]
2025-08-28 14:09:02,727 - easytorch-training - INFO - Result <test>: [test/time: 13.65 (s), test/loss: 0.2418, test/MAE: 0.2418, test/MSE: 0.1539]
2025-08-28 14:09:02,806 - easytorch-training - INFO - Checkpoint checkpoints/iTransformer/Electricity_100_336_192/dae723a529fc477e72409442147d20be/iTransformer_066.pt saved
2025-08-28 14:09:02,806 - easytorch-training - INFO - The estimated training finish time is 2025-08-28 15:05:02
2025-08-28 14:09:02,806 - easytorch-training - INFO - Epoch 67 / 100
2025-08-28 14:10:22,050 - easytorch-training - INFO - Result <train>: [train/time: 79.24 (s), train/lr: 6.25e-05, train/loss: 0.2045, train/MAE: 0.2045, train/MSE: 0.1054]
2025-08-28 14:10:22,051 - easytorch-training - INFO - Start validation.
2025-08-28 14:10:28,158 - easytorch-training - INFO - Result <val>: [val/time: 6.11 (s), val/loss: 0.2151, val/MAE: 0.2151, val/MSE: 0.1290]
2025-08-28 14:10:41,948 - easytorch-training - INFO - Result <test>: [test/time: 13.78 (s), test/loss: 0.2419, test/MAE: 0.2419, test/MSE: 0.1543]
2025-08-28 14:10:42,020 - easytorch-training - INFO - Checkpoint checkpoints/iTransformer/Electricity_100_336_192/dae723a529fc477e72409442147d20be/iTransformer_067.pt saved
2025-08-28 14:10:42,020 - easytorch-training - INFO - The estimated training finish time is 2025-08-28 15:05:03
2025-08-28 14:10:42,020 - easytorch-training - INFO - Epoch 68 / 100
2025-08-28 14:12:01,171 - easytorch-training - INFO - Result <train>: [train/time: 79.15 (s), train/lr: 6.25e-05, train/loss: 0.2045, train/MAE: 0.2045, train/MSE: 0.1053]
2025-08-28 14:12:01,173 - easytorch-training - INFO - Start validation.
2025-08-28 14:12:07,276 - easytorch-training - INFO - Result <val>: [val/time: 6.10 (s), val/loss: 0.2153, val/MAE: 0.2153, val/MSE: 0.1294]
2025-08-28 14:12:21,100 - easytorch-training - INFO - Result <test>: [test/time: 13.81 (s), test/loss: 0.2420, test/MAE: 0.2420, test/MSE: 0.1545]
2025-08-28 14:12:21,172 - easytorch-training - INFO - Checkpoint checkpoints/iTransformer/Electricity_100_336_192/dae723a529fc477e72409442147d20be/iTransformer_068.pt saved
2025-08-28 14:12:21,172 - easytorch-training - INFO - The estimated training finish time is 2025-08-28 15:05:03
2025-08-28 14:12:21,172 - easytorch-training - INFO - Epoch 69 / 100
2025-08-28 14:13:40,306 - easytorch-training - INFO - Result <train>: [train/time: 79.13 (s), train/lr: 6.25e-05, train/loss: 0.2044, train/MAE: 0.2044, train/MSE: 0.1052]
2025-08-28 14:13:40,308 - easytorch-training - INFO - Start validation.
2025-08-28 14:13:46,399 - easytorch-training - INFO - Result <val>: [val/time: 6.09 (s), val/loss: 0.2152, val/MAE: 0.2152, val/MSE: 0.1292]
2025-08-28 14:13:59,972 - easytorch-training - INFO - Result <test>: [test/time: 13.56 (s), test/loss: 0.2421, test/MAE: 0.2421, test/MSE: 0.1546]
2025-08-28 14:14:00,048 - easytorch-training - INFO - Checkpoint checkpoints/iTransformer/Electricity_100_336_192/dae723a529fc477e72409442147d20be/iTransformer_069.pt saved
2025-08-28 14:14:00,049 - easytorch-training - INFO - The estimated training finish time is 2025-08-28 15:05:03
2025-08-28 14:14:00,049 - easytorch-training - INFO - Epoch 70 / 100
2025-08-28 14:15:18,680 - easytorch-training - INFO - Result <train>: [train/time: 78.63 (s), train/lr: 6.25e-05, train/loss: 0.2043, train/MAE: 0.2043, train/MSE: 0.1051]
2025-08-28 14:15:18,681 - easytorch-training - INFO - Start validation.
2025-08-28 14:15:24,761 - easytorch-training - INFO - Result <val>: [val/time: 6.08 (s), val/loss: 0.2147, val/MAE: 0.2147, val/MSE: 0.1287]
2025-08-28 14:15:24,882 - easytorch-training - INFO - Checkpoint checkpoints/iTransformer/Electricity_100_336_192/dae723a529fc477e72409442147d20be/iTransformer_best_val_MAE.pt saved
2025-08-28 14:15:38,234 - easytorch-training - INFO - Result <test>: [test/time: 13.34 (s), test/loss: 0.2413, test/MAE: 0.2413, test/MSE: 0.1536]
2025-08-28 14:15:38,314 - easytorch-training - INFO - Checkpoint checkpoints/iTransformer/Electricity_100_336_192/dae723a529fc477e72409442147d20be/iTransformer_070.pt saved
2025-08-28 14:15:38,359 - easytorch-training - INFO - The estimated training finish time is 2025-08-28 15:05:03
2025-08-28 14:15:38,359 - easytorch-training - INFO - Epoch 71 / 100
2025-08-28 14:16:57,567 - easytorch-training - INFO - Result <train>: [train/time: 79.21 (s), train/lr: 6.25e-05, train/loss: 0.2042, train/MAE: 0.2042, train/MSE: 0.1050]
2025-08-28 14:16:57,568 - easytorch-training - INFO - Start validation.
2025-08-28 14:17:03,807 - easytorch-training - INFO - Result <val>: [val/time: 6.24 (s), val/loss: 0.2151, val/MAE: 0.2151, val/MSE: 0.1292]
2025-08-28 14:17:17,884 - easytorch-training - INFO - Result <test>: [test/time: 14.07 (s), test/loss: 0.2422, test/MAE: 0.2422, test/MSE: 0.1547]
2025-08-28 14:17:17,966 - easytorch-training - INFO - Checkpoint checkpoints/iTransformer/Electricity_100_336_192/dae723a529fc477e72409442147d20be/iTransformer_071.pt saved
2025-08-28 14:17:17,967 - easytorch-training - INFO - The estimated training finish time is 2025-08-28 15:05:04
2025-08-28 14:17:17,967 - easytorch-training - INFO - Epoch 72 / 100
2025-08-28 14:18:37,155 - easytorch-training - INFO - Result <train>: [train/time: 79.19 (s), train/lr: 6.25e-05, train/loss: 0.2041, train/MAE: 0.2041, train/MSE: 0.1049]
2025-08-28 14:18:37,157 - easytorch-training - INFO - Start validation.
2025-08-28 14:18:43,291 - easytorch-training - INFO - Result <val>: [val/time: 6.13 (s), val/loss: 0.2151, val/MAE: 0.2151, val/MSE: 0.1291]
2025-08-28 14:18:57,061 - easytorch-training - INFO - Result <test>: [test/time: 13.76 (s), test/loss: 0.2415, test/MAE: 0.2415, test/MSE: 0.1537]
2025-08-28 14:18:57,132 - easytorch-training - INFO - Checkpoint checkpoints/iTransformer/Electricity_100_336_192/dae723a529fc477e72409442147d20be/iTransformer_072.pt saved
2025-08-28 14:18:57,132 - easytorch-training - INFO - The estimated training finish time is 2025-08-28 15:05:04
2025-08-28 14:18:57,132 - easytorch-training - INFO - Epoch 73 / 100
2025-08-28 14:20:16,353 - easytorch-training - INFO - Result <train>: [train/time: 79.22 (s), train/lr: 6.25e-05, train/loss: 0.2041, train/MAE: 0.2041, train/MSE: 0.1048]
2025-08-28 14:20:16,354 - easytorch-training - INFO - Start validation.
2025-08-28 14:20:22,486 - easytorch-training - INFO - Result <val>: [val/time: 6.13 (s), val/loss: 0.2147, val/MAE: 0.2147, val/MSE: 0.1287]
2025-08-28 14:20:22,612 - easytorch-training - INFO - Checkpoint checkpoints/iTransformer/Electricity_100_336_192/dae723a529fc477e72409442147d20be/iTransformer_best_val_MAE.pt saved
2025-08-28 14:20:36,382 - easytorch-training - INFO - Result <test>: [test/time: 13.76 (s), test/loss: 0.2415, test/MAE: 0.2415, test/MSE: 0.1537]
2025-08-28 14:20:36,459 - easytorch-training - INFO - Checkpoint checkpoints/iTransformer/Electricity_100_336_192/dae723a529fc477e72409442147d20be/iTransformer_073.pt saved
2025-08-28 14:20:36,460 - easytorch-training - INFO - The estimated training finish time is 2025-08-28 15:05:05
2025-08-28 14:20:36,460 - easytorch-training - INFO - Epoch 74 / 100
2025-08-28 14:21:55,168 - easytorch-training - INFO - Result <train>: [train/time: 78.71 (s), train/lr: 6.25e-05, train/loss: 0.2040, train/MAE: 0.2040, train/MSE: 0.1048]
2025-08-28 14:21:55,169 - easytorch-training - INFO - Start validation.
2025-08-28 14:22:01,277 - easytorch-training - INFO - Result <val>: [val/time: 6.11 (s), val/loss: 0.2150, val/MAE: 0.2150, val/MSE: 0.1289]
2025-08-28 14:22:14,805 - easytorch-training - INFO - Result <test>: [test/time: 13.52 (s), test/loss: 0.2413, test/MAE: 0.2413, test/MSE: 0.1535]
2025-08-28 14:22:14,883 - easytorch-training - INFO - Checkpoint checkpoints/iTransformer/Electricity_100_336_192/dae723a529fc477e72409442147d20be/iTransformer_074.pt saved
2025-08-28 14:22:14,884 - easytorch-training - INFO - The estimated training finish time is 2025-08-28 15:05:04
2025-08-28 14:22:14,884 - easytorch-training - INFO - Epoch 75 / 100
2025-08-28 14:23:34,256 - easytorch-training - INFO - Result <train>: [train/time: 79.37 (s), train/lr: 6.25e-05, train/loss: 0.2039, train/MAE: 0.2039, train/MSE: 0.1047]
2025-08-28 14:23:34,257 - easytorch-training - INFO - Start validation.
2025-08-28 14:23:40,419 - easytorch-training - INFO - Result <val>: [val/time: 6.16 (s), val/loss: 0.2149, val/MAE: 0.2149, val/MSE: 0.1289]
2025-08-28 14:23:54,133 - easytorch-training - INFO - Result <test>: [test/time: 13.70 (s), test/loss: 0.2416, test/MAE: 0.2416, test/MSE: 0.1540]
2025-08-28 14:23:54,205 - easytorch-training - INFO - Checkpoint checkpoints/iTransformer/Electricity_100_336_192/dae723a529fc477e72409442147d20be/iTransformer_075.pt saved
2025-08-28 14:23:54,205 - easytorch-training - INFO - The estimated training finish time is 2025-08-28 15:05:05
2025-08-28 14:23:54,205 - easytorch-training - INFO - Epoch 76 / 100
2025-08-28 14:25:13,576 - easytorch-training - INFO - Result <train>: [train/time: 79.37 (s), train/lr: 6.25e-05, train/loss: 0.2038, train/MAE: 0.2038, train/MSE: 0.1046]
2025-08-28 14:25:13,577 - easytorch-training - INFO - Start validation.
2025-08-28 14:25:19,702 - easytorch-training - INFO - Result <val>: [val/time: 6.12 (s), val/loss: 0.2147, val/MAE: 0.2147, val/MSE: 0.1288]
2025-08-28 14:25:33,488 - easytorch-training - INFO - Result <test>: [test/time: 13.78 (s), test/loss: 0.2412, test/MAE: 0.2412, test/MSE: 0.1536]
2025-08-28 14:25:33,558 - easytorch-training - INFO - Checkpoint checkpoints/iTransformer/Electricity_100_336_192/dae723a529fc477e72409442147d20be/iTransformer_076.pt saved
2025-08-28 14:25:33,558 - easytorch-training - INFO - The estimated training finish time is 2025-08-28 15:05:06
2025-08-28 14:25:33,558 - easytorch-training - INFO - Epoch 77 / 100
2025-08-28 14:26:52,707 - easytorch-training - INFO - Result <train>: [train/time: 79.15 (s), train/lr: 6.25e-05, train/loss: 0.2037, train/MAE: 0.2037, train/MSE: 0.1045]
2025-08-28 14:26:52,708 - easytorch-training - INFO - Start validation.
2025-08-28 14:26:58,793 - easytorch-training - INFO - Result <val>: [val/time: 6.08 (s), val/loss: 0.2148, val/MAE: 0.2148, val/MSE: 0.1288]
2025-08-28 14:27:12,403 - easytorch-training - INFO - Result <test>: [test/time: 13.60 (s), test/loss: 0.2416, test/MAE: 0.2416, test/MSE: 0.1540]
2025-08-28 14:27:12,476 - easytorch-training - INFO - Checkpoint checkpoints/iTransformer/Electricity_100_336_192/dae723a529fc477e72409442147d20be/iTransformer_077.pt saved
2025-08-28 14:27:12,476 - easytorch-training - INFO - The estimated training finish time is 2025-08-28 15:05:06
2025-08-28 14:27:12,476 - easytorch-training - INFO - Epoch 78 / 100
2025-08-28 14:28:31,712 - easytorch-training - INFO - Result <train>: [train/time: 79.24 (s), train/lr: 6.25e-05, train/loss: 0.2037, train/MAE: 0.2037, train/MSE: 0.1044]
2025-08-28 14:28:31,713 - easytorch-training - INFO - Start validation.
2025-08-28 14:28:37,786 - easytorch-training - INFO - Result <val>: [val/time: 6.07 (s), val/loss: 0.2150, val/MAE: 0.2150, val/MSE: 0.1291]
2025-08-28 14:28:51,158 - easytorch-training - INFO - Result <test>: [test/time: 13.36 (s), test/loss: 0.2419, test/MAE: 0.2419, test/MSE: 0.1544]
2025-08-28 14:28:51,235 - easytorch-training - INFO - Checkpoint checkpoints/iTransformer/Electricity_100_336_192/dae723a529fc477e72409442147d20be/iTransformer_078.pt saved
2025-08-28 14:28:51,235 - easytorch-training - INFO - The estimated training finish time is 2025-08-28 15:05:06
2025-08-28 14:28:51,235 - easytorch-training - INFO - Epoch 79 / 100
2025-08-28 14:30:10,310 - easytorch-training - INFO - Result <train>: [train/time: 79.07 (s), train/lr: 6.25e-05, train/loss: 0.2036, train/MAE: 0.2036, train/MSE: 0.1043]
2025-08-28 14:30:10,312 - easytorch-training - INFO - Start validation.
2025-08-28 14:30:16,393 - easytorch-training - INFO - Result <val>: [val/time: 6.08 (s), val/loss: 0.2149, val/MAE: 0.2149, val/MSE: 0.1290]
2025-08-28 14:30:29,950 - easytorch-training - INFO - Result <test>: [test/time: 13.55 (s), test/loss: 0.2423, test/MAE: 0.2423, test/MSE: 0.1546]
2025-08-28 14:30:30,031 - easytorch-training - INFO - Checkpoint checkpoints/iTransformer/Electricity_100_336_192/dae723a529fc477e72409442147d20be/iTransformer_079.pt saved
2025-08-28 14:30:30,032 - easytorch-training - INFO - The estimated training finish time is 2025-08-28 15:05:05
2025-08-28 14:30:30,032 - easytorch-training - INFO - Epoch 80 / 100
2025-08-28 14:31:49,139 - easytorch-training - INFO - Result <train>: [train/time: 79.11 (s), train/lr: 6.25e-05, train/loss: 0.2035, train/MAE: 0.2035, train/MSE: 0.1042]
2025-08-28 14:31:49,141 - easytorch-training - INFO - Start validation.
2025-08-28 14:31:55,211 - easytorch-training - INFO - Result <val>: [val/time: 6.07 (s), val/loss: 0.2149, val/MAE: 0.2149, val/MSE: 0.1290]
2025-08-28 14:32:08,833 - easytorch-training - INFO - Result <test>: [test/time: 13.61 (s), test/loss: 0.2423, test/MAE: 0.2423, test/MSE: 0.1547]
2025-08-28 14:32:08,904 - easytorch-training - INFO - Checkpoint checkpoints/iTransformer/Electricity_100_336_192/dae723a529fc477e72409442147d20be/iTransformer_080.pt saved
2025-08-28 14:32:08,946 - easytorch-training - INFO - The estimated training finish time is 2025-08-28 15:05:06
2025-08-28 14:32:08,947 - easytorch-training - INFO - Epoch 81 / 100
2025-08-28 14:33:28,204 - easytorch-training - INFO - Result <train>: [train/time: 79.26 (s), train/lr: 6.25e-05, train/loss: 0.2035, train/MAE: 0.2035, train/MSE: 0.1042]
2025-08-28 14:33:28,206 - easytorch-training - INFO - Start validation.
2025-08-28 14:33:34,440 - easytorch-training - INFO - Result <val>: [val/time: 6.23 (s), val/loss: 0.2150, val/MAE: 0.2150, val/MSE: 0.1291]
2025-08-28 14:33:48,252 - easytorch-training - INFO - Result <test>: [test/time: 13.80 (s), test/loss: 0.2426, test/MAE: 0.2426, test/MSE: 0.1551]
2025-08-28 14:33:48,335 - easytorch-training - INFO - Checkpoint checkpoints/iTransformer/Electricity_100_336_192/dae723a529fc477e72409442147d20be/iTransformer_081.pt saved
2025-08-28 14:33:48,336 - easytorch-training - INFO - The estimated training finish time is 2025-08-28 15:05:06
2025-08-28 14:33:48,336 - easytorch-training - INFO - Epoch 82 / 100
2025-08-28 14:35:07,447 - easytorch-training - INFO - Result <train>: [train/time: 79.11 (s), train/lr: 6.25e-05, train/loss: 0.2034, train/MAE: 0.2034, train/MSE: 0.1041]
2025-08-28 14:35:07,448 - easytorch-training - INFO - Start validation.
2025-08-28 14:35:13,611 - easytorch-training - INFO - Result <val>: [val/time: 6.16 (s), val/loss: 0.2149, val/MAE: 0.2149, val/MSE: 0.1290]
2025-08-28 14:35:27,393 - easytorch-training - INFO - Result <test>: [test/time: 13.77 (s), test/loss: 0.2414, test/MAE: 0.2414, test/MSE: 0.1537]
2025-08-28 14:35:27,464 - easytorch-training - INFO - Checkpoint checkpoints/iTransformer/Electricity_100_336_192/dae723a529fc477e72409442147d20be/iTransformer_082.pt saved
2025-08-28 14:35:27,464 - easytorch-training - INFO - The estimated training finish time is 2025-08-28 15:05:06
2025-08-28 14:35:27,464 - easytorch-training - INFO - Epoch 83 / 100
2025-08-28 14:36:46,614 - easytorch-training - INFO - Result <train>: [train/time: 79.15 (s), train/lr: 6.25e-05, train/loss: 0.2033, train/MAE: 0.2033, train/MSE: 0.1040]
2025-08-28 14:36:46,615 - easytorch-training - INFO - Start validation.
2025-08-28 14:36:52,758 - easytorch-training - INFO - Result <val>: [val/time: 6.14 (s), val/loss: 0.2149, val/MAE: 0.2149, val/MSE: 0.1290]
2025-08-28 14:37:06,509 - easytorch-training - INFO - Result <test>: [test/time: 13.74 (s), test/loss: 0.2417, test/MAE: 0.2417, test/MSE: 0.1542]
2025-08-28 14:37:06,580 - easytorch-training - INFO - Checkpoint checkpoints/iTransformer/Electricity_100_336_192/dae723a529fc477e72409442147d20be/iTransformer_083.pt saved
2025-08-28 14:37:06,580 - easytorch-training - INFO - The estimated training finish time is 2025-08-28 15:05:07
2025-08-28 14:37:06,580 - easytorch-training - INFO - Epoch 84 / 100
2025-08-28 14:38:25,754 - easytorch-training - INFO - Result <train>: [train/time: 79.17 (s), train/lr: 6.25e-05, train/loss: 0.2032, train/MAE: 0.2032, train/MSE: 0.1039]
2025-08-28 14:38:25,755 - easytorch-training - INFO - Start validation.
2025-08-28 14:38:31,881 - easytorch-training - INFO - Result <val>: [val/time: 6.13 (s), val/loss: 0.2150, val/MAE: 0.2150, val/MSE: 0.1291]
2025-08-28 14:38:45,625 - easytorch-training - INFO - Result <test>: [test/time: 13.73 (s), test/loss: 0.2414, test/MAE: 0.2414, test/MSE: 0.1539]
2025-08-28 14:38:45,706 - easytorch-training - INFO - Checkpoint checkpoints/iTransformer/Electricity_100_336_192/dae723a529fc477e72409442147d20be/iTransformer_084.pt saved
2025-08-28 14:38:45,706 - easytorch-training - INFO - The estimated training finish time is 2025-08-28 15:05:07
2025-08-28 14:38:45,706 - easytorch-training - INFO - Epoch 85 / 100
2025-08-28 14:40:04,870 - easytorch-training - INFO - Result <train>: [train/time: 79.16 (s), train/lr: 6.25e-05, train/loss: 0.2032, train/MAE: 0.2032, train/MSE: 0.1038]
2025-08-28 14:40:04,871 - easytorch-training - INFO - Start validation.
2025-08-28 14:40:10,973 - easytorch-training - INFO - Result <val>: [val/time: 6.10 (s), val/loss: 0.2149, val/MAE: 0.2149, val/MSE: 0.1290]
2025-08-28 14:40:24,644 - easytorch-training - INFO - Result <test>: [test/time: 13.66 (s), test/loss: 0.2417, test/MAE: 0.2417, test/MSE: 0.1541]
2025-08-28 14:40:24,714 - easytorch-training - INFO - Checkpoint checkpoints/iTransformer/Electricity_100_336_192/dae723a529fc477e72409442147d20be/iTransformer_085.pt saved
2025-08-28 14:40:24,715 - easytorch-training - INFO - The estimated training finish time is 2025-08-28 15:05:07
2025-08-28 14:40:24,715 - easytorch-training - INFO - Epoch 86 / 100
2025-08-28 14:41:43,904 - easytorch-training - INFO - Result <train>: [train/time: 79.19 (s), train/lr: 6.25e-05, train/loss: 0.2031, train/MAE: 0.2031, train/MSE: 0.1037]
2025-08-28 14:41:43,905 - easytorch-training - INFO - Start validation.
2025-08-28 14:41:50,020 - easytorch-training - INFO - Result <val>: [val/time: 6.11 (s), val/loss: 0.2149, val/MAE: 0.2149, val/MSE: 0.1290]
2025-08-28 14:42:03,660 - easytorch-training - INFO - Result <test>: [test/time: 13.63 (s), test/loss: 0.2420, test/MAE: 0.2420, test/MSE: 0.1544]
2025-08-28 14:42:03,733 - easytorch-training - INFO - Checkpoint checkpoints/iTransformer/Electricity_100_336_192/dae723a529fc477e72409442147d20be/iTransformer_086.pt saved
2025-08-28 14:42:03,734 - easytorch-training - INFO - The estimated training finish time is 2025-08-28 15:05:07
2025-08-28 14:42:03,734 - easytorch-training - INFO - Epoch 87 / 100
2025-08-28 14:43:22,992 - easytorch-training - INFO - Result <train>: [train/time: 79.26 (s), train/lr: 6.25e-05, train/loss: 0.2030, train/MAE: 0.2030, train/MSE: 0.1037]
2025-08-28 14:43:22,993 - easytorch-training - INFO - Start validation.
2025-08-28 14:43:29,050 - easytorch-training - INFO - Result <val>: [val/time: 6.06 (s), val/loss: 0.2150, val/MAE: 0.2150, val/MSE: 0.1291]
2025-08-28 14:43:42,491 - easytorch-training - INFO - Result <test>: [test/time: 13.43 (s), test/loss: 0.2420, test/MAE: 0.2420, test/MSE: 0.1545]
2025-08-28 14:43:42,570 - easytorch-training - INFO - Checkpoint checkpoints/iTransformer/Electricity_100_336_192/dae723a529fc477e72409442147d20be/iTransformer_087.pt saved
2025-08-28 14:43:42,570 - easytorch-training - INFO - The estimated training finish time is 2025-08-28 15:05:07
2025-08-28 14:43:42,570 - easytorch-training - INFO - Epoch 88 / 100
2025-08-28 14:45:01,284 - easytorch-training - INFO - Result <train>: [train/time: 78.71 (s), train/lr: 6.25e-05, train/loss: 0.2030, train/MAE: 0.2030, train/MSE: 0.1036]
2025-08-28 14:45:01,285 - easytorch-training - INFO - Start validation.
2025-08-28 14:45:07,361 - easytorch-training - INFO - Result <val>: [val/time: 6.08 (s), val/loss: 0.2148, val/MAE: 0.2148, val/MSE: 0.1289]
2025-08-28 14:45:21,035 - easytorch-training - INFO - Result <test>: [test/time: 13.66 (s), test/loss: 0.2417, test/MAE: 0.2417, test/MSE: 0.1542]
2025-08-28 14:45:21,106 - easytorch-training - INFO - Checkpoint checkpoints/iTransformer/Electricity_100_336_192/dae723a529fc477e72409442147d20be/iTransformer_088.pt saved
2025-08-28 14:45:21,106 - easytorch-training - INFO - The estimated training finish time is 2025-08-28 15:05:07
2025-08-28 14:45:21,106 - easytorch-training - INFO - Epoch 89 / 100
2025-08-28 14:46:40,199 - easytorch-training - INFO - Result <train>: [train/time: 79.09 (s), train/lr: 6.25e-05, train/loss: 0.2029, train/MAE: 0.2029, train/MSE: 0.1035]
2025-08-28 14:46:40,200 - easytorch-training - INFO - Start validation.
2025-08-28 14:46:46,259 - easytorch-training - INFO - Result <val>: [val/time: 6.06 (s), val/loss: 0.2145, val/MAE: 0.2145, val/MSE: 0.1287]
2025-08-28 14:46:46,384 - easytorch-training - INFO - Checkpoint checkpoints/iTransformer/Electricity_100_336_192/dae723a529fc477e72409442147d20be/iTransformer_best_val_MAE.pt saved
2025-08-28 14:46:59,902 - easytorch-training - INFO - Result <test>: [test/time: 13.51 (s), test/loss: 0.2416, test/MAE: 0.2416, test/MSE: 0.1543]
2025-08-28 14:46:59,976 - easytorch-training - INFO - Checkpoint checkpoints/iTransformer/Electricity_100_336_192/dae723a529fc477e72409442147d20be/iTransformer_089.pt saved
2025-08-28 14:46:59,976 - easytorch-training - INFO - The estimated training finish time is 2025-08-28 15:05:07
2025-08-28 14:46:59,976 - easytorch-training - INFO - Epoch 90 / 100
2025-08-28 14:48:18,628 - easytorch-training - INFO - Result <train>: [train/time: 78.65 (s), train/lr: 6.25e-05, train/loss: 0.2028, train/MAE: 0.2028, train/MSE: 0.1034]
2025-08-28 14:48:18,629 - easytorch-training - INFO - Start validation.
2025-08-28 14:48:24,706 - easytorch-training - INFO - Result <val>: [val/time: 6.08 (s), val/loss: 0.2147, val/MAE: 0.2147, val/MSE: 0.1289]
2025-08-28 14:48:38,189 - easytorch-training - INFO - Result <test>: [test/time: 13.47 (s), test/loss: 0.2419, test/MAE: 0.2419, test/MSE: 0.1545]
2025-08-28 14:48:38,260 - easytorch-training - INFO - Checkpoint checkpoints/iTransformer/Electricity_100_336_192/dae723a529fc477e72409442147d20be/iTransformer_090.pt saved
2025-08-28 14:48:38,303 - easytorch-training - INFO - The estimated training finish time is 2025-08-28 15:05:06
2025-08-28 14:48:38,303 - easytorch-training - INFO - Epoch 91 / 100
2025-08-28 14:49:57,503 - easytorch-training - INFO - Result <train>: [train/time: 79.20 (s), train/lr: 6.25e-05, train/loss: 0.2028, train/MAE: 0.2028, train/MSE: 0.1034]
2025-08-28 14:49:57,504 - easytorch-training - INFO - Start validation.
2025-08-28 14:50:03,703 - easytorch-training - INFO - Result <val>: [val/time: 6.20 (s), val/loss: 0.2149, val/MAE: 0.2149, val/MSE: 0.1290]
2025-08-28 14:50:17,545 - easytorch-training - INFO - Result <test>: [test/time: 13.83 (s), test/loss: 0.2417, test/MAE: 0.2417, test/MSE: 0.1543]
2025-08-28 14:50:17,618 - easytorch-training - INFO - Checkpoint checkpoints/iTransformer/Electricity_100_336_192/dae723a529fc477e72409442147d20be/iTransformer_091.pt saved
2025-08-28 14:50:17,618 - easytorch-training - INFO - The estimated training finish time is 2025-08-28 15:05:07
2025-08-28 14:50:17,618 - easytorch-training - INFO - Epoch 92 / 100
2025-08-28 14:51:36,816 - easytorch-training - INFO - Result <train>: [train/time: 79.20 (s), train/lr: 6.25e-05, train/loss: 0.2027, train/MAE: 0.2027, train/MSE: 0.1033]
2025-08-28 14:51:36,817 - easytorch-training - INFO - Start validation.
2025-08-28 14:51:42,974 - easytorch-training - INFO - Result <val>: [val/time: 6.16 (s), val/loss: 0.2149, val/MAE: 0.2149, val/MSE: 0.1290]
2025-08-28 14:51:56,715 - easytorch-training - INFO - Result <test>: [test/time: 13.73 (s), test/loss: 0.2422, test/MAE: 0.2422, test/MSE: 0.1548]
2025-08-28 14:51:56,786 - easytorch-training - INFO - Checkpoint checkpoints/iTransformer/Electricity_100_336_192/dae723a529fc477e72409442147d20be/iTransformer_092.pt saved
2025-08-28 14:51:56,786 - easytorch-training - INFO - The estimated training finish time is 2025-08-28 15:05:07
2025-08-28 14:51:56,786 - easytorch-training - INFO - Epoch 93 / 100
2025-08-28 14:53:16,013 - easytorch-training - INFO - Result <train>: [train/time: 79.23 (s), train/lr: 6.25e-05, train/loss: 0.2026, train/MAE: 0.2026, train/MSE: 0.1032]
2025-08-28 14:53:16,015 - easytorch-training - INFO - Start validation.
2025-08-28 14:53:22,197 - easytorch-training - INFO - Result <val>: [val/time: 6.18 (s), val/loss: 0.2148, val/MAE: 0.2148, val/MSE: 0.1289]
2025-08-28 14:53:36,001 - easytorch-training - INFO - Result <test>: [test/time: 13.79 (s), test/loss: 0.2415, test/MAE: 0.2415, test/MSE: 0.1539]
2025-08-28 14:53:36,079 - easytorch-training - INFO - Checkpoint checkpoints/iTransformer/Electricity_100_336_192/dae723a529fc477e72409442147d20be/iTransformer_093.pt saved
2025-08-28 14:53:36,080 - easytorch-training - INFO - The estimated training finish time is 2025-08-28 15:05:08
2025-08-28 14:53:36,080 - easytorch-training - INFO - Epoch 94 / 100
2025-08-28 14:54:55,306 - easytorch-training - INFO - Result <train>: [train/time: 79.23 (s), train/lr: 6.25e-05, train/loss: 0.2026, train/MAE: 0.2026, train/MSE: 0.1031]
2025-08-28 14:54:55,307 - easytorch-training - INFO - Start validation.
2025-08-28 14:55:01,486 - easytorch-training - INFO - Result <val>: [val/time: 6.18 (s), val/loss: 0.2145, val/MAE: 0.2145, val/MSE: 0.1287]
2025-08-28 14:55:01,603 - easytorch-training - INFO - Checkpoint checkpoints/iTransformer/Electricity_100_336_192/dae723a529fc477e72409442147d20be/iTransformer_best_val_MAE.pt saved
2025-08-28 14:55:15,362 - easytorch-training - INFO - Result <test>: [test/time: 13.75 (s), test/loss: 0.2419, test/MAE: 0.2419, test/MSE: 0.1545]
2025-08-28 14:55:15,440 - easytorch-training - INFO - Checkpoint checkpoints/iTransformer/Electricity_100_336_192/dae723a529fc477e72409442147d20be/iTransformer_094.pt saved
2025-08-28 14:55:15,440 - easytorch-training - INFO - The estimated training finish time is 2025-08-28 15:05:08
2025-08-28 14:55:15,440 - easytorch-training - INFO - Epoch 95 / 100
2025-08-28 14:56:34,577 - easytorch-training - INFO - Result <train>: [train/time: 79.14 (s), train/lr: 6.25e-05, train/loss: 0.2025, train/MAE: 0.2025, train/MSE: 0.1031]
2025-08-28 14:56:34,579 - easytorch-training - INFO - Start validation.
2025-08-28 14:56:40,688 - easytorch-training - INFO - Result <val>: [val/time: 6.11 (s), val/loss: 0.2150, val/MAE: 0.2150, val/MSE: 0.1290]
2025-08-28 14:56:54,141 - easytorch-training - INFO - Result <test>: [test/time: 13.44 (s), test/loss: 0.2420, test/MAE: 0.2420, test/MSE: 0.1544]
2025-08-28 14:56:54,211 - easytorch-training - INFO - Checkpoint checkpoints/iTransformer/Electricity_100_336_192/dae723a529fc477e72409442147d20be/iTransformer_095.pt saved
2025-08-28 14:56:54,211 - easytorch-training - INFO - The estimated training finish time is 2025-08-28 15:05:08
2025-08-28 14:56:54,212 - easytorch-training - INFO - Epoch 96 / 100
2025-08-28 14:58:13,346 - easytorch-training - INFO - Result <train>: [train/time: 79.13 (s), train/lr: 6.25e-05, train/loss: 0.2024, train/MAE: 0.2024, train/MSE: 0.1030]
2025-08-28 14:58:13,347 - easytorch-training - INFO - Start validation.
2025-08-28 14:58:19,435 - easytorch-training - INFO - Result <val>: [val/time: 6.09 (s), val/loss: 0.2151, val/MAE: 0.2151, val/MSE: 0.1291]
2025-08-28 14:58:33,086 - easytorch-training - INFO - Result <test>: [test/time: 13.64 (s), test/loss: 0.2426, test/MAE: 0.2426, test/MSE: 0.1552]
2025-08-28 14:58:33,159 - easytorch-training - INFO - Checkpoint checkpoints/iTransformer/Electricity_100_336_192/dae723a529fc477e72409442147d20be/iTransformer_096.pt saved
2025-08-28 14:58:33,159 - easytorch-training - INFO - The estimated training finish time is 2025-08-28 15:05:08
2025-08-28 14:58:33,159 - easytorch-training - INFO - Epoch 97 / 100
2025-08-28 14:59:52,202 - easytorch-training - INFO - Result <train>: [train/time: 79.04 (s), train/lr: 6.25e-05, train/loss: 0.2024, train/MAE: 0.2024, train/MSE: 0.1029]
2025-08-28 14:59:52,204 - easytorch-training - INFO - Start validation.
2025-08-28 14:59:58,306 - easytorch-training - INFO - Result <val>: [val/time: 6.10 (s), val/loss: 0.2147, val/MAE: 0.2147, val/MSE: 0.1288]
2025-08-28 15:00:11,899 - easytorch-training - INFO - Result <test>: [test/time: 13.58 (s), test/loss: 0.2420, test/MAE: 0.2420, test/MSE: 0.1546]
2025-08-28 15:00:11,971 - easytorch-training - INFO - Checkpoint checkpoints/iTransformer/Electricity_100_336_192/dae723a529fc477e72409442147d20be/iTransformer_097.pt saved
2025-08-28 15:00:11,972 - easytorch-training - INFO - The estimated training finish time is 2025-08-28 15:05:08
2025-08-28 15:00:11,972 - easytorch-training - INFO - Epoch 98 / 100
2025-08-28 15:01:30,575 - easytorch-training - INFO - Result <train>: [train/time: 78.60 (s), train/lr: 6.25e-05, train/loss: 0.2023, train/MAE: 0.2023, train/MSE: 0.1028]
2025-08-28 15:01:30,576 - easytorch-training - INFO - Start validation.
2025-08-28 15:01:36,328 - easytorch-training - INFO - Result <val>: [val/time: 5.75 (s), val/loss: 0.2147, val/MAE: 0.2147, val/MSE: 0.1289]
2025-08-28 15:01:49,479 - easytorch-training - INFO - Result <test>: [test/time: 13.14 (s), test/loss: 0.2413, test/MAE: 0.2413, test/MSE: 0.1535]
2025-08-28 15:01:49,549 - easytorch-training - INFO - Checkpoint checkpoints/iTransformer/Electricity_100_336_192/dae723a529fc477e72409442147d20be/iTransformer_098.pt saved
2025-08-28 15:01:49,549 - easytorch-training - INFO - The estimated training finish time is 2025-08-28 15:05:07
2025-08-28 15:01:49,550 - easytorch-training - INFO - Epoch 99 / 100
2025-08-28 15:03:08,665 - easytorch-training - INFO - Result <train>: [train/time: 79.12 (s), train/lr: 6.25e-05, train/loss: 0.2023, train/MAE: 0.2023, train/MSE: 0.1028]
2025-08-28 15:03:08,666 - easytorch-training - INFO - Start validation.
2025-08-28 15:03:14,738 - easytorch-training - INFO - Result <val>: [val/time: 6.07 (s), val/loss: 0.2146, val/MAE: 0.2146, val/MSE: 0.1287]
2025-08-28 15:03:28,379 - easytorch-training - INFO - Result <test>: [test/time: 13.63 (s), test/loss: 0.2412, test/MAE: 0.2412, test/MSE: 0.1538]
2025-08-28 15:03:28,451 - easytorch-training - INFO - Checkpoint checkpoints/iTransformer/Electricity_100_336_192/dae723a529fc477e72409442147d20be/iTransformer_099.pt saved
2025-08-28 15:03:28,451 - easytorch-training - INFO - The estimated training finish time is 2025-08-28 15:05:07
2025-08-28 15:03:28,451 - easytorch-training - INFO - Epoch 100 / 100
2025-08-28 15:04:47,542 - easytorch-training - INFO - Result <train>: [train/time: 79.09 (s), train/lr: 6.25e-05, train/loss: 0.2022, train/MAE: 0.2022, train/MSE: 0.1027]
2025-08-28 15:04:47,543 - easytorch-training - INFO - Start validation.
2025-08-28 15:04:53,634 - easytorch-training - INFO - Result <val>: [val/time: 6.09 (s), val/loss: 0.2151, val/MAE: 0.2151, val/MSE: 0.1293]
2025-08-28 15:05:07,261 - easytorch-training - INFO - Result <test>: [test/time: 13.62 (s), test/loss: 0.2417, test/MAE: 0.2417, test/MSE: 0.1542]
2025-08-28 15:05:07,331 - easytorch-training - INFO - Checkpoint checkpoints/iTransformer/Electricity_100_336_192/dae723a529fc477e72409442147d20be/iTransformer_100.pt saved
2025-08-28 15:05:07,375 - easytorch-training - INFO - The training finished at 2025-08-28 15:05:07
2025-08-28 15:05:07,375 - easytorch-training - INFO - Evaluating the best model on the test set.
2025-08-28 15:05:07,376 - easytorch-training - INFO - Loading Checkpoint from 'checkpoints/iTransformer/Electricity_100_336_192/dae723a529fc477e72409442147d20be/iTransformer_best_val_MAE.pt'
2025-08-28 15:05:21,245 - easytorch-training - INFO - Result <test>: [test/time: 13.82 (s), test/loss: 0.2419, test/MAE: 0.2419, test/MSE: 0.1545]
2025-08-28 15:05:21,246 - easytorch-training - INFO - Test metrics saved to checkpoints/iTransformer/Electricity_100_336_192/dae723a529fc477e72409442147d20be/test_metrics.json.
