2025-08-27 06:13:04,155 - easytorch-training - INFO - Initializing training.
2025-08-27 06:13:04,155 - easytorch-training - INFO - Set clip grad, param: {'max_norm': 5.0}
2025-08-27 06:13:04,155 - easytorch-training - INFO - Building training data loader.
2025-08-27 06:13:04,157 - easytorch-training - INFO - Train dataset length: 33505
2025-08-27 06:13:05,200 - easytorch-training - INFO - Set optim: Adam (
Parameter Group 0
    amsgrad: False
    betas: (0.9, 0.999)
    capturable: False
    differentiable: False
    eps: 1e-08
    foreach: None
    fused: None
    lr: 0.0002
    maximize: False
    weight_decay: 0.0001
)
2025-08-27 06:13:05,200 - easytorch-training - INFO - Set lr_scheduler: <torch.optim.lr_scheduler.MultiStepLR object at 0x7fd744b5a2f0>
2025-08-27 06:13:05,202 - easytorch-training - INFO - Initializing validation.
2025-08-27 06:13:05,202 - easytorch-training - INFO - Building val data loader.
2025-08-27 06:13:05,203 - easytorch-training - INFO - Validation dataset length: 10465
2025-08-27 06:13:05,205 - easytorch-training - INFO - Test dataset length: 10465
2025-08-27 06:13:05,206 - easytorch-training - INFO - Number of parameters: 4276432
2025-08-27 06:13:05,206 - easytorch-training - INFO - Epoch 1 / 100
2025-08-27 06:13:19,166 - easytorch-training - INFO - Result <train>: [train/time: 13.96 (s), train/lr: 2.00e-04, train/loss: 0.4010, train/MAE: 0.4010, train/MSE: 0.5292]
2025-08-27 06:13:19,167 - easytorch-training - INFO - Start validation.
2025-08-27 06:13:20,694 - easytorch-training - INFO - Result <val>: [val/time: 1.53 (s), val/loss: 0.3553, val/MAE: 0.3553, val/MSE: 0.2824]
2025-08-27 06:13:20,758 - easytorch-training - INFO - Checkpoint checkpoints/PatchTST/ETTm2_100_336_720/9cb4d7a29cced17e3f14241b8bdd259b/PatchTST_best_val_MAE.pt saved
2025-08-27 06:13:22,338 - easytorch-training - INFO - Result <test>: [test/time: 1.58 (s), test/loss: 0.3880, test/MAE: 0.3880, test/MSE: 0.3723]
2025-08-27 06:13:22,401 - easytorch-training - INFO - Checkpoint checkpoints/PatchTST/ETTm2_100_336_720/9cb4d7a29cced17e3f14241b8bdd259b/PatchTST_001.pt saved
2025-08-27 06:13:22,401 - easytorch-training - INFO - The estimated training finish time is 2025-08-27 06:41:44
2025-08-27 06:13:22,401 - easytorch-training - INFO - Epoch 2 / 100
2025-08-27 06:13:36,777 - easytorch-training - INFO - Result <train>: [train/time: 14.38 (s), train/lr: 1.00e-04, train/loss: 0.3802, train/MAE: 0.3802, train/MSE: 0.4779]
2025-08-27 06:13:36,778 - easytorch-training - INFO - Start validation.
2025-08-27 06:13:38,360 - easytorch-training - INFO - Result <val>: [val/time: 1.58 (s), val/loss: 0.3570, val/MAE: 0.3570, val/MSE: 0.2831]
2025-08-27 06:13:39,906 - easytorch-training - INFO - Result <test>: [test/time: 1.54 (s), test/loss: 0.3842, test/MAE: 0.3842, test/MSE: 0.3636]
2025-08-27 06:13:39,974 - easytorch-training - INFO - Checkpoint checkpoints/PatchTST/ETTm2_100_336_720/9cb4d7a29cced17e3f14241b8bdd259b/PatchTST_002.pt saved
2025-08-27 06:13:39,975 - easytorch-training - INFO - The estimated training finish time is 2025-08-27 06:42:03
2025-08-27 06:13:39,975 - easytorch-training - INFO - Epoch 3 / 100
2025-08-27 06:13:54,312 - easytorch-training - INFO - Result <train>: [train/time: 14.34 (s), train/lr: 1.00e-04, train/loss: 0.3729, train/MAE: 0.3729, train/MSE: 0.4590]
2025-08-27 06:13:54,313 - easytorch-training - INFO - Start validation.
2025-08-27 06:13:55,798 - easytorch-training - INFO - Result <val>: [val/time: 1.48 (s), val/loss: 0.3613, val/MAE: 0.3613, val/MSE: 0.2908]
2025-08-27 06:13:57,377 - easytorch-training - INFO - Result <test>: [test/time: 1.58 (s), test/loss: 0.3879, test/MAE: 0.3879, test/MSE: 0.3706]
2025-08-27 06:13:57,441 - easytorch-training - INFO - Checkpoint checkpoints/PatchTST/ETTm2_100_336_720/9cb4d7a29cced17e3f14241b8bdd259b/PatchTST_003.pt saved
2025-08-27 06:13:57,441 - easytorch-training - INFO - The estimated training finish time is 2025-08-27 06:42:06
2025-08-27 06:13:57,441 - easytorch-training - INFO - Epoch 4 / 100
2025-08-27 06:14:07,723 - easytorch-training - INFO - Result <train>: [train/time: 10.28 (s), train/lr: 1.00e-04, train/loss: 0.3682, train/MAE: 0.3682, train/MSE: 0.4468]
2025-08-27 06:14:07,724 - easytorch-training - INFO - Start validation.
2025-08-27 06:14:09,297 - easytorch-training - INFO - Result <val>: [val/time: 1.57 (s), val/loss: 0.3595, val/MAE: 0.3595, val/MSE: 0.2872]
2025-08-27 06:14:10,868 - easytorch-training - INFO - Result <test>: [test/time: 1.57 (s), test/loss: 0.3868, test/MAE: 0.3868, test/MSE: 0.3696]
2025-08-27 06:14:10,929 - easytorch-training - INFO - Checkpoint checkpoints/PatchTST/ETTm2_100_336_720/9cb4d7a29cced17e3f14241b8bdd259b/PatchTST_004.pt saved
2025-08-27 06:14:10,929 - easytorch-training - INFO - The estimated training finish time is 2025-08-27 06:40:28
2025-08-27 06:14:10,929 - easytorch-training - INFO - Epoch 5 / 100
2025-08-27 06:14:21,046 - easytorch-training - INFO - Result <train>: [train/time: 10.12 (s), train/lr: 1.00e-04, train/loss: 0.3646, train/MAE: 0.3646, train/MSE: 0.4363]
2025-08-27 06:14:21,048 - easytorch-training - INFO - Start validation.
2025-08-27 06:14:22,508 - easytorch-training - INFO - Result <val>: [val/time: 1.46 (s), val/loss: 0.3599, val/MAE: 0.3599, val/MSE: 0.2883]
2025-08-27 06:14:24,018 - easytorch-training - INFO - Result <test>: [test/time: 1.51 (s), test/loss: 0.3883, test/MAE: 0.3883, test/MSE: 0.3726]
2025-08-27 06:14:24,081 - easytorch-training - INFO - Checkpoint checkpoints/PatchTST/ETTm2_100_336_720/9cb4d7a29cced17e3f14241b8bdd259b/PatchTST_005.pt saved
2025-08-27 06:14:24,081 - easytorch-training - INFO - The estimated training finish time is 2025-08-27 06:39:22
2025-08-27 06:14:24,082 - easytorch-training - INFO - Epoch 6 / 100
2025-08-27 06:14:38,501 - easytorch-training - INFO - Result <train>: [train/time: 14.42 (s), train/lr: 1.00e-04, train/loss: 0.3614, train/MAE: 0.3614, train/MSE: 0.4273]
2025-08-27 06:14:38,503 - easytorch-training - INFO - Start validation.
2025-08-27 06:14:40,006 - easytorch-training - INFO - Result <val>: [val/time: 1.50 (s), val/loss: 0.3600, val/MAE: 0.3600, val/MSE: 0.2893]
2025-08-27 06:14:41,565 - easytorch-training - INFO - Result <test>: [test/time: 1.56 (s), test/loss: 0.3899, test/MAE: 0.3899, test/MSE: 0.3760]
2025-08-27 06:14:41,630 - easytorch-training - INFO - Checkpoint checkpoints/PatchTST/ETTm2_100_336_720/9cb4d7a29cced17e3f14241b8bdd259b/PatchTST_006.pt saved
2025-08-27 06:14:41,631 - easytorch-training - INFO - The estimated training finish time is 2025-08-27 06:39:52
2025-08-27 06:14:41,631 - easytorch-training - INFO - Epoch 7 / 100
2025-08-27 06:14:56,078 - easytorch-training - INFO - Result <train>: [train/time: 14.45 (s), train/lr: 1.00e-04, train/loss: 0.3591, train/MAE: 0.3591, train/MSE: 0.4217]
2025-08-27 06:14:56,079 - easytorch-training - INFO - Start validation.
2025-08-27 06:14:57,649 - easytorch-training - INFO - Result <val>: [val/time: 1.57 (s), val/loss: 0.3611, val/MAE: 0.3611, val/MSE: 0.2899]
2025-08-27 06:14:59,113 - easytorch-training - INFO - Result <test>: [test/time: 1.46 (s), test/loss: 0.3909, test/MAE: 0.3909, test/MSE: 0.3754]
2025-08-27 06:14:59,179 - easytorch-training - INFO - Checkpoint checkpoints/PatchTST/ETTm2_100_336_720/9cb4d7a29cced17e3f14241b8bdd259b/PatchTST_007.pt saved
2025-08-27 06:14:59,179 - easytorch-training - INFO - The estimated training finish time is 2025-08-27 06:40:13
2025-08-27 06:14:59,179 - easytorch-training - INFO - Epoch 8 / 100
2025-08-27 06:15:13,144 - easytorch-training - INFO - Result <train>: [train/time: 13.96 (s), train/lr: 1.00e-04, train/loss: 0.3567, train/MAE: 0.3567, train/MSE: 0.4153]
2025-08-27 06:15:13,145 - easytorch-training - INFO - Start validation.
2025-08-27 06:15:14,602 - easytorch-training - INFO - Result <val>: [val/time: 1.46 (s), val/loss: 0.3621, val/MAE: 0.3621, val/MSE: 0.2910]
2025-08-27 06:15:16,177 - easytorch-training - INFO - Result <test>: [test/time: 1.57 (s), test/loss: 0.3924, test/MAE: 0.3924, test/MSE: 0.3782]
2025-08-27 06:15:16,241 - easytorch-training - INFO - Checkpoint checkpoints/PatchTST/ETTm2_100_336_720/9cb4d7a29cced17e3f14241b8bdd259b/PatchTST_008.pt saved
2025-08-27 06:15:16,241 - easytorch-training - INFO - The estimated training finish time is 2025-08-27 06:40:23
2025-08-27 06:15:16,241 - easytorch-training - INFO - Epoch 9 / 100
2025-08-27 06:15:30,759 - easytorch-training - INFO - Result <train>: [train/time: 14.52 (s), train/lr: 1.00e-04, train/loss: 0.3548, train/MAE: 0.3548, train/MSE: 0.4112]
2025-08-27 06:15:30,760 - easytorch-training - INFO - Start validation.
2025-08-27 06:15:32,255 - easytorch-training - INFO - Result <val>: [val/time: 1.49 (s), val/loss: 0.3648, val/MAE: 0.3648, val/MSE: 0.2944]
2025-08-27 06:15:33,736 - easytorch-training - INFO - Result <test>: [test/time: 1.48 (s), test/loss: 0.3928, test/MAE: 0.3928, test/MSE: 0.3771]
2025-08-27 06:15:33,798 - easytorch-training - INFO - Checkpoint checkpoints/PatchTST/ETTm2_100_336_720/9cb4d7a29cced17e3f14241b8bdd259b/PatchTST_009.pt saved
2025-08-27 06:15:33,799 - easytorch-training - INFO - The estimated training finish time is 2025-08-27 06:40:36
2025-08-27 06:15:33,799 - easytorch-training - INFO - Epoch 10 / 100
2025-08-27 06:15:48,059 - easytorch-training - INFO - Result <train>: [train/time: 14.26 (s), train/lr: 1.00e-04, train/loss: 0.3523, train/MAE: 0.3523, train/MSE: 0.4036]
2025-08-27 06:15:48,061 - easytorch-training - INFO - Start validation.
2025-08-27 06:15:49,505 - easytorch-training - INFO - Result <val>: [val/time: 1.44 (s), val/loss: 0.3626, val/MAE: 0.3626, val/MSE: 0.2917]
2025-08-27 06:15:51,041 - easytorch-training - INFO - Result <test>: [test/time: 1.54 (s), test/loss: 0.3895, test/MAE: 0.3895, test/MSE: 0.3740]
2025-08-27 06:15:51,104 - easytorch-training - INFO - Checkpoint checkpoints/PatchTST/ETTm2_100_336_720/9cb4d7a29cced17e3f14241b8bdd259b/PatchTST_010.pt saved
2025-08-27 06:15:51,137 - easytorch-training - INFO - The estimated training finish time is 2025-08-27 06:40:44
2025-08-27 06:15:51,137 - easytorch-training - INFO - Epoch 11 / 100
2025-08-27 06:16:04,972 - easytorch-training - INFO - Result <train>: [train/time: 13.83 (s), train/lr: 1.00e-04, train/loss: 0.3508, train/MAE: 0.3508, train/MSE: 0.4000]
2025-08-27 06:16:04,973 - easytorch-training - INFO - Start validation.
2025-08-27 06:16:06,487 - easytorch-training - INFO - Result <val>: [val/time: 1.51 (s), val/loss: 0.3667, val/MAE: 0.3667, val/MSE: 0.2992]
2025-08-27 06:16:08,041 - easytorch-training - INFO - Result <test>: [test/time: 1.55 (s), test/loss: 0.3953, test/MAE: 0.3953, test/MSE: 0.3838]
2025-08-27 06:16:08,102 - easytorch-training - INFO - Checkpoint checkpoints/PatchTST/ETTm2_100_336_720/9cb4d7a29cced17e3f14241b8bdd259b/PatchTST_011.pt saved
2025-08-27 06:16:08,103 - easytorch-training - INFO - The estimated training finish time is 2025-08-27 06:40:47
2025-08-27 06:16:08,103 - easytorch-training - INFO - Epoch 12 / 100
2025-08-27 06:16:22,412 - easytorch-training - INFO - Result <train>: [train/time: 14.31 (s), train/lr: 1.00e-04, train/loss: 0.3491, train/MAE: 0.3491, train/MSE: 0.3943]
2025-08-27 06:16:22,413 - easytorch-training - INFO - Start validation.
2025-08-27 06:16:23,978 - easytorch-training - INFO - Result <val>: [val/time: 1.56 (s), val/loss: 0.3650, val/MAE: 0.3650, val/MSE: 0.2950]
2025-08-27 06:16:25,433 - easytorch-training - INFO - Result <test>: [test/time: 1.45 (s), test/loss: 0.3954, test/MAE: 0.3954, test/MSE: 0.3839]
2025-08-27 06:16:25,494 - easytorch-training - INFO - Checkpoint checkpoints/PatchTST/ETTm2_100_336_720/9cb4d7a29cced17e3f14241b8bdd259b/PatchTST_012.pt saved
2025-08-27 06:16:25,494 - easytorch-training - INFO - The estimated training finish time is 2025-08-27 06:40:54
2025-08-27 06:16:25,494 - easytorch-training - INFO - Epoch 13 / 100
2025-08-27 06:16:38,965 - easytorch-training - INFO - Result <train>: [train/time: 13.47 (s), train/lr: 1.00e-04, train/loss: 0.3474, train/MAE: 0.3474, train/MSE: 0.3898]
2025-08-27 06:16:38,966 - easytorch-training - INFO - Start validation.
2025-08-27 06:16:40,469 - easytorch-training - INFO - Result <val>: [val/time: 1.50 (s), val/loss: 0.3671, val/MAE: 0.3671, val/MSE: 0.2992]
2025-08-27 06:16:41,989 - easytorch-training - INFO - Result <test>: [test/time: 1.52 (s), test/loss: 0.3939, test/MAE: 0.3939, test/MSE: 0.3815]
2025-08-27 06:16:42,054 - easytorch-training - INFO - Checkpoint checkpoints/PatchTST/ETTm2_100_336_720/9cb4d7a29cced17e3f14241b8bdd259b/PatchTST_013.pt saved
2025-08-27 06:16:42,054 - easytorch-training - INFO - The estimated training finish time is 2025-08-27 06:40:53
2025-08-27 06:16:42,054 - easytorch-training - INFO - Epoch 14 / 100
2025-08-27 06:16:56,697 - easytorch-training - INFO - Result <train>: [train/time: 14.64 (s), train/lr: 1.00e-04, train/loss: 0.3458, train/MAE: 0.3458, train/MSE: 0.3853]
2025-08-27 06:16:56,698 - easytorch-training - INFO - Start validation.
2025-08-27 06:16:58,279 - easytorch-training - INFO - Result <val>: [val/time: 1.58 (s), val/loss: 0.3669, val/MAE: 0.3669, val/MSE: 0.2973]
2025-08-27 06:16:59,773 - easytorch-training - INFO - Result <test>: [test/time: 1.49 (s), test/loss: 0.3947, test/MAE: 0.3947, test/MSE: 0.3829]
2025-08-27 06:16:59,841 - easytorch-training - INFO - Checkpoint checkpoints/PatchTST/ETTm2_100_336_720/9cb4d7a29cced17e3f14241b8bdd259b/PatchTST_014.pt saved
2025-08-27 06:16:59,841 - easytorch-training - INFO - The estimated training finish time is 2025-08-27 06:41:01
2025-08-27 06:16:59,841 - easytorch-training - INFO - Epoch 15 / 100
2025-08-27 06:17:14,250 - easytorch-training - INFO - Result <train>: [train/time: 14.41 (s), train/lr: 1.00e-04, train/loss: 0.3442, train/MAE: 0.3442, train/MSE: 0.3803]
2025-08-27 06:17:14,251 - easytorch-training - INFO - Start validation.
2025-08-27 06:17:15,718 - easytorch-training - INFO - Result <val>: [val/time: 1.47 (s), val/loss: 0.3680, val/MAE: 0.3680, val/MSE: 0.3017]
2025-08-27 06:17:17,234 - easytorch-training - INFO - Result <test>: [test/time: 1.52 (s), test/loss: 0.3927, test/MAE: 0.3927, test/MSE: 0.3793]
2025-08-27 06:17:17,295 - easytorch-training - INFO - Checkpoint checkpoints/PatchTST/ETTm2_100_336_720/9cb4d7a29cced17e3f14241b8bdd259b/PatchTST_015.pt saved
2025-08-27 06:17:17,295 - easytorch-training - INFO - The estimated training finish time is 2025-08-27 06:41:05
2025-08-27 06:17:17,295 - easytorch-training - INFO - Epoch 16 / 100
2025-08-27 06:17:31,805 - easytorch-training - INFO - Result <train>: [train/time: 14.51 (s), train/lr: 1.00e-04, train/loss: 0.3428, train/MAE: 0.3428, train/MSE: 0.3764]
2025-08-27 06:17:31,806 - easytorch-training - INFO - Start validation.
2025-08-27 06:17:33,350 - easytorch-training - INFO - Result <val>: [val/time: 1.54 (s), val/loss: 0.3707, val/MAE: 0.3707, val/MSE: 0.3060]
2025-08-27 06:17:34,823 - easytorch-training - INFO - Result <test>: [test/time: 1.47 (s), test/loss: 0.3958, test/MAE: 0.3958, test/MSE: 0.3846]
2025-08-27 06:17:34,886 - easytorch-training - INFO - Checkpoint checkpoints/PatchTST/ETTm2_100_336_720/9cb4d7a29cced17e3f14241b8bdd259b/PatchTST_016.pt saved
2025-08-27 06:17:34,887 - easytorch-training - INFO - The estimated training finish time is 2025-08-27 06:41:10
2025-08-27 06:17:34,887 - easytorch-training - INFO - Epoch 17 / 100
2025-08-27 06:17:49,200 - easytorch-training - INFO - Result <train>: [train/time: 14.31 (s), train/lr: 1.00e-04, train/loss: 0.3414, train/MAE: 0.3414, train/MSE: 0.3725]
2025-08-27 06:17:49,202 - easytorch-training - INFO - Start validation.
2025-08-27 06:17:50,740 - easytorch-training - INFO - Result <val>: [val/time: 1.54 (s), val/loss: 0.3708, val/MAE: 0.3708, val/MSE: 0.3061]
2025-08-27 06:17:52,240 - easytorch-training - INFO - Result <test>: [test/time: 1.50 (s), test/loss: 0.3951, test/MAE: 0.3951, test/MSE: 0.3838]
2025-08-27 06:17:52,301 - easytorch-training - INFO - Checkpoint checkpoints/PatchTST/ETTm2_100_336_720/9cb4d7a29cced17e3f14241b8bdd259b/PatchTST_017.pt saved
2025-08-27 06:17:52,302 - easytorch-training - INFO - The estimated training finish time is 2025-08-27 06:41:14
2025-08-27 06:17:52,302 - easytorch-training - INFO - Epoch 18 / 100
2025-08-27 06:18:06,420 - easytorch-training - INFO - Result <train>: [train/time: 14.12 (s), train/lr: 1.00e-04, train/loss: 0.3400, train/MAE: 0.3400, train/MSE: 0.3686]
2025-08-27 06:18:06,422 - easytorch-training - INFO - Start validation.
2025-08-27 06:18:07,932 - easytorch-training - INFO - Result <val>: [val/time: 1.51 (s), val/loss: 0.3687, val/MAE: 0.3687, val/MSE: 0.3031]
2025-08-27 06:18:09,456 - easytorch-training - INFO - Result <test>: [test/time: 1.52 (s), test/loss: 0.3936, test/MAE: 0.3936, test/MSE: 0.3825]
2025-08-27 06:18:09,525 - easytorch-training - INFO - Checkpoint checkpoints/PatchTST/ETTm2_100_336_720/9cb4d7a29cced17e3f14241b8bdd259b/PatchTST_018.pt saved
2025-08-27 06:18:09,525 - easytorch-training - INFO - The estimated training finish time is 2025-08-27 06:41:15
2025-08-27 06:18:09,526 - easytorch-training - INFO - Epoch 19 / 100
2025-08-27 06:18:23,411 - easytorch-training - INFO - Result <train>: [train/time: 13.89 (s), train/lr: 1.00e-04, train/loss: 0.3388, train/MAE: 0.3388, train/MSE: 0.3647]
2025-08-27 06:18:23,412 - easytorch-training - INFO - Start validation.
2025-08-27 06:18:24,874 - easytorch-training - INFO - Result <val>: [val/time: 1.46 (s), val/loss: 0.3695, val/MAE: 0.3695, val/MSE: 0.3022]
2025-08-27 06:18:26,420 - easytorch-training - INFO - Result <test>: [test/time: 1.55 (s), test/loss: 0.3965, test/MAE: 0.3965, test/MSE: 0.3843]
2025-08-27 06:18:26,484 - easytorch-training - INFO - Checkpoint checkpoints/PatchTST/ETTm2_100_336_720/9cb4d7a29cced17e3f14241b8bdd259b/PatchTST_019.pt saved
2025-08-27 06:18:26,484 - easytorch-training - INFO - The estimated training finish time is 2025-08-27 06:41:16
2025-08-27 06:18:26,484 - easytorch-training - INFO - Epoch 20 / 100
2025-08-27 06:18:40,544 - easytorch-training - INFO - Result <train>: [train/time: 14.06 (s), train/lr: 1.00e-04, train/loss: 0.3376, train/MAE: 0.3376, train/MSE: 0.3616]
2025-08-27 06:18:40,545 - easytorch-training - INFO - Start validation.
2025-08-27 06:18:42,061 - easytorch-training - INFO - Result <val>: [val/time: 1.52 (s), val/loss: 0.3704, val/MAE: 0.3704, val/MSE: 0.3068]
2025-08-27 06:18:43,565 - easytorch-training - INFO - Result <test>: [test/time: 1.50 (s), test/loss: 0.3959, test/MAE: 0.3959, test/MSE: 0.3853]
2025-08-27 06:18:43,634 - easytorch-training - INFO - Checkpoint checkpoints/PatchTST/ETTm2_100_336_720/9cb4d7a29cced17e3f14241b8bdd259b/PatchTST_020.pt saved
2025-08-27 06:18:43,669 - easytorch-training - INFO - The estimated training finish time is 2025-08-27 06:41:17
2025-08-27 06:18:43,669 - easytorch-training - INFO - Epoch 21 / 100
2025-08-27 06:18:56,283 - easytorch-training - INFO - Result <train>: [train/time: 12.61 (s), train/lr: 1.00e-04, train/loss: 0.3362, train/MAE: 0.3362, train/MSE: 0.3579]
2025-08-27 06:18:56,284 - easytorch-training - INFO - Start validation.
2025-08-27 06:18:57,814 - easytorch-training - INFO - Result <val>: [val/time: 1.53 (s), val/loss: 0.3701, val/MAE: 0.3701, val/MSE: 0.3074]
2025-08-27 06:18:59,343 - easytorch-training - INFO - Result <test>: [test/time: 1.53 (s), test/loss: 0.3945, test/MAE: 0.3945, test/MSE: 0.3852]
2025-08-27 06:18:59,410 - easytorch-training - INFO - Checkpoint checkpoints/PatchTST/ETTm2_100_336_720/9cb4d7a29cced17e3f14241b8bdd259b/PatchTST_021.pt saved
2025-08-27 06:18:59,410 - easytorch-training - INFO - The estimated training finish time is 2025-08-27 06:41:11
2025-08-27 06:18:59,410 - easytorch-training - INFO - Epoch 22 / 100
2025-08-27 06:19:12,980 - easytorch-training - INFO - Result <train>: [train/time: 13.57 (s), train/lr: 1.00e-04, train/loss: 0.3354, train/MAE: 0.3354, train/MSE: 0.3557]
2025-08-27 06:19:12,982 - easytorch-training - INFO - Start validation.
2025-08-27 06:19:14,532 - easytorch-training - INFO - Result <val>: [val/time: 1.55 (s), val/loss: 0.3721, val/MAE: 0.3721, val/MSE: 0.3106]
2025-08-27 06:19:16,021 - easytorch-training - INFO - Result <test>: [test/time: 1.49 (s), test/loss: 0.3949, test/MAE: 0.3949, test/MSE: 0.3848]
2025-08-27 06:19:16,084 - easytorch-training - INFO - Checkpoint checkpoints/PatchTST/ETTm2_100_336_720/9cb4d7a29cced17e3f14241b8bdd259b/PatchTST_022.pt saved
2025-08-27 06:19:16,084 - easytorch-training - INFO - The estimated training finish time is 2025-08-27 06:41:11
2025-08-27 06:19:16,084 - easytorch-training - INFO - Epoch 23 / 100
2025-08-27 06:19:27,910 - easytorch-training - INFO - Result <train>: [train/time: 11.83 (s), train/lr: 1.00e-04, train/loss: 0.3341, train/MAE: 0.3341, train/MSE: 0.3528]
2025-08-27 06:19:27,910 - easytorch-training - INFO - Start validation.
2025-08-27 06:19:29,471 - easytorch-training - INFO - Result <val>: [val/time: 1.56 (s), val/loss: 0.3724, val/MAE: 0.3724, val/MSE: 0.3107]
2025-08-27 06:19:30,991 - easytorch-training - INFO - Result <test>: [test/time: 1.52 (s), test/loss: 0.3955, test/MAE: 0.3955, test/MSE: 0.3837]
2025-08-27 06:19:31,050 - easytorch-training - INFO - Checkpoint checkpoints/PatchTST/ETTm2_100_336_720/9cb4d7a29cced17e3f14241b8bdd259b/PatchTST_023.pt saved
2025-08-27 06:19:31,050 - easytorch-training - INFO - The estimated training finish time is 2025-08-27 06:41:02
2025-08-27 06:19:31,050 - easytorch-training - INFO - Epoch 24 / 100
2025-08-27 06:19:44,806 - easytorch-training - INFO - Result <train>: [train/time: 13.76 (s), train/lr: 1.00e-04, train/loss: 0.3333, train/MAE: 0.3333, train/MSE: 0.3511]
2025-08-27 06:19:44,807 - easytorch-training - INFO - Start validation.
2025-08-27 06:19:46,358 - easytorch-training - INFO - Result <val>: [val/time: 1.55 (s), val/loss: 0.3713, val/MAE: 0.3713, val/MSE: 0.3093]
2025-08-27 06:19:47,853 - easytorch-training - INFO - Result <test>: [test/time: 1.49 (s), test/loss: 0.3953, test/MAE: 0.3953, test/MSE: 0.3857]
2025-08-27 06:19:47,917 - easytorch-training - INFO - Checkpoint checkpoints/PatchTST/ETTm2_100_336_720/9cb4d7a29cced17e3f14241b8bdd259b/PatchTST_024.pt saved
2025-08-27 06:19:47,918 - easytorch-training - INFO - The estimated training finish time is 2025-08-27 06:41:03
2025-08-27 06:19:47,918 - easytorch-training - INFO - Epoch 25 / 100
2025-08-27 06:20:01,579 - easytorch-training - INFO - Result <train>: [train/time: 13.66 (s), train/lr: 1.00e-04, train/loss: 0.3323, train/MAE: 0.3323, train/MSE: 0.3481]
2025-08-27 06:20:01,580 - easytorch-training - INFO - Start validation.
2025-08-27 06:20:03,043 - easytorch-training - INFO - Result <val>: [val/time: 1.46 (s), val/loss: 0.3716, val/MAE: 0.3716, val/MSE: 0.3086]
2025-08-27 06:20:04,528 - easytorch-training - INFO - Result <test>: [test/time: 1.48 (s), test/loss: 0.3970, test/MAE: 0.3970, test/MSE: 0.3874]
2025-08-27 06:20:04,598 - easytorch-training - INFO - Checkpoint checkpoints/PatchTST/ETTm2_100_336_720/9cb4d7a29cced17e3f14241b8bdd259b/PatchTST_025.pt saved
2025-08-27 06:20:04,598 - easytorch-training - INFO - The estimated training finish time is 2025-08-27 06:41:02
2025-08-27 06:20:04,598 - easytorch-training - INFO - Epoch 26 / 100
2025-08-27 06:20:18,345 - easytorch-training - INFO - Result <train>: [train/time: 13.75 (s), train/lr: 5.00e-05, train/loss: 0.3295, train/MAE: 0.3295, train/MSE: 0.3423]
2025-08-27 06:20:18,346 - easytorch-training - INFO - Start validation.
2025-08-27 06:20:19,808 - easytorch-training - INFO - Result <val>: [val/time: 1.46 (s), val/loss: 0.3711, val/MAE: 0.3711, val/MSE: 0.3066]
2025-08-27 06:20:21,274 - easytorch-training - INFO - Result <test>: [test/time: 1.46 (s), test/loss: 0.3958, test/MAE: 0.3958, test/MSE: 0.3835]
2025-08-27 06:20:21,336 - easytorch-training - INFO - Checkpoint checkpoints/PatchTST/ETTm2_100_336_720/9cb4d7a29cced17e3f14241b8bdd259b/PatchTST_026.pt saved
2025-08-27 06:20:21,337 - easytorch-training - INFO - The estimated training finish time is 2025-08-27 06:41:02
2025-08-27 06:20:21,337 - easytorch-training - INFO - Epoch 27 / 100
2025-08-27 06:20:35,136 - easytorch-training - INFO - Result <train>: [train/time: 13.80 (s), train/lr: 5.00e-05, train/loss: 0.3286, train/MAE: 0.3286, train/MSE: 0.3405]
2025-08-27 06:20:35,137 - easytorch-training - INFO - Start validation.
2025-08-27 06:20:36,604 - easytorch-training - INFO - Result <val>: [val/time: 1.47 (s), val/loss: 0.3712, val/MAE: 0.3712, val/MSE: 0.3092]
2025-08-27 06:20:38,083 - easytorch-training - INFO - Result <test>: [test/time: 1.48 (s), test/loss: 0.3946, test/MAE: 0.3946, test/MSE: 0.3840]
2025-08-27 06:20:38,152 - easytorch-training - INFO - Checkpoint checkpoints/PatchTST/ETTm2_100_336_720/9cb4d7a29cced17e3f14241b8bdd259b/PatchTST_027.pt saved
2025-08-27 06:20:38,152 - easytorch-training - INFO - The estimated training finish time is 2025-08-27 06:41:02
2025-08-27 06:20:38,152 - easytorch-training - INFO - Epoch 28 / 100
2025-08-27 06:20:51,828 - easytorch-training - INFO - Result <train>: [train/time: 13.68 (s), train/lr: 5.00e-05, train/loss: 0.3281, train/MAE: 0.3281, train/MSE: 0.3389]
2025-08-27 06:20:51,832 - easytorch-training - INFO - Start validation.
2025-08-27 06:20:53,352 - easytorch-training - INFO - Result <val>: [val/time: 1.52 (s), val/loss: 0.3716, val/MAE: 0.3716, val/MSE: 0.3089]
2025-08-27 06:20:54,876 - easytorch-training - INFO - Result <test>: [test/time: 1.52 (s), test/loss: 0.3958, test/MAE: 0.3958, test/MSE: 0.3854]
2025-08-27 06:20:54,938 - easytorch-training - INFO - Checkpoint checkpoints/PatchTST/ETTm2_100_336_720/9cb4d7a29cced17e3f14241b8bdd259b/PatchTST_028.pt saved
2025-08-27 06:20:54,938 - easytorch-training - INFO - The estimated training finish time is 2025-08-27 06:41:02
2025-08-27 06:20:54,938 - easytorch-training - INFO - Epoch 29 / 100
2025-08-27 06:21:07,569 - easytorch-training - INFO - Result <train>: [train/time: 12.63 (s), train/lr: 5.00e-05, train/loss: 0.3277, train/MAE: 0.3277, train/MSE: 0.3381]
2025-08-27 06:21:07,571 - easytorch-training - INFO - Start validation.
2025-08-27 06:21:09,139 - easytorch-training - INFO - Result <val>: [val/time: 1.57 (s), val/loss: 0.3718, val/MAE: 0.3718, val/MSE: 0.3089]
2025-08-27 06:21:10,656 - easytorch-training - INFO - Result <test>: [test/time: 1.52 (s), test/loss: 0.3960, test/MAE: 0.3960, test/MSE: 0.3853]
2025-08-27 06:21:10,716 - easytorch-training - INFO - Checkpoint checkpoints/PatchTST/ETTm2_100_336_720/9cb4d7a29cced17e3f14241b8bdd259b/PatchTST_029.pt saved
2025-08-27 06:21:10,716 - easytorch-training - INFO - The estimated training finish time is 2025-08-27 06:40:59
2025-08-27 06:21:10,716 - easytorch-training - INFO - Epoch 30 / 100
2025-08-27 06:21:23,881 - easytorch-training - INFO - Result <train>: [train/time: 13.16 (s), train/lr: 5.00e-05, train/loss: 0.3273, train/MAE: 0.3273, train/MSE: 0.3373]
2025-08-27 06:21:23,882 - easytorch-training - INFO - Start validation.
2025-08-27 06:21:25,397 - easytorch-training - INFO - Result <val>: [val/time: 1.51 (s), val/loss: 0.3727, val/MAE: 0.3727, val/MSE: 0.3103]
2025-08-27 06:21:26,908 - easytorch-training - INFO - Result <test>: [test/time: 1.51 (s), test/loss: 0.3957, test/MAE: 0.3957, test/MSE: 0.3851]
2025-08-27 06:21:26,970 - easytorch-training - INFO - Checkpoint checkpoints/PatchTST/ETTm2_100_336_720/9cb4d7a29cced17e3f14241b8bdd259b/PatchTST_030.pt saved
2025-08-27 06:21:27,008 - easytorch-training - INFO - The estimated training finish time is 2025-08-27 06:40:57
2025-08-27 06:21:27,009 - easytorch-training - INFO - Epoch 31 / 100
2025-08-27 06:21:41,349 - easytorch-training - INFO - Result <train>: [train/time: 14.34 (s), train/lr: 5.00e-05, train/loss: 0.3268, train/MAE: 0.3268, train/MSE: 0.3361]
2025-08-27 06:21:41,350 - easytorch-training - INFO - Start validation.
2025-08-27 06:21:42,897 - easytorch-training - INFO - Result <val>: [val/time: 1.55 (s), val/loss: 0.3708, val/MAE: 0.3708, val/MSE: 0.3067]
2025-08-27 06:21:44,444 - easytorch-training - INFO - Result <test>: [test/time: 1.55 (s), test/loss: 0.3966, test/MAE: 0.3966, test/MSE: 0.3864]
2025-08-27 06:21:44,509 - easytorch-training - INFO - Checkpoint checkpoints/PatchTST/ETTm2_100_336_720/9cb4d7a29cced17e3f14241b8bdd259b/PatchTST_031.pt saved
2025-08-27 06:21:44,509 - easytorch-training - INFO - The estimated training finish time is 2025-08-27 06:41:00
2025-08-27 06:21:44,509 - easytorch-training - INFO - Epoch 32 / 100
2025-08-27 06:21:57,990 - easytorch-training - INFO - Result <train>: [train/time: 13.48 (s), train/lr: 5.00e-05, train/loss: 0.3261, train/MAE: 0.3261, train/MSE: 0.3347]
2025-08-27 06:21:57,991 - easytorch-training - INFO - Start validation.
2025-08-27 06:21:59,512 - easytorch-training - INFO - Result <val>: [val/time: 1.52 (s), val/loss: 0.3723, val/MAE: 0.3723, val/MSE: 0.3103]
2025-08-27 06:22:01,042 - easytorch-training - INFO - Result <test>: [test/time: 1.53 (s), test/loss: 0.3964, test/MAE: 0.3964, test/MSE: 0.3858]
2025-08-27 06:22:01,106 - easytorch-training - INFO - Checkpoint checkpoints/PatchTST/ETTm2_100_336_720/9cb4d7a29cced17e3f14241b8bdd259b/PatchTST_032.pt saved
2025-08-27 06:22:01,106 - easytorch-training - INFO - The estimated training finish time is 2025-08-27 06:40:59
2025-08-27 06:22:01,106 - easytorch-training - INFO - Epoch 33 / 100
2025-08-27 06:22:14,186 - easytorch-training - INFO - Result <train>: [train/time: 13.08 (s), train/lr: 5.00e-05, train/loss: 0.3259, train/MAE: 0.3259, train/MSE: 0.3343]
2025-08-27 06:22:14,187 - easytorch-training - INFO - Start validation.
2025-08-27 06:22:15,702 - easytorch-training - INFO - Result <val>: [val/time: 1.51 (s), val/loss: 0.3730, val/MAE: 0.3730, val/MSE: 0.3115]
2025-08-27 06:22:17,217 - easytorch-training - INFO - Result <test>: [test/time: 1.51 (s), test/loss: 0.3955, test/MAE: 0.3955, test/MSE: 0.3846]
2025-08-27 06:22:17,286 - easytorch-training - INFO - Checkpoint checkpoints/PatchTST/ETTm2_100_336_720/9cb4d7a29cced17e3f14241b8bdd259b/PatchTST_033.pt saved
2025-08-27 06:22:17,286 - easytorch-training - INFO - The estimated training finish time is 2025-08-27 06:40:58
2025-08-27 06:22:17,286 - easytorch-training - INFO - Epoch 34 / 100
2025-08-27 06:22:28,435 - easytorch-training - INFO - Result <train>: [train/time: 11.15 (s), train/lr: 5.00e-05, train/loss: 0.3254, train/MAE: 0.3254, train/MSE: 0.3328]
2025-08-27 06:22:28,437 - easytorch-training - INFO - Start validation.
2025-08-27 06:22:29,941 - easytorch-training - INFO - Result <val>: [val/time: 1.50 (s), val/loss: 0.3736, val/MAE: 0.3736, val/MSE: 0.3125]
2025-08-27 06:22:31,444 - easytorch-training - INFO - Result <test>: [test/time: 1.50 (s), test/loss: 0.3953, test/MAE: 0.3953, test/MSE: 0.3843]
2025-08-27 06:22:31,510 - easytorch-training - INFO - Checkpoint checkpoints/PatchTST/ETTm2_100_336_720/9cb4d7a29cced17e3f14241b8bdd259b/PatchTST_034.pt saved
2025-08-27 06:22:31,510 - easytorch-training - INFO - The estimated training finish time is 2025-08-27 06:40:50
2025-08-27 06:22:31,510 - easytorch-training - INFO - Epoch 35 / 100
2025-08-27 06:22:45,262 - easytorch-training - INFO - Result <train>: [train/time: 13.75 (s), train/lr: 5.00e-05, train/loss: 0.3250, train/MAE: 0.3250, train/MSE: 0.3318]
2025-08-27 06:22:45,264 - easytorch-training - INFO - Start validation.
2025-08-27 06:22:46,785 - easytorch-training - INFO - Result <val>: [val/time: 1.52 (s), val/loss: 0.3722, val/MAE: 0.3722, val/MSE: 0.3111]
2025-08-27 06:22:48,296 - easytorch-training - INFO - Result <test>: [test/time: 1.51 (s), test/loss: 0.3961, test/MAE: 0.3961, test/MSE: 0.3870]
2025-08-27 06:22:48,362 - easytorch-training - INFO - Checkpoint checkpoints/PatchTST/ETTm2_100_336_720/9cb4d7a29cced17e3f14241b8bdd259b/PatchTST_035.pt saved
2025-08-27 06:22:48,362 - easytorch-training - INFO - The estimated training finish time is 2025-08-27 06:40:51
2025-08-27 06:22:48,362 - easytorch-training - INFO - Epoch 36 / 100
2025-08-27 06:23:02,495 - easytorch-training - INFO - Result <train>: [train/time: 14.13 (s), train/lr: 5.00e-05, train/loss: 0.3247, train/MAE: 0.3247, train/MSE: 0.3315]
2025-08-27 06:23:02,496 - easytorch-training - INFO - Start validation.
2025-08-27 06:23:04,009 - easytorch-training - INFO - Result <val>: [val/time: 1.51 (s), val/loss: 0.3730, val/MAE: 0.3730, val/MSE: 0.3119]
2025-08-27 06:23:05,528 - easytorch-training - INFO - Result <test>: [test/time: 1.52 (s), test/loss: 0.3943, test/MAE: 0.3943, test/MSE: 0.3835]
2025-08-27 06:23:05,594 - easytorch-training - INFO - Checkpoint checkpoints/PatchTST/ETTm2_100_336_720/9cb4d7a29cced17e3f14241b8bdd259b/PatchTST_036.pt saved
2025-08-27 06:23:05,594 - easytorch-training - INFO - The estimated training finish time is 2025-08-27 06:40:52
2025-08-27 06:23:05,594 - easytorch-training - INFO - Epoch 37 / 100
2025-08-27 06:23:19,651 - easytorch-training - INFO - Result <train>: [train/time: 14.06 (s), train/lr: 5.00e-05, train/loss: 0.3243, train/MAE: 0.3243, train/MSE: 0.3304]
2025-08-27 06:23:19,653 - easytorch-training - INFO - Start validation.
2025-08-27 06:23:21,168 - easytorch-training - INFO - Result <val>: [val/time: 1.52 (s), val/loss: 0.3753, val/MAE: 0.3753, val/MSE: 0.3155]
2025-08-27 06:23:22,700 - easytorch-training - INFO - Result <test>: [test/time: 1.53 (s), test/loss: 0.3957, test/MAE: 0.3957, test/MSE: 0.3843]
2025-08-27 06:23:22,771 - easytorch-training - INFO - Checkpoint checkpoints/PatchTST/ETTm2_100_336_720/9cb4d7a29cced17e3f14241b8bdd259b/PatchTST_037.pt saved
2025-08-27 06:23:22,771 - easytorch-training - INFO - The estimated training finish time is 2025-08-27 06:40:54
2025-08-27 06:23:22,771 - easytorch-training - INFO - Epoch 38 / 100
2025-08-27 06:23:35,481 - easytorch-training - INFO - Result <train>: [train/time: 12.71 (s), train/lr: 5.00e-05, train/loss: 0.3238, train/MAE: 0.3238, train/MSE: 0.3289]
2025-08-27 06:23:35,482 - easytorch-training - INFO - Start validation.
2025-08-27 06:23:37,002 - easytorch-training - INFO - Result <val>: [val/time: 1.52 (s), val/loss: 0.3739, val/MAE: 0.3739, val/MSE: 0.3129]
2025-08-27 06:23:38,506 - easytorch-training - INFO - Result <test>: [test/time: 1.50 (s), test/loss: 0.3979, test/MAE: 0.3979, test/MSE: 0.3882]
2025-08-27 06:23:38,567 - easytorch-training - INFO - Checkpoint checkpoints/PatchTST/ETTm2_100_336_720/9cb4d7a29cced17e3f14241b8bdd259b/PatchTST_038.pt saved
2025-08-27 06:23:38,567 - easytorch-training - INFO - The estimated training finish time is 2025-08-27 06:40:51
2025-08-27 06:23:38,567 - easytorch-training - INFO - Epoch 39 / 100
2025-08-27 06:23:48,568 - easytorch-training - INFO - Result <train>: [train/time: 10.00 (s), train/lr: 5.00e-05, train/loss: 0.3235, train/MAE: 0.3235, train/MSE: 0.3284]
2025-08-27 06:23:48,569 - easytorch-training - INFO - Start validation.
2025-08-27 06:23:50,083 - easytorch-training - INFO - Result <val>: [val/time: 1.51 (s), val/loss: 0.3732, val/MAE: 0.3732, val/MSE: 0.3115]
2025-08-27 06:23:51,586 - easytorch-training - INFO - Result <test>: [test/time: 1.50 (s), test/loss: 0.3967, test/MAE: 0.3967, test/MSE: 0.3858]
2025-08-27 06:23:51,648 - easytorch-training - INFO - Checkpoint checkpoints/PatchTST/ETTm2_100_336_720/9cb4d7a29cced17e3f14241b8bdd259b/PatchTST_039.pt saved
2025-08-27 06:23:51,648 - easytorch-training - INFO - The estimated training finish time is 2025-08-27 06:40:42
2025-08-27 06:23:51,648 - easytorch-training - INFO - Epoch 40 / 100
2025-08-27 06:24:01,660 - easytorch-training - INFO - Result <train>: [train/time: 10.01 (s), train/lr: 5.00e-05, train/loss: 0.3230, train/MAE: 0.3230, train/MSE: 0.3274]
2025-08-27 06:24:01,661 - easytorch-training - INFO - Start validation.
2025-08-27 06:24:03,177 - easytorch-training - INFO - Result <val>: [val/time: 1.52 (s), val/loss: 0.3742, val/MAE: 0.3742, val/MSE: 0.3133]
2025-08-27 06:24:04,689 - easytorch-training - INFO - Result <test>: [test/time: 1.51 (s), test/loss: 0.3960, test/MAE: 0.3960, test/MSE: 0.3843]
2025-08-27 06:24:04,753 - easytorch-training - INFO - Checkpoint checkpoints/PatchTST/ETTm2_100_336_720/9cb4d7a29cced17e3f14241b8bdd259b/PatchTST_040.pt saved
2025-08-27 06:24:04,791 - easytorch-training - INFO - The estimated training finish time is 2025-08-27 06:40:34
2025-08-27 06:24:04,791 - easytorch-training - INFO - Epoch 41 / 100
2025-08-27 06:24:14,790 - easytorch-training - INFO - Result <train>: [train/time: 10.00 (s), train/lr: 5.00e-05, train/loss: 0.3227, train/MAE: 0.3227, train/MSE: 0.3269]
2025-08-27 06:24:14,791 - easytorch-training - INFO - Start validation.
2025-08-27 06:24:16,303 - easytorch-training - INFO - Result <val>: [val/time: 1.51 (s), val/loss: 0.3746, val/MAE: 0.3746, val/MSE: 0.3141]
2025-08-27 06:24:17,821 - easytorch-training - INFO - Result <test>: [test/time: 1.52 (s), test/loss: 0.3964, test/MAE: 0.3964, test/MSE: 0.3848]
2025-08-27 06:24:17,883 - easytorch-training - INFO - Checkpoint checkpoints/PatchTST/ETTm2_100_336_720/9cb4d7a29cced17e3f14241b8bdd259b/PatchTST_041.pt saved
2025-08-27 06:24:17,884 - easytorch-training - INFO - The estimated training finish time is 2025-08-27 06:40:25
2025-08-27 06:24:17,884 - easytorch-training - INFO - Epoch 42 / 100
2025-08-27 06:24:27,885 - easytorch-training - INFO - Result <train>: [train/time: 10.00 (s), train/lr: 5.00e-05, train/loss: 0.3224, train/MAE: 0.3224, train/MSE: 0.3263]
2025-08-27 06:24:27,886 - easytorch-training - INFO - Start validation.
2025-08-27 06:24:29,395 - easytorch-training - INFO - Result <val>: [val/time: 1.51 (s), val/loss: 0.3751, val/MAE: 0.3751, val/MSE: 0.3137]
2025-08-27 06:24:30,937 - easytorch-training - INFO - Result <test>: [test/time: 1.54 (s), test/loss: 0.3960, test/MAE: 0.3960, test/MSE: 0.3833]
2025-08-27 06:24:31,003 - easytorch-training - INFO - Checkpoint checkpoints/PatchTST/ETTm2_100_336_720/9cb4d7a29cced17e3f14241b8bdd259b/PatchTST_042.pt saved
2025-08-27 06:24:31,003 - easytorch-training - INFO - The estimated training finish time is 2025-08-27 06:40:18
2025-08-27 06:24:31,003 - easytorch-training - INFO - Epoch 43 / 100
2025-08-27 06:24:41,000 - easytorch-training - INFO - Result <train>: [train/time: 10.00 (s), train/lr: 5.00e-05, train/loss: 0.3221, train/MAE: 0.3221, train/MSE: 0.3257]
2025-08-27 06:24:41,001 - easytorch-training - INFO - Start validation.
2025-08-27 06:24:42,502 - easytorch-training - INFO - Result <val>: [val/time: 1.50 (s), val/loss: 0.3750, val/MAE: 0.3750, val/MSE: 0.3154]
2025-08-27 06:24:44,009 - easytorch-training - INFO - Result <test>: [test/time: 1.51 (s), test/loss: 0.3963, test/MAE: 0.3963, test/MSE: 0.3853]
2025-08-27 06:24:44,069 - easytorch-training - INFO - Checkpoint checkpoints/PatchTST/ETTm2_100_336_720/9cb4d7a29cced17e3f14241b8bdd259b/PatchTST_043.pt saved
2025-08-27 06:24:44,069 - easytorch-training - INFO - The estimated training finish time is 2025-08-27 06:40:10
2025-08-27 06:24:44,069 - easytorch-training - INFO - Epoch 44 / 100
2025-08-27 06:24:54,195 - easytorch-training - INFO - Result <train>: [train/time: 10.13 (s), train/lr: 5.00e-05, train/loss: 0.3215, train/MAE: 0.3215, train/MSE: 0.3246]
2025-08-27 06:24:54,196 - easytorch-training - INFO - Start validation.
2025-08-27 06:24:55,698 - easytorch-training - INFO - Result <val>: [val/time: 1.50 (s), val/loss: 0.3746, val/MAE: 0.3746, val/MSE: 0.3140]
2025-08-27 06:24:57,198 - easytorch-training - INFO - Result <test>: [test/time: 1.50 (s), test/loss: 0.3984, test/MAE: 0.3984, test/MSE: 0.3880]
2025-08-27 06:24:57,264 - easytorch-training - INFO - Checkpoint checkpoints/PatchTST/ETTm2_100_336_720/9cb4d7a29cced17e3f14241b8bdd259b/PatchTST_044.pt saved
2025-08-27 06:24:57,264 - easytorch-training - INFO - The estimated training finish time is 2025-08-27 06:40:03
2025-08-27 06:24:57,264 - easytorch-training - INFO - Epoch 45 / 100
2025-08-27 06:25:10,760 - easytorch-training - INFO - Result <train>: [train/time: 13.50 (s), train/lr: 5.00e-05, train/loss: 0.3214, train/MAE: 0.3214, train/MSE: 0.3241]
2025-08-27 06:25:10,761 - easytorch-training - INFO - Start validation.
2025-08-27 06:25:12,271 - easytorch-training - INFO - Result <val>: [val/time: 1.51 (s), val/loss: 0.3748, val/MAE: 0.3748, val/MSE: 0.3148]
2025-08-27 06:25:13,778 - easytorch-training - INFO - Result <test>: [test/time: 1.51 (s), test/loss: 0.3955, test/MAE: 0.3955, test/MSE: 0.3836]
2025-08-27 06:25:13,842 - easytorch-training - INFO - Checkpoint checkpoints/PatchTST/ETTm2_100_336_720/9cb4d7a29cced17e3f14241b8bdd259b/PatchTST_045.pt saved
2025-08-27 06:25:13,842 - easytorch-training - INFO - The estimated training finish time is 2025-08-27 06:40:04
2025-08-27 06:25:13,842 - easytorch-training - INFO - Epoch 46 / 100
2025-08-27 06:25:27,696 - easytorch-training - INFO - Result <train>: [train/time: 13.85 (s), train/lr: 5.00e-05, train/loss: 0.3208, train/MAE: 0.3208, train/MSE: 0.3234]
2025-08-27 06:25:27,697 - easytorch-training - INFO - Start validation.
2025-08-27 06:25:29,206 - easytorch-training - INFO - Result <val>: [val/time: 1.51 (s), val/loss: 0.3762, val/MAE: 0.3762, val/MSE: 0.3167]
2025-08-27 06:25:30,725 - easytorch-training - INFO - Result <test>: [test/time: 1.52 (s), test/loss: 0.3958, test/MAE: 0.3958, test/MSE: 0.3838]
2025-08-27 06:25:30,787 - easytorch-training - INFO - Checkpoint checkpoints/PatchTST/ETTm2_100_336_720/9cb4d7a29cced17e3f14241b8bdd259b/PatchTST_046.pt saved
2025-08-27 06:25:30,787 - easytorch-training - INFO - The estimated training finish time is 2025-08-27 06:40:06
2025-08-27 06:25:30,787 - easytorch-training - INFO - Epoch 47 / 100
2025-08-27 06:25:43,048 - easytorch-training - INFO - Result <train>: [train/time: 12.26 (s), train/lr: 5.00e-05, train/loss: 0.3206, train/MAE: 0.3206, train/MSE: 0.3225]
2025-08-27 06:25:43,048 - easytorch-training - INFO - Start validation.
2025-08-27 06:25:44,572 - easytorch-training - INFO - Result <val>: [val/time: 1.52 (s), val/loss: 0.3736, val/MAE: 0.3736, val/MSE: 0.3136]
2025-08-27 06:25:46,098 - easytorch-training - INFO - Result <test>: [test/time: 1.53 (s), test/loss: 0.3949, test/MAE: 0.3949, test/MSE: 0.3825]
2025-08-27 06:25:46,162 - easytorch-training - INFO - Checkpoint checkpoints/PatchTST/ETTm2_100_336_720/9cb4d7a29cced17e3f14241b8bdd259b/PatchTST_047.pt saved
2025-08-27 06:25:46,163 - easytorch-training - INFO - The estimated training finish time is 2025-08-27 06:40:04
2025-08-27 06:25:46,163 - easytorch-training - INFO - Epoch 48 / 100
2025-08-27 06:25:56,185 - easytorch-training - INFO - Result <train>: [train/time: 10.02 (s), train/lr: 5.00e-05, train/loss: 0.3203, train/MAE: 0.3203, train/MSE: 0.3219]
2025-08-27 06:25:56,185 - easytorch-training - INFO - Start validation.
2025-08-27 06:25:57,699 - easytorch-training - INFO - Result <val>: [val/time: 1.51 (s), val/loss: 0.3756, val/MAE: 0.3756, val/MSE: 0.3165]
2025-08-27 06:25:59,209 - easytorch-training - INFO - Result <test>: [test/time: 1.51 (s), test/loss: 0.3966, test/MAE: 0.3966, test/MSE: 0.3853]
2025-08-27 06:25:59,269 - easytorch-training - INFO - Checkpoint checkpoints/PatchTST/ETTm2_100_336_720/9cb4d7a29cced17e3f14241b8bdd259b/PatchTST_048.pt saved
2025-08-27 06:25:59,269 - easytorch-training - INFO - The estimated training finish time is 2025-08-27 06:39:57
2025-08-27 06:25:59,270 - easytorch-training - INFO - Epoch 49 / 100
2025-08-27 06:26:09,285 - easytorch-training - INFO - Result <train>: [train/time: 10.02 (s), train/lr: 5.00e-05, train/loss: 0.3199, train/MAE: 0.3199, train/MSE: 0.3210]
2025-08-27 06:26:09,286 - easytorch-training - INFO - Start validation.
2025-08-27 06:26:10,805 - easytorch-training - INFO - Result <val>: [val/time: 1.52 (s), val/loss: 0.3747, val/MAE: 0.3747, val/MSE: 0.3146]
2025-08-27 06:26:12,345 - easytorch-training - INFO - Result <test>: [test/time: 1.54 (s), test/loss: 0.3974, test/MAE: 0.3974, test/MSE: 0.3870]
2025-08-27 06:26:12,416 - easytorch-training - INFO - Checkpoint checkpoints/PatchTST/ETTm2_100_336_720/9cb4d7a29cced17e3f14241b8bdd259b/PatchTST_049.pt saved
2025-08-27 06:26:12,416 - easytorch-training - INFO - The estimated training finish time is 2025-08-27 06:39:51
2025-08-27 06:26:12,416 - easytorch-training - INFO - Epoch 50 / 100
2025-08-27 06:26:22,435 - easytorch-training - INFO - Result <train>: [train/time: 10.02 (s), train/lr: 5.00e-05, train/loss: 0.3196, train/MAE: 0.3196, train/MSE: 0.3203]
2025-08-27 06:26:22,436 - easytorch-training - INFO - Start validation.
2025-08-27 06:26:23,951 - easytorch-training - INFO - Result <val>: [val/time: 1.51 (s), val/loss: 0.3752, val/MAE: 0.3752, val/MSE: 0.3162]
2025-08-27 06:26:25,487 - easytorch-training - INFO - Result <test>: [test/time: 1.54 (s), test/loss: 0.3964, test/MAE: 0.3964, test/MSE: 0.3847]
2025-08-27 06:26:25,558 - easytorch-training - INFO - Checkpoint checkpoints/PatchTST/ETTm2_100_336_720/9cb4d7a29cced17e3f14241b8bdd259b/PatchTST_050.pt saved
2025-08-27 06:26:25,599 - easytorch-training - INFO - The estimated training finish time is 2025-08-27 06:39:45
2025-08-27 06:26:25,599 - easytorch-training - INFO - Epoch 51 / 100
2025-08-27 06:26:39,198 - easytorch-training - INFO - Result <train>: [train/time: 13.60 (s), train/lr: 2.50e-05, train/loss: 0.3185, train/MAE: 0.3185, train/MSE: 0.3187]
2025-08-27 06:26:39,199 - easytorch-training - INFO - Start validation.
2025-08-27 06:26:40,731 - easytorch-training - INFO - Result <val>: [val/time: 1.53 (s), val/loss: 0.3737, val/MAE: 0.3737, val/MSE: 0.3138]
2025-08-27 06:26:42,250 - easytorch-training - INFO - Result <test>: [test/time: 1.52 (s), test/loss: 0.3953, test/MAE: 0.3953, test/MSE: 0.3827]
2025-08-27 06:26:42,312 - easytorch-training - INFO - Checkpoint checkpoints/PatchTST/ETTm2_100_336_720/9cb4d7a29cced17e3f14241b8bdd259b/PatchTST_051.pt saved
2025-08-27 06:26:42,313 - easytorch-training - INFO - The estimated training finish time is 2025-08-27 06:39:47
2025-08-27 06:26:42,313 - easytorch-training - INFO - Epoch 52 / 100
2025-08-27 06:26:56,455 - easytorch-training - INFO - Result <train>: [train/time: 14.14 (s), train/lr: 2.50e-05, train/loss: 0.3182, train/MAE: 0.3182, train/MSE: 0.3176]
2025-08-27 06:26:56,457 - easytorch-training - INFO - Start validation.
2025-08-27 06:26:57,973 - easytorch-training - INFO - Result <val>: [val/time: 1.52 (s), val/loss: 0.3738, val/MAE: 0.3738, val/MSE: 0.3137]
2025-08-27 06:26:59,477 - easytorch-training - INFO - Result <test>: [test/time: 1.50 (s), test/loss: 0.3961, test/MAE: 0.3961, test/MSE: 0.3844]
2025-08-27 06:26:59,544 - easytorch-training - INFO - Checkpoint checkpoints/PatchTST/ETTm2_100_336_720/9cb4d7a29cced17e3f14241b8bdd259b/PatchTST_052.pt saved
2025-08-27 06:26:59,544 - easytorch-training - INFO - The estimated training finish time is 2025-08-27 06:39:49
2025-08-27 06:26:59,544 - easytorch-training - INFO - Epoch 53 / 100
2025-08-27 06:27:13,737 - easytorch-training - INFO - Result <train>: [train/time: 14.19 (s), train/lr: 2.50e-05, train/loss: 0.3178, train/MAE: 0.3178, train/MSE: 0.3168]
2025-08-27 06:27:13,738 - easytorch-training - INFO - Start validation.
2025-08-27 06:27:15,269 - easytorch-training - INFO - Result <val>: [val/time: 1.53 (s), val/loss: 0.3742, val/MAE: 0.3742, val/MSE: 0.3147]
2025-08-27 06:27:16,786 - easytorch-training - INFO - Result <test>: [test/time: 1.52 (s), test/loss: 0.3969, test/MAE: 0.3969, test/MSE: 0.3857]
2025-08-27 06:27:16,847 - easytorch-training - INFO - Checkpoint checkpoints/PatchTST/ETTm2_100_336_720/9cb4d7a29cced17e3f14241b8bdd259b/PatchTST_053.pt saved
2025-08-27 06:27:16,848 - easytorch-training - INFO - The estimated training finish time is 2025-08-27 06:39:52
2025-08-27 06:27:16,848 - easytorch-training - INFO - Epoch 54 / 100
2025-08-27 06:27:31,041 - easytorch-training - INFO - Result <train>: [train/time: 14.19 (s), train/lr: 2.50e-05, train/loss: 0.3178, train/MAE: 0.3178, train/MSE: 0.3172]
2025-08-27 06:27:31,042 - easytorch-training - INFO - Start validation.
2025-08-27 06:27:32,551 - easytorch-training - INFO - Result <val>: [val/time: 1.51 (s), val/loss: 0.3746, val/MAE: 0.3746, val/MSE: 0.3141]
2025-08-27 06:27:34,060 - easytorch-training - INFO - Result <test>: [test/time: 1.51 (s), test/loss: 0.3968, test/MAE: 0.3968, test/MSE: 0.3853]
2025-08-27 06:27:34,127 - easytorch-training - INFO - Checkpoint checkpoints/PatchTST/ETTm2_100_336_720/9cb4d7a29cced17e3f14241b8bdd259b/PatchTST_054.pt saved
2025-08-27 06:27:34,127 - easytorch-training - INFO - The estimated training finish time is 2025-08-27 06:39:54
2025-08-27 06:27:34,127 - easytorch-training - INFO - Epoch 55 / 100
2025-08-27 06:27:48,412 - easytorch-training - INFO - Result <train>: [train/time: 14.28 (s), train/lr: 2.50e-05, train/loss: 0.3176, train/MAE: 0.3176, train/MSE: 0.3163]
2025-08-27 06:27:48,413 - easytorch-training - INFO - Start validation.
2025-08-27 06:27:49,921 - easytorch-training - INFO - Result <val>: [val/time: 1.51 (s), val/loss: 0.3746, val/MAE: 0.3746, val/MSE: 0.3156]
2025-08-27 06:27:51,450 - easytorch-training - INFO - Result <test>: [test/time: 1.53 (s), test/loss: 0.3973, test/MAE: 0.3973, test/MSE: 0.3863]
2025-08-27 06:27:51,516 - easytorch-training - INFO - Checkpoint checkpoints/PatchTST/ETTm2_100_336_720/9cb4d7a29cced17e3f14241b8bdd259b/PatchTST_055.pt saved
2025-08-27 06:27:51,517 - easytorch-training - INFO - The estimated training finish time is 2025-08-27 06:39:56
2025-08-27 06:27:51,517 - easytorch-training - INFO - Epoch 56 / 100
2025-08-27 06:28:05,767 - easytorch-training - INFO - Result <train>: [train/time: 14.25 (s), train/lr: 2.50e-05, train/loss: 0.3173, train/MAE: 0.3173, train/MSE: 0.3159]
2025-08-27 06:28:05,768 - easytorch-training - INFO - Start validation.
2025-08-27 06:28:07,301 - easytorch-training - INFO - Result <val>: [val/time: 1.53 (s), val/loss: 0.3748, val/MAE: 0.3748, val/MSE: 0.3158]
2025-08-27 06:28:08,826 - easytorch-training - INFO - Result <test>: [test/time: 1.52 (s), test/loss: 0.3966, test/MAE: 0.3966, test/MSE: 0.3850]
2025-08-27 06:28:08,888 - easytorch-training - INFO - Checkpoint checkpoints/PatchTST/ETTm2_100_336_720/9cb4d7a29cced17e3f14241b8bdd259b/PatchTST_056.pt saved
2025-08-27 06:28:08,888 - easytorch-training - INFO - The estimated training finish time is 2025-08-27 06:39:58
2025-08-27 06:28:08,888 - easytorch-training - INFO - Epoch 57 / 100
2025-08-27 06:28:23,169 - easytorch-training - INFO - Result <train>: [train/time: 14.28 (s), train/lr: 2.50e-05, train/loss: 0.3170, train/MAE: 0.3170, train/MSE: 0.3152]
2025-08-27 06:28:23,171 - easytorch-training - INFO - Start validation.
2025-08-27 06:28:24,742 - easytorch-training - INFO - Result <val>: [val/time: 1.57 (s), val/loss: 0.3744, val/MAE: 0.3744, val/MSE: 0.3152]
2025-08-27 06:28:26,287 - easytorch-training - INFO - Result <test>: [test/time: 1.54 (s), test/loss: 0.3966, test/MAE: 0.3966, test/MSE: 0.3852]
2025-08-27 06:28:26,350 - easytorch-training - INFO - Checkpoint checkpoints/PatchTST/ETTm2_100_336_720/9cb4d7a29cced17e3f14241b8bdd259b/PatchTST_057.pt saved
2025-08-27 06:28:26,350 - easytorch-training - INFO - The estimated training finish time is 2025-08-27 06:40:01
2025-08-27 06:28:26,350 - easytorch-training - INFO - Epoch 58 / 100
2025-08-27 06:28:40,580 - easytorch-training - INFO - Result <train>: [train/time: 14.23 (s), train/lr: 2.50e-05, train/loss: 0.3172, train/MAE: 0.3172, train/MSE: 0.3157]
2025-08-27 06:28:40,581 - easytorch-training - INFO - Start validation.
2025-08-27 06:28:42,137 - easytorch-training - INFO - Result <val>: [val/time: 1.56 (s), val/loss: 0.3749, val/MAE: 0.3749, val/MSE: 0.3154]
2025-08-27 06:28:43,704 - easytorch-training - INFO - Result <test>: [test/time: 1.57 (s), test/loss: 0.3970, test/MAE: 0.3970, test/MSE: 0.3857]
2025-08-27 06:28:43,769 - easytorch-training - INFO - Checkpoint checkpoints/PatchTST/ETTm2_100_336_720/9cb4d7a29cced17e3f14241b8bdd259b/PatchTST_058.pt saved
2025-08-27 06:28:43,770 - easytorch-training - INFO - The estimated training finish time is 2025-08-27 06:40:03
2025-08-27 06:28:43,770 - easytorch-training - INFO - Epoch 59 / 100
2025-08-27 06:28:58,031 - easytorch-training - INFO - Result <train>: [train/time: 14.26 (s), train/lr: 2.50e-05, train/loss: 0.3170, train/MAE: 0.3170, train/MSE: 0.3149]
2025-08-27 06:28:58,031 - easytorch-training - INFO - Start validation.
2025-08-27 06:28:59,518 - easytorch-training - INFO - Result <val>: [val/time: 1.49 (s), val/loss: 0.3741, val/MAE: 0.3741, val/MSE: 0.3136]
2025-08-27 06:29:01,022 - easytorch-training - INFO - Result <test>: [test/time: 1.50 (s), test/loss: 0.3971, test/MAE: 0.3971, test/MSE: 0.3860]
2025-08-27 06:29:01,085 - easytorch-training - INFO - Checkpoint checkpoints/PatchTST/ETTm2_100_336_720/9cb4d7a29cced17e3f14241b8bdd259b/PatchTST_059.pt saved
2025-08-27 06:29:01,085 - easytorch-training - INFO - The estimated training finish time is 2025-08-27 06:40:05
2025-08-27 06:29:01,085 - easytorch-training - INFO - Epoch 60 / 100
2025-08-27 06:29:12,542 - easytorch-training - INFO - Result <train>: [train/time: 11.46 (s), train/lr: 2.50e-05, train/loss: 0.3167, train/MAE: 0.3167, train/MSE: 0.3147]
2025-08-27 06:29:12,543 - easytorch-training - INFO - Start validation.
2025-08-27 06:29:14,085 - easytorch-training - INFO - Result <val>: [val/time: 1.54 (s), val/loss: 0.3748, val/MAE: 0.3748, val/MSE: 0.3157]
2025-08-27 06:29:15,627 - easytorch-training - INFO - Result <test>: [test/time: 1.54 (s), test/loss: 0.3972, test/MAE: 0.3972, test/MSE: 0.3859]
2025-08-27 06:29:15,689 - easytorch-training - INFO - Checkpoint checkpoints/PatchTST/ETTm2_100_336_720/9cb4d7a29cced17e3f14241b8bdd259b/PatchTST_060.pt saved
2025-08-27 06:29:15,727 - easytorch-training - INFO - The estimated training finish time is 2025-08-27 06:40:02
2025-08-27 06:29:15,727 - easytorch-training - INFO - Epoch 61 / 100
2025-08-27 06:29:29,625 - easytorch-training - INFO - Result <train>: [train/time: 13.90 (s), train/lr: 2.50e-05, train/loss: 0.3164, train/MAE: 0.3164, train/MSE: 0.3139]
2025-08-27 06:29:29,626 - easytorch-training - INFO - Start validation.
2025-08-27 06:29:31,182 - easytorch-training - INFO - Result <val>: [val/time: 1.56 (s), val/loss: 0.3746, val/MAE: 0.3746, val/MSE: 0.3149]
2025-08-27 06:29:32,679 - easytorch-training - INFO - Result <test>: [test/time: 1.50 (s), test/loss: 0.3967, test/MAE: 0.3967, test/MSE: 0.3851]
2025-08-27 06:29:32,738 - easytorch-training - INFO - Checkpoint checkpoints/PatchTST/ETTm2_100_336_720/9cb4d7a29cced17e3f14241b8bdd259b/PatchTST_061.pt saved
2025-08-27 06:29:32,738 - easytorch-training - INFO - The estimated training finish time is 2025-08-27 06:40:04
2025-08-27 06:29:32,738 - easytorch-training - INFO - Epoch 62 / 100
2025-08-27 06:29:47,010 - easytorch-training - INFO - Result <train>: [train/time: 14.27 (s), train/lr: 2.50e-05, train/loss: 0.3163, train/MAE: 0.3163, train/MSE: 0.3140]
2025-08-27 06:29:47,011 - easytorch-training - INFO - Start validation.
2025-08-27 06:29:48,549 - easytorch-training - INFO - Result <val>: [val/time: 1.54 (s), val/loss: 0.3744, val/MAE: 0.3744, val/MSE: 0.3142]
2025-08-27 06:29:50,022 - easytorch-training - INFO - Result <test>: [test/time: 1.47 (s), test/loss: 0.3974, test/MAE: 0.3974, test/MSE: 0.3868]
2025-08-27 06:29:50,087 - easytorch-training - INFO - Checkpoint checkpoints/PatchTST/ETTm2_100_336_720/9cb4d7a29cced17e3f14241b8bdd259b/PatchTST_062.pt saved
2025-08-27 06:29:50,088 - easytorch-training - INFO - The estimated training finish time is 2025-08-27 06:40:05
2025-08-27 06:29:50,088 - easytorch-training - INFO - Epoch 63 / 100
2025-08-27 06:30:04,124 - easytorch-training - INFO - Result <train>: [train/time: 14.04 (s), train/lr: 2.50e-05, train/loss: 0.3163, train/MAE: 0.3163, train/MSE: 0.3136]
2025-08-27 06:30:04,125 - easytorch-training - INFO - Start validation.
2025-08-27 06:30:05,694 - easytorch-training - INFO - Result <val>: [val/time: 1.57 (s), val/loss: 0.3745, val/MAE: 0.3745, val/MSE: 0.3147]
2025-08-27 06:30:07,243 - easytorch-training - INFO - Result <test>: [test/time: 1.55 (s), test/loss: 0.3962, test/MAE: 0.3962, test/MSE: 0.3842]
2025-08-27 06:30:07,304 - easytorch-training - INFO - Checkpoint checkpoints/PatchTST/ETTm2_100_336_720/9cb4d7a29cced17e3f14241b8bdd259b/PatchTST_063.pt saved
2025-08-27 06:30:07,305 - easytorch-training - INFO - The estimated training finish time is 2025-08-27 06:40:07
2025-08-27 06:30:07,305 - easytorch-training - INFO - Epoch 64 / 100
2025-08-27 06:30:21,458 - easytorch-training - INFO - Result <train>: [train/time: 14.15 (s), train/lr: 2.50e-05, train/loss: 0.3162, train/MAE: 0.3162, train/MSE: 0.3134]
2025-08-27 06:30:21,459 - easytorch-training - INFO - Start validation.
2025-08-27 06:30:22,963 - easytorch-training - INFO - Result <val>: [val/time: 1.50 (s), val/loss: 0.3739, val/MAE: 0.3739, val/MSE: 0.3141]
2025-08-27 06:30:24,484 - easytorch-training - INFO - Result <test>: [test/time: 1.52 (s), test/loss: 0.3965, test/MAE: 0.3965, test/MSE: 0.3855]
2025-08-27 06:30:24,546 - easytorch-training - INFO - Checkpoint checkpoints/PatchTST/ETTm2_100_336_720/9cb4d7a29cced17e3f14241b8bdd259b/PatchTST_064.pt saved
2025-08-27 06:30:24,546 - easytorch-training - INFO - The estimated training finish time is 2025-08-27 06:40:09
2025-08-27 06:30:24,546 - easytorch-training - INFO - Epoch 65 / 100
2025-08-27 06:30:38,418 - easytorch-training - INFO - Result <train>: [train/time: 13.87 (s), train/lr: 2.50e-05, train/loss: 0.3159, train/MAE: 0.3159, train/MSE: 0.3129]
2025-08-27 06:30:38,419 - easytorch-training - INFO - Start validation.
2025-08-27 06:30:39,884 - easytorch-training - INFO - Result <val>: [val/time: 1.47 (s), val/loss: 0.3751, val/MAE: 0.3751, val/MSE: 0.3161]
2025-08-27 06:30:41,350 - easytorch-training - INFO - Result <test>: [test/time: 1.46 (s), test/loss: 0.3970, test/MAE: 0.3970, test/MSE: 0.3856]
2025-08-27 06:30:41,410 - easytorch-training - INFO - Checkpoint checkpoints/PatchTST/ETTm2_100_336_720/9cb4d7a29cced17e3f14241b8bdd259b/PatchTST_065.pt saved
2025-08-27 06:30:41,411 - easytorch-training - INFO - The estimated training finish time is 2025-08-27 06:40:10
2025-08-27 06:30:41,411 - easytorch-training - INFO - Epoch 66 / 100
2025-08-27 06:30:55,277 - easytorch-training - INFO - Result <train>: [train/time: 13.87 (s), train/lr: 2.50e-05, train/loss: 0.3159, train/MAE: 0.3159, train/MSE: 0.3129]
2025-08-27 06:30:55,278 - easytorch-training - INFO - Start validation.
2025-08-27 06:30:56,870 - easytorch-training - INFO - Result <val>: [val/time: 1.59 (s), val/loss: 0.3743, val/MAE: 0.3743, val/MSE: 0.3140]
2025-08-27 06:30:58,406 - easytorch-training - INFO - Result <test>: [test/time: 1.54 (s), test/loss: 0.3975, test/MAE: 0.3975, test/MSE: 0.3865]
2025-08-27 06:30:58,467 - easytorch-training - INFO - Checkpoint checkpoints/PatchTST/ETTm2_100_336_720/9cb4d7a29cced17e3f14241b8bdd259b/PatchTST_066.pt saved
2025-08-27 06:30:58,468 - easytorch-training - INFO - The estimated training finish time is 2025-08-27 06:40:11
2025-08-27 06:30:58,468 - easytorch-training - INFO - Epoch 67 / 100
2025-08-27 06:31:12,491 - easytorch-training - INFO - Result <train>: [train/time: 14.02 (s), train/lr: 2.50e-05, train/loss: 0.3157, train/MAE: 0.3157, train/MSE: 0.3123]
2025-08-27 06:31:12,492 - easytorch-training - INFO - Start validation.
2025-08-27 06:31:14,020 - easytorch-training - INFO - Result <val>: [val/time: 1.53 (s), val/loss: 0.3747, val/MAE: 0.3747, val/MSE: 0.3151]
2025-08-27 06:31:15,501 - easytorch-training - INFO - Result <test>: [test/time: 1.48 (s), test/loss: 0.3972, test/MAE: 0.3972, test/MSE: 0.3857]
2025-08-27 06:31:15,566 - easytorch-training - INFO - Checkpoint checkpoints/PatchTST/ETTm2_100_336_720/9cb4d7a29cced17e3f14241b8bdd259b/PatchTST_067.pt saved
2025-08-27 06:31:15,566 - easytorch-training - INFO - The estimated training finish time is 2025-08-27 06:40:12
2025-08-27 06:31:15,566 - easytorch-training - INFO - Epoch 68 / 100
2025-08-27 06:31:29,693 - easytorch-training - INFO - Result <train>: [train/time: 14.13 (s), train/lr: 2.50e-05, train/loss: 0.3154, train/MAE: 0.3154, train/MSE: 0.3116]
2025-08-27 06:31:29,694 - easytorch-training - INFO - Start validation.
2025-08-27 06:31:31,157 - easytorch-training - INFO - Result <val>: [val/time: 1.46 (s), val/loss: 0.3737, val/MAE: 0.3737, val/MSE: 0.3134]
2025-08-27 06:31:32,712 - easytorch-training - INFO - Result <test>: [test/time: 1.55 (s), test/loss: 0.3974, test/MAE: 0.3974, test/MSE: 0.3858]
2025-08-27 06:31:32,775 - easytorch-training - INFO - Checkpoint checkpoints/PatchTST/ETTm2_100_336_720/9cb4d7a29cced17e3f14241b8bdd259b/PatchTST_068.pt saved
2025-08-27 06:31:32,776 - easytorch-training - INFO - The estimated training finish time is 2025-08-27 06:40:13
2025-08-27 06:31:32,776 - easytorch-training - INFO - Epoch 69 / 100
2025-08-27 06:31:47,080 - easytorch-training - INFO - Result <train>: [train/time: 14.30 (s), train/lr: 2.50e-05, train/loss: 0.3152, train/MAE: 0.3152, train/MSE: 0.3116]
2025-08-27 06:31:47,081 - easytorch-training - INFO - Start validation.
2025-08-27 06:31:48,634 - easytorch-training - INFO - Result <val>: [val/time: 1.55 (s), val/loss: 0.3755, val/MAE: 0.3755, val/MSE: 0.3162]
2025-08-27 06:31:50,181 - easytorch-training - INFO - Result <test>: [test/time: 1.55 (s), test/loss: 0.3976, test/MAE: 0.3976, test/MSE: 0.3866]
2025-08-27 06:31:50,243 - easytorch-training - INFO - Checkpoint checkpoints/PatchTST/ETTm2_100_336_720/9cb4d7a29cced17e3f14241b8bdd259b/PatchTST_069.pt saved
2025-08-27 06:31:50,243 - easytorch-training - INFO - The estimated training finish time is 2025-08-27 06:40:15
2025-08-27 06:31:50,243 - easytorch-training - INFO - Epoch 70 / 100
2025-08-27 06:32:04,440 - easytorch-training - INFO - Result <train>: [train/time: 14.20 (s), train/lr: 2.50e-05, train/loss: 0.3150, train/MAE: 0.3150, train/MSE: 0.3113]
2025-08-27 06:32:04,441 - easytorch-training - INFO - Start validation.
2025-08-27 06:32:05,980 - easytorch-training - INFO - Result <val>: [val/time: 1.54 (s), val/loss: 0.3745, val/MAE: 0.3745, val/MSE: 0.3143]
2025-08-27 06:32:07,445 - easytorch-training - INFO - Result <test>: [test/time: 1.46 (s), test/loss: 0.3977, test/MAE: 0.3977, test/MSE: 0.3864]
2025-08-27 06:32:07,514 - easytorch-training - INFO - Checkpoint checkpoints/PatchTST/ETTm2_100_336_720/9cb4d7a29cced17e3f14241b8bdd259b/PatchTST_070.pt saved
2025-08-27 06:32:07,550 - easytorch-training - INFO - The estimated training finish time is 2025-08-27 06:40:17
2025-08-27 06:32:07,550 - easytorch-training - INFO - Epoch 71 / 100
2025-08-27 06:32:21,064 - easytorch-training - INFO - Result <train>: [train/time: 13.51 (s), train/lr: 2.50e-05, train/loss: 0.3149, train/MAE: 0.3149, train/MSE: 0.3107]
2025-08-27 06:32:21,066 - easytorch-training - INFO - Start validation.
2025-08-27 06:32:22,527 - easytorch-training - INFO - Result <val>: [val/time: 1.46 (s), val/loss: 0.3755, val/MAE: 0.3755, val/MSE: 0.3168]
2025-08-27 06:32:23,980 - easytorch-training - INFO - Result <test>: [test/time: 1.45 (s), test/loss: 0.3964, test/MAE: 0.3964, test/MSE: 0.3844]
2025-08-27 06:32:24,040 - easytorch-training - INFO - Checkpoint checkpoints/PatchTST/ETTm2_100_336_720/9cb4d7a29cced17e3f14241b8bdd259b/PatchTST_071.pt saved
2025-08-27 06:32:24,040 - easytorch-training - INFO - The estimated training finish time is 2025-08-27 06:40:17
2025-08-27 06:32:24,040 - easytorch-training - INFO - Epoch 72 / 100
2025-08-27 06:32:38,095 - easytorch-training - INFO - Result <train>: [train/time: 14.05 (s), train/lr: 2.50e-05, train/loss: 0.3150, train/MAE: 0.3150, train/MSE: 0.3111]
2025-08-27 06:32:38,095 - easytorch-training - INFO - Start validation.
2025-08-27 06:32:39,620 - easytorch-training - INFO - Result <val>: [val/time: 1.52 (s), val/loss: 0.3746, val/MAE: 0.3746, val/MSE: 0.3146]
2025-08-27 06:32:41,123 - easytorch-training - INFO - Result <test>: [test/time: 1.50 (s), test/loss: 0.3978, test/MAE: 0.3978, test/MSE: 0.3871]
2025-08-27 06:32:41,189 - easytorch-training - INFO - Checkpoint checkpoints/PatchTST/ETTm2_100_336_720/9cb4d7a29cced17e3f14241b8bdd259b/PatchTST_072.pt saved
2025-08-27 06:32:41,189 - easytorch-training - INFO - The estimated training finish time is 2025-08-27 06:40:18
2025-08-27 06:32:41,189 - easytorch-training - INFO - Epoch 73 / 100
2025-08-27 06:32:55,398 - easytorch-training - INFO - Result <train>: [train/time: 14.21 (s), train/lr: 2.50e-05, train/loss: 0.3146, train/MAE: 0.3146, train/MSE: 0.3102]
2025-08-27 06:32:55,399 - easytorch-training - INFO - Start validation.
2025-08-27 06:32:56,847 - easytorch-training - INFO - Result <val>: [val/time: 1.45 (s), val/loss: 0.3739, val/MAE: 0.3739, val/MSE: 0.3140]
2025-08-27 06:32:58,407 - easytorch-training - INFO - Result <test>: [test/time: 1.56 (s), test/loss: 0.3957, test/MAE: 0.3957, test/MSE: 0.3823]
2025-08-27 06:32:58,474 - easytorch-training - INFO - Checkpoint checkpoints/PatchTST/ETTm2_100_336_720/9cb4d7a29cced17e3f14241b8bdd259b/PatchTST_073.pt saved
2025-08-27 06:32:58,475 - easytorch-training - INFO - The estimated training finish time is 2025-08-27 06:40:19
2025-08-27 06:32:58,475 - easytorch-training - INFO - Epoch 74 / 100
2025-08-27 06:33:11,938 - easytorch-training - INFO - Result <train>: [train/time: 13.46 (s), train/lr: 2.50e-05, train/loss: 0.3145, train/MAE: 0.3145, train/MSE: 0.3101]
2025-08-27 06:33:11,939 - easytorch-training - INFO - Start validation.
2025-08-27 06:33:13,429 - easytorch-training - INFO - Result <val>: [val/time: 1.49 (s), val/loss: 0.3744, val/MAE: 0.3744, val/MSE: 0.3151]
2025-08-27 06:33:14,999 - easytorch-training - INFO - Result <test>: [test/time: 1.57 (s), test/loss: 0.3970, test/MAE: 0.3970, test/MSE: 0.3867]
2025-08-27 06:33:15,076 - easytorch-training - INFO - Checkpoint checkpoints/PatchTST/ETTm2_100_336_720/9cb4d7a29cced17e3f14241b8bdd259b/PatchTST_074.pt saved
2025-08-27 06:33:15,076 - easytorch-training - INFO - The estimated training finish time is 2025-08-27 06:40:20
2025-08-27 06:33:15,076 - easytorch-training - INFO - Epoch 75 / 100
2025-08-27 06:33:27,360 - easytorch-training - INFO - Result <train>: [train/time: 12.28 (s), train/lr: 2.50e-05, train/loss: 0.3145, train/MAE: 0.3145, train/MSE: 0.3103]
2025-08-27 06:33:27,361 - easytorch-training - INFO - Start validation.
2025-08-27 06:33:28,843 - easytorch-training - INFO - Result <val>: [val/time: 1.48 (s), val/loss: 0.3756, val/MAE: 0.3756, val/MSE: 0.3168]
2025-08-27 06:33:30,407 - easytorch-training - INFO - Result <test>: [test/time: 1.56 (s), test/loss: 0.3981, test/MAE: 0.3981, test/MSE: 0.3883]
2025-08-27 06:33:30,477 - easytorch-training - INFO - Checkpoint checkpoints/PatchTST/ETTm2_100_336_720/9cb4d7a29cced17e3f14241b8bdd259b/PatchTST_075.pt saved
2025-08-27 06:33:30,477 - easytorch-training - INFO - The estimated training finish time is 2025-08-27 06:40:18
2025-08-27 06:33:30,477 - easytorch-training - INFO - Epoch 76 / 100
2025-08-27 06:33:40,493 - easytorch-training - INFO - Result <train>: [train/time: 10.02 (s), train/lr: 2.50e-05, train/loss: 0.3144, train/MAE: 0.3144, train/MSE: 0.3099]
2025-08-27 06:33:40,495 - easytorch-training - INFO - Start validation.
2025-08-27 06:33:42,028 - easytorch-training - INFO - Result <val>: [val/time: 1.53 (s), val/loss: 0.3752, val/MAE: 0.3752, val/MSE: 0.3161]
2025-08-27 06:33:43,562 - easytorch-training - INFO - Result <test>: [test/time: 1.53 (s), test/loss: 0.3962, test/MAE: 0.3962, test/MSE: 0.3838]
2025-08-27 06:33:43,627 - easytorch-training - INFO - Checkpoint checkpoints/PatchTST/ETTm2_100_336_720/9cb4d7a29cced17e3f14241b8bdd259b/PatchTST_076.pt saved
2025-08-27 06:33:43,627 - easytorch-training - INFO - The estimated training finish time is 2025-08-27 06:40:14
2025-08-27 06:33:43,627 - easytorch-training - INFO - Epoch 77 / 100
2025-08-27 06:33:53,651 - easytorch-training - INFO - Result <train>: [train/time: 10.02 (s), train/lr: 2.50e-05, train/loss: 0.3140, train/MAE: 0.3140, train/MSE: 0.3089]
2025-08-27 06:33:53,652 - easytorch-training - INFO - Start validation.
2025-08-27 06:33:55,161 - easytorch-training - INFO - Result <val>: [val/time: 1.51 (s), val/loss: 0.3743, val/MAE: 0.3743, val/MSE: 0.3143]
2025-08-27 06:33:56,647 - easytorch-training - INFO - Result <test>: [test/time: 1.49 (s), test/loss: 0.3979, test/MAE: 0.3979, test/MSE: 0.3869]
2025-08-27 06:33:56,709 - easytorch-training - INFO - Checkpoint checkpoints/PatchTST/ETTm2_100_336_720/9cb4d7a29cced17e3f14241b8bdd259b/PatchTST_077.pt saved
2025-08-27 06:33:56,710 - easytorch-training - INFO - The estimated training finish time is 2025-08-27 06:40:10
2025-08-27 06:33:56,710 - easytorch-training - INFO - Epoch 78 / 100
2025-08-27 06:34:06,686 - easytorch-training - INFO - Result <train>: [train/time: 9.98 (s), train/lr: 2.50e-05, train/loss: 0.3142, train/MAE: 0.3142, train/MSE: 0.3098]
2025-08-27 06:34:06,687 - easytorch-training - INFO - Start validation.
2025-08-27 06:34:08,149 - easytorch-training - INFO - Result <val>: [val/time: 1.46 (s), val/loss: 0.3758, val/MAE: 0.3758, val/MSE: 0.3172]
2025-08-27 06:34:09,610 - easytorch-training - INFO - Result <test>: [test/time: 1.46 (s), test/loss: 0.3969, test/MAE: 0.3969, test/MSE: 0.3843]
2025-08-27 06:34:09,671 - easytorch-training - INFO - Checkpoint checkpoints/PatchTST/ETTm2_100_336_720/9cb4d7a29cced17e3f14241b8bdd259b/PatchTST_078.pt saved
2025-08-27 06:34:09,671 - easytorch-training - INFO - The estimated training finish time is 2025-08-27 06:40:06
2025-08-27 06:34:09,671 - easytorch-training - INFO - Epoch 79 / 100
2025-08-27 06:34:19,592 - easytorch-training - INFO - Result <train>: [train/time: 9.92 (s), train/lr: 2.50e-05, train/loss: 0.3139, train/MAE: 0.3139, train/MSE: 0.3086]
2025-08-27 06:34:19,593 - easytorch-training - INFO - Start validation.
2025-08-27 06:34:21,133 - easytorch-training - INFO - Result <val>: [val/time: 1.54 (s), val/loss: 0.3758, val/MAE: 0.3758, val/MSE: 0.3161]
2025-08-27 06:34:22,656 - easytorch-training - INFO - Result <test>: [test/time: 1.52 (s), test/loss: 0.3981, test/MAE: 0.3981, test/MSE: 0.3866]
2025-08-27 06:34:22,719 - easytorch-training - INFO - Checkpoint checkpoints/PatchTST/ETTm2_100_336_720/9cb4d7a29cced17e3f14241b8bdd259b/PatchTST_079.pt saved
2025-08-27 06:34:22,720 - easytorch-training - INFO - The estimated training finish time is 2025-08-27 06:40:02
2025-08-27 06:34:22,720 - easytorch-training - INFO - Epoch 80 / 100
2025-08-27 06:34:32,765 - easytorch-training - INFO - Result <train>: [train/time: 10.05 (s), train/lr: 2.50e-05, train/loss: 0.3137, train/MAE: 0.3137, train/MSE: 0.3086]
2025-08-27 06:34:32,766 - easytorch-training - INFO - Start validation.
2025-08-27 06:34:34,226 - easytorch-training - INFO - Result <val>: [val/time: 1.46 (s), val/loss: 0.3755, val/MAE: 0.3755, val/MSE: 0.3169]
2025-08-27 06:34:35,787 - easytorch-training - INFO - Result <test>: [test/time: 1.56 (s), test/loss: 0.3966, test/MAE: 0.3966, test/MSE: 0.3854]
2025-08-27 06:34:35,852 - easytorch-training - INFO - Checkpoint checkpoints/PatchTST/ETTm2_100_336_720/9cb4d7a29cced17e3f14241b8bdd259b/PatchTST_080.pt saved
2025-08-27 06:34:35,889 - easytorch-training - INFO - The estimated training finish time is 2025-08-27 06:39:58
2025-08-27 06:34:35,889 - easytorch-training - INFO - Epoch 81 / 100
2025-08-27 06:34:47,539 - easytorch-training - INFO - Result <train>: [train/time: 11.65 (s), train/lr: 2.50e-05, train/loss: 0.3133, train/MAE: 0.3133, train/MSE: 0.3076]
2025-08-27 06:34:47,540 - easytorch-training - INFO - Start validation.
2025-08-27 06:34:49,074 - easytorch-training - INFO - Result <val>: [val/time: 1.53 (s), val/loss: 0.3756, val/MAE: 0.3756, val/MSE: 0.3174]
2025-08-27 06:34:50,556 - easytorch-training - INFO - Result <test>: [test/time: 1.48 (s), test/loss: 0.3962, test/MAE: 0.3962, test/MSE: 0.3835]
2025-08-27 06:34:50,617 - easytorch-training - INFO - Checkpoint checkpoints/PatchTST/ETTm2_100_336_720/9cb4d7a29cced17e3f14241b8bdd259b/PatchTST_081.pt saved
2025-08-27 06:34:50,617 - easytorch-training - INFO - The estimated training finish time is 2025-08-27 06:39:56
2025-08-27 06:34:50,617 - easytorch-training - INFO - Epoch 82 / 100
2025-08-27 06:35:01,857 - easytorch-training - INFO - Result <train>: [train/time: 11.24 (s), train/lr: 2.50e-05, train/loss: 0.3133, train/MAE: 0.3133, train/MSE: 0.3077]
2025-08-27 06:35:01,858 - easytorch-training - INFO - Start validation.
2025-08-27 06:35:03,409 - easytorch-training - INFO - Result <val>: [val/time: 1.55 (s), val/loss: 0.3750, val/MAE: 0.3750, val/MSE: 0.3146]
2025-08-27 06:35:04,955 - easytorch-training - INFO - Result <test>: [test/time: 1.54 (s), test/loss: 0.3962, test/MAE: 0.3962, test/MSE: 0.3827]
2025-08-27 06:35:05,016 - easytorch-training - INFO - Checkpoint checkpoints/PatchTST/ETTm2_100_336_720/9cb4d7a29cced17e3f14241b8bdd259b/PatchTST_082.pt saved
2025-08-27 06:35:05,017 - easytorch-training - INFO - The estimated training finish time is 2025-08-27 06:39:54
2025-08-27 06:35:05,017 - easytorch-training - INFO - Epoch 83 / 100
2025-08-27 06:35:15,042 - easytorch-training - INFO - Result <train>: [train/time: 10.02 (s), train/lr: 2.50e-05, train/loss: 0.3132, train/MAE: 0.3132, train/MSE: 0.3073]
2025-08-27 06:35:15,043 - easytorch-training - INFO - Start validation.
2025-08-27 06:35:16,598 - easytorch-training - INFO - Result <val>: [val/time: 1.56 (s), val/loss: 0.3751, val/MAE: 0.3751, val/MSE: 0.3156]
2025-08-27 06:35:18,081 - easytorch-training - INFO - Result <test>: [test/time: 1.48 (s), test/loss: 0.3974, test/MAE: 0.3974, test/MSE: 0.3857]
2025-08-27 06:35:18,147 - easytorch-training - INFO - Checkpoint checkpoints/PatchTST/ETTm2_100_336_720/9cb4d7a29cced17e3f14241b8bdd259b/PatchTST_083.pt saved
2025-08-27 06:35:18,148 - easytorch-training - INFO - The estimated training finish time is 2025-08-27 06:39:51
2025-08-27 06:35:18,148 - easytorch-training - INFO - Epoch 84 / 100
2025-08-27 06:35:28,185 - easytorch-training - INFO - Result <train>: [train/time: 10.04 (s), train/lr: 2.50e-05, train/loss: 0.3133, train/MAE: 0.3133, train/MSE: 0.3077]
2025-08-27 06:35:28,187 - easytorch-training - INFO - Start validation.
2025-08-27 06:35:29,687 - easytorch-training - INFO - Result <val>: [val/time: 1.50 (s), val/loss: 0.3750, val/MAE: 0.3750, val/MSE: 0.3146]
2025-08-27 06:35:31,235 - easytorch-training - INFO - Result <test>: [test/time: 1.55 (s), test/loss: 0.3984, test/MAE: 0.3984, test/MSE: 0.3881]
2025-08-27 06:35:31,300 - easytorch-training - INFO - Checkpoint checkpoints/PatchTST/ETTm2_100_336_720/9cb4d7a29cced17e3f14241b8bdd259b/PatchTST_084.pt saved
2025-08-27 06:35:31,300 - easytorch-training - INFO - The estimated training finish time is 2025-08-27 06:39:47
2025-08-27 06:35:31,300 - easytorch-training - INFO - Epoch 85 / 100
2025-08-27 06:35:41,317 - easytorch-training - INFO - Result <train>: [train/time: 10.02 (s), train/lr: 2.50e-05, train/loss: 0.3131, train/MAE: 0.3131, train/MSE: 0.3073]
2025-08-27 06:35:41,319 - easytorch-training - INFO - Start validation.
2025-08-27 06:35:42,837 - easytorch-training - INFO - Result <val>: [val/time: 1.52 (s), val/loss: 0.3752, val/MAE: 0.3752, val/MSE: 0.3152]
2025-08-27 06:35:44,353 - easytorch-training - INFO - Result <test>: [test/time: 1.52 (s), test/loss: 0.3976, test/MAE: 0.3976, test/MSE: 0.3867]
2025-08-27 06:35:44,417 - easytorch-training - INFO - Checkpoint checkpoints/PatchTST/ETTm2_100_336_720/9cb4d7a29cced17e3f14241b8bdd259b/PatchTST_085.pt saved
2025-08-27 06:35:44,417 - easytorch-training - INFO - The estimated training finish time is 2025-08-27 06:39:44
2025-08-27 06:35:44,417 - easytorch-training - INFO - Epoch 86 / 100
2025-08-27 06:35:54,386 - easytorch-training - INFO - Result <train>: [train/time: 9.97 (s), train/lr: 2.50e-05, train/loss: 0.3129, train/MAE: 0.3129, train/MSE: 0.3069]
2025-08-27 06:35:54,388 - easytorch-training - INFO - Start validation.
2025-08-27 06:35:55,859 - easytorch-training - INFO - Result <val>: [val/time: 1.47 (s), val/loss: 0.3755, val/MAE: 0.3755, val/MSE: 0.3161]
2025-08-27 06:35:57,338 - easytorch-training - INFO - Result <test>: [test/time: 1.48 (s), test/loss: 0.3973, test/MAE: 0.3973, test/MSE: 0.3863]
2025-08-27 06:35:57,406 - easytorch-training - INFO - Checkpoint checkpoints/PatchTST/ETTm2_100_336_720/9cb4d7a29cced17e3f14241b8bdd259b/PatchTST_086.pt saved
2025-08-27 06:35:57,407 - easytorch-training - INFO - The estimated training finish time is 2025-08-27 06:39:40
2025-08-27 06:35:57,407 - easytorch-training - INFO - Epoch 87 / 100
2025-08-27 06:36:07,392 - easytorch-training - INFO - Result <train>: [train/time: 9.99 (s), train/lr: 2.50e-05, train/loss: 0.3127, train/MAE: 0.3127, train/MSE: 0.3064]
2025-08-27 06:36:07,393 - easytorch-training - INFO - Start validation.
2025-08-27 06:36:08,945 - easytorch-training - INFO - Result <val>: [val/time: 1.55 (s), val/loss: 0.3759, val/MAE: 0.3759, val/MSE: 0.3171]
2025-08-27 06:36:10,459 - easytorch-training - INFO - Result <test>: [test/time: 1.51 (s), test/loss: 0.3979, test/MAE: 0.3979, test/MSE: 0.3871]
2025-08-27 06:36:10,522 - easytorch-training - INFO - Checkpoint checkpoints/PatchTST/ETTm2_100_336_720/9cb4d7a29cced17e3f14241b8bdd259b/PatchTST_087.pt saved
2025-08-27 06:36:10,523 - easytorch-training - INFO - The estimated training finish time is 2025-08-27 06:39:37
2025-08-27 06:36:10,523 - easytorch-training - INFO - Epoch 88 / 100
2025-08-27 06:36:20,565 - easytorch-training - INFO - Result <train>: [train/time: 10.04 (s), train/lr: 2.50e-05, train/loss: 0.3125, train/MAE: 0.3125, train/MSE: 0.3060]
2025-08-27 06:36:20,566 - easytorch-training - INFO - Start validation.
2025-08-27 06:36:22,087 - easytorch-training - INFO - Result <val>: [val/time: 1.52 (s), val/loss: 0.3760, val/MAE: 0.3760, val/MSE: 0.3159]
2025-08-27 06:36:23,584 - easytorch-training - INFO - Result <test>: [test/time: 1.50 (s), test/loss: 0.3987, test/MAE: 0.3987, test/MSE: 0.3878]
2025-08-27 06:36:23,646 - easytorch-training - INFO - Checkpoint checkpoints/PatchTST/ETTm2_100_336_720/9cb4d7a29cced17e3f14241b8bdd259b/PatchTST_088.pt saved
2025-08-27 06:36:23,647 - easytorch-training - INFO - The estimated training finish time is 2025-08-27 06:39:34
2025-08-27 06:36:23,647 - easytorch-training - INFO - Epoch 89 / 100
2025-08-27 06:36:33,687 - easytorch-training - INFO - Result <train>: [train/time: 10.04 (s), train/lr: 2.50e-05, train/loss: 0.3126, train/MAE: 0.3126, train/MSE: 0.3066]
2025-08-27 06:36:33,688 - easytorch-training - INFO - Start validation.
2025-08-27 06:36:35,179 - easytorch-training - INFO - Result <val>: [val/time: 1.49 (s), val/loss: 0.3761, val/MAE: 0.3761, val/MSE: 0.3180]
2025-08-27 06:36:36,744 - easytorch-training - INFO - Result <test>: [test/time: 1.56 (s), test/loss: 0.3974, test/MAE: 0.3974, test/MSE: 0.3869]
2025-08-27 06:36:36,806 - easytorch-training - INFO - Checkpoint checkpoints/PatchTST/ETTm2_100_336_720/9cb4d7a29cced17e3f14241b8bdd259b/PatchTST_089.pt saved
2025-08-27 06:36:36,806 - easytorch-training - INFO - The estimated training finish time is 2025-08-27 06:39:31
2025-08-27 06:36:36,806 - easytorch-training - INFO - Epoch 90 / 100
2025-08-27 06:36:46,832 - easytorch-training - INFO - Result <train>: [train/time: 10.03 (s), train/lr: 2.50e-05, train/loss: 0.3125, train/MAE: 0.3125, train/MSE: 0.3061]
2025-08-27 06:36:46,833 - easytorch-training - INFO - Start validation.
2025-08-27 06:36:48,390 - easytorch-training - INFO - Result <val>: [val/time: 1.56 (s), val/loss: 0.3761, val/MAE: 0.3761, val/MSE: 0.3176]
2025-08-27 06:36:49,922 - easytorch-training - INFO - Result <test>: [test/time: 1.53 (s), test/loss: 0.3969, test/MAE: 0.3969, test/MSE: 0.3855]
2025-08-27 06:36:49,988 - easytorch-training - INFO - Checkpoint checkpoints/PatchTST/ETTm2_100_336_720/9cb4d7a29cced17e3f14241b8bdd259b/PatchTST_090.pt saved
2025-08-27 06:36:50,026 - easytorch-training - INFO - The estimated training finish time is 2025-08-27 06:39:28
2025-08-27 06:36:50,026 - easytorch-training - INFO - Epoch 91 / 100
2025-08-27 06:37:01,283 - easytorch-training - INFO - Result <train>: [train/time: 11.26 (s), train/lr: 2.50e-05, train/loss: 0.3125, train/MAE: 0.3125, train/MSE: 0.3059]
2025-08-27 06:37:01,285 - easytorch-training - INFO - Start validation.
2025-08-27 06:37:02,787 - easytorch-training - INFO - Result <val>: [val/time: 1.50 (s), val/loss: 0.3763, val/MAE: 0.3763, val/MSE: 0.3180]
2025-08-27 06:37:04,350 - easytorch-training - INFO - Result <test>: [test/time: 1.56 (s), test/loss: 0.3980, test/MAE: 0.3980, test/MSE: 0.3874]
2025-08-27 06:37:04,415 - easytorch-training - INFO - Checkpoint checkpoints/PatchTST/ETTm2_100_336_720/9cb4d7a29cced17e3f14241b8bdd259b/PatchTST_091.pt saved
2025-08-27 06:37:04,416 - easytorch-training - INFO - The estimated training finish time is 2025-08-27 06:39:26
2025-08-27 06:37:04,416 - easytorch-training - INFO - Epoch 92 / 100
2025-08-27 06:37:18,680 - easytorch-training - INFO - Result <train>: [train/time: 14.26 (s), train/lr: 2.50e-05, train/loss: 0.3122, train/MAE: 0.3122, train/MSE: 0.3055]
2025-08-27 06:37:18,682 - easytorch-training - INFO - Start validation.
2025-08-27 06:37:20,241 - easytorch-training - INFO - Result <val>: [val/time: 1.56 (s), val/loss: 0.3767, val/MAE: 0.3767, val/MSE: 0.3186]
2025-08-27 06:37:21,817 - easytorch-training - INFO - Result <test>: [test/time: 1.57 (s), test/loss: 0.3962, test/MAE: 0.3962, test/MSE: 0.3840]
2025-08-27 06:37:21,878 - easytorch-training - INFO - Checkpoint checkpoints/PatchTST/ETTm2_100_336_720/9cb4d7a29cced17e3f14241b8bdd259b/PatchTST_092.pt saved
2025-08-27 06:37:21,878 - easytorch-training - INFO - The estimated training finish time is 2025-08-27 06:39:28
2025-08-27 06:37:21,878 - easytorch-training - INFO - Epoch 93 / 100
2025-08-27 06:37:35,697 - easytorch-training - INFO - Result <train>: [train/time: 13.82 (s), train/lr: 2.50e-05, train/loss: 0.3120, train/MAE: 0.3120, train/MSE: 0.3052]
2025-08-27 06:37:35,698 - easytorch-training - INFO - Start validation.
2025-08-27 06:37:37,183 - easytorch-training - INFO - Result <val>: [val/time: 1.48 (s), val/loss: 0.3758, val/MAE: 0.3758, val/MSE: 0.3170]
2025-08-27 06:37:38,647 - easytorch-training - INFO - Result <test>: [test/time: 1.46 (s), test/loss: 0.3974, test/MAE: 0.3974, test/MSE: 0.3865]
2025-08-27 06:37:38,707 - easytorch-training - INFO - Checkpoint checkpoints/PatchTST/ETTm2_100_336_720/9cb4d7a29cced17e3f14241b8bdd259b/PatchTST_093.pt saved
2025-08-27 06:37:38,708 - easytorch-training - INFO - The estimated training finish time is 2025-08-27 06:39:29
2025-08-27 06:37:38,708 - easytorch-training - INFO - Epoch 94 / 100
2025-08-27 06:37:52,423 - easytorch-training - INFO - Result <train>: [train/time: 13.72 (s), train/lr: 2.50e-05, train/loss: 0.3117, train/MAE: 0.3117, train/MSE: 0.3046]
2025-08-27 06:37:52,424 - easytorch-training - INFO - Start validation.
2025-08-27 06:37:53,918 - easytorch-training - INFO - Result <val>: [val/time: 1.49 (s), val/loss: 0.3768, val/MAE: 0.3768, val/MSE: 0.3185]
2025-08-27 06:37:55,434 - easytorch-training - INFO - Result <test>: [test/time: 1.51 (s), test/loss: 0.3977, test/MAE: 0.3977, test/MSE: 0.3868]
2025-08-27 06:37:55,500 - easytorch-training - INFO - Checkpoint checkpoints/PatchTST/ETTm2_100_336_720/9cb4d7a29cced17e3f14241b8bdd259b/PatchTST_094.pt saved
2025-08-27 06:37:55,500 - easytorch-training - INFO - The estimated training finish time is 2025-08-27 06:39:30
2025-08-27 06:37:55,500 - easytorch-training - INFO - Epoch 95 / 100
2025-08-27 06:38:09,574 - easytorch-training - INFO - Result <train>: [train/time: 14.07 (s), train/lr: 2.50e-05, train/loss: 0.3116, train/MAE: 0.3116, train/MSE: 0.3046]
2025-08-27 06:38:09,576 - easytorch-training - INFO - Start validation.
2025-08-27 06:38:11,101 - easytorch-training - INFO - Result <val>: [val/time: 1.52 (s), val/loss: 0.3767, val/MAE: 0.3767, val/MSE: 0.3186]
2025-08-27 06:38:12,659 - easytorch-training - INFO - Result <test>: [test/time: 1.56 (s), test/loss: 0.3994, test/MAE: 0.3994, test/MSE: 0.3904]
2025-08-27 06:38:12,719 - easytorch-training - INFO - Checkpoint checkpoints/PatchTST/ETTm2_100_336_720/9cb4d7a29cced17e3f14241b8bdd259b/PatchTST_095.pt saved
2025-08-27 06:38:12,720 - easytorch-training - INFO - The estimated training finish time is 2025-08-27 06:39:32
2025-08-27 06:38:12,720 - easytorch-training - INFO - Epoch 96 / 100
2025-08-27 06:38:26,620 - easytorch-training - INFO - Result <train>: [train/time: 13.90 (s), train/lr: 2.50e-05, train/loss: 0.3117, train/MAE: 0.3117, train/MSE: 0.3046]
2025-08-27 06:38:26,621 - easytorch-training - INFO - Start validation.
2025-08-27 06:38:28,161 - easytorch-training - INFO - Result <val>: [val/time: 1.54 (s), val/loss: 0.3755, val/MAE: 0.3755, val/MSE: 0.3165]
2025-08-27 06:38:29,661 - easytorch-training - INFO - Result <test>: [test/time: 1.50 (s), test/loss: 0.3980, test/MAE: 0.3980, test/MSE: 0.3872]
2025-08-27 06:38:29,726 - easytorch-training - INFO - Checkpoint checkpoints/PatchTST/ETTm2_100_336_720/9cb4d7a29cced17e3f14241b8bdd259b/PatchTST_096.pt saved
2025-08-27 06:38:29,726 - easytorch-training - INFO - The estimated training finish time is 2025-08-27 06:39:33
2025-08-27 06:38:29,726 - easytorch-training - INFO - Epoch 97 / 100
2025-08-27 06:38:42,632 - easytorch-training - INFO - Result <train>: [train/time: 12.91 (s), train/lr: 2.50e-05, train/loss: 0.3113, train/MAE: 0.3113, train/MSE: 0.3041]
2025-08-27 06:38:42,634 - easytorch-training - INFO - Start validation.
2025-08-27 06:38:44,195 - easytorch-training - INFO - Result <val>: [val/time: 1.56 (s), val/loss: 0.3755, val/MAE: 0.3755, val/MSE: 0.3154]
2025-08-27 06:38:45,664 - easytorch-training - INFO - Result <test>: [test/time: 1.47 (s), test/loss: 0.3980, test/MAE: 0.3980, test/MSE: 0.3868]
2025-08-27 06:38:45,725 - easytorch-training - INFO - Checkpoint checkpoints/PatchTST/ETTm2_100_336_720/9cb4d7a29cced17e3f14241b8bdd259b/PatchTST_097.pt saved
2025-08-27 06:38:45,725 - easytorch-training - INFO - The estimated training finish time is 2025-08-27 06:39:33
2025-08-27 06:38:45,725 - easytorch-training - INFO - Epoch 98 / 100
2025-08-27 06:39:00,144 - easytorch-training - INFO - Result <train>: [train/time: 14.42 (s), train/lr: 2.50e-05, train/loss: 0.3114, train/MAE: 0.3114, train/MSE: 0.3039]
2025-08-27 06:39:00,145 - easytorch-training - INFO - Start validation.
2025-08-27 06:39:01,618 - easytorch-training - INFO - Result <val>: [val/time: 1.47 (s), val/loss: 0.3759, val/MAE: 0.3759, val/MSE: 0.3163]
2025-08-27 06:39:03,149 - easytorch-training - INFO - Result <test>: [test/time: 1.53 (s), test/loss: 0.3978, test/MAE: 0.3978, test/MSE: 0.3864]
2025-08-27 06:39:03,215 - easytorch-training - INFO - Checkpoint checkpoints/PatchTST/ETTm2_100_336_720/9cb4d7a29cced17e3f14241b8bdd259b/PatchTST_098.pt saved
2025-08-27 06:39:03,216 - easytorch-training - INFO - The estimated training finish time is 2025-08-27 06:39:35
2025-08-27 06:39:03,216 - easytorch-training - INFO - Epoch 99 / 100
2025-08-27 06:39:17,386 - easytorch-training - INFO - Result <train>: [train/time: 14.17 (s), train/lr: 2.50e-05, train/loss: 0.3111, train/MAE: 0.3111, train/MSE: 0.3034]
2025-08-27 06:39:17,387 - easytorch-training - INFO - Start validation.
2025-08-27 06:39:18,873 - easytorch-training - INFO - Result <val>: [val/time: 1.49 (s), val/loss: 0.3757, val/MAE: 0.3757, val/MSE: 0.3168]
2025-08-27 06:39:20,322 - easytorch-training - INFO - Result <test>: [test/time: 1.45 (s), test/loss: 0.4006, test/MAE: 0.4006, test/MSE: 0.3928]
2025-08-27 06:39:20,383 - easytorch-training - INFO - Checkpoint checkpoints/PatchTST/ETTm2_100_336_720/9cb4d7a29cced17e3f14241b8bdd259b/PatchTST_099.pt saved
2025-08-27 06:39:20,383 - easytorch-training - INFO - The estimated training finish time is 2025-08-27 06:39:36
2025-08-27 06:39:20,383 - easytorch-training - INFO - Epoch 100 / 100
2025-08-27 06:39:35,044 - easytorch-training - INFO - Result <train>: [train/time: 14.66 (s), train/lr: 2.50e-05, train/loss: 0.3112, train/MAE: 0.3112, train/MSE: 0.3036]
2025-08-27 06:39:35,046 - easytorch-training - INFO - Start validation.
2025-08-27 06:39:36,591 - easytorch-training - INFO - Result <val>: [val/time: 1.54 (s), val/loss: 0.3764, val/MAE: 0.3764, val/MSE: 0.3176]
2025-08-27 06:39:38,131 - easytorch-training - INFO - Result <test>: [test/time: 1.54 (s), test/loss: 0.3969, test/MAE: 0.3969, test/MSE: 0.3851]
2025-08-27 06:39:38,191 - easytorch-training - INFO - Checkpoint checkpoints/PatchTST/ETTm2_100_336_720/9cb4d7a29cced17e3f14241b8bdd259b/PatchTST_100.pt saved
2025-08-27 06:39:38,228 - easytorch-training - INFO - The training finished at 2025-08-27 06:39:38
2025-08-27 06:39:38,228 - easytorch-training - INFO - Evaluating the best model on the test set.
2025-08-27 06:39:38,228 - easytorch-training - INFO - Loading Checkpoint from 'checkpoints/PatchTST/ETTm2_100_336_720/9cb4d7a29cced17e3f14241b8bdd259b/PatchTST_best_val_MAE.pt'
2025-08-27 06:39:39,760 - easytorch-training - INFO - Result <test>: [test/time: 1.48 (s), test/loss: 0.3880, test/MAE: 0.3880, test/MSE: 0.3723]
2025-08-27 06:39:39,762 - easytorch-training - INFO - Test metrics saved to checkpoints/PatchTST/ETTm2_100_336_720/9cb4d7a29cced17e3f14241b8bdd259b/test_metrics.json.
