2025-08-26 09:10:21,184 - easytorch-training - INFO - Initializing training.
2025-08-26 09:10:21,184 - easytorch-training - INFO - Set clip grad, param: {'max_norm': 5.0}
2025-08-26 09:10:21,184 - easytorch-training - INFO - Building training data loader.
2025-08-26 09:10:21,185 - easytorch-training - INFO - Train dataset length: 8113
2025-08-26 09:10:22,093 - easytorch-training - INFO - Set optim: Adam (
Parameter Group 0
    amsgrad: False
    betas: (0.9, 0.999)
    capturable: False
    differentiable: False
    eps: 1e-08
    foreach: None
    fused: None
    lr: 0.0003
    maximize: False
    weight_decay: 0.0001
)
2025-08-26 09:10:22,093 - easytorch-training - INFO - Set lr_scheduler: <torch.optim.lr_scheduler.MultiStepLR object at 0x7f65f64f6470>
2025-08-26 09:10:22,094 - easytorch-training - INFO - Initializing validation.
2025-08-26 09:10:22,094 - easytorch-training - INFO - Building val data loader.
2025-08-26 09:10:22,095 - easytorch-training - INFO - Validation dataset length: 2353
2025-08-26 09:10:22,095 - easytorch-training - INFO - Test dataset length: 2353
2025-08-26 09:10:22,096 - easytorch-training - INFO - Number of parameters: 129408
2025-08-26 09:10:22,096 - easytorch-training - INFO - Epoch 1 / 100
2025-08-26 09:10:23,092 - easytorch-training - INFO - Result <train>: [train/time: 1.00 (s), train/lr: 3.00e-04, train/loss: 0.4639, train/MAE: 0.4639, train/MSE: 0.6176]
2025-08-26 09:10:23,093 - easytorch-training - INFO - Start validation.
2025-08-26 09:10:23,255 - easytorch-training - INFO - Result <val>: [val/time: 0.16 (s), val/loss: 0.3861, val/MAE: 0.3861, val/MSE: 0.3198]
2025-08-26 09:10:23,259 - easytorch-training - INFO - Checkpoint checkpoints/DLinear/ETTh2_100_336_192/c9ef36b84fe6f78fd8c9f9790bccd8f8/DLinear_best_val_MAE.pt saved
2025-08-26 09:10:23,421 - easytorch-training - INFO - Result <test>: [test/time: 0.16 (s), test/loss: 0.4345, test/MAE: 0.4345, test/MSE: 0.4205]
2025-08-26 09:10:23,425 - easytorch-training - INFO - Checkpoint checkpoints/DLinear/ETTh2_100_336_192/c9ef36b84fe6f78fd8c9f9790bccd8f8/DLinear_001.pt saved
2025-08-26 09:10:23,425 - easytorch-training - INFO - The estimated training finish time is 2025-08-26 09:12:35
2025-08-26 09:10:23,425 - easytorch-training - INFO - Epoch 2 / 100
2025-08-26 09:10:24,121 - easytorch-training - INFO - Result <train>: [train/time: 0.70 (s), train/lr: 1.50e-04, train/loss: 0.4127, train/MAE: 0.4127, train/MSE: 0.5297]
2025-08-26 09:10:24,122 - easytorch-training - INFO - Start validation.
2025-08-26 09:10:24,283 - easytorch-training - INFO - Result <val>: [val/time: 0.16 (s), val/loss: 0.3800, val/MAE: 0.3800, val/MSE: 0.3105]
2025-08-26 09:10:24,288 - easytorch-training - INFO - Checkpoint checkpoints/DLinear/ETTh2_100_336_192/c9ef36b84fe6f78fd8c9f9790bccd8f8/DLinear_best_val_MAE.pt saved
2025-08-26 09:10:24,464 - easytorch-training - INFO - Result <test>: [test/time: 0.18 (s), test/loss: 0.4289, test/MAE: 0.4289, test/MSE: 0.4123]
2025-08-26 09:10:24,468 - easytorch-training - INFO - Checkpoint checkpoints/DLinear/ETTh2_100_336_192/c9ef36b84fe6f78fd8c9f9790bccd8f8/DLinear_002.pt saved
2025-08-26 09:10:24,468 - easytorch-training - INFO - The estimated training finish time is 2025-08-26 09:12:20
2025-08-26 09:10:24,469 - easytorch-training - INFO - Epoch 3 / 100
2025-08-26 09:10:25,153 - easytorch-training - INFO - Result <train>: [train/time: 0.68 (s), train/lr: 1.50e-04, train/loss: 0.4054, train/MAE: 0.4054, train/MSE: 0.5183]
2025-08-26 09:10:25,154 - easytorch-training - INFO - Start validation.
2025-08-26 09:10:25,309 - easytorch-training - INFO - Result <val>: [val/time: 0.16 (s), val/loss: 0.3736, val/MAE: 0.3736, val/MSE: 0.3029]
2025-08-26 09:10:25,314 - easytorch-training - INFO - Checkpoint checkpoints/DLinear/ETTh2_100_336_192/c9ef36b84fe6f78fd8c9f9790bccd8f8/DLinear_best_val_MAE.pt saved
2025-08-26 09:10:25,471 - easytorch-training - INFO - Result <test>: [test/time: 0.16 (s), test/loss: 0.4222, test/MAE: 0.4222, test/MSE: 0.4039]
2025-08-26 09:10:25,478 - easytorch-training - INFO - Checkpoint checkpoints/DLinear/ETTh2_100_336_192/c9ef36b84fe6f78fd8c9f9790bccd8f8/DLinear_003.pt saved
2025-08-26 09:10:25,478 - easytorch-training - INFO - The estimated training finish time is 2025-08-26 09:12:14
2025-08-26 09:10:25,478 - easytorch-training - INFO - Epoch 4 / 100
2025-08-26 09:10:26,172 - easytorch-training - INFO - Result <train>: [train/time: 0.69 (s), train/lr: 1.50e-04, train/loss: 0.4011, train/MAE: 0.4011, train/MSE: 0.5127]
2025-08-26 09:10:26,173 - easytorch-training - INFO - Start validation.
2025-08-26 09:10:26,332 - easytorch-training - INFO - Result <val>: [val/time: 0.16 (s), val/loss: 0.3713, val/MAE: 0.3713, val/MSE: 0.3005]
2025-08-26 09:10:26,336 - easytorch-training - INFO - Checkpoint checkpoints/DLinear/ETTh2_100_336_192/c9ef36b84fe6f78fd8c9f9790bccd8f8/DLinear_best_val_MAE.pt saved
2025-08-26 09:10:26,511 - easytorch-training - INFO - Result <test>: [test/time: 0.18 (s), test/loss: 0.4207, test/MAE: 0.4207, test/MSE: 0.4028]
2025-08-26 09:10:26,515 - easytorch-training - INFO - Checkpoint checkpoints/DLinear/ETTh2_100_336_192/c9ef36b84fe6f78fd8c9f9790bccd8f8/DLinear_004.pt saved
2025-08-26 09:10:26,515 - easytorch-training - INFO - The estimated training finish time is 2025-08-26 09:12:12
2025-08-26 09:10:26,515 - easytorch-training - INFO - Epoch 5 / 100
2025-08-26 09:10:27,217 - easytorch-training - INFO - Result <train>: [train/time: 0.70 (s), train/lr: 1.50e-04, train/loss: 0.3983, train/MAE: 0.3983, train/MSE: 0.5090]
2025-08-26 09:10:27,218 - easytorch-training - INFO - Start validation.
2025-08-26 09:10:27,371 - easytorch-training - INFO - Result <val>: [val/time: 0.15 (s), val/loss: 0.3696, val/MAE: 0.3696, val/MSE: 0.2979]
2025-08-26 09:10:27,377 - easytorch-training - INFO - Checkpoint checkpoints/DLinear/ETTh2_100_336_192/c9ef36b84fe6f78fd8c9f9790bccd8f8/DLinear_best_val_MAE.pt saved
2025-08-26 09:10:27,539 - easytorch-training - INFO - Result <test>: [test/time: 0.16 (s), test/loss: 0.4190, test/MAE: 0.4190, test/MSE: 0.3995]
2025-08-26 09:10:27,543 - easytorch-training - INFO - Checkpoint checkpoints/DLinear/ETTh2_100_336_192/c9ef36b84fe6f78fd8c9f9790bccd8f8/DLinear_005.pt saved
2025-08-26 09:10:27,543 - easytorch-training - INFO - The estimated training finish time is 2025-08-26 09:12:11
2025-08-26 09:10:27,543 - easytorch-training - INFO - Epoch 6 / 100
2025-08-26 09:10:28,239 - easytorch-training - INFO - Result <train>: [train/time: 0.70 (s), train/lr: 1.50e-04, train/loss: 0.3964, train/MAE: 0.3964, train/MSE: 0.5062]
2025-08-26 09:10:28,240 - easytorch-training - INFO - Start validation.
2025-08-26 09:10:28,396 - easytorch-training - INFO - Result <val>: [val/time: 0.16 (s), val/loss: 0.3676, val/MAE: 0.3676, val/MSE: 0.2953]
2025-08-26 09:10:28,401 - easytorch-training - INFO - Checkpoint checkpoints/DLinear/ETTh2_100_336_192/c9ef36b84fe6f78fd8c9f9790bccd8f8/DLinear_best_val_MAE.pt saved
2025-08-26 09:10:28,565 - easytorch-training - INFO - Result <test>: [test/time: 0.16 (s), test/loss: 0.4185, test/MAE: 0.4185, test/MSE: 0.3994]
2025-08-26 09:10:28,569 - easytorch-training - INFO - Checkpoint checkpoints/DLinear/ETTh2_100_336_192/c9ef36b84fe6f78fd8c9f9790bccd8f8/DLinear_006.pt saved
2025-08-26 09:10:28,569 - easytorch-training - INFO - The estimated training finish time is 2025-08-26 09:12:09
2025-08-26 09:10:28,569 - easytorch-training - INFO - Epoch 7 / 100
2025-08-26 09:10:29,256 - easytorch-training - INFO - Result <train>: [train/time: 0.69 (s), train/lr: 1.50e-04, train/loss: 0.3950, train/MAE: 0.3950, train/MSE: 0.5042]
2025-08-26 09:10:29,257 - easytorch-training - INFO - Start validation.
2025-08-26 09:10:29,412 - easytorch-training - INFO - Result <val>: [val/time: 0.16 (s), val/loss: 0.3692, val/MAE: 0.3692, val/MSE: 0.2969]
2025-08-26 09:10:29,575 - easytorch-training - INFO - Result <test>: [test/time: 0.16 (s), test/loss: 0.4191, test/MAE: 0.4191, test/MSE: 0.3996]
2025-08-26 09:10:29,579 - easytorch-training - INFO - Checkpoint checkpoints/DLinear/ETTh2_100_336_192/c9ef36b84fe6f78fd8c9f9790bccd8f8/DLinear_007.pt saved
2025-08-26 09:10:29,579 - easytorch-training - INFO - The estimated training finish time is 2025-08-26 09:12:08
2025-08-26 09:10:29,579 - easytorch-training - INFO - Epoch 8 / 100
2025-08-26 09:10:30,268 - easytorch-training - INFO - Result <train>: [train/time: 0.69 (s), train/lr: 1.50e-04, train/loss: 0.3939, train/MAE: 0.3939, train/MSE: 0.5029]
2025-08-26 09:10:30,269 - easytorch-training - INFO - Start validation.
2025-08-26 09:10:30,429 - easytorch-training - INFO - Result <val>: [val/time: 0.16 (s), val/loss: 0.3667, val/MAE: 0.3667, val/MSE: 0.2940]
2025-08-26 09:10:30,435 - easytorch-training - INFO - Checkpoint checkpoints/DLinear/ETTh2_100_336_192/c9ef36b84fe6f78fd8c9f9790bccd8f8/DLinear_best_val_MAE.pt saved
2025-08-26 09:10:30,602 - easytorch-training - INFO - Result <test>: [test/time: 0.17 (s), test/loss: 0.4183, test/MAE: 0.4183, test/MSE: 0.3994]
2025-08-26 09:10:30,606 - easytorch-training - INFO - Checkpoint checkpoints/DLinear/ETTh2_100_336_192/c9ef36b84fe6f78fd8c9f9790bccd8f8/DLinear_008.pt saved
2025-08-26 09:10:30,606 - easytorch-training - INFO - The estimated training finish time is 2025-08-26 09:12:08
2025-08-26 09:10:30,606 - easytorch-training - INFO - Epoch 9 / 100
2025-08-26 09:10:31,301 - easytorch-training - INFO - Result <train>: [train/time: 0.69 (s), train/lr: 1.50e-04, train/loss: 0.3932, train/MAE: 0.3932, train/MSE: 0.5019]
2025-08-26 09:10:31,301 - easytorch-training - INFO - Start validation.
2025-08-26 09:10:31,460 - easytorch-training - INFO - Result <val>: [val/time: 0.16 (s), val/loss: 0.3658, val/MAE: 0.3658, val/MSE: 0.2940]
2025-08-26 09:10:31,464 - easytorch-training - INFO - Checkpoint checkpoints/DLinear/ETTh2_100_336_192/c9ef36b84fe6f78fd8c9f9790bccd8f8/DLinear_best_val_MAE.pt saved
2025-08-26 09:10:31,627 - easytorch-training - INFO - Result <test>: [test/time: 0.16 (s), test/loss: 0.4155, test/MAE: 0.4155, test/MSE: 0.3969]
2025-08-26 09:10:31,632 - easytorch-training - INFO - Checkpoint checkpoints/DLinear/ETTh2_100_336_192/c9ef36b84fe6f78fd8c9f9790bccd8f8/DLinear_009.pt saved
2025-08-26 09:10:31,633 - easytorch-training - INFO - The estimated training finish time is 2025-08-26 09:12:08
2025-08-26 09:10:31,633 - easytorch-training - INFO - Epoch 10 / 100
2025-08-26 09:10:32,321 - easytorch-training - INFO - Result <train>: [train/time: 0.69 (s), train/lr: 1.50e-04, train/loss: 0.3926, train/MAE: 0.3926, train/MSE: 0.5011]
2025-08-26 09:10:32,322 - easytorch-training - INFO - Start validation.
2025-08-26 09:10:32,485 - easytorch-training - INFO - Result <val>: [val/time: 0.16 (s), val/loss: 0.3666, val/MAE: 0.3666, val/MSE: 0.2936]
2025-08-26 09:10:32,652 - easytorch-training - INFO - Result <test>: [test/time: 0.17 (s), test/loss: 0.4194, test/MAE: 0.4194, test/MSE: 0.4012]
2025-08-26 09:10:32,656 - easytorch-training - INFO - Checkpoint checkpoints/DLinear/ETTh2_100_336_192/c9ef36b84fe6f78fd8c9f9790bccd8f8/DLinear_010.pt saved
2025-08-26 09:10:32,658 - easytorch-training - INFO - The estimated training finish time is 2025-08-26 09:12:07
2025-08-26 09:10:32,658 - easytorch-training - INFO - Epoch 11 / 100
2025-08-26 09:10:33,347 - easytorch-training - INFO - Result <train>: [train/time: 0.69 (s), train/lr: 1.50e-04, train/loss: 0.3920, train/MAE: 0.3920, train/MSE: 0.5005]
2025-08-26 09:10:33,347 - easytorch-training - INFO - Start validation.
2025-08-26 09:10:33,515 - easytorch-training - INFO - Result <val>: [val/time: 0.17 (s), val/loss: 0.3635, val/MAE: 0.3635, val/MSE: 0.2904]
2025-08-26 09:10:33,520 - easytorch-training - INFO - Checkpoint checkpoints/DLinear/ETTh2_100_336_192/c9ef36b84fe6f78fd8c9f9790bccd8f8/DLinear_best_val_MAE.pt saved
2025-08-26 09:10:33,681 - easytorch-training - INFO - Result <test>: [test/time: 0.16 (s), test/loss: 0.4123, test/MAE: 0.4123, test/MSE: 0.3917]
2025-08-26 09:10:33,684 - easytorch-training - INFO - Checkpoint checkpoints/DLinear/ETTh2_100_336_192/c9ef36b84fe6f78fd8c9f9790bccd8f8/DLinear_011.pt saved
2025-08-26 09:10:33,684 - easytorch-training - INFO - The estimated training finish time is 2025-08-26 09:12:07
2025-08-26 09:10:33,684 - easytorch-training - INFO - Epoch 12 / 100
2025-08-26 09:10:34,383 - easytorch-training - INFO - Result <train>: [train/time: 0.70 (s), train/lr: 1.50e-04, train/loss: 0.3915, train/MAE: 0.3915, train/MSE: 0.5002]
2025-08-26 09:10:34,384 - easytorch-training - INFO - Start validation.
2025-08-26 09:10:34,536 - easytorch-training - INFO - Result <val>: [val/time: 0.15 (s), val/loss: 0.3634, val/MAE: 0.3634, val/MSE: 0.2910]
2025-08-26 09:10:34,540 - easytorch-training - INFO - Checkpoint checkpoints/DLinear/ETTh2_100_336_192/c9ef36b84fe6f78fd8c9f9790bccd8f8/DLinear_best_val_MAE.pt saved
2025-08-26 09:10:34,703 - easytorch-training - INFO - Result <test>: [test/time: 0.16 (s), test/loss: 0.4124, test/MAE: 0.4124, test/MSE: 0.3919]
2025-08-26 09:10:34,709 - easytorch-training - INFO - Checkpoint checkpoints/DLinear/ETTh2_100_336_192/c9ef36b84fe6f78fd8c9f9790bccd8f8/DLinear_012.pt saved
2025-08-26 09:10:34,709 - easytorch-training - INFO - The estimated training finish time is 2025-08-26 09:12:07
2025-08-26 09:10:34,709 - easytorch-training - INFO - Epoch 13 / 100
2025-08-26 09:10:35,411 - easytorch-training - INFO - Result <train>: [train/time: 0.70 (s), train/lr: 1.50e-04, train/loss: 0.3912, train/MAE: 0.3912, train/MSE: 0.4992]
2025-08-26 09:10:35,412 - easytorch-training - INFO - Start validation.
2025-08-26 09:10:35,576 - easytorch-training - INFO - Result <val>: [val/time: 0.16 (s), val/loss: 0.3668, val/MAE: 0.3668, val/MSE: 0.2936]
2025-08-26 09:10:35,743 - easytorch-training - INFO - Result <test>: [test/time: 0.17 (s), test/loss: 0.4190, test/MAE: 0.4190, test/MSE: 0.4000]
2025-08-26 09:10:35,747 - easytorch-training - INFO - Checkpoint checkpoints/DLinear/ETTh2_100_336_192/c9ef36b84fe6f78fd8c9f9790bccd8f8/DLinear_013.pt saved
2025-08-26 09:10:35,747 - easytorch-training - INFO - The estimated training finish time is 2025-08-26 09:12:07
2025-08-26 09:10:35,747 - easytorch-training - INFO - Epoch 14 / 100
2025-08-26 09:10:36,435 - easytorch-training - INFO - Result <train>: [train/time: 0.69 (s), train/lr: 1.50e-04, train/loss: 0.3910, train/MAE: 0.3910, train/MSE: 0.4997]
2025-08-26 09:10:36,436 - easytorch-training - INFO - Start validation.
2025-08-26 09:10:36,596 - easytorch-training - INFO - Result <val>: [val/time: 0.16 (s), val/loss: 0.3619, val/MAE: 0.3619, val/MSE: 0.2892]
2025-08-26 09:10:36,601 - easytorch-training - INFO - Checkpoint checkpoints/DLinear/ETTh2_100_336_192/c9ef36b84fe6f78fd8c9f9790bccd8f8/DLinear_best_val_MAE.pt saved
2025-08-26 09:10:36,760 - easytorch-training - INFO - Result <test>: [test/time: 0.16 (s), test/loss: 0.4116, test/MAE: 0.4116, test/MSE: 0.3916]
2025-08-26 09:10:36,768 - easytorch-training - INFO - Checkpoint checkpoints/DLinear/ETTh2_100_336_192/c9ef36b84fe6f78fd8c9f9790bccd8f8/DLinear_014.pt saved
2025-08-26 09:10:36,769 - easytorch-training - INFO - The estimated training finish time is 2025-08-26 09:12:06
2025-08-26 09:10:36,769 - easytorch-training - INFO - Epoch 15 / 100
2025-08-26 09:10:37,477 - easytorch-training - INFO - Result <train>: [train/time: 0.71 (s), train/lr: 1.50e-04, train/loss: 0.3908, train/MAE: 0.3908, train/MSE: 0.4991]
2025-08-26 09:10:37,478 - easytorch-training - INFO - Start validation.
2025-08-26 09:10:37,635 - easytorch-training - INFO - Result <val>: [val/time: 0.16 (s), val/loss: 0.3623, val/MAE: 0.3623, val/MSE: 0.2899]
2025-08-26 09:10:37,791 - easytorch-training - INFO - Result <test>: [test/time: 0.16 (s), test/loss: 0.4138, test/MAE: 0.4138, test/MSE: 0.3955]
2025-08-26 09:10:37,795 - easytorch-training - INFO - Checkpoint checkpoints/DLinear/ETTh2_100_336_192/c9ef36b84fe6f78fd8c9f9790bccd8f8/DLinear_015.pt saved
2025-08-26 09:10:37,795 - easytorch-training - INFO - The estimated training finish time is 2025-08-26 09:12:06
2025-08-26 09:10:37,795 - easytorch-training - INFO - Epoch 16 / 100
2025-08-26 09:10:38,483 - easytorch-training - INFO - Result <train>: [train/time: 0.69 (s), train/lr: 1.50e-04, train/loss: 0.3905, train/MAE: 0.3905, train/MSE: 0.4989]
2025-08-26 09:10:38,484 - easytorch-training - INFO - Start validation.
2025-08-26 09:10:38,636 - easytorch-training - INFO - Result <val>: [val/time: 0.15 (s), val/loss: 0.3605, val/MAE: 0.3605, val/MSE: 0.2877]
2025-08-26 09:10:38,642 - easytorch-training - INFO - Checkpoint checkpoints/DLinear/ETTh2_100_336_192/c9ef36b84fe6f78fd8c9f9790bccd8f8/DLinear_best_val_MAE.pt saved
2025-08-26 09:10:38,800 - easytorch-training - INFO - Result <test>: [test/time: 0.16 (s), test/loss: 0.4101, test/MAE: 0.4101, test/MSE: 0.3897]
2025-08-26 09:10:38,804 - easytorch-training - INFO - Checkpoint checkpoints/DLinear/ETTh2_100_336_192/c9ef36b84fe6f78fd8c9f9790bccd8f8/DLinear_016.pt saved
2025-08-26 09:10:38,804 - easytorch-training - INFO - The estimated training finish time is 2025-08-26 09:12:06
2025-08-26 09:10:38,804 - easytorch-training - INFO - Epoch 17 / 100
2025-08-26 09:10:39,494 - easytorch-training - INFO - Result <train>: [train/time: 0.69 (s), train/lr: 1.50e-04, train/loss: 0.3903, train/MAE: 0.3903, train/MSE: 0.4990]
2025-08-26 09:10:39,495 - easytorch-training - INFO - Start validation.
2025-08-26 09:10:39,652 - easytorch-training - INFO - Result <val>: [val/time: 0.16 (s), val/loss: 0.3663, val/MAE: 0.3663, val/MSE: 0.2927]
2025-08-26 09:10:39,808 - easytorch-training - INFO - Result <test>: [test/time: 0.15 (s), test/loss: 0.4128, test/MAE: 0.4128, test/MSE: 0.3900]
2025-08-26 09:10:39,811 - easytorch-training - INFO - Checkpoint checkpoints/DLinear/ETTh2_100_336_192/c9ef36b84fe6f78fd8c9f9790bccd8f8/DLinear_017.pt saved
2025-08-26 09:10:39,811 - easytorch-training - INFO - The estimated training finish time is 2025-08-26 09:12:06
2025-08-26 09:10:39,812 - easytorch-training - INFO - Epoch 18 / 100
2025-08-26 09:10:40,508 - easytorch-training - INFO - Result <train>: [train/time: 0.70 (s), train/lr: 1.50e-04, train/loss: 0.3901, train/MAE: 0.3901, train/MSE: 0.4982]
2025-08-26 09:10:40,509 - easytorch-training - INFO - Start validation.
2025-08-26 09:10:40,663 - easytorch-training - INFO - Result <val>: [val/time: 0.15 (s), val/loss: 0.3613, val/MAE: 0.3613, val/MSE: 0.2887]
2025-08-26 09:10:40,814 - easytorch-training - INFO - Result <test>: [test/time: 0.15 (s), test/loss: 0.4125, test/MAE: 0.4125, test/MSE: 0.3934]
2025-08-26 09:10:40,820 - easytorch-training - INFO - Checkpoint checkpoints/DLinear/ETTh2_100_336_192/c9ef36b84fe6f78fd8c9f9790bccd8f8/DLinear_018.pt saved
2025-08-26 09:10:40,821 - easytorch-training - INFO - The estimated training finish time is 2025-08-26 09:12:06
2025-08-26 09:10:40,821 - easytorch-training - INFO - Epoch 19 / 100
2025-08-26 09:10:41,519 - easytorch-training - INFO - Result <train>: [train/time: 0.70 (s), train/lr: 1.50e-04, train/loss: 0.3900, train/MAE: 0.3900, train/MSE: 0.4984]
2025-08-26 09:10:41,520 - easytorch-training - INFO - Start validation.
2025-08-26 09:10:41,694 - easytorch-training - INFO - Result <val>: [val/time: 0.17 (s), val/loss: 0.3670, val/MAE: 0.3670, val/MSE: 0.2949]
2025-08-26 09:10:41,854 - easytorch-training - INFO - Result <test>: [test/time: 0.16 (s), test/loss: 0.4203, test/MAE: 0.4203, test/MSE: 0.4035]
2025-08-26 09:10:41,858 - easytorch-training - INFO - Checkpoint checkpoints/DLinear/ETTh2_100_336_192/c9ef36b84fe6f78fd8c9f9790bccd8f8/DLinear_019.pt saved
2025-08-26 09:10:41,858 - easytorch-training - INFO - The estimated training finish time is 2025-08-26 09:12:06
2025-08-26 09:10:41,858 - easytorch-training - INFO - Epoch 20 / 100
2025-08-26 09:10:42,549 - easytorch-training - INFO - Result <train>: [train/time: 0.69 (s), train/lr: 1.50e-04, train/loss: 0.3900, train/MAE: 0.3900, train/MSE: 0.4984]
2025-08-26 09:10:42,550 - easytorch-training - INFO - Start validation.
2025-08-26 09:10:42,711 - easytorch-training - INFO - Result <val>: [val/time: 0.16 (s), val/loss: 0.3670, val/MAE: 0.3670, val/MSE: 0.2944]
2025-08-26 09:10:42,873 - easytorch-training - INFO - Result <test>: [test/time: 0.16 (s), test/loss: 0.4213, test/MAE: 0.4213, test/MSE: 0.4040]
2025-08-26 09:10:42,877 - easytorch-training - INFO - Checkpoint checkpoints/DLinear/ETTh2_100_336_192/c9ef36b84fe6f78fd8c9f9790bccd8f8/DLinear_020.pt saved
2025-08-26 09:10:42,880 - easytorch-training - INFO - The estimated training finish time is 2025-08-26 09:12:06
2025-08-26 09:10:42,880 - easytorch-training - INFO - Epoch 21 / 100
2025-08-26 09:10:43,585 - easytorch-training - INFO - Result <train>: [train/time: 0.71 (s), train/lr: 1.50e-04, train/loss: 0.3899, train/MAE: 0.3899, train/MSE: 0.4983]
2025-08-26 09:10:43,586 - easytorch-training - INFO - Start validation.
2025-08-26 09:10:43,749 - easytorch-training - INFO - Result <val>: [val/time: 0.16 (s), val/loss: 0.3648, val/MAE: 0.3648, val/MSE: 0.2919]
2025-08-26 09:10:43,911 - easytorch-training - INFO - Result <test>: [test/time: 0.16 (s), test/loss: 0.4173, test/MAE: 0.4173, test/MSE: 0.3983]
2025-08-26 09:10:43,918 - easytorch-training - INFO - Checkpoint checkpoints/DLinear/ETTh2_100_336_192/c9ef36b84fe6f78fd8c9f9790bccd8f8/DLinear_021.pt saved
2025-08-26 09:10:43,918 - easytorch-training - INFO - The estimated training finish time is 2025-08-26 09:12:06
2025-08-26 09:10:43,918 - easytorch-training - INFO - Epoch 22 / 100
2025-08-26 09:10:44,601 - easytorch-training - INFO - Result <train>: [train/time: 0.68 (s), train/lr: 1.50e-04, train/loss: 0.3897, train/MAE: 0.3897, train/MSE: 0.4978]
2025-08-26 09:10:44,602 - easytorch-training - INFO - Start validation.
2025-08-26 09:10:44,765 - easytorch-training - INFO - Result <val>: [val/time: 0.16 (s), val/loss: 0.3648, val/MAE: 0.3648, val/MSE: 0.2913]
2025-08-26 09:10:44,923 - easytorch-training - INFO - Result <test>: [test/time: 0.16 (s), test/loss: 0.4179, test/MAE: 0.4179, test/MSE: 0.3989]
2025-08-26 09:10:44,927 - easytorch-training - INFO - Checkpoint checkpoints/DLinear/ETTh2_100_336_192/c9ef36b84fe6f78fd8c9f9790bccd8f8/DLinear_022.pt saved
2025-08-26 09:10:44,927 - easytorch-training - INFO - The estimated training finish time is 2025-08-26 09:12:05
2025-08-26 09:10:44,927 - easytorch-training - INFO - Epoch 23 / 100
2025-08-26 09:10:45,632 - easytorch-training - INFO - Result <train>: [train/time: 0.71 (s), train/lr: 1.50e-04, train/loss: 0.3896, train/MAE: 0.3896, train/MSE: 0.4982]
2025-08-26 09:10:45,633 - easytorch-training - INFO - Start validation.
2025-08-26 09:10:45,790 - easytorch-training - INFO - Result <val>: [val/time: 0.16 (s), val/loss: 0.3612, val/MAE: 0.3612, val/MSE: 0.2885]
2025-08-26 09:10:45,948 - easytorch-training - INFO - Result <test>: [test/time: 0.16 (s), test/loss: 0.4120, test/MAE: 0.4120, test/MSE: 0.3926]
2025-08-26 09:10:45,954 - easytorch-training - INFO - Checkpoint checkpoints/DLinear/ETTh2_100_336_192/c9ef36b84fe6f78fd8c9f9790bccd8f8/DLinear_023.pt saved
2025-08-26 09:10:45,954 - easytorch-training - INFO - The estimated training finish time is 2025-08-26 09:12:05
2025-08-26 09:10:45,954 - easytorch-training - INFO - Epoch 24 / 100
2025-08-26 09:10:46,647 - easytorch-training - INFO - Result <train>: [train/time: 0.69 (s), train/lr: 1.50e-04, train/loss: 0.3897, train/MAE: 0.3897, train/MSE: 0.4974]
2025-08-26 09:10:46,648 - easytorch-training - INFO - Start validation.
2025-08-26 09:10:46,800 - easytorch-training - INFO - Result <val>: [val/time: 0.15 (s), val/loss: 0.3603, val/MAE: 0.3603, val/MSE: 0.2869]
2025-08-26 09:10:46,805 - easytorch-training - INFO - Checkpoint checkpoints/DLinear/ETTh2_100_336_192/c9ef36b84fe6f78fd8c9f9790bccd8f8/DLinear_best_val_MAE.pt saved
2025-08-26 09:10:46,960 - easytorch-training - INFO - Result <test>: [test/time: 0.16 (s), test/loss: 0.4097, test/MAE: 0.4097, test/MSE: 0.3891]
2025-08-26 09:10:46,964 - easytorch-training - INFO - Checkpoint checkpoints/DLinear/ETTh2_100_336_192/c9ef36b84fe6f78fd8c9f9790bccd8f8/DLinear_024.pt saved
2025-08-26 09:10:46,964 - easytorch-training - INFO - The estimated training finish time is 2025-08-26 09:12:05
2025-08-26 09:10:46,964 - easytorch-training - INFO - Epoch 25 / 100
2025-08-26 09:10:47,673 - easytorch-training - INFO - Result <train>: [train/time: 0.71 (s), train/lr: 1.50e-04, train/loss: 0.3895, train/MAE: 0.3895, train/MSE: 0.4984]
2025-08-26 09:10:47,674 - easytorch-training - INFO - Start validation.
2025-08-26 09:10:47,833 - easytorch-training - INFO - Result <val>: [val/time: 0.16 (s), val/loss: 0.3636, val/MAE: 0.3636, val/MSE: 0.2899]
2025-08-26 09:10:47,991 - easytorch-training - INFO - Result <test>: [test/time: 0.16 (s), test/loss: 0.4146, test/MAE: 0.4146, test/MSE: 0.3939]
2025-08-26 09:10:47,997 - easytorch-training - INFO - Checkpoint checkpoints/DLinear/ETTh2_100_336_192/c9ef36b84fe6f78fd8c9f9790bccd8f8/DLinear_025.pt saved
2025-08-26 09:10:47,997 - easytorch-training - INFO - The estimated training finish time is 2025-08-26 09:12:05
2025-08-26 09:10:47,997 - easytorch-training - INFO - Epoch 26 / 100
2025-08-26 09:10:48,694 - easytorch-training - INFO - Result <train>: [train/time: 0.70 (s), train/lr: 7.50e-05, train/loss: 0.3890, train/MAE: 0.3890, train/MSE: 0.4973]
2025-08-26 09:10:48,695 - easytorch-training - INFO - Start validation.
2025-08-26 09:10:48,857 - easytorch-training - INFO - Result <val>: [val/time: 0.16 (s), val/loss: 0.3634, val/MAE: 0.3634, val/MSE: 0.2902]
2025-08-26 09:10:49,023 - easytorch-training - INFO - Result <test>: [test/time: 0.17 (s), test/loss: 0.4134, test/MAE: 0.4134, test/MSE: 0.3929]
2025-08-26 09:10:49,027 - easytorch-training - INFO - Checkpoint checkpoints/DLinear/ETTh2_100_336_192/c9ef36b84fe6f78fd8c9f9790bccd8f8/DLinear_026.pt saved
2025-08-26 09:10:49,027 - easytorch-training - INFO - The estimated training finish time is 2025-08-26 09:12:05
2025-08-26 09:10:49,027 - easytorch-training - INFO - Epoch 27 / 100
2025-08-26 09:10:49,727 - easytorch-training - INFO - Result <train>: [train/time: 0.70 (s), train/lr: 7.50e-05, train/loss: 0.3890, train/MAE: 0.3890, train/MSE: 0.4974]
2025-08-26 09:10:49,728 - easytorch-training - INFO - Start validation.
2025-08-26 09:10:49,893 - easytorch-training - INFO - Result <val>: [val/time: 0.17 (s), val/loss: 0.3621, val/MAE: 0.3621, val/MSE: 0.2892]
2025-08-26 09:10:50,057 - easytorch-training - INFO - Result <test>: [test/time: 0.16 (s), test/loss: 0.4119, test/MAE: 0.4119, test/MSE: 0.3921]
2025-08-26 09:10:50,061 - easytorch-training - INFO - Checkpoint checkpoints/DLinear/ETTh2_100_336_192/c9ef36b84fe6f78fd8c9f9790bccd8f8/DLinear_027.pt saved
2025-08-26 09:10:50,061 - easytorch-training - INFO - The estimated training finish time is 2025-08-26 09:12:05
2025-08-26 09:10:50,061 - easytorch-training - INFO - Epoch 28 / 100
2025-08-26 09:10:50,754 - easytorch-training - INFO - Result <train>: [train/time: 0.69 (s), train/lr: 7.50e-05, train/loss: 0.3889, train/MAE: 0.3889, train/MSE: 0.4973]
2025-08-26 09:10:50,754 - easytorch-training - INFO - Start validation.
2025-08-26 09:10:50,915 - easytorch-training - INFO - Result <val>: [val/time: 0.16 (s), val/loss: 0.3636, val/MAE: 0.3636, val/MSE: 0.2906]
2025-08-26 09:10:51,073 - easytorch-training - INFO - Result <test>: [test/time: 0.16 (s), test/loss: 0.4146, test/MAE: 0.4146, test/MSE: 0.3951]
2025-08-26 09:10:51,079 - easytorch-training - INFO - Checkpoint checkpoints/DLinear/ETTh2_100_336_192/c9ef36b84fe6f78fd8c9f9790bccd8f8/DLinear_028.pt saved
2025-08-26 09:10:51,079 - easytorch-training - INFO - The estimated training finish time is 2025-08-26 09:12:05
2025-08-26 09:10:51,079 - easytorch-training - INFO - Epoch 29 / 100
2025-08-26 09:10:51,787 - easytorch-training - INFO - Result <train>: [train/time: 0.71 (s), train/lr: 7.50e-05, train/loss: 0.3889, train/MAE: 0.3889, train/MSE: 0.4973]
2025-08-26 09:10:51,788 - easytorch-training - INFO - Start validation.
2025-08-26 09:10:51,966 - easytorch-training - INFO - Result <val>: [val/time: 0.18 (s), val/loss: 0.3636, val/MAE: 0.3636, val/MSE: 0.2903]
2025-08-26 09:10:52,127 - easytorch-training - INFO - Result <test>: [test/time: 0.16 (s), test/loss: 0.4147, test/MAE: 0.4147, test/MSE: 0.3950]
2025-08-26 09:10:52,131 - easytorch-training - INFO - Checkpoint checkpoints/DLinear/ETTh2_100_336_192/c9ef36b84fe6f78fd8c9f9790bccd8f8/DLinear_029.pt saved
2025-08-26 09:10:52,131 - easytorch-training - INFO - The estimated training finish time is 2025-08-26 09:12:05
2025-08-26 09:10:52,131 - easytorch-training - INFO - Epoch 30 / 100
2025-08-26 09:10:52,817 - easytorch-training - INFO - Result <train>: [train/time: 0.69 (s), train/lr: 7.50e-05, train/loss: 0.3890, train/MAE: 0.3890, train/MSE: 0.4973]
2025-08-26 09:10:52,817 - easytorch-training - INFO - Start validation.
2025-08-26 09:10:52,974 - easytorch-training - INFO - Result <val>: [val/time: 0.16 (s), val/loss: 0.3621, val/MAE: 0.3621, val/MSE: 0.2890]
2025-08-26 09:10:53,133 - easytorch-training - INFO - Result <test>: [test/time: 0.16 (s), test/loss: 0.4105, test/MAE: 0.4105, test/MSE: 0.3895]
2025-08-26 09:10:53,140 - easytorch-training - INFO - Checkpoint checkpoints/DLinear/ETTh2_100_336_192/c9ef36b84fe6f78fd8c9f9790bccd8f8/DLinear_030.pt saved
2025-08-26 09:10:53,142 - easytorch-training - INFO - The estimated training finish time is 2025-08-26 09:12:05
2025-08-26 09:10:53,142 - easytorch-training - INFO - Epoch 31 / 100
2025-08-26 09:10:53,846 - easytorch-training - INFO - Result <train>: [train/time: 0.70 (s), train/lr: 7.50e-05, train/loss: 0.3889, train/MAE: 0.3889, train/MSE: 0.4975]
2025-08-26 09:10:53,847 - easytorch-training - INFO - Start validation.
2025-08-26 09:10:54,015 - easytorch-training - INFO - Result <val>: [val/time: 0.17 (s), val/loss: 0.3642, val/MAE: 0.3642, val/MSE: 0.2909]
2025-08-26 09:10:54,184 - easytorch-training - INFO - Result <test>: [test/time: 0.17 (s), test/loss: 0.4157, test/MAE: 0.4157, test/MSE: 0.3960]
2025-08-26 09:10:54,188 - easytorch-training - INFO - Checkpoint checkpoints/DLinear/ETTh2_100_336_192/c9ef36b84fe6f78fd8c9f9790bccd8f8/DLinear_031.pt saved
2025-08-26 09:10:54,188 - easytorch-training - INFO - The estimated training finish time is 2025-08-26 09:12:05
2025-08-26 09:10:54,188 - easytorch-training - INFO - Epoch 32 / 100
2025-08-26 09:10:54,892 - easytorch-training - INFO - Result <train>: [train/time: 0.70 (s), train/lr: 7.50e-05, train/loss: 0.3889, train/MAE: 0.3889, train/MSE: 0.4976]
2025-08-26 09:10:54,893 - easytorch-training - INFO - Start validation.
2025-08-26 09:10:55,044 - easytorch-training - INFO - Result <val>: [val/time: 0.15 (s), val/loss: 0.3630, val/MAE: 0.3630, val/MSE: 0.2898]
2025-08-26 09:10:55,197 - easytorch-training - INFO - Result <test>: [test/time: 0.15 (s), test/loss: 0.4128, test/MAE: 0.4128, test/MSE: 0.3922]
2025-08-26 09:10:55,201 - easytorch-training - INFO - Checkpoint checkpoints/DLinear/ETTh2_100_336_192/c9ef36b84fe6f78fd8c9f9790bccd8f8/DLinear_032.pt saved
2025-08-26 09:10:55,201 - easytorch-training - INFO - The estimated training finish time is 2025-08-26 09:12:05
2025-08-26 09:10:55,201 - easytorch-training - INFO - Epoch 33 / 100
2025-08-26 09:10:55,906 - easytorch-training - INFO - Result <train>: [train/time: 0.70 (s), train/lr: 7.50e-05, train/loss: 0.3888, train/MAE: 0.3888, train/MSE: 0.4972]
2025-08-26 09:10:55,906 - easytorch-training - INFO - Start validation.
2025-08-26 09:10:56,068 - easytorch-training - INFO - Result <val>: [val/time: 0.16 (s), val/loss: 0.3661, val/MAE: 0.3661, val/MSE: 0.2926]
2025-08-26 09:10:56,232 - easytorch-training - INFO - Result <test>: [test/time: 0.16 (s), test/loss: 0.4168, test/MAE: 0.4168, test/MSE: 0.3964]
2025-08-26 09:10:56,238 - easytorch-training - INFO - Checkpoint checkpoints/DLinear/ETTh2_100_336_192/c9ef36b84fe6f78fd8c9f9790bccd8f8/DLinear_033.pt saved
2025-08-26 09:10:56,238 - easytorch-training - INFO - The estimated training finish time is 2025-08-26 09:12:05
2025-08-26 09:10:56,238 - easytorch-training - INFO - Epoch 34 / 100
2025-08-26 09:10:56,937 - easytorch-training - INFO - Result <train>: [train/time: 0.70 (s), train/lr: 7.50e-05, train/loss: 0.3889, train/MAE: 0.3889, train/MSE: 0.4972]
2025-08-26 09:10:56,938 - easytorch-training - INFO - Start validation.
2025-08-26 09:10:57,092 - easytorch-training - INFO - Result <val>: [val/time: 0.15 (s), val/loss: 0.3632, val/MAE: 0.3632, val/MSE: 0.2899]
2025-08-26 09:10:57,244 - easytorch-training - INFO - Result <test>: [test/time: 0.15 (s), test/loss: 0.4147, test/MAE: 0.4147, test/MSE: 0.3949]
2025-08-26 09:10:57,248 - easytorch-training - INFO - Checkpoint checkpoints/DLinear/ETTh2_100_336_192/c9ef36b84fe6f78fd8c9f9790bccd8f8/DLinear_034.pt saved
2025-08-26 09:10:57,248 - easytorch-training - INFO - The estimated training finish time is 2025-08-26 09:12:05
2025-08-26 09:10:57,248 - easytorch-training - INFO - Epoch 35 / 100
2025-08-26 09:10:57,948 - easytorch-training - INFO - Result <train>: [train/time: 0.70 (s), train/lr: 7.50e-05, train/loss: 0.3888, train/MAE: 0.3888, train/MSE: 0.4974]
2025-08-26 09:10:57,949 - easytorch-training - INFO - Start validation.
2025-08-26 09:10:58,110 - easytorch-training - INFO - Result <val>: [val/time: 0.16 (s), val/loss: 0.3631, val/MAE: 0.3631, val/MSE: 0.2900]
2025-08-26 09:10:58,268 - easytorch-training - INFO - Result <test>: [test/time: 0.16 (s), test/loss: 0.4122, test/MAE: 0.4122, test/MSE: 0.3917]
2025-08-26 09:10:58,273 - easytorch-training - INFO - Checkpoint checkpoints/DLinear/ETTh2_100_336_192/c9ef36b84fe6f78fd8c9f9790bccd8f8/DLinear_035.pt saved
2025-08-26 09:10:58,273 - easytorch-training - INFO - The estimated training finish time is 2025-08-26 09:12:05
2025-08-26 09:10:58,273 - easytorch-training - INFO - Epoch 36 / 100
2025-08-26 09:10:58,966 - easytorch-training - INFO - Result <train>: [train/time: 0.69 (s), train/lr: 7.50e-05, train/loss: 0.3888, train/MAE: 0.3888, train/MSE: 0.4970]
2025-08-26 09:10:58,967 - easytorch-training - INFO - Start validation.
2025-08-26 09:10:59,119 - easytorch-training - INFO - Result <val>: [val/time: 0.15 (s), val/loss: 0.3620, val/MAE: 0.3620, val/MSE: 0.2889]
2025-08-26 09:10:59,271 - easytorch-training - INFO - Result <test>: [test/time: 0.15 (s), test/loss: 0.4124, test/MAE: 0.4124, test/MSE: 0.3925]
2025-08-26 09:10:59,277 - easytorch-training - INFO - Checkpoint checkpoints/DLinear/ETTh2_100_336_192/c9ef36b84fe6f78fd8c9f9790bccd8f8/DLinear_036.pt saved
2025-08-26 09:10:59,277 - easytorch-training - INFO - The estimated training finish time is 2025-08-26 09:12:05
2025-08-26 09:10:59,277 - easytorch-training - INFO - Epoch 37 / 100
2025-08-26 09:10:59,978 - easytorch-training - INFO - Result <train>: [train/time: 0.70 (s), train/lr: 7.50e-05, train/loss: 0.3888, train/MAE: 0.3888, train/MSE: 0.4973]
2025-08-26 09:10:59,979 - easytorch-training - INFO - Start validation.
2025-08-26 09:11:00,147 - easytorch-training - INFO - Result <val>: [val/time: 0.17 (s), val/loss: 0.3638, val/MAE: 0.3638, val/MSE: 0.2904]
2025-08-26 09:11:00,309 - easytorch-training - INFO - Result <test>: [test/time: 0.16 (s), test/loss: 0.4152, test/MAE: 0.4152, test/MSE: 0.3955]
2025-08-26 09:11:00,312 - easytorch-training - INFO - Checkpoint checkpoints/DLinear/ETTh2_100_336_192/c9ef36b84fe6f78fd8c9f9790bccd8f8/DLinear_037.pt saved
2025-08-26 09:11:00,313 - easytorch-training - INFO - The estimated training finish time is 2025-08-26 09:12:05
2025-08-26 09:11:00,313 - easytorch-training - INFO - Epoch 38 / 100
2025-08-26 09:11:00,994 - easytorch-training - INFO - Result <train>: [train/time: 0.68 (s), train/lr: 7.50e-05, train/loss: 0.3888, train/MAE: 0.3888, train/MSE: 0.4975]
2025-08-26 09:11:00,995 - easytorch-training - INFO - Start validation.
2025-08-26 09:11:01,148 - easytorch-training - INFO - Result <val>: [val/time: 0.15 (s), val/loss: 0.3614, val/MAE: 0.3614, val/MSE: 0.2883]
2025-08-26 09:11:01,305 - easytorch-training - INFO - Result <test>: [test/time: 0.16 (s), test/loss: 0.4109, test/MAE: 0.4109, test/MSE: 0.3906]
2025-08-26 09:11:01,309 - easytorch-training - INFO - Checkpoint checkpoints/DLinear/ETTh2_100_336_192/c9ef36b84fe6f78fd8c9f9790bccd8f8/DLinear_038.pt saved
2025-08-26 09:11:01,309 - easytorch-training - INFO - The estimated training finish time is 2025-08-26 09:12:05
2025-08-26 09:11:01,309 - easytorch-training - INFO - Epoch 39 / 100
2025-08-26 09:11:02,018 - easytorch-training - INFO - Result <train>: [train/time: 0.71 (s), train/lr: 7.50e-05, train/loss: 0.3888, train/MAE: 0.3888, train/MSE: 0.4969]
2025-08-26 09:11:02,019 - easytorch-training - INFO - Start validation.
2025-08-26 09:11:02,173 - easytorch-training - INFO - Result <val>: [val/time: 0.15 (s), val/loss: 0.3624, val/MAE: 0.3624, val/MSE: 0.2889]
2025-08-26 09:11:02,333 - easytorch-training - INFO - Result <test>: [test/time: 0.16 (s), test/loss: 0.4121, test/MAE: 0.4121, test/MSE: 0.3912]
2025-08-26 09:11:02,339 - easytorch-training - INFO - Checkpoint checkpoints/DLinear/ETTh2_100_336_192/c9ef36b84fe6f78fd8c9f9790bccd8f8/DLinear_039.pt saved
2025-08-26 09:11:02,339 - easytorch-training - INFO - The estimated training finish time is 2025-08-26 09:12:05
2025-08-26 09:11:02,339 - easytorch-training - INFO - Epoch 40 / 100
2025-08-26 09:11:03,029 - easytorch-training - INFO - Result <train>: [train/time: 0.69 (s), train/lr: 7.50e-05, train/loss: 0.3888, train/MAE: 0.3888, train/MSE: 0.4974]
2025-08-26 09:11:03,030 - easytorch-training - INFO - Start validation.
2025-08-26 09:11:03,183 - easytorch-training - INFO - Result <val>: [val/time: 0.15 (s), val/loss: 0.3609, val/MAE: 0.3609, val/MSE: 0.2879]
2025-08-26 09:11:03,335 - easytorch-training - INFO - Result <test>: [test/time: 0.15 (s), test/loss: 0.4108, test/MAE: 0.4108, test/MSE: 0.3907]
2025-08-26 09:11:03,339 - easytorch-training - INFO - Checkpoint checkpoints/DLinear/ETTh2_100_336_192/c9ef36b84fe6f78fd8c9f9790bccd8f8/DLinear_040.pt saved
2025-08-26 09:11:03,342 - easytorch-training - INFO - The estimated training finish time is 2025-08-26 09:12:05
2025-08-26 09:11:03,342 - easytorch-training - INFO - Epoch 41 / 100
2025-08-26 09:11:04,048 - easytorch-training - INFO - Result <train>: [train/time: 0.71 (s), train/lr: 7.50e-05, train/loss: 0.3887, train/MAE: 0.3887, train/MSE: 0.4972]
2025-08-26 09:11:04,049 - easytorch-training - INFO - Start validation.
2025-08-26 09:11:04,202 - easytorch-training - INFO - Result <val>: [val/time: 0.15 (s), val/loss: 0.3626, val/MAE: 0.3626, val/MSE: 0.2891]
2025-08-26 09:11:04,354 - easytorch-training - INFO - Result <test>: [test/time: 0.15 (s), test/loss: 0.4096, test/MAE: 0.4096, test/MSE: 0.3873]
2025-08-26 09:11:04,360 - easytorch-training - INFO - Checkpoint checkpoints/DLinear/ETTh2_100_336_192/c9ef36b84fe6f78fd8c9f9790bccd8f8/DLinear_041.pt saved
2025-08-26 09:11:04,361 - easytorch-training - INFO - The estimated training finish time is 2025-08-26 09:12:05
2025-08-26 09:11:04,361 - easytorch-training - INFO - Epoch 42 / 100
2025-08-26 09:11:05,055 - easytorch-training - INFO - Result <train>: [train/time: 0.69 (s), train/lr: 7.50e-05, train/loss: 0.3888, train/MAE: 0.3888, train/MSE: 0.4968]
2025-08-26 09:11:05,056 - easytorch-training - INFO - Start validation.
2025-08-26 09:11:05,211 - easytorch-training - INFO - Result <val>: [val/time: 0.16 (s), val/loss: 0.3622, val/MAE: 0.3622, val/MSE: 0.2891]
2025-08-26 09:11:05,372 - easytorch-training - INFO - Result <test>: [test/time: 0.16 (s), test/loss: 0.4116, test/MAE: 0.4116, test/MSE: 0.3913]
2025-08-26 09:11:05,376 - easytorch-training - INFO - Checkpoint checkpoints/DLinear/ETTh2_100_336_192/c9ef36b84fe6f78fd8c9f9790bccd8f8/DLinear_042.pt saved
2025-08-26 09:11:05,377 - easytorch-training - INFO - The estimated training finish time is 2025-08-26 09:12:05
2025-08-26 09:11:05,377 - easytorch-training - INFO - Epoch 43 / 100
2025-08-26 09:11:06,092 - easytorch-training - INFO - Result <train>: [train/time: 0.72 (s), train/lr: 7.50e-05, train/loss: 0.3888, train/MAE: 0.3888, train/MSE: 0.4976]
2025-08-26 09:11:06,093 - easytorch-training - INFO - Start validation.
2025-08-26 09:11:06,254 - easytorch-training - INFO - Result <val>: [val/time: 0.16 (s), val/loss: 0.3644, val/MAE: 0.3644, val/MSE: 0.2910]
2025-08-26 09:11:06,409 - easytorch-training - INFO - Result <test>: [test/time: 0.15 (s), test/loss: 0.4151, test/MAE: 0.4151, test/MSE: 0.3951]
2025-08-26 09:11:06,413 - easytorch-training - INFO - Checkpoint checkpoints/DLinear/ETTh2_100_336_192/c9ef36b84fe6f78fd8c9f9790bccd8f8/DLinear_043.pt saved
2025-08-26 09:11:06,413 - easytorch-training - INFO - The estimated training finish time is 2025-08-26 09:12:05
2025-08-26 09:11:06,413 - easytorch-training - INFO - Epoch 44 / 100
2025-08-26 09:11:07,136 - easytorch-training - INFO - Result <train>: [train/time: 0.72 (s), train/lr: 7.50e-05, train/loss: 0.3887, train/MAE: 0.3887, train/MSE: 0.4967]
2025-08-26 09:11:07,136 - easytorch-training - INFO - Start validation.
2025-08-26 09:11:07,298 - easytorch-training - INFO - Result <val>: [val/time: 0.16 (s), val/loss: 0.3603, val/MAE: 0.3603, val/MSE: 0.2871]
2025-08-26 09:11:07,456 - easytorch-training - INFO - Result <test>: [test/time: 0.16 (s), test/loss: 0.4097, test/MAE: 0.4097, test/MSE: 0.3892]
2025-08-26 09:11:07,464 - easytorch-training - INFO - Checkpoint checkpoints/DLinear/ETTh2_100_336_192/c9ef36b84fe6f78fd8c9f9790bccd8f8/DLinear_044.pt saved
2025-08-26 09:11:07,464 - easytorch-training - INFO - The estimated training finish time is 2025-08-26 09:12:05
2025-08-26 09:11:07,464 - easytorch-training - INFO - Epoch 45 / 100
2025-08-26 09:11:08,164 - easytorch-training - INFO - Result <train>: [train/time: 0.70 (s), train/lr: 7.50e-05, train/loss: 0.3887, train/MAE: 0.3887, train/MSE: 0.4973]
2025-08-26 09:11:08,165 - easytorch-training - INFO - Start validation.
2025-08-26 09:11:08,325 - easytorch-training - INFO - Result <val>: [val/time: 0.16 (s), val/loss: 0.3608, val/MAE: 0.3608, val/MSE: 0.2878]
2025-08-26 09:11:08,492 - easytorch-training - INFO - Result <test>: [test/time: 0.17 (s), test/loss: 0.4105, test/MAE: 0.4105, test/MSE: 0.3903]
2025-08-26 09:11:08,496 - easytorch-training - INFO - Checkpoint checkpoints/DLinear/ETTh2_100_336_192/c9ef36b84fe6f78fd8c9f9790bccd8f8/DLinear_045.pt saved
2025-08-26 09:11:08,496 - easytorch-training - INFO - The estimated training finish time is 2025-08-26 09:12:05
2025-08-26 09:11:08,496 - easytorch-training - INFO - Epoch 46 / 100
2025-08-26 09:11:09,187 - easytorch-training - INFO - Result <train>: [train/time: 0.69 (s), train/lr: 7.50e-05, train/loss: 0.3887, train/MAE: 0.3887, train/MSE: 0.4974]
2025-08-26 09:11:09,188 - easytorch-training - INFO - Start validation.
2025-08-26 09:11:09,345 - easytorch-training - INFO - Result <val>: [val/time: 0.16 (s), val/loss: 0.3617, val/MAE: 0.3617, val/MSE: 0.2887]
2025-08-26 09:11:09,501 - easytorch-training - INFO - Result <test>: [test/time: 0.15 (s), test/loss: 0.4118, test/MAE: 0.4118, test/MSE: 0.3918]
2025-08-26 09:11:09,505 - easytorch-training - INFO - Checkpoint checkpoints/DLinear/ETTh2_100_336_192/c9ef36b84fe6f78fd8c9f9790bccd8f8/DLinear_046.pt saved
2025-08-26 09:11:09,505 - easytorch-training - INFO - The estimated training finish time is 2025-08-26 09:12:05
2025-08-26 09:11:09,505 - easytorch-training - INFO - Epoch 47 / 100
2025-08-26 09:11:10,207 - easytorch-training - INFO - Result <train>: [train/time: 0.70 (s), train/lr: 7.50e-05, train/loss: 0.3887, train/MAE: 0.3887, train/MSE: 0.4971]
2025-08-26 09:11:10,207 - easytorch-training - INFO - Start validation.
2025-08-26 09:11:10,369 - easytorch-training - INFO - Result <val>: [val/time: 0.16 (s), val/loss: 0.3614, val/MAE: 0.3614, val/MSE: 0.2882]
2025-08-26 09:11:10,538 - easytorch-training - INFO - Result <test>: [test/time: 0.17 (s), test/loss: 0.4111, test/MAE: 0.4111, test/MSE: 0.3908]
2025-08-26 09:11:10,543 - easytorch-training - INFO - Checkpoint checkpoints/DLinear/ETTh2_100_336_192/c9ef36b84fe6f78fd8c9f9790bccd8f8/DLinear_047.pt saved
2025-08-26 09:11:10,543 - easytorch-training - INFO - The estimated training finish time is 2025-08-26 09:12:05
2025-08-26 09:11:10,543 - easytorch-training - INFO - Epoch 48 / 100
2025-08-26 09:11:11,237 - easytorch-training - INFO - Result <train>: [train/time: 0.69 (s), train/lr: 7.50e-05, train/loss: 0.3887, train/MAE: 0.3887, train/MSE: 0.4972]
2025-08-26 09:11:11,238 - easytorch-training - INFO - Start validation.
2025-08-26 09:11:11,398 - easytorch-training - INFO - Result <val>: [val/time: 0.16 (s), val/loss: 0.3628, val/MAE: 0.3628, val/MSE: 0.2894]
2025-08-26 09:11:11,561 - easytorch-training - INFO - Result <test>: [test/time: 0.16 (s), test/loss: 0.4129, test/MAE: 0.4129, test/MSE: 0.3924]
2025-08-26 09:11:11,565 - easytorch-training - INFO - Checkpoint checkpoints/DLinear/ETTh2_100_336_192/c9ef36b84fe6f78fd8c9f9790bccd8f8/DLinear_048.pt saved
2025-08-26 09:11:11,565 - easytorch-training - INFO - The estimated training finish time is 2025-08-26 09:12:05
2025-08-26 09:11:11,565 - easytorch-training - INFO - Epoch 49 / 100
2025-08-26 09:11:12,274 - easytorch-training - INFO - Result <train>: [train/time: 0.71 (s), train/lr: 7.50e-05, train/loss: 0.3887, train/MAE: 0.3887, train/MSE: 0.4971]
2025-08-26 09:11:12,275 - easytorch-training - INFO - Start validation.
2025-08-26 09:11:12,436 - easytorch-training - INFO - Result <val>: [val/time: 0.16 (s), val/loss: 0.3623, val/MAE: 0.3623, val/MSE: 0.2890]
2025-08-26 09:11:12,598 - easytorch-training - INFO - Result <test>: [test/time: 0.16 (s), test/loss: 0.4107, test/MAE: 0.4107, test/MSE: 0.3895]
2025-08-26 09:11:12,603 - easytorch-training - INFO - Checkpoint checkpoints/DLinear/ETTh2_100_336_192/c9ef36b84fe6f78fd8c9f9790bccd8f8/DLinear_049.pt saved
2025-08-26 09:11:12,603 - easytorch-training - INFO - The estimated training finish time is 2025-08-26 09:12:05
2025-08-26 09:11:12,603 - easytorch-training - INFO - Epoch 50 / 100
2025-08-26 09:11:13,285 - easytorch-training - INFO - Result <train>: [train/time: 0.68 (s), train/lr: 7.50e-05, train/loss: 0.3887, train/MAE: 0.3887, train/MSE: 0.4970]
2025-08-26 09:11:13,286 - easytorch-training - INFO - Start validation.
2025-08-26 09:11:13,441 - easytorch-training - INFO - Result <val>: [val/time: 0.15 (s), val/loss: 0.3602, val/MAE: 0.3602, val/MSE: 0.2873]
2025-08-26 09:11:13,445 - easytorch-training - INFO - Checkpoint checkpoints/DLinear/ETTh2_100_336_192/c9ef36b84fe6f78fd8c9f9790bccd8f8/DLinear_best_val_MAE.pt saved
2025-08-26 09:11:13,599 - easytorch-training - INFO - Result <test>: [test/time: 0.15 (s), test/loss: 0.4096, test/MAE: 0.4096, test/MSE: 0.3893]
2025-08-26 09:11:13,603 - easytorch-training - INFO - Checkpoint checkpoints/DLinear/ETTh2_100_336_192/c9ef36b84fe6f78fd8c9f9790bccd8f8/DLinear_050.pt saved
2025-08-26 09:11:13,605 - easytorch-training - INFO - The estimated training finish time is 2025-08-26 09:12:05
2025-08-26 09:11:13,605 - easytorch-training - INFO - Epoch 51 / 100
2025-08-26 09:11:14,301 - easytorch-training - INFO - Result <train>: [train/time: 0.70 (s), train/lr: 7.50e-05, train/loss: 0.3887, train/MAE: 0.3887, train/MSE: 0.4972]
2025-08-26 09:11:14,302 - easytorch-training - INFO - Start validation.
2025-08-26 09:11:14,456 - easytorch-training - INFO - Result <val>: [val/time: 0.15 (s), val/loss: 0.3656, val/MAE: 0.3656, val/MSE: 0.2922]
2025-08-26 09:11:14,618 - easytorch-training - INFO - Result <test>: [test/time: 0.16 (s), test/loss: 0.4166, test/MAE: 0.4166, test/MSE: 0.3969]
2025-08-26 09:11:14,624 - easytorch-training - INFO - Checkpoint checkpoints/DLinear/ETTh2_100_336_192/c9ef36b84fe6f78fd8c9f9790bccd8f8/DLinear_051.pt saved
2025-08-26 09:11:14,624 - easytorch-training - INFO - The estimated training finish time is 2025-08-26 09:12:05
2025-08-26 09:11:14,624 - easytorch-training - INFO - Epoch 52 / 100
2025-08-26 09:11:15,314 - easytorch-training - INFO - Result <train>: [train/time: 0.69 (s), train/lr: 7.50e-05, train/loss: 0.3887, train/MAE: 0.3887, train/MSE: 0.4974]
2025-08-26 09:11:15,315 - easytorch-training - INFO - Start validation.
2025-08-26 09:11:15,472 - easytorch-training - INFO - Result <val>: [val/time: 0.16 (s), val/loss: 0.3605, val/MAE: 0.3605, val/MSE: 0.2873]
2025-08-26 09:11:15,633 - easytorch-training - INFO - Result <test>: [test/time: 0.16 (s), test/loss: 0.4094, test/MAE: 0.4094, test/MSE: 0.3884]
2025-08-26 09:11:15,637 - easytorch-training - INFO - Checkpoint checkpoints/DLinear/ETTh2_100_336_192/c9ef36b84fe6f78fd8c9f9790bccd8f8/DLinear_052.pt saved
2025-08-26 09:11:15,637 - easytorch-training - INFO - The estimated training finish time is 2025-08-26 09:12:05
2025-08-26 09:11:15,637 - easytorch-training - INFO - Epoch 53 / 100
2025-08-26 09:11:16,332 - easytorch-training - INFO - Result <train>: [train/time: 0.69 (s), train/lr: 7.50e-05, train/loss: 0.3887, train/MAE: 0.3887, train/MSE: 0.4972]
2025-08-26 09:11:16,333 - easytorch-training - INFO - Start validation.
2025-08-26 09:11:16,489 - easytorch-training - INFO - Result <val>: [val/time: 0.16 (s), val/loss: 0.3627, val/MAE: 0.3627, val/MSE: 0.2890]
2025-08-26 09:11:16,657 - easytorch-training - INFO - Result <test>: [test/time: 0.17 (s), test/loss: 0.4105, test/MAE: 0.4105, test/MSE: 0.3889]
2025-08-26 09:11:16,660 - easytorch-training - INFO - Checkpoint checkpoints/DLinear/ETTh2_100_336_192/c9ef36b84fe6f78fd8c9f9790bccd8f8/DLinear_053.pt saved
2025-08-26 09:11:16,661 - easytorch-training - INFO - The estimated training finish time is 2025-08-26 09:12:05
2025-08-26 09:11:16,661 - easytorch-training - INFO - Epoch 54 / 100
2025-08-26 09:11:17,351 - easytorch-training - INFO - Result <train>: [train/time: 0.69 (s), train/lr: 7.50e-05, train/loss: 0.3887, train/MAE: 0.3887, train/MSE: 0.4970]
2025-08-26 09:11:17,351 - easytorch-training - INFO - Start validation.
2025-08-26 09:11:17,505 - easytorch-training - INFO - Result <val>: [val/time: 0.15 (s), val/loss: 0.3617, val/MAE: 0.3617, val/MSE: 0.2890]
2025-08-26 09:11:17,660 - easytorch-training - INFO - Result <test>: [test/time: 0.15 (s), test/loss: 0.4117, test/MAE: 0.4117, test/MSE: 0.3920]
2025-08-26 09:11:17,665 - easytorch-training - INFO - Checkpoint checkpoints/DLinear/ETTh2_100_336_192/c9ef36b84fe6f78fd8c9f9790bccd8f8/DLinear_054.pt saved
2025-08-26 09:11:17,665 - easytorch-training - INFO - The estimated training finish time is 2025-08-26 09:12:05
2025-08-26 09:11:17,665 - easytorch-training - INFO - Epoch 55 / 100
2025-08-26 09:11:18,364 - easytorch-training - INFO - Result <train>: [train/time: 0.70 (s), train/lr: 7.50e-05, train/loss: 0.3887, train/MAE: 0.3887, train/MSE: 0.4970]
2025-08-26 09:11:18,364 - easytorch-training - INFO - Start validation.
2025-08-26 09:11:18,525 - easytorch-training - INFO - Result <val>: [val/time: 0.16 (s), val/loss: 0.3612, val/MAE: 0.3612, val/MSE: 0.2880]
2025-08-26 09:11:18,681 - easytorch-training - INFO - Result <test>: [test/time: 0.16 (s), test/loss: 0.4109, test/MAE: 0.4109, test/MSE: 0.3906]
2025-08-26 09:11:18,685 - easytorch-training - INFO - Checkpoint checkpoints/DLinear/ETTh2_100_336_192/c9ef36b84fe6f78fd8c9f9790bccd8f8/DLinear_055.pt saved
2025-08-26 09:11:18,685 - easytorch-training - INFO - The estimated training finish time is 2025-08-26 09:12:04
2025-08-26 09:11:18,685 - easytorch-training - INFO - Epoch 56 / 100
2025-08-26 09:11:19,379 - easytorch-training - INFO - Result <train>: [train/time: 0.69 (s), train/lr: 7.50e-05, train/loss: 0.3886, train/MAE: 0.3886, train/MSE: 0.4974]
2025-08-26 09:11:19,380 - easytorch-training - INFO - Start validation.
2025-08-26 09:11:19,542 - easytorch-training - INFO - Result <val>: [val/time: 0.16 (s), val/loss: 0.3658, val/MAE: 0.3658, val/MSE: 0.2927]
2025-08-26 09:11:19,697 - easytorch-training - INFO - Result <test>: [test/time: 0.15 (s), test/loss: 0.4177, test/MAE: 0.4177, test/MSE: 0.3989]
2025-08-26 09:11:19,703 - easytorch-training - INFO - Checkpoint checkpoints/DLinear/ETTh2_100_336_192/c9ef36b84fe6f78fd8c9f9790bccd8f8/DLinear_056.pt saved
2025-08-26 09:11:19,703 - easytorch-training - INFO - The estimated training finish time is 2025-08-26 09:12:04
2025-08-26 09:11:19,703 - easytorch-training - INFO - Epoch 57 / 100
2025-08-26 09:11:20,422 - easytorch-training - INFO - Result <train>: [train/time: 0.72 (s), train/lr: 7.50e-05, train/loss: 0.3886, train/MAE: 0.3886, train/MSE: 0.4971]
2025-08-26 09:11:20,422 - easytorch-training - INFO - Start validation.
2025-08-26 09:11:20,582 - easytorch-training - INFO - Result <val>: [val/time: 0.16 (s), val/loss: 0.3629, val/MAE: 0.3629, val/MSE: 0.2895]
2025-08-26 09:11:20,746 - easytorch-training - INFO - Result <test>: [test/time: 0.16 (s), test/loss: 0.4137, test/MAE: 0.4137, test/MSE: 0.3937]
2025-08-26 09:11:20,751 - easytorch-training - INFO - Checkpoint checkpoints/DLinear/ETTh2_100_336_192/c9ef36b84fe6f78fd8c9f9790bccd8f8/DLinear_057.pt saved
2025-08-26 09:11:20,751 - easytorch-training - INFO - The estimated training finish time is 2025-08-26 09:12:04
2025-08-26 09:11:20,751 - easytorch-training - INFO - Epoch 58 / 100
2025-08-26 09:11:21,461 - easytorch-training - INFO - Result <train>: [train/time: 0.71 (s), train/lr: 7.50e-05, train/loss: 0.3887, train/MAE: 0.3887, train/MSE: 0.4969]
2025-08-26 09:11:21,462 - easytorch-training - INFO - Start validation.
2025-08-26 09:11:21,636 - easytorch-training - INFO - Result <val>: [val/time: 0.17 (s), val/loss: 0.3590, val/MAE: 0.3590, val/MSE: 0.2865]
2025-08-26 09:11:21,640 - easytorch-training - INFO - Checkpoint checkpoints/DLinear/ETTh2_100_336_192/c9ef36b84fe6f78fd8c9f9790bccd8f8/DLinear_best_val_MAE.pt saved
2025-08-26 09:11:21,814 - easytorch-training - INFO - Result <test>: [test/time: 0.17 (s), test/loss: 0.4084, test/MAE: 0.4084, test/MSE: 0.3885]
2025-08-26 09:11:21,822 - easytorch-training - INFO - Checkpoint checkpoints/DLinear/ETTh2_100_336_192/c9ef36b84fe6f78fd8c9f9790bccd8f8/DLinear_058.pt saved
2025-08-26 09:11:21,822 - easytorch-training - INFO - The estimated training finish time is 2025-08-26 09:12:05
2025-08-26 09:11:21,822 - easytorch-training - INFO - Epoch 59 / 100
2025-08-26 09:11:22,551 - easytorch-training - INFO - Result <train>: [train/time: 0.73 (s), train/lr: 7.50e-05, train/loss: 0.3887, train/MAE: 0.3887, train/MSE: 0.4973]
2025-08-26 09:11:22,551 - easytorch-training - INFO - Start validation.
2025-08-26 09:11:22,711 - easytorch-training - INFO - Result <val>: [val/time: 0.16 (s), val/loss: 0.3627, val/MAE: 0.3627, val/MSE: 0.2894]
2025-08-26 09:11:22,867 - easytorch-training - INFO - Result <test>: [test/time: 0.16 (s), test/loss: 0.4125, test/MAE: 0.4125, test/MSE: 0.3920]
2025-08-26 09:11:22,871 - easytorch-training - INFO - Checkpoint checkpoints/DLinear/ETTh2_100_336_192/c9ef36b84fe6f78fd8c9f9790bccd8f8/DLinear_059.pt saved
2025-08-26 09:11:22,871 - easytorch-training - INFO - The estimated training finish time is 2025-08-26 09:12:05
2025-08-26 09:11:22,871 - easytorch-training - INFO - Epoch 60 / 100
2025-08-26 09:11:23,564 - easytorch-training - INFO - Result <train>: [train/time: 0.69 (s), train/lr: 7.50e-05, train/loss: 0.3886, train/MAE: 0.3886, train/MSE: 0.4974]
2025-08-26 09:11:23,565 - easytorch-training - INFO - Start validation.
2025-08-26 09:11:23,725 - easytorch-training - INFO - Result <val>: [val/time: 0.16 (s), val/loss: 0.3632, val/MAE: 0.3632, val/MSE: 0.2898]
2025-08-26 09:11:23,881 - easytorch-training - INFO - Result <test>: [test/time: 0.16 (s), test/loss: 0.4129, test/MAE: 0.4129, test/MSE: 0.3921]
2025-08-26 09:11:23,885 - easytorch-training - INFO - Checkpoint checkpoints/DLinear/ETTh2_100_336_192/c9ef36b84fe6f78fd8c9f9790bccd8f8/DLinear_060.pt saved
2025-08-26 09:11:23,887 - easytorch-training - INFO - The estimated training finish time is 2025-08-26 09:12:05
2025-08-26 09:11:23,888 - easytorch-training - INFO - Epoch 61 / 100
2025-08-26 09:11:24,593 - easytorch-training - INFO - Result <train>: [train/time: 0.71 (s), train/lr: 7.50e-05, train/loss: 0.3886, train/MAE: 0.3886, train/MSE: 0.4969]
2025-08-26 09:11:24,594 - easytorch-training - INFO - Start validation.
2025-08-26 09:11:24,749 - easytorch-training - INFO - Result <val>: [val/time: 0.15 (s), val/loss: 0.3630, val/MAE: 0.3630, val/MSE: 0.2896]
2025-08-26 09:11:24,913 - easytorch-training - INFO - Result <test>: [test/time: 0.16 (s), test/loss: 0.4128, test/MAE: 0.4128, test/MSE: 0.3921]
2025-08-26 09:11:24,920 - easytorch-training - INFO - Checkpoint checkpoints/DLinear/ETTh2_100_336_192/c9ef36b84fe6f78fd8c9f9790bccd8f8/DLinear_061.pt saved
2025-08-26 09:11:24,920 - easytorch-training - INFO - The estimated training finish time is 2025-08-26 09:12:05
2025-08-26 09:11:24,920 - easytorch-training - INFO - Epoch 62 / 100
2025-08-26 09:11:25,609 - easytorch-training - INFO - Result <train>: [train/time: 0.69 (s), train/lr: 7.50e-05, train/loss: 0.3887, train/MAE: 0.3887, train/MSE: 0.4972]
2025-08-26 09:11:25,610 - easytorch-training - INFO - Start validation.
2025-08-26 09:11:25,763 - easytorch-training - INFO - Result <val>: [val/time: 0.15 (s), val/loss: 0.3608, val/MAE: 0.3608, val/MSE: 0.2874]
2025-08-26 09:11:25,930 - easytorch-training - INFO - Result <test>: [test/time: 0.17 (s), test/loss: 0.4100, test/MAE: 0.4100, test/MSE: 0.3889]
2025-08-26 09:11:25,933 - easytorch-training - INFO - Checkpoint checkpoints/DLinear/ETTh2_100_336_192/c9ef36b84fe6f78fd8c9f9790bccd8f8/DLinear_062.pt saved
2025-08-26 09:11:25,933 - easytorch-training - INFO - The estimated training finish time is 2025-08-26 09:12:05
2025-08-26 09:11:25,933 - easytorch-training - INFO - Epoch 63 / 100
2025-08-26 09:11:26,646 - easytorch-training - INFO - Result <train>: [train/time: 0.71 (s), train/lr: 7.50e-05, train/loss: 0.3887, train/MAE: 0.3887, train/MSE: 0.4973]
2025-08-26 09:11:26,646 - easytorch-training - INFO - Start validation.
2025-08-26 09:11:26,800 - easytorch-training - INFO - Result <val>: [val/time: 0.15 (s), val/loss: 0.3631, val/MAE: 0.3631, val/MSE: 0.2899]
2025-08-26 09:11:26,952 - easytorch-training - INFO - Result <test>: [test/time: 0.15 (s), test/loss: 0.4136, test/MAE: 0.4136, test/MSE: 0.3933]
2025-08-26 09:11:26,957 - easytorch-training - INFO - Checkpoint checkpoints/DLinear/ETTh2_100_336_192/c9ef36b84fe6f78fd8c9f9790bccd8f8/DLinear_063.pt saved
2025-08-26 09:11:26,958 - easytorch-training - INFO - The estimated training finish time is 2025-08-26 09:12:05
2025-08-26 09:11:26,958 - easytorch-training - INFO - Epoch 64 / 100
2025-08-26 09:11:27,653 - easytorch-training - INFO - Result <train>: [train/time: 0.70 (s), train/lr: 7.50e-05, train/loss: 0.3886, train/MAE: 0.3886, train/MSE: 0.4969]
2025-08-26 09:11:27,654 - easytorch-training - INFO - Start validation.
2025-08-26 09:11:27,809 - easytorch-training - INFO - Result <val>: [val/time: 0.15 (s), val/loss: 0.3634, val/MAE: 0.3634, val/MSE: 0.2907]
2025-08-26 09:11:27,969 - easytorch-training - INFO - Result <test>: [test/time: 0.16 (s), test/loss: 0.4153, test/MAE: 0.4153, test/MSE: 0.3967]
2025-08-26 09:11:27,972 - easytorch-training - INFO - Checkpoint checkpoints/DLinear/ETTh2_100_336_192/c9ef36b84fe6f78fd8c9f9790bccd8f8/DLinear_064.pt saved
2025-08-26 09:11:27,972 - easytorch-training - INFO - The estimated training finish time is 2025-08-26 09:12:05
2025-08-26 09:11:27,973 - easytorch-training - INFO - Epoch 65 / 100
2025-08-26 09:11:28,680 - easytorch-training - INFO - Result <train>: [train/time: 0.71 (s), train/lr: 7.50e-05, train/loss: 0.3886, train/MAE: 0.3886, train/MSE: 0.4971]
2025-08-26 09:11:28,681 - easytorch-training - INFO - Start validation.
2025-08-26 09:11:28,845 - easytorch-training - INFO - Result <val>: [val/time: 0.16 (s), val/loss: 0.3622, val/MAE: 0.3622, val/MSE: 0.2890]
2025-08-26 09:11:29,000 - easytorch-training - INFO - Result <test>: [test/time: 0.15 (s), test/loss: 0.4122, test/MAE: 0.4122, test/MSE: 0.3917]
2025-08-26 09:11:29,004 - easytorch-training - INFO - Checkpoint checkpoints/DLinear/ETTh2_100_336_192/c9ef36b84fe6f78fd8c9f9790bccd8f8/DLinear_065.pt saved
2025-08-26 09:11:29,004 - easytorch-training - INFO - The estimated training finish time is 2025-08-26 09:12:05
2025-08-26 09:11:29,004 - easytorch-training - INFO - Epoch 66 / 100
2025-08-26 09:11:29,697 - easytorch-training - INFO - Result <train>: [train/time: 0.69 (s), train/lr: 7.50e-05, train/loss: 0.3886, train/MAE: 0.3886, train/MSE: 0.4969]
2025-08-26 09:11:29,697 - easytorch-training - INFO - Start validation.
2025-08-26 09:11:29,855 - easytorch-training - INFO - Result <val>: [val/time: 0.16 (s), val/loss: 0.3607, val/MAE: 0.3607, val/MSE: 0.2880]
2025-08-26 09:11:30,008 - easytorch-training - INFO - Result <test>: [test/time: 0.15 (s), test/loss: 0.4090, test/MAE: 0.4090, test/MSE: 0.3888]
2025-08-26 09:11:30,013 - easytorch-training - INFO - Checkpoint checkpoints/DLinear/ETTh2_100_336_192/c9ef36b84fe6f78fd8c9f9790bccd8f8/DLinear_066.pt saved
2025-08-26 09:11:30,013 - easytorch-training - INFO - The estimated training finish time is 2025-08-26 09:12:05
2025-08-26 09:11:30,013 - easytorch-training - INFO - Epoch 67 / 100
2025-08-26 09:11:30,720 - easytorch-training - INFO - Result <train>: [train/time: 0.71 (s), train/lr: 7.50e-05, train/loss: 0.3886, train/MAE: 0.3886, train/MSE: 0.4971]
2025-08-26 09:11:30,722 - easytorch-training - INFO - Start validation.
2025-08-26 09:11:30,883 - easytorch-training - INFO - Result <val>: [val/time: 0.16 (s), val/loss: 0.3607, val/MAE: 0.3607, val/MSE: 0.2874]
2025-08-26 09:11:31,038 - easytorch-training - INFO - Result <test>: [test/time: 0.15 (s), test/loss: 0.4105, test/MAE: 0.4105, test/MSE: 0.3901]
2025-08-26 09:11:31,042 - easytorch-training - INFO - Checkpoint checkpoints/DLinear/ETTh2_100_336_192/c9ef36b84fe6f78fd8c9f9790bccd8f8/DLinear_067.pt saved
2025-08-26 09:11:31,043 - easytorch-training - INFO - The estimated training finish time is 2025-08-26 09:12:05
2025-08-26 09:11:31,043 - easytorch-training - INFO - Epoch 68 / 100
2025-08-26 09:11:31,750 - easytorch-training - INFO - Result <train>: [train/time: 0.71 (s), train/lr: 7.50e-05, train/loss: 0.3886, train/MAE: 0.3886, train/MSE: 0.4971]
2025-08-26 09:11:31,751 - easytorch-training - INFO - Start validation.
2025-08-26 09:11:31,911 - easytorch-training - INFO - Result <val>: [val/time: 0.16 (s), val/loss: 0.3622, val/MAE: 0.3622, val/MSE: 0.2890]
2025-08-26 09:11:32,070 - easytorch-training - INFO - Result <test>: [test/time: 0.16 (s), test/loss: 0.4133, test/MAE: 0.4133, test/MSE: 0.3939]
2025-08-26 09:11:32,074 - easytorch-training - INFO - Checkpoint checkpoints/DLinear/ETTh2_100_336_192/c9ef36b84fe6f78fd8c9f9790bccd8f8/DLinear_068.pt saved
2025-08-26 09:11:32,074 - easytorch-training - INFO - The estimated training finish time is 2025-08-26 09:12:05
2025-08-26 09:11:32,074 - easytorch-training - INFO - Epoch 69 / 100
2025-08-26 09:11:32,790 - easytorch-training - INFO - Result <train>: [train/time: 0.72 (s), train/lr: 7.50e-05, train/loss: 0.3886, train/MAE: 0.3886, train/MSE: 0.4972]
2025-08-26 09:11:32,791 - easytorch-training - INFO - Start validation.
2025-08-26 09:11:32,948 - easytorch-training - INFO - Result <val>: [val/time: 0.16 (s), val/loss: 0.3679, val/MAE: 0.3679, val/MSE: 0.2939]
2025-08-26 09:11:33,104 - easytorch-training - INFO - Result <test>: [test/time: 0.16 (s), test/loss: 0.4197, test/MAE: 0.4197, test/MSE: 0.3997]
2025-08-26 09:11:33,109 - easytorch-training - INFO - Checkpoint checkpoints/DLinear/ETTh2_100_336_192/c9ef36b84fe6f78fd8c9f9790bccd8f8/DLinear_069.pt saved
2025-08-26 09:11:33,109 - easytorch-training - INFO - The estimated training finish time is 2025-08-26 09:12:05
2025-08-26 09:11:33,109 - easytorch-training - INFO - Epoch 70 / 100
2025-08-26 09:11:33,804 - easytorch-training - INFO - Result <train>: [train/time: 0.69 (s), train/lr: 7.50e-05, train/loss: 0.3886, train/MAE: 0.3886, train/MSE: 0.4971]
2025-08-26 09:11:33,804 - easytorch-training - INFO - Start validation.
2025-08-26 09:11:33,962 - easytorch-training - INFO - Result <val>: [val/time: 0.16 (s), val/loss: 0.3633, val/MAE: 0.3633, val/MSE: 0.2900]
2025-08-26 09:11:34,122 - easytorch-training - INFO - Result <test>: [test/time: 0.16 (s), test/loss: 0.4132, test/MAE: 0.4132, test/MSE: 0.3925]
2025-08-26 09:11:34,125 - easytorch-training - INFO - Checkpoint checkpoints/DLinear/ETTh2_100_336_192/c9ef36b84fe6f78fd8c9f9790bccd8f8/DLinear_070.pt saved
2025-08-26 09:11:34,128 - easytorch-training - INFO - The estimated training finish time is 2025-08-26 09:12:04
2025-08-26 09:11:34,128 - easytorch-training - INFO - Epoch 71 / 100
2025-08-26 09:11:34,826 - easytorch-training - INFO - Result <train>: [train/time: 0.70 (s), train/lr: 7.50e-05, train/loss: 0.3886, train/MAE: 0.3886, train/MSE: 0.4972]
2025-08-26 09:11:34,827 - easytorch-training - INFO - Start validation.
2025-08-26 09:11:34,989 - easytorch-training - INFO - Result <val>: [val/time: 0.16 (s), val/loss: 0.3611, val/MAE: 0.3611, val/MSE: 0.2878]
2025-08-26 09:11:35,157 - easytorch-training - INFO - Result <test>: [test/time: 0.17 (s), test/loss: 0.4092, test/MAE: 0.4092, test/MSE: 0.3879]
2025-08-26 09:11:35,161 - easytorch-training - INFO - Checkpoint checkpoints/DLinear/ETTh2_100_336_192/c9ef36b84fe6f78fd8c9f9790bccd8f8/DLinear_071.pt saved
2025-08-26 09:11:35,162 - easytorch-training - INFO - The estimated training finish time is 2025-08-26 09:12:05
2025-08-26 09:11:35,162 - easytorch-training - INFO - Epoch 72 / 100
2025-08-26 09:11:35,849 - easytorch-training - INFO - Result <train>: [train/time: 0.69 (s), train/lr: 7.50e-05, train/loss: 0.3886, train/MAE: 0.3886, train/MSE: 0.4969]
2025-08-26 09:11:35,850 - easytorch-training - INFO - Start validation.
2025-08-26 09:11:36,014 - easytorch-training - INFO - Result <val>: [val/time: 0.16 (s), val/loss: 0.3620, val/MAE: 0.3620, val/MSE: 0.2887]
2025-08-26 09:11:36,178 - easytorch-training - INFO - Result <test>: [test/time: 0.16 (s), test/loss: 0.4124, test/MAE: 0.4124, test/MSE: 0.3920]
2025-08-26 09:11:36,182 - easytorch-training - INFO - Checkpoint checkpoints/DLinear/ETTh2_100_336_192/c9ef36b84fe6f78fd8c9f9790bccd8f8/DLinear_072.pt saved
2025-08-26 09:11:36,182 - easytorch-training - INFO - The estimated training finish time is 2025-08-26 09:12:04
2025-08-26 09:11:36,182 - easytorch-training - INFO - Epoch 73 / 100
2025-08-26 09:11:36,897 - easytorch-training - INFO - Result <train>: [train/time: 0.71 (s), train/lr: 7.50e-05, train/loss: 0.3886, train/MAE: 0.3886, train/MSE: 0.4971]
2025-08-26 09:11:36,898 - easytorch-training - INFO - Start validation.
2025-08-26 09:11:37,058 - easytorch-training - INFO - Result <val>: [val/time: 0.16 (s), val/loss: 0.3631, val/MAE: 0.3631, val/MSE: 0.2897]
2025-08-26 09:11:37,224 - easytorch-training - INFO - Result <test>: [test/time: 0.17 (s), test/loss: 0.4135, test/MAE: 0.4135, test/MSE: 0.3933]
2025-08-26 09:11:37,228 - easytorch-training - INFO - Checkpoint checkpoints/DLinear/ETTh2_100_336_192/c9ef36b84fe6f78fd8c9f9790bccd8f8/DLinear_073.pt saved
2025-08-26 09:11:37,228 - easytorch-training - INFO - The estimated training finish time is 2025-08-26 09:12:05
2025-08-26 09:11:37,228 - easytorch-training - INFO - Epoch 74 / 100
2025-08-26 09:11:37,920 - easytorch-training - INFO - Result <train>: [train/time: 0.69 (s), train/lr: 7.50e-05, train/loss: 0.3885, train/MAE: 0.3885, train/MSE: 0.4971]
2025-08-26 09:11:37,921 - easytorch-training - INFO - Start validation.
2025-08-26 09:11:38,073 - easytorch-training - INFO - Result <val>: [val/time: 0.15 (s), val/loss: 0.3666, val/MAE: 0.3666, val/MSE: 0.2934]
2025-08-26 09:11:38,226 - easytorch-training - INFO - Result <test>: [test/time: 0.15 (s), test/loss: 0.4192, test/MAE: 0.4192, test/MSE: 0.4007]
2025-08-26 09:11:38,231 - easytorch-training - INFO - Checkpoint checkpoints/DLinear/ETTh2_100_336_192/c9ef36b84fe6f78fd8c9f9790bccd8f8/DLinear_074.pt saved
2025-08-26 09:11:38,232 - easytorch-training - INFO - The estimated training finish time is 2025-08-26 09:12:04
2025-08-26 09:11:38,232 - easytorch-training - INFO - Epoch 75 / 100
2025-08-26 09:11:38,940 - easytorch-training - INFO - Result <train>: [train/time: 0.71 (s), train/lr: 7.50e-05, train/loss: 0.3886, train/MAE: 0.3886, train/MSE: 0.4973]
2025-08-26 09:11:38,941 - easytorch-training - INFO - Start validation.
2025-08-26 09:11:39,100 - easytorch-training - INFO - Result <val>: [val/time: 0.16 (s), val/loss: 0.3640, val/MAE: 0.3640, val/MSE: 0.2908]
2025-08-26 09:11:39,260 - easytorch-training - INFO - Result <test>: [test/time: 0.16 (s), test/loss: 0.4156, test/MAE: 0.4156, test/MSE: 0.3962]
2025-08-26 09:11:39,264 - easytorch-training - INFO - Checkpoint checkpoints/DLinear/ETTh2_100_336_192/c9ef36b84fe6f78fd8c9f9790bccd8f8/DLinear_075.pt saved
2025-08-26 09:11:39,264 - easytorch-training - INFO - The estimated training finish time is 2025-08-26 09:12:04
2025-08-26 09:11:39,264 - easytorch-training - INFO - Epoch 76 / 100
2025-08-26 09:11:39,954 - easytorch-training - INFO - Result <train>: [train/time: 0.69 (s), train/lr: 7.50e-05, train/loss: 0.3886, train/MAE: 0.3886, train/MSE: 0.4972]
2025-08-26 09:11:39,955 - easytorch-training - INFO - Start validation.
2025-08-26 09:11:40,118 - easytorch-training - INFO - Result <val>: [val/time: 0.16 (s), val/loss: 0.3611, val/MAE: 0.3611, val/MSE: 0.2878]
2025-08-26 09:11:40,284 - easytorch-training - INFO - Result <test>: [test/time: 0.16 (s), test/loss: 0.4111, test/MAE: 0.4111, test/MSE: 0.3908]
2025-08-26 09:11:40,287 - easytorch-training - INFO - Checkpoint checkpoints/DLinear/ETTh2_100_336_192/c9ef36b84fe6f78fd8c9f9790bccd8f8/DLinear_076.pt saved
2025-08-26 09:11:40,287 - easytorch-training - INFO - The estimated training finish time is 2025-08-26 09:12:04
2025-08-26 09:11:40,287 - easytorch-training - INFO - Epoch 77 / 100
2025-08-26 09:11:40,989 - easytorch-training - INFO - Result <train>: [train/time: 0.70 (s), train/lr: 7.50e-05, train/loss: 0.3886, train/MAE: 0.3886, train/MSE: 0.4971]
2025-08-26 09:11:40,990 - easytorch-training - INFO - Start validation.
2025-08-26 09:11:41,151 - easytorch-training - INFO - Result <val>: [val/time: 0.16 (s), val/loss: 0.3601, val/MAE: 0.3601, val/MSE: 0.2872]
2025-08-26 09:11:41,311 - easytorch-training - INFO - Result <test>: [test/time: 0.16 (s), test/loss: 0.4080, test/MAE: 0.4080, test/MSE: 0.3866]
2025-08-26 09:11:41,318 - easytorch-training - INFO - Checkpoint checkpoints/DLinear/ETTh2_100_336_192/c9ef36b84fe6f78fd8c9f9790bccd8f8/DLinear_077.pt saved
2025-08-26 09:11:41,318 - easytorch-training - INFO - The estimated training finish time is 2025-08-26 09:12:04
2025-08-26 09:11:41,318 - easytorch-training - INFO - Epoch 78 / 100
2025-08-26 09:11:42,017 - easytorch-training - INFO - Result <train>: [train/time: 0.70 (s), train/lr: 7.50e-05, train/loss: 0.3886, train/MAE: 0.3886, train/MSE: 0.4970]
2025-08-26 09:11:42,018 - easytorch-training - INFO - Start validation.
2025-08-26 09:11:42,179 - easytorch-training - INFO - Result <val>: [val/time: 0.16 (s), val/loss: 0.3639, val/MAE: 0.3639, val/MSE: 0.2907]
2025-08-26 09:11:42,339 - easytorch-training - INFO - Result <test>: [test/time: 0.16 (s), test/loss: 0.4136, test/MAE: 0.4136, test/MSE: 0.3932]
2025-08-26 09:11:42,342 - easytorch-training - INFO - Checkpoint checkpoints/DLinear/ETTh2_100_336_192/c9ef36b84fe6f78fd8c9f9790bccd8f8/DLinear_078.pt saved
2025-08-26 09:11:42,343 - easytorch-training - INFO - The estimated training finish time is 2025-08-26 09:12:04
2025-08-26 09:11:42,343 - easytorch-training - INFO - Epoch 79 / 100
2025-08-26 09:11:43,054 - easytorch-training - INFO - Result <train>: [train/time: 0.71 (s), train/lr: 7.50e-05, train/loss: 0.3886, train/MAE: 0.3886, train/MSE: 0.4969]
2025-08-26 09:11:43,055 - easytorch-training - INFO - Start validation.
2025-08-26 09:11:43,218 - easytorch-training - INFO - Result <val>: [val/time: 0.16 (s), val/loss: 0.3631, val/MAE: 0.3631, val/MSE: 0.2895]
2025-08-26 09:11:43,379 - easytorch-training - INFO - Result <test>: [test/time: 0.16 (s), test/loss: 0.4149, test/MAE: 0.4149, test/MSE: 0.3949]
2025-08-26 09:11:43,386 - easytorch-training - INFO - Checkpoint checkpoints/DLinear/ETTh2_100_336_192/c9ef36b84fe6f78fd8c9f9790bccd8f8/DLinear_079.pt saved
2025-08-26 09:11:43,386 - easytorch-training - INFO - The estimated training finish time is 2025-08-26 09:12:04
2025-08-26 09:11:43,386 - easytorch-training - INFO - Epoch 80 / 100
2025-08-26 09:11:44,075 - easytorch-training - INFO - Result <train>: [train/time: 0.69 (s), train/lr: 7.50e-05, train/loss: 0.3886, train/MAE: 0.3886, train/MSE: 0.4975]
2025-08-26 09:11:44,076 - easytorch-training - INFO - Start validation.
2025-08-26 09:11:44,240 - easytorch-training - INFO - Result <val>: [val/time: 0.16 (s), val/loss: 0.3661, val/MAE: 0.3661, val/MSE: 0.2929]
2025-08-26 09:11:44,405 - easytorch-training - INFO - Result <test>: [test/time: 0.16 (s), test/loss: 0.4182, test/MAE: 0.4182, test/MSE: 0.3991]
2025-08-26 09:11:44,409 - easytorch-training - INFO - Checkpoint checkpoints/DLinear/ETTh2_100_336_192/c9ef36b84fe6f78fd8c9f9790bccd8f8/DLinear_080.pt saved
2025-08-26 09:11:44,411 - easytorch-training - INFO - The estimated training finish time is 2025-08-26 09:12:04
2025-08-26 09:11:44,411 - easytorch-training - INFO - Epoch 81 / 100
2025-08-26 09:11:45,110 - easytorch-training - INFO - Result <train>: [train/time: 0.70 (s), train/lr: 7.50e-05, train/loss: 0.3886, train/MAE: 0.3886, train/MSE: 0.4967]
2025-08-26 09:11:45,111 - easytorch-training - INFO - Start validation.
2025-08-26 09:11:45,270 - easytorch-training - INFO - Result <val>: [val/time: 0.16 (s), val/loss: 0.3633, val/MAE: 0.3633, val/MSE: 0.2901]
2025-08-26 09:11:45,428 - easytorch-training - INFO - Result <test>: [test/time: 0.16 (s), test/loss: 0.4120, test/MAE: 0.4120, test/MSE: 0.3913]
2025-08-26 09:11:45,432 - easytorch-training - INFO - Checkpoint checkpoints/DLinear/ETTh2_100_336_192/c9ef36b84fe6f78fd8c9f9790bccd8f8/DLinear_081.pt saved
2025-08-26 09:11:45,432 - easytorch-training - INFO - The estimated training finish time is 2025-08-26 09:12:04
2025-08-26 09:11:45,433 - easytorch-training - INFO - Epoch 82 / 100
2025-08-26 09:11:46,126 - easytorch-training - INFO - Result <train>: [train/time: 0.69 (s), train/lr: 7.50e-05, train/loss: 0.3886, train/MAE: 0.3886, train/MSE: 0.4970]
2025-08-26 09:11:46,127 - easytorch-training - INFO - Start validation.
2025-08-26 09:11:46,280 - easytorch-training - INFO - Result <val>: [val/time: 0.15 (s), val/loss: 0.3636, val/MAE: 0.3636, val/MSE: 0.2899]
2025-08-26 09:11:46,442 - easytorch-training - INFO - Result <test>: [test/time: 0.16 (s), test/loss: 0.4132, test/MAE: 0.4132, test/MSE: 0.3922]
2025-08-26 09:11:46,449 - easytorch-training - INFO - Checkpoint checkpoints/DLinear/ETTh2_100_336_192/c9ef36b84fe6f78fd8c9f9790bccd8f8/DLinear_082.pt saved
2025-08-26 09:11:46,449 - easytorch-training - INFO - The estimated training finish time is 2025-08-26 09:12:04
2025-08-26 09:11:46,449 - easytorch-training - INFO - Epoch 83 / 100
2025-08-26 09:11:47,164 - easytorch-training - INFO - Result <train>: [train/time: 0.71 (s), train/lr: 7.50e-05, train/loss: 0.3886, train/MAE: 0.3886, train/MSE: 0.4970]
2025-08-26 09:11:47,164 - easytorch-training - INFO - Start validation.
2025-08-26 09:11:47,321 - easytorch-training - INFO - Result <val>: [val/time: 0.16 (s), val/loss: 0.3622, val/MAE: 0.3622, val/MSE: 0.2890]
2025-08-26 09:11:47,483 - easytorch-training - INFO - Result <test>: [test/time: 0.16 (s), test/loss: 0.4118, test/MAE: 0.4118, test/MSE: 0.3915]
2025-08-26 09:11:47,486 - easytorch-training - INFO - Checkpoint checkpoints/DLinear/ETTh2_100_336_192/c9ef36b84fe6f78fd8c9f9790bccd8f8/DLinear_083.pt saved
2025-08-26 09:11:47,487 - easytorch-training - INFO - The estimated training finish time is 2025-08-26 09:12:04
2025-08-26 09:11:47,487 - easytorch-training - INFO - Epoch 84 / 100
2025-08-26 09:11:48,177 - easytorch-training - INFO - Result <train>: [train/time: 0.69 (s), train/lr: 7.50e-05, train/loss: 0.3886, train/MAE: 0.3886, train/MSE: 0.4973]
2025-08-26 09:11:48,178 - easytorch-training - INFO - Start validation.
2025-08-26 09:11:48,333 - easytorch-training - INFO - Result <val>: [val/time: 0.15 (s), val/loss: 0.3642, val/MAE: 0.3642, val/MSE: 0.2909]
2025-08-26 09:11:48,485 - easytorch-training - INFO - Result <test>: [test/time: 0.15 (s), test/loss: 0.4147, test/MAE: 0.4147, test/MSE: 0.3949]
2025-08-26 09:11:48,489 - easytorch-training - INFO - Checkpoint checkpoints/DLinear/ETTh2_100_336_192/c9ef36b84fe6f78fd8c9f9790bccd8f8/DLinear_084.pt saved
2025-08-26 09:11:48,489 - easytorch-training - INFO - The estimated training finish time is 2025-08-26 09:12:04
2025-08-26 09:11:48,489 - easytorch-training - INFO - Epoch 85 / 100
2025-08-26 09:11:49,202 - easytorch-training - INFO - Result <train>: [train/time: 0.71 (s), train/lr: 7.50e-05, train/loss: 0.3885, train/MAE: 0.3885, train/MSE: 0.4969]
2025-08-26 09:11:49,203 - easytorch-training - INFO - Start validation.
2025-08-26 09:11:49,367 - easytorch-training - INFO - Result <val>: [val/time: 0.16 (s), val/loss: 0.3628, val/MAE: 0.3628, val/MSE: 0.2896]
2025-08-26 09:11:49,532 - easytorch-training - INFO - Result <test>: [test/time: 0.16 (s), test/loss: 0.4127, test/MAE: 0.4127, test/MSE: 0.3924]
2025-08-26 09:11:49,537 - easytorch-training - INFO - Checkpoint checkpoints/DLinear/ETTh2_100_336_192/c9ef36b84fe6f78fd8c9f9790bccd8f8/DLinear_085.pt saved
2025-08-26 09:11:49,537 - easytorch-training - INFO - The estimated training finish time is 2025-08-26 09:12:04
2025-08-26 09:11:49,537 - easytorch-training - INFO - Epoch 86 / 100
2025-08-26 09:11:50,228 - easytorch-training - INFO - Result <train>: [train/time: 0.69 (s), train/lr: 7.50e-05, train/loss: 0.3886, train/MAE: 0.3886, train/MSE: 0.4972]
2025-08-26 09:11:50,229 - easytorch-training - INFO - Start validation.
2025-08-26 09:11:50,387 - easytorch-training - INFO - Result <val>: [val/time: 0.16 (s), val/loss: 0.3624, val/MAE: 0.3624, val/MSE: 0.2892]
2025-08-26 09:11:50,551 - easytorch-training - INFO - Result <test>: [test/time: 0.16 (s), test/loss: 0.4109, test/MAE: 0.4109, test/MSE: 0.3898]
2025-08-26 09:11:50,555 - easytorch-training - INFO - Checkpoint checkpoints/DLinear/ETTh2_100_336_192/c9ef36b84fe6f78fd8c9f9790bccd8f8/DLinear_086.pt saved
2025-08-26 09:11:50,555 - easytorch-training - INFO - The estimated training finish time is 2025-08-26 09:12:04
2025-08-26 09:11:50,555 - easytorch-training - INFO - Epoch 87 / 100
2025-08-26 09:11:51,266 - easytorch-training - INFO - Result <train>: [train/time: 0.71 (s), train/lr: 7.50e-05, train/loss: 0.3885, train/MAE: 0.3885, train/MSE: 0.4969]
2025-08-26 09:11:51,266 - easytorch-training - INFO - Start validation.
2025-08-26 09:11:51,422 - easytorch-training - INFO - Result <val>: [val/time: 0.16 (s), val/loss: 0.3622, val/MAE: 0.3622, val/MSE: 0.2892]
2025-08-26 09:11:51,588 - easytorch-training - INFO - Result <test>: [test/time: 0.17 (s), test/loss: 0.4120, test/MAE: 0.4120, test/MSE: 0.3920]
2025-08-26 09:11:51,592 - easytorch-training - INFO - Checkpoint checkpoints/DLinear/ETTh2_100_336_192/c9ef36b84fe6f78fd8c9f9790bccd8f8/DLinear_087.pt saved
2025-08-26 09:11:51,593 - easytorch-training - INFO - The estimated training finish time is 2025-08-26 09:12:04
2025-08-26 09:11:51,593 - easytorch-training - INFO - Epoch 88 / 100
2025-08-26 09:11:52,312 - easytorch-training - INFO - Result <train>: [train/time: 0.72 (s), train/lr: 7.50e-05, train/loss: 0.3886, train/MAE: 0.3886, train/MSE: 0.4973]
2025-08-26 09:11:52,313 - easytorch-training - INFO - Start validation.
2025-08-26 09:11:52,468 - easytorch-training - INFO - Result <val>: [val/time: 0.15 (s), val/loss: 0.3617, val/MAE: 0.3617, val/MSE: 0.2886]
2025-08-26 09:11:52,627 - easytorch-training - INFO - Result <test>: [test/time: 0.16 (s), test/loss: 0.4110, test/MAE: 0.4110, test/MSE: 0.3903]
2025-08-26 09:11:52,632 - easytorch-training - INFO - Checkpoint checkpoints/DLinear/ETTh2_100_336_192/c9ef36b84fe6f78fd8c9f9790bccd8f8/DLinear_088.pt saved
2025-08-26 09:11:52,632 - easytorch-training - INFO - The estimated training finish time is 2025-08-26 09:12:04
2025-08-26 09:11:52,632 - easytorch-training - INFO - Epoch 89 / 100
2025-08-26 09:11:53,355 - easytorch-training - INFO - Result <train>: [train/time: 0.72 (s), train/lr: 7.50e-05, train/loss: 0.3885, train/MAE: 0.3885, train/MSE: 0.4970]
2025-08-26 09:11:53,356 - easytorch-training - INFO - Start validation.
2025-08-26 09:11:53,510 - easytorch-training - INFO - Result <val>: [val/time: 0.15 (s), val/loss: 0.3645, val/MAE: 0.3645, val/MSE: 0.2911]
2025-08-26 09:11:53,665 - easytorch-training - INFO - Result <test>: [test/time: 0.15 (s), test/loss: 0.4141, test/MAE: 0.4141, test/MSE: 0.3935]
2025-08-26 09:11:53,668 - easytorch-training - INFO - Checkpoint checkpoints/DLinear/ETTh2_100_336_192/c9ef36b84fe6f78fd8c9f9790bccd8f8/DLinear_089.pt saved
2025-08-26 09:11:53,669 - easytorch-training - INFO - The estimated training finish time is 2025-08-26 09:12:04
2025-08-26 09:11:53,669 - easytorch-training - INFO - Epoch 90 / 100
2025-08-26 09:11:54,359 - easytorch-training - INFO - Result <train>: [train/time: 0.69 (s), train/lr: 7.50e-05, train/loss: 0.3885, train/MAE: 0.3885, train/MSE: 0.4970]
2025-08-26 09:11:54,360 - easytorch-training - INFO - Start validation.
2025-08-26 09:11:54,519 - easytorch-training - INFO - Result <val>: [val/time: 0.16 (s), val/loss: 0.3606, val/MAE: 0.3606, val/MSE: 0.2874]
2025-08-26 09:11:54,678 - easytorch-training - INFO - Result <test>: [test/time: 0.16 (s), test/loss: 0.4099, test/MAE: 0.4099, test/MSE: 0.3893]
2025-08-26 09:11:54,685 - easytorch-training - INFO - Checkpoint checkpoints/DLinear/ETTh2_100_336_192/c9ef36b84fe6f78fd8c9f9790bccd8f8/DLinear_090.pt saved
2025-08-26 09:11:54,687 - easytorch-training - INFO - The estimated training finish time is 2025-08-26 09:12:04
2025-08-26 09:11:54,688 - easytorch-training - INFO - Epoch 91 / 100
2025-08-26 09:11:55,384 - easytorch-training - INFO - Result <train>: [train/time: 0.70 (s), train/lr: 7.50e-05, train/loss: 0.3885, train/MAE: 0.3885, train/MSE: 0.4972]
2025-08-26 09:11:55,385 - easytorch-training - INFO - Start validation.
2025-08-26 09:11:55,549 - easytorch-training - INFO - Result <val>: [val/time: 0.16 (s), val/loss: 0.3643, val/MAE: 0.3643, val/MSE: 0.2908]
2025-08-26 09:11:55,705 - easytorch-training - INFO - Result <test>: [test/time: 0.16 (s), test/loss: 0.4144, test/MAE: 0.4144, test/MSE: 0.3939]
2025-08-26 09:11:55,709 - easytorch-training - INFO - Checkpoint checkpoints/DLinear/ETTh2_100_336_192/c9ef36b84fe6f78fd8c9f9790bccd8f8/DLinear_091.pt saved
2025-08-26 09:11:55,709 - easytorch-training - INFO - The estimated training finish time is 2025-08-26 09:12:04
2025-08-26 09:11:55,709 - easytorch-training - INFO - Epoch 92 / 100
2025-08-26 09:11:56,390 - easytorch-training - INFO - Result <train>: [train/time: 0.68 (s), train/lr: 7.50e-05, train/loss: 0.3886, train/MAE: 0.3886, train/MSE: 0.4967]
2025-08-26 09:11:56,391 - easytorch-training - INFO - Start validation.
2025-08-26 09:11:56,568 - easytorch-training - INFO - Result <val>: [val/time: 0.18 (s), val/loss: 0.3610, val/MAE: 0.3610, val/MSE: 0.2879]
2025-08-26 09:11:56,735 - easytorch-training - INFO - Result <test>: [test/time: 0.17 (s), test/loss: 0.4107, test/MAE: 0.4107, test/MSE: 0.3905]
2025-08-26 09:11:56,740 - easytorch-training - INFO - Checkpoint checkpoints/DLinear/ETTh2_100_336_192/c9ef36b84fe6f78fd8c9f9790bccd8f8/DLinear_092.pt saved
2025-08-26 09:11:56,740 - easytorch-training - INFO - The estimated training finish time is 2025-08-26 09:12:04
2025-08-26 09:11:56,740 - easytorch-training - INFO - Epoch 93 / 100
2025-08-26 09:11:57,435 - easytorch-training - INFO - Result <train>: [train/time: 0.70 (s), train/lr: 7.50e-05, train/loss: 0.3886, train/MAE: 0.3886, train/MSE: 0.4977]
2025-08-26 09:11:57,436 - easytorch-training - INFO - Start validation.
2025-08-26 09:11:57,607 - easytorch-training - INFO - Result <val>: [val/time: 0.17 (s), val/loss: 0.3620, val/MAE: 0.3620, val/MSE: 0.2885]
2025-08-26 09:11:57,771 - easytorch-training - INFO - Result <test>: [test/time: 0.16 (s), test/loss: 0.4117, test/MAE: 0.4117, test/MSE: 0.3911]
2025-08-26 09:11:57,775 - easytorch-training - INFO - Checkpoint checkpoints/DLinear/ETTh2_100_336_192/c9ef36b84fe6f78fd8c9f9790bccd8f8/DLinear_093.pt saved
2025-08-26 09:11:57,775 - easytorch-training - INFO - The estimated training finish time is 2025-08-26 09:12:04
2025-08-26 09:11:57,775 - easytorch-training - INFO - Epoch 94 / 100
2025-08-26 09:11:58,477 - easytorch-training - INFO - Result <train>: [train/time: 0.70 (s), train/lr: 7.50e-05, train/loss: 0.3886, train/MAE: 0.3886, train/MSE: 0.4967]
2025-08-26 09:11:58,478 - easytorch-training - INFO - Start validation.
2025-08-26 09:11:58,640 - easytorch-training - INFO - Result <val>: [val/time: 0.16 (s), val/loss: 0.3624, val/MAE: 0.3624, val/MSE: 0.2887]
2025-08-26 09:11:58,807 - easytorch-training - INFO - Result <test>: [test/time: 0.17 (s), test/loss: 0.4116, test/MAE: 0.4116, test/MSE: 0.3907]
2025-08-26 09:11:58,811 - easytorch-training - INFO - Checkpoint checkpoints/DLinear/ETTh2_100_336_192/c9ef36b84fe6f78fd8c9f9790bccd8f8/DLinear_094.pt saved
2025-08-26 09:11:58,811 - easytorch-training - INFO - The estimated training finish time is 2025-08-26 09:12:04
2025-08-26 09:11:58,811 - easytorch-training - INFO - Epoch 95 / 100
2025-08-26 09:11:59,515 - easytorch-training - INFO - Result <train>: [train/time: 0.70 (s), train/lr: 7.50e-05, train/loss: 0.3886, train/MAE: 0.3886, train/MSE: 0.4968]
2025-08-26 09:11:59,516 - easytorch-training - INFO - Start validation.
2025-08-26 09:11:59,677 - easytorch-training - INFO - Result <val>: [val/time: 0.16 (s), val/loss: 0.3600, val/MAE: 0.3600, val/MSE: 0.2871]
2025-08-26 09:11:59,842 - easytorch-training - INFO - Result <test>: [test/time: 0.16 (s), test/loss: 0.4095, test/MAE: 0.4095, test/MSE: 0.3896]
2025-08-26 09:11:59,845 - easytorch-training - INFO - Checkpoint checkpoints/DLinear/ETTh2_100_336_192/c9ef36b84fe6f78fd8c9f9790bccd8f8/DLinear_095.pt saved
2025-08-26 09:11:59,846 - easytorch-training - INFO - The estimated training finish time is 2025-08-26 09:12:04
2025-08-26 09:11:59,846 - easytorch-training - INFO - Epoch 96 / 100
2025-08-26 09:12:00,531 - easytorch-training - INFO - Result <train>: [train/time: 0.69 (s), train/lr: 7.50e-05, train/loss: 0.3885, train/MAE: 0.3885, train/MSE: 0.4974]
2025-08-26 09:12:00,532 - easytorch-training - INFO - Start validation.
2025-08-26 09:12:00,685 - easytorch-training - INFO - Result <val>: [val/time: 0.15 (s), val/loss: 0.3626, val/MAE: 0.3626, val/MSE: 0.2896]
2025-08-26 09:12:00,838 - easytorch-training - INFO - Result <test>: [test/time: 0.15 (s), test/loss: 0.4128, test/MAE: 0.4128, test/MSE: 0.3933]
2025-08-26 09:12:00,845 - easytorch-training - INFO - Checkpoint checkpoints/DLinear/ETTh2_100_336_192/c9ef36b84fe6f78fd8c9f9790bccd8f8/DLinear_096.pt saved
2025-08-26 09:12:00,845 - easytorch-training - INFO - The estimated training finish time is 2025-08-26 09:12:04
2025-08-26 09:12:00,845 - easytorch-training - INFO - Epoch 97 / 100
2025-08-26 09:12:01,538 - easytorch-training - INFO - Result <train>: [train/time: 0.69 (s), train/lr: 7.50e-05, train/loss: 0.3885, train/MAE: 0.3885, train/MSE: 0.4973]
2025-08-26 09:12:01,539 - easytorch-training - INFO - Start validation.
2025-08-26 09:12:01,707 - easytorch-training - INFO - Result <val>: [val/time: 0.17 (s), val/loss: 0.3623, val/MAE: 0.3623, val/MSE: 0.2892]
2025-08-26 09:12:01,860 - easytorch-training - INFO - Result <test>: [test/time: 0.15 (s), test/loss: 0.4094, test/MAE: 0.4094, test/MSE: 0.3880]
2025-08-26 09:12:01,864 - easytorch-training - INFO - Checkpoint checkpoints/DLinear/ETTh2_100_336_192/c9ef36b84fe6f78fd8c9f9790bccd8f8/DLinear_097.pt saved
2025-08-26 09:12:01,864 - easytorch-training - INFO - The estimated training finish time is 2025-08-26 09:12:04
2025-08-26 09:12:01,864 - easytorch-training - INFO - Epoch 98 / 100
2025-08-26 09:12:02,558 - easytorch-training - INFO - Result <train>: [train/time: 0.69 (s), train/lr: 7.50e-05, train/loss: 0.3886, train/MAE: 0.3886, train/MSE: 0.4971]
2025-08-26 09:12:02,559 - easytorch-training - INFO - Start validation.
2025-08-26 09:12:02,718 - easytorch-training - INFO - Result <val>: [val/time: 0.16 (s), val/loss: 0.3628, val/MAE: 0.3628, val/MSE: 0.2891]
2025-08-26 09:12:02,873 - easytorch-training - INFO - Result <test>: [test/time: 0.15 (s), test/loss: 0.4116, test/MAE: 0.4116, test/MSE: 0.3901]
2025-08-26 09:12:02,878 - easytorch-training - INFO - Checkpoint checkpoints/DLinear/ETTh2_100_336_192/c9ef36b84fe6f78fd8c9f9790bccd8f8/DLinear_098.pt saved
2025-08-26 09:12:02,878 - easytorch-training - INFO - The estimated training finish time is 2025-08-26 09:12:04
2025-08-26 09:12:02,878 - easytorch-training - INFO - Epoch 99 / 100
2025-08-26 09:12:03,578 - easytorch-training - INFO - Result <train>: [train/time: 0.70 (s), train/lr: 7.50e-05, train/loss: 0.3887, train/MAE: 0.3887, train/MSE: 0.4969]
2025-08-26 09:12:03,579 - easytorch-training - INFO - Start validation.
2025-08-26 09:12:03,755 - easytorch-training - INFO - Result <val>: [val/time: 0.18 (s), val/loss: 0.3622, val/MAE: 0.3622, val/MSE: 0.2893]
2025-08-26 09:12:03,910 - easytorch-training - INFO - Result <test>: [test/time: 0.15 (s), test/loss: 0.4111, test/MAE: 0.4111, test/MSE: 0.3909]
2025-08-26 09:12:03,914 - easytorch-training - INFO - Checkpoint checkpoints/DLinear/ETTh2_100_336_192/c9ef36b84fe6f78fd8c9f9790bccd8f8/DLinear_099.pt saved
2025-08-26 09:12:03,914 - easytorch-training - INFO - The estimated training finish time is 2025-08-26 09:12:04
2025-08-26 09:12:03,914 - easytorch-training - INFO - Epoch 100 / 100
2025-08-26 09:12:04,600 - easytorch-training - INFO - Result <train>: [train/time: 0.69 (s), train/lr: 7.50e-05, train/loss: 0.3885, train/MAE: 0.3885, train/MSE: 0.4972]
2025-08-26 09:12:04,601 - easytorch-training - INFO - Start validation.
2025-08-26 09:12:04,759 - easytorch-training - INFO - Result <val>: [val/time: 0.16 (s), val/loss: 0.3614, val/MAE: 0.3614, val/MSE: 0.2884]
2025-08-26 09:12:04,918 - easytorch-training - INFO - Result <test>: [test/time: 0.16 (s), test/loss: 0.4115, test/MAE: 0.4115, test/MSE: 0.3916]
2025-08-26 09:12:04,922 - easytorch-training - INFO - Checkpoint checkpoints/DLinear/ETTh2_100_336_192/c9ef36b84fe6f78fd8c9f9790bccd8f8/DLinear_100.pt saved
2025-08-26 09:12:04,924 - easytorch-training - INFO - The training finished at 2025-08-26 09:12:04
2025-08-26 09:12:04,925 - easytorch-training - INFO - Evaluating the best model on the test set.
2025-08-26 09:12:04,925 - easytorch-training - INFO - Loading Checkpoint from 'checkpoints/DLinear/ETTh2_100_336_192/c9ef36b84fe6f78fd8c9f9790bccd8f8/DLinear_best_val_MAE.pt'
2025-08-26 09:12:05,088 - easytorch-training - INFO - Result <test>: [test/time: 0.16 (s), test/loss: 0.4084, test/MAE: 0.4084, test/MSE: 0.3885]
2025-08-26 09:12:05,089 - easytorch-training - INFO - Test metrics saved to checkpoints/DLinear/ETTh2_100_336_192/c9ef36b84fe6f78fd8c9f9790bccd8f8/test_metrics.json.
