2025-08-25 16:54:03,466 - easytorch-training - INFO - Initializing training.
2025-08-25 16:54:03,466 - easytorch-training - INFO - Set clip grad, param: {'max_norm': 5.0}
2025-08-25 16:54:03,466 - easytorch-training - INFO - Building training data loader.
2025-08-25 16:54:03,467 - easytorch-training - INFO - Train dataset length: 7585
2025-08-25 16:54:04,356 - easytorch-training - INFO - Set optim: Adam (
Parameter Group 0
    amsgrad: False
    betas: (0.9, 0.999)
    capturable: False
    differentiable: False
    eps: 1e-08
    foreach: None
    fused: None
    lr: 0.0002
    maximize: False
    weight_decay: 0.0001
)
2025-08-25 16:54:04,357 - easytorch-training - INFO - Set lr_scheduler: <torch.optim.lr_scheduler.MultiStepLR object at 0x7f25bf7662f0>
2025-08-25 16:54:04,358 - easytorch-training - INFO - Initializing validation.
2025-08-25 16:54:04,358 - easytorch-training - INFO - Building val data loader.
2025-08-25 16:54:04,358 - easytorch-training - INFO - Validation dataset length: 1825
2025-08-25 16:54:04,359 - easytorch-training - INFO - Test dataset length: 1825
2025-08-25 16:54:04,360 - easytorch-training - INFO - Number of parameters: 501680
2025-08-25 16:54:04,360 - easytorch-training - INFO - Epoch 1 / 100
2025-08-25 16:54:08,636 - easytorch-training - INFO - Result <train>: [train/time: 4.28 (s), train/lr: 2.00e-04, train/loss: 0.5936, train/MAE: 0.5936, train/MSE: 0.6791]
2025-08-25 16:54:08,636 - easytorch-training - INFO - Start validation.
2025-08-25 16:54:09,085 - easytorch-training - INFO - Result <val>: [val/time: 0.45 (s), val/loss: 0.8144, val/MAE: 0.8144, val/MSE: 1.3607]
2025-08-25 16:54:09,106 - easytorch-training - INFO - Checkpoint checkpoints/PatchTST/ETTh1_100_336_720/3e146b316f5be4a37d879a267e804e07/PatchTST_best_val_MAE.pt saved
2025-08-25 16:54:09,562 - easytorch-training - INFO - Result <test>: [test/time: 0.46 (s), test/loss: 0.4689, test/MAE: 0.4689, test/MSE: 0.4624]
2025-08-25 16:54:09,580 - easytorch-training - INFO - Checkpoint checkpoints/PatchTST/ETTh1_100_336_720/3e146b316f5be4a37d879a267e804e07/PatchTST_001.pt saved
2025-08-25 16:54:09,580 - easytorch-training - INFO - The estimated training finish time is 2025-08-25 17:02:46
2025-08-25 16:54:09,580 - easytorch-training - INFO - Epoch 2 / 100
2025-08-25 16:54:13,427 - easytorch-training - INFO - Result <train>: [train/time: 3.85 (s), train/lr: 1.00e-04, train/loss: 0.5523, train/MAE: 0.5523, train/MSE: 0.6035]
2025-08-25 16:54:13,427 - easytorch-training - INFO - Start validation.
2025-08-25 16:54:13,849 - easytorch-training - INFO - Result <val>: [val/time: 0.42 (s), val/loss: 0.8092, val/MAE: 0.8092, val/MSE: 1.3497]
2025-08-25 16:54:13,867 - easytorch-training - INFO - Checkpoint checkpoints/PatchTST/ETTh1_100_336_720/3e146b316f5be4a37d879a267e804e07/PatchTST_best_val_MAE.pt saved
2025-08-25 16:54:14,287 - easytorch-training - INFO - Result <test>: [test/time: 0.42 (s), test/loss: 0.4633, test/MAE: 0.4633, test/MSE: 0.4564]
2025-08-25 16:54:14,306 - easytorch-training - INFO - Checkpoint checkpoints/PatchTST/ETTh1_100_336_720/3e146b316f5be4a37d879a267e804e07/PatchTST_002.pt saved
2025-08-25 16:54:14,307 - easytorch-training - INFO - The estimated training finish time is 2025-08-25 17:02:21
2025-08-25 16:54:14,307 - easytorch-training - INFO - Epoch 3 / 100
2025-08-25 16:54:18,132 - easytorch-training - INFO - Result <train>: [train/time: 3.83 (s), train/lr: 1.00e-04, train/loss: 0.5461, train/MAE: 0.5461, train/MSE: 0.5939]
2025-08-25 16:54:18,133 - easytorch-training - INFO - Start validation.
2025-08-25 16:54:18,567 - easytorch-training - INFO - Result <val>: [val/time: 0.43 (s), val/loss: 0.8062, val/MAE: 0.8062, val/MSE: 1.3448]
2025-08-25 16:54:18,587 - easytorch-training - INFO - Checkpoint checkpoints/PatchTST/ETTh1_100_336_720/3e146b316f5be4a37d879a267e804e07/PatchTST_best_val_MAE.pt saved
2025-08-25 16:54:19,028 - easytorch-training - INFO - Result <test>: [test/time: 0.44 (s), test/loss: 0.4623, test/MAE: 0.4623, test/MSE: 0.4577]
2025-08-25 16:54:19,047 - easytorch-training - INFO - Checkpoint checkpoints/PatchTST/ETTh1_100_336_720/3e146b316f5be4a37d879a267e804e07/PatchTST_003.pt saved
2025-08-25 16:54:19,047 - easytorch-training - INFO - The estimated training finish time is 2025-08-25 17:02:13
2025-08-25 16:54:19,047 - easytorch-training - INFO - Epoch 4 / 100
2025-08-25 16:54:22,849 - easytorch-training - INFO - Result <train>: [train/time: 3.80 (s), train/lr: 1.00e-04, train/loss: 0.5423, train/MAE: 0.5423, train/MSE: 0.5872]
2025-08-25 16:54:22,850 - easytorch-training - INFO - Start validation.
2025-08-25 16:54:23,287 - easytorch-training - INFO - Result <val>: [val/time: 0.44 (s), val/loss: 0.8103, val/MAE: 0.8103, val/MSE: 1.3654]
2025-08-25 16:54:23,737 - easytorch-training - INFO - Result <test>: [test/time: 0.45 (s), test/loss: 0.4635, test/MAE: 0.4635, test/MSE: 0.4622]
2025-08-25 16:54:23,756 - easytorch-training - INFO - Checkpoint checkpoints/PatchTST/ETTh1_100_336_720/3e146b316f5be4a37d879a267e804e07/PatchTST_004.pt saved
2025-08-25 16:54:23,756 - easytorch-training - INFO - The estimated training finish time is 2025-08-25 17:02:09
2025-08-25 16:54:23,756 - easytorch-training - INFO - Epoch 5 / 100
2025-08-25 16:54:27,568 - easytorch-training - INFO - Result <train>: [train/time: 3.81 (s), train/lr: 1.00e-04, train/loss: 0.5394, train/MAE: 0.5394, train/MSE: 0.5824]
2025-08-25 16:54:27,569 - easytorch-training - INFO - Start validation.
2025-08-25 16:54:28,009 - easytorch-training - INFO - Result <val>: [val/time: 0.44 (s), val/loss: 0.8116, val/MAE: 0.8116, val/MSE: 1.3749]
2025-08-25 16:54:28,459 - easytorch-training - INFO - Result <test>: [test/time: 0.45 (s), test/loss: 0.4647, test/MAE: 0.4647, test/MSE: 0.4665]
2025-08-25 16:54:28,478 - easytorch-training - INFO - Checkpoint checkpoints/PatchTST/ETTh1_100_336_720/3e146b316f5be4a37d879a267e804e07/PatchTST_005.pt saved
2025-08-25 16:54:28,478 - easytorch-training - INFO - The estimated training finish time is 2025-08-25 17:02:06
2025-08-25 16:54:28,478 - easytorch-training - INFO - Epoch 6 / 100
2025-08-25 16:54:32,309 - easytorch-training - INFO - Result <train>: [train/time: 3.83 (s), train/lr: 1.00e-04, train/loss: 0.5373, train/MAE: 0.5373, train/MSE: 0.5789]
2025-08-25 16:54:32,310 - easytorch-training - INFO - Start validation.
2025-08-25 16:54:32,744 - easytorch-training - INFO - Result <val>: [val/time: 0.43 (s), val/loss: 0.8129, val/MAE: 0.8129, val/MSE: 1.3834]
2025-08-25 16:54:33,190 - easytorch-training - INFO - Result <test>: [test/time: 0.45 (s), test/loss: 0.4646, test/MAE: 0.4646, test/MSE: 0.4678]
2025-08-25 16:54:33,210 - easytorch-training - INFO - Checkpoint checkpoints/PatchTST/ETTh1_100_336_720/3e146b316f5be4a37d879a267e804e07/PatchTST_006.pt saved
2025-08-25 16:54:33,210 - easytorch-training - INFO - The estimated training finish time is 2025-08-25 17:02:05
2025-08-25 16:54:33,210 - easytorch-training - INFO - Epoch 7 / 100
2025-08-25 16:54:37,017 - easytorch-training - INFO - Result <train>: [train/time: 3.81 (s), train/lr: 1.00e-04, train/loss: 0.5355, train/MAE: 0.5355, train/MSE: 0.5754]
2025-08-25 16:54:37,018 - easytorch-training - INFO - Start validation.
2025-08-25 16:54:37,469 - easytorch-training - INFO - Result <val>: [val/time: 0.45 (s), val/loss: 0.8162, val/MAE: 0.8162, val/MSE: 1.3998]
2025-08-25 16:54:37,921 - easytorch-training - INFO - Result <test>: [test/time: 0.45 (s), test/loss: 0.4652, test/MAE: 0.4652, test/MSE: 0.4706]
2025-08-25 16:54:37,940 - easytorch-training - INFO - Checkpoint checkpoints/PatchTST/ETTh1_100_336_720/3e146b316f5be4a37d879a267e804e07/PatchTST_007.pt saved
2025-08-25 16:54:37,940 - easytorch-training - INFO - The estimated training finish time is 2025-08-25 17:02:04
2025-08-25 16:54:37,940 - easytorch-training - INFO - Epoch 8 / 100
2025-08-25 16:54:41,757 - easytorch-training - INFO - Result <train>: [train/time: 3.82 (s), train/lr: 1.00e-04, train/loss: 0.5342, train/MAE: 0.5342, train/MSE: 0.5732]
2025-08-25 16:54:41,757 - easytorch-training - INFO - Start validation.
2025-08-25 16:54:42,194 - easytorch-training - INFO - Result <val>: [val/time: 0.44 (s), val/loss: 0.8149, val/MAE: 0.8149, val/MSE: 1.3972]
2025-08-25 16:54:42,646 - easytorch-training - INFO - Result <test>: [test/time: 0.45 (s), test/loss: 0.4635, test/MAE: 0.4635, test/MSE: 0.4707]
2025-08-25 16:54:42,665 - easytorch-training - INFO - Checkpoint checkpoints/PatchTST/ETTh1_100_336_720/3e146b316f5be4a37d879a267e804e07/PatchTST_008.pt saved
2025-08-25 16:54:42,665 - easytorch-training - INFO - The estimated training finish time is 2025-08-25 17:02:03
2025-08-25 16:54:42,665 - easytorch-training - INFO - Epoch 9 / 100
2025-08-25 16:54:46,511 - easytorch-training - INFO - Result <train>: [train/time: 3.85 (s), train/lr: 1.00e-04, train/loss: 0.5328, train/MAE: 0.5328, train/MSE: 0.5703]
2025-08-25 16:54:46,512 - easytorch-training - INFO - Start validation.
2025-08-25 16:54:46,952 - easytorch-training - INFO - Result <val>: [val/time: 0.44 (s), val/loss: 0.8184, val/MAE: 0.8184, val/MSE: 1.4109]
2025-08-25 16:54:47,363 - easytorch-training - INFO - Result <test>: [test/time: 0.41 (s), test/loss: 0.4631, test/MAE: 0.4631, test/MSE: 0.4710]
2025-08-25 16:54:47,381 - easytorch-training - INFO - Checkpoint checkpoints/PatchTST/ETTh1_100_336_720/3e146b316f5be4a37d879a267e804e07/PatchTST_009.pt saved
2025-08-25 16:54:47,382 - easytorch-training - INFO - The estimated training finish time is 2025-08-25 17:02:02
2025-08-25 16:54:47,382 - easytorch-training - INFO - Epoch 10 / 100
2025-08-25 16:54:51,175 - easytorch-training - INFO - Result <train>: [train/time: 3.79 (s), train/lr: 1.00e-04, train/loss: 0.5314, train/MAE: 0.5314, train/MSE: 0.5684]
2025-08-25 16:54:51,176 - easytorch-training - INFO - Start validation.
2025-08-25 16:54:51,613 - easytorch-training - INFO - Result <val>: [val/time: 0.44 (s), val/loss: 0.8155, val/MAE: 0.8155, val/MSE: 1.4033]
2025-08-25 16:54:52,064 - easytorch-training - INFO - Result <test>: [test/time: 0.45 (s), test/loss: 0.4650, test/MAE: 0.4650, test/MSE: 0.4742]
2025-08-25 16:54:52,086 - easytorch-training - INFO - Checkpoint checkpoints/PatchTST/ETTh1_100_336_720/3e146b316f5be4a37d879a267e804e07/PatchTST_010.pt saved
2025-08-25 16:54:52,090 - easytorch-training - INFO - The estimated training finish time is 2025-08-25 17:02:01
2025-08-25 16:54:52,090 - easytorch-training - INFO - Epoch 11 / 100
2025-08-25 16:54:55,908 - easytorch-training - INFO - Result <train>: [train/time: 3.82 (s), train/lr: 1.00e-04, train/loss: 0.5302, train/MAE: 0.5302, train/MSE: 0.5654]
2025-08-25 16:54:55,909 - easytorch-training - INFO - Start validation.
2025-08-25 16:54:56,353 - easytorch-training - INFO - Result <val>: [val/time: 0.44 (s), val/loss: 0.8193, val/MAE: 0.8193, val/MSE: 1.4182]
2025-08-25 16:54:56,811 - easytorch-training - INFO - Result <test>: [test/time: 0.46 (s), test/loss: 0.4639, test/MAE: 0.4639, test/MSE: 0.4738]
2025-08-25 16:54:56,833 - easytorch-training - INFO - Checkpoint checkpoints/PatchTST/ETTh1_100_336_720/3e146b316f5be4a37d879a267e804e07/PatchTST_011.pt saved
2025-08-25 16:54:56,833 - easytorch-training - INFO - The estimated training finish time is 2025-08-25 17:02:01
2025-08-25 16:54:56,833 - easytorch-training - INFO - Epoch 12 / 100
2025-08-25 16:55:00,623 - easytorch-training - INFO - Result <train>: [train/time: 3.79 (s), train/lr: 1.00e-04, train/loss: 0.5293, train/MAE: 0.5293, train/MSE: 0.5632]
2025-08-25 16:55:00,624 - easytorch-training - INFO - Start validation.
2025-08-25 16:55:01,068 - easytorch-training - INFO - Result <val>: [val/time: 0.44 (s), val/loss: 0.8225, val/MAE: 0.8225, val/MSE: 1.4345]
2025-08-25 16:55:01,513 - easytorch-training - INFO - Result <test>: [test/time: 0.44 (s), test/loss: 0.4641, test/MAE: 0.4641, test/MSE: 0.4761]
2025-08-25 16:55:01,533 - easytorch-training - INFO - Checkpoint checkpoints/PatchTST/ETTh1_100_336_720/3e146b316f5be4a37d879a267e804e07/PatchTST_012.pt saved
2025-08-25 16:55:01,533 - easytorch-training - INFO - The estimated training finish time is 2025-08-25 17:02:00
2025-08-25 16:55:01,533 - easytorch-training - INFO - Epoch 13 / 100
2025-08-25 16:55:05,357 - easytorch-training - INFO - Result <train>: [train/time: 3.82 (s), train/lr: 1.00e-04, train/loss: 0.5280, train/MAE: 0.5280, train/MSE: 0.5608]
2025-08-25 16:55:05,358 - easytorch-training - INFO - Start validation.
2025-08-25 16:55:05,796 - easytorch-training - INFO - Result <val>: [val/time: 0.44 (s), val/loss: 0.8199, val/MAE: 0.8199, val/MSE: 1.4212]
2025-08-25 16:55:06,231 - easytorch-training - INFO - Result <test>: [test/time: 0.43 (s), test/loss: 0.4638, test/MAE: 0.4638, test/MSE: 0.4735]
2025-08-25 16:55:06,250 - easytorch-training - INFO - Checkpoint checkpoints/PatchTST/ETTh1_100_336_720/3e146b316f5be4a37d879a267e804e07/PatchTST_013.pt saved
2025-08-25 16:55:06,250 - easytorch-training - INFO - The estimated training finish time is 2025-08-25 17:02:00
2025-08-25 16:55:06,250 - easytorch-training - INFO - Epoch 14 / 100
2025-08-25 16:55:10,067 - easytorch-training - INFO - Result <train>: [train/time: 3.82 (s), train/lr: 1.00e-04, train/loss: 0.5268, train/MAE: 0.5268, train/MSE: 0.5583]
2025-08-25 16:55:10,067 - easytorch-training - INFO - Start validation.
2025-08-25 16:55:10,473 - easytorch-training - INFO - Result <val>: [val/time: 0.41 (s), val/loss: 0.8199, val/MAE: 0.8199, val/MSE: 1.4177]
2025-08-25 16:55:10,907 - easytorch-training - INFO - Result <test>: [test/time: 0.43 (s), test/loss: 0.4648, test/MAE: 0.4648, test/MSE: 0.4745]
2025-08-25 16:55:10,926 - easytorch-training - INFO - Checkpoint checkpoints/PatchTST/ETTh1_100_336_720/3e146b316f5be4a37d879a267e804e07/PatchTST_014.pt saved
2025-08-25 16:55:10,926 - easytorch-training - INFO - The estimated training finish time is 2025-08-25 17:01:59
2025-08-25 16:55:10,926 - easytorch-training - INFO - Epoch 15 / 100
2025-08-25 16:55:14,727 - easytorch-training - INFO - Result <train>: [train/time: 3.80 (s), train/lr: 1.00e-04, train/loss: 0.5257, train/MAE: 0.5257, train/MSE: 0.5554]
2025-08-25 16:55:14,727 - easytorch-training - INFO - Start validation.
2025-08-25 16:55:15,179 - easytorch-training - INFO - Result <val>: [val/time: 0.45 (s), val/loss: 0.8232, val/MAE: 0.8232, val/MSE: 1.4293]
2025-08-25 16:55:15,642 - easytorch-training - INFO - Result <test>: [test/time: 0.46 (s), test/loss: 0.4654, test/MAE: 0.4654, test/MSE: 0.4749]
2025-08-25 16:55:15,661 - easytorch-training - INFO - Checkpoint checkpoints/PatchTST/ETTh1_100_336_720/3e146b316f5be4a37d879a267e804e07/PatchTST_015.pt saved
2025-08-25 16:55:15,661 - easytorch-training - INFO - The estimated training finish time is 2025-08-25 17:01:59
2025-08-25 16:55:15,661 - easytorch-training - INFO - Epoch 16 / 100
2025-08-25 16:55:19,486 - easytorch-training - INFO - Result <train>: [train/time: 3.82 (s), train/lr: 1.00e-04, train/loss: 0.5244, train/MAE: 0.5244, train/MSE: 0.5524]
2025-08-25 16:55:19,488 - easytorch-training - INFO - Start validation.
2025-08-25 16:55:19,937 - easytorch-training - INFO - Result <val>: [val/time: 0.45 (s), val/loss: 0.8258, val/MAE: 0.8258, val/MSE: 1.4386]
2025-08-25 16:55:20,410 - easytorch-training - INFO - Result <test>: [test/time: 0.47 (s), test/loss: 0.4679, test/MAE: 0.4679, test/MSE: 0.4772]
2025-08-25 16:55:20,429 - easytorch-training - INFO - Checkpoint checkpoints/PatchTST/ETTh1_100_336_720/3e146b316f5be4a37d879a267e804e07/PatchTST_016.pt saved
2025-08-25 16:55:20,429 - easytorch-training - INFO - The estimated training finish time is 2025-08-25 17:01:59
2025-08-25 16:55:20,429 - easytorch-training - INFO - Epoch 17 / 100
2025-08-25 16:55:24,194 - easytorch-training - INFO - Result <train>: [train/time: 3.76 (s), train/lr: 1.00e-04, train/loss: 0.5236, train/MAE: 0.5236, train/MSE: 0.5498]
2025-08-25 16:55:24,195 - easytorch-training - INFO - Start validation.
2025-08-25 16:55:24,649 - easytorch-training - INFO - Result <val>: [val/time: 0.45 (s), val/loss: 0.8227, val/MAE: 0.8227, val/MSE: 1.4222]
2025-08-25 16:55:25,096 - easytorch-training - INFO - Result <test>: [test/time: 0.45 (s), test/loss: 0.4692, test/MAE: 0.4692, test/MSE: 0.4804]
2025-08-25 16:55:25,117 - easytorch-training - INFO - Checkpoint checkpoints/PatchTST/ETTh1_100_336_720/3e146b316f5be4a37d879a267e804e07/PatchTST_017.pt saved
2025-08-25 16:55:25,117 - easytorch-training - INFO - The estimated training finish time is 2025-08-25 17:01:59
2025-08-25 16:55:25,117 - easytorch-training - INFO - Epoch 18 / 100
2025-08-25 16:55:28,945 - easytorch-training - INFO - Result <train>: [train/time: 3.83 (s), train/lr: 1.00e-04, train/loss: 0.5226, train/MAE: 0.5226, train/MSE: 0.5475]
2025-08-25 16:55:28,945 - easytorch-training - INFO - Start validation.
2025-08-25 16:55:29,403 - easytorch-training - INFO - Result <val>: [val/time: 0.46 (s), val/loss: 0.8237, val/MAE: 0.8237, val/MSE: 1.4267]
2025-08-25 16:55:29,857 - easytorch-training - INFO - Result <test>: [test/time: 0.45 (s), test/loss: 0.4699, test/MAE: 0.4699, test/MSE: 0.4803]
2025-08-25 16:55:29,876 - easytorch-training - INFO - Checkpoint checkpoints/PatchTST/ETTh1_100_336_720/3e146b316f5be4a37d879a267e804e07/PatchTST_018.pt saved
2025-08-25 16:55:29,876 - easytorch-training - INFO - The estimated training finish time is 2025-08-25 17:01:59
2025-08-25 16:55:29,877 - easytorch-training - INFO - Epoch 19 / 100
2025-08-25 16:55:33,735 - easytorch-training - INFO - Result <train>: [train/time: 3.86 (s), train/lr: 1.00e-04, train/loss: 0.5212, train/MAE: 0.5212, train/MSE: 0.5448]
2025-08-25 16:55:33,736 - easytorch-training - INFO - Start validation.
2025-08-25 16:55:34,246 - easytorch-training - INFO - Result <val>: [val/time: 0.51 (s), val/loss: 0.8305, val/MAE: 0.8305, val/MSE: 1.4465]
2025-08-25 16:55:34,758 - easytorch-training - INFO - Result <test>: [test/time: 0.51 (s), test/loss: 0.4719, test/MAE: 0.4719, test/MSE: 0.4825]
2025-08-25 16:55:34,786 - easytorch-training - INFO - Checkpoint checkpoints/PatchTST/ETTh1_100_336_720/3e146b316f5be4a37d879a267e804e07/PatchTST_019.pt saved
2025-08-25 16:55:34,787 - easytorch-training - INFO - The estimated training finish time is 2025-08-25 17:02:00
2025-08-25 16:55:34,787 - easytorch-training - INFO - Epoch 20 / 100
2025-08-25 16:55:38,863 - easytorch-training - INFO - Result <train>: [train/time: 4.08 (s), train/lr: 1.00e-04, train/loss: 0.5204, train/MAE: 0.5204, train/MSE: 0.5425]
2025-08-25 16:55:38,865 - easytorch-training - INFO - Start validation.
2025-08-25 16:55:39,364 - easytorch-training - INFO - Result <val>: [val/time: 0.50 (s), val/loss: 0.8327, val/MAE: 0.8327, val/MSE: 1.4525]
2025-08-25 16:55:39,889 - easytorch-training - INFO - Result <test>: [test/time: 0.52 (s), test/loss: 0.4744, test/MAE: 0.4744, test/MSE: 0.4857]
2025-08-25 16:55:39,918 - easytorch-training - INFO - Checkpoint checkpoints/PatchTST/ETTh1_100_336_720/3e146b316f5be4a37d879a267e804e07/PatchTST_020.pt saved
2025-08-25 16:55:39,926 - easytorch-training - INFO - The estimated training finish time is 2025-08-25 17:02:02
2025-08-25 16:55:39,926 - easytorch-training - INFO - Epoch 21 / 100
2025-08-25 16:55:43,859 - easytorch-training - INFO - Result <train>: [train/time: 3.93 (s), train/lr: 1.00e-04, train/loss: 0.5194, train/MAE: 0.5194, train/MSE: 0.5398]
2025-08-25 16:55:43,860 - easytorch-training - INFO - Start validation.
2025-08-25 16:55:44,343 - easytorch-training - INFO - Result <val>: [val/time: 0.48 (s), val/loss: 0.8320, val/MAE: 0.8320, val/MSE: 1.4430]
2025-08-25 16:55:44,838 - easytorch-training - INFO - Result <test>: [test/time: 0.49 (s), test/loss: 0.4760, test/MAE: 0.4760, test/MSE: 0.4883]
2025-08-25 16:55:44,866 - easytorch-training - INFO - Checkpoint checkpoints/PatchTST/ETTh1_100_336_720/3e146b316f5be4a37d879a267e804e07/PatchTST_021.pt saved
2025-08-25 16:55:44,867 - easytorch-training - INFO - The estimated training finish time is 2025-08-25 17:02:02
2025-08-25 16:55:44,867 - easytorch-training - INFO - Epoch 22 / 100
2025-08-25 16:55:48,856 - easytorch-training - INFO - Result <train>: [train/time: 3.99 (s), train/lr: 1.00e-04, train/loss: 0.5182, train/MAE: 0.5182, train/MSE: 0.5369]
2025-08-25 16:55:48,857 - easytorch-training - INFO - Start validation.
2025-08-25 16:55:49,381 - easytorch-training - INFO - Result <val>: [val/time: 0.52 (s), val/loss: 0.8361, val/MAE: 0.8361, val/MSE: 1.4600]
2025-08-25 16:55:49,912 - easytorch-training - INFO - Result <test>: [test/time: 0.53 (s), test/loss: 0.4781, test/MAE: 0.4781, test/MSE: 0.4901]
2025-08-25 16:55:49,941 - easytorch-training - INFO - Checkpoint checkpoints/PatchTST/ETTh1_100_336_720/3e146b316f5be4a37d879a267e804e07/PatchTST_022.pt saved
2025-08-25 16:55:49,941 - easytorch-training - INFO - The estimated training finish time is 2025-08-25 17:02:04
2025-08-25 16:55:49,941 - easytorch-training - INFO - Epoch 23 / 100
2025-08-25 16:55:53,931 - easytorch-training - INFO - Result <train>: [train/time: 3.99 (s), train/lr: 1.00e-04, train/loss: 0.5177, train/MAE: 0.5177, train/MSE: 0.5356]
2025-08-25 16:55:53,931 - easytorch-training - INFO - Start validation.
2025-08-25 16:55:54,448 - easytorch-training - INFO - Result <val>: [val/time: 0.52 (s), val/loss: 0.8365, val/MAE: 0.8365, val/MSE: 1.4547]
2025-08-25 16:55:54,985 - easytorch-training - INFO - Result <test>: [test/time: 0.54 (s), test/loss: 0.4783, test/MAE: 0.4783, test/MSE: 0.4916]
2025-08-25 16:55:55,013 - easytorch-training - INFO - Checkpoint checkpoints/PatchTST/ETTh1_100_336_720/3e146b316f5be4a37d879a267e804e07/PatchTST_023.pt saved
2025-08-25 16:55:55,013 - easytorch-training - INFO - The estimated training finish time is 2025-08-25 17:02:05
2025-08-25 16:55:55,014 - easytorch-training - INFO - Epoch 24 / 100
2025-08-25 16:55:58,923 - easytorch-training - INFO - Result <train>: [train/time: 3.91 (s), train/lr: 1.00e-04, train/loss: 0.5168, train/MAE: 0.5168, train/MSE: 0.5333]
2025-08-25 16:55:58,924 - easytorch-training - INFO - Start validation.
2025-08-25 16:55:59,463 - easytorch-training - INFO - Result <val>: [val/time: 0.54 (s), val/loss: 0.8386, val/MAE: 0.8386, val/MSE: 1.4654]
2025-08-25 16:55:59,993 - easytorch-training - INFO - Result <test>: [test/time: 0.53 (s), test/loss: 0.4794, test/MAE: 0.4794, test/MSE: 0.4937]
2025-08-25 16:56:00,021 - easytorch-training - INFO - Checkpoint checkpoints/PatchTST/ETTh1_100_336_720/3e146b316f5be4a37d879a267e804e07/PatchTST_024.pt saved
2025-08-25 16:56:00,021 - easytorch-training - INFO - The estimated training finish time is 2025-08-25 17:02:06
2025-08-25 16:56:00,021 - easytorch-training - INFO - Epoch 25 / 100
2025-08-25 16:56:03,991 - easytorch-training - INFO - Result <train>: [train/time: 3.97 (s), train/lr: 1.00e-04, train/loss: 0.5162, train/MAE: 0.5162, train/MSE: 0.5320]
2025-08-25 16:56:03,992 - easytorch-training - INFO - Start validation.
2025-08-25 16:56:04,493 - easytorch-training - INFO - Result <val>: [val/time: 0.50 (s), val/loss: 0.8374, val/MAE: 0.8374, val/MSE: 1.4586]
2025-08-25 16:56:05,004 - easytorch-training - INFO - Result <test>: [test/time: 0.51 (s), test/loss: 0.4804, test/MAE: 0.4804, test/MSE: 0.4971]
2025-08-25 16:56:05,031 - easytorch-training - INFO - Checkpoint checkpoints/PatchTST/ETTh1_100_336_720/3e146b316f5be4a37d879a267e804e07/PatchTST_025.pt saved
2025-08-25 16:56:05,032 - easytorch-training - INFO - The estimated training finish time is 2025-08-25 17:02:07
2025-08-25 16:56:05,032 - easytorch-training - INFO - Epoch 26 / 100
2025-08-25 16:56:08,986 - easytorch-training - INFO - Result <train>: [train/time: 3.95 (s), train/lr: 5.00e-05, train/loss: 0.5153, train/MAE: 0.5153, train/MSE: 0.5308]
2025-08-25 16:56:08,988 - easytorch-training - INFO - Start validation.
2025-08-25 16:56:09,491 - easytorch-training - INFO - Result <val>: [val/time: 0.50 (s), val/loss: 0.8391, val/MAE: 0.8391, val/MSE: 1.4668]
2025-08-25 16:56:10,011 - easytorch-training - INFO - Result <test>: [test/time: 0.52 (s), test/loss: 0.4817, test/MAE: 0.4817, test/MSE: 0.4987]
2025-08-25 16:56:10,039 - easytorch-training - INFO - Checkpoint checkpoints/PatchTST/ETTh1_100_336_720/3e146b316f5be4a37d879a267e804e07/PatchTST_026.pt saved
2025-08-25 16:56:10,040 - easytorch-training - INFO - The estimated training finish time is 2025-08-25 17:02:07
2025-08-25 16:56:10,040 - easytorch-training - INFO - Epoch 27 / 100
2025-08-25 16:56:14,029 - easytorch-training - INFO - Result <train>: [train/time: 3.99 (s), train/lr: 5.00e-05, train/loss: 0.5153, train/MAE: 0.5153, train/MSE: 0.5303]
2025-08-25 16:56:14,029 - easytorch-training - INFO - Start validation.
2025-08-25 16:56:14,549 - easytorch-training - INFO - Result <val>: [val/time: 0.52 (s), val/loss: 0.8383, val/MAE: 0.8383, val/MSE: 1.4683]
2025-08-25 16:56:15,071 - easytorch-training - INFO - Result <test>: [test/time: 0.52 (s), test/loss: 0.4840, test/MAE: 0.4840, test/MSE: 0.5020]
2025-08-25 16:56:15,099 - easytorch-training - INFO - Checkpoint checkpoints/PatchTST/ETTh1_100_336_720/3e146b316f5be4a37d879a267e804e07/PatchTST_027.pt saved
2025-08-25 16:56:15,099 - easytorch-training - INFO - The estimated training finish time is 2025-08-25 17:02:08
2025-08-25 16:56:15,100 - easytorch-training - INFO - Epoch 28 / 100
2025-08-25 16:56:19,069 - easytorch-training - INFO - Result <train>: [train/time: 3.97 (s), train/lr: 5.00e-05, train/loss: 0.5149, train/MAE: 0.5149, train/MSE: 0.5298]
2025-08-25 16:56:19,070 - easytorch-training - INFO - Start validation.
2025-08-25 16:56:19,564 - easytorch-training - INFO - Result <val>: [val/time: 0.49 (s), val/loss: 0.8349, val/MAE: 0.8349, val/MSE: 1.4486]
2025-08-25 16:56:20,080 - easytorch-training - INFO - Result <test>: [test/time: 0.51 (s), test/loss: 0.4831, test/MAE: 0.4831, test/MSE: 0.5003]
2025-08-25 16:56:20,108 - easytorch-training - INFO - Checkpoint checkpoints/PatchTST/ETTh1_100_336_720/3e146b316f5be4a37d879a267e804e07/PatchTST_028.pt saved
2025-08-25 16:56:20,109 - easytorch-training - INFO - The estimated training finish time is 2025-08-25 17:02:09
2025-08-25 16:56:20,109 - easytorch-training - INFO - Epoch 29 / 100
2025-08-25 16:56:24,104 - easytorch-training - INFO - Result <train>: [train/time: 4.00 (s), train/lr: 5.00e-05, train/loss: 0.5145, train/MAE: 0.5145, train/MSE: 0.5285]
2025-08-25 16:56:24,105 - easytorch-training - INFO - Start validation.
2025-08-25 16:56:24,604 - easytorch-training - INFO - Result <val>: [val/time: 0.50 (s), val/loss: 0.8412, val/MAE: 0.8412, val/MSE: 1.4730]
2025-08-25 16:56:25,121 - easytorch-training - INFO - Result <test>: [test/time: 0.52 (s), test/loss: 0.4818, test/MAE: 0.4818, test/MSE: 0.4981]
2025-08-25 16:56:25,150 - easytorch-training - INFO - Checkpoint checkpoints/PatchTST/ETTh1_100_336_720/3e146b316f5be4a37d879a267e804e07/PatchTST_029.pt saved
2025-08-25 16:56:25,150 - easytorch-training - INFO - The estimated training finish time is 2025-08-25 17:02:09
2025-08-25 16:56:25,150 - easytorch-training - INFO - Epoch 30 / 100
2025-08-25 16:56:29,114 - easytorch-training - INFO - Result <train>: [train/time: 3.96 (s), train/lr: 5.00e-05, train/loss: 0.5144, train/MAE: 0.5144, train/MSE: 0.5283]
2025-08-25 16:56:29,115 - easytorch-training - INFO - Start validation.
2025-08-25 16:56:29,613 - easytorch-training - INFO - Result <val>: [val/time: 0.50 (s), val/loss: 0.8341, val/MAE: 0.8341, val/MSE: 1.4448]
2025-08-25 16:56:30,120 - easytorch-training - INFO - Result <test>: [test/time: 0.51 (s), test/loss: 0.4811, test/MAE: 0.4811, test/MSE: 0.4977]
2025-08-25 16:56:30,148 - easytorch-training - INFO - Checkpoint checkpoints/PatchTST/ETTh1_100_336_720/3e146b316f5be4a37d879a267e804e07/PatchTST_030.pt saved
2025-08-25 16:56:30,154 - easytorch-training - INFO - The estimated training finish time is 2025-08-25 17:02:10
2025-08-25 16:56:30,154 - easytorch-training - INFO - Epoch 31 / 100
2025-08-25 16:56:34,127 - easytorch-training - INFO - Result <train>: [train/time: 3.97 (s), train/lr: 5.00e-05, train/loss: 0.5138, train/MAE: 0.5138, train/MSE: 0.5276]
2025-08-25 16:56:34,128 - easytorch-training - INFO - Start validation.
2025-08-25 16:56:34,640 - easytorch-training - INFO - Result <val>: [val/time: 0.51 (s), val/loss: 0.8370, val/MAE: 0.8370, val/MSE: 1.4559]
2025-08-25 16:56:35,171 - easytorch-training - INFO - Result <test>: [test/time: 0.53 (s), test/loss: 0.4831, test/MAE: 0.4831, test/MSE: 0.5011]
2025-08-25 16:56:35,198 - easytorch-training - INFO - Checkpoint checkpoints/PatchTST/ETTh1_100_336_720/3e146b316f5be4a37d879a267e804e07/PatchTST_031.pt saved
2025-08-25 16:56:35,199 - easytorch-training - INFO - The estimated training finish time is 2025-08-25 17:02:10
2025-08-25 16:56:35,199 - easytorch-training - INFO - Epoch 32 / 100
2025-08-25 16:56:39,211 - easytorch-training - INFO - Result <train>: [train/time: 4.01 (s), train/lr: 5.00e-05, train/loss: 0.5137, train/MAE: 0.5137, train/MSE: 0.5269]
2025-08-25 16:56:39,211 - easytorch-training - INFO - Start validation.
2025-08-25 16:56:39,720 - easytorch-training - INFO - Result <val>: [val/time: 0.51 (s), val/loss: 0.8410, val/MAE: 0.8410, val/MSE: 1.4697]
2025-08-25 16:56:40,257 - easytorch-training - INFO - Result <test>: [test/time: 0.54 (s), test/loss: 0.4838, test/MAE: 0.4838, test/MSE: 0.5026]
2025-08-25 16:56:40,284 - easytorch-training - INFO - Checkpoint checkpoints/PatchTST/ETTh1_100_336_720/3e146b316f5be4a37d879a267e804e07/PatchTST_032.pt saved
2025-08-25 16:56:40,285 - easytorch-training - INFO - The estimated training finish time is 2025-08-25 17:02:11
2025-08-25 16:56:40,285 - easytorch-training - INFO - Epoch 33 / 100
2025-08-25 16:56:44,265 - easytorch-training - INFO - Result <train>: [train/time: 3.98 (s), train/lr: 5.00e-05, train/loss: 0.5137, train/MAE: 0.5137, train/MSE: 0.5271]
2025-08-25 16:56:44,266 - easytorch-training - INFO - Start validation.
2025-08-25 16:56:44,807 - easytorch-training - INFO - Result <val>: [val/time: 0.54 (s), val/loss: 0.8400, val/MAE: 0.8400, val/MSE: 1.4700]
2025-08-25 16:56:45,344 - easytorch-training - INFO - Result <test>: [test/time: 0.54 (s), test/loss: 0.4843, test/MAE: 0.4843, test/MSE: 0.5031]
2025-08-25 16:56:45,372 - easytorch-training - INFO - Checkpoint checkpoints/PatchTST/ETTh1_100_336_720/3e146b316f5be4a37d879a267e804e07/PatchTST_033.pt saved
2025-08-25 16:56:45,373 - easytorch-training - INFO - The estimated training finish time is 2025-08-25 17:02:12
2025-08-25 16:56:45,373 - easytorch-training - INFO - Epoch 34 / 100
2025-08-25 16:56:49,372 - easytorch-training - INFO - Result <train>: [train/time: 4.00 (s), train/lr: 5.00e-05, train/loss: 0.5133, train/MAE: 0.5133, train/MSE: 0.5263]
2025-08-25 16:56:49,373 - easytorch-training - INFO - Start validation.
2025-08-25 16:56:49,924 - easytorch-training - INFO - Result <val>: [val/time: 0.55 (s), val/loss: 0.8388, val/MAE: 0.8388, val/MSE: 1.4633]
2025-08-25 16:56:50,457 - easytorch-training - INFO - Result <test>: [test/time: 0.53 (s), test/loss: 0.4840, test/MAE: 0.4840, test/MSE: 0.5015]
2025-08-25 16:56:50,486 - easytorch-training - INFO - Checkpoint checkpoints/PatchTST/ETTh1_100_336_720/3e146b316f5be4a37d879a267e804e07/PatchTST_034.pt saved
2025-08-25 16:56:50,487 - easytorch-training - INFO - The estimated training finish time is 2025-08-25 17:02:12
2025-08-25 16:56:50,487 - easytorch-training - INFO - Epoch 35 / 100
2025-08-25 16:56:54,489 - easytorch-training - INFO - Result <train>: [train/time: 4.00 (s), train/lr: 5.00e-05, train/loss: 0.5131, train/MAE: 0.5131, train/MSE: 0.5262]
2025-08-25 16:56:54,491 - easytorch-training - INFO - Start validation.
2025-08-25 16:56:55,032 - easytorch-training - INFO - Result <val>: [val/time: 0.54 (s), val/loss: 0.8383, val/MAE: 0.8383, val/MSE: 1.4598]
2025-08-25 16:56:55,558 - easytorch-training - INFO - Result <test>: [test/time: 0.52 (s), test/loss: 0.4850, test/MAE: 0.4850, test/MSE: 0.5051]
2025-08-25 16:56:55,587 - easytorch-training - INFO - Checkpoint checkpoints/PatchTST/ETTh1_100_336_720/3e146b316f5be4a37d879a267e804e07/PatchTST_035.pt saved
2025-08-25 16:56:55,587 - easytorch-training - INFO - The estimated training finish time is 2025-08-25 17:02:13
2025-08-25 16:56:55,587 - easytorch-training - INFO - Epoch 36 / 100
2025-08-25 16:56:59,578 - easytorch-training - INFO - Result <train>: [train/time: 3.99 (s), train/lr: 5.00e-05, train/loss: 0.5127, train/MAE: 0.5127, train/MSE: 0.5253]
2025-08-25 16:56:59,578 - easytorch-training - INFO - Start validation.
2025-08-25 16:57:00,084 - easytorch-training - INFO - Result <val>: [val/time: 0.51 (s), val/loss: 0.8425, val/MAE: 0.8425, val/MSE: 1.4751]
2025-08-25 16:57:00,609 - easytorch-training - INFO - Result <test>: [test/time: 0.52 (s), test/loss: 0.4824, test/MAE: 0.4824, test/MSE: 0.5004]
2025-08-25 16:57:00,637 - easytorch-training - INFO - Checkpoint checkpoints/PatchTST/ETTh1_100_336_720/3e146b316f5be4a37d879a267e804e07/PatchTST_036.pt saved
2025-08-25 16:57:00,637 - easytorch-training - INFO - The estimated training finish time is 2025-08-25 17:02:14
2025-08-25 16:57:00,637 - easytorch-training - INFO - Epoch 37 / 100
2025-08-25 16:57:04,578 - easytorch-training - INFO - Result <train>: [train/time: 3.94 (s), train/lr: 5.00e-05, train/loss: 0.5125, train/MAE: 0.5125, train/MSE: 0.5251]
2025-08-25 16:57:04,579 - easytorch-training - INFO - Start validation.
2025-08-25 16:57:05,095 - easytorch-training - INFO - Result <val>: [val/time: 0.52 (s), val/loss: 0.8402, val/MAE: 0.8402, val/MSE: 1.4736]
2025-08-25 16:57:05,619 - easytorch-training - INFO - Result <test>: [test/time: 0.52 (s), test/loss: 0.4853, test/MAE: 0.4853, test/MSE: 0.5054]
2025-08-25 16:57:05,647 - easytorch-training - INFO - Checkpoint checkpoints/PatchTST/ETTh1_100_336_720/3e146b316f5be4a37d879a267e804e07/PatchTST_037.pt saved
2025-08-25 16:57:05,647 - easytorch-training - INFO - The estimated training finish time is 2025-08-25 17:02:14
2025-08-25 16:57:05,647 - easytorch-training - INFO - Epoch 38 / 100
2025-08-25 16:57:09,628 - easytorch-training - INFO - Result <train>: [train/time: 3.98 (s), train/lr: 5.00e-05, train/loss: 0.5122, train/MAE: 0.5122, train/MSE: 0.5245]
2025-08-25 16:57:09,629 - easytorch-training - INFO - Start validation.
2025-08-25 16:57:10,159 - easytorch-training - INFO - Result <val>: [val/time: 0.53 (s), val/loss: 0.8396, val/MAE: 0.8396, val/MSE: 1.4699]
2025-08-25 16:57:10,675 - easytorch-training - INFO - Result <test>: [test/time: 0.52 (s), test/loss: 0.4879, test/MAE: 0.4879, test/MSE: 0.5101]
2025-08-25 16:57:10,703 - easytorch-training - INFO - Checkpoint checkpoints/PatchTST/ETTh1_100_336_720/3e146b316f5be4a37d879a267e804e07/PatchTST_038.pt saved
2025-08-25 16:57:10,703 - easytorch-training - INFO - The estimated training finish time is 2025-08-25 17:02:14
2025-08-25 16:57:10,703 - easytorch-training - INFO - Epoch 39 / 100
2025-08-25 16:57:14,691 - easytorch-training - INFO - Result <train>: [train/time: 3.99 (s), train/lr: 5.00e-05, train/loss: 0.5123, train/MAE: 0.5123, train/MSE: 0.5243]
2025-08-25 16:57:14,692 - easytorch-training - INFO - Start validation.
2025-08-25 16:57:15,218 - easytorch-training - INFO - Result <val>: [val/time: 0.53 (s), val/loss: 0.8402, val/MAE: 0.8402, val/MSE: 1.4694]
2025-08-25 16:57:15,722 - easytorch-training - INFO - Result <test>: [test/time: 0.50 (s), test/loss: 0.4844, test/MAE: 0.4844, test/MSE: 0.5026]
2025-08-25 16:57:15,748 - easytorch-training - INFO - Checkpoint checkpoints/PatchTST/ETTh1_100_336_720/3e146b316f5be4a37d879a267e804e07/PatchTST_039.pt saved
2025-08-25 16:57:15,749 - easytorch-training - INFO - The estimated training finish time is 2025-08-25 17:02:15
2025-08-25 16:57:15,749 - easytorch-training - INFO - Epoch 40 / 100
2025-08-25 16:57:19,717 - easytorch-training - INFO - Result <train>: [train/time: 3.97 (s), train/lr: 5.00e-05, train/loss: 0.5122, train/MAE: 0.5122, train/MSE: 0.5242]
2025-08-25 16:57:19,718 - easytorch-training - INFO - Start validation.
2025-08-25 16:57:20,222 - easytorch-training - INFO - Result <val>: [val/time: 0.50 (s), val/loss: 0.8385, val/MAE: 0.8385, val/MSE: 1.4627]
2025-08-25 16:57:20,737 - easytorch-training - INFO - Result <test>: [test/time: 0.51 (s), test/loss: 0.4865, test/MAE: 0.4865, test/MSE: 0.5065]
2025-08-25 16:57:20,764 - easytorch-training - INFO - Checkpoint checkpoints/PatchTST/ETTh1_100_336_720/3e146b316f5be4a37d879a267e804e07/PatchTST_040.pt saved
2025-08-25 16:57:20,771 - easytorch-training - INFO - The estimated training finish time is 2025-08-25 17:02:15
2025-08-25 16:57:20,771 - easytorch-training - INFO - Epoch 41 / 100
2025-08-25 16:57:24,763 - easytorch-training - INFO - Result <train>: [train/time: 3.99 (s), train/lr: 5.00e-05, train/loss: 0.5119, train/MAE: 0.5119, train/MSE: 0.5233]
2025-08-25 16:57:24,764 - easytorch-training - INFO - Start validation.
2025-08-25 16:57:25,307 - easytorch-training - INFO - Result <val>: [val/time: 0.54 (s), val/loss: 0.8378, val/MAE: 0.8378, val/MSE: 1.4602]
2025-08-25 16:57:25,850 - easytorch-training - INFO - Result <test>: [test/time: 0.54 (s), test/loss: 0.4843, test/MAE: 0.4843, test/MSE: 0.5041]
2025-08-25 16:57:25,877 - easytorch-training - INFO - Checkpoint checkpoints/PatchTST/ETTh1_100_336_720/3e146b316f5be4a37d879a267e804e07/PatchTST_041.pt saved
2025-08-25 16:57:25,878 - easytorch-training - INFO - The estimated training finish time is 2025-08-25 17:02:15
2025-08-25 16:57:25,878 - easytorch-training - INFO - Epoch 42 / 100
2025-08-25 16:57:29,849 - easytorch-training - INFO - Result <train>: [train/time: 3.97 (s), train/lr: 5.00e-05, train/loss: 0.5117, train/MAE: 0.5117, train/MSE: 0.5235]
2025-08-25 16:57:29,850 - easytorch-training - INFO - Start validation.
2025-08-25 16:57:30,370 - easytorch-training - INFO - Result <val>: [val/time: 0.52 (s), val/loss: 0.8390, val/MAE: 0.8390, val/MSE: 1.4679]
2025-08-25 16:57:30,883 - easytorch-training - INFO - Result <test>: [test/time: 0.51 (s), test/loss: 0.4868, test/MAE: 0.4868, test/MSE: 0.5070]
2025-08-25 16:57:30,911 - easytorch-training - INFO - Checkpoint checkpoints/PatchTST/ETTh1_100_336_720/3e146b316f5be4a37d879a267e804e07/PatchTST_042.pt saved
2025-08-25 16:57:30,911 - easytorch-training - INFO - The estimated training finish time is 2025-08-25 17:02:16
2025-08-25 16:57:30,911 - easytorch-training - INFO - Epoch 43 / 100
2025-08-25 16:57:34,863 - easytorch-training - INFO - Result <train>: [train/time: 3.95 (s), train/lr: 5.00e-05, train/loss: 0.5114, train/MAE: 0.5114, train/MSE: 0.5228]
2025-08-25 16:57:34,864 - easytorch-training - INFO - Start validation.
2025-08-25 16:57:35,411 - easytorch-training - INFO - Result <val>: [val/time: 0.55 (s), val/loss: 0.8421, val/MAE: 0.8421, val/MSE: 1.4764]
2025-08-25 16:57:35,932 - easytorch-training - INFO - Result <test>: [test/time: 0.52 (s), test/loss: 0.4843, test/MAE: 0.4843, test/MSE: 0.5033]
2025-08-25 16:57:35,960 - easytorch-training - INFO - Checkpoint checkpoints/PatchTST/ETTh1_100_336_720/3e146b316f5be4a37d879a267e804e07/PatchTST_043.pt saved
2025-08-25 16:57:35,960 - easytorch-training - INFO - The estimated training finish time is 2025-08-25 17:02:16
2025-08-25 16:57:35,960 - easytorch-training - INFO - Epoch 44 / 100
2025-08-25 16:57:39,925 - easytorch-training - INFO - Result <train>: [train/time: 3.96 (s), train/lr: 5.00e-05, train/loss: 0.5111, train/MAE: 0.5111, train/MSE: 0.5220]
2025-08-25 16:57:39,926 - easytorch-training - INFO - Start validation.
2025-08-25 16:57:40,470 - easytorch-training - INFO - Result <val>: [val/time: 0.54 (s), val/loss: 0.8418, val/MAE: 0.8418, val/MSE: 1.4776]
2025-08-25 16:57:40,996 - easytorch-training - INFO - Result <test>: [test/time: 0.53 (s), test/loss: 0.4853, test/MAE: 0.4853, test/MSE: 0.5056]
2025-08-25 16:57:41,024 - easytorch-training - INFO - Checkpoint checkpoints/PatchTST/ETTh1_100_336_720/3e146b316f5be4a37d879a267e804e07/PatchTST_044.pt saved
2025-08-25 16:57:41,024 - easytorch-training - INFO - The estimated training finish time is 2025-08-25 17:02:16
2025-08-25 16:57:41,025 - easytorch-training - INFO - Epoch 45 / 100
2025-08-25 16:57:45,020 - easytorch-training - INFO - Result <train>: [train/time: 4.00 (s), train/lr: 5.00e-05, train/loss: 0.5111, train/MAE: 0.5111, train/MSE: 0.5224]
2025-08-25 16:57:45,022 - easytorch-training - INFO - Start validation.
2025-08-25 16:57:45,536 - easytorch-training - INFO - Result <val>: [val/time: 0.51 (s), val/loss: 0.8351, val/MAE: 0.8351, val/MSE: 1.4525]
2025-08-25 16:57:46,049 - easytorch-training - INFO - Result <test>: [test/time: 0.51 (s), test/loss: 0.4873, test/MAE: 0.4873, test/MSE: 0.5087]
2025-08-25 16:57:46,076 - easytorch-training - INFO - Checkpoint checkpoints/PatchTST/ETTh1_100_336_720/3e146b316f5be4a37d879a267e804e07/PatchTST_045.pt saved
2025-08-25 16:57:46,077 - easytorch-training - INFO - The estimated training finish time is 2025-08-25 17:02:17
2025-08-25 16:57:46,077 - easytorch-training - INFO - Epoch 46 / 100
2025-08-25 16:57:50,071 - easytorch-training - INFO - Result <train>: [train/time: 3.99 (s), train/lr: 5.00e-05, train/loss: 0.5108, train/MAE: 0.5108, train/MSE: 0.5214]
2025-08-25 16:57:50,072 - easytorch-training - INFO - Start validation.
2025-08-25 16:57:50,565 - easytorch-training - INFO - Result <val>: [val/time: 0.49 (s), val/loss: 0.8385, val/MAE: 0.8385, val/MSE: 1.4624]
2025-08-25 16:57:51,083 - easytorch-training - INFO - Result <test>: [test/time: 0.52 (s), test/loss: 0.4862, test/MAE: 0.4862, test/MSE: 0.5075]
2025-08-25 16:57:51,111 - easytorch-training - INFO - Checkpoint checkpoints/PatchTST/ETTh1_100_336_720/3e146b316f5be4a37d879a267e804e07/PatchTST_046.pt saved
2025-08-25 16:57:51,111 - easytorch-training - INFO - The estimated training finish time is 2025-08-25 17:02:17
2025-08-25 16:57:51,111 - easytorch-training - INFO - Epoch 47 / 100
2025-08-25 16:57:55,109 - easytorch-training - INFO - Result <train>: [train/time: 4.00 (s), train/lr: 5.00e-05, train/loss: 0.5107, train/MAE: 0.5107, train/MSE: 0.5211]
2025-08-25 16:57:55,110 - easytorch-training - INFO - Start validation.
2025-08-25 16:57:55,610 - easytorch-training - INFO - Result <val>: [val/time: 0.50 (s), val/loss: 0.8399, val/MAE: 0.8399, val/MSE: 1.4730]
2025-08-25 16:57:56,124 - easytorch-training - INFO - Result <test>: [test/time: 0.51 (s), test/loss: 0.4874, test/MAE: 0.4874, test/MSE: 0.5100]
2025-08-25 16:57:56,153 - easytorch-training - INFO - Checkpoint checkpoints/PatchTST/ETTh1_100_336_720/3e146b316f5be4a37d879a267e804e07/PatchTST_047.pt saved
2025-08-25 16:57:56,153 - easytorch-training - INFO - The estimated training finish time is 2025-08-25 17:02:17
2025-08-25 16:57:56,153 - easytorch-training - INFO - Epoch 48 / 100
2025-08-25 16:58:00,169 - easytorch-training - INFO - Result <train>: [train/time: 4.02 (s), train/lr: 5.00e-05, train/loss: 0.5108, train/MAE: 0.5108, train/MSE: 0.5214]
2025-08-25 16:58:00,170 - easytorch-training - INFO - Start validation.
2025-08-25 16:58:00,689 - easytorch-training - INFO - Result <val>: [val/time: 0.52 (s), val/loss: 0.8420, val/MAE: 0.8420, val/MSE: 1.4759]
2025-08-25 16:58:01,187 - easytorch-training - INFO - Result <test>: [test/time: 0.50 (s), test/loss: 0.4858, test/MAE: 0.4858, test/MSE: 0.5072]
2025-08-25 16:58:01,214 - easytorch-training - INFO - Checkpoint checkpoints/PatchTST/ETTh1_100_336_720/3e146b316f5be4a37d879a267e804e07/PatchTST_048.pt saved
2025-08-25 16:58:01,214 - easytorch-training - INFO - The estimated training finish time is 2025-08-25 17:02:17
2025-08-25 16:58:01,214 - easytorch-training - INFO - Epoch 49 / 100
2025-08-25 16:58:05,161 - easytorch-training - INFO - Result <train>: [train/time: 3.95 (s), train/lr: 5.00e-05, train/loss: 0.5105, train/MAE: 0.5105, train/MSE: 0.5206]
2025-08-25 16:58:05,162 - easytorch-training - INFO - Start validation.
2025-08-25 16:58:05,698 - easytorch-training - INFO - Result <val>: [val/time: 0.54 (s), val/loss: 0.8454, val/MAE: 0.8454, val/MSE: 1.4903]
2025-08-25 16:58:06,208 - easytorch-training - INFO - Result <test>: [test/time: 0.51 (s), test/loss: 0.4862, test/MAE: 0.4862, test/MSE: 0.5062]
2025-08-25 16:58:06,236 - easytorch-training - INFO - Checkpoint checkpoints/PatchTST/ETTh1_100_336_720/3e146b316f5be4a37d879a267e804e07/PatchTST_049.pt saved
2025-08-25 16:58:06,236 - easytorch-training - INFO - The estimated training finish time is 2025-08-25 17:02:17
2025-08-25 16:58:06,236 - easytorch-training - INFO - Epoch 50 / 100
2025-08-25 16:58:10,201 - easytorch-training - INFO - Result <train>: [train/time: 3.96 (s), train/lr: 5.00e-05, train/loss: 0.5098, train/MAE: 0.5098, train/MSE: 0.5199]
2025-08-25 16:58:10,202 - easytorch-training - INFO - Start validation.
2025-08-25 16:58:10,717 - easytorch-training - INFO - Result <val>: [val/time: 0.52 (s), val/loss: 0.8420, val/MAE: 0.8420, val/MSE: 1.4770]
2025-08-25 16:58:11,239 - easytorch-training - INFO - Result <test>: [test/time: 0.52 (s), test/loss: 0.4867, test/MAE: 0.4867, test/MSE: 0.5096]
2025-08-25 16:58:11,267 - easytorch-training - INFO - Checkpoint checkpoints/PatchTST/ETTh1_100_336_720/3e146b316f5be4a37d879a267e804e07/PatchTST_050.pt saved
2025-08-25 16:58:11,274 - easytorch-training - INFO - The estimated training finish time is 2025-08-25 17:02:18
2025-08-25 16:58:11,274 - easytorch-training - INFO - Epoch 51 / 100
2025-08-25 16:58:15,244 - easytorch-training - INFO - Result <train>: [train/time: 3.97 (s), train/lr: 5.00e-05, train/loss: 0.5101, train/MAE: 0.5101, train/MSE: 0.5201]
2025-08-25 16:58:15,245 - easytorch-training - INFO - Start validation.
2025-08-25 16:58:15,797 - easytorch-training - INFO - Result <val>: [val/time: 0.55 (s), val/loss: 0.8413, val/MAE: 0.8413, val/MSE: 1.4773]
2025-08-25 16:58:16,313 - easytorch-training - INFO - Result <test>: [test/time: 0.52 (s), test/loss: 0.4876, test/MAE: 0.4876, test/MSE: 0.5102]
2025-08-25 16:58:16,342 - easytorch-training - INFO - Checkpoint checkpoints/PatchTST/ETTh1_100_336_720/3e146b316f5be4a37d879a267e804e07/PatchTST_051.pt saved
2025-08-25 16:58:16,343 - easytorch-training - INFO - The estimated training finish time is 2025-08-25 17:02:18
2025-08-25 16:58:16,343 - easytorch-training - INFO - Epoch 52 / 100
2025-08-25 16:58:20,345 - easytorch-training - INFO - Result <train>: [train/time: 4.00 (s), train/lr: 5.00e-05, train/loss: 0.5097, train/MAE: 0.5097, train/MSE: 0.5198]
2025-08-25 16:58:20,345 - easytorch-training - INFO - Start validation.
2025-08-25 16:58:20,884 - easytorch-training - INFO - Result <val>: [val/time: 0.54 (s), val/loss: 0.8442, val/MAE: 0.8442, val/MSE: 1.4857]
2025-08-25 16:58:21,411 - easytorch-training - INFO - Result <test>: [test/time: 0.53 (s), test/loss: 0.4866, test/MAE: 0.4866, test/MSE: 0.5070]
2025-08-25 16:58:21,439 - easytorch-training - INFO - Checkpoint checkpoints/PatchTST/ETTh1_100_336_720/3e146b316f5be4a37d879a267e804e07/PatchTST_052.pt saved
2025-08-25 16:58:21,440 - easytorch-training - INFO - The estimated training finish time is 2025-08-25 17:02:18
2025-08-25 16:58:21,440 - easytorch-training - INFO - Epoch 53 / 100
2025-08-25 16:58:25,456 - easytorch-training - INFO - Result <train>: [train/time: 4.02 (s), train/lr: 5.00e-05, train/loss: 0.5096, train/MAE: 0.5096, train/MSE: 0.5192]
2025-08-25 16:58:25,457 - easytorch-training - INFO - Start validation.
2025-08-25 16:58:25,981 - easytorch-training - INFO - Result <val>: [val/time: 0.52 (s), val/loss: 0.8435, val/MAE: 0.8435, val/MSE: 1.4813]
2025-08-25 16:58:26,498 - easytorch-training - INFO - Result <test>: [test/time: 0.52 (s), test/loss: 0.4884, test/MAE: 0.4884, test/MSE: 0.5118]
2025-08-25 16:58:26,527 - easytorch-training - INFO - Checkpoint checkpoints/PatchTST/ETTh1_100_336_720/3e146b316f5be4a37d879a267e804e07/PatchTST_053.pt saved
2025-08-25 16:58:26,527 - easytorch-training - INFO - The estimated training finish time is 2025-08-25 17:02:19
2025-08-25 16:58:26,527 - easytorch-training - INFO - Epoch 54 / 100
2025-08-25 16:58:30,530 - easytorch-training - INFO - Result <train>: [train/time: 4.00 (s), train/lr: 5.00e-05, train/loss: 0.5093, train/MAE: 0.5093, train/MSE: 0.5184]
2025-08-25 16:58:30,531 - easytorch-training - INFO - Start validation.
2025-08-25 16:58:31,042 - easytorch-training - INFO - Result <val>: [val/time: 0.51 (s), val/loss: 0.8419, val/MAE: 0.8419, val/MSE: 1.4807]
2025-08-25 16:58:31,558 - easytorch-training - INFO - Result <test>: [test/time: 0.51 (s), test/loss: 0.4882, test/MAE: 0.4882, test/MSE: 0.5102]
2025-08-25 16:58:31,586 - easytorch-training - INFO - Checkpoint checkpoints/PatchTST/ETTh1_100_336_720/3e146b316f5be4a37d879a267e804e07/PatchTST_054.pt saved
2025-08-25 16:58:31,586 - easytorch-training - INFO - The estimated training finish time is 2025-08-25 17:02:19
2025-08-25 16:58:31,586 - easytorch-training - INFO - Epoch 55 / 100
2025-08-25 16:58:35,589 - easytorch-training - INFO - Result <train>: [train/time: 4.00 (s), train/lr: 5.00e-05, train/loss: 0.5094, train/MAE: 0.5094, train/MSE: 0.5189]
2025-08-25 16:58:35,590 - easytorch-training - INFO - Start validation.
2025-08-25 16:58:36,108 - easytorch-training - INFO - Result <val>: [val/time: 0.52 (s), val/loss: 0.8435, val/MAE: 0.8435, val/MSE: 1.4854]
2025-08-25 16:58:36,637 - easytorch-training - INFO - Result <test>: [test/time: 0.53 (s), test/loss: 0.4883, test/MAE: 0.4883, test/MSE: 0.5111]
2025-08-25 16:58:36,664 - easytorch-training - INFO - Checkpoint checkpoints/PatchTST/ETTh1_100_336_720/3e146b316f5be4a37d879a267e804e07/PatchTST_055.pt saved
2025-08-25 16:58:36,664 - easytorch-training - INFO - The estimated training finish time is 2025-08-25 17:02:19
2025-08-25 16:58:36,665 - easytorch-training - INFO - Epoch 56 / 100
2025-08-25 16:58:40,635 - easytorch-training - INFO - Result <train>: [train/time: 3.97 (s), train/lr: 5.00e-05, train/loss: 0.5093, train/MAE: 0.5093, train/MSE: 0.5186]
2025-08-25 16:58:40,636 - easytorch-training - INFO - Start validation.
2025-08-25 16:58:41,158 - easytorch-training - INFO - Result <val>: [val/time: 0.52 (s), val/loss: 0.8473, val/MAE: 0.8473, val/MSE: 1.4997]
2025-08-25 16:58:41,667 - easytorch-training - INFO - Result <test>: [test/time: 0.51 (s), test/loss: 0.4883, test/MAE: 0.4883, test/MSE: 0.5112]
2025-08-25 16:58:41,695 - easytorch-training - INFO - Checkpoint checkpoints/PatchTST/ETTh1_100_336_720/3e146b316f5be4a37d879a267e804e07/PatchTST_056.pt saved
2025-08-25 16:58:41,695 - easytorch-training - INFO - The estimated training finish time is 2025-08-25 17:02:19
2025-08-25 16:58:41,695 - easytorch-training - INFO - Epoch 57 / 100
2025-08-25 16:58:45,728 - easytorch-training - INFO - Result <train>: [train/time: 4.03 (s), train/lr: 5.00e-05, train/loss: 0.5091, train/MAE: 0.5091, train/MSE: 0.5184]
2025-08-25 16:58:45,728 - easytorch-training - INFO - Start validation.
2025-08-25 16:58:46,266 - easytorch-training - INFO - Result <val>: [val/time: 0.54 (s), val/loss: 0.8425, val/MAE: 0.8425, val/MSE: 1.4825]
2025-08-25 16:58:46,778 - easytorch-training - INFO - Result <test>: [test/time: 0.51 (s), test/loss: 0.4877, test/MAE: 0.4877, test/MSE: 0.5091]
2025-08-25 16:58:46,806 - easytorch-training - INFO - Checkpoint checkpoints/PatchTST/ETTh1_100_336_720/3e146b316f5be4a37d879a267e804e07/PatchTST_057.pt saved
2025-08-25 16:58:46,806 - easytorch-training - INFO - The estimated training finish time is 2025-08-25 17:02:19
2025-08-25 16:58:46,806 - easytorch-training - INFO - Epoch 58 / 100
2025-08-25 16:58:50,781 - easytorch-training - INFO - Result <train>: [train/time: 3.97 (s), train/lr: 5.00e-05, train/loss: 0.5090, train/MAE: 0.5090, train/MSE: 0.5178]
2025-08-25 16:58:50,782 - easytorch-training - INFO - Start validation.
2025-08-25 16:58:51,323 - easytorch-training - INFO - Result <val>: [val/time: 0.54 (s), val/loss: 0.8435, val/MAE: 0.8435, val/MSE: 1.4902]
2025-08-25 16:58:51,849 - easytorch-training - INFO - Result <test>: [test/time: 0.53 (s), test/loss: 0.4913, test/MAE: 0.4913, test/MSE: 0.5159]
2025-08-25 16:58:51,879 - easytorch-training - INFO - Checkpoint checkpoints/PatchTST/ETTh1_100_336_720/3e146b316f5be4a37d879a267e804e07/PatchTST_058.pt saved
2025-08-25 16:58:51,879 - easytorch-training - INFO - The estimated training finish time is 2025-08-25 17:02:20
2025-08-25 16:58:51,879 - easytorch-training - INFO - Epoch 59 / 100
2025-08-25 16:58:55,873 - easytorch-training - INFO - Result <train>: [train/time: 3.99 (s), train/lr: 5.00e-05, train/loss: 0.5088, train/MAE: 0.5088, train/MSE: 0.5176]
2025-08-25 16:58:55,873 - easytorch-training - INFO - Start validation.
2025-08-25 16:58:56,417 - easytorch-training - INFO - Result <val>: [val/time: 0.54 (s), val/loss: 0.8403, val/MAE: 0.8403, val/MSE: 1.4745]
2025-08-25 16:58:56,967 - easytorch-training - INFO - Result <test>: [test/time: 0.55 (s), test/loss: 0.4889, test/MAE: 0.4889, test/MSE: 0.5111]
2025-08-25 16:58:56,994 - easytorch-training - INFO - Checkpoint checkpoints/PatchTST/ETTh1_100_336_720/3e146b316f5be4a37d879a267e804e07/PatchTST_059.pt saved
2025-08-25 16:58:56,995 - easytorch-training - INFO - The estimated training finish time is 2025-08-25 17:02:20
2025-08-25 16:58:56,995 - easytorch-training - INFO - Epoch 60 / 100
2025-08-25 16:59:00,944 - easytorch-training - INFO - Result <train>: [train/time: 3.95 (s), train/lr: 5.00e-05, train/loss: 0.5087, train/MAE: 0.5087, train/MSE: 0.5175]
2025-08-25 16:59:00,944 - easytorch-training - INFO - Start validation.
2025-08-25 16:59:01,471 - easytorch-training - INFO - Result <val>: [val/time: 0.53 (s), val/loss: 0.8422, val/MAE: 0.8422, val/MSE: 1.4813]
2025-08-25 16:59:01,984 - easytorch-training - INFO - Result <test>: [test/time: 0.51 (s), test/loss: 0.4887, test/MAE: 0.4887, test/MSE: 0.5122]
2025-08-25 16:59:02,013 - easytorch-training - INFO - Checkpoint checkpoints/PatchTST/ETTh1_100_336_720/3e146b316f5be4a37d879a267e804e07/PatchTST_060.pt saved
2025-08-25 16:59:02,020 - easytorch-training - INFO - The estimated training finish time is 2025-08-25 17:02:20
2025-08-25 16:59:02,020 - easytorch-training - INFO - Epoch 61 / 100
2025-08-25 16:59:06,042 - easytorch-training - INFO - Result <train>: [train/time: 4.02 (s), train/lr: 5.00e-05, train/loss: 0.5085, train/MAE: 0.5085, train/MSE: 0.5171]
2025-08-25 16:59:06,043 - easytorch-training - INFO - Start validation.
2025-08-25 16:59:06,555 - easytorch-training - INFO - Result <val>: [val/time: 0.51 (s), val/loss: 0.8438, val/MAE: 0.8438, val/MSE: 1.4916]
2025-08-25 16:59:07,113 - easytorch-training - INFO - Result <test>: [test/time: 0.56 (s), test/loss: 0.4896, test/MAE: 0.4896, test/MSE: 0.5136]
2025-08-25 16:59:07,144 - easytorch-training - INFO - Checkpoint checkpoints/PatchTST/ETTh1_100_336_720/3e146b316f5be4a37d879a267e804e07/PatchTST_061.pt saved
2025-08-25 16:59:07,144 - easytorch-training - INFO - The estimated training finish time is 2025-08-25 17:02:20
2025-08-25 16:59:07,144 - easytorch-training - INFO - Epoch 62 / 100
2025-08-25 16:59:11,071 - easytorch-training - INFO - Result <train>: [train/time: 3.93 (s), train/lr: 5.00e-05, train/loss: 0.5084, train/MAE: 0.5084, train/MSE: 0.5172]
2025-08-25 16:59:11,072 - easytorch-training - INFO - Start validation.
2025-08-25 16:59:11,621 - easytorch-training - INFO - Result <val>: [val/time: 0.55 (s), val/loss: 0.8411, val/MAE: 0.8411, val/MSE: 1.4789]
2025-08-25 16:59:12,134 - easytorch-training - INFO - Result <test>: [test/time: 0.51 (s), test/loss: 0.4895, test/MAE: 0.4895, test/MSE: 0.5142]
2025-08-25 16:59:12,163 - easytorch-training - INFO - Checkpoint checkpoints/PatchTST/ETTh1_100_336_720/3e146b316f5be4a37d879a267e804e07/PatchTST_062.pt saved
2025-08-25 16:59:12,163 - easytorch-training - INFO - The estimated training finish time is 2025-08-25 17:02:20
2025-08-25 16:59:12,163 - easytorch-training - INFO - Epoch 63 / 100
2025-08-25 16:59:16,153 - easytorch-training - INFO - Result <train>: [train/time: 3.99 (s), train/lr: 5.00e-05, train/loss: 0.5082, train/MAE: 0.5082, train/MSE: 0.5165]
2025-08-25 16:59:16,154 - easytorch-training - INFO - Start validation.
2025-08-25 16:59:16,671 - easytorch-training - INFO - Result <val>: [val/time: 0.52 (s), val/loss: 0.8433, val/MAE: 0.8433, val/MSE: 1.4868]
2025-08-25 16:59:17,186 - easytorch-training - INFO - Result <test>: [test/time: 0.51 (s), test/loss: 0.4890, test/MAE: 0.4890, test/MSE: 0.5115]
2025-08-25 16:59:17,213 - easytorch-training - INFO - Checkpoint checkpoints/PatchTST/ETTh1_100_336_720/3e146b316f5be4a37d879a267e804e07/PatchTST_063.pt saved
2025-08-25 16:59:17,214 - easytorch-training - INFO - The estimated training finish time is 2025-08-25 17:02:20
2025-08-25 16:59:17,214 - easytorch-training - INFO - Epoch 64 / 100
2025-08-25 16:59:21,188 - easytorch-training - INFO - Result <train>: [train/time: 3.97 (s), train/lr: 5.00e-05, train/loss: 0.5082, train/MAE: 0.5082, train/MSE: 0.5170]
2025-08-25 16:59:21,189 - easytorch-training - INFO - Start validation.
2025-08-25 16:59:21,705 - easytorch-training - INFO - Result <val>: [val/time: 0.52 (s), val/loss: 0.8415, val/MAE: 0.8415, val/MSE: 1.4786]
2025-08-25 16:59:22,237 - easytorch-training - INFO - Result <test>: [test/time: 0.53 (s), test/loss: 0.4890, test/MAE: 0.4890, test/MSE: 0.5127]
2025-08-25 16:59:22,265 - easytorch-training - INFO - Checkpoint checkpoints/PatchTST/ETTh1_100_336_720/3e146b316f5be4a37d879a267e804e07/PatchTST_064.pt saved
2025-08-25 16:59:22,265 - easytorch-training - INFO - The estimated training finish time is 2025-08-25 17:02:21
2025-08-25 16:59:22,265 - easytorch-training - INFO - Epoch 65 / 100
2025-08-25 16:59:26,262 - easytorch-training - INFO - Result <train>: [train/time: 4.00 (s), train/lr: 5.00e-05, train/loss: 0.5078, train/MAE: 0.5078, train/MSE: 0.5162]
2025-08-25 16:59:26,262 - easytorch-training - INFO - Start validation.
2025-08-25 16:59:26,801 - easytorch-training - INFO - Result <val>: [val/time: 0.54 (s), val/loss: 0.8432, val/MAE: 0.8432, val/MSE: 1.4851]
2025-08-25 16:59:27,320 - easytorch-training - INFO - Result <test>: [test/time: 0.52 (s), test/loss: 0.4888, test/MAE: 0.4888, test/MSE: 0.5122]
2025-08-25 16:59:27,349 - easytorch-training - INFO - Checkpoint checkpoints/PatchTST/ETTh1_100_336_720/3e146b316f5be4a37d879a267e804e07/PatchTST_065.pt saved
2025-08-25 16:59:27,349 - easytorch-training - INFO - The estimated training finish time is 2025-08-25 17:02:21
2025-08-25 16:59:27,349 - easytorch-training - INFO - Epoch 66 / 100
2025-08-25 16:59:31,344 - easytorch-training - INFO - Result <train>: [train/time: 3.99 (s), train/lr: 5.00e-05, train/loss: 0.5076, train/MAE: 0.5076, train/MSE: 0.5152]
2025-08-25 16:59:31,345 - easytorch-training - INFO - Start validation.
2025-08-25 16:59:31,871 - easytorch-training - INFO - Result <val>: [val/time: 0.53 (s), val/loss: 0.8433, val/MAE: 0.8433, val/MSE: 1.4864]
2025-08-25 16:59:32,388 - easytorch-training - INFO - Result <test>: [test/time: 0.52 (s), test/loss: 0.4894, test/MAE: 0.4894, test/MSE: 0.5141]
2025-08-25 16:59:32,416 - easytorch-training - INFO - Checkpoint checkpoints/PatchTST/ETTh1_100_336_720/3e146b316f5be4a37d879a267e804e07/PatchTST_066.pt saved
2025-08-25 16:59:32,416 - easytorch-training - INFO - The estimated training finish time is 2025-08-25 17:02:21
2025-08-25 16:59:32,416 - easytorch-training - INFO - Epoch 67 / 100
2025-08-25 16:59:36,392 - easytorch-training - INFO - Result <train>: [train/time: 3.98 (s), train/lr: 5.00e-05, train/loss: 0.5075, train/MAE: 0.5075, train/MSE: 0.5155]
2025-08-25 16:59:36,393 - easytorch-training - INFO - Start validation.
2025-08-25 16:59:36,940 - easytorch-training - INFO - Result <val>: [val/time: 0.55 (s), val/loss: 0.8473, val/MAE: 0.8473, val/MSE: 1.5053]
2025-08-25 16:59:37,442 - easytorch-training - INFO - Result <test>: [test/time: 0.50 (s), test/loss: 0.4895, test/MAE: 0.4895, test/MSE: 0.5125]
2025-08-25 16:59:37,469 - easytorch-training - INFO - Checkpoint checkpoints/PatchTST/ETTh1_100_336_720/3e146b316f5be4a37d879a267e804e07/PatchTST_067.pt saved
2025-08-25 16:59:37,469 - easytorch-training - INFO - The estimated training finish time is 2025-08-25 17:02:21
2025-08-25 16:59:37,469 - easytorch-training - INFO - Epoch 68 / 100
2025-08-25 16:59:41,476 - easytorch-training - INFO - Result <train>: [train/time: 4.01 (s), train/lr: 5.00e-05, train/loss: 0.5071, train/MAE: 0.5071, train/MSE: 0.5146]
2025-08-25 16:59:41,477 - easytorch-training - INFO - Start validation.
2025-08-25 16:59:42,037 - easytorch-training - INFO - Result <val>: [val/time: 0.56 (s), val/loss: 0.8488, val/MAE: 0.8488, val/MSE: 1.5056]
2025-08-25 16:59:42,588 - easytorch-training - INFO - Result <test>: [test/time: 0.55 (s), test/loss: 0.4877, test/MAE: 0.4877, test/MSE: 0.5108]
2025-08-25 16:59:42,625 - easytorch-training - INFO - Checkpoint checkpoints/PatchTST/ETTh1_100_336_720/3e146b316f5be4a37d879a267e804e07/PatchTST_068.pt saved
2025-08-25 16:59:42,625 - easytorch-training - INFO - The estimated training finish time is 2025-08-25 17:02:21
2025-08-25 16:59:42,625 - easytorch-training - INFO - Epoch 69 / 100
2025-08-25 16:59:46,610 - easytorch-training - INFO - Result <train>: [train/time: 3.98 (s), train/lr: 5.00e-05, train/loss: 0.5077, train/MAE: 0.5077, train/MSE: 0.5156]
2025-08-25 16:59:46,611 - easytorch-training - INFO - Start validation.
2025-08-25 16:59:47,141 - easytorch-training - INFO - Result <val>: [val/time: 0.53 (s), val/loss: 0.8464, val/MAE: 0.8464, val/MSE: 1.5002]
2025-08-25 16:59:47,662 - easytorch-training - INFO - Result <test>: [test/time: 0.52 (s), test/loss: 0.4897, test/MAE: 0.4897, test/MSE: 0.5139]
2025-08-25 16:59:47,690 - easytorch-training - INFO - Checkpoint checkpoints/PatchTST/ETTh1_100_336_720/3e146b316f5be4a37d879a267e804e07/PatchTST_069.pt saved
2025-08-25 16:59:47,690 - easytorch-training - INFO - The estimated training finish time is 2025-08-25 17:02:21
2025-08-25 16:59:47,690 - easytorch-training - INFO - Epoch 70 / 100
2025-08-25 16:59:51,767 - easytorch-training - INFO - Result <train>: [train/time: 4.08 (s), train/lr: 5.00e-05, train/loss: 0.5070, train/MAE: 0.5070, train/MSE: 0.5144]
2025-08-25 16:59:51,767 - easytorch-training - INFO - Start validation.
2025-08-25 16:59:52,313 - easytorch-training - INFO - Result <val>: [val/time: 0.55 (s), val/loss: 0.8461, val/MAE: 0.8461, val/MSE: 1.4992]
2025-08-25 16:59:52,863 - easytorch-training - INFO - Result <test>: [test/time: 0.55 (s), test/loss: 0.4893, test/MAE: 0.4893, test/MSE: 0.5124]
2025-08-25 16:59:52,893 - easytorch-training - INFO - Checkpoint checkpoints/PatchTST/ETTh1_100_336_720/3e146b316f5be4a37d879a267e804e07/PatchTST_070.pt saved
2025-08-25 16:59:52,900 - easytorch-training - INFO - The estimated training finish time is 2025-08-25 17:02:22
2025-08-25 16:59:52,900 - easytorch-training - INFO - Epoch 71 / 100
2025-08-25 16:59:56,887 - easytorch-training - INFO - Result <train>: [train/time: 3.99 (s), train/lr: 5.00e-05, train/loss: 0.5071, train/MAE: 0.5071, train/MSE: 0.5145]
2025-08-25 16:59:56,888 - easytorch-training - INFO - Start validation.
2025-08-25 16:59:57,441 - easytorch-training - INFO - Result <val>: [val/time: 0.55 (s), val/loss: 0.8434, val/MAE: 0.8434, val/MSE: 1.4874]
2025-08-25 16:59:57,998 - easytorch-training - INFO - Result <test>: [test/time: 0.56 (s), test/loss: 0.4906, test/MAE: 0.4906, test/MSE: 0.5173]
2025-08-25 16:59:58,026 - easytorch-training - INFO - Checkpoint checkpoints/PatchTST/ETTh1_100_336_720/3e146b316f5be4a37d879a267e804e07/PatchTST_071.pt saved
2025-08-25 16:59:58,026 - easytorch-training - INFO - The estimated training finish time is 2025-08-25 17:02:22
2025-08-25 16:59:58,026 - easytorch-training - INFO - Epoch 72 / 100
2025-08-25 17:00:02,053 - easytorch-training - INFO - Result <train>: [train/time: 4.03 (s), train/lr: 5.00e-05, train/loss: 0.5070, train/MAE: 0.5070, train/MSE: 0.5144]
2025-08-25 17:00:02,054 - easytorch-training - INFO - Start validation.
2025-08-25 17:00:02,588 - easytorch-training - INFO - Result <val>: [val/time: 0.53 (s), val/loss: 0.8442, val/MAE: 0.8442, val/MSE: 1.4923]
2025-08-25 17:00:03,115 - easytorch-training - INFO - Result <test>: [test/time: 0.53 (s), test/loss: 0.4887, test/MAE: 0.4887, test/MSE: 0.5126]
2025-08-25 17:00:03,143 - easytorch-training - INFO - Checkpoint checkpoints/PatchTST/ETTh1_100_336_720/3e146b316f5be4a37d879a267e804e07/PatchTST_072.pt saved
2025-08-25 17:00:03,143 - easytorch-training - INFO - The estimated training finish time is 2025-08-25 17:02:22
2025-08-25 17:00:03,143 - easytorch-training - INFO - Epoch 73 / 100
2025-08-25 17:00:07,133 - easytorch-training - INFO - Result <train>: [train/time: 3.99 (s), train/lr: 5.00e-05, train/loss: 0.5069, train/MAE: 0.5069, train/MSE: 0.5142]
2025-08-25 17:00:07,134 - easytorch-training - INFO - Start validation.
2025-08-25 17:00:07,667 - easytorch-training - INFO - Result <val>: [val/time: 0.53 (s), val/loss: 0.8442, val/MAE: 0.8442, val/MSE: 1.4895]
2025-08-25 17:00:08,199 - easytorch-training - INFO - Result <test>: [test/time: 0.53 (s), test/loss: 0.4883, test/MAE: 0.4883, test/MSE: 0.5132]
2025-08-25 17:00:08,227 - easytorch-training - INFO - Checkpoint checkpoints/PatchTST/ETTh1_100_336_720/3e146b316f5be4a37d879a267e804e07/PatchTST_073.pt saved
2025-08-25 17:00:08,227 - easytorch-training - INFO - The estimated training finish time is 2025-08-25 17:02:22
2025-08-25 17:00:08,227 - easytorch-training - INFO - Epoch 74 / 100
2025-08-25 17:00:12,230 - easytorch-training - INFO - Result <train>: [train/time: 4.00 (s), train/lr: 5.00e-05, train/loss: 0.5069, train/MAE: 0.5069, train/MSE: 0.5142]
2025-08-25 17:00:12,231 - easytorch-training - INFO - Start validation.
2025-08-25 17:00:12,749 - easytorch-training - INFO - Result <val>: [val/time: 0.52 (s), val/loss: 0.8435, val/MAE: 0.8435, val/MSE: 1.4900]
2025-08-25 17:00:13,272 - easytorch-training - INFO - Result <test>: [test/time: 0.52 (s), test/loss: 0.4913, test/MAE: 0.4913, test/MSE: 0.5173]
2025-08-25 17:00:13,299 - easytorch-training - INFO - Checkpoint checkpoints/PatchTST/ETTh1_100_336_720/3e146b316f5be4a37d879a267e804e07/PatchTST_074.pt saved
2025-08-25 17:00:13,299 - easytorch-training - INFO - The estimated training finish time is 2025-08-25 17:02:22
2025-08-25 17:00:13,299 - easytorch-training - INFO - Epoch 75 / 100
2025-08-25 17:00:17,227 - easytorch-training - INFO - Result <train>: [train/time: 3.93 (s), train/lr: 5.00e-05, train/loss: 0.5064, train/MAE: 0.5064, train/MSE: 0.5135]
2025-08-25 17:00:17,228 - easytorch-training - INFO - Start validation.
2025-08-25 17:00:17,728 - easytorch-training - INFO - Result <val>: [val/time: 0.50 (s), val/loss: 0.8473, val/MAE: 0.8473, val/MSE: 1.5048]
2025-08-25 17:00:18,226 - easytorch-training - INFO - Result <test>: [test/time: 0.50 (s), test/loss: 0.4897, test/MAE: 0.4897, test/MSE: 0.5143]
2025-08-25 17:00:18,255 - easytorch-training - INFO - Checkpoint checkpoints/PatchTST/ETTh1_100_336_720/3e146b316f5be4a37d879a267e804e07/PatchTST_075.pt saved
2025-08-25 17:00:18,255 - easytorch-training - INFO - The estimated training finish time is 2025-08-25 17:02:22
2025-08-25 17:00:18,255 - easytorch-training - INFO - Epoch 76 / 100
2025-08-25 17:00:22,262 - easytorch-training - INFO - Result <train>: [train/time: 4.01 (s), train/lr: 5.00e-05, train/loss: 0.5065, train/MAE: 0.5065, train/MSE: 0.5135]
2025-08-25 17:00:22,263 - easytorch-training - INFO - Start validation.
2025-08-25 17:00:22,800 - easytorch-training - INFO - Result <val>: [val/time: 0.54 (s), val/loss: 0.8470, val/MAE: 0.8470, val/MSE: 1.5054]
2025-08-25 17:00:23,324 - easytorch-training - INFO - Result <test>: [test/time: 0.52 (s), test/loss: 0.4901, test/MAE: 0.4901, test/MSE: 0.5163]
2025-08-25 17:00:23,354 - easytorch-training - INFO - Checkpoint checkpoints/PatchTST/ETTh1_100_336_720/3e146b316f5be4a37d879a267e804e07/PatchTST_076.pt saved
2025-08-25 17:00:23,354 - easytorch-training - INFO - The estimated training finish time is 2025-08-25 17:02:23
2025-08-25 17:00:23,354 - easytorch-training - INFO - Epoch 77 / 100
2025-08-25 17:00:27,366 - easytorch-training - INFO - Result <train>: [train/time: 4.01 (s), train/lr: 5.00e-05, train/loss: 0.5062, train/MAE: 0.5062, train/MSE: 0.5132]
2025-08-25 17:00:27,366 - easytorch-training - INFO - Start validation.
2025-08-25 17:00:27,876 - easytorch-training - INFO - Result <val>: [val/time: 0.51 (s), val/loss: 0.8426, val/MAE: 0.8426, val/MSE: 1.4875]
2025-08-25 17:00:28,390 - easytorch-training - INFO - Result <test>: [test/time: 0.51 (s), test/loss: 0.4909, test/MAE: 0.4909, test/MSE: 0.5171]
2025-08-25 17:00:28,418 - easytorch-training - INFO - Checkpoint checkpoints/PatchTST/ETTh1_100_336_720/3e146b316f5be4a37d879a267e804e07/PatchTST_077.pt saved
2025-08-25 17:00:28,418 - easytorch-training - INFO - The estimated training finish time is 2025-08-25 17:02:23
2025-08-25 17:00:28,418 - easytorch-training - INFO - Epoch 78 / 100
2025-08-25 17:00:32,409 - easytorch-training - INFO - Result <train>: [train/time: 3.99 (s), train/lr: 5.00e-05, train/loss: 0.5063, train/MAE: 0.5063, train/MSE: 0.5138]
2025-08-25 17:00:32,411 - easytorch-training - INFO - Start validation.
2025-08-25 17:00:32,949 - easytorch-training - INFO - Result <val>: [val/time: 0.54 (s), val/loss: 0.8445, val/MAE: 0.8445, val/MSE: 1.4950]
2025-08-25 17:00:33,461 - easytorch-training - INFO - Result <test>: [test/time: 0.51 (s), test/loss: 0.4910, test/MAE: 0.4910, test/MSE: 0.5179]
2025-08-25 17:00:33,489 - easytorch-training - INFO - Checkpoint checkpoints/PatchTST/ETTh1_100_336_720/3e146b316f5be4a37d879a267e804e07/PatchTST_078.pt saved
2025-08-25 17:00:33,489 - easytorch-training - INFO - The estimated training finish time is 2025-08-25 17:02:23
2025-08-25 17:00:33,489 - easytorch-training - INFO - Epoch 79 / 100
2025-08-25 17:00:37,520 - easytorch-training - INFO - Result <train>: [train/time: 4.03 (s), train/lr: 5.00e-05, train/loss: 0.5060, train/MAE: 0.5060, train/MSE: 0.5126]
2025-08-25 17:00:37,521 - easytorch-training - INFO - Start validation.
2025-08-25 17:00:38,062 - easytorch-training - INFO - Result <val>: [val/time: 0.54 (s), val/loss: 0.8463, val/MAE: 0.8463, val/MSE: 1.5014]
2025-08-25 17:00:38,606 - easytorch-training - INFO - Result <test>: [test/time: 0.54 (s), test/loss: 0.4910, test/MAE: 0.4910, test/MSE: 0.5179]
2025-08-25 17:00:38,637 - easytorch-training - INFO - Checkpoint checkpoints/PatchTST/ETTh1_100_336_720/3e146b316f5be4a37d879a267e804e07/PatchTST_079.pt saved
2025-08-25 17:00:38,637 - easytorch-training - INFO - The estimated training finish time is 2025-08-25 17:02:23
2025-08-25 17:00:38,638 - easytorch-training - INFO - Epoch 80 / 100
2025-08-25 17:00:42,638 - easytorch-training - INFO - Result <train>: [train/time: 4.00 (s), train/lr: 5.00e-05, train/loss: 0.5061, train/MAE: 0.5061, train/MSE: 0.5130]
2025-08-25 17:00:42,639 - easytorch-training - INFO - Start validation.
2025-08-25 17:00:43,152 - easytorch-training - INFO - Result <val>: [val/time: 0.51 (s), val/loss: 0.8447, val/MAE: 0.8447, val/MSE: 1.4937]
2025-08-25 17:00:43,676 - easytorch-training - INFO - Result <test>: [test/time: 0.52 (s), test/loss: 0.4893, test/MAE: 0.4893, test/MSE: 0.5146]
2025-08-25 17:00:43,703 - easytorch-training - INFO - Checkpoint checkpoints/PatchTST/ETTh1_100_336_720/3e146b316f5be4a37d879a267e804e07/PatchTST_080.pt saved
2025-08-25 17:00:43,710 - easytorch-training - INFO - The estimated training finish time is 2025-08-25 17:02:23
2025-08-25 17:00:43,710 - easytorch-training - INFO - Epoch 81 / 100
2025-08-25 17:00:47,678 - easytorch-training - INFO - Result <train>: [train/time: 3.97 (s), train/lr: 5.00e-05, train/loss: 0.5059, train/MAE: 0.5059, train/MSE: 0.5124]
2025-08-25 17:00:47,679 - easytorch-training - INFO - Start validation.
2025-08-25 17:00:48,174 - easytorch-training - INFO - Result <val>: [val/time: 0.50 (s), val/loss: 0.8472, val/MAE: 0.8472, val/MSE: 1.5068]
2025-08-25 17:00:48,699 - easytorch-training - INFO - Result <test>: [test/time: 0.52 (s), test/loss: 0.4912, test/MAE: 0.4912, test/MSE: 0.5184]
2025-08-25 17:00:48,727 - easytorch-training - INFO - Checkpoint checkpoints/PatchTST/ETTh1_100_336_720/3e146b316f5be4a37d879a267e804e07/PatchTST_081.pt saved
2025-08-25 17:00:48,727 - easytorch-training - INFO - The estimated training finish time is 2025-08-25 17:02:23
2025-08-25 17:00:48,727 - easytorch-training - INFO - Epoch 82 / 100
2025-08-25 17:00:52,691 - easytorch-training - INFO - Result <train>: [train/time: 3.96 (s), train/lr: 5.00e-05, train/loss: 0.5057, train/MAE: 0.5057, train/MSE: 0.5120]
2025-08-25 17:00:52,692 - easytorch-training - INFO - Start validation.
2025-08-25 17:00:53,217 - easytorch-training - INFO - Result <val>: [val/time: 0.53 (s), val/loss: 0.8478, val/MAE: 0.8478, val/MSE: 1.5027]
2025-08-25 17:00:53,731 - easytorch-training - INFO - Result <test>: [test/time: 0.51 (s), test/loss: 0.4898, test/MAE: 0.4898, test/MSE: 0.5149]
2025-08-25 17:00:53,758 - easytorch-training - INFO - Checkpoint checkpoints/PatchTST/ETTh1_100_336_720/3e146b316f5be4a37d879a267e804e07/PatchTST_082.pt saved
2025-08-25 17:00:53,759 - easytorch-training - INFO - The estimated training finish time is 2025-08-25 17:02:23
2025-08-25 17:00:53,759 - easytorch-training - INFO - Epoch 83 / 100
2025-08-25 17:00:57,767 - easytorch-training - INFO - Result <train>: [train/time: 4.01 (s), train/lr: 5.00e-05, train/loss: 0.5055, train/MAE: 0.5055, train/MSE: 0.5118]
2025-08-25 17:00:57,768 - easytorch-training - INFO - Start validation.
2025-08-25 17:00:58,290 - easytorch-training - INFO - Result <val>: [val/time: 0.52 (s), val/loss: 0.8456, val/MAE: 0.8456, val/MSE: 1.5027]
2025-08-25 17:00:58,816 - easytorch-training - INFO - Result <test>: [test/time: 0.52 (s), test/loss: 0.4916, test/MAE: 0.4916, test/MSE: 0.5183]
2025-08-25 17:00:58,843 - easytorch-training - INFO - Checkpoint checkpoints/PatchTST/ETTh1_100_336_720/3e146b316f5be4a37d879a267e804e07/PatchTST_083.pt saved
2025-08-25 17:00:58,843 - easytorch-training - INFO - The estimated training finish time is 2025-08-25 17:02:23
2025-08-25 17:00:58,843 - easytorch-training - INFO - Epoch 84 / 100
2025-08-25 17:01:02,839 - easytorch-training - INFO - Result <train>: [train/time: 4.00 (s), train/lr: 5.00e-05, train/loss: 0.5052, train/MAE: 0.5052, train/MSE: 0.5113]
2025-08-25 17:01:02,840 - easytorch-training - INFO - Start validation.
2025-08-25 17:01:03,338 - easytorch-training - INFO - Result <val>: [val/time: 0.50 (s), val/loss: 0.8490, val/MAE: 0.8490, val/MSE: 1.5135]
2025-08-25 17:01:03,824 - easytorch-training - INFO - Result <test>: [test/time: 0.48 (s), test/loss: 0.4913, test/MAE: 0.4913, test/MSE: 0.5177]
2025-08-25 17:01:03,852 - easytorch-training - INFO - Checkpoint checkpoints/PatchTST/ETTh1_100_336_720/3e146b316f5be4a37d879a267e804e07/PatchTST_084.pt saved
2025-08-25 17:01:03,852 - easytorch-training - INFO - The estimated training finish time is 2025-08-25 17:02:23
2025-08-25 17:01:03,852 - easytorch-training - INFO - Epoch 85 / 100
2025-08-25 17:01:07,830 - easytorch-training - INFO - Result <train>: [train/time: 3.98 (s), train/lr: 5.00e-05, train/loss: 0.5049, train/MAE: 0.5049, train/MSE: 0.5106]
2025-08-25 17:01:07,831 - easytorch-training - INFO - Start validation.
2025-08-25 17:01:08,340 - easytorch-training - INFO - Result <val>: [val/time: 0.51 (s), val/loss: 0.8462, val/MAE: 0.8462, val/MSE: 1.5016]
2025-08-25 17:01:08,838 - easytorch-training - INFO - Result <test>: [test/time: 0.50 (s), test/loss: 0.4902, test/MAE: 0.4902, test/MSE: 0.5148]
2025-08-25 17:01:08,867 - easytorch-training - INFO - Checkpoint checkpoints/PatchTST/ETTh1_100_336_720/3e146b316f5be4a37d879a267e804e07/PatchTST_085.pt saved
2025-08-25 17:01:08,867 - easytorch-training - INFO - The estimated training finish time is 2025-08-25 17:02:23
2025-08-25 17:01:08,867 - easytorch-training - INFO - Epoch 86 / 100
2025-08-25 17:01:12,848 - easytorch-training - INFO - Result <train>: [train/time: 3.98 (s), train/lr: 5.00e-05, train/loss: 0.5052, train/MAE: 0.5052, train/MSE: 0.5113]
2025-08-25 17:01:12,849 - easytorch-training - INFO - Start validation.
2025-08-25 17:01:13,394 - easytorch-training - INFO - Result <val>: [val/time: 0.55 (s), val/loss: 0.8475, val/MAE: 0.8475, val/MSE: 1.5042]
2025-08-25 17:01:13,932 - easytorch-training - INFO - Result <test>: [test/time: 0.54 (s), test/loss: 0.4920, test/MAE: 0.4920, test/MSE: 0.5194]
2025-08-25 17:01:13,960 - easytorch-training - INFO - Checkpoint checkpoints/PatchTST/ETTh1_100_336_720/3e146b316f5be4a37d879a267e804e07/PatchTST_086.pt saved
2025-08-25 17:01:13,960 - easytorch-training - INFO - The estimated training finish time is 2025-08-25 17:02:23
2025-08-25 17:01:13,960 - easytorch-training - INFO - Epoch 87 / 100
2025-08-25 17:01:17,909 - easytorch-training - INFO - Result <train>: [train/time: 3.95 (s), train/lr: 5.00e-05, train/loss: 0.5054, train/MAE: 0.5054, train/MSE: 0.5113]
2025-08-25 17:01:17,909 - easytorch-training - INFO - Start validation.
2025-08-25 17:01:18,444 - easytorch-training - INFO - Result <val>: [val/time: 0.53 (s), val/loss: 0.8476, val/MAE: 0.8476, val/MSE: 1.5099]
2025-08-25 17:01:18,968 - easytorch-training - INFO - Result <test>: [test/time: 0.52 (s), test/loss: 0.4916, test/MAE: 0.4916, test/MSE: 0.5189]
2025-08-25 17:01:18,996 - easytorch-training - INFO - Checkpoint checkpoints/PatchTST/ETTh1_100_336_720/3e146b316f5be4a37d879a267e804e07/PatchTST_087.pt saved
2025-08-25 17:01:18,996 - easytorch-training - INFO - The estimated training finish time is 2025-08-25 17:02:23
2025-08-25 17:01:18,997 - easytorch-training - INFO - Epoch 88 / 100
2025-08-25 17:01:22,972 - easytorch-training - INFO - Result <train>: [train/time: 3.98 (s), train/lr: 5.00e-05, train/loss: 0.5051, train/MAE: 0.5051, train/MSE: 0.5105]
2025-08-25 17:01:22,974 - easytorch-training - INFO - Start validation.
2025-08-25 17:01:23,477 - easytorch-training - INFO - Result <val>: [val/time: 0.50 (s), val/loss: 0.8493, val/MAE: 0.8493, val/MSE: 1.5174]
2025-08-25 17:01:23,996 - easytorch-training - INFO - Result <test>: [test/time: 0.52 (s), test/loss: 0.4923, test/MAE: 0.4923, test/MSE: 0.5206]
2025-08-25 17:01:24,025 - easytorch-training - INFO - Checkpoint checkpoints/PatchTST/ETTh1_100_336_720/3e146b316f5be4a37d879a267e804e07/PatchTST_088.pt saved
2025-08-25 17:01:24,025 - easytorch-training - INFO - The estimated training finish time is 2025-08-25 17:02:23
2025-08-25 17:01:24,025 - easytorch-training - INFO - Epoch 89 / 100
2025-08-25 17:01:28,035 - easytorch-training - INFO - Result <train>: [train/time: 4.01 (s), train/lr: 5.00e-05, train/loss: 0.5050, train/MAE: 0.5050, train/MSE: 0.5112]
2025-08-25 17:01:28,035 - easytorch-training - INFO - Start validation.
2025-08-25 17:01:28,560 - easytorch-training - INFO - Result <val>: [val/time: 0.52 (s), val/loss: 0.8498, val/MAE: 0.8498, val/MSE: 1.5155]
2025-08-25 17:01:29,089 - easytorch-training - INFO - Result <test>: [test/time: 0.53 (s), test/loss: 0.4922, test/MAE: 0.4922, test/MSE: 0.5197]
2025-08-25 17:01:29,117 - easytorch-training - INFO - Checkpoint checkpoints/PatchTST/ETTh1_100_336_720/3e146b316f5be4a37d879a267e804e07/PatchTST_089.pt saved
2025-08-25 17:01:29,118 - easytorch-training - INFO - The estimated training finish time is 2025-08-25 17:02:24
2025-08-25 17:01:29,118 - easytorch-training - INFO - Epoch 90 / 100
2025-08-25 17:01:33,125 - easytorch-training - INFO - Result <train>: [train/time: 4.01 (s), train/lr: 5.00e-05, train/loss: 0.5052, train/MAE: 0.5052, train/MSE: 0.5108]
2025-08-25 17:01:33,126 - easytorch-training - INFO - Start validation.
2025-08-25 17:01:33,648 - easytorch-training - INFO - Result <val>: [val/time: 0.52 (s), val/loss: 0.8471, val/MAE: 0.8471, val/MSE: 1.5114]
2025-08-25 17:01:34,180 - easytorch-training - INFO - Result <test>: [test/time: 0.53 (s), test/loss: 0.4924, test/MAE: 0.4924, test/MSE: 0.5190]
2025-08-25 17:01:34,210 - easytorch-training - INFO - Checkpoint checkpoints/PatchTST/ETTh1_100_336_720/3e146b316f5be4a37d879a267e804e07/PatchTST_090.pt saved
2025-08-25 17:01:34,216 - easytorch-training - INFO - The estimated training finish time is 2025-08-25 17:02:24
2025-08-25 17:01:34,216 - easytorch-training - INFO - Epoch 91 / 100
2025-08-25 17:01:38,222 - easytorch-training - INFO - Result <train>: [train/time: 4.01 (s), train/lr: 5.00e-05, train/loss: 0.5049, train/MAE: 0.5049, train/MSE: 0.5106]
2025-08-25 17:01:38,223 - easytorch-training - INFO - Start validation.
2025-08-25 17:01:38,740 - easytorch-training - INFO - Result <val>: [val/time: 0.52 (s), val/loss: 0.8473, val/MAE: 0.8473, val/MSE: 1.5100]
2025-08-25 17:01:39,267 - easytorch-training - INFO - Result <test>: [test/time: 0.53 (s), test/loss: 0.4928, test/MAE: 0.4928, test/MSE: 0.5206]
2025-08-25 17:01:39,294 - easytorch-training - INFO - Checkpoint checkpoints/PatchTST/ETTh1_100_336_720/3e146b316f5be4a37d879a267e804e07/PatchTST_091.pt saved
2025-08-25 17:01:39,295 - easytorch-training - INFO - The estimated training finish time is 2025-08-25 17:02:24
2025-08-25 17:01:39,295 - easytorch-training - INFO - Epoch 92 / 100
2025-08-25 17:01:43,281 - easytorch-training - INFO - Result <train>: [train/time: 3.99 (s), train/lr: 5.00e-05, train/loss: 0.5047, train/MAE: 0.5047, train/MSE: 0.5103]
2025-08-25 17:01:43,281 - easytorch-training - INFO - Start validation.
2025-08-25 17:01:43,809 - easytorch-training - INFO - Result <val>: [val/time: 0.53 (s), val/loss: 0.8467, val/MAE: 0.8467, val/MSE: 1.5065]
2025-08-25 17:01:44,329 - easytorch-training - INFO - Result <test>: [test/time: 0.52 (s), test/loss: 0.4939, test/MAE: 0.4939, test/MSE: 0.5226]
2025-08-25 17:01:44,357 - easytorch-training - INFO - Checkpoint checkpoints/PatchTST/ETTh1_100_336_720/3e146b316f5be4a37d879a267e804e07/PatchTST_092.pt saved
2025-08-25 17:01:44,357 - easytorch-training - INFO - The estimated training finish time is 2025-08-25 17:02:24
2025-08-25 17:01:44,357 - easytorch-training - INFO - Epoch 93 / 100
2025-08-25 17:01:48,346 - easytorch-training - INFO - Result <train>: [train/time: 3.99 (s), train/lr: 5.00e-05, train/loss: 0.5045, train/MAE: 0.5045, train/MSE: 0.5094]
2025-08-25 17:01:48,347 - easytorch-training - INFO - Start validation.
2025-08-25 17:01:48,843 - easytorch-training - INFO - Result <val>: [val/time: 0.50 (s), val/loss: 0.8495, val/MAE: 0.8495, val/MSE: 1.5163]
2025-08-25 17:01:49,354 - easytorch-training - INFO - Result <test>: [test/time: 0.51 (s), test/loss: 0.4932, test/MAE: 0.4932, test/MSE: 0.5214]
2025-08-25 17:01:49,382 - easytorch-training - INFO - Checkpoint checkpoints/PatchTST/ETTh1_100_336_720/3e146b316f5be4a37d879a267e804e07/PatchTST_093.pt saved
2025-08-25 17:01:49,382 - easytorch-training - INFO - The estimated training finish time is 2025-08-25 17:02:24
2025-08-25 17:01:49,382 - easytorch-training - INFO - Epoch 94 / 100
2025-08-25 17:01:53,325 - easytorch-training - INFO - Result <train>: [train/time: 3.94 (s), train/lr: 5.00e-05, train/loss: 0.5044, train/MAE: 0.5044, train/MSE: 0.5095]
2025-08-25 17:01:53,326 - easytorch-training - INFO - Start validation.
2025-08-25 17:01:53,836 - easytorch-training - INFO - Result <val>: [val/time: 0.51 (s), val/loss: 0.8467, val/MAE: 0.8467, val/MSE: 1.5059]
2025-08-25 17:01:54,358 - easytorch-training - INFO - Result <test>: [test/time: 0.52 (s), test/loss: 0.4933, test/MAE: 0.4933, test/MSE: 0.5219]
2025-08-25 17:01:54,387 - easytorch-training - INFO - Checkpoint checkpoints/PatchTST/ETTh1_100_336_720/3e146b316f5be4a37d879a267e804e07/PatchTST_094.pt saved
2025-08-25 17:01:54,387 - easytorch-training - INFO - The estimated training finish time is 2025-08-25 17:02:24
2025-08-25 17:01:54,387 - easytorch-training - INFO - Epoch 95 / 100
2025-08-25 17:01:58,387 - easytorch-training - INFO - Result <train>: [train/time: 4.00 (s), train/lr: 5.00e-05, train/loss: 0.5045, train/MAE: 0.5045, train/MSE: 0.5098]
2025-08-25 17:01:58,388 - easytorch-training - INFO - Start validation.
2025-08-25 17:01:58,917 - easytorch-training - INFO - Result <val>: [val/time: 0.53 (s), val/loss: 0.8503, val/MAE: 0.8503, val/MSE: 1.5196]
2025-08-25 17:01:59,443 - easytorch-training - INFO - Result <test>: [test/time: 0.52 (s), test/loss: 0.4908, test/MAE: 0.4908, test/MSE: 0.5182]
2025-08-25 17:01:59,470 - easytorch-training - INFO - Checkpoint checkpoints/PatchTST/ETTh1_100_336_720/3e146b316f5be4a37d879a267e804e07/PatchTST_095.pt saved
2025-08-25 17:01:59,470 - easytorch-training - INFO - The estimated training finish time is 2025-08-25 17:02:24
2025-08-25 17:01:59,470 - easytorch-training - INFO - Epoch 96 / 100
2025-08-25 17:02:03,443 - easytorch-training - INFO - Result <train>: [train/time: 3.97 (s), train/lr: 5.00e-05, train/loss: 0.5044, train/MAE: 0.5044, train/MSE: 0.5094]
2025-08-25 17:02:03,444 - easytorch-training - INFO - Start validation.
2025-08-25 17:02:03,957 - easytorch-training - INFO - Result <val>: [val/time: 0.51 (s), val/loss: 0.8496, val/MAE: 0.8496, val/MSE: 1.5186]
2025-08-25 17:02:04,476 - easytorch-training - INFO - Result <test>: [test/time: 0.52 (s), test/loss: 0.4919, test/MAE: 0.4919, test/MSE: 0.5204]
2025-08-25 17:02:04,505 - easytorch-training - INFO - Checkpoint checkpoints/PatchTST/ETTh1_100_336_720/3e146b316f5be4a37d879a267e804e07/PatchTST_096.pt saved
2025-08-25 17:02:04,505 - easytorch-training - INFO - The estimated training finish time is 2025-08-25 17:02:24
2025-08-25 17:02:04,505 - easytorch-training - INFO - Epoch 97 / 100
2025-08-25 17:02:08,498 - easytorch-training - INFO - Result <train>: [train/time: 3.99 (s), train/lr: 5.00e-05, train/loss: 0.5046, train/MAE: 0.5046, train/MSE: 0.5099]
2025-08-25 17:02:08,499 - easytorch-training - INFO - Start validation.
2025-08-25 17:02:09,009 - easytorch-training - INFO - Result <val>: [val/time: 0.51 (s), val/loss: 0.8519, val/MAE: 0.8519, val/MSE: 1.5269]
2025-08-25 17:02:09,530 - easytorch-training - INFO - Result <test>: [test/time: 0.52 (s), test/loss: 0.4898, test/MAE: 0.4898, test/MSE: 0.5162]
2025-08-25 17:02:09,559 - easytorch-training - INFO - Checkpoint checkpoints/PatchTST/ETTh1_100_336_720/3e146b316f5be4a37d879a267e804e07/PatchTST_097.pt saved
2025-08-25 17:02:09,559 - easytorch-training - INFO - The estimated training finish time is 2025-08-25 17:02:24
2025-08-25 17:02:09,559 - easytorch-training - INFO - Epoch 98 / 100
2025-08-25 17:02:13,657 - easytorch-training - INFO - Result <train>: [train/time: 4.10 (s), train/lr: 5.00e-05, train/loss: 0.5042, train/MAE: 0.5042, train/MSE: 0.5090]
2025-08-25 17:02:13,659 - easytorch-training - INFO - Start validation.
2025-08-25 17:02:14,167 - easytorch-training - INFO - Result <val>: [val/time: 0.51 (s), val/loss: 0.8496, val/MAE: 0.8496, val/MSE: 1.5181]
2025-08-25 17:02:14,671 - easytorch-training - INFO - Result <test>: [test/time: 0.50 (s), test/loss: 0.4926, test/MAE: 0.4926, test/MSE: 0.5224]
2025-08-25 17:02:14,701 - easytorch-training - INFO - Checkpoint checkpoints/PatchTST/ETTh1_100_336_720/3e146b316f5be4a37d879a267e804e07/PatchTST_098.pt saved
2025-08-25 17:02:14,701 - easytorch-training - INFO - The estimated training finish time is 2025-08-25 17:02:24
2025-08-25 17:02:14,701 - easytorch-training - INFO - Epoch 99 / 100
2025-08-25 17:02:18,725 - easytorch-training - INFO - Result <train>: [train/time: 4.02 (s), train/lr: 5.00e-05, train/loss: 0.5039, train/MAE: 0.5039, train/MSE: 0.5086]
2025-08-25 17:02:18,726 - easytorch-training - INFO - Start validation.
2025-08-25 17:02:19,245 - easytorch-training - INFO - Result <val>: [val/time: 0.52 (s), val/loss: 0.8546, val/MAE: 0.8546, val/MSE: 1.5386]
2025-08-25 17:02:19,758 - easytorch-training - INFO - Result <test>: [test/time: 0.51 (s), test/loss: 0.4933, test/MAE: 0.4933, test/MSE: 0.5227]
2025-08-25 17:02:19,786 - easytorch-training - INFO - Checkpoint checkpoints/PatchTST/ETTh1_100_336_720/3e146b316f5be4a37d879a267e804e07/PatchTST_099.pt saved
2025-08-25 17:02:19,786 - easytorch-training - INFO - The estimated training finish time is 2025-08-25 17:02:24
2025-08-25 17:02:19,786 - easytorch-training - INFO - Epoch 100 / 100
2025-08-25 17:02:23,757 - easytorch-training - INFO - Result <train>: [train/time: 3.97 (s), train/lr: 5.00e-05, train/loss: 0.5039, train/MAE: 0.5039, train/MSE: 0.5089]
2025-08-25 17:02:23,758 - easytorch-training - INFO - Start validation.
2025-08-25 17:02:24,271 - easytorch-training - INFO - Result <val>: [val/time: 0.51 (s), val/loss: 0.8523, val/MAE: 0.8523, val/MSE: 1.5312]
2025-08-25 17:02:24,775 - easytorch-training - INFO - Result <test>: [test/time: 0.50 (s), test/loss: 0.4930, test/MAE: 0.4930, test/MSE: 0.5208]
2025-08-25 17:02:24,803 - easytorch-training - INFO - Checkpoint checkpoints/PatchTST/ETTh1_100_336_720/3e146b316f5be4a37d879a267e804e07/PatchTST_100.pt saved
2025-08-25 17:02:24,810 - easytorch-training - INFO - The training finished at 2025-08-25 17:02:24
2025-08-25 17:02:24,810 - easytorch-training - INFO - Evaluating the best model on the test set.
2025-08-25 17:02:24,810 - easytorch-training - INFO - Loading Checkpoint from 'checkpoints/PatchTST/ETTh1_100_336_720/3e146b316f5be4a37d879a267e804e07/PatchTST_best_val_MAE.pt'
2025-08-25 17:02:25,339 - easytorch-training - INFO - Result <test>: [test/time: 0.49 (s), test/loss: 0.4623, test/MAE: 0.4623, test/MSE: 0.4577]
2025-08-25 17:02:25,341 - easytorch-training - INFO - Test metrics saved to checkpoints/PatchTST/ETTh1_100_336_720/3e146b316f5be4a37d879a267e804e07/test_metrics.json.
