2025-08-26 11:10:00,906 - easytorch-training - INFO - Initializing training.
2025-08-26 11:10:00,906 - easytorch-training - INFO - Set clip grad, param: {'max_norm': 5.0}
2025-08-26 11:10:00,906 - easytorch-training - INFO - Building training data loader.
2025-08-26 11:10:00,908 - easytorch-training - INFO - Train dataset length: 34033
2025-08-26 11:10:01,984 - easytorch-training - INFO - Set optim: Adam (
Parameter Group 0
    amsgrad: False
    betas: (0.9, 0.999)
    capturable: False
    differentiable: False
    eps: 1e-08
    foreach: None
    fused: None
    lr: 0.0003
    maximize: False
    weight_decay: 0.0001
)
2025-08-26 11:10:01,984 - easytorch-training - INFO - Set lr_scheduler: <torch.optim.lr_scheduler.MultiStepLR object at 0x7f588fa6e470>
2025-08-26 11:10:01,985 - easytorch-training - INFO - Initializing validation.
2025-08-26 11:10:01,985 - easytorch-training - INFO - Building val data loader.
2025-08-26 11:10:01,987 - easytorch-training - INFO - Validation dataset length: 10993
2025-08-26 11:10:01,988 - easytorch-training - INFO - Test dataset length: 10993
2025-08-26 11:10:01,988 - easytorch-training - INFO - Number of parameters: 129408
2025-08-26 11:10:01,989 - easytorch-training - INFO - Epoch 1 / 100
2025-08-26 11:10:05,487 - easytorch-training - INFO - Result <train>: [train/time: 3.50 (s), train/lr: 3.00e-04, train/loss: 0.3249, train/MAE: 0.3249, train/MSE: 0.3490]
2025-08-26 11:10:05,488 - easytorch-training - INFO - Start validation.
2025-08-26 11:10:06,249 - easytorch-training - INFO - Result <val>: [val/time: 0.76 (s), val/loss: 0.2742, val/MAE: 0.2742, val/MSE: 0.1602]
2025-08-26 11:10:06,254 - easytorch-training - INFO - Checkpoint checkpoints/DLinear/ETTm2_100_336_192/5cc3a6ae53d6e6117217f1da667e5aec/DLinear_best_val_MAE.pt saved
2025-08-26 11:10:07,063 - easytorch-training - INFO - Result <test>: [test/time: 0.81 (s), test/loss: 0.3035, test/MAE: 0.3035, test/MSE: 0.2342]
2025-08-26 11:10:07,067 - easytorch-training - INFO - Checkpoint checkpoints/DLinear/ETTm2_100_336_192/5cc3a6ae53d6e6117217f1da667e5aec/DLinear_001.pt saved
2025-08-26 11:10:07,067 - easytorch-training - INFO - The estimated training finish time is 2025-08-26 11:18:29
2025-08-26 11:10:07,067 - easytorch-training - INFO - Epoch 2 / 100
2025-08-26 11:10:10,232 - easytorch-training - INFO - Result <train>: [train/time: 3.16 (s), train/lr: 1.50e-04, train/loss: 0.2988, train/MAE: 0.2988, train/MSE: 0.3082]
2025-08-26 11:10:10,233 - easytorch-training - INFO - Start validation.
2025-08-26 11:10:11,014 - easytorch-training - INFO - Result <val>: [val/time: 0.78 (s), val/loss: 0.2699, val/MAE: 0.2699, val/MSE: 0.1573]
2025-08-26 11:10:11,020 - easytorch-training - INFO - Checkpoint checkpoints/DLinear/ETTm2_100_336_192/5cc3a6ae53d6e6117217f1da667e5aec/DLinear_best_val_MAE.pt saved
2025-08-26 11:10:11,783 - easytorch-training - INFO - Result <test>: [test/time: 0.76 (s), test/loss: 0.2957, test/MAE: 0.2957, test/MSE: 0.2292]
2025-08-26 11:10:11,787 - easytorch-training - INFO - Checkpoint checkpoints/DLinear/ETTm2_100_336_192/5cc3a6ae53d6e6117217f1da667e5aec/DLinear_002.pt saved
2025-08-26 11:10:11,787 - easytorch-training - INFO - The estimated training finish time is 2025-08-26 11:18:11
2025-08-26 11:10:11,787 - easytorch-training - INFO - Epoch 3 / 100
2025-08-26 11:10:14,972 - easytorch-training - INFO - Result <train>: [train/time: 3.18 (s), train/lr: 1.50e-04, train/loss: 0.2974, train/MAE: 0.2974, train/MSE: 0.3059]
2025-08-26 11:10:14,973 - easytorch-training - INFO - Start validation.
2025-08-26 11:10:15,754 - easytorch-training - INFO - Result <val>: [val/time: 0.78 (s), val/loss: 0.2690, val/MAE: 0.2690, val/MSE: 0.1568]
2025-08-26 11:10:15,758 - easytorch-training - INFO - Checkpoint checkpoints/DLinear/ETTm2_100_336_192/5cc3a6ae53d6e6117217f1da667e5aec/DLinear_best_val_MAE.pt saved
2025-08-26 11:10:16,551 - easytorch-training - INFO - Result <test>: [test/time: 0.79 (s), test/loss: 0.2943, test/MAE: 0.2943, test/MSE: 0.2284]
2025-08-26 11:10:16,558 - easytorch-training - INFO - Checkpoint checkpoints/DLinear/ETTm2_100_336_192/5cc3a6ae53d6e6117217f1da667e5aec/DLinear_003.pt saved
2025-08-26 11:10:16,558 - easytorch-training - INFO - The estimated training finish time is 2025-08-26 11:18:07
2025-08-26 11:10:16,558 - easytorch-training - INFO - Epoch 4 / 100
2025-08-26 11:10:19,734 - easytorch-training - INFO - Result <train>: [train/time: 3.18 (s), train/lr: 1.50e-04, train/loss: 0.2968, train/MAE: 0.2968, train/MSE: 0.3052]
2025-08-26 11:10:19,735 - easytorch-training - INFO - Start validation.
2025-08-26 11:10:20,494 - easytorch-training - INFO - Result <val>: [val/time: 0.76 (s), val/loss: 0.2681, val/MAE: 0.2681, val/MSE: 0.1560]
2025-08-26 11:10:20,498 - easytorch-training - INFO - Checkpoint checkpoints/DLinear/ETTm2_100_336_192/5cc3a6ae53d6e6117217f1da667e5aec/DLinear_best_val_MAE.pt saved
2025-08-26 11:10:21,295 - easytorch-training - INFO - Result <test>: [test/time: 0.80 (s), test/loss: 0.2928, test/MAE: 0.2928, test/MSE: 0.2267]
2025-08-26 11:10:21,299 - easytorch-training - INFO - Checkpoint checkpoints/DLinear/ETTm2_100_336_192/5cc3a6ae53d6e6117217f1da667e5aec/DLinear_004.pt saved
2025-08-26 11:10:21,299 - easytorch-training - INFO - The estimated training finish time is 2025-08-26 11:18:04
2025-08-26 11:10:21,299 - easytorch-training - INFO - Epoch 5 / 100
2025-08-26 11:10:24,457 - easytorch-training - INFO - Result <train>: [train/time: 3.16 (s), train/lr: 1.50e-04, train/loss: 0.2966, train/MAE: 0.2966, train/MSE: 0.3046]
2025-08-26 11:10:24,458 - easytorch-training - INFO - Start validation.
2025-08-26 11:10:25,234 - easytorch-training - INFO - Result <val>: [val/time: 0.78 (s), val/loss: 0.2696, val/MAE: 0.2696, val/MSE: 0.1565]
2025-08-26 11:10:26,015 - easytorch-training - INFO - Result <test>: [test/time: 0.78 (s), test/loss: 0.2963, test/MAE: 0.2963, test/MSE: 0.2279]
2025-08-26 11:10:26,019 - easytorch-training - INFO - Checkpoint checkpoints/DLinear/ETTm2_100_336_192/5cc3a6ae53d6e6117217f1da667e5aec/DLinear_005.pt saved
2025-08-26 11:10:26,019 - easytorch-training - INFO - The estimated training finish time is 2025-08-26 11:18:02
2025-08-26 11:10:26,020 - easytorch-training - INFO - Epoch 6 / 100
2025-08-26 11:10:29,195 - easytorch-training - INFO - Result <train>: [train/time: 3.18 (s), train/lr: 1.50e-04, train/loss: 0.2964, train/MAE: 0.2964, train/MSE: 0.3046]
2025-08-26 11:10:29,196 - easytorch-training - INFO - Start validation.
2025-08-26 11:10:29,980 - easytorch-training - INFO - Result <val>: [val/time: 0.78 (s), val/loss: 0.2680, val/MAE: 0.2680, val/MSE: 0.1561]
2025-08-26 11:10:29,984 - easytorch-training - INFO - Checkpoint checkpoints/DLinear/ETTm2_100_336_192/5cc3a6ae53d6e6117217f1da667e5aec/DLinear_best_val_MAE.pt saved
2025-08-26 11:10:30,778 - easytorch-training - INFO - Result <test>: [test/time: 0.79 (s), test/loss: 0.2928, test/MAE: 0.2928, test/MSE: 0.2269]
2025-08-26 11:10:30,783 - easytorch-training - INFO - Checkpoint checkpoints/DLinear/ETTm2_100_336_192/5cc3a6ae53d6e6117217f1da667e5aec/DLinear_006.pt saved
2025-08-26 11:10:30,783 - easytorch-training - INFO - The estimated training finish time is 2025-08-26 11:18:01
2025-08-26 11:10:30,783 - easytorch-training - INFO - Epoch 7 / 100
2025-08-26 11:10:33,965 - easytorch-training - INFO - Result <train>: [train/time: 3.18 (s), train/lr: 1.50e-04, train/loss: 0.2964, train/MAE: 0.2964, train/MSE: 0.3046]
2025-08-26 11:10:33,965 - easytorch-training - INFO - Start validation.
2025-08-26 11:10:34,725 - easytorch-training - INFO - Result <val>: [val/time: 0.76 (s), val/loss: 0.2689, val/MAE: 0.2689, val/MSE: 0.1560]
2025-08-26 11:10:35,487 - easytorch-training - INFO - Result <test>: [test/time: 0.76 (s), test/loss: 0.2948, test/MAE: 0.2948, test/MSE: 0.2264]
2025-08-26 11:10:35,491 - easytorch-training - INFO - Checkpoint checkpoints/DLinear/ETTm2_100_336_192/5cc3a6ae53d6e6117217f1da667e5aec/DLinear_007.pt saved
2025-08-26 11:10:35,491 - easytorch-training - INFO - The estimated training finish time is 2025-08-26 11:18:00
2025-08-26 11:10:35,491 - easytorch-training - INFO - Epoch 8 / 100
2025-08-26 11:10:38,670 - easytorch-training - INFO - Result <train>: [train/time: 3.18 (s), train/lr: 1.50e-04, train/loss: 0.2963, train/MAE: 0.2963, train/MSE: 0.3041]
2025-08-26 11:10:38,670 - easytorch-training - INFO - Start validation.
2025-08-26 11:10:39,446 - easytorch-training - INFO - Result <val>: [val/time: 0.78 (s), val/loss: 0.2700, val/MAE: 0.2700, val/MSE: 0.1572]
2025-08-26 11:10:40,238 - easytorch-training - INFO - Result <test>: [test/time: 0.79 (s), test/loss: 0.2967, test/MAE: 0.2967, test/MSE: 0.2293]
2025-08-26 11:10:40,241 - easytorch-training - INFO - Checkpoint checkpoints/DLinear/ETTm2_100_336_192/5cc3a6ae53d6e6117217f1da667e5aec/DLinear_008.pt saved
2025-08-26 11:10:40,241 - easytorch-training - INFO - The estimated training finish time is 2025-08-26 11:18:00
2025-08-26 11:10:40,241 - easytorch-training - INFO - Epoch 9 / 100
2025-08-26 11:10:43,413 - easytorch-training - INFO - Result <train>: [train/time: 3.17 (s), train/lr: 1.50e-04, train/loss: 0.2964, train/MAE: 0.2964, train/MSE: 0.3045]
2025-08-26 11:10:43,414 - easytorch-training - INFO - Start validation.
2025-08-26 11:10:44,186 - easytorch-training - INFO - Result <val>: [val/time: 0.77 (s), val/loss: 0.2676, val/MAE: 0.2676, val/MSE: 0.1559]
2025-08-26 11:10:44,190 - easytorch-training - INFO - Checkpoint checkpoints/DLinear/ETTm2_100_336_192/5cc3a6ae53d6e6117217f1da667e5aec/DLinear_best_val_MAE.pt saved
2025-08-26 11:10:44,948 - easytorch-training - INFO - Result <test>: [test/time: 0.76 (s), test/loss: 0.2918, test/MAE: 0.2918, test/MSE: 0.2268]
2025-08-26 11:10:44,952 - easytorch-training - INFO - Checkpoint checkpoints/DLinear/ETTm2_100_336_192/5cc3a6ae53d6e6117217f1da667e5aec/DLinear_009.pt saved
2025-08-26 11:10:44,952 - easytorch-training - INFO - The estimated training finish time is 2025-08-26 11:17:59
2025-08-26 11:10:44,952 - easytorch-training - INFO - Epoch 10 / 100
2025-08-26 11:10:48,194 - easytorch-training - INFO - Result <train>: [train/time: 3.24 (s), train/lr: 1.50e-04, train/loss: 0.2963, train/MAE: 0.2963, train/MSE: 0.3043]
2025-08-26 11:10:48,195 - easytorch-training - INFO - Start validation.
2025-08-26 11:10:48,974 - easytorch-training - INFO - Result <val>: [val/time: 0.78 (s), val/loss: 0.2687, val/MAE: 0.2687, val/MSE: 0.1559]
2025-08-26 11:10:49,773 - easytorch-training - INFO - Result <test>: [test/time: 0.80 (s), test/loss: 0.2943, test/MAE: 0.2943, test/MSE: 0.2270]
2025-08-26 11:10:49,776 - easytorch-training - INFO - Checkpoint checkpoints/DLinear/ETTm2_100_336_192/5cc3a6ae53d6e6117217f1da667e5aec/DLinear_010.pt saved
2025-08-26 11:10:49,778 - easytorch-training - INFO - The estimated training finish time is 2025-08-26 11:17:59
2025-08-26 11:10:49,778 - easytorch-training - INFO - Epoch 11 / 100
2025-08-26 11:10:52,966 - easytorch-training - INFO - Result <train>: [train/time: 3.19 (s), train/lr: 1.50e-04, train/loss: 0.2963, train/MAE: 0.2963, train/MSE: 0.3043]
2025-08-26 11:10:52,967 - easytorch-training - INFO - Start validation.
2025-08-26 11:10:53,729 - easytorch-training - INFO - Result <val>: [val/time: 0.76 (s), val/loss: 0.2686, val/MAE: 0.2686, val/MSE: 0.1565]
2025-08-26 11:10:54,525 - easytorch-training - INFO - Result <test>: [test/time: 0.79 (s), test/loss: 0.2938, test/MAE: 0.2938, test/MSE: 0.2280]
2025-08-26 11:10:54,528 - easytorch-training - INFO - Checkpoint checkpoints/DLinear/ETTm2_100_336_192/5cc3a6ae53d6e6117217f1da667e5aec/DLinear_011.pt saved
2025-08-26 11:10:54,528 - easytorch-training - INFO - The estimated training finish time is 2025-08-26 11:17:59
2025-08-26 11:10:54,528 - easytorch-training - INFO - Epoch 12 / 100
2025-08-26 11:10:57,693 - easytorch-training - INFO - Result <train>: [train/time: 3.16 (s), train/lr: 1.50e-04, train/loss: 0.2963, train/MAE: 0.2963, train/MSE: 0.3044]
2025-08-26 11:10:57,693 - easytorch-training - INFO - Start validation.
2025-08-26 11:10:58,453 - easytorch-training - INFO - Result <val>: [val/time: 0.76 (s), val/loss: 0.2676, val/MAE: 0.2676, val/MSE: 0.1562]
2025-08-26 11:10:58,457 - easytorch-training - INFO - Checkpoint checkpoints/DLinear/ETTm2_100_336_192/5cc3a6ae53d6e6117217f1da667e5aec/DLinear_best_val_MAE.pt saved
2025-08-26 11:10:59,235 - easytorch-training - INFO - Result <test>: [test/time: 0.78 (s), test/loss: 0.2915, test/MAE: 0.2915, test/MSE: 0.2275]
2025-08-26 11:10:59,241 - easytorch-training - INFO - Checkpoint checkpoints/DLinear/ETTm2_100_336_192/5cc3a6ae53d6e6117217f1da667e5aec/DLinear_012.pt saved
2025-08-26 11:10:59,241 - easytorch-training - INFO - The estimated training finish time is 2025-08-26 11:17:59
2025-08-26 11:10:59,241 - easytorch-training - INFO - Epoch 13 / 100
2025-08-26 11:11:02,392 - easytorch-training - INFO - Result <train>: [train/time: 3.15 (s), train/lr: 1.50e-04, train/loss: 0.2963, train/MAE: 0.2963, train/MSE: 0.3044]
2025-08-26 11:11:02,393 - easytorch-training - INFO - Start validation.
2025-08-26 11:11:03,202 - easytorch-training - INFO - Result <val>: [val/time: 0.81 (s), val/loss: 0.2685, val/MAE: 0.2685, val/MSE: 0.1563]
2025-08-26 11:11:03,959 - easytorch-training - INFO - Result <test>: [test/time: 0.76 (s), test/loss: 0.2937, test/MAE: 0.2937, test/MSE: 0.2274]
2025-08-26 11:11:03,962 - easytorch-training - INFO - Checkpoint checkpoints/DLinear/ETTm2_100_336_192/5cc3a6ae53d6e6117217f1da667e5aec/DLinear_013.pt saved
2025-08-26 11:11:03,963 - easytorch-training - INFO - The estimated training finish time is 2025-08-26 11:17:58
2025-08-26 11:11:03,963 - easytorch-training - INFO - Epoch 14 / 100
2025-08-26 11:11:07,216 - easytorch-training - INFO - Result <train>: [train/time: 3.25 (s), train/lr: 1.50e-04, train/loss: 0.2963, train/MAE: 0.2963, train/MSE: 0.3043]
2025-08-26 11:11:07,216 - easytorch-training - INFO - Start validation.
2025-08-26 11:11:07,988 - easytorch-training - INFO - Result <val>: [val/time: 0.77 (s), val/loss: 0.2680, val/MAE: 0.2680, val/MSE: 0.1559]
2025-08-26 11:11:08,758 - easytorch-training - INFO - Result <test>: [test/time: 0.77 (s), test/loss: 0.2928, test/MAE: 0.2928, test/MSE: 0.2268]
2025-08-26 11:11:08,762 - easytorch-training - INFO - Checkpoint checkpoints/DLinear/ETTm2_100_336_192/5cc3a6ae53d6e6117217f1da667e5aec/DLinear_014.pt saved
2025-08-26 11:11:08,762 - easytorch-training - INFO - The estimated training finish time is 2025-08-26 11:17:58
2025-08-26 11:11:08,762 - easytorch-training - INFO - Epoch 15 / 100
2025-08-26 11:11:11,991 - easytorch-training - INFO - Result <train>: [train/time: 3.23 (s), train/lr: 1.50e-04, train/loss: 0.2962, train/MAE: 0.2962, train/MSE: 0.3042]
2025-08-26 11:11:11,991 - easytorch-training - INFO - Start validation.
2025-08-26 11:11:12,779 - easytorch-training - INFO - Result <val>: [val/time: 0.79 (s), val/loss: 0.2675, val/MAE: 0.2675, val/MSE: 0.1565]
2025-08-26 11:11:12,786 - easytorch-training - INFO - Checkpoint checkpoints/DLinear/ETTm2_100_336_192/5cc3a6ae53d6e6117217f1da667e5aec/DLinear_best_val_MAE.pt saved
2025-08-26 11:11:13,571 - easytorch-training - INFO - Result <test>: [test/time: 0.79 (s), test/loss: 0.2909, test/MAE: 0.2909, test/MSE: 0.2280]
2025-08-26 11:11:13,575 - easytorch-training - INFO - Checkpoint checkpoints/DLinear/ETTm2_100_336_192/5cc3a6ae53d6e6117217f1da667e5aec/DLinear_015.pt saved
2025-08-26 11:11:13,575 - easytorch-training - INFO - The estimated training finish time is 2025-08-26 11:17:59
2025-08-26 11:11:13,575 - easytorch-training - INFO - Epoch 16 / 100
2025-08-26 11:11:16,713 - easytorch-training - INFO - Result <train>: [train/time: 3.14 (s), train/lr: 1.50e-04, train/loss: 0.2963, train/MAE: 0.2963, train/MSE: 0.3044]
2025-08-26 11:11:16,714 - easytorch-training - INFO - Start validation.
2025-08-26 11:11:17,498 - easytorch-training - INFO - Result <val>: [val/time: 0.78 (s), val/loss: 0.2683, val/MAE: 0.2683, val/MSE: 0.1559]
2025-08-26 11:11:18,306 - easytorch-training - INFO - Result <test>: [test/time: 0.81 (s), test/loss: 0.2935, test/MAE: 0.2935, test/MSE: 0.2263]
2025-08-26 11:11:18,310 - easytorch-training - INFO - Checkpoint checkpoints/DLinear/ETTm2_100_336_192/5cc3a6ae53d6e6117217f1da667e5aec/DLinear_016.pt saved
2025-08-26 11:11:18,310 - easytorch-training - INFO - The estimated training finish time is 2025-08-26 11:17:58
2025-08-26 11:11:18,310 - easytorch-training - INFO - Epoch 17 / 100
2025-08-26 11:11:21,439 - easytorch-training - INFO - Result <train>: [train/time: 3.13 (s), train/lr: 1.50e-04, train/loss: 0.2963, train/MAE: 0.2963, train/MSE: 0.3042]
2025-08-26 11:11:21,440 - easytorch-training - INFO - Start validation.
2025-08-26 11:11:22,245 - easytorch-training - INFO - Result <val>: [val/time: 0.80 (s), val/loss: 0.2679, val/MAE: 0.2679, val/MSE: 0.1565]
2025-08-26 11:11:23,009 - easytorch-training - INFO - Result <test>: [test/time: 0.76 (s), test/loss: 0.2921, test/MAE: 0.2921, test/MSE: 0.2286]
2025-08-26 11:11:23,016 - easytorch-training - INFO - Checkpoint checkpoints/DLinear/ETTm2_100_336_192/5cc3a6ae53d6e6117217f1da667e5aec/DLinear_017.pt saved
2025-08-26 11:11:23,016 - easytorch-training - INFO - The estimated training finish time is 2025-08-26 11:17:58
2025-08-26 11:11:23,016 - easytorch-training - INFO - Epoch 18 / 100
2025-08-26 11:11:26,175 - easytorch-training - INFO - Result <train>: [train/time: 3.16 (s), train/lr: 1.50e-04, train/loss: 0.2963, train/MAE: 0.2963, train/MSE: 0.3044]
2025-08-26 11:11:26,176 - easytorch-training - INFO - Start validation.
2025-08-26 11:11:26,952 - easytorch-training - INFO - Result <val>: [val/time: 0.78 (s), val/loss: 0.2681, val/MAE: 0.2681, val/MSE: 0.1559]
2025-08-26 11:11:27,734 - easytorch-training - INFO - Result <test>: [test/time: 0.78 (s), test/loss: 0.2930, test/MAE: 0.2930, test/MSE: 0.2268]
2025-08-26 11:11:27,737 - easytorch-training - INFO - Checkpoint checkpoints/DLinear/ETTm2_100_336_192/5cc3a6ae53d6e6117217f1da667e5aec/DLinear_018.pt saved
2025-08-26 11:11:27,738 - easytorch-training - INFO - The estimated training finish time is 2025-08-26 11:17:58
2025-08-26 11:11:27,738 - easytorch-training - INFO - Epoch 19 / 100
2025-08-26 11:11:30,897 - easytorch-training - INFO - Result <train>: [train/time: 3.16 (s), train/lr: 1.50e-04, train/loss: 0.2963, train/MAE: 0.2963, train/MSE: 0.3043]
2025-08-26 11:11:30,897 - easytorch-training - INFO - Start validation.
2025-08-26 11:11:31,656 - easytorch-training - INFO - Result <val>: [val/time: 0.76 (s), val/loss: 0.2684, val/MAE: 0.2684, val/MSE: 0.1563]
2025-08-26 11:11:32,442 - easytorch-training - INFO - Result <test>: [test/time: 0.79 (s), test/loss: 0.2939, test/MAE: 0.2939, test/MSE: 0.2277]
2025-08-26 11:11:32,446 - easytorch-training - INFO - Checkpoint checkpoints/DLinear/ETTm2_100_336_192/5cc3a6ae53d6e6117217f1da667e5aec/DLinear_019.pt saved
2025-08-26 11:11:32,446 - easytorch-training - INFO - The estimated training finish time is 2025-08-26 11:17:58
2025-08-26 11:11:32,446 - easytorch-training - INFO - Epoch 20 / 100
2025-08-26 11:11:35,592 - easytorch-training - INFO - Result <train>: [train/time: 3.15 (s), train/lr: 1.50e-04, train/loss: 0.2963, train/MAE: 0.2963, train/MSE: 0.3042]
2025-08-26 11:11:35,592 - easytorch-training - INFO - Start validation.
2025-08-26 11:11:36,383 - easytorch-training - INFO - Result <val>: [val/time: 0.79 (s), val/loss: 0.2676, val/MAE: 0.2676, val/MSE: 0.1567]
2025-08-26 11:11:37,167 - easytorch-training - INFO - Result <test>: [test/time: 0.78 (s), test/loss: 0.2912, test/MAE: 0.2912, test/MSE: 0.2289]
2025-08-26 11:11:37,170 - easytorch-training - INFO - Checkpoint checkpoints/DLinear/ETTm2_100_336_192/5cc3a6ae53d6e6117217f1da667e5aec/DLinear_020.pt saved
2025-08-26 11:11:37,172 - easytorch-training - INFO - The estimated training finish time is 2025-08-26 11:17:57
2025-08-26 11:11:37,172 - easytorch-training - INFO - Epoch 21 / 100
2025-08-26 11:11:40,320 - easytorch-training - INFO - Result <train>: [train/time: 3.15 (s), train/lr: 1.50e-04, train/loss: 0.2963, train/MAE: 0.2963, train/MSE: 0.3042]
2025-08-26 11:11:40,321 - easytorch-training - INFO - Start validation.
2025-08-26 11:11:41,092 - easytorch-training - INFO - Result <val>: [val/time: 0.77 (s), val/loss: 0.2683, val/MAE: 0.2683, val/MSE: 0.1565]
2025-08-26 11:11:41,848 - easytorch-training - INFO - Result <test>: [test/time: 0.76 (s), test/loss: 0.2931, test/MAE: 0.2931, test/MSE: 0.2283]
2025-08-26 11:11:41,852 - easytorch-training - INFO - Checkpoint checkpoints/DLinear/ETTm2_100_336_192/5cc3a6ae53d6e6117217f1da667e5aec/DLinear_021.pt saved
2025-08-26 11:11:41,852 - easytorch-training - INFO - The estimated training finish time is 2025-08-26 11:17:57
2025-08-26 11:11:41,852 - easytorch-training - INFO - Epoch 22 / 100
2025-08-26 11:11:45,023 - easytorch-training - INFO - Result <train>: [train/time: 3.17 (s), train/lr: 1.50e-04, train/loss: 0.2962, train/MAE: 0.2962, train/MSE: 0.3044]
2025-08-26 11:11:45,024 - easytorch-training - INFO - Start validation.
2025-08-26 11:11:45,804 - easytorch-training - INFO - Result <val>: [val/time: 0.78 (s), val/loss: 0.2693, val/MAE: 0.2693, val/MSE: 0.1567]
2025-08-26 11:11:46,601 - easytorch-training - INFO - Result <test>: [test/time: 0.80 (s), test/loss: 0.2955, test/MAE: 0.2955, test/MSE: 0.2286]
2025-08-26 11:11:46,606 - easytorch-training - INFO - Checkpoint checkpoints/DLinear/ETTm2_100_336_192/5cc3a6ae53d6e6117217f1da667e5aec/DLinear_022.pt saved
2025-08-26 11:11:46,607 - easytorch-training - INFO - The estimated training finish time is 2025-08-26 11:17:57
2025-08-26 11:11:46,607 - easytorch-training - INFO - Epoch 23 / 100
2025-08-26 11:11:49,769 - easytorch-training - INFO - Result <train>: [train/time: 3.16 (s), train/lr: 1.50e-04, train/loss: 0.2963, train/MAE: 0.2963, train/MSE: 0.3043]
2025-08-26 11:11:49,769 - easytorch-training - INFO - Start validation.
2025-08-26 11:11:50,540 - easytorch-training - INFO - Result <val>: [val/time: 0.77 (s), val/loss: 0.2675, val/MAE: 0.2675, val/MSE: 0.1558]
2025-08-26 11:11:51,335 - easytorch-training - INFO - Result <test>: [test/time: 0.79 (s), test/loss: 0.2918, test/MAE: 0.2918, test/MSE: 0.2266]
2025-08-26 11:11:51,339 - easytorch-training - INFO - Checkpoint checkpoints/DLinear/ETTm2_100_336_192/5cc3a6ae53d6e6117217f1da667e5aec/DLinear_023.pt saved
2025-08-26 11:11:51,339 - easytorch-training - INFO - The estimated training finish time is 2025-08-26 11:17:57
2025-08-26 11:11:51,339 - easytorch-training - INFO - Epoch 24 / 100
2025-08-26 11:11:54,483 - easytorch-training - INFO - Result <train>: [train/time: 3.14 (s), train/lr: 1.50e-04, train/loss: 0.2963, train/MAE: 0.2963, train/MSE: 0.3040]
2025-08-26 11:11:54,484 - easytorch-training - INFO - Start validation.
2025-08-26 11:11:55,260 - easytorch-training - INFO - Result <val>: [val/time: 0.78 (s), val/loss: 0.2681, val/MAE: 0.2681, val/MSE: 0.1562]
2025-08-26 11:11:56,019 - easytorch-training - INFO - Result <test>: [test/time: 0.76 (s), test/loss: 0.2929, test/MAE: 0.2929, test/MSE: 0.2277]
2025-08-26 11:11:56,022 - easytorch-training - INFO - Checkpoint checkpoints/DLinear/ETTm2_100_336_192/5cc3a6ae53d6e6117217f1da667e5aec/DLinear_024.pt saved
2025-08-26 11:11:56,022 - easytorch-training - INFO - The estimated training finish time is 2025-08-26 11:17:57
2025-08-26 11:11:56,022 - easytorch-training - INFO - Epoch 25 / 100
2025-08-26 11:11:59,176 - easytorch-training - INFO - Result <train>: [train/time: 3.15 (s), train/lr: 1.50e-04, train/loss: 0.2962, train/MAE: 0.2962, train/MSE: 0.3043]
2025-08-26 11:11:59,176 - easytorch-training - INFO - Start validation.
2025-08-26 11:11:59,950 - easytorch-training - INFO - Result <val>: [val/time: 0.77 (s), val/loss: 0.2687, val/MAE: 0.2687, val/MSE: 0.1559]
2025-08-26 11:12:00,728 - easytorch-training - INFO - Result <test>: [test/time: 0.78 (s), test/loss: 0.2943, test/MAE: 0.2943, test/MSE: 0.2264]
2025-08-26 11:12:00,735 - easytorch-training - INFO - Checkpoint checkpoints/DLinear/ETTm2_100_336_192/5cc3a6ae53d6e6117217f1da667e5aec/DLinear_025.pt saved
2025-08-26 11:12:00,735 - easytorch-training - INFO - The estimated training finish time is 2025-08-26 11:17:56
2025-08-26 11:12:00,735 - easytorch-training - INFO - Epoch 26 / 100
2025-08-26 11:12:03,891 - easytorch-training - INFO - Result <train>: [train/time: 3.16 (s), train/lr: 7.50e-05, train/loss: 0.2958, train/MAE: 0.2958, train/MSE: 0.3043]
2025-08-26 11:12:03,892 - easytorch-training - INFO - Start validation.
2025-08-26 11:12:04,650 - easytorch-training - INFO - Result <val>: [val/time: 0.76 (s), val/loss: 0.2674, val/MAE: 0.2674, val/MSE: 0.1557]
2025-08-26 11:12:04,654 - easytorch-training - INFO - Checkpoint checkpoints/DLinear/ETTm2_100_336_192/5cc3a6ae53d6e6117217f1da667e5aec/DLinear_best_val_MAE.pt saved
2025-08-26 11:12:05,417 - easytorch-training - INFO - Result <test>: [test/time: 0.76 (s), test/loss: 0.2915, test/MAE: 0.2915, test/MSE: 0.2265]
2025-08-26 11:12:05,423 - easytorch-training - INFO - Checkpoint checkpoints/DLinear/ETTm2_100_336_192/5cc3a6ae53d6e6117217f1da667e5aec/DLinear_026.pt saved
2025-08-26 11:12:05,423 - easytorch-training - INFO - The estimated training finish time is 2025-08-26 11:17:56
2025-08-26 11:12:05,423 - easytorch-training - INFO - Epoch 27 / 100
2025-08-26 11:12:08,583 - easytorch-training - INFO - Result <train>: [train/time: 3.16 (s), train/lr: 7.50e-05, train/loss: 0.2958, train/MAE: 0.2958, train/MSE: 0.3043]
2025-08-26 11:12:08,584 - easytorch-training - INFO - Start validation.
2025-08-26 11:12:09,343 - easytorch-training - INFO - Result <val>: [val/time: 0.76 (s), val/loss: 0.2686, val/MAE: 0.2686, val/MSE: 0.1559]
2025-08-26 11:12:10,134 - easytorch-training - INFO - Result <test>: [test/time: 0.79 (s), test/loss: 0.2942, test/MAE: 0.2942, test/MSE: 0.2265]
2025-08-26 11:12:10,138 - easytorch-training - INFO - Checkpoint checkpoints/DLinear/ETTm2_100_336_192/5cc3a6ae53d6e6117217f1da667e5aec/DLinear_027.pt saved
2025-08-26 11:12:10,138 - easytorch-training - INFO - The estimated training finish time is 2025-08-26 11:17:56
2025-08-26 11:12:10,138 - easytorch-training - INFO - Epoch 28 / 100
2025-08-26 11:12:13,289 - easytorch-training - INFO - Result <train>: [train/time: 3.15 (s), train/lr: 7.50e-05, train/loss: 0.2958, train/MAE: 0.2958, train/MSE: 0.3042]
2025-08-26 11:12:13,289 - easytorch-training - INFO - Start validation.
2025-08-26 11:12:14,069 - easytorch-training - INFO - Result <val>: [val/time: 0.78 (s), val/loss: 0.2678, val/MAE: 0.2678, val/MSE: 0.1558]
2025-08-26 11:12:14,843 - easytorch-training - INFO - Result <test>: [test/time: 0.77 (s), test/loss: 0.2924, test/MAE: 0.2924, test/MSE: 0.2270]
2025-08-26 11:12:14,846 - easytorch-training - INFO - Checkpoint checkpoints/DLinear/ETTm2_100_336_192/5cc3a6ae53d6e6117217f1da667e5aec/DLinear_028.pt saved
2025-08-26 11:12:14,847 - easytorch-training - INFO - The estimated training finish time is 2025-08-26 11:17:56
2025-08-26 11:12:14,847 - easytorch-training - INFO - Epoch 29 / 100
2025-08-26 11:12:17,980 - easytorch-training - INFO - Result <train>: [train/time: 3.13 (s), train/lr: 7.50e-05, train/loss: 0.2958, train/MAE: 0.2958, train/MSE: 0.3043]
2025-08-26 11:12:17,981 - easytorch-training - INFO - Start validation.
2025-08-26 11:12:18,752 - easytorch-training - INFO - Result <val>: [val/time: 0.77 (s), val/loss: 0.2671, val/MAE: 0.2671, val/MSE: 0.1557]
2025-08-26 11:12:18,756 - easytorch-training - INFO - Checkpoint checkpoints/DLinear/ETTm2_100_336_192/5cc3a6ae53d6e6117217f1da667e5aec/DLinear_best_val_MAE.pt saved
2025-08-26 11:12:19,512 - easytorch-training - INFO - Result <test>: [test/time: 0.76 (s), test/loss: 0.2909, test/MAE: 0.2909, test/MSE: 0.2266]
2025-08-26 11:12:19,516 - easytorch-training - INFO - Checkpoint checkpoints/DLinear/ETTm2_100_336_192/5cc3a6ae53d6e6117217f1da667e5aec/DLinear_029.pt saved
2025-08-26 11:12:19,516 - easytorch-training - INFO - The estimated training finish time is 2025-08-26 11:17:56
2025-08-26 11:12:19,516 - easytorch-training - INFO - Epoch 30 / 100
2025-08-26 11:12:22,681 - easytorch-training - INFO - Result <train>: [train/time: 3.16 (s), train/lr: 7.50e-05, train/loss: 0.2958, train/MAE: 0.2958, train/MSE: 0.3043]
2025-08-26 11:12:22,682 - easytorch-training - INFO - Start validation.
2025-08-26 11:12:23,444 - easytorch-training - INFO - Result <val>: [val/time: 0.76 (s), val/loss: 0.2670, val/MAE: 0.2670, val/MSE: 0.1556]
2025-08-26 11:12:23,447 - easytorch-training - INFO - Checkpoint checkpoints/DLinear/ETTm2_100_336_192/5cc3a6ae53d6e6117217f1da667e5aec/DLinear_best_val_MAE.pt saved
2025-08-26 11:12:24,210 - easytorch-training - INFO - Result <test>: [test/time: 0.76 (s), test/loss: 0.2904, test/MAE: 0.2904, test/MSE: 0.2259]
2025-08-26 11:12:24,214 - easytorch-training - INFO - Checkpoint checkpoints/DLinear/ETTm2_100_336_192/5cc3a6ae53d6e6117217f1da667e5aec/DLinear_030.pt saved
2025-08-26 11:12:24,216 - easytorch-training - INFO - The estimated training finish time is 2025-08-26 11:17:56
2025-08-26 11:12:24,216 - easytorch-training - INFO - Epoch 31 / 100
2025-08-26 11:12:27,398 - easytorch-training - INFO - Result <train>: [train/time: 3.18 (s), train/lr: 7.50e-05, train/loss: 0.2958, train/MAE: 0.2958, train/MSE: 0.3042]
2025-08-26 11:12:27,399 - easytorch-training - INFO - Start validation.
2025-08-26 11:12:28,164 - easytorch-training - INFO - Result <val>: [val/time: 0.76 (s), val/loss: 0.2679, val/MAE: 0.2679, val/MSE: 0.1558]
2025-08-26 11:12:28,946 - easytorch-training - INFO - Result <test>: [test/time: 0.78 (s), test/loss: 0.2926, test/MAE: 0.2926, test/MSE: 0.2265]
2025-08-26 11:12:28,949 - easytorch-training - INFO - Checkpoint checkpoints/DLinear/ETTm2_100_336_192/5cc3a6ae53d6e6117217f1da667e5aec/DLinear_031.pt saved
2025-08-26 11:12:28,949 - easytorch-training - INFO - The estimated training finish time is 2025-08-26 11:17:56
2025-08-26 11:12:28,949 - easytorch-training - INFO - Epoch 32 / 100
2025-08-26 11:12:32,090 - easytorch-training - INFO - Result <train>: [train/time: 3.14 (s), train/lr: 7.50e-05, train/loss: 0.2958, train/MAE: 0.2958, train/MSE: 0.3044]
2025-08-26 11:12:32,090 - easytorch-training - INFO - Start validation.
2025-08-26 11:12:32,879 - easytorch-training - INFO - Result <val>: [val/time: 0.79 (s), val/loss: 0.2678, val/MAE: 0.2678, val/MSE: 0.1558]
2025-08-26 11:12:33,665 - easytorch-training - INFO - Result <test>: [test/time: 0.78 (s), test/loss: 0.2923, test/MAE: 0.2923, test/MSE: 0.2267]
2025-08-26 11:12:33,671 - easytorch-training - INFO - Checkpoint checkpoints/DLinear/ETTm2_100_336_192/5cc3a6ae53d6e6117217f1da667e5aec/DLinear_032.pt saved
2025-08-26 11:12:33,671 - easytorch-training - INFO - The estimated training finish time is 2025-08-26 11:17:55
2025-08-26 11:12:33,671 - easytorch-training - INFO - Epoch 33 / 100
2025-08-26 11:12:36,808 - easytorch-training - INFO - Result <train>: [train/time: 3.14 (s), train/lr: 7.50e-05, train/loss: 0.2958, train/MAE: 0.2958, train/MSE: 0.3042]
2025-08-26 11:12:36,809 - easytorch-training - INFO - Start validation.
2025-08-26 11:12:37,588 - easytorch-training - INFO - Result <val>: [val/time: 0.78 (s), val/loss: 0.2685, val/MAE: 0.2685, val/MSE: 0.1564]
2025-08-26 11:12:38,362 - easytorch-training - INFO - Result <test>: [test/time: 0.77 (s), test/loss: 0.2937, test/MAE: 0.2937, test/MSE: 0.2279]
2025-08-26 11:12:38,365 - easytorch-training - INFO - Checkpoint checkpoints/DLinear/ETTm2_100_336_192/5cc3a6ae53d6e6117217f1da667e5aec/DLinear_033.pt saved
2025-08-26 11:12:38,365 - easytorch-training - INFO - The estimated training finish time is 2025-08-26 11:17:55
2025-08-26 11:12:38,365 - easytorch-training - INFO - Epoch 34 / 100
2025-08-26 11:12:41,513 - easytorch-training - INFO - Result <train>: [train/time: 3.15 (s), train/lr: 7.50e-05, train/loss: 0.2958, train/MAE: 0.2958, train/MSE: 0.3042]
2025-08-26 11:12:41,514 - easytorch-training - INFO - Start validation.
2025-08-26 11:12:42,323 - easytorch-training - INFO - Result <val>: [val/time: 0.81 (s), val/loss: 0.2682, val/MAE: 0.2682, val/MSE: 0.1561]
2025-08-26 11:12:43,108 - easytorch-training - INFO - Result <test>: [test/time: 0.79 (s), test/loss: 0.2931, test/MAE: 0.2931, test/MSE: 0.2273]
2025-08-26 11:12:43,112 - easytorch-training - INFO - Checkpoint checkpoints/DLinear/ETTm2_100_336_192/5cc3a6ae53d6e6117217f1da667e5aec/DLinear_034.pt saved
2025-08-26 11:12:43,112 - easytorch-training - INFO - The estimated training finish time is 2025-08-26 11:17:55
2025-08-26 11:12:43,112 - easytorch-training - INFO - Epoch 35 / 100
2025-08-26 11:12:46,261 - easytorch-training - INFO - Result <train>: [train/time: 3.15 (s), train/lr: 7.50e-05, train/loss: 0.2958, train/MAE: 0.2958, train/MSE: 0.3043]
2025-08-26 11:12:46,261 - easytorch-training - INFO - Start validation.
2025-08-26 11:12:47,064 - easytorch-training - INFO - Result <val>: [val/time: 0.80 (s), val/loss: 0.2684, val/MAE: 0.2684, val/MSE: 0.1561]
2025-08-26 11:12:47,834 - easytorch-training - INFO - Result <test>: [test/time: 0.77 (s), test/loss: 0.2936, test/MAE: 0.2936, test/MSE: 0.2273]
2025-08-26 11:12:47,839 - easytorch-training - INFO - Checkpoint checkpoints/DLinear/ETTm2_100_336_192/5cc3a6ae53d6e6117217f1da667e5aec/DLinear_035.pt saved
2025-08-26 11:12:47,839 - easytorch-training - INFO - The estimated training finish time is 2025-08-26 11:17:55
2025-08-26 11:12:47,839 - easytorch-training - INFO - Epoch 36 / 100
2025-08-26 11:12:50,971 - easytorch-training - INFO - Result <train>: [train/time: 3.13 (s), train/lr: 7.50e-05, train/loss: 0.2958, train/MAE: 0.2958, train/MSE: 0.3044]
2025-08-26 11:12:50,975 - easytorch-training - INFO - Start validation.
2025-08-26 11:12:51,742 - easytorch-training - INFO - Result <val>: [val/time: 0.77 (s), val/loss: 0.2670, val/MAE: 0.2670, val/MSE: 0.1557]
2025-08-26 11:12:51,746 - easytorch-training - INFO - Checkpoint checkpoints/DLinear/ETTm2_100_336_192/5cc3a6ae53d6e6117217f1da667e5aec/DLinear_best_val_MAE.pt saved
2025-08-26 11:12:52,510 - easytorch-training - INFO - Result <test>: [test/time: 0.76 (s), test/loss: 0.2904, test/MAE: 0.2904, test/MSE: 0.2266]
2025-08-26 11:12:52,513 - easytorch-training - INFO - Checkpoint checkpoints/DLinear/ETTm2_100_336_192/5cc3a6ae53d6e6117217f1da667e5aec/DLinear_036.pt saved
2025-08-26 11:12:52,513 - easytorch-training - INFO - The estimated training finish time is 2025-08-26 11:17:55
2025-08-26 11:12:52,513 - easytorch-training - INFO - Epoch 37 / 100
2025-08-26 11:12:55,660 - easytorch-training - INFO - Result <train>: [train/time: 3.15 (s), train/lr: 7.50e-05, train/loss: 0.2958, train/MAE: 0.2958, train/MSE: 0.3042]
2025-08-26 11:12:55,661 - easytorch-training - INFO - Start validation.
2025-08-26 11:12:56,435 - easytorch-training - INFO - Result <val>: [val/time: 0.77 (s), val/loss: 0.2686, val/MAE: 0.2686, val/MSE: 0.1562]
2025-08-26 11:12:57,206 - easytorch-training - INFO - Result <test>: [test/time: 0.77 (s), test/loss: 0.2940, test/MAE: 0.2940, test/MSE: 0.2274]
2025-08-26 11:12:57,212 - easytorch-training - INFO - Checkpoint checkpoints/DLinear/ETTm2_100_336_192/5cc3a6ae53d6e6117217f1da667e5aec/DLinear_037.pt saved
2025-08-26 11:12:57,213 - easytorch-training - INFO - The estimated training finish time is 2025-08-26 11:17:55
2025-08-26 11:12:57,213 - easytorch-training - INFO - Epoch 38 / 100
2025-08-26 11:13:00,372 - easytorch-training - INFO - Result <train>: [train/time: 3.16 (s), train/lr: 7.50e-05, train/loss: 0.2958, train/MAE: 0.2958, train/MSE: 0.3044]
2025-08-26 11:13:00,373 - easytorch-training - INFO - Start validation.
2025-08-26 11:13:01,129 - easytorch-training - INFO - Result <val>: [val/time: 0.76 (s), val/loss: 0.2692, val/MAE: 0.2692, val/MSE: 0.1565]
2025-08-26 11:13:01,894 - easytorch-training - INFO - Result <test>: [test/time: 0.76 (s), test/loss: 0.2957, test/MAE: 0.2957, test/MSE: 0.2283]
2025-08-26 11:13:01,897 - easytorch-training - INFO - Checkpoint checkpoints/DLinear/ETTm2_100_336_192/5cc3a6ae53d6e6117217f1da667e5aec/DLinear_038.pt saved
2025-08-26 11:13:01,897 - easytorch-training - INFO - The estimated training finish time is 2025-08-26 11:17:55
2025-08-26 11:13:01,897 - easytorch-training - INFO - Epoch 39 / 100
2025-08-26 11:13:05,078 - easytorch-training - INFO - Result <train>: [train/time: 3.18 (s), train/lr: 7.50e-05, train/loss: 0.2958, train/MAE: 0.2958, train/MSE: 0.3041]
2025-08-26 11:13:05,078 - easytorch-training - INFO - Start validation.
2025-08-26 11:13:05,836 - easytorch-training - INFO - Result <val>: [val/time: 0.76 (s), val/loss: 0.2677, val/MAE: 0.2677, val/MSE: 0.1559]
2025-08-26 11:13:06,613 - easytorch-training - INFO - Result <test>: [test/time: 0.78 (s), test/loss: 0.2921, test/MAE: 0.2921, test/MSE: 0.2269]
2025-08-26 11:13:06,617 - easytorch-training - INFO - Checkpoint checkpoints/DLinear/ETTm2_100_336_192/5cc3a6ae53d6e6117217f1da667e5aec/DLinear_039.pt saved
2025-08-26 11:13:06,617 - easytorch-training - INFO - The estimated training finish time is 2025-08-26 11:17:55
2025-08-26 11:13:06,617 - easytorch-training - INFO - Epoch 40 / 100
2025-08-26 11:13:09,768 - easytorch-training - INFO - Result <train>: [train/time: 3.15 (s), train/lr: 7.50e-05, train/loss: 0.2958, train/MAE: 0.2958, train/MSE: 0.3044]
2025-08-26 11:13:09,768 - easytorch-training - INFO - Start validation.
2025-08-26 11:13:10,544 - easytorch-training - INFO - Result <val>: [val/time: 0.78 (s), val/loss: 0.2673, val/MAE: 0.2673, val/MSE: 0.1559]
2025-08-26 11:13:11,314 - easytorch-training - INFO - Result <test>: [test/time: 0.77 (s), test/loss: 0.2910, test/MAE: 0.2910, test/MSE: 0.2266]
2025-08-26 11:13:11,320 - easytorch-training - INFO - Checkpoint checkpoints/DLinear/ETTm2_100_336_192/5cc3a6ae53d6e6117217f1da667e5aec/DLinear_040.pt saved
2025-08-26 11:13:11,322 - easytorch-training - INFO - The estimated training finish time is 2025-08-26 11:17:55
2025-08-26 11:13:11,322 - easytorch-training - INFO - Epoch 41 / 100
2025-08-26 11:13:14,466 - easytorch-training - INFO - Result <train>: [train/time: 3.14 (s), train/lr: 7.50e-05, train/loss: 0.2959, train/MAE: 0.2959, train/MSE: 0.3044]
2025-08-26 11:13:14,467 - easytorch-training - INFO - Start validation.
2025-08-26 11:13:15,238 - easytorch-training - INFO - Result <val>: [val/time: 0.77 (s), val/loss: 0.2688, val/MAE: 0.2688, val/MSE: 0.1561]
2025-08-26 11:13:16,004 - easytorch-training - INFO - Result <test>: [test/time: 0.76 (s), test/loss: 0.2946, test/MAE: 0.2946, test/MSE: 0.2273]
2025-08-26 11:13:16,007 - easytorch-training - INFO - Checkpoint checkpoints/DLinear/ETTm2_100_336_192/5cc3a6ae53d6e6117217f1da667e5aec/DLinear_041.pt saved
2025-08-26 11:13:16,007 - easytorch-training - INFO - The estimated training finish time is 2025-08-26 11:17:55
2025-08-26 11:13:16,007 - easytorch-training - INFO - Epoch 42 / 100
2025-08-26 11:13:19,175 - easytorch-training - INFO - Result <train>: [train/time: 3.17 (s), train/lr: 7.50e-05, train/loss: 0.2958, train/MAE: 0.2958, train/MSE: 0.3041]
2025-08-26 11:13:19,176 - easytorch-training - INFO - Start validation.
2025-08-26 11:13:19,931 - easytorch-training - INFO - Result <val>: [val/time: 0.76 (s), val/loss: 0.2673, val/MAE: 0.2673, val/MSE: 0.1560]
2025-08-26 11:13:20,692 - easytorch-training - INFO - Result <test>: [test/time: 0.76 (s), test/loss: 0.2912, test/MAE: 0.2912, test/MSE: 0.2275]
2025-08-26 11:13:20,696 - easytorch-training - INFO - Checkpoint checkpoints/DLinear/ETTm2_100_336_192/5cc3a6ae53d6e6117217f1da667e5aec/DLinear_042.pt saved
2025-08-26 11:13:20,696 - easytorch-training - INFO - The estimated training finish time is 2025-08-26 11:17:55
2025-08-26 11:13:20,696 - easytorch-training - INFO - Epoch 43 / 100
2025-08-26 11:13:23,868 - easytorch-training - INFO - Result <train>: [train/time: 3.17 (s), train/lr: 7.50e-05, train/loss: 0.2958, train/MAE: 0.2958, train/MSE: 0.3043]
2025-08-26 11:13:23,868 - easytorch-training - INFO - Start validation.
2025-08-26 11:13:24,625 - easytorch-training - INFO - Result <val>: [val/time: 0.76 (s), val/loss: 0.2678, val/MAE: 0.2678, val/MSE: 0.1560]
2025-08-26 11:13:25,400 - easytorch-training - INFO - Result <test>: [test/time: 0.77 (s), test/loss: 0.2921, test/MAE: 0.2921, test/MSE: 0.2268]
2025-08-26 11:13:25,403 - easytorch-training - INFO - Checkpoint checkpoints/DLinear/ETTm2_100_336_192/5cc3a6ae53d6e6117217f1da667e5aec/DLinear_043.pt saved
2025-08-26 11:13:25,403 - easytorch-training - INFO - The estimated training finish time is 2025-08-26 11:17:55
2025-08-26 11:13:25,403 - easytorch-training - INFO - Epoch 44 / 100
2025-08-26 11:13:28,556 - easytorch-training - INFO - Result <train>: [train/time: 3.15 (s), train/lr: 7.50e-05, train/loss: 0.2958, train/MAE: 0.2958, train/MSE: 0.3044]
2025-08-26 11:13:28,557 - easytorch-training - INFO - Start validation.
2025-08-26 11:13:29,318 - easytorch-training - INFO - Result <val>: [val/time: 0.76 (s), val/loss: 0.2674, val/MAE: 0.2674, val/MSE: 0.1556]
2025-08-26 11:13:30,120 - easytorch-training - INFO - Result <test>: [test/time: 0.80 (s), test/loss: 0.2913, test/MAE: 0.2913, test/MSE: 0.2262]
2025-08-26 11:13:30,123 - easytorch-training - INFO - Checkpoint checkpoints/DLinear/ETTm2_100_336_192/5cc3a6ae53d6e6117217f1da667e5aec/DLinear_044.pt saved
2025-08-26 11:13:30,124 - easytorch-training - INFO - The estimated training finish time is 2025-08-26 11:17:55
2025-08-26 11:13:30,124 - easytorch-training - INFO - Epoch 45 / 100
2025-08-26 11:13:33,293 - easytorch-training - INFO - Result <train>: [train/time: 3.17 (s), train/lr: 7.50e-05, train/loss: 0.2958, train/MAE: 0.2958, train/MSE: 0.3043]
2025-08-26 11:13:33,293 - easytorch-training - INFO - Start validation.
2025-08-26 11:13:34,076 - easytorch-training - INFO - Result <val>: [val/time: 0.78 (s), val/loss: 0.2677, val/MAE: 0.2677, val/MSE: 0.1558]
2025-08-26 11:13:34,835 - easytorch-training - INFO - Result <test>: [test/time: 0.76 (s), test/loss: 0.2920, test/MAE: 0.2920, test/MSE: 0.2265]
2025-08-26 11:13:34,839 - easytorch-training - INFO - Checkpoint checkpoints/DLinear/ETTm2_100_336_192/5cc3a6ae53d6e6117217f1da667e5aec/DLinear_045.pt saved
2025-08-26 11:13:34,840 - easytorch-training - INFO - The estimated training finish time is 2025-08-26 11:17:54
2025-08-26 11:13:34,840 - easytorch-training - INFO - Epoch 46 / 100
2025-08-26 11:13:38,040 - easytorch-training - INFO - Result <train>: [train/time: 3.20 (s), train/lr: 7.50e-05, train/loss: 0.2958, train/MAE: 0.2958, train/MSE: 0.3043]
2025-08-26 11:13:38,041 - easytorch-training - INFO - Start validation.
2025-08-26 11:13:38,801 - easytorch-training - INFO - Result <val>: [val/time: 0.76 (s), val/loss: 0.2677, val/MAE: 0.2677, val/MSE: 0.1555]
2025-08-26 11:13:39,564 - easytorch-training - INFO - Result <test>: [test/time: 0.76 (s), test/loss: 0.2922, test/MAE: 0.2922, test/MSE: 0.2260]
2025-08-26 11:13:39,568 - easytorch-training - INFO - Checkpoint checkpoints/DLinear/ETTm2_100_336_192/5cc3a6ae53d6e6117217f1da667e5aec/DLinear_046.pt saved
2025-08-26 11:13:39,568 - easytorch-training - INFO - The estimated training finish time is 2025-08-26 11:17:54
2025-08-26 11:13:39,568 - easytorch-training - INFO - Epoch 47 / 100
2025-08-26 11:13:42,735 - easytorch-training - INFO - Result <train>: [train/time: 3.17 (s), train/lr: 7.50e-05, train/loss: 0.2958, train/MAE: 0.2958, train/MSE: 0.3042]
2025-08-26 11:13:42,736 - easytorch-training - INFO - Start validation.
2025-08-26 11:13:43,497 - easytorch-training - INFO - Result <val>: [val/time: 0.76 (s), val/loss: 0.2680, val/MAE: 0.2680, val/MSE: 0.1558]
2025-08-26 11:13:44,278 - easytorch-training - INFO - Result <test>: [test/time: 0.78 (s), test/loss: 0.2927, test/MAE: 0.2927, test/MSE: 0.2267]
2025-08-26 11:13:44,281 - easytorch-training - INFO - Checkpoint checkpoints/DLinear/ETTm2_100_336_192/5cc3a6ae53d6e6117217f1da667e5aec/DLinear_047.pt saved
2025-08-26 11:13:44,282 - easytorch-training - INFO - The estimated training finish time is 2025-08-26 11:17:54
2025-08-26 11:13:44,282 - easytorch-training - INFO - Epoch 48 / 100
2025-08-26 11:13:47,447 - easytorch-training - INFO - Result <train>: [train/time: 3.16 (s), train/lr: 7.50e-05, train/loss: 0.2958, train/MAE: 0.2958, train/MSE: 0.3041]
2025-08-26 11:13:47,447 - easytorch-training - INFO - Start validation.
2025-08-26 11:13:48,220 - easytorch-training - INFO - Result <val>: [val/time: 0.77 (s), val/loss: 0.2679, val/MAE: 0.2679, val/MSE: 0.1562]
2025-08-26 11:13:48,998 - easytorch-training - INFO - Result <test>: [test/time: 0.78 (s), test/loss: 0.2921, test/MAE: 0.2921, test/MSE: 0.2276]
2025-08-26 11:13:49,002 - easytorch-training - INFO - Checkpoint checkpoints/DLinear/ETTm2_100_336_192/5cc3a6ae53d6e6117217f1da667e5aec/DLinear_048.pt saved
2025-08-26 11:13:49,002 - easytorch-training - INFO - The estimated training finish time is 2025-08-26 11:17:54
2025-08-26 11:13:49,002 - easytorch-training - INFO - Epoch 49 / 100
2025-08-26 11:13:52,144 - easytorch-training - INFO - Result <train>: [train/time: 3.14 (s), train/lr: 7.50e-05, train/loss: 0.2958, train/MAE: 0.2958, train/MSE: 0.3042]
2025-08-26 11:13:52,145 - easytorch-training - INFO - Start validation.
2025-08-26 11:13:52,922 - easytorch-training - INFO - Result <val>: [val/time: 0.78 (s), val/loss: 0.2686, val/MAE: 0.2686, val/MSE: 0.1563]
2025-08-26 11:13:53,698 - easytorch-training - INFO - Result <test>: [test/time: 0.78 (s), test/loss: 0.2939, test/MAE: 0.2939, test/MSE: 0.2276]
2025-08-26 11:13:53,701 - easytorch-training - INFO - Checkpoint checkpoints/DLinear/ETTm2_100_336_192/5cc3a6ae53d6e6117217f1da667e5aec/DLinear_049.pt saved
2025-08-26 11:13:53,702 - easytorch-training - INFO - The estimated training finish time is 2025-08-26 11:17:54
2025-08-26 11:13:53,702 - easytorch-training - INFO - Epoch 50 / 100
2025-08-26 11:13:56,841 - easytorch-training - INFO - Result <train>: [train/time: 3.14 (s), train/lr: 7.50e-05, train/loss: 0.2958, train/MAE: 0.2958, train/MSE: 0.3045]
2025-08-26 11:13:56,842 - easytorch-training - INFO - Start validation.
2025-08-26 11:13:57,611 - easytorch-training - INFO - Result <val>: [val/time: 0.77 (s), val/loss: 0.2691, val/MAE: 0.2691, val/MSE: 0.1562]
2025-08-26 11:13:58,382 - easytorch-training - INFO - Result <test>: [test/time: 0.77 (s), test/loss: 0.2951, test/MAE: 0.2951, test/MSE: 0.2273]
2025-08-26 11:13:58,386 - easytorch-training - INFO - Checkpoint checkpoints/DLinear/ETTm2_100_336_192/5cc3a6ae53d6e6117217f1da667e5aec/DLinear_050.pt saved
2025-08-26 11:13:58,388 - easytorch-training - INFO - The estimated training finish time is 2025-08-26 11:17:54
2025-08-26 11:13:58,388 - easytorch-training - INFO - Epoch 51 / 100
2025-08-26 11:14:01,539 - easytorch-training - INFO - Result <train>: [train/time: 3.15 (s), train/lr: 7.50e-05, train/loss: 0.2958, train/MAE: 0.2958, train/MSE: 0.3043]
2025-08-26 11:14:01,540 - easytorch-training - INFO - Start validation.
2025-08-26 11:14:02,347 - easytorch-training - INFO - Result <val>: [val/time: 0.81 (s), val/loss: 0.2675, val/MAE: 0.2675, val/MSE: 0.1558]
2025-08-26 11:14:03,141 - easytorch-training - INFO - Result <test>: [test/time: 0.79 (s), test/loss: 0.2918, test/MAE: 0.2918, test/MSE: 0.2266]
2025-08-26 11:14:03,145 - easytorch-training - INFO - Checkpoint checkpoints/DLinear/ETTm2_100_336_192/5cc3a6ae53d6e6117217f1da667e5aec/DLinear_051.pt saved
2025-08-26 11:14:03,145 - easytorch-training - INFO - The estimated training finish time is 2025-08-26 11:17:54
2025-08-26 11:14:03,145 - easytorch-training - INFO - Epoch 52 / 100
2025-08-26 11:14:06,285 - easytorch-training - INFO - Result <train>: [train/time: 3.14 (s), train/lr: 7.50e-05, train/loss: 0.2958, train/MAE: 0.2958, train/MSE: 0.3043]
2025-08-26 11:14:06,286 - easytorch-training - INFO - Start validation.
2025-08-26 11:14:07,100 - easytorch-training - INFO - Result <val>: [val/time: 0.81 (s), val/loss: 0.2689, val/MAE: 0.2689, val/MSE: 0.1564]
2025-08-26 11:14:07,897 - easytorch-training - INFO - Result <test>: [test/time: 0.80 (s), test/loss: 0.2946, test/MAE: 0.2946, test/MSE: 0.2279]
2025-08-26 11:14:07,900 - easytorch-training - INFO - Checkpoint checkpoints/DLinear/ETTm2_100_336_192/5cc3a6ae53d6e6117217f1da667e5aec/DLinear_052.pt saved
2025-08-26 11:14:07,900 - easytorch-training - INFO - The estimated training finish time is 2025-08-26 11:17:54
2025-08-26 11:14:07,900 - easytorch-training - INFO - Epoch 53 / 100
2025-08-26 11:14:11,047 - easytorch-training - INFO - Result <train>: [train/time: 3.15 (s), train/lr: 7.50e-05, train/loss: 0.2958, train/MAE: 0.2958, train/MSE: 0.3044]
2025-08-26 11:14:11,047 - easytorch-training - INFO - Start validation.
2025-08-26 11:14:11,816 - easytorch-training - INFO - Result <val>: [val/time: 0.77 (s), val/loss: 0.2682, val/MAE: 0.2682, val/MSE: 0.1559]
2025-08-26 11:14:12,583 - easytorch-training - INFO - Result <test>: [test/time: 0.77 (s), test/loss: 0.2932, test/MAE: 0.2932, test/MSE: 0.2268]
2025-08-26 11:14:12,587 - easytorch-training - INFO - Checkpoint checkpoints/DLinear/ETTm2_100_336_192/5cc3a6ae53d6e6117217f1da667e5aec/DLinear_053.pt saved
2025-08-26 11:14:12,588 - easytorch-training - INFO - The estimated training finish time is 2025-08-26 11:17:54
2025-08-26 11:14:12,588 - easytorch-training - INFO - Epoch 54 / 100
2025-08-26 11:14:15,764 - easytorch-training - INFO - Result <train>: [train/time: 3.18 (s), train/lr: 7.50e-05, train/loss: 0.2958, train/MAE: 0.2958, train/MSE: 0.3044]
2025-08-26 11:14:15,765 - easytorch-training - INFO - Start validation.
2025-08-26 11:14:16,523 - easytorch-training - INFO - Result <val>: [val/time: 0.76 (s), val/loss: 0.2676, val/MAE: 0.2676, val/MSE: 0.1556]
2025-08-26 11:14:17,293 - easytorch-training - INFO - Result <test>: [test/time: 0.77 (s), test/loss: 0.2917, test/MAE: 0.2917, test/MSE: 0.2258]
2025-08-26 11:14:17,296 - easytorch-training - INFO - Checkpoint checkpoints/DLinear/ETTm2_100_336_192/5cc3a6ae53d6e6117217f1da667e5aec/DLinear_054.pt saved
2025-08-26 11:14:17,296 - easytorch-training - INFO - The estimated training finish time is 2025-08-26 11:17:54
2025-08-26 11:14:17,296 - easytorch-training - INFO - Epoch 55 / 100
2025-08-26 11:14:20,462 - easytorch-training - INFO - Result <train>: [train/time: 3.17 (s), train/lr: 7.50e-05, train/loss: 0.2958, train/MAE: 0.2958, train/MSE: 0.3041]
2025-08-26 11:14:20,463 - easytorch-training - INFO - Start validation.
2025-08-26 11:14:21,258 - easytorch-training - INFO - Result <val>: [val/time: 0.79 (s), val/loss: 0.2674, val/MAE: 0.2674, val/MSE: 0.1560]
2025-08-26 11:14:22,072 - easytorch-training - INFO - Result <test>: [test/time: 0.81 (s), test/loss: 0.2914, test/MAE: 0.2914, test/MSE: 0.2273]
2025-08-26 11:14:22,076 - easytorch-training - INFO - Checkpoint checkpoints/DLinear/ETTm2_100_336_192/5cc3a6ae53d6e6117217f1da667e5aec/DLinear_055.pt saved
2025-08-26 11:14:22,076 - easytorch-training - INFO - The estimated training finish time is 2025-08-26 11:17:54
2025-08-26 11:14:22,076 - easytorch-training - INFO - Epoch 56 / 100
2025-08-26 11:14:25,214 - easytorch-training - INFO - Result <train>: [train/time: 3.14 (s), train/lr: 7.50e-05, train/loss: 0.2958, train/MAE: 0.2958, train/MSE: 0.3041]
2025-08-26 11:14:25,214 - easytorch-training - INFO - Start validation.
2025-08-26 11:14:25,985 - easytorch-training - INFO - Result <val>: [val/time: 0.77 (s), val/loss: 0.2680, val/MAE: 0.2680, val/MSE: 0.1563]
2025-08-26 11:14:26,744 - easytorch-training - INFO - Result <test>: [test/time: 0.76 (s), test/loss: 0.2927, test/MAE: 0.2927, test/MSE: 0.2283]
2025-08-26 11:14:26,747 - easytorch-training - INFO - Checkpoint checkpoints/DLinear/ETTm2_100_336_192/5cc3a6ae53d6e6117217f1da667e5aec/DLinear_056.pt saved
2025-08-26 11:14:26,747 - easytorch-training - INFO - The estimated training finish time is 2025-08-26 11:17:54
2025-08-26 11:14:26,748 - easytorch-training - INFO - Epoch 57 / 100
2025-08-26 11:14:29,888 - easytorch-training - INFO - Result <train>: [train/time: 3.14 (s), train/lr: 7.50e-05, train/loss: 0.2958, train/MAE: 0.2958, train/MSE: 0.3046]
2025-08-26 11:14:29,888 - easytorch-training - INFO - Start validation.
2025-08-26 11:14:30,701 - easytorch-training - INFO - Result <val>: [val/time: 0.81 (s), val/loss: 0.2673, val/MAE: 0.2673, val/MSE: 0.1556]
2025-08-26 11:14:31,497 - easytorch-training - INFO - Result <test>: [test/time: 0.80 (s), test/loss: 0.2913, test/MAE: 0.2913, test/MSE: 0.2261]
2025-08-26 11:14:31,500 - easytorch-training - INFO - Checkpoint checkpoints/DLinear/ETTm2_100_336_192/5cc3a6ae53d6e6117217f1da667e5aec/DLinear_057.pt saved
2025-08-26 11:14:31,500 - easytorch-training - INFO - The estimated training finish time is 2025-08-26 11:17:54
2025-08-26 11:14:31,500 - easytorch-training - INFO - Epoch 58 / 100
2025-08-26 11:14:34,655 - easytorch-training - INFO - Result <train>: [train/time: 3.15 (s), train/lr: 7.50e-05, train/loss: 0.2958, train/MAE: 0.2958, train/MSE: 0.3041]
2025-08-26 11:14:34,655 - easytorch-training - INFO - Start validation.
2025-08-26 11:14:35,416 - easytorch-training - INFO - Result <val>: [val/time: 0.76 (s), val/loss: 0.2685, val/MAE: 0.2685, val/MSE: 0.1561]
2025-08-26 11:14:36,180 - easytorch-training - INFO - Result <test>: [test/time: 0.76 (s), test/loss: 0.2937, test/MAE: 0.2937, test/MSE: 0.2274]
2025-08-26 11:14:36,184 - easytorch-training - INFO - Checkpoint checkpoints/DLinear/ETTm2_100_336_192/5cc3a6ae53d6e6117217f1da667e5aec/DLinear_058.pt saved
2025-08-26 11:14:36,185 - easytorch-training - INFO - The estimated training finish time is 2025-08-26 11:17:54
2025-08-26 11:14:36,185 - easytorch-training - INFO - Epoch 59 / 100
2025-08-26 11:14:39,346 - easytorch-training - INFO - Result <train>: [train/time: 3.16 (s), train/lr: 7.50e-05, train/loss: 0.2958, train/MAE: 0.2958, train/MSE: 0.3044]
2025-08-26 11:14:39,346 - easytorch-training - INFO - Start validation.
2025-08-26 11:14:40,152 - easytorch-training - INFO - Result <val>: [val/time: 0.81 (s), val/loss: 0.2677, val/MAE: 0.2677, val/MSE: 0.1558]
2025-08-26 11:14:40,960 - easytorch-training - INFO - Result <test>: [test/time: 0.81 (s), test/loss: 0.2924, test/MAE: 0.2924, test/MSE: 0.2266]
2025-08-26 11:14:40,964 - easytorch-training - INFO - Checkpoint checkpoints/DLinear/ETTm2_100_336_192/5cc3a6ae53d6e6117217f1da667e5aec/DLinear_059.pt saved
2025-08-26 11:14:40,964 - easytorch-training - INFO - The estimated training finish time is 2025-08-26 11:17:54
2025-08-26 11:14:40,964 - easytorch-training - INFO - Epoch 60 / 100
2025-08-26 11:14:44,117 - easytorch-training - INFO - Result <train>: [train/time: 3.15 (s), train/lr: 7.50e-05, train/loss: 0.2958, train/MAE: 0.2958, train/MSE: 0.3043]
2025-08-26 11:14:44,118 - easytorch-training - INFO - Start validation.
2025-08-26 11:14:44,894 - easytorch-training - INFO - Result <val>: [val/time: 0.78 (s), val/loss: 0.2674, val/MAE: 0.2674, val/MSE: 0.1557]
2025-08-26 11:14:45,666 - easytorch-training - INFO - Result <test>: [test/time: 0.77 (s), test/loss: 0.2914, test/MAE: 0.2914, test/MSE: 0.2266]
2025-08-26 11:14:45,669 - easytorch-training - INFO - Checkpoint checkpoints/DLinear/ETTm2_100_336_192/5cc3a6ae53d6e6117217f1da667e5aec/DLinear_060.pt saved
2025-08-26 11:14:45,671 - easytorch-training - INFO - The estimated training finish time is 2025-08-26 11:17:54
2025-08-26 11:14:45,671 - easytorch-training - INFO - Epoch 61 / 100
2025-08-26 11:14:48,829 - easytorch-training - INFO - Result <train>: [train/time: 3.16 (s), train/lr: 7.50e-05, train/loss: 0.2958, train/MAE: 0.2958, train/MSE: 0.3043]
2025-08-26 11:14:48,830 - easytorch-training - INFO - Start validation.
2025-08-26 11:14:49,618 - easytorch-training - INFO - Result <val>: [val/time: 0.79 (s), val/loss: 0.2671, val/MAE: 0.2671, val/MSE: 0.1558]
2025-08-26 11:14:50,394 - easytorch-training - INFO - Result <test>: [test/time: 0.78 (s), test/loss: 0.2906, test/MAE: 0.2906, test/MSE: 0.2263]
2025-08-26 11:14:50,399 - easytorch-training - INFO - Checkpoint checkpoints/DLinear/ETTm2_100_336_192/5cc3a6ae53d6e6117217f1da667e5aec/DLinear_061.pt saved
2025-08-26 11:14:50,399 - easytorch-training - INFO - The estimated training finish time is 2025-08-26 11:17:54
2025-08-26 11:14:50,399 - easytorch-training - INFO - Epoch 62 / 100
2025-08-26 11:14:53,570 - easytorch-training - INFO - Result <train>: [train/time: 3.17 (s), train/lr: 7.50e-05, train/loss: 0.2958, train/MAE: 0.2958, train/MSE: 0.3044]
2025-08-26 11:14:53,570 - easytorch-training - INFO - Start validation.
2025-08-26 11:14:54,329 - easytorch-training - INFO - Result <val>: [val/time: 0.76 (s), val/loss: 0.2680, val/MAE: 0.2680, val/MSE: 0.1559]
2025-08-26 11:14:55,103 - easytorch-training - INFO - Result <test>: [test/time: 0.77 (s), test/loss: 0.2927, test/MAE: 0.2927, test/MSE: 0.2267]
2025-08-26 11:14:55,106 - easytorch-training - INFO - Checkpoint checkpoints/DLinear/ETTm2_100_336_192/5cc3a6ae53d6e6117217f1da667e5aec/DLinear_062.pt saved
2025-08-26 11:14:55,106 - easytorch-training - INFO - The estimated training finish time is 2025-08-26 11:17:54
2025-08-26 11:14:55,106 - easytorch-training - INFO - Epoch 63 / 100
2025-08-26 11:14:58,318 - easytorch-training - INFO - Result <train>: [train/time: 3.21 (s), train/lr: 7.50e-05, train/loss: 0.2958, train/MAE: 0.2958, train/MSE: 0.3045]
2025-08-26 11:14:58,319 - easytorch-training - INFO - Start validation.
2025-08-26 11:14:59,119 - easytorch-training - INFO - Result <val>: [val/time: 0.80 (s), val/loss: 0.2675, val/MAE: 0.2675, val/MSE: 0.1556]
2025-08-26 11:14:59,926 - easytorch-training - INFO - Result <test>: [test/time: 0.81 (s), test/loss: 0.2917, test/MAE: 0.2917, test/MSE: 0.2256]
2025-08-26 11:14:59,929 - easytorch-training - INFO - Checkpoint checkpoints/DLinear/ETTm2_100_336_192/5cc3a6ae53d6e6117217f1da667e5aec/DLinear_063.pt saved
2025-08-26 11:14:59,929 - easytorch-training - INFO - The estimated training finish time is 2025-08-26 11:17:54
2025-08-26 11:14:59,929 - easytorch-training - INFO - Epoch 64 / 100
2025-08-26 11:15:03,080 - easytorch-training - INFO - Result <train>: [train/time: 3.15 (s), train/lr: 7.50e-05, train/loss: 0.2958, train/MAE: 0.2958, train/MSE: 0.3043]
2025-08-26 11:15:03,081 - easytorch-training - INFO - Start validation.
2025-08-26 11:15:03,863 - easytorch-training - INFO - Result <val>: [val/time: 0.78 (s), val/loss: 0.2674, val/MAE: 0.2674, val/MSE: 0.1558]
2025-08-26 11:15:04,630 - easytorch-training - INFO - Result <test>: [test/time: 0.77 (s), test/loss: 0.2914, test/MAE: 0.2914, test/MSE: 0.2263]
2025-08-26 11:15:04,634 - easytorch-training - INFO - Checkpoint checkpoints/DLinear/ETTm2_100_336_192/5cc3a6ae53d6e6117217f1da667e5aec/DLinear_064.pt saved
2025-08-26 11:15:04,635 - easytorch-training - INFO - The estimated training finish time is 2025-08-26 11:17:54
2025-08-26 11:15:04,635 - easytorch-training - INFO - Epoch 65 / 100
2025-08-26 11:15:07,791 - easytorch-training - INFO - Result <train>: [train/time: 3.16 (s), train/lr: 7.50e-05, train/loss: 0.2958, train/MAE: 0.2958, train/MSE: 0.3043]
2025-08-26 11:15:07,792 - easytorch-training - INFO - Start validation.
2025-08-26 11:15:08,557 - easytorch-training - INFO - Result <val>: [val/time: 0.76 (s), val/loss: 0.2680, val/MAE: 0.2680, val/MSE: 0.1560]
2025-08-26 11:15:09,316 - easytorch-training - INFO - Result <test>: [test/time: 0.76 (s), test/loss: 0.2928, test/MAE: 0.2928, test/MSE: 0.2270]
2025-08-26 11:15:09,319 - easytorch-training - INFO - Checkpoint checkpoints/DLinear/ETTm2_100_336_192/5cc3a6ae53d6e6117217f1da667e5aec/DLinear_065.pt saved
2025-08-26 11:15:09,319 - easytorch-training - INFO - The estimated training finish time is 2025-08-26 11:17:54
2025-08-26 11:15:09,319 - easytorch-training - INFO - Epoch 66 / 100
2025-08-26 11:15:12,491 - easytorch-training - INFO - Result <train>: [train/time: 3.17 (s), train/lr: 7.50e-05, train/loss: 0.2958, train/MAE: 0.2958, train/MSE: 0.3043]
2025-08-26 11:15:12,491 - easytorch-training - INFO - Start validation.
2025-08-26 11:15:13,296 - easytorch-training - INFO - Result <val>: [val/time: 0.81 (s), val/loss: 0.2674, val/MAE: 0.2674, val/MSE: 0.1559]
2025-08-26 11:15:14,105 - easytorch-training - INFO - Result <test>: [test/time: 0.81 (s), test/loss: 0.2912, test/MAE: 0.2912, test/MSE: 0.2264]
2025-08-26 11:15:14,111 - easytorch-training - INFO - Checkpoint checkpoints/DLinear/ETTm2_100_336_192/5cc3a6ae53d6e6117217f1da667e5aec/DLinear_066.pt saved
2025-08-26 11:15:14,111 - easytorch-training - INFO - The estimated training finish time is 2025-08-26 11:17:54
2025-08-26 11:15:14,111 - easytorch-training - INFO - Epoch 67 / 100
2025-08-26 11:15:17,266 - easytorch-training - INFO - Result <train>: [train/time: 3.15 (s), train/lr: 7.50e-05, train/loss: 0.2958, train/MAE: 0.2958, train/MSE: 0.3044]
2025-08-26 11:15:17,267 - easytorch-training - INFO - Start validation.
2025-08-26 11:15:18,042 - easytorch-training - INFO - Result <val>: [val/time: 0.77 (s), val/loss: 0.2681, val/MAE: 0.2681, val/MSE: 0.1559]
2025-08-26 11:15:18,803 - easytorch-training - INFO - Result <test>: [test/time: 0.76 (s), test/loss: 0.2931, test/MAE: 0.2931, test/MSE: 0.2268]
2025-08-26 11:15:18,806 - easytorch-training - INFO - Checkpoint checkpoints/DLinear/ETTm2_100_336_192/5cc3a6ae53d6e6117217f1da667e5aec/DLinear_067.pt saved
2025-08-26 11:15:18,806 - easytorch-training - INFO - The estimated training finish time is 2025-08-26 11:17:54
2025-08-26 11:15:18,806 - easytorch-training - INFO - Epoch 68 / 100
2025-08-26 11:15:21,950 - easytorch-training - INFO - Result <train>: [train/time: 3.14 (s), train/lr: 7.50e-05, train/loss: 0.2958, train/MAE: 0.2958, train/MSE: 0.3043]
2025-08-26 11:15:21,951 - easytorch-training - INFO - Start validation.
2025-08-26 11:15:22,724 - easytorch-training - INFO - Result <val>: [val/time: 0.77 (s), val/loss: 0.2674, val/MAE: 0.2674, val/MSE: 0.1558]
2025-08-26 11:15:23,498 - easytorch-training - INFO - Result <test>: [test/time: 0.77 (s), test/loss: 0.2915, test/MAE: 0.2915, test/MSE: 0.2267]
2025-08-26 11:15:23,501 - easytorch-training - INFO - Checkpoint checkpoints/DLinear/ETTm2_100_336_192/5cc3a6ae53d6e6117217f1da667e5aec/DLinear_068.pt saved
2025-08-26 11:15:23,501 - easytorch-training - INFO - The estimated training finish time is 2025-08-26 11:17:54
2025-08-26 11:15:23,501 - easytorch-training - INFO - Epoch 69 / 100
2025-08-26 11:15:26,646 - easytorch-training - INFO - Result <train>: [train/time: 3.14 (s), train/lr: 7.50e-05, train/loss: 0.2958, train/MAE: 0.2958, train/MSE: 0.3044]
2025-08-26 11:15:26,646 - easytorch-training - INFO - Start validation.
2025-08-26 11:15:27,446 - easytorch-training - INFO - Result <val>: [val/time: 0.80 (s), val/loss: 0.2678, val/MAE: 0.2678, val/MSE: 0.1560]
2025-08-26 11:15:28,211 - easytorch-training - INFO - Result <test>: [test/time: 0.76 (s), test/loss: 0.2920, test/MAE: 0.2920, test/MSE: 0.2268]
2025-08-26 11:15:28,217 - easytorch-training - INFO - Checkpoint checkpoints/DLinear/ETTm2_100_336_192/5cc3a6ae53d6e6117217f1da667e5aec/DLinear_069.pt saved
2025-08-26 11:15:28,217 - easytorch-training - INFO - The estimated training finish time is 2025-08-26 11:17:54
2025-08-26 11:15:28,217 - easytorch-training - INFO - Epoch 70 / 100
2025-08-26 11:15:31,369 - easytorch-training - INFO - Result <train>: [train/time: 3.15 (s), train/lr: 7.50e-05, train/loss: 0.2958, train/MAE: 0.2958, train/MSE: 0.3043]
2025-08-26 11:15:31,369 - easytorch-training - INFO - Start validation.
2025-08-26 11:15:32,165 - easytorch-training - INFO - Result <val>: [val/time: 0.79 (s), val/loss: 0.2685, val/MAE: 0.2685, val/MSE: 0.1561]
2025-08-26 11:15:32,974 - easytorch-training - INFO - Result <test>: [test/time: 0.81 (s), test/loss: 0.2941, test/MAE: 0.2941, test/MSE: 0.2274]
2025-08-26 11:15:32,977 - easytorch-training - INFO - Checkpoint checkpoints/DLinear/ETTm2_100_336_192/5cc3a6ae53d6e6117217f1da667e5aec/DLinear_070.pt saved
2025-08-26 11:15:32,979 - easytorch-training - INFO - The estimated training finish time is 2025-08-26 11:17:54
2025-08-26 11:15:32,979 - easytorch-training - INFO - Epoch 71 / 100
2025-08-26 11:15:36,117 - easytorch-training - INFO - Result <train>: [train/time: 3.14 (s), train/lr: 7.50e-05, train/loss: 0.2958, train/MAE: 0.2958, train/MSE: 0.3041]
2025-08-26 11:15:36,117 - easytorch-training - INFO - Start validation.
2025-08-26 11:15:36,938 - easytorch-training - INFO - Result <val>: [val/time: 0.82 (s), val/loss: 0.2693, val/MAE: 0.2693, val/MSE: 0.1566]
2025-08-26 11:15:37,738 - easytorch-training - INFO - Result <test>: [test/time: 0.80 (s), test/loss: 0.2957, test/MAE: 0.2957, test/MSE: 0.2287]
2025-08-26 11:15:37,742 - easytorch-training - INFO - Checkpoint checkpoints/DLinear/ETTm2_100_336_192/5cc3a6ae53d6e6117217f1da667e5aec/DLinear_071.pt saved
2025-08-26 11:15:37,742 - easytorch-training - INFO - The estimated training finish time is 2025-08-26 11:17:54
2025-08-26 11:15:37,742 - easytorch-training - INFO - Epoch 72 / 100
2025-08-26 11:15:40,889 - easytorch-training - INFO - Result <train>: [train/time: 3.15 (s), train/lr: 7.50e-05, train/loss: 0.2959, train/MAE: 0.2959, train/MSE: 0.3043]
2025-08-26 11:15:40,889 - easytorch-training - INFO - Start validation.
2025-08-26 11:15:41,662 - easytorch-training - INFO - Result <val>: [val/time: 0.77 (s), val/loss: 0.2673, val/MAE: 0.2673, val/MSE: 0.1559]
2025-08-26 11:15:42,435 - easytorch-training - INFO - Result <test>: [test/time: 0.77 (s), test/loss: 0.2910, test/MAE: 0.2910, test/MSE: 0.2271]
2025-08-26 11:15:42,440 - easytorch-training - INFO - Checkpoint checkpoints/DLinear/ETTm2_100_336_192/5cc3a6ae53d6e6117217f1da667e5aec/DLinear_072.pt saved
2025-08-26 11:15:42,440 - easytorch-training - INFO - The estimated training finish time is 2025-08-26 11:17:54
2025-08-26 11:15:42,441 - easytorch-training - INFO - Epoch 73 / 100
2025-08-26 11:15:45,615 - easytorch-training - INFO - Result <train>: [train/time: 3.17 (s), train/lr: 7.50e-05, train/loss: 0.2958, train/MAE: 0.2958, train/MSE: 0.3044]
2025-08-26 11:15:45,616 - easytorch-training - INFO - Start validation.
2025-08-26 11:15:46,375 - easytorch-training - INFO - Result <val>: [val/time: 0.76 (s), val/loss: 0.2683, val/MAE: 0.2683, val/MSE: 0.1561]
2025-08-26 11:15:47,148 - easytorch-training - INFO - Result <test>: [test/time: 0.77 (s), test/loss: 0.2934, test/MAE: 0.2934, test/MSE: 0.2274]
2025-08-26 11:15:47,151 - easytorch-training - INFO - Checkpoint checkpoints/DLinear/ETTm2_100_336_192/5cc3a6ae53d6e6117217f1da667e5aec/DLinear_073.pt saved
2025-08-26 11:15:47,152 - easytorch-training - INFO - The estimated training finish time is 2025-08-26 11:17:54
2025-08-26 11:15:47,152 - easytorch-training - INFO - Epoch 74 / 100
2025-08-26 11:15:50,322 - easytorch-training - INFO - Result <train>: [train/time: 3.17 (s), train/lr: 7.50e-05, train/loss: 0.2958, train/MAE: 0.2958, train/MSE: 0.3042]
2025-08-26 11:15:50,322 - easytorch-training - INFO - Start validation.
2025-08-26 11:15:51,112 - easytorch-training - INFO - Result <val>: [val/time: 0.79 (s), val/loss: 0.2682, val/MAE: 0.2682, val/MSE: 0.1562]
2025-08-26 11:15:51,910 - easytorch-training - INFO - Result <test>: [test/time: 0.80 (s), test/loss: 0.2930, test/MAE: 0.2930, test/MSE: 0.2273]
2025-08-26 11:15:51,914 - easytorch-training - INFO - Checkpoint checkpoints/DLinear/ETTm2_100_336_192/5cc3a6ae53d6e6117217f1da667e5aec/DLinear_074.pt saved
2025-08-26 11:15:51,914 - easytorch-training - INFO - The estimated training finish time is 2025-08-26 11:17:54
2025-08-26 11:15:51,914 - easytorch-training - INFO - Epoch 75 / 100
2025-08-26 11:15:55,057 - easytorch-training - INFO - Result <train>: [train/time: 3.14 (s), train/lr: 7.50e-05, train/loss: 0.2958, train/MAE: 0.2958, train/MSE: 0.3043]
2025-08-26 11:15:55,058 - easytorch-training - INFO - Start validation.
2025-08-26 11:15:55,829 - easytorch-training - INFO - Result <val>: [val/time: 0.77 (s), val/loss: 0.2683, val/MAE: 0.2683, val/MSE: 0.1558]
2025-08-26 11:15:56,587 - easytorch-training - INFO - Result <test>: [test/time: 0.76 (s), test/loss: 0.2934, test/MAE: 0.2934, test/MSE: 0.2266]
2025-08-26 11:15:56,591 - easytorch-training - INFO - Checkpoint checkpoints/DLinear/ETTm2_100_336_192/5cc3a6ae53d6e6117217f1da667e5aec/DLinear_075.pt saved
2025-08-26 11:15:56,591 - easytorch-training - INFO - The estimated training finish time is 2025-08-26 11:17:54
2025-08-26 11:15:56,591 - easytorch-training - INFO - Epoch 76 / 100
2025-08-26 11:15:59,767 - easytorch-training - INFO - Result <train>: [train/time: 3.18 (s), train/lr: 7.50e-05, train/loss: 0.2959, train/MAE: 0.2959, train/MSE: 0.3043]
2025-08-26 11:15:59,768 - easytorch-training - INFO - Start validation.
2025-08-26 11:16:00,534 - easytorch-training - INFO - Result <val>: [val/time: 0.77 (s), val/loss: 0.2696, val/MAE: 0.2696, val/MSE: 0.1565]
2025-08-26 11:16:01,298 - easytorch-training - INFO - Result <test>: [test/time: 0.76 (s), test/loss: 0.2962, test/MAE: 0.2962, test/MSE: 0.2280]
2025-08-26 11:16:01,301 - easytorch-training - INFO - Checkpoint checkpoints/DLinear/ETTm2_100_336_192/5cc3a6ae53d6e6117217f1da667e5aec/DLinear_076.pt saved
2025-08-26 11:16:01,302 - easytorch-training - INFO - The estimated training finish time is 2025-08-26 11:17:54
2025-08-26 11:16:01,302 - easytorch-training - INFO - Epoch 77 / 100
2025-08-26 11:16:04,458 - easytorch-training - INFO - Result <train>: [train/time: 3.16 (s), train/lr: 7.50e-05, train/loss: 0.2958, train/MAE: 0.2958, train/MSE: 0.3043]
2025-08-26 11:16:04,459 - easytorch-training - INFO - Start validation.
2025-08-26 11:16:05,215 - easytorch-training - INFO - Result <val>: [val/time: 0.76 (s), val/loss: 0.2677, val/MAE: 0.2677, val/MSE: 0.1560]
2025-08-26 11:16:05,989 - easytorch-training - INFO - Result <test>: [test/time: 0.77 (s), test/loss: 0.2923, test/MAE: 0.2923, test/MSE: 0.2273]
2025-08-26 11:16:05,996 - easytorch-training - INFO - Checkpoint checkpoints/DLinear/ETTm2_100_336_192/5cc3a6ae53d6e6117217f1da667e5aec/DLinear_077.pt saved
2025-08-26 11:16:05,996 - easytorch-training - INFO - The estimated training finish time is 2025-08-26 11:17:54
2025-08-26 11:16:05,996 - easytorch-training - INFO - Epoch 78 / 100
2025-08-26 11:16:09,156 - easytorch-training - INFO - Result <train>: [train/time: 3.16 (s), train/lr: 7.50e-05, train/loss: 0.2958, train/MAE: 0.2958, train/MSE: 0.3041]
2025-08-26 11:16:09,157 - easytorch-training - INFO - Start validation.
2025-08-26 11:16:09,927 - easytorch-training - INFO - Result <val>: [val/time: 0.77 (s), val/loss: 0.2674, val/MAE: 0.2674, val/MSE: 0.1561]
2025-08-26 11:16:10,707 - easytorch-training - INFO - Result <test>: [test/time: 0.78 (s), test/loss: 0.2911, test/MAE: 0.2911, test/MSE: 0.2270]
2025-08-26 11:16:10,710 - easytorch-training - INFO - Checkpoint checkpoints/DLinear/ETTm2_100_336_192/5cc3a6ae53d6e6117217f1da667e5aec/DLinear_078.pt saved
2025-08-26 11:16:10,710 - easytorch-training - INFO - The estimated training finish time is 2025-08-26 11:17:54
2025-08-26 11:16:10,710 - easytorch-training - INFO - Epoch 79 / 100
2025-08-26 11:16:13,864 - easytorch-training - INFO - Result <train>: [train/time: 3.15 (s), train/lr: 7.50e-05, train/loss: 0.2958, train/MAE: 0.2958, train/MSE: 0.3043]
2025-08-26 11:16:13,865 - easytorch-training - INFO - Start validation.
2025-08-26 11:16:14,638 - easytorch-training - INFO - Result <val>: [val/time: 0.77 (s), val/loss: 0.2693, val/MAE: 0.2693, val/MSE: 0.1565]
2025-08-26 11:16:15,397 - easytorch-training - INFO - Result <test>: [test/time: 0.76 (s), test/loss: 0.2958, test/MAE: 0.2958, test/MSE: 0.2281]
2025-08-26 11:16:15,400 - easytorch-training - INFO - Checkpoint checkpoints/DLinear/ETTm2_100_336_192/5cc3a6ae53d6e6117217f1da667e5aec/DLinear_079.pt saved
2025-08-26 11:16:15,400 - easytorch-training - INFO - The estimated training finish time is 2025-08-26 11:17:54
2025-08-26 11:16:15,400 - easytorch-training - INFO - Epoch 80 / 100
2025-08-26 11:16:18,558 - easytorch-training - INFO - Result <train>: [train/time: 3.16 (s), train/lr: 7.50e-05, train/loss: 0.2958, train/MAE: 0.2958, train/MSE: 0.3043]
2025-08-26 11:16:18,559 - easytorch-training - INFO - Start validation.
2025-08-26 11:16:19,349 - easytorch-training - INFO - Result <val>: [val/time: 0.79 (s), val/loss: 0.2675, val/MAE: 0.2675, val/MSE: 0.1556]
2025-08-26 11:16:20,143 - easytorch-training - INFO - Result <test>: [test/time: 0.79 (s), test/loss: 0.2916, test/MAE: 0.2916, test/MSE: 0.2260]
2025-08-26 11:16:20,147 - easytorch-training - INFO - Checkpoint checkpoints/DLinear/ETTm2_100_336_192/5cc3a6ae53d6e6117217f1da667e5aec/DLinear_080.pt saved
2025-08-26 11:16:20,149 - easytorch-training - INFO - The estimated training finish time is 2025-08-26 11:17:54
2025-08-26 11:16:20,149 - easytorch-training - INFO - Epoch 81 / 100
2025-08-26 11:16:23,299 - easytorch-training - INFO - Result <train>: [train/time: 3.15 (s), train/lr: 7.50e-05, train/loss: 0.2958, train/MAE: 0.2958, train/MSE: 0.3043]
2025-08-26 11:16:23,300 - easytorch-training - INFO - Start validation.
2025-08-26 11:16:24,057 - easytorch-training - INFO - Result <val>: [val/time: 0.76 (s), val/loss: 0.2682, val/MAE: 0.2682, val/MSE: 0.1558]
2025-08-26 11:16:24,838 - easytorch-training - INFO - Result <test>: [test/time: 0.78 (s), test/loss: 0.2932, test/MAE: 0.2932, test/MSE: 0.2265]
2025-08-26 11:16:24,842 - easytorch-training - INFO - Checkpoint checkpoints/DLinear/ETTm2_100_336_192/5cc3a6ae53d6e6117217f1da667e5aec/DLinear_081.pt saved
2025-08-26 11:16:24,842 - easytorch-training - INFO - The estimated training finish time is 2025-08-26 11:17:54
2025-08-26 11:16:24,842 - easytorch-training - INFO - Epoch 82 / 100
2025-08-26 11:16:27,993 - easytorch-training - INFO - Result <train>: [train/time: 3.15 (s), train/lr: 7.50e-05, train/loss: 0.2958, train/MAE: 0.2958, train/MSE: 0.3042]
2025-08-26 11:16:27,993 - easytorch-training - INFO - Start validation.
2025-08-26 11:16:28,773 - easytorch-training - INFO - Result <val>: [val/time: 0.78 (s), val/loss: 0.2685, val/MAE: 0.2685, val/MSE: 0.1562]
2025-08-26 11:16:29,562 - easytorch-training - INFO - Result <test>: [test/time: 0.79 (s), test/loss: 0.2940, test/MAE: 0.2940, test/MSE: 0.2278]
2025-08-26 11:16:29,566 - easytorch-training - INFO - Checkpoint checkpoints/DLinear/ETTm2_100_336_192/5cc3a6ae53d6e6117217f1da667e5aec/DLinear_082.pt saved
2025-08-26 11:16:29,566 - easytorch-training - INFO - The estimated training finish time is 2025-08-26 11:17:54
2025-08-26 11:16:29,567 - easytorch-training - INFO - Epoch 83 / 100
2025-08-26 11:16:32,696 - easytorch-training - INFO - Result <train>: [train/time: 3.13 (s), train/lr: 7.50e-05, train/loss: 0.2958, train/MAE: 0.2958, train/MSE: 0.3044]
2025-08-26 11:16:32,697 - easytorch-training - INFO - Start validation.
2025-08-26 11:16:33,472 - easytorch-training - INFO - Result <val>: [val/time: 0.78 (s), val/loss: 0.2679, val/MAE: 0.2679, val/MSE: 0.1559]
2025-08-26 11:16:34,234 - easytorch-training - INFO - Result <test>: [test/time: 0.76 (s), test/loss: 0.2926, test/MAE: 0.2926, test/MSE: 0.2266]
2025-08-26 11:16:34,237 - easytorch-training - INFO - Checkpoint checkpoints/DLinear/ETTm2_100_336_192/5cc3a6ae53d6e6117217f1da667e5aec/DLinear_083.pt saved
2025-08-26 11:16:34,238 - easytorch-training - INFO - The estimated training finish time is 2025-08-26 11:17:54
2025-08-26 11:16:34,238 - easytorch-training - INFO - Epoch 84 / 100
2025-08-26 11:16:37,405 - easytorch-training - INFO - Result <train>: [train/time: 3.17 (s), train/lr: 7.50e-05, train/loss: 0.2958, train/MAE: 0.2958, train/MSE: 0.3043]
2025-08-26 11:16:37,406 - easytorch-training - INFO - Start validation.
2025-08-26 11:16:38,204 - easytorch-training - INFO - Result <val>: [val/time: 0.80 (s), val/loss: 0.2686, val/MAE: 0.2686, val/MSE: 0.1559]
2025-08-26 11:16:38,995 - easytorch-training - INFO - Result <test>: [test/time: 0.79 (s), test/loss: 0.2939, test/MAE: 0.2939, test/MSE: 0.2266]
2025-08-26 11:16:38,999 - easytorch-training - INFO - Checkpoint checkpoints/DLinear/ETTm2_100_336_192/5cc3a6ae53d6e6117217f1da667e5aec/DLinear_084.pt saved
2025-08-26 11:16:38,999 - easytorch-training - INFO - The estimated training finish time is 2025-08-26 11:17:54
2025-08-26 11:16:38,999 - easytorch-training - INFO - Epoch 85 / 100
2025-08-26 11:16:42,151 - easytorch-training - INFO - Result <train>: [train/time: 3.15 (s), train/lr: 7.50e-05, train/loss: 0.2958, train/MAE: 0.2958, train/MSE: 0.3042]
2025-08-26 11:16:42,151 - easytorch-training - INFO - Start validation.
2025-08-26 11:16:42,922 - easytorch-training - INFO - Result <val>: [val/time: 0.77 (s), val/loss: 0.2676, val/MAE: 0.2676, val/MSE: 0.1559]
2025-08-26 11:16:43,733 - easytorch-training - INFO - Result <test>: [test/time: 0.81 (s), test/loss: 0.2919, test/MAE: 0.2919, test/MSE: 0.2269]
2025-08-26 11:16:43,737 - easytorch-training - INFO - Checkpoint checkpoints/DLinear/ETTm2_100_336_192/5cc3a6ae53d6e6117217f1da667e5aec/DLinear_085.pt saved
2025-08-26 11:16:43,738 - easytorch-training - INFO - The estimated training finish time is 2025-08-26 11:17:54
2025-08-26 11:16:43,738 - easytorch-training - INFO - Epoch 86 / 100
2025-08-26 11:16:46,866 - easytorch-training - INFO - Result <train>: [train/time: 3.13 (s), train/lr: 7.50e-05, train/loss: 0.2958, train/MAE: 0.2958, train/MSE: 0.3041]
2025-08-26 11:16:46,866 - easytorch-training - INFO - Start validation.
2025-08-26 11:16:47,654 - easytorch-training - INFO - Result <val>: [val/time: 0.79 (s), val/loss: 0.2672, val/MAE: 0.2672, val/MSE: 0.1560]
2025-08-26 11:16:48,461 - easytorch-training - INFO - Result <test>: [test/time: 0.81 (s), test/loss: 0.2908, test/MAE: 0.2908, test/MSE: 0.2271]
2025-08-26 11:16:48,464 - easytorch-training - INFO - Checkpoint checkpoints/DLinear/ETTm2_100_336_192/5cc3a6ae53d6e6117217f1da667e5aec/DLinear_086.pt saved
2025-08-26 11:16:48,464 - easytorch-training - INFO - The estimated training finish time is 2025-08-26 11:17:54
2025-08-26 11:16:48,465 - easytorch-training - INFO - Epoch 87 / 100
2025-08-26 11:16:51,587 - easytorch-training - INFO - Result <train>: [train/time: 3.12 (s), train/lr: 7.50e-05, train/loss: 0.2958, train/MAE: 0.2958, train/MSE: 0.3044]
2025-08-26 11:16:51,588 - easytorch-training - INFO - Start validation.
2025-08-26 11:16:52,364 - easytorch-training - INFO - Result <val>: [val/time: 0.78 (s), val/loss: 0.2676, val/MAE: 0.2676, val/MSE: 0.1558]
2025-08-26 11:16:53,145 - easytorch-training - INFO - Result <test>: [test/time: 0.78 (s), test/loss: 0.2918, test/MAE: 0.2918, test/MSE: 0.2264]
2025-08-26 11:16:53,148 - easytorch-training - INFO - Checkpoint checkpoints/DLinear/ETTm2_100_336_192/5cc3a6ae53d6e6117217f1da667e5aec/DLinear_087.pt saved
2025-08-26 11:16:53,148 - easytorch-training - INFO - The estimated training finish time is 2025-08-26 11:17:54
2025-08-26 11:16:53,149 - easytorch-training - INFO - Epoch 88 / 100
2025-08-26 11:16:56,279 - easytorch-training - INFO - Result <train>: [train/time: 3.13 (s), train/lr: 7.50e-05, train/loss: 0.2958, train/MAE: 0.2958, train/MSE: 0.3042]
2025-08-26 11:16:56,280 - easytorch-training - INFO - Start validation.
2025-08-26 11:16:57,060 - easytorch-training - INFO - Result <val>: [val/time: 0.78 (s), val/loss: 0.2678, val/MAE: 0.2678, val/MSE: 0.1560]
2025-08-26 11:16:57,837 - easytorch-training - INFO - Result <test>: [test/time: 0.78 (s), test/loss: 0.2925, test/MAE: 0.2925, test/MSE: 0.2272]
2025-08-26 11:16:57,844 - easytorch-training - INFO - Checkpoint checkpoints/DLinear/ETTm2_100_336_192/5cc3a6ae53d6e6117217f1da667e5aec/DLinear_088.pt saved
2025-08-26 11:16:57,844 - easytorch-training - INFO - The estimated training finish time is 2025-08-26 11:17:54
2025-08-26 11:16:57,844 - easytorch-training - INFO - Epoch 89 / 100
2025-08-26 11:17:00,983 - easytorch-training - INFO - Result <train>: [train/time: 3.14 (s), train/lr: 7.50e-05, train/loss: 0.2958, train/MAE: 0.2958, train/MSE: 0.3043]
2025-08-26 11:17:00,983 - easytorch-training - INFO - Start validation.
2025-08-26 11:17:01,739 - easytorch-training - INFO - Result <val>: [val/time: 0.76 (s), val/loss: 0.2673, val/MAE: 0.2673, val/MSE: 0.1555]
2025-08-26 11:17:02,522 - easytorch-training - INFO - Result <test>: [test/time: 0.78 (s), test/loss: 0.2914, test/MAE: 0.2914, test/MSE: 0.2263]
2025-08-26 11:17:02,525 - easytorch-training - INFO - Checkpoint checkpoints/DLinear/ETTm2_100_336_192/5cc3a6ae53d6e6117217f1da667e5aec/DLinear_089.pt saved
2025-08-26 11:17:02,525 - easytorch-training - INFO - The estimated training finish time is 2025-08-26 11:17:54
2025-08-26 11:17:02,525 - easytorch-training - INFO - Epoch 90 / 100
2025-08-26 11:17:05,696 - easytorch-training - INFO - Result <train>: [train/time: 3.17 (s), train/lr: 7.50e-05, train/loss: 0.2958, train/MAE: 0.2958, train/MSE: 0.3043]
2025-08-26 11:17:05,697 - easytorch-training - INFO - Start validation.
2025-08-26 11:17:06,480 - easytorch-training - INFO - Result <val>: [val/time: 0.78 (s), val/loss: 0.2679, val/MAE: 0.2679, val/MSE: 0.1558]
2025-08-26 11:17:07,273 - easytorch-training - INFO - Result <test>: [test/time: 0.79 (s), test/loss: 0.2924, test/MAE: 0.2924, test/MSE: 0.2263]
2025-08-26 11:17:07,279 - easytorch-training - INFO - Checkpoint checkpoints/DLinear/ETTm2_100_336_192/5cc3a6ae53d6e6117217f1da667e5aec/DLinear_090.pt saved
2025-08-26 11:17:07,280 - easytorch-training - INFO - The estimated training finish time is 2025-08-26 11:17:54
2025-08-26 11:17:07,281 - easytorch-training - INFO - Epoch 91 / 100
2025-08-26 11:17:10,415 - easytorch-training - INFO - Result <train>: [train/time: 3.13 (s), train/lr: 7.50e-05, train/loss: 0.2958, train/MAE: 0.2958, train/MSE: 0.3043]
2025-08-26 11:17:10,416 - easytorch-training - INFO - Start validation.
2025-08-26 11:17:11,187 - easytorch-training - INFO - Result <val>: [val/time: 0.77 (s), val/loss: 0.2684, val/MAE: 0.2684, val/MSE: 0.1560]
2025-08-26 11:17:11,959 - easytorch-training - INFO - Result <test>: [test/time: 0.77 (s), test/loss: 0.2936, test/MAE: 0.2936, test/MSE: 0.2267]
2025-08-26 11:17:11,963 - easytorch-training - INFO - Checkpoint checkpoints/DLinear/ETTm2_100_336_192/5cc3a6ae53d6e6117217f1da667e5aec/DLinear_091.pt saved
2025-08-26 11:17:11,963 - easytorch-training - INFO - The estimated training finish time is 2025-08-26 11:17:54
2025-08-26 11:17:11,963 - easytorch-training - INFO - Epoch 92 / 100
2025-08-26 11:17:15,113 - easytorch-training - INFO - Result <train>: [train/time: 3.15 (s), train/lr: 7.50e-05, train/loss: 0.2958, train/MAE: 0.2958, train/MSE: 0.3042]
2025-08-26 11:17:15,113 - easytorch-training - INFO - Start validation.
2025-08-26 11:17:15,873 - easytorch-training - INFO - Result <val>: [val/time: 0.76 (s), val/loss: 0.2674, val/MAE: 0.2674, val/MSE: 0.1559]
2025-08-26 11:17:16,652 - easytorch-training - INFO - Result <test>: [test/time: 0.78 (s), test/loss: 0.2909, test/MAE: 0.2909, test/MSE: 0.2268]
2025-08-26 11:17:16,655 - easytorch-training - INFO - Checkpoint checkpoints/DLinear/ETTm2_100_336_192/5cc3a6ae53d6e6117217f1da667e5aec/DLinear_092.pt saved
2025-08-26 11:17:16,655 - easytorch-training - INFO - The estimated training finish time is 2025-08-26 11:17:54
2025-08-26 11:17:16,655 - easytorch-training - INFO - Epoch 93 / 100
2025-08-26 11:17:19,794 - easytorch-training - INFO - Result <train>: [train/time: 3.14 (s), train/lr: 7.50e-05, train/loss: 0.2958, train/MAE: 0.2958, train/MSE: 0.3044]
2025-08-26 11:17:19,795 - easytorch-training - INFO - Start validation.
2025-08-26 11:17:20,552 - easytorch-training - INFO - Result <val>: [val/time: 0.76 (s), val/loss: 0.2683, val/MAE: 0.2683, val/MSE: 0.1560]
2025-08-26 11:17:21,332 - easytorch-training - INFO - Result <test>: [test/time: 0.78 (s), test/loss: 0.2935, test/MAE: 0.2935, test/MSE: 0.2271]
2025-08-26 11:17:21,336 - easytorch-training - INFO - Checkpoint checkpoints/DLinear/ETTm2_100_336_192/5cc3a6ae53d6e6117217f1da667e5aec/DLinear_093.pt saved
2025-08-26 11:17:21,336 - easytorch-training - INFO - The estimated training finish time is 2025-08-26 11:17:54
2025-08-26 11:17:21,336 - easytorch-training - INFO - Epoch 94 / 100
2025-08-26 11:17:24,500 - easytorch-training - INFO - Result <train>: [train/time: 3.16 (s), train/lr: 7.50e-05, train/loss: 0.2958, train/MAE: 0.2958, train/MSE: 0.3043]
2025-08-26 11:17:24,500 - easytorch-training - INFO - Start validation.
2025-08-26 11:17:25,270 - easytorch-training - INFO - Result <val>: [val/time: 0.77 (s), val/loss: 0.2683, val/MAE: 0.2683, val/MSE: 0.1561]
2025-08-26 11:17:26,053 - easytorch-training - INFO - Result <test>: [test/time: 0.78 (s), test/loss: 0.2934, test/MAE: 0.2934, test/MSE: 0.2275]
2025-08-26 11:17:26,057 - easytorch-training - INFO - Checkpoint checkpoints/DLinear/ETTm2_100_336_192/5cc3a6ae53d6e6117217f1da667e5aec/DLinear_094.pt saved
2025-08-26 11:17:26,057 - easytorch-training - INFO - The estimated training finish time is 2025-08-26 11:17:54
2025-08-26 11:17:26,057 - easytorch-training - INFO - Epoch 95 / 100
2025-08-26 11:17:29,191 - easytorch-training - INFO - Result <train>: [train/time: 3.13 (s), train/lr: 7.50e-05, train/loss: 0.2958, train/MAE: 0.2958, train/MSE: 0.3044]
2025-08-26 11:17:29,192 - easytorch-training - INFO - Start validation.
2025-08-26 11:17:29,989 - easytorch-training - INFO - Result <val>: [val/time: 0.80 (s), val/loss: 0.2676, val/MAE: 0.2676, val/MSE: 0.1558]
2025-08-26 11:17:30,767 - easytorch-training - INFO - Result <test>: [test/time: 0.78 (s), test/loss: 0.2921, test/MAE: 0.2921, test/MSE: 0.2269]
2025-08-26 11:17:30,770 - easytorch-training - INFO - Checkpoint checkpoints/DLinear/ETTm2_100_336_192/5cc3a6ae53d6e6117217f1da667e5aec/DLinear_095.pt saved
2025-08-26 11:17:30,770 - easytorch-training - INFO - The estimated training finish time is 2025-08-26 11:17:54
2025-08-26 11:17:30,770 - easytorch-training - INFO - Epoch 96 / 100
2025-08-26 11:17:33,909 - easytorch-training - INFO - Result <train>: [train/time: 3.14 (s), train/lr: 7.50e-05, train/loss: 0.2958, train/MAE: 0.2958, train/MSE: 0.3045]
2025-08-26 11:17:33,909 - easytorch-training - INFO - Start validation.
2025-08-26 11:17:34,684 - easytorch-training - INFO - Result <val>: [val/time: 0.77 (s), val/loss: 0.2677, val/MAE: 0.2677, val/MSE: 0.1558]
2025-08-26 11:17:35,473 - easytorch-training - INFO - Result <test>: [test/time: 0.79 (s), test/loss: 0.2919, test/MAE: 0.2919, test/MSE: 0.2262]
2025-08-26 11:17:35,478 - easytorch-training - INFO - Checkpoint checkpoints/DLinear/ETTm2_100_336_192/5cc3a6ae53d6e6117217f1da667e5aec/DLinear_096.pt saved
2025-08-26 11:17:35,478 - easytorch-training - INFO - The estimated training finish time is 2025-08-26 11:17:54
2025-08-26 11:17:35,479 - easytorch-training - INFO - Epoch 97 / 100
2025-08-26 11:17:38,640 - easytorch-training - INFO - Result <train>: [train/time: 3.16 (s), train/lr: 7.50e-05, train/loss: 0.2958, train/MAE: 0.2958, train/MSE: 0.3043]
2025-08-26 11:17:38,640 - easytorch-training - INFO - Start validation.
2025-08-26 11:17:39,445 - easytorch-training - INFO - Result <val>: [val/time: 0.80 (s), val/loss: 0.2682, val/MAE: 0.2682, val/MSE: 0.1560]
2025-08-26 11:17:40,231 - easytorch-training - INFO - Result <test>: [test/time: 0.78 (s), test/loss: 0.2931, test/MAE: 0.2931, test/MSE: 0.2268]
2025-08-26 11:17:40,234 - easytorch-training - INFO - Checkpoint checkpoints/DLinear/ETTm2_100_336_192/5cc3a6ae53d6e6117217f1da667e5aec/DLinear_097.pt saved
2025-08-26 11:17:40,234 - easytorch-training - INFO - The estimated training finish time is 2025-08-26 11:17:54
2025-08-26 11:17:40,234 - easytorch-training - INFO - Epoch 98 / 100
2025-08-26 11:17:43,373 - easytorch-training - INFO - Result <train>: [train/time: 3.14 (s), train/lr: 7.50e-05, train/loss: 0.2958, train/MAE: 0.2958, train/MSE: 0.3042]
2025-08-26 11:17:43,374 - easytorch-training - INFO - Start validation.
2025-08-26 11:17:44,159 - easytorch-training - INFO - Result <val>: [val/time: 0.79 (s), val/loss: 0.2686, val/MAE: 0.2686, val/MSE: 0.1561]
2025-08-26 11:17:44,939 - easytorch-training - INFO - Result <test>: [test/time: 0.78 (s), test/loss: 0.2941, test/MAE: 0.2941, test/MSE: 0.2271]
2025-08-26 11:17:44,943 - easytorch-training - INFO - Checkpoint checkpoints/DLinear/ETTm2_100_336_192/5cc3a6ae53d6e6117217f1da667e5aec/DLinear_098.pt saved
2025-08-26 11:17:44,943 - easytorch-training - INFO - The estimated training finish time is 2025-08-26 11:17:54
2025-08-26 11:17:44,943 - easytorch-training - INFO - Epoch 99 / 100
2025-08-26 11:17:48,084 - easytorch-training - INFO - Result <train>: [train/time: 3.14 (s), train/lr: 7.50e-05, train/loss: 0.2958, train/MAE: 0.2958, train/MSE: 0.3044]
2025-08-26 11:17:48,085 - easytorch-training - INFO - Start validation.
2025-08-26 11:17:48,901 - easytorch-training - INFO - Result <val>: [val/time: 0.82 (s), val/loss: 0.2677, val/MAE: 0.2677, val/MSE: 0.1557]
2025-08-26 11:17:49,698 - easytorch-training - INFO - Result <test>: [test/time: 0.80 (s), test/loss: 0.2921, test/MAE: 0.2921, test/MSE: 0.2261]
2025-08-26 11:17:49,704 - easytorch-training - INFO - Checkpoint checkpoints/DLinear/ETTm2_100_336_192/5cc3a6ae53d6e6117217f1da667e5aec/DLinear_099.pt saved
2025-08-26 11:17:49,704 - easytorch-training - INFO - The estimated training finish time is 2025-08-26 11:17:54
2025-08-26 11:17:49,704 - easytorch-training - INFO - Epoch 100 / 100
2025-08-26 11:17:52,849 - easytorch-training - INFO - Result <train>: [train/time: 3.14 (s), train/lr: 7.50e-05, train/loss: 0.2958, train/MAE: 0.2958, train/MSE: 0.3042]
2025-08-26 11:17:52,850 - easytorch-training - INFO - Start validation.
2025-08-26 11:17:53,618 - easytorch-training - INFO - Result <val>: [val/time: 0.77 (s), val/loss: 0.2676, val/MAE: 0.2676, val/MSE: 0.1560]
2025-08-26 11:17:54,380 - easytorch-training - INFO - Result <test>: [test/time: 0.76 (s), test/loss: 0.2919, test/MAE: 0.2919, test/MSE: 0.2273]
2025-08-26 11:17:54,383 - easytorch-training - INFO - Checkpoint checkpoints/DLinear/ETTm2_100_336_192/5cc3a6ae53d6e6117217f1da667e5aec/DLinear_100.pt saved
2025-08-26 11:17:54,385 - easytorch-training - INFO - The training finished at 2025-08-26 11:17:54
2025-08-26 11:17:54,385 - easytorch-training - INFO - Evaluating the best model on the test set.
2025-08-26 11:17:54,385 - easytorch-training - INFO - Loading Checkpoint from 'checkpoints/DLinear/ETTm2_100_336_192/5cc3a6ae53d6e6117217f1da667e5aec/DLinear_best_val_MAE.pt'
2025-08-26 11:17:55,180 - easytorch-training - INFO - Result <test>: [test/time: 0.79 (s), test/loss: 0.2904, test/MAE: 0.2904, test/MSE: 0.2266]
2025-08-26 11:17:55,182 - easytorch-training - INFO - Test metrics saved to checkpoints/DLinear/ETTm2_100_336_192/5cc3a6ae53d6e6117217f1da667e5aec/test_metrics.json.
