2025-08-29 07:38:45,541 - easytorch-training - INFO - Initializing training.
2025-08-29 07:38:45,541 - easytorch-training - INFO - Set clip grad, param: {'max_norm': 5.0}
2025-08-29 07:38:45,541 - easytorch-training - INFO - Building training data loader.
2025-08-29 07:38:45,571 - easytorch-training - INFO - Train dataset length: 17743
2025-08-29 07:38:46,584 - easytorch-training - INFO - Set optim: Adam (
Parameter Group 0
    amsgrad: False
    betas: (0.9, 0.999)
    capturable: False
    decoupled_weight_decay: False
    differentiable: False
    eps: 1e-08
    foreach: None
    fused: None
    lr: 0.0002
    maximize: False
    weight_decay: 0.0001
)
2025-08-29 07:38:46,584 - easytorch-training - INFO - Set lr_scheduler: <torch.optim.lr_scheduler.MultiStepLR object at 0x7c22ac77ecd0>
2025-08-29 07:38:46,590 - easytorch-training - INFO - Initializing validation.
2025-08-29 07:38:46,590 - easytorch-training - INFO - Building val data loader.
2025-08-29 07:38:46,598 - easytorch-training - INFO - Validation dataset length: 1959
2025-08-29 07:38:46,616 - easytorch-training - INFO - Test dataset length: 4589
2025-08-29 07:38:46,616 - easytorch-training - INFO - Number of parameters: 2211664
2025-08-29 07:38:46,617 - easytorch-training - INFO - Epoch 1 / 100
2025-08-29 07:40:20,283 - easytorch-training - INFO - Result <train>: [train/time: 93.67 (s), train/lr: 2.00e-04, train/loss: 0.2967, train/MAE: 0.2967, train/MSE: 0.2075]
2025-08-29 07:40:20,294 - easytorch-training - INFO - Start validation.
2025-08-29 07:40:27,271 - easytorch-training - INFO - Result <val>: [val/time: 6.98 (s), val/loss: 0.2454, val/MAE: 0.2454, val/MSE: 0.1567]
2025-08-29 07:40:27,367 - easytorch-training - INFO - Checkpoint checkpoints/PatchTST/Electricity_100_336_336/469e956fe08dc68db7f1dca7c28ae6e8/PatchTST_best_val_MAE.pt saved
2025-08-29 07:40:46,720 - easytorch-training - INFO - Result <test>: [test/time: 19.34 (s), test/loss: 0.2641, test/MAE: 0.2641, test/MSE: 0.1723]
2025-08-29 07:40:46,841 - easytorch-training - INFO - Checkpoint checkpoints/PatchTST/Electricity_100_336_336/469e956fe08dc68db7f1dca7c28ae6e8/PatchTST_001.pt saved
2025-08-29 07:40:46,842 - easytorch-training - INFO - The estimated training finish time is 2025-08-29 10:59:09
2025-08-29 07:40:46,842 - easytorch-training - INFO - Epoch 2 / 100
2025-08-29 07:42:19,687 - easytorch-training - INFO - Result <train>: [train/time: 92.84 (s), train/lr: 1.00e-04, train/loss: 0.2738, train/MAE: 0.2738, train/MSE: 0.1870]
2025-08-29 07:42:19,697 - easytorch-training - INFO - Start validation.
2025-08-29 07:42:26,459 - easytorch-training - INFO - Result <val>: [val/time: 6.76 (s), val/loss: 0.2411, val/MAE: 0.2411, val/MSE: 0.1542]
2025-08-29 07:42:26,722 - easytorch-training - INFO - Checkpoint checkpoints/PatchTST/Electricity_100_336_336/469e956fe08dc68db7f1dca7c28ae6e8/PatchTST_best_val_MAE.pt saved
2025-08-29 07:42:45,409 - easytorch-training - INFO - Result <test>: [test/time: 18.67 (s), test/loss: 0.2595, test/MAE: 0.2595, test/MSE: 0.1686]
2025-08-29 07:42:45,668 - easytorch-training - INFO - Checkpoint checkpoints/PatchTST/Electricity_100_336_336/469e956fe08dc68db7f1dca7c28ae6e8/PatchTST_002.pt saved
2025-08-29 07:42:45,669 - easytorch-training - INFO - The estimated training finish time is 2025-08-29 10:57:59
2025-08-29 07:42:45,669 - easytorch-training - INFO - Epoch 3 / 100
2025-08-29 07:44:18,294 - easytorch-training - INFO - Result <train>: [train/time: 92.63 (s), train/lr: 1.00e-04, train/loss: 0.2703, train/MAE: 0.2703, train/MSE: 0.1839]
2025-08-29 07:44:18,309 - easytorch-training - INFO - Start validation.
2025-08-29 07:44:25,104 - easytorch-training - INFO - Result <val>: [val/time: 6.79 (s), val/loss: 0.2402, val/MAE: 0.2402, val/MSE: 0.1533]
2025-08-29 07:44:25,224 - easytorch-training - INFO - Checkpoint checkpoints/PatchTST/Electricity_100_336_336/469e956fe08dc68db7f1dca7c28ae6e8/PatchTST_best_val_MAE.pt saved
2025-08-29 07:44:43,489 - easytorch-training - INFO - Result <test>: [test/time: 18.25 (s), test/loss: 0.2587, test/MAE: 0.2587, test/MSE: 0.1679]
2025-08-29 07:44:43,615 - easytorch-training - INFO - Checkpoint checkpoints/PatchTST/Electricity_100_336_336/469e956fe08dc68db7f1dca7c28ae6e8/PatchTST_003.pt saved
2025-08-29 07:44:43,616 - easytorch-training - INFO - The estimated training finish time is 2025-08-29 10:57:06
2025-08-29 07:44:43,616 - easytorch-training - INFO - Epoch 4 / 100
2025-08-29 07:46:16,349 - easytorch-training - INFO - Result <train>: [train/time: 92.73 (s), train/lr: 1.00e-04, train/loss: 0.2685, train/MAE: 0.2685, train/MSE: 0.1823]
2025-08-29 07:46:16,359 - easytorch-training - INFO - Start validation.
2025-08-29 07:46:22,982 - easytorch-training - INFO - Result <val>: [val/time: 6.62 (s), val/loss: 0.2405, val/MAE: 0.2405, val/MSE: 0.1541]
2025-08-29 07:46:41,325 - easytorch-training - INFO - Result <test>: [test/time: 18.32 (s), test/loss: 0.2584, test/MAE: 0.2584, test/MSE: 0.1680]
2025-08-29 07:46:41,442 - easytorch-training - INFO - Checkpoint checkpoints/PatchTST/Electricity_100_336_336/469e956fe08dc68db7f1dca7c28ae6e8/PatchTST_004.pt saved
2025-08-29 07:46:41,443 - easytorch-training - INFO - The estimated training finish time is 2025-08-29 10:56:37
2025-08-29 07:46:41,443 - easytorch-training - INFO - Epoch 5 / 100
2025-08-29 07:48:14,337 - easytorch-training - INFO - Result <train>: [train/time: 92.89 (s), train/lr: 1.00e-04, train/loss: 0.2675, train/MAE: 0.2675, train/MSE: 0.1815]
2025-08-29 07:48:14,348 - easytorch-training - INFO - Start validation.
2025-08-29 07:48:21,006 - easytorch-training - INFO - Result <val>: [val/time: 6.66 (s), val/loss: 0.2404, val/MAE: 0.2404, val/MSE: 0.1542]
2025-08-29 07:48:39,701 - easytorch-training - INFO - Result <test>: [test/time: 18.67 (s), test/loss: 0.2582, test/MAE: 0.2582, test/MSE: 0.1677]
2025-08-29 07:48:39,855 - easytorch-training - INFO - Checkpoint checkpoints/PatchTST/Electricity_100_336_336/469e956fe08dc68db7f1dca7c28ae6e8/PatchTST_005.pt saved
2025-08-29 07:48:39,856 - easytorch-training - INFO - The estimated training finish time is 2025-08-29 10:56:31
2025-08-29 07:48:39,856 - easytorch-training - INFO - Epoch 6 / 100
2025-08-29 07:50:12,861 - easytorch-training - INFO - Result <train>: [train/time: 93.01 (s), train/lr: 1.00e-04, train/loss: 0.2668, train/MAE: 0.2668, train/MSE: 0.1808]
2025-08-29 07:50:12,872 - easytorch-training - INFO - Start validation.
2025-08-29 07:50:19,518 - easytorch-training - INFO - Result <val>: [val/time: 6.65 (s), val/loss: 0.2390, val/MAE: 0.2390, val/MSE: 0.1525]
2025-08-29 07:50:19,789 - easytorch-training - INFO - Checkpoint checkpoints/PatchTST/Electricity_100_336_336/469e956fe08dc68db7f1dca7c28ae6e8/PatchTST_best_val_MAE.pt saved
2025-08-29 07:50:38,208 - easytorch-training - INFO - Result <test>: [test/time: 18.39 (s), test/loss: 0.2571, test/MAE: 0.2571, test/MSE: 0.1665]
2025-08-29 07:50:38,302 - easytorch-training - INFO - Checkpoint checkpoints/PatchTST/Electricity_100_336_336/469e956fe08dc68db7f1dca7c28ae6e8/PatchTST_006.pt saved
2025-08-29 07:50:38,302 - easytorch-training - INFO - The estimated training finish time is 2025-08-29 10:56:28
2025-08-29 07:50:38,302 - easytorch-training - INFO - Epoch 7 / 100
2025-08-29 07:52:11,210 - easytorch-training - INFO - Result <train>: [train/time: 92.91 (s), train/lr: 1.00e-04, train/loss: 0.2663, train/MAE: 0.2663, train/MSE: 0.1803]
2025-08-29 07:52:11,219 - easytorch-training - INFO - Start validation.
2025-08-29 07:52:17,855 - easytorch-training - INFO - Result <val>: [val/time: 6.64 (s), val/loss: 0.2395, val/MAE: 0.2395, val/MSE: 0.1531]
2025-08-29 07:52:36,091 - easytorch-training - INFO - Result <test>: [test/time: 18.21 (s), test/loss: 0.2572, test/MAE: 0.2572, test/MSE: 0.1666]
2025-08-29 07:52:36,202 - easytorch-training - INFO - Checkpoint checkpoints/PatchTST/Electricity_100_336_336/469e956fe08dc68db7f1dca7c28ae6e8/PatchTST_007.pt saved
2025-08-29 07:52:36,202 - easytorch-training - INFO - The estimated training finish time is 2025-08-29 10:56:17
2025-08-29 07:52:36,202 - easytorch-training - INFO - Epoch 8 / 100
2025-08-29 07:54:09,025 - easytorch-training - INFO - Result <train>: [train/time: 92.82 (s), train/lr: 1.00e-04, train/loss: 0.2659, train/MAE: 0.2659, train/MSE: 0.1799]
2025-08-29 07:54:09,035 - easytorch-training - INFO - Start validation.
2025-08-29 07:54:15,660 - easytorch-training - INFO - Result <val>: [val/time: 6.62 (s), val/loss: 0.2395, val/MAE: 0.2395, val/MSE: 0.1536]
2025-08-29 07:54:35,009 - easytorch-training - INFO - Result <test>: [test/time: 19.33 (s), test/loss: 0.2573, test/MAE: 0.2573, test/MSE: 0.1670]
2025-08-29 07:54:35,111 - easytorch-training - INFO - Checkpoint checkpoints/PatchTST/Electricity_100_336_336/469e956fe08dc68db7f1dca7c28ae6e8/PatchTST_008.pt saved
2025-08-29 07:54:35,112 - easytorch-training - INFO - The estimated training finish time is 2025-08-29 10:56:22
2025-08-29 07:54:35,112 - easytorch-training - INFO - Epoch 9 / 100
2025-08-29 07:56:07,952 - easytorch-training - INFO - Result <train>: [train/time: 92.84 (s), train/lr: 1.00e-04, train/loss: 0.2656, train/MAE: 0.2656, train/MSE: 0.1795]
2025-08-29 07:56:07,964 - easytorch-training - INFO - Start validation.
2025-08-29 07:56:14,721 - easytorch-training - INFO - Result <val>: [val/time: 6.76 (s), val/loss: 0.2391, val/MAE: 0.2391, val/MSE: 0.1526]
2025-08-29 07:56:33,276 - easytorch-training - INFO - Result <test>: [test/time: 18.53 (s), test/loss: 0.2566, test/MAE: 0.2566, test/MSE: 0.1661]
2025-08-29 07:56:33,403 - easytorch-training - INFO - Checkpoint checkpoints/PatchTST/Electricity_100_336_336/469e956fe08dc68db7f1dca7c28ae6e8/PatchTST_009.pt saved
2025-08-29 07:56:33,403 - easytorch-training - INFO - The estimated training finish time is 2025-08-29 10:56:19
2025-08-29 07:56:33,403 - easytorch-training - INFO - Epoch 10 / 100
2025-08-29 07:58:06,354 - easytorch-training - INFO - Result <train>: [train/time: 92.95 (s), train/lr: 1.00e-04, train/loss: 0.2653, train/MAE: 0.2653, train/MSE: 0.1792]
2025-08-29 07:58:06,364 - easytorch-training - INFO - Start validation.
2025-08-29 07:58:13,158 - easytorch-training - INFO - Result <val>: [val/time: 6.79 (s), val/loss: 0.2390, val/MAE: 0.2390, val/MSE: 0.1523]
2025-08-29 07:58:13,254 - easytorch-training - INFO - Checkpoint checkpoints/PatchTST/Electricity_100_336_336/469e956fe08dc68db7f1dca7c28ae6e8/PatchTST_best_val_MAE.pt saved
2025-08-29 07:58:32,446 - easytorch-training - INFO - Result <test>: [test/time: 19.17 (s), test/loss: 0.2562, test/MAE: 0.2562, test/MSE: 0.1654]
2025-08-29 07:58:32,697 - easytorch-training - INFO - Checkpoint checkpoints/PatchTST/Electricity_100_336_336/469e956fe08dc68db7f1dca7c28ae6e8/PatchTST_010.pt saved
2025-08-29 07:58:32,757 - easytorch-training - INFO - The estimated training finish time is 2025-08-29 10:56:28
2025-08-29 07:58:32,758 - easytorch-training - INFO - Epoch 11 / 100
2025-08-29 08:00:05,646 - easytorch-training - INFO - Result <train>: [train/time: 92.89 (s), train/lr: 1.00e-04, train/loss: 0.2651, train/MAE: 0.2651, train/MSE: 0.1790]
2025-08-29 08:00:05,657 - easytorch-training - INFO - Start validation.
2025-08-29 08:00:12,373 - easytorch-training - INFO - Result <val>: [val/time: 6.72 (s), val/loss: 0.2386, val/MAE: 0.2386, val/MSE: 0.1523]
2025-08-29 08:00:12,479 - easytorch-training - INFO - Checkpoint checkpoints/PatchTST/Electricity_100_336_336/469e956fe08dc68db7f1dca7c28ae6e8/PatchTST_best_val_MAE.pt saved
2025-08-29 08:00:31,123 - easytorch-training - INFO - Result <test>: [test/time: 18.63 (s), test/loss: 0.2562, test/MAE: 0.2562, test/MSE: 0.1659]
2025-08-29 08:00:31,245 - easytorch-training - INFO - Checkpoint checkpoints/PatchTST/Electricity_100_336_336/469e956fe08dc68db7f1dca7c28ae6e8/PatchTST_011.pt saved
2025-08-29 08:00:31,245 - easytorch-training - INFO - The estimated training finish time is 2025-08-29 10:56:26
2025-08-29 08:00:31,245 - easytorch-training - INFO - Epoch 12 / 100
2025-08-29 08:02:04,172 - easytorch-training - INFO - Result <train>: [train/time: 92.93 (s), train/lr: 1.00e-04, train/loss: 0.2650, train/MAE: 0.2650, train/MSE: 0.1788]
2025-08-29 08:02:04,182 - easytorch-training - INFO - Start validation.
2025-08-29 08:02:10,932 - easytorch-training - INFO - Result <val>: [val/time: 6.75 (s), val/loss: 0.2387, val/MAE: 0.2387, val/MSE: 0.1522]
2025-08-29 08:02:29,513 - easytorch-training - INFO - Result <test>: [test/time: 18.56 (s), test/loss: 0.2561, test/MAE: 0.2561, test/MSE: 0.1656]
2025-08-29 08:02:29,763 - easytorch-training - INFO - Checkpoint checkpoints/PatchTST/Electricity_100_336_336/469e956fe08dc68db7f1dca7c28ae6e8/PatchTST_012.pt saved
2025-08-29 08:02:29,763 - easytorch-training - INFO - The estimated training finish time is 2025-08-29 10:56:26
2025-08-29 08:02:29,763 - easytorch-training - INFO - Epoch 13 / 100
2025-08-29 08:04:02,528 - easytorch-training - INFO - Result <train>: [train/time: 92.76 (s), train/lr: 1.00e-04, train/loss: 0.2648, train/MAE: 0.2648, train/MSE: 0.1786]
2025-08-29 08:04:02,538 - easytorch-training - INFO - Start validation.
2025-08-29 08:04:09,149 - easytorch-training - INFO - Result <val>: [val/time: 6.61 (s), val/loss: 0.2386, val/MAE: 0.2386, val/MSE: 0.1519]
2025-08-29 08:04:27,333 - easytorch-training - INFO - Result <test>: [test/time: 18.16 (s), test/loss: 0.2565, test/MAE: 0.2565, test/MSE: 0.1658]
2025-08-29 08:04:27,434 - easytorch-training - INFO - Checkpoint checkpoints/PatchTST/Electricity_100_336_336/469e956fe08dc68db7f1dca7c28ae6e8/PatchTST_013.pt saved
2025-08-29 08:04:27,435 - easytorch-training - INFO - The estimated training finish time is 2025-08-29 10:56:19
2025-08-29 08:04:27,435 - easytorch-training - INFO - Epoch 14 / 100
2025-08-29 08:06:00,386 - easytorch-training - INFO - Result <train>: [train/time: 92.95 (s), train/lr: 1.00e-04, train/loss: 0.2646, train/MAE: 0.2646, train/MSE: 0.1785]
2025-08-29 08:06:00,396 - easytorch-training - INFO - Start validation.
2025-08-29 08:06:07,039 - easytorch-training - INFO - Result <val>: [val/time: 6.64 (s), val/loss: 0.2389, val/MAE: 0.2389, val/MSE: 0.1523]
2025-08-29 08:06:25,679 - easytorch-training - INFO - Result <test>: [test/time: 18.62 (s), test/loss: 0.2565, test/MAE: 0.2564, test/MSE: 0.1656]
2025-08-29 08:06:25,780 - easytorch-training - INFO - Checkpoint checkpoints/PatchTST/Electricity_100_336_336/469e956fe08dc68db7f1dca7c28ae6e8/PatchTST_014.pt saved
2025-08-29 08:06:25,780 - easytorch-training - INFO - The estimated training finish time is 2025-08-29 10:56:17
2025-08-29 08:06:25,781 - easytorch-training - INFO - Epoch 15 / 100
2025-08-29 08:07:58,749 - easytorch-training - INFO - Result <train>: [train/time: 92.97 (s), train/lr: 1.00e-04, train/loss: 0.2645, train/MAE: 0.2645, train/MSE: 0.1783]
2025-08-29 08:07:58,760 - easytorch-training - INFO - Start validation.
2025-08-29 08:08:05,385 - easytorch-training - INFO - Result <val>: [val/time: 6.62 (s), val/loss: 0.2385, val/MAE: 0.2385, val/MSE: 0.1519]
2025-08-29 08:08:05,510 - easytorch-training - INFO - Checkpoint checkpoints/PatchTST/Electricity_100_336_336/469e956fe08dc68db7f1dca7c28ae6e8/PatchTST_best_val_MAE.pt saved
2025-08-29 08:08:23,935 - easytorch-training - INFO - Result <test>: [test/time: 18.40 (s), test/loss: 0.2558, test/MAE: 0.2558, test/MSE: 0.1653]
2025-08-29 08:08:24,054 - easytorch-training - INFO - Checkpoint checkpoints/PatchTST/Electricity_100_336_336/469e956fe08dc68db7f1dca7c28ae6e8/PatchTST_015.pt saved
2025-08-29 08:08:24,055 - easytorch-training - INFO - The estimated training finish time is 2025-08-29 10:56:16
2025-08-29 08:08:24,055 - easytorch-training - INFO - Epoch 16 / 100
2025-08-29 08:09:56,958 - easytorch-training - INFO - Result <train>: [train/time: 92.90 (s), train/lr: 1.00e-04, train/loss: 0.2643, train/MAE: 0.2643, train/MSE: 0.1782]
2025-08-29 08:09:56,969 - easytorch-training - INFO - Start validation.
2025-08-29 08:10:03,628 - easytorch-training - INFO - Result <val>: [val/time: 6.66 (s), val/loss: 0.2383, val/MAE: 0.2383, val/MSE: 0.1516]
2025-08-29 08:10:03,746 - easytorch-training - INFO - Checkpoint checkpoints/PatchTST/Electricity_100_336_336/469e956fe08dc68db7f1dca7c28ae6e8/PatchTST_best_val_MAE.pt saved
2025-08-29 08:10:22,838 - easytorch-training - INFO - Result <test>: [test/time: 19.07 (s), test/loss: 0.2558, test/MAE: 0.2558, test/MSE: 0.1653]
2025-08-29 08:10:22,955 - easytorch-training - INFO - Checkpoint checkpoints/PatchTST/Electricity_100_336_336/469e956fe08dc68db7f1dca7c28ae6e8/PatchTST_016.pt saved
2025-08-29 08:10:22,955 - easytorch-training - INFO - The estimated training finish time is 2025-08-29 10:56:18
2025-08-29 08:10:22,955 - easytorch-training - INFO - Epoch 17 / 100
2025-08-29 08:11:55,877 - easytorch-training - INFO - Result <train>: [train/time: 92.92 (s), train/lr: 1.00e-04, train/loss: 0.2641, train/MAE: 0.2641, train/MSE: 0.1781]
2025-08-29 08:11:55,887 - easytorch-training - INFO - Start validation.
2025-08-29 08:12:02,681 - easytorch-training - INFO - Result <val>: [val/time: 6.79 (s), val/loss: 0.2387, val/MAE: 0.2387, val/MSE: 0.1521]
2025-08-29 08:12:20,760 - easytorch-training - INFO - Result <test>: [test/time: 18.06 (s), test/loss: 0.2556, test/MAE: 0.2556, test/MSE: 0.1656]
2025-08-29 08:12:21,021 - easytorch-training - INFO - Checkpoint checkpoints/PatchTST/Electricity_100_336_336/469e956fe08dc68db7f1dca7c28ae6e8/PatchTST_017.pt saved
2025-08-29 08:12:21,022 - easytorch-training - INFO - The estimated training finish time is 2025-08-29 10:56:16
2025-08-29 08:12:21,022 - easytorch-training - INFO - Epoch 18 / 100
2025-08-29 08:13:54,036 - easytorch-training - INFO - Result <train>: [train/time: 93.01 (s), train/lr: 1.00e-04, train/loss: 0.2640, train/MAE: 0.2640, train/MSE: 0.1780]
2025-08-29 08:13:54,047 - easytorch-training - INFO - Start validation.
2025-08-29 08:14:01,089 - easytorch-training - INFO - Result <val>: [val/time: 7.04 (s), val/loss: 0.2382, val/MAE: 0.2382, val/MSE: 0.1517]
2025-08-29 08:14:01,353 - easytorch-training - INFO - Checkpoint checkpoints/PatchTST/Electricity_100_336_336/469e956fe08dc68db7f1dca7c28ae6e8/PatchTST_best_val_MAE.pt saved
2025-08-29 08:14:21,021 - easytorch-training - INFO - Result <test>: [test/time: 19.64 (s), test/loss: 0.2556, test/MAE: 0.2556, test/MSE: 0.1651]
2025-08-29 08:14:21,126 - easytorch-training - INFO - Checkpoint checkpoints/PatchTST/Electricity_100_336_336/469e956fe08dc68db7f1dca7c28ae6e8/PatchTST_018.pt saved
2025-08-29 08:14:21,127 - easytorch-training - INFO - The estimated training finish time is 2025-08-29 10:56:25
2025-08-29 08:14:21,127 - easytorch-training - INFO - Epoch 19 / 100
2025-08-29 08:15:53,916 - easytorch-training - INFO - Result <train>: [train/time: 92.79 (s), train/lr: 1.00e-04, train/loss: 0.2639, train/MAE: 0.2639, train/MSE: 0.1779]
2025-08-29 08:15:53,927 - easytorch-training - INFO - Start validation.
2025-08-29 08:16:00,792 - easytorch-training - INFO - Result <val>: [val/time: 6.86 (s), val/loss: 0.2386, val/MAE: 0.2386, val/MSE: 0.1517]
2025-08-29 08:16:20,050 - easytorch-training - INFO - Result <test>: [test/time: 19.23 (s), test/loss: 0.2559, test/MAE: 0.2559, test/MSE: 0.1653]
2025-08-29 08:16:20,163 - easytorch-training - INFO - Checkpoint checkpoints/PatchTST/Electricity_100_336_336/469e956fe08dc68db7f1dca7c28ae6e8/PatchTST_019.pt saved
2025-08-29 08:16:20,163 - easytorch-training - INFO - The estimated training finish time is 2025-08-29 10:56:27
2025-08-29 08:16:20,164 - easytorch-training - INFO - Epoch 20 / 100
2025-08-29 08:17:53,133 - easytorch-training - INFO - Result <train>: [train/time: 92.97 (s), train/lr: 1.00e-04, train/loss: 0.2637, train/MAE: 0.2637, train/MSE: 0.1778]
2025-08-29 08:17:53,143 - easytorch-training - INFO - Start validation.
2025-08-29 08:18:00,180 - easytorch-training - INFO - Result <val>: [val/time: 7.04 (s), val/loss: 0.2389, val/MAE: 0.2389, val/MSE: 0.1521]
2025-08-29 08:18:19,119 - easytorch-training - INFO - Result <test>: [test/time: 18.91 (s), test/loss: 0.2562, test/MAE: 0.2562, test/MSE: 0.1657]
2025-08-29 08:18:19,223 - easytorch-training - INFO - Checkpoint checkpoints/PatchTST/Electricity_100_336_336/469e956fe08dc68db7f1dca7c28ae6e8/PatchTST_020.pt saved
2025-08-29 08:18:19,269 - easytorch-training - INFO - The estimated training finish time is 2025-08-29 10:56:29
2025-08-29 08:18:19,269 - easytorch-training - INFO - Epoch 21 / 100
2025-08-29 08:19:52,289 - easytorch-training - INFO - Result <train>: [train/time: 93.02 (s), train/lr: 1.00e-04, train/loss: 0.2636, train/MAE: 0.2636, train/MSE: 0.1777]
2025-08-29 08:19:52,302 - easytorch-training - INFO - Start validation.
2025-08-29 08:19:59,170 - easytorch-training - INFO - Result <val>: [val/time: 6.87 (s), val/loss: 0.2386, val/MAE: 0.2386, val/MSE: 0.1523]
2025-08-29 08:20:18,310 - easytorch-training - INFO - Result <test>: [test/time: 19.11 (s), test/loss: 0.2557, test/MAE: 0.2557, test/MSE: 0.1656]
2025-08-29 08:20:18,451 - easytorch-training - INFO - Checkpoint checkpoints/PatchTST/Electricity_100_336_336/469e956fe08dc68db7f1dca7c28ae6e8/PatchTST_021.pt saved
2025-08-29 08:20:18,451 - easytorch-training - INFO - The estimated training finish time is 2025-08-29 10:56:32
2025-08-29 08:20:18,452 - easytorch-training - INFO - Epoch 22 / 100
2025-08-29 08:21:51,189 - easytorch-training - INFO - Result <train>: [train/time: 92.74 (s), train/lr: 1.00e-04, train/loss: 0.2636, train/MAE: 0.2636, train/MSE: 0.1777]
2025-08-29 08:21:51,202 - easytorch-training - INFO - Start validation.
2025-08-29 08:21:57,864 - easytorch-training - INFO - Result <val>: [val/time: 6.66 (s), val/loss: 0.2384, val/MAE: 0.2384, val/MSE: 0.1520]
2025-08-29 08:22:16,796 - easytorch-training - INFO - Result <test>: [test/time: 18.91 (s), test/loss: 0.2550, test/MAE: 0.2550, test/MSE: 0.1649]
2025-08-29 08:22:17,065 - easytorch-training - INFO - Checkpoint checkpoints/PatchTST/Electricity_100_336_336/469e956fe08dc68db7f1dca7c28ae6e8/PatchTST_022.pt saved
2025-08-29 08:22:17,066 - easytorch-training - INFO - The estimated training finish time is 2025-08-29 10:56:32
2025-08-29 08:22:17,066 - easytorch-training - INFO - Epoch 23 / 100
2025-08-29 08:23:49,890 - easytorch-training - INFO - Result <train>: [train/time: 92.82 (s), train/lr: 1.00e-04, train/loss: 0.2635, train/MAE: 0.2635, train/MSE: 0.1776]
2025-08-29 08:23:49,905 - easytorch-training - INFO - Start validation.
2025-08-29 08:23:56,491 - easytorch-training - INFO - Result <val>: [val/time: 6.58 (s), val/loss: 0.2382, val/MAE: 0.2382, val/MSE: 0.1521]
2025-08-29 08:24:14,724 - easytorch-training - INFO - Result <test>: [test/time: 18.21 (s), test/loss: 0.2550, test/MAE: 0.2550, test/MSE: 0.1653]
2025-08-29 08:24:14,819 - easytorch-training - INFO - Checkpoint checkpoints/PatchTST/Electricity_100_336_336/469e956fe08dc68db7f1dca7c28ae6e8/PatchTST_023.pt saved
2025-08-29 08:24:14,819 - easytorch-training - INFO - The estimated training finish time is 2025-08-29 10:56:28
2025-08-29 08:24:14,820 - easytorch-training - INFO - Epoch 24 / 100
2025-08-29 08:25:47,646 - easytorch-training - INFO - Result <train>: [train/time: 92.83 (s), train/lr: 1.00e-04, train/loss: 0.2634, train/MAE: 0.2634, train/MSE: 0.1775]
2025-08-29 08:25:47,655 - easytorch-training - INFO - Start validation.
2025-08-29 08:25:54,286 - easytorch-training - INFO - Result <val>: [val/time: 6.63 (s), val/loss: 0.2383, val/MAE: 0.2383, val/MSE: 0.1519]
2025-08-29 08:26:12,412 - easytorch-training - INFO - Result <test>: [test/time: 18.10 (s), test/loss: 0.2551, test/MAE: 0.2551, test/MSE: 0.1651]
2025-08-29 08:26:12,520 - easytorch-training - INFO - Checkpoint checkpoints/PatchTST/Electricity_100_336_336/469e956fe08dc68db7f1dca7c28ae6e8/PatchTST_024.pt saved
2025-08-29 08:26:12,520 - easytorch-training - INFO - The estimated training finish time is 2025-08-29 10:56:24
2025-08-29 08:26:12,521 - easytorch-training - INFO - Epoch 25 / 100
2025-08-29 08:27:44,995 - easytorch-training - INFO - Result <train>: [train/time: 92.47 (s), train/lr: 1.00e-04, train/loss: 0.2633, train/MAE: 0.2633, train/MSE: 0.1775]
2025-08-29 08:27:45,006 - easytorch-training - INFO - Start validation.
2025-08-29 08:27:51,587 - easytorch-training - INFO - Result <val>: [val/time: 6.58 (s), val/loss: 0.2378, val/MAE: 0.2378, val/MSE: 0.1516]
2025-08-29 08:27:51,691 - easytorch-training - INFO - Checkpoint checkpoints/PatchTST/Electricity_100_336_336/469e956fe08dc68db7f1dca7c28ae6e8/PatchTST_best_val_MAE.pt saved
2025-08-29 08:28:09,881 - easytorch-training - INFO - Result <test>: [test/time: 18.17 (s), test/loss: 0.2547, test/MAE: 0.2547, test/MSE: 0.1649]
2025-08-29 08:28:09,978 - easytorch-training - INFO - Checkpoint checkpoints/PatchTST/Electricity_100_336_336/469e956fe08dc68db7f1dca7c28ae6e8/PatchTST_025.pt saved
2025-08-29 08:28:09,978 - easytorch-training - INFO - The estimated training finish time is 2025-08-29 10:56:20
2025-08-29 08:28:09,978 - easytorch-training - INFO - Epoch 26 / 100
2025-08-29 08:29:42,498 - easytorch-training - INFO - Result <train>: [train/time: 92.52 (s), train/lr: 5.00e-05, train/loss: 0.2625, train/MAE: 0.2625, train/MSE: 0.1770]
2025-08-29 08:29:42,511 - easytorch-training - INFO - Start validation.
2025-08-29 08:29:49,135 - easytorch-training - INFO - Result <val>: [val/time: 6.62 (s), val/loss: 0.2375, val/MAE: 0.2375, val/MSE: 0.1513]
2025-08-29 08:29:49,227 - easytorch-training - INFO - Checkpoint checkpoints/PatchTST/Electricity_100_336_336/469e956fe08dc68db7f1dca7c28ae6e8/PatchTST_best_val_MAE.pt saved
2025-08-29 08:30:07,814 - easytorch-training - INFO - Result <test>: [test/time: 18.57 (s), test/loss: 0.2549, test/MAE: 0.2549, test/MSE: 0.1650]
2025-08-29 08:30:07,906 - easytorch-training - INFO - Checkpoint checkpoints/PatchTST/Electricity_100_336_336/469e956fe08dc68db7f1dca7c28ae6e8/PatchTST_026.pt saved
2025-08-29 08:30:07,906 - easytorch-training - INFO - The estimated training finish time is 2025-08-29 10:56:17
2025-08-29 08:30:07,906 - easytorch-training - INFO - Epoch 27 / 100
2025-08-29 08:31:40,450 - easytorch-training - INFO - Result <train>: [train/time: 92.54 (s), train/lr: 5.00e-05, train/loss: 0.2625, train/MAE: 0.2625, train/MSE: 0.1770]
2025-08-29 08:31:40,458 - easytorch-training - INFO - Start validation.
2025-08-29 08:31:47,083 - easytorch-training - INFO - Result <val>: [val/time: 6.63 (s), val/loss: 0.2378, val/MAE: 0.2378, val/MSE: 0.1512]
2025-08-29 08:32:05,570 - easytorch-training - INFO - Result <test>: [test/time: 18.46 (s), test/loss: 0.2546, test/MAE: 0.2546, test/MSE: 0.1646]
2025-08-29 08:32:05,679 - easytorch-training - INFO - Checkpoint checkpoints/PatchTST/Electricity_100_336_336/469e956fe08dc68db7f1dca7c28ae6e8/PatchTST_027.pt saved
2025-08-29 08:32:05,680 - easytorch-training - INFO - The estimated training finish time is 2025-08-29 10:56:14
2025-08-29 08:32:05,680 - easytorch-training - INFO - Epoch 28 / 100
2025-08-29 08:33:38,284 - easytorch-training - INFO - Result <train>: [train/time: 92.60 (s), train/lr: 5.00e-05, train/loss: 0.2624, train/MAE: 0.2624, train/MSE: 0.1769]
2025-08-29 08:33:38,294 - easytorch-training - INFO - Start validation.
2025-08-29 08:33:44,938 - easytorch-training - INFO - Result <val>: [val/time: 6.64 (s), val/loss: 0.2378, val/MAE: 0.2378, val/MSE: 0.1515]
2025-08-29 08:34:03,659 - easytorch-training - INFO - Result <test>: [test/time: 18.70 (s), test/loss: 0.2547, test/MAE: 0.2547, test/MSE: 0.1645]
2025-08-29 08:34:03,769 - easytorch-training - INFO - Checkpoint checkpoints/PatchTST/Electricity_100_336_336/469e956fe08dc68db7f1dca7c28ae6e8/PatchTST_028.pt saved
2025-08-29 08:34:03,769 - easytorch-training - INFO - The estimated training finish time is 2025-08-29 10:56:13
2025-08-29 08:34:03,769 - easytorch-training - INFO - Epoch 29 / 100
2025-08-29 08:35:36,465 - easytorch-training - INFO - Result <train>: [train/time: 92.70 (s), train/lr: 5.00e-05, train/loss: 0.2624, train/MAE: 0.2624, train/MSE: 0.1769]
2025-08-29 08:35:36,474 - easytorch-training - INFO - Start validation.
2025-08-29 08:35:43,296 - easytorch-training - INFO - Result <val>: [val/time: 6.82 (s), val/loss: 0.2375, val/MAE: 0.2375, val/MSE: 0.1515]
2025-08-29 08:36:01,744 - easytorch-training - INFO - Result <test>: [test/time: 18.42 (s), test/loss: 0.2542, test/MAE: 0.2542, test/MSE: 0.1644]
2025-08-29 08:36:01,846 - easytorch-training - INFO - Checkpoint checkpoints/PatchTST/Electricity_100_336_336/469e956fe08dc68db7f1dca7c28ae6e8/PatchTST_029.pt saved
2025-08-29 08:36:01,847 - easytorch-training - INFO - The estimated training finish time is 2025-08-29 10:56:12
2025-08-29 08:36:01,847 - easytorch-training - INFO - Epoch 30 / 100
2025-08-29 08:37:34,311 - easytorch-training - INFO - Result <train>: [train/time: 92.46 (s), train/lr: 5.00e-05, train/loss: 0.2623, train/MAE: 0.2623, train/MSE: 0.1768]
2025-08-29 08:37:34,319 - easytorch-training - INFO - Start validation.
2025-08-29 08:37:40,904 - easytorch-training - INFO - Result <val>: [val/time: 6.59 (s), val/loss: 0.2372, val/MAE: 0.2372, val/MSE: 0.1513]
2025-08-29 08:37:41,006 - easytorch-training - INFO - Checkpoint checkpoints/PatchTST/Electricity_100_336_336/469e956fe08dc68db7f1dca7c28ae6e8/PatchTST_best_val_MAE.pt saved
2025-08-29 08:37:59,551 - easytorch-training - INFO - Result <test>: [test/time: 18.53 (s), test/loss: 0.2539, test/MAE: 0.2539, test/MSE: 0.1646]
2025-08-29 08:37:59,659 - easytorch-training - INFO - Checkpoint checkpoints/PatchTST/Electricity_100_336_336/469e956fe08dc68db7f1dca7c28ae6e8/PatchTST_030.pt saved
2025-08-29 08:37:59,702 - easytorch-training - INFO - The estimated training finish time is 2025-08-29 10:56:10
2025-08-29 08:37:59,703 - easytorch-training - INFO - Epoch 31 / 100
2025-08-29 08:39:32,156 - easytorch-training - INFO - Result <train>: [train/time: 92.45 (s), train/lr: 5.00e-05, train/loss: 0.2623, train/MAE: 0.2623, train/MSE: 0.1768]
2025-08-29 08:39:32,165 - easytorch-training - INFO - Start validation.
2025-08-29 08:39:38,803 - easytorch-training - INFO - Result <val>: [val/time: 6.64 (s), val/loss: 0.2374, val/MAE: 0.2374, val/MSE: 0.1514]
2025-08-29 08:39:57,687 - easytorch-training - INFO - Result <test>: [test/time: 18.86 (s), test/loss: 0.2541, test/MAE: 0.2541, test/MSE: 0.1644]
2025-08-29 08:39:57,797 - easytorch-training - INFO - Checkpoint checkpoints/PatchTST/Electricity_100_336_336/469e956fe08dc68db7f1dca7c28ae6e8/PatchTST_031.pt saved
2025-08-29 08:39:57,798 - easytorch-training - INFO - The estimated training finish time is 2025-08-29 10:56:09
2025-08-29 08:39:57,798 - easytorch-training - INFO - Epoch 32 / 100
2025-08-29 08:41:30,511 - easytorch-training - INFO - Result <train>: [train/time: 92.71 (s), train/lr: 5.00e-05, train/loss: 0.2623, train/MAE: 0.2623, train/MSE: 0.1768]
2025-08-29 08:41:30,519 - easytorch-training - INFO - Start validation.
2025-08-29 08:41:37,169 - easytorch-training - INFO - Result <val>: [val/time: 6.65 (s), val/loss: 0.2375, val/MAE: 0.2375, val/MSE: 0.1516]
2025-08-29 08:41:55,244 - easytorch-training - INFO - Result <test>: [test/time: 18.05 (s), test/loss: 0.2543, test/MAE: 0.2543, test/MSE: 0.1647]
2025-08-29 08:41:55,334 - easytorch-training - INFO - Checkpoint checkpoints/PatchTST/Electricity_100_336_336/469e956fe08dc68db7f1dca7c28ae6e8/PatchTST_032.pt saved
2025-08-29 08:41:55,334 - easytorch-training - INFO - The estimated training finish time is 2025-08-29 10:56:06
2025-08-29 08:41:55,335 - easytorch-training - INFO - Epoch 33 / 100
2025-08-29 08:43:27,753 - easytorch-training - INFO - Result <train>: [train/time: 92.42 (s), train/lr: 5.00e-05, train/loss: 0.2622, train/MAE: 0.2622, train/MSE: 0.1767]
2025-08-29 08:43:27,761 - easytorch-training - INFO - Start validation.
2025-08-29 08:43:34,228 - easytorch-training - INFO - Result <val>: [val/time: 6.47 (s), val/loss: 0.2370, val/MAE: 0.2370, val/MSE: 0.1510]
2025-08-29 08:43:34,326 - easytorch-training - INFO - Checkpoint checkpoints/PatchTST/Electricity_100_336_336/469e956fe08dc68db7f1dca7c28ae6e8/PatchTST_best_val_MAE.pt saved
2025-08-29 08:43:52,538 - easytorch-training - INFO - Result <test>: [test/time: 18.20 (s), test/loss: 0.2539, test/MAE: 0.2539, test/MSE: 0.1645]
2025-08-29 08:43:52,642 - easytorch-training - INFO - Checkpoint checkpoints/PatchTST/Electricity_100_336_336/469e956fe08dc68db7f1dca7c28ae6e8/PatchTST_033.pt saved
2025-08-29 08:43:52,643 - easytorch-training - INFO - The estimated training finish time is 2025-08-29 10:56:03
2025-08-29 08:43:52,643 - easytorch-training - INFO - Epoch 34 / 100
2025-08-29 08:45:25,211 - easytorch-training - INFO - Result <train>: [train/time: 92.57 (s), train/lr: 5.00e-05, train/loss: 0.2622, train/MAE: 0.2622, train/MSE: 0.1767]
2025-08-29 08:45:25,219 - easytorch-training - INFO - Start validation.
2025-08-29 08:45:31,651 - easytorch-training - INFO - Result <val>: [val/time: 6.43 (s), val/loss: 0.2371, val/MAE: 0.2371, val/MSE: 0.1512]
2025-08-29 08:45:49,269 - easytorch-training - INFO - Result <test>: [test/time: 17.60 (s), test/loss: 0.2543, test/MAE: 0.2543, test/MSE: 0.1646]
2025-08-29 08:45:49,364 - easytorch-training - INFO - Checkpoint checkpoints/PatchTST/Electricity_100_336_336/469e956fe08dc68db7f1dca7c28ae6e8/PatchTST_034.pt saved
2025-08-29 08:45:49,364 - easytorch-training - INFO - The estimated training finish time is 2025-08-29 10:55:58
2025-08-29 08:45:49,365 - easytorch-training - INFO - Epoch 35 / 100
2025-08-29 08:47:21,933 - easytorch-training - INFO - Result <train>: [train/time: 92.57 (s), train/lr: 5.00e-05, train/loss: 0.2622, train/MAE: 0.2622, train/MSE: 0.1767]
2025-08-29 08:47:21,942 - easytorch-training - INFO - Start validation.
2025-08-29 08:47:28,657 - easytorch-training - INFO - Result <val>: [val/time: 6.72 (s), val/loss: 0.2372, val/MAE: 0.2372, val/MSE: 0.1511]
2025-08-29 08:47:47,043 - easytorch-training - INFO - Result <test>: [test/time: 18.36 (s), test/loss: 0.2540, test/MAE: 0.2540, test/MSE: 0.1643]
2025-08-29 08:47:47,130 - easytorch-training - INFO - Checkpoint checkpoints/PatchTST/Electricity_100_336_336/469e956fe08dc68db7f1dca7c28ae6e8/PatchTST_035.pt saved
2025-08-29 08:47:47,130 - easytorch-training - INFO - The estimated training finish time is 2025-08-29 10:55:56
2025-08-29 08:47:47,130 - easytorch-training - INFO - Epoch 36 / 100
2025-08-29 08:49:19,589 - easytorch-training - INFO - Result <train>: [train/time: 92.46 (s), train/lr: 5.00e-05, train/loss: 0.2622, train/MAE: 0.2622, train/MSE: 0.1767]
2025-08-29 08:49:19,598 - easytorch-training - INFO - Start validation.
2025-08-29 08:49:26,226 - easytorch-training - INFO - Result <val>: [val/time: 6.63 (s), val/loss: 0.2378, val/MAE: 0.2378, val/MSE: 0.1518]
2025-08-29 08:49:44,159 - easytorch-training - INFO - Result <test>: [test/time: 17.91 (s), test/loss: 0.2539, test/MAE: 0.2539, test/MSE: 0.1643]
2025-08-29 08:49:44,255 - easytorch-training - INFO - Checkpoint checkpoints/PatchTST/Electricity_100_336_336/469e956fe08dc68db7f1dca7c28ae6e8/PatchTST_036.pt saved
2025-08-29 08:49:44,256 - easytorch-training - INFO - The estimated training finish time is 2025-08-29 10:55:53
2025-08-29 08:49:44,256 - easytorch-training - INFO - Epoch 37 / 100
2025-08-29 08:51:16,679 - easytorch-training - INFO - Result <train>: [train/time: 92.42 (s), train/lr: 5.00e-05, train/loss: 0.2621, train/MAE: 0.2621, train/MSE: 0.1767]
2025-08-29 08:51:16,689 - easytorch-training - INFO - Start validation.
2025-08-29 08:51:23,061 - easytorch-training - INFO - Result <val>: [val/time: 6.37 (s), val/loss: 0.2370, val/MAE: 0.2370, val/MSE: 0.1513]
2025-08-29 08:51:23,153 - easytorch-training - INFO - Checkpoint checkpoints/PatchTST/Electricity_100_336_336/469e956fe08dc68db7f1dca7c28ae6e8/PatchTST_best_val_MAE.pt saved
2025-08-29 08:51:40,764 - easytorch-training - INFO - Result <test>: [test/time: 17.60 (s), test/loss: 0.2535, test/MAE: 0.2535, test/MSE: 0.1641]
2025-08-29 08:51:40,855 - easytorch-training - INFO - Checkpoint checkpoints/PatchTST/Electricity_100_336_336/469e956fe08dc68db7f1dca7c28ae6e8/PatchTST_037.pt saved
2025-08-29 08:51:40,855 - easytorch-training - INFO - The estimated training finish time is 2025-08-29 10:55:48
2025-08-29 08:51:40,855 - easytorch-training - INFO - Epoch 38 / 100
2025-08-29 08:53:13,256 - easytorch-training - INFO - Result <train>: [train/time: 92.40 (s), train/lr: 5.00e-05, train/loss: 0.2621, train/MAE: 0.2621, train/MSE: 0.1766]
2025-08-29 08:53:13,264 - easytorch-training - INFO - Start validation.
2025-08-29 08:53:19,638 - easytorch-training - INFO - Result <val>: [val/time: 6.37 (s), val/loss: 0.2369, val/MAE: 0.2369, val/MSE: 0.1510]
2025-08-29 08:53:19,727 - easytorch-training - INFO - Checkpoint checkpoints/PatchTST/Electricity_100_336_336/469e956fe08dc68db7f1dca7c28ae6e8/PatchTST_best_val_MAE.pt saved
2025-08-29 08:53:37,678 - easytorch-training - INFO - Result <test>: [test/time: 17.94 (s), test/loss: 0.2540, test/MAE: 0.2540, test/MSE: 0.1642]
2025-08-29 08:53:37,787 - easytorch-training - INFO - Checkpoint checkpoints/PatchTST/Electricity_100_336_336/469e956fe08dc68db7f1dca7c28ae6e8/PatchTST_038.pt saved
2025-08-29 08:53:37,787 - easytorch-training - INFO - The estimated training finish time is 2025-08-29 10:55:45
2025-08-29 08:53:37,787 - easytorch-training - INFO - Epoch 39 / 100
2025-08-29 08:55:10,301 - easytorch-training - INFO - Result <train>: [train/time: 92.51 (s), train/lr: 5.00e-05, train/loss: 0.2620, train/MAE: 0.2620, train/MSE: 0.1766]
2025-08-29 08:55:10,311 - easytorch-training - INFO - Start validation.
2025-08-29 08:55:16,905 - easytorch-training - INFO - Result <val>: [val/time: 6.59 (s), val/loss: 0.2372, val/MAE: 0.2372, val/MSE: 0.1514]
2025-08-29 08:55:35,006 - easytorch-training - INFO - Result <test>: [test/time: 18.08 (s), test/loss: 0.2539, test/MAE: 0.2539, test/MSE: 0.1645]
2025-08-29 08:55:35,192 - easytorch-training - INFO - Checkpoint checkpoints/PatchTST/Electricity_100_336_336/469e956fe08dc68db7f1dca7c28ae6e8/PatchTST_039.pt saved
2025-08-29 08:55:35,192 - easytorch-training - INFO - The estimated training finish time is 2025-08-29 10:55:43
2025-08-29 08:55:35,192 - easytorch-training - INFO - Epoch 40 / 100
2025-08-29 08:57:07,689 - easytorch-training - INFO - Result <train>: [train/time: 92.50 (s), train/lr: 5.00e-05, train/loss: 0.2620, train/MAE: 0.2620, train/MSE: 0.1765]
2025-08-29 08:57:07,697 - easytorch-training - INFO - Start validation.
2025-08-29 08:57:14,295 - easytorch-training - INFO - Result <val>: [val/time: 6.60 (s), val/loss: 0.2378, val/MAE: 0.2378, val/MSE: 0.1515]
2025-08-29 08:57:31,991 - easytorch-training - INFO - Result <test>: [test/time: 17.67 (s), test/loss: 0.2543, test/MAE: 0.2543, test/MSE: 0.1642]
2025-08-29 08:57:32,083 - easytorch-training - INFO - Checkpoint checkpoints/PatchTST/Electricity_100_336_336/469e956fe08dc68db7f1dca7c28ae6e8/PatchTST_040.pt saved
2025-08-29 08:57:32,117 - easytorch-training - INFO - The estimated training finish time is 2025-08-29 10:55:40
2025-08-29 08:57:32,117 - easytorch-training - INFO - Epoch 41 / 100
2025-08-29 08:59:04,742 - easytorch-training - INFO - Result <train>: [train/time: 92.63 (s), train/lr: 5.00e-05, train/loss: 0.2620, train/MAE: 0.2620, train/MSE: 0.1765]
2025-08-29 08:59:04,750 - easytorch-training - INFO - Start validation.
2025-08-29 08:59:11,192 - easytorch-training - INFO - Result <val>: [val/time: 6.44 (s), val/loss: 0.2368, val/MAE: 0.2368, val/MSE: 0.1509]
2025-08-29 08:59:11,306 - easytorch-training - INFO - Checkpoint checkpoints/PatchTST/Electricity_100_336_336/469e956fe08dc68db7f1dca7c28ae6e8/PatchTST_best_val_MAE.pt saved
2025-08-29 08:59:28,917 - easytorch-training - INFO - Result <test>: [test/time: 17.60 (s), test/loss: 0.2540, test/MAE: 0.2540, test/MSE: 0.1643]
2025-08-29 08:59:29,083 - easytorch-training - INFO - Checkpoint checkpoints/PatchTST/Electricity_100_336_336/469e956fe08dc68db7f1dca7c28ae6e8/PatchTST_041.pt saved
2025-08-29 08:59:29,084 - easytorch-training - INFO - The estimated training finish time is 2025-08-29 10:55:37
2025-08-29 08:59:29,084 - easytorch-training - INFO - Epoch 42 / 100
2025-08-29 09:01:01,616 - easytorch-training - INFO - Result <train>: [train/time: 92.53 (s), train/lr: 5.00e-05, train/loss: 0.2619, train/MAE: 0.2619, train/MSE: 0.1765]
2025-08-29 09:01:01,625 - easytorch-training - INFO - Start validation.
2025-08-29 09:01:08,121 - easytorch-training - INFO - Result <val>: [val/time: 6.50 (s), val/loss: 0.2369, val/MAE: 0.2369, val/MSE: 0.1510]
2025-08-29 09:01:25,929 - easytorch-training - INFO - Result <test>: [test/time: 17.79 (s), test/loss: 0.2537, test/MAE: 0.2537, test/MSE: 0.1643]
2025-08-29 09:01:26,028 - easytorch-training - INFO - Checkpoint checkpoints/PatchTST/Electricity_100_336_336/469e956fe08dc68db7f1dca7c28ae6e8/PatchTST_042.pt saved
2025-08-29 09:01:26,028 - easytorch-training - INFO - The estimated training finish time is 2025-08-29 10:55:34
2025-08-29 09:01:26,028 - easytorch-training - INFO - Epoch 43 / 100
2025-08-29 09:02:58,760 - easytorch-training - INFO - Result <train>: [train/time: 92.73 (s), train/lr: 5.00e-05, train/loss: 0.2619, train/MAE: 0.2619, train/MSE: 0.1764]
2025-08-29 09:02:58,768 - easytorch-training - INFO - Start validation.
2025-08-29 09:03:05,396 - easytorch-training - INFO - Result <val>: [val/time: 6.63 (s), val/loss: 0.2370, val/MAE: 0.2370, val/MSE: 0.1512]
2025-08-29 09:03:23,441 - easytorch-training - INFO - Result <test>: [test/time: 18.02 (s), test/loss: 0.2535, test/MAE: 0.2535, test/MSE: 0.1643]
2025-08-29 09:03:23,537 - easytorch-training - INFO - Checkpoint checkpoints/PatchTST/Electricity_100_336_336/469e956fe08dc68db7f1dca7c28ae6e8/PatchTST_043.pt saved
2025-08-29 09:03:23,538 - easytorch-training - INFO - The estimated training finish time is 2025-08-29 10:55:33
2025-08-29 09:03:23,538 - easytorch-training - INFO - Epoch 44 / 100
2025-08-29 09:04:56,157 - easytorch-training - INFO - Result <train>: [train/time: 92.62 (s), train/lr: 5.00e-05, train/loss: 0.2619, train/MAE: 0.2619, train/MSE: 0.1764]
2025-08-29 09:04:56,167 - easytorch-training - INFO - Start validation.
2025-08-29 09:05:02,923 - easytorch-training - INFO - Result <val>: [val/time: 6.76 (s), val/loss: 0.2370, val/MAE: 0.2370, val/MSE: 0.1513]
2025-08-29 09:05:21,169 - easytorch-training - INFO - Result <test>: [test/time: 18.22 (s), test/loss: 0.2537, test/MAE: 0.2537, test/MSE: 0.1643]
2025-08-29 09:05:21,276 - easytorch-training - INFO - Checkpoint checkpoints/PatchTST/Electricity_100_336_336/469e956fe08dc68db7f1dca7c28ae6e8/PatchTST_044.pt saved
2025-08-29 09:05:21,277 - easytorch-training - INFO - The estimated training finish time is 2025-08-29 10:55:32
2025-08-29 09:05:21,277 - easytorch-training - INFO - Epoch 45 / 100
2025-08-29 09:06:54,013 - easytorch-training - INFO - Result <train>: [train/time: 92.74 (s), train/lr: 5.00e-05, train/loss: 0.2618, train/MAE: 0.2618, train/MSE: 0.1763]
2025-08-29 09:06:54,023 - easytorch-training - INFO - Start validation.
2025-08-29 09:07:00,670 - easytorch-training - INFO - Result <val>: [val/time: 6.65 (s), val/loss: 0.2373, val/MAE: 0.2373, val/MSE: 0.1513]
2025-08-29 09:07:19,263 - easytorch-training - INFO - Result <test>: [test/time: 18.57 (s), test/loss: 0.2536, test/MAE: 0.2536, test/MSE: 0.1642]
2025-08-29 09:07:19,383 - easytorch-training - INFO - Checkpoint checkpoints/PatchTST/Electricity_100_336_336/469e956fe08dc68db7f1dca7c28ae6e8/PatchTST_045.pt saved
2025-08-29 09:07:19,383 - easytorch-training - INFO - The estimated training finish time is 2025-08-29 10:55:32
2025-08-29 09:07:19,383 - easytorch-training - INFO - Epoch 46 / 100
2025-08-29 09:08:52,118 - easytorch-training - INFO - Result <train>: [train/time: 92.73 (s), train/lr: 5.00e-05, train/loss: 0.2618, train/MAE: 0.2618, train/MSE: 0.1763]
2025-08-29 09:08:52,126 - easytorch-training - INFO - Start validation.
2025-08-29 09:08:58,734 - easytorch-training - INFO - Result <val>: [val/time: 6.61 (s), val/loss: 0.2372, val/MAE: 0.2372, val/MSE: 0.1511]
2025-08-29 09:09:17,922 - easytorch-training - INFO - Result <test>: [test/time: 19.16 (s), test/loss: 0.2539, test/MAE: 0.2539, test/MSE: 0.1643]
2025-08-29 09:09:18,018 - easytorch-training - INFO - Checkpoint checkpoints/PatchTST/Electricity_100_336_336/469e956fe08dc68db7f1dca7c28ae6e8/PatchTST_046.pt saved
2025-08-29 09:09:18,018 - easytorch-training - INFO - The estimated training finish time is 2025-08-29 10:55:34
2025-08-29 09:09:18,018 - easytorch-training - INFO - Epoch 47 / 100
2025-08-29 09:10:50,745 - easytorch-training - INFO - Result <train>: [train/time: 92.73 (s), train/lr: 5.00e-05, train/loss: 0.2618, train/MAE: 0.2618, train/MSE: 0.1763]
2025-08-29 09:10:50,752 - easytorch-training - INFO - Start validation.
2025-08-29 09:10:57,529 - easytorch-training - INFO - Result <val>: [val/time: 6.78 (s), val/loss: 0.2370, val/MAE: 0.2370, val/MSE: 0.1509]
2025-08-29 09:11:16,124 - easytorch-training - INFO - Result <test>: [test/time: 18.57 (s), test/loss: 0.2538, test/MAE: 0.2538, test/MSE: 0.1640]
2025-08-29 09:11:16,215 - easytorch-training - INFO - Checkpoint checkpoints/PatchTST/Electricity_100_336_336/469e956fe08dc68db7f1dca7c28ae6e8/PatchTST_047.pt saved
2025-08-29 09:11:16,215 - easytorch-training - INFO - The estimated training finish time is 2025-08-29 10:55:34
2025-08-29 09:11:16,215 - easytorch-training - INFO - Epoch 48 / 100
2025-08-29 09:12:48,704 - easytorch-training - INFO - Result <train>: [train/time: 92.49 (s), train/lr: 5.00e-05, train/loss: 0.2617, train/MAE: 0.2617, train/MSE: 0.1763]
2025-08-29 09:12:48,713 - easytorch-training - INFO - Start validation.
2025-08-29 09:12:55,310 - easytorch-training - INFO - Result <val>: [val/time: 6.60 (s), val/loss: 0.2373, val/MAE: 0.2373, val/MSE: 0.1515]
2025-08-29 09:13:13,302 - easytorch-training - INFO - Result <test>: [test/time: 17.91 (s), test/loss: 0.2535, test/MAE: 0.2535, test/MSE: 0.1642]
2025-08-29 09:13:13,413 - easytorch-training - INFO - Checkpoint checkpoints/PatchTST/Electricity_100_336_336/469e956fe08dc68db7f1dca7c28ae6e8/PatchTST_048.pt saved
2025-08-29 09:13:13,414 - easytorch-training - INFO - The estimated training finish time is 2025-08-29 10:55:32
2025-08-29 09:13:13,414 - easytorch-training - INFO - Epoch 49 / 100
2025-08-29 09:14:45,893 - easytorch-training - INFO - Result <train>: [train/time: 92.48 (s), train/lr: 5.00e-05, train/loss: 0.2617, train/MAE: 0.2617, train/MSE: 0.1762]
2025-08-29 09:14:45,907 - easytorch-training - INFO - Start validation.
2025-08-29 09:14:52,512 - easytorch-training - INFO - Result <val>: [val/time: 6.61 (s), val/loss: 0.2374, val/MAE: 0.2374, val/MSE: 0.1513]
2025-08-29 09:15:10,951 - easytorch-training - INFO - Result <test>: [test/time: 18.42 (s), test/loss: 0.2537, test/MAE: 0.2537, test/MSE: 0.1641]
2025-08-29 09:15:11,092 - easytorch-training - INFO - Checkpoint checkpoints/PatchTST/Electricity_100_336_336/469e956fe08dc68db7f1dca7c28ae6e8/PatchTST_049.pt saved
2025-08-29 09:15:11,093 - easytorch-training - INFO - The estimated training finish time is 2025-08-29 10:55:31
2025-08-29 09:15:11,093 - easytorch-training - INFO - Epoch 50 / 100
2025-08-29 09:16:43,706 - easytorch-training - INFO - Result <train>: [train/time: 92.61 (s), train/lr: 5.00e-05, train/loss: 0.2617, train/MAE: 0.2617, train/MSE: 0.1762]
2025-08-29 09:16:43,716 - easytorch-training - INFO - Start validation.
2025-08-29 09:16:50,321 - easytorch-training - INFO - Result <val>: [val/time: 6.60 (s), val/loss: 0.2374, val/MAE: 0.2374, val/MSE: 0.1515]
2025-08-29 09:17:08,299 - easytorch-training - INFO - Result <test>: [test/time: 17.96 (s), test/loss: 0.2534, test/MAE: 0.2534, test/MSE: 0.1639]
2025-08-29 09:17:08,402 - easytorch-training - INFO - Checkpoint checkpoints/PatchTST/Electricity_100_336_336/469e956fe08dc68db7f1dca7c28ae6e8/PatchTST_050.pt saved
2025-08-29 09:17:08,435 - easytorch-training - INFO - The estimated training finish time is 2025-08-29 10:55:30
2025-08-29 09:17:08,435 - easytorch-training - INFO - Epoch 51 / 100
2025-08-29 09:18:40,923 - easytorch-training - INFO - Result <train>: [train/time: 92.49 (s), train/lr: 5.00e-05, train/loss: 0.2617, train/MAE: 0.2617, train/MSE: 0.1762]
2025-08-29 09:18:40,933 - easytorch-training - INFO - Start validation.
2025-08-29 09:18:47,453 - easytorch-training - INFO - Result <val>: [val/time: 6.52 (s), val/loss: 0.2374, val/MAE: 0.2374, val/MSE: 0.1513]
2025-08-29 09:19:06,690 - easytorch-training - INFO - Result <test>: [test/time: 19.22 (s), test/loss: 0.2541, test/MAE: 0.2541, test/MSE: 0.1642]
2025-08-29 09:19:06,795 - easytorch-training - INFO - Checkpoint checkpoints/PatchTST/Electricity_100_336_336/469e956fe08dc68db7f1dca7c28ae6e8/PatchTST_051.pt saved
2025-08-29 09:19:06,796 - easytorch-training - INFO - The estimated training finish time is 2025-08-29 10:55:30
2025-08-29 09:19:06,796 - easytorch-training - INFO - Epoch 52 / 100
2025-08-29 09:20:38,929 - easytorch-training - INFO - Result <train>: [train/time: 92.13 (s), train/lr: 5.00e-05, train/loss: 0.2616, train/MAE: 0.2616, train/MSE: 0.1761]
2025-08-29 09:20:38,938 - easytorch-training - INFO - Start validation.
2025-08-29 09:20:45,550 - easytorch-training - INFO - Result <val>: [val/time: 6.61 (s), val/loss: 0.2375, val/MAE: 0.2375, val/MSE: 0.1516]
2025-08-29 09:21:03,276 - easytorch-training - INFO - Result <test>: [test/time: 17.70 (s), test/loss: 0.2536, test/MAE: 0.2536, test/MSE: 0.1642]
2025-08-29 09:21:03,384 - easytorch-training - INFO - Checkpoint checkpoints/PatchTST/Electricity_100_336_336/469e956fe08dc68db7f1dca7c28ae6e8/PatchTST_052.pt saved
2025-08-29 09:21:03,384 - easytorch-training - INFO - The estimated training finish time is 2025-08-29 10:55:28
2025-08-29 09:21:03,384 - easytorch-training - INFO - Epoch 53 / 100
2025-08-29 09:22:35,647 - easytorch-training - INFO - Result <train>: [train/time: 92.26 (s), train/lr: 5.00e-05, train/loss: 0.2616, train/MAE: 0.2616, train/MSE: 0.1761]
2025-08-29 09:22:35,657 - easytorch-training - INFO - Start validation.
2025-08-29 09:22:42,276 - easytorch-training - INFO - Result <val>: [val/time: 6.62 (s), val/loss: 0.2369, val/MAE: 0.2369, val/MSE: 0.1509]
2025-08-29 09:23:01,026 - easytorch-training - INFO - Result <test>: [test/time: 18.73 (s), test/loss: 0.2536, test/MAE: 0.2536, test/MSE: 0.1637]
2025-08-29 09:23:01,127 - easytorch-training - INFO - Checkpoint checkpoints/PatchTST/Electricity_100_336_336/469e956fe08dc68db7f1dca7c28ae6e8/PatchTST_053.pt saved
2025-08-29 09:23:01,127 - easytorch-training - INFO - The estimated training finish time is 2025-08-29 10:55:27
2025-08-29 09:23:01,127 - easytorch-training - INFO - Epoch 54 / 100
2025-08-29 09:24:33,667 - easytorch-training - INFO - Result <train>: [train/time: 92.54 (s), train/lr: 5.00e-05, train/loss: 0.2616, train/MAE: 0.2616, train/MSE: 0.1761]
2025-08-29 09:24:33,676 - easytorch-training - INFO - Start validation.
2025-08-29 09:24:40,312 - easytorch-training - INFO - Result <val>: [val/time: 6.64 (s), val/loss: 0.2371, val/MAE: 0.2371, val/MSE: 0.1512]
2025-08-29 09:24:59,109 - easytorch-training - INFO - Result <test>: [test/time: 18.77 (s), test/loss: 0.2533, test/MAE: 0.2533, test/MSE: 0.1637]
2025-08-29 09:24:59,217 - easytorch-training - INFO - Checkpoint checkpoints/PatchTST/Electricity_100_336_336/469e956fe08dc68db7f1dca7c28ae6e8/PatchTST_054.pt saved
2025-08-29 09:24:59,217 - easytorch-training - INFO - The estimated training finish time is 2025-08-29 10:55:27
2025-08-29 09:24:59,217 - easytorch-training - INFO - Epoch 55 / 100
2025-08-29 09:26:31,988 - easytorch-training - INFO - Result <train>: [train/time: 92.77 (s), train/lr: 5.00e-05, train/loss: 0.2615, train/MAE: 0.2615, train/MSE: 0.1760]
2025-08-29 09:26:31,996 - easytorch-training - INFO - Start validation.
2025-08-29 09:26:38,695 - easytorch-training - INFO - Result <val>: [val/time: 6.70 (s), val/loss: 0.2365, val/MAE: 0.2365, val/MSE: 0.1506]
2025-08-29 09:26:38,780 - easytorch-training - INFO - Checkpoint checkpoints/PatchTST/Electricity_100_336_336/469e956fe08dc68db7f1dca7c28ae6e8/PatchTST_best_val_MAE.pt saved
2025-08-29 09:26:57,213 - easytorch-training - INFO - Result <test>: [test/time: 18.42 (s), test/loss: 0.2535, test/MAE: 0.2535, test/MSE: 0.1638]
2025-08-29 09:26:57,336 - easytorch-training - INFO - Checkpoint checkpoints/PatchTST/Electricity_100_336_336/469e956fe08dc68db7f1dca7c28ae6e8/PatchTST_055.pt saved
2025-08-29 09:26:57,337 - easytorch-training - INFO - The estimated training finish time is 2025-08-29 10:55:27
2025-08-29 09:26:57,337 - easytorch-training - INFO - Epoch 56 / 100
2025-08-29 09:28:30,037 - easytorch-training - INFO - Result <train>: [train/time: 92.70 (s), train/lr: 5.00e-05, train/loss: 0.2615, train/MAE: 0.2615, train/MSE: 0.1760]
2025-08-29 09:28:30,048 - easytorch-training - INFO - Start validation.
2025-08-29 09:28:36,720 - easytorch-training - INFO - Result <val>: [val/time: 6.67 (s), val/loss: 0.2376, val/MAE: 0.2376, val/MSE: 0.1516]
2025-08-29 09:28:54,961 - easytorch-training - INFO - Result <test>: [test/time: 18.22 (s), test/loss: 0.2537, test/MAE: 0.2537, test/MSE: 0.1643]
2025-08-29 09:28:55,160 - easytorch-training - INFO - Checkpoint checkpoints/PatchTST/Electricity_100_336_336/469e956fe08dc68db7f1dca7c28ae6e8/PatchTST_056.pt saved
2025-08-29 09:28:55,160 - easytorch-training - INFO - The estimated training finish time is 2025-08-29 10:55:27
2025-08-29 09:28:55,161 - easytorch-training - INFO - Epoch 57 / 100
2025-08-29 09:30:27,636 - easytorch-training - INFO - Result <train>: [train/time: 92.48 (s), train/lr: 5.00e-05, train/loss: 0.2615, train/MAE: 0.2615, train/MSE: 0.1760]
2025-08-29 09:30:27,646 - easytorch-training - INFO - Start validation.
2025-08-29 09:30:34,082 - easytorch-training - INFO - Result <val>: [val/time: 6.44 (s), val/loss: 0.2368, val/MAE: 0.2368, val/MSE: 0.1508]
2025-08-29 09:30:51,991 - easytorch-training - INFO - Result <test>: [test/time: 17.89 (s), test/loss: 0.2536, test/MAE: 0.2536, test/MSE: 0.1639]
2025-08-29 09:30:52,114 - easytorch-training - INFO - Checkpoint checkpoints/PatchTST/Electricity_100_336_336/469e956fe08dc68db7f1dca7c28ae6e8/PatchTST_057.pt saved
2025-08-29 09:30:52,114 - easytorch-training - INFO - The estimated training finish time is 2025-08-29 10:55:25
2025-08-29 09:30:52,114 - easytorch-training - INFO - Epoch 58 / 100
2025-08-29 09:32:24,803 - easytorch-training - INFO - Result <train>: [train/time: 92.69 (s), train/lr: 5.00e-05, train/loss: 0.2614, train/MAE: 0.2614, train/MSE: 0.1759]
2025-08-29 09:32:24,813 - easytorch-training - INFO - Start validation.
2025-08-29 09:32:31,608 - easytorch-training - INFO - Result <val>: [val/time: 6.79 (s), val/loss: 0.2368, val/MAE: 0.2368, val/MSE: 0.1510]
2025-08-29 09:32:50,119 - easytorch-training - INFO - Result <test>: [test/time: 18.49 (s), test/loss: 0.2530, test/MAE: 0.2530, test/MSE: 0.1636]
2025-08-29 09:32:50,242 - easytorch-training - INFO - Checkpoint checkpoints/PatchTST/Electricity_100_336_336/469e956fe08dc68db7f1dca7c28ae6e8/PatchTST_058.pt saved
2025-08-29 09:32:50,243 - easytorch-training - INFO - The estimated training finish time is 2025-08-29 10:55:25
2025-08-29 09:32:50,243 - easytorch-training - INFO - Epoch 59 / 100
2025-08-29 09:34:23,112 - easytorch-training - INFO - Result <train>: [train/time: 92.87 (s), train/lr: 5.00e-05, train/loss: 0.2614, train/MAE: 0.2614, train/MSE: 0.1759]
2025-08-29 09:34:23,121 - easytorch-training - INFO - Start validation.
2025-08-29 09:34:29,935 - easytorch-training - INFO - Result <val>: [val/time: 6.81 (s), val/loss: 0.2367, val/MAE: 0.2367, val/MSE: 0.1508]
2025-08-29 09:34:48,737 - easytorch-training - INFO - Result <test>: [test/time: 18.78 (s), test/loss: 0.2532, test/MAE: 0.2532, test/MSE: 0.1639]
2025-08-29 09:34:48,841 - easytorch-training - INFO - Checkpoint checkpoints/PatchTST/Electricity_100_336_336/469e956fe08dc68db7f1dca7c28ae6e8/PatchTST_059.pt saved
2025-08-29 09:34:48,841 - easytorch-training - INFO - The estimated training finish time is 2025-08-29 10:55:26
2025-08-29 09:34:48,841 - easytorch-training - INFO - Epoch 60 / 100
2025-08-29 09:36:21,589 - easytorch-training - INFO - Result <train>: [train/time: 92.75 (s), train/lr: 5.00e-05, train/loss: 0.2615, train/MAE: 0.2615, train/MSE: 0.1759]
2025-08-29 09:36:21,602 - easytorch-training - INFO - Start validation.
2025-08-29 09:36:28,042 - easytorch-training - INFO - Result <val>: [val/time: 6.44 (s), val/loss: 0.2373, val/MAE: 0.2373, val/MSE: 0.1513]
2025-08-29 09:36:45,916 - easytorch-training - INFO - Result <test>: [test/time: 17.85 (s), test/loss: 0.2538, test/MAE: 0.2538, test/MSE: 0.1640]
2025-08-29 09:36:46,026 - easytorch-training - INFO - Checkpoint checkpoints/PatchTST/Electricity_100_336_336/469e956fe08dc68db7f1dca7c28ae6e8/PatchTST_060.pt saved
2025-08-29 09:36:46,079 - easytorch-training - INFO - The estimated training finish time is 2025-08-29 10:55:25
2025-08-29 09:36:46,079 - easytorch-training - INFO - Epoch 61 / 100
2025-08-29 09:38:18,621 - easytorch-training - INFO - Result <train>: [train/time: 92.54 (s), train/lr: 5.00e-05, train/loss: 0.2614, train/MAE: 0.2614, train/MSE: 0.1758]
2025-08-29 09:38:18,631 - easytorch-training - INFO - Start validation.
2025-08-29 09:38:25,248 - easytorch-training - INFO - Result <val>: [val/time: 6.62 (s), val/loss: 0.2376, val/MAE: 0.2376, val/MSE: 0.1517]
2025-08-29 09:38:43,721 - easytorch-training - INFO - Result <test>: [test/time: 18.45 (s), test/loss: 0.2535, test/MAE: 0.2535, test/MSE: 0.1641]
2025-08-29 09:38:43,993 - easytorch-training - INFO - Checkpoint checkpoints/PatchTST/Electricity_100_336_336/469e956fe08dc68db7f1dca7c28ae6e8/PatchTST_061.pt saved
2025-08-29 09:38:43,994 - easytorch-training - INFO - The estimated training finish time is 2025-08-29 10:55:25
2025-08-29 09:38:43,994 - easytorch-training - INFO - Epoch 62 / 100
2025-08-29 09:40:16,816 - easytorch-training - INFO - Result <train>: [train/time: 92.82 (s), train/lr: 5.00e-05, train/loss: 0.2614, train/MAE: 0.2614, train/MSE: 0.1758]
2025-08-29 09:40:16,826 - easytorch-training - INFO - Start validation.
2025-08-29 09:40:23,622 - easytorch-training - INFO - Result <val>: [val/time: 6.80 (s), val/loss: 0.2365, val/MAE: 0.2365, val/MSE: 0.1505]
2025-08-29 09:40:23,737 - easytorch-training - INFO - Checkpoint checkpoints/PatchTST/Electricity_100_336_336/469e956fe08dc68db7f1dca7c28ae6e8/PatchTST_best_val_MAE.pt saved
2025-08-29 09:40:42,436 - easytorch-training - INFO - Result <test>: [test/time: 18.68 (s), test/loss: 0.2534, test/MAE: 0.2534, test/MSE: 0.1635]
2025-08-29 09:40:42,548 - easytorch-training - INFO - Checkpoint checkpoints/PatchTST/Electricity_100_336_336/469e956fe08dc68db7f1dca7c28ae6e8/PatchTST_062.pt saved
2025-08-29 09:40:42,548 - easytorch-training - INFO - The estimated training finish time is 2025-08-29 10:55:26
2025-08-29 09:40:42,549 - easytorch-training - INFO - Epoch 63 / 100
2025-08-29 09:42:15,402 - easytorch-training - INFO - Result <train>: [train/time: 92.85 (s), train/lr: 5.00e-05, train/loss: 0.2613, train/MAE: 0.2613, train/MSE: 0.1758]
2025-08-29 09:42:15,413 - easytorch-training - INFO - Start validation.
2025-08-29 09:42:22,076 - easytorch-training - INFO - Result <val>: [val/time: 6.66 (s), val/loss: 0.2368, val/MAE: 0.2368, val/MSE: 0.1509]
2025-08-29 09:42:40,229 - easytorch-training - INFO - Result <test>: [test/time: 18.13 (s), test/loss: 0.2535, test/MAE: 0.2535, test/MSE: 0.1640]
2025-08-29 09:42:40,354 - easytorch-training - INFO - Checkpoint checkpoints/PatchTST/Electricity_100_336_336/469e956fe08dc68db7f1dca7c28ae6e8/PatchTST_063.pt saved
2025-08-29 09:42:40,355 - easytorch-training - INFO - The estimated training finish time is 2025-08-29 10:55:26
2025-08-29 09:42:40,355 - easytorch-training - INFO - Epoch 64 / 100
2025-08-29 09:44:12,984 - easytorch-training - INFO - Result <train>: [train/time: 92.63 (s), train/lr: 5.00e-05, train/loss: 0.2613, train/MAE: 0.2613, train/MSE: 0.1758]
2025-08-29 09:44:12,994 - easytorch-training - INFO - Start validation.
2025-08-29 09:44:19,645 - easytorch-training - INFO - Result <val>: [val/time: 6.65 (s), val/loss: 0.2368, val/MAE: 0.2368, val/MSE: 0.1509]
2025-08-29 09:44:38,127 - easytorch-training - INFO - Result <test>: [test/time: 18.46 (s), test/loss: 0.2535, test/MAE: 0.2535, test/MSE: 0.1636]
2025-08-29 09:44:38,359 - easytorch-training - INFO - Checkpoint checkpoints/PatchTST/Electricity_100_336_336/469e956fe08dc68db7f1dca7c28ae6e8/PatchTST_064.pt saved
2025-08-29 09:44:38,359 - easytorch-training - INFO - The estimated training finish time is 2025-08-29 10:55:26
2025-08-29 09:44:38,360 - easytorch-training - INFO - Epoch 65 / 100
2025-08-29 09:46:11,131 - easytorch-training - INFO - Result <train>: [train/time: 92.77 (s), train/lr: 5.00e-05, train/loss: 0.2613, train/MAE: 0.2613, train/MSE: 0.1757]
2025-08-29 09:46:11,144 - easytorch-training - INFO - Start validation.
2025-08-29 09:46:17,835 - easytorch-training - INFO - Result <val>: [val/time: 6.69 (s), val/loss: 0.2366, val/MAE: 0.2366, val/MSE: 0.1509]
2025-08-29 09:46:36,401 - easytorch-training - INFO - Result <test>: [test/time: 18.49 (s), test/loss: 0.2529, test/MAE: 0.2529, test/MSE: 0.1636]
2025-08-29 09:46:36,520 - easytorch-training - INFO - Checkpoint checkpoints/PatchTST/Electricity_100_336_336/469e956fe08dc68db7f1dca7c28ae6e8/PatchTST_065.pt saved
2025-08-29 09:46:36,520 - easytorch-training - INFO - The estimated training finish time is 2025-08-29 10:55:26
2025-08-29 09:46:36,520 - easytorch-training - INFO - Epoch 66 / 100
2025-08-29 09:48:09,198 - easytorch-training - INFO - Result <train>: [train/time: 92.68 (s), train/lr: 5.00e-05, train/loss: 0.2613, train/MAE: 0.2613, train/MSE: 0.1758]
2025-08-29 09:48:09,212 - easytorch-training - INFO - Start validation.
2025-08-29 09:48:15,812 - easytorch-training - INFO - Result <val>: [val/time: 6.60 (s), val/loss: 0.2377, val/MAE: 0.2377, val/MSE: 0.1511]
2025-08-29 09:48:34,475 - easytorch-training - INFO - Result <test>: [test/time: 18.64 (s), test/loss: 0.2545, test/MAE: 0.2545, test/MSE: 0.1642]
2025-08-29 09:48:34,803 - easytorch-training - INFO - Checkpoint checkpoints/PatchTST/Electricity_100_336_336/469e956fe08dc68db7f1dca7c28ae6e8/PatchTST_066.pt saved
2025-08-29 09:48:34,804 - easytorch-training - INFO - The estimated training finish time is 2025-08-29 10:55:26
2025-08-29 09:48:34,804 - easytorch-training - INFO - Epoch 67 / 100
2025-08-29 09:50:07,579 - easytorch-training - INFO - Result <train>: [train/time: 92.77 (s), train/lr: 5.00e-05, train/loss: 0.2612, train/MAE: 0.2612, train/MSE: 0.1757]
2025-08-29 09:50:07,590 - easytorch-training - INFO - Start validation.
2025-08-29 09:50:14,508 - easytorch-training - INFO - Result <val>: [val/time: 6.92 (s), val/loss: 0.2369, val/MAE: 0.2369, val/MSE: 0.1507]
2025-08-29 09:50:32,801 - easytorch-training - INFO - Result <test>: [test/time: 18.27 (s), test/loss: 0.2535, test/MAE: 0.2535, test/MSE: 0.1640]
2025-08-29 09:50:33,060 - easytorch-training - INFO - Checkpoint checkpoints/PatchTST/Electricity_100_336_336/469e956fe08dc68db7f1dca7c28ae6e8/PatchTST_067.pt saved
2025-08-29 09:50:33,060 - easytorch-training - INFO - The estimated training finish time is 2025-08-29 10:55:27
2025-08-29 09:50:33,061 - easytorch-training - INFO - Epoch 68 / 100
2025-08-29 09:52:05,886 - easytorch-training - INFO - Result <train>: [train/time: 92.83 (s), train/lr: 5.00e-05, train/loss: 0.2612, train/MAE: 0.2612, train/MSE: 0.1757]
2025-08-29 09:52:05,898 - easytorch-training - INFO - Start validation.
2025-08-29 09:52:12,506 - easytorch-training - INFO - Result <val>: [val/time: 6.61 (s), val/loss: 0.2366, val/MAE: 0.2366, val/MSE: 0.1507]
2025-08-29 09:52:30,583 - easytorch-training - INFO - Result <test>: [test/time: 18.05 (s), test/loss: 0.2533, test/MAE: 0.2533, test/MSE: 0.1635]
2025-08-29 09:52:30,712 - easytorch-training - INFO - Checkpoint checkpoints/PatchTST/Electricity_100_336_336/469e956fe08dc68db7f1dca7c28ae6e8/PatchTST_068.pt saved
2025-08-29 09:52:30,712 - easytorch-training - INFO - The estimated training finish time is 2025-08-29 10:55:26
2025-08-29 09:52:30,713 - easytorch-training - INFO - Epoch 69 / 100
2025-08-29 09:54:03,475 - easytorch-training - INFO - Result <train>: [train/time: 92.76 (s), train/lr: 5.00e-05, train/loss: 0.2612, train/MAE: 0.2612, train/MSE: 0.1757]
2025-08-29 09:54:03,488 - easytorch-training - INFO - Start validation.
2025-08-29 09:54:10,170 - easytorch-training - INFO - Result <val>: [val/time: 6.68 (s), val/loss: 0.2368, val/MAE: 0.2368, val/MSE: 0.1510]
2025-08-29 09:54:28,749 - easytorch-training - INFO - Result <test>: [test/time: 18.55 (s), test/loss: 0.2534, test/MAE: 0.2534, test/MSE: 0.1638]
2025-08-29 09:54:29,056 - easytorch-training - INFO - Checkpoint checkpoints/PatchTST/Electricity_100_336_336/469e956fe08dc68db7f1dca7c28ae6e8/PatchTST_069.pt saved
2025-08-29 09:54:29,057 - easytorch-training - INFO - The estimated training finish time is 2025-08-29 10:55:27
2025-08-29 09:54:29,057 - easytorch-training - INFO - Epoch 70 / 100
2025-08-29 09:56:01,781 - easytorch-training - INFO - Result <train>: [train/time: 92.72 (s), train/lr: 5.00e-05, train/loss: 0.2612, train/MAE: 0.2612, train/MSE: 0.1757]
2025-08-29 09:56:01,792 - easytorch-training - INFO - Start validation.
2025-08-29 09:56:08,417 - easytorch-training - INFO - Result <val>: [val/time: 6.62 (s), val/loss: 0.2366, val/MAE: 0.2366, val/MSE: 0.1508]
2025-08-29 09:56:27,209 - easytorch-training - INFO - Result <test>: [test/time: 18.77 (s), test/loss: 0.2533, test/MAE: 0.2533, test/MSE: 0.1637]
2025-08-29 09:56:27,508 - easytorch-training - INFO - Checkpoint checkpoints/PatchTST/Electricity_100_336_336/469e956fe08dc68db7f1dca7c28ae6e8/PatchTST_070.pt saved
2025-08-29 09:56:27,558 - easytorch-training - INFO - The estimated training finish time is 2025-08-29 10:55:27
2025-08-29 09:56:27,559 - easytorch-training - INFO - Epoch 71 / 100
2025-08-29 09:58:00,150 - easytorch-training - INFO - Result <train>: [train/time: 92.59 (s), train/lr: 5.00e-05, train/loss: 0.2612, train/MAE: 0.2612, train/MSE: 0.1756]
2025-08-29 09:58:00,162 - easytorch-training - INFO - Start validation.
2025-08-29 09:58:06,825 - easytorch-training - INFO - Result <val>: [val/time: 6.66 (s), val/loss: 0.2368, val/MAE: 0.2368, val/MSE: 0.1506]
2025-08-29 09:58:25,638 - easytorch-training - INFO - Result <test>: [test/time: 18.79 (s), test/loss: 0.2541, test/MAE: 0.2541, test/MSE: 0.1640]
2025-08-29 09:58:25,881 - easytorch-training - INFO - Checkpoint checkpoints/PatchTST/Electricity_100_336_336/469e956fe08dc68db7f1dca7c28ae6e8/PatchTST_071.pt saved
2025-08-29 09:58:25,882 - easytorch-training - INFO - The estimated training finish time is 2025-08-29 10:55:28
2025-08-29 09:58:25,882 - easytorch-training - INFO - Epoch 72 / 100
2025-08-29 09:59:58,734 - easytorch-training - INFO - Result <train>: [train/time: 92.85 (s), train/lr: 5.00e-05, train/loss: 0.2611, train/MAE: 0.2611, train/MSE: 0.1756]
2025-08-29 09:59:58,745 - easytorch-training - INFO - Start validation.
2025-08-29 10:00:05,530 - easytorch-training - INFO - Result <val>: [val/time: 6.78 (s), val/loss: 0.2365, val/MAE: 0.2365, val/MSE: 0.1510]
2025-08-29 10:00:05,623 - easytorch-training - INFO - Checkpoint checkpoints/PatchTST/Electricity_100_336_336/469e956fe08dc68db7f1dca7c28ae6e8/PatchTST_best_val_MAE.pt saved
2025-08-29 10:00:24,519 - easytorch-training - INFO - Result <test>: [test/time: 18.88 (s), test/loss: 0.2532, test/MAE: 0.2532, test/MSE: 0.1641]
2025-08-29 10:00:24,770 - easytorch-training - INFO - Checkpoint checkpoints/PatchTST/Electricity_100_336_336/469e956fe08dc68db7f1dca7c28ae6e8/PatchTST_072.pt saved
2025-08-29 10:00:24,770 - easytorch-training - INFO - The estimated training finish time is 2025-08-29 10:55:29
2025-08-29 10:00:24,770 - easytorch-training - INFO - Epoch 73 / 100
2025-08-29 10:01:57,615 - easytorch-training - INFO - Result <train>: [train/time: 92.84 (s), train/lr: 5.00e-05, train/loss: 0.2611, train/MAE: 0.2611, train/MSE: 0.1756]
2025-08-29 10:01:57,626 - easytorch-training - INFO - Start validation.
2025-08-29 10:02:04,715 - easytorch-training - INFO - Result <val>: [val/time: 7.09 (s), val/loss: 0.2365, val/MAE: 0.2365, val/MSE: 0.1506]
2025-08-29 10:02:23,335 - easytorch-training - INFO - Result <test>: [test/time: 18.60 (s), test/loss: 0.2539, test/MAE: 0.2539, test/MSE: 0.1639]
2025-08-29 10:02:23,608 - easytorch-training - INFO - Checkpoint checkpoints/PatchTST/Electricity_100_336_336/469e956fe08dc68db7f1dca7c28ae6e8/PatchTST_073.pt saved
2025-08-29 10:02:23,608 - easytorch-training - INFO - The estimated training finish time is 2025-08-29 10:55:30
2025-08-29 10:02:23,609 - easytorch-training - INFO - Epoch 74 / 100
2025-08-29 10:03:56,294 - easytorch-training - INFO - Result <train>: [train/time: 92.68 (s), train/lr: 5.00e-05, train/loss: 0.2611, train/MAE: 0.2611, train/MSE: 0.1755]
2025-08-29 10:03:56,307 - easytorch-training - INFO - Start validation.
2025-08-29 10:04:02,943 - easytorch-training - INFO - Result <val>: [val/time: 6.64 (s), val/loss: 0.2363, val/MAE: 0.2363, val/MSE: 0.1509]
2025-08-29 10:04:03,210 - easytorch-training - INFO - Checkpoint checkpoints/PatchTST/Electricity_100_336_336/469e956fe08dc68db7f1dca7c28ae6e8/PatchTST_best_val_MAE.pt saved
2025-08-29 10:04:22,006 - easytorch-training - INFO - Result <test>: [test/time: 18.78 (s), test/loss: 0.2532, test/MAE: 0.2532, test/MSE: 0.1638]
2025-08-29 10:04:22,132 - easytorch-training - INFO - Checkpoint checkpoints/PatchTST/Electricity_100_336_336/469e956fe08dc68db7f1dca7c28ae6e8/PatchTST_074.pt saved
2025-08-29 10:04:22,132 - easytorch-training - INFO - The estimated training finish time is 2025-08-29 10:55:31
2025-08-29 10:04:22,132 - easytorch-training - INFO - Epoch 75 / 100
2025-08-29 10:05:54,932 - easytorch-training - INFO - Result <train>: [train/time: 92.80 (s), train/lr: 5.00e-05, train/loss: 0.2611, train/MAE: 0.2611, train/MSE: 0.1755]
2025-08-29 10:05:54,942 - easytorch-training - INFO - Start validation.
2025-08-29 10:06:01,629 - easytorch-training - INFO - Result <val>: [val/time: 6.69 (s), val/loss: 0.2375, val/MAE: 0.2375, val/MSE: 0.1517]
2025-08-29 10:06:20,121 - easytorch-training - INFO - Result <test>: [test/time: 18.47 (s), test/loss: 0.2529, test/MAE: 0.2529, test/MSE: 0.1636]
2025-08-29 10:06:20,306 - easytorch-training - INFO - Checkpoint checkpoints/PatchTST/Electricity_100_336_336/469e956fe08dc68db7f1dca7c28ae6e8/PatchTST_075.pt saved
2025-08-29 10:06:20,306 - easytorch-training - INFO - The estimated training finish time is 2025-08-29 10:55:31
2025-08-29 10:06:20,307 - easytorch-training - INFO - Epoch 76 / 100
2025-08-29 10:07:52,941 - easytorch-training - INFO - Result <train>: [train/time: 92.63 (s), train/lr: 5.00e-05, train/loss: 0.2610, train/MAE: 0.2610, train/MSE: 0.1755]
2025-08-29 10:07:52,953 - easytorch-training - INFO - Start validation.
2025-08-29 10:07:59,571 - easytorch-training - INFO - Result <val>: [val/time: 6.62 (s), val/loss: 0.2364, val/MAE: 0.2364, val/MSE: 0.1509]
2025-08-29 10:08:18,527 - easytorch-training - INFO - Result <test>: [test/time: 18.93 (s), test/loss: 0.2533, test/MAE: 0.2533, test/MSE: 0.1638]
2025-08-29 10:08:18,741 - easytorch-training - INFO - Checkpoint checkpoints/PatchTST/Electricity_100_336_336/469e956fe08dc68db7f1dca7c28ae6e8/PatchTST_076.pt saved
2025-08-29 10:08:18,741 - easytorch-training - INFO - The estimated training finish time is 2025-08-29 10:55:32
2025-08-29 10:08:18,741 - easytorch-training - INFO - Epoch 77 / 100
2025-08-29 10:09:51,648 - easytorch-training - INFO - Result <train>: [train/time: 92.91 (s), train/lr: 5.00e-05, train/loss: 0.2610, train/MAE: 0.2610, train/MSE: 0.1755]
2025-08-29 10:09:51,660 - easytorch-training - INFO - Start validation.
2025-08-29 10:09:58,154 - easytorch-training - INFO - Result <val>: [val/time: 6.49 (s), val/loss: 0.2362, val/MAE: 0.2362, val/MSE: 0.1505]
2025-08-29 10:09:58,254 - easytorch-training - INFO - Checkpoint checkpoints/PatchTST/Electricity_100_336_336/469e956fe08dc68db7f1dca7c28ae6e8/PatchTST_best_val_MAE.pt saved
2025-08-29 10:10:16,495 - easytorch-training - INFO - Result <test>: [test/time: 18.22 (s), test/loss: 0.2533, test/MAE: 0.2533, test/MSE: 0.1634]
2025-08-29 10:10:16,750 - easytorch-training - INFO - Checkpoint checkpoints/PatchTST/Electricity_100_336_336/469e956fe08dc68db7f1dca7c28ae6e8/PatchTST_077.pt saved
2025-08-29 10:10:16,750 - easytorch-training - INFO - The estimated training finish time is 2025-08-29 10:55:31
2025-08-29 10:10:16,750 - easytorch-training - INFO - Epoch 78 / 100
2025-08-29 10:11:49,479 - easytorch-training - INFO - Result <train>: [train/time: 92.73 (s), train/lr: 5.00e-05, train/loss: 0.2610, train/MAE: 0.2610, train/MSE: 0.1755]
2025-08-29 10:11:49,491 - easytorch-training - INFO - Start validation.
2025-08-29 10:11:56,117 - easytorch-training - INFO - Result <val>: [val/time: 6.63 (s), val/loss: 0.2365, val/MAE: 0.2365, val/MSE: 0.1509]
2025-08-29 10:12:14,577 - easytorch-training - INFO - Result <test>: [test/time: 18.44 (s), test/loss: 0.2530, test/MAE: 0.2530, test/MSE: 0.1636]
2025-08-29 10:12:14,712 - easytorch-training - INFO - Checkpoint checkpoints/PatchTST/Electricity_100_336_336/469e956fe08dc68db7f1dca7c28ae6e8/PatchTST_078.pt saved
2025-08-29 10:12:14,712 - easytorch-training - INFO - The estimated training finish time is 2025-08-29 10:55:31
2025-08-29 10:12:14,712 - easytorch-training - INFO - Epoch 79 / 100
2025-08-29 10:13:47,676 - easytorch-training - INFO - Result <train>: [train/time: 92.96 (s), train/lr: 5.00e-05, train/loss: 0.2610, train/MAE: 0.2610, train/MSE: 0.1755]
2025-08-29 10:13:47,685 - easytorch-training - INFO - Start validation.
2025-08-29 10:13:54,277 - easytorch-training - INFO - Result <val>: [val/time: 6.59 (s), val/loss: 0.2366, val/MAE: 0.2366, val/MSE: 0.1507]
2025-08-29 10:14:13,257 - easytorch-training - INFO - Result <test>: [test/time: 18.96 (s), test/loss: 0.2533, test/MAE: 0.2533, test/MSE: 0.1633]
2025-08-29 10:14:13,507 - easytorch-training - INFO - Checkpoint checkpoints/PatchTST/Electricity_100_336_336/469e956fe08dc68db7f1dca7c28ae6e8/PatchTST_079.pt saved
2025-08-29 10:14:13,508 - easytorch-training - INFO - The estimated training finish time is 2025-08-29 10:55:32
2025-08-29 10:14:13,508 - easytorch-training - INFO - Epoch 80 / 100
2025-08-29 10:15:46,680 - easytorch-training - INFO - Result <train>: [train/time: 93.17 (s), train/lr: 5.00e-05, train/loss: 0.2609, train/MAE: 0.2609, train/MSE: 0.1754]
2025-08-29 10:15:46,691 - easytorch-training - INFO - Start validation.
2025-08-29 10:15:53,680 - easytorch-training - INFO - Result <val>: [val/time: 6.99 (s), val/loss: 0.2372, val/MAE: 0.2372, val/MSE: 0.1512]
2025-08-29 10:16:11,994 - easytorch-training - INFO - Result <test>: [test/time: 18.29 (s), test/loss: 0.2530, test/MAE: 0.2530, test/MSE: 0.1634]
2025-08-29 10:16:12,158 - easytorch-training - INFO - Checkpoint checkpoints/PatchTST/Electricity_100_336_336/469e956fe08dc68db7f1dca7c28ae6e8/PatchTST_080.pt saved
2025-08-29 10:16:12,228 - easytorch-training - INFO - The estimated training finish time is 2025-08-29 10:55:33
2025-08-29 10:16:12,228 - easytorch-training - INFO - Epoch 81 / 100
2025-08-29 10:17:45,228 - easytorch-training - INFO - Result <train>: [train/time: 93.00 (s), train/lr: 5.00e-05, train/loss: 0.2610, train/MAE: 0.2610, train/MSE: 0.1754]
2025-08-29 10:17:45,240 - easytorch-training - INFO - Start validation.
2025-08-29 10:17:52,151 - easytorch-training - INFO - Result <val>: [val/time: 6.91 (s), val/loss: 0.2362, val/MAE: 0.2362, val/MSE: 0.1506]
2025-08-29 10:18:11,417 - easytorch-training - INFO - Result <test>: [test/time: 19.24 (s), test/loss: 0.2528, test/MAE: 0.2528, test/MSE: 0.1634]
2025-08-29 10:18:11,679 - easytorch-training - INFO - Checkpoint checkpoints/PatchTST/Electricity_100_336_336/469e956fe08dc68db7f1dca7c28ae6e8/PatchTST_081.pt saved
2025-08-29 10:18:11,679 - easytorch-training - INFO - The estimated training finish time is 2025-08-29 10:55:35
2025-08-29 10:18:11,679 - easytorch-training - INFO - Epoch 82 / 100
2025-08-29 10:19:44,762 - easytorch-training - INFO - Result <train>: [train/time: 93.08 (s), train/lr: 5.00e-05, train/loss: 0.2609, train/MAE: 0.2609, train/MSE: 0.1754]
2025-08-29 10:19:44,772 - easytorch-training - INFO - Start validation.
2025-08-29 10:19:51,564 - easytorch-training - INFO - Result <val>: [val/time: 6.79 (s), val/loss: 0.2359, val/MAE: 0.2359, val/MSE: 0.1503]
2025-08-29 10:19:51,685 - easytorch-training - INFO - Checkpoint checkpoints/PatchTST/Electricity_100_336_336/469e956fe08dc68db7f1dca7c28ae6e8/PatchTST_best_val_MAE.pt saved
2025-08-29 10:20:11,156 - easytorch-training - INFO - Result <test>: [test/time: 19.45 (s), test/loss: 0.2533, test/MAE: 0.2533, test/MSE: 0.1636]
2025-08-29 10:20:11,281 - easytorch-training - INFO - Checkpoint checkpoints/PatchTST/Electricity_100_336_336/469e956fe08dc68db7f1dca7c28ae6e8/PatchTST_082.pt saved
2025-08-29 10:20:11,281 - easytorch-training - INFO - The estimated training finish time is 2025-08-29 10:55:37
2025-08-29 10:20:11,281 - easytorch-training - INFO - Epoch 83 / 100
2025-08-29 10:21:44,744 - easytorch-training - INFO - Result <train>: [train/time: 93.46 (s), train/lr: 5.00e-05, train/loss: 0.2609, train/MAE: 0.2609, train/MSE: 0.1753]
2025-08-29 10:21:44,755 - easytorch-training - INFO - Start validation.
2025-08-29 10:21:51,664 - easytorch-training - INFO - Result <val>: [val/time: 6.91 (s), val/loss: 0.2361, val/MAE: 0.2361, val/MSE: 0.1501]
2025-08-29 10:22:10,402 - easytorch-training - INFO - Result <test>: [test/time: 18.71 (s), test/loss: 0.2534, test/MAE: 0.2534, test/MSE: 0.1636]
2025-08-29 10:22:10,637 - easytorch-training - INFO - Checkpoint checkpoints/PatchTST/Electricity_100_336_336/469e956fe08dc68db7f1dca7c28ae6e8/PatchTST_083.pt saved
2025-08-29 10:22:10,637 - easytorch-training - INFO - The estimated training finish time is 2025-08-29 10:55:38
2025-08-29 10:22:10,638 - easytorch-training - INFO - Epoch 84 / 100
2025-08-29 10:23:43,942 - easytorch-training - INFO - Result <train>: [train/time: 93.30 (s), train/lr: 5.00e-05, train/loss: 0.2608, train/MAE: 0.2608, train/MSE: 0.1753]
2025-08-29 10:23:43,954 - easytorch-training - INFO - Start validation.
2025-08-29 10:23:50,555 - easytorch-training - INFO - Result <val>: [val/time: 6.60 (s), val/loss: 0.2365, val/MAE: 0.2365, val/MSE: 0.1509]
2025-08-29 10:24:09,347 - easytorch-training - INFO - Result <test>: [test/time: 18.77 (s), test/loss: 0.2531, test/MAE: 0.2531, test/MSE: 0.1639]
2025-08-29 10:24:09,468 - easytorch-training - INFO - Checkpoint checkpoints/PatchTST/Electricity_100_336_336/469e956fe08dc68db7f1dca7c28ae6e8/PatchTST_084.pt saved
2025-08-29 10:24:09,468 - easytorch-training - INFO - The estimated training finish time is 2025-08-29 10:55:39
2025-08-29 10:24:09,469 - easytorch-training - INFO - Epoch 85 / 100
2025-08-29 10:25:42,783 - easytorch-training - INFO - Result <train>: [train/time: 93.31 (s), train/lr: 5.00e-05, train/loss: 0.2608, train/MAE: 0.2608, train/MSE: 0.1753]
2025-08-29 10:25:42,793 - easytorch-training - INFO - Start validation.
2025-08-29 10:25:49,768 - easytorch-training - INFO - Result <val>: [val/time: 6.97 (s), val/loss: 0.2364, val/MAE: 0.2364, val/MSE: 0.1509]
2025-08-29 10:26:08,367 - easytorch-training - INFO - Result <test>: [test/time: 18.57 (s), test/loss: 0.2528, test/MAE: 0.2528, test/MSE: 0.1634]
2025-08-29 10:26:08,619 - easytorch-training - INFO - Checkpoint checkpoints/PatchTST/Electricity_100_336_336/469e956fe08dc68db7f1dca7c28ae6e8/PatchTST_085.pt saved
2025-08-29 10:26:08,619 - easytorch-training - INFO - The estimated training finish time is 2025-08-29 10:55:40
2025-08-29 10:26:08,619 - easytorch-training - INFO - Epoch 86 / 100
2025-08-29 10:27:41,684 - easytorch-training - INFO - Result <train>: [train/time: 93.06 (s), train/lr: 5.00e-05, train/loss: 0.2608, train/MAE: 0.2608, train/MSE: 0.1753]
2025-08-29 10:27:41,696 - easytorch-training - INFO - Start validation.
2025-08-29 10:27:48,411 - easytorch-training - INFO - Result <val>: [val/time: 6.71 (s), val/loss: 0.2363, val/MAE: 0.2363, val/MSE: 0.1509]
2025-08-29 10:28:06,902 - easytorch-training - INFO - Result <test>: [test/time: 18.47 (s), test/loss: 0.2527, test/MAE: 0.2527, test/MSE: 0.1635]
2025-08-29 10:28:07,150 - easytorch-training - INFO - Checkpoint checkpoints/PatchTST/Electricity_100_336_336/469e956fe08dc68db7f1dca7c28ae6e8/PatchTST_086.pt saved
2025-08-29 10:28:07,151 - easytorch-training - INFO - The estimated training finish time is 2025-08-29 10:55:41
2025-08-29 10:28:07,151 - easytorch-training - INFO - Epoch 87 / 100
2025-08-29 10:29:40,066 - easytorch-training - INFO - Result <train>: [train/time: 92.91 (s), train/lr: 5.00e-05, train/loss: 0.2608, train/MAE: 0.2608, train/MSE: 0.1753]
2025-08-29 10:29:40,076 - easytorch-training - INFO - Start validation.
2025-08-29 10:29:46,783 - easytorch-training - INFO - Result <val>: [val/time: 6.71 (s), val/loss: 0.2366, val/MAE: 0.2366, val/MSE: 0.1510]
2025-08-29 10:30:05,819 - easytorch-training - INFO - Result <test>: [test/time: 19.01 (s), test/loss: 0.2528, test/MAE: 0.2528, test/MSE: 0.1636]
2025-08-29 10:30:06,069 - easytorch-training - INFO - Checkpoint checkpoints/PatchTST/Electricity_100_336_336/469e956fe08dc68db7f1dca7c28ae6e8/PatchTST_087.pt saved
2025-08-29 10:30:06,070 - easytorch-training - INFO - The estimated training finish time is 2025-08-29 10:55:42
2025-08-29 10:30:06,070 - easytorch-training - INFO - Epoch 88 / 100
2025-08-29 10:31:38,916 - easytorch-training - INFO - Result <train>: [train/time: 92.85 (s), train/lr: 5.00e-05, train/loss: 0.2608, train/MAE: 0.2608, train/MSE: 0.1752]
2025-08-29 10:31:38,926 - easytorch-training - INFO - Start validation.
2025-08-29 10:31:45,536 - easytorch-training - INFO - Result <val>: [val/time: 6.61 (s), val/loss: 0.2368, val/MAE: 0.2368, val/MSE: 0.1511]
2025-08-29 10:32:04,245 - easytorch-training - INFO - Result <test>: [test/time: 18.69 (s), test/loss: 0.2526, test/MAE: 0.2526, test/MSE: 0.1633]
2025-08-29 10:32:04,377 - easytorch-training - INFO - Checkpoint checkpoints/PatchTST/Electricity_100_336_336/469e956fe08dc68db7f1dca7c28ae6e8/PatchTST_088.pt saved
2025-08-29 10:32:04,378 - easytorch-training - INFO - The estimated training finish time is 2025-08-29 10:55:42
2025-08-29 10:32:04,378 - easytorch-training - INFO - Epoch 89 / 100
2025-08-29 10:33:37,285 - easytorch-training - INFO - Result <train>: [train/time: 92.91 (s), train/lr: 5.00e-05, train/loss: 0.2608, train/MAE: 0.2608, train/MSE: 0.1752]
2025-08-29 10:33:37,297 - easytorch-training - INFO - Start validation.
2025-08-29 10:33:43,924 - easytorch-training - INFO - Result <val>: [val/time: 6.63 (s), val/loss: 0.2362, val/MAE: 0.2362, val/MSE: 0.1505]
2025-08-29 10:34:02,095 - easytorch-training - INFO - Result <test>: [test/time: 18.15 (s), test/loss: 0.2527, test/MAE: 0.2527, test/MSE: 0.1635]
2025-08-29 10:34:02,362 - easytorch-training - INFO - Checkpoint checkpoints/PatchTST/Electricity_100_336_336/469e956fe08dc68db7f1dca7c28ae6e8/PatchTST_089.pt saved
2025-08-29 10:34:02,362 - easytorch-training - INFO - The estimated training finish time is 2025-08-29 10:55:42
2025-08-29 10:34:02,362 - easytorch-training - INFO - Epoch 90 / 100
2025-08-29 10:35:35,198 - easytorch-training - INFO - Result <train>: [train/time: 92.84 (s), train/lr: 5.00e-05, train/loss: 0.2607, train/MAE: 0.2607, train/MSE: 0.1752]
2025-08-29 10:35:35,214 - easytorch-training - INFO - Start validation.
2025-08-29 10:35:42,218 - easytorch-training - INFO - Result <val>: [val/time: 7.00 (s), val/loss: 0.2363, val/MAE: 0.2363, val/MSE: 0.1504]
2025-08-29 10:36:01,373 - easytorch-training - INFO - Result <test>: [test/time: 19.13 (s), test/loss: 0.2529, test/MAE: 0.2529, test/MSE: 0.1635]
2025-08-29 10:36:01,485 - easytorch-training - INFO - Checkpoint checkpoints/PatchTST/Electricity_100_336_336/469e956fe08dc68db7f1dca7c28ae6e8/PatchTST_090.pt saved
2025-08-29 10:36:01,535 - easytorch-training - INFO - The estimated training finish time is 2025-08-29 10:55:43
2025-08-29 10:36:01,535 - easytorch-training - INFO - Epoch 91 / 100
2025-08-29 10:37:34,413 - easytorch-training - INFO - Result <train>: [train/time: 92.88 (s), train/lr: 5.00e-05, train/loss: 0.2607, train/MAE: 0.2607, train/MSE: 0.1751]
2025-08-29 10:37:34,423 - easytorch-training - INFO - Start validation.
2025-08-29 10:37:41,032 - easytorch-training - INFO - Result <val>: [val/time: 6.61 (s), val/loss: 0.2365, val/MAE: 0.2365, val/MSE: 0.1509]
2025-08-29 10:37:59,018 - easytorch-training - INFO - Result <test>: [test/time: 17.96 (s), test/loss: 0.2531, test/MAE: 0.2531, test/MSE: 0.1634]
2025-08-29 10:37:59,150 - easytorch-training - INFO - Checkpoint checkpoints/PatchTST/Electricity_100_336_336/469e956fe08dc68db7f1dca7c28ae6e8/PatchTST_091.pt saved
2025-08-29 10:37:59,151 - easytorch-training - INFO - The estimated training finish time is 2025-08-29 10:55:42
2025-08-29 10:37:59,151 - easytorch-training - INFO - Epoch 92 / 100
2025-08-29 10:39:32,013 - easytorch-training - INFO - Result <train>: [train/time: 92.86 (s), train/lr: 5.00e-05, train/loss: 0.2607, train/MAE: 0.2607, train/MSE: 0.1752]
2025-08-29 10:39:32,024 - easytorch-training - INFO - Start validation.
2025-08-29 10:39:38,631 - easytorch-training - INFO - Result <val>: [val/time: 6.61 (s), val/loss: 0.2361, val/MAE: 0.2361, val/MSE: 0.1504]
2025-08-29 10:39:57,564 - easytorch-training - INFO - Result <test>: [test/time: 18.91 (s), test/loss: 0.2530, test/MAE: 0.2530, test/MSE: 0.1636]
2025-08-29 10:39:57,687 - easytorch-training - INFO - Checkpoint checkpoints/PatchTST/Electricity_100_336_336/469e956fe08dc68db7f1dca7c28ae6e8/PatchTST_092.pt saved
2025-08-29 10:39:57,688 - easytorch-training - INFO - The estimated training finish time is 2025-08-29 10:55:42
2025-08-29 10:39:57,688 - easytorch-training - INFO - Epoch 93 / 100
2025-08-29 10:41:30,339 - easytorch-training - INFO - Result <train>: [train/time: 92.65 (s), train/lr: 5.00e-05, train/loss: 0.2607, train/MAE: 0.2607, train/MSE: 0.1751]
2025-08-29 10:41:30,349 - easytorch-training - INFO - Start validation.
2025-08-29 10:41:36,939 - easytorch-training - INFO - Result <val>: [val/time: 6.59 (s), val/loss: 0.2371, val/MAE: 0.2371, val/MSE: 0.1507]
2025-08-29 10:41:55,628 - easytorch-training - INFO - Result <test>: [test/time: 18.67 (s), test/loss: 0.2535, test/MAE: 0.2535, test/MSE: 0.1634]
2025-08-29 10:41:55,752 - easytorch-training - INFO - Checkpoint checkpoints/PatchTST/Electricity_100_336_336/469e956fe08dc68db7f1dca7c28ae6e8/PatchTST_093.pt saved
2025-08-29 10:41:55,752 - easytorch-training - INFO - The estimated training finish time is 2025-08-29 10:55:42
2025-08-29 10:41:55,753 - easytorch-training - INFO - Epoch 94 / 100
2025-08-29 10:43:28,679 - easytorch-training - INFO - Result <train>: [train/time: 92.93 (s), train/lr: 5.00e-05, train/loss: 0.2607, train/MAE: 0.2607, train/MSE: 0.1751]
2025-08-29 10:43:28,689 - easytorch-training - INFO - Start validation.
2025-08-29 10:43:35,340 - easytorch-training - INFO - Result <val>: [val/time: 6.65 (s), val/loss: 0.2364, val/MAE: 0.2364, val/MSE: 0.1505]
2025-08-29 10:43:53,738 - easytorch-training - INFO - Result <test>: [test/time: 18.37 (s), test/loss: 0.2532, test/MAE: 0.2532, test/MSE: 0.1632]
2025-08-29 10:43:53,852 - easytorch-training - INFO - Checkpoint checkpoints/PatchTST/Electricity_100_336_336/469e956fe08dc68db7f1dca7c28ae6e8/PatchTST_094.pt saved
2025-08-29 10:43:53,852 - easytorch-training - INFO - The estimated training finish time is 2025-08-29 10:55:42
2025-08-29 10:43:53,852 - easytorch-training - INFO - Epoch 95 / 100
2025-08-29 10:45:26,642 - easytorch-training - INFO - Result <train>: [train/time: 92.79 (s), train/lr: 5.00e-05, train/loss: 0.2606, train/MAE: 0.2606, train/MSE: 0.1751]
2025-08-29 10:45:26,653 - easytorch-training - INFO - Start validation.
2025-08-29 10:45:33,296 - easytorch-training - INFO - Result <val>: [val/time: 6.64 (s), val/loss: 0.2361, val/MAE: 0.2361, val/MSE: 0.1504]
2025-08-29 10:45:52,307 - easytorch-training - INFO - Result <test>: [test/time: 18.98 (s), test/loss: 0.2526, test/MAE: 0.2526, test/MSE: 0.1631]
2025-08-29 10:45:52,416 - easytorch-training - INFO - Checkpoint checkpoints/PatchTST/Electricity_100_336_336/469e956fe08dc68db7f1dca7c28ae6e8/PatchTST_095.pt saved
2025-08-29 10:45:52,416 - easytorch-training - INFO - The estimated training finish time is 2025-08-29 10:55:43
2025-08-29 10:45:52,416 - easytorch-training - INFO - Epoch 96 / 100
2025-08-29 10:47:25,016 - easytorch-training - INFO - Result <train>: [train/time: 92.60 (s), train/lr: 5.00e-05, train/loss: 0.2606, train/MAE: 0.2606, train/MSE: 0.1751]
2025-08-29 10:47:25,024 - easytorch-training - INFO - Start validation.
2025-08-29 10:47:31,841 - easytorch-training - INFO - Result <val>: [val/time: 6.82 (s), val/loss: 0.2366, val/MAE: 0.2366, val/MSE: 0.1504]
2025-08-29 10:47:50,536 - easytorch-training - INFO - Result <test>: [test/time: 18.67 (s), test/loss: 0.2535, test/MAE: 0.2535, test/MSE: 0.1632]
2025-08-29 10:47:50,636 - easytorch-training - INFO - Checkpoint checkpoints/PatchTST/Electricity_100_336_336/469e956fe08dc68db7f1dca7c28ae6e8/PatchTST_096.pt saved
2025-08-29 10:47:50,637 - easytorch-training - INFO - The estimated training finish time is 2025-08-29 10:55:43
2025-08-29 10:47:50,637 - easytorch-training - INFO - Epoch 97 / 100
2025-08-29 10:49:23,564 - easytorch-training - INFO - Result <train>: [train/time: 92.93 (s), train/lr: 5.00e-05, train/loss: 0.2606, train/MAE: 0.2606, train/MSE: 0.1751]
2025-08-29 10:49:23,574 - easytorch-training - INFO - Start validation.
2025-08-29 10:49:29,834 - easytorch-training - INFO - Result <val>: [val/time: 6.26 (s), val/loss: 0.2360, val/MAE: 0.2360, val/MSE: 0.1506]
2025-08-29 10:49:47,743 - easytorch-training - INFO - Result <test>: [test/time: 17.89 (s), test/loss: 0.2526, test/MAE: 0.2526, test/MSE: 0.1631]
2025-08-29 10:49:47,902 - easytorch-training - INFO - Checkpoint checkpoints/PatchTST/Electricity_100_336_336/469e956fe08dc68db7f1dca7c28ae6e8/PatchTST_097.pt saved
2025-08-29 10:49:47,903 - easytorch-training - INFO - The estimated training finish time is 2025-08-29 10:55:42
2025-08-29 10:49:47,903 - easytorch-training - INFO - Epoch 98 / 100
2025-08-29 10:51:20,543 - easytorch-training - INFO - Result <train>: [train/time: 92.64 (s), train/lr: 5.00e-05, train/loss: 0.2606, train/MAE: 0.2606, train/MSE: 0.1750]
2025-08-29 10:51:20,555 - easytorch-training - INFO - Start validation.
2025-08-29 10:51:27,001 - easytorch-training - INFO - Result <val>: [val/time: 6.45 (s), val/loss: 0.2363, val/MAE: 0.2363, val/MSE: 0.1503]
2025-08-29 10:51:45,505 - easytorch-training - INFO - Result <test>: [test/time: 18.48 (s), test/loss: 0.2531, test/MAE: 0.2531, test/MSE: 0.1632]
2025-08-29 10:51:45,774 - easytorch-training - INFO - Checkpoint checkpoints/PatchTST/Electricity_100_336_336/469e956fe08dc68db7f1dca7c28ae6e8/PatchTST_098.pt saved
2025-08-29 10:51:45,775 - easytorch-training - INFO - The estimated training finish time is 2025-08-29 10:55:42
2025-08-29 10:51:45,775 - easytorch-training - INFO - Epoch 99 / 100
2025-08-29 10:53:18,498 - easytorch-training - INFO - Result <train>: [train/time: 92.72 (s), train/lr: 5.00e-05, train/loss: 0.2606, train/MAE: 0.2606, train/MSE: 0.1751]
2025-08-29 10:53:18,513 - easytorch-training - INFO - Start validation.
2025-08-29 10:53:25,189 - easytorch-training - INFO - Result <val>: [val/time: 6.68 (s), val/loss: 0.2371, val/MAE: 0.2371, val/MSE: 0.1513]
2025-08-29 10:53:43,196 - easytorch-training - INFO - Result <test>: [test/time: 17.98 (s), test/loss: 0.2529, test/MAE: 0.2529, test/MSE: 0.1634]
2025-08-29 10:53:43,459 - easytorch-training - INFO - Checkpoint checkpoints/PatchTST/Electricity_100_336_336/469e956fe08dc68db7f1dca7c28ae6e8/PatchTST_099.pt saved
2025-08-29 10:53:43,459 - easytorch-training - INFO - The estimated training finish time is 2025-08-29 10:55:41
2025-08-29 10:53:43,459 - easytorch-training - INFO - Epoch 100 / 100
2025-08-29 10:55:16,175 - easytorch-training - INFO - Result <train>: [train/time: 92.72 (s), train/lr: 5.00e-05, train/loss: 0.2606, train/MAE: 0.2606, train/MSE: 0.1750]
2025-08-29 10:55:16,186 - easytorch-training - INFO - Start validation.
2025-08-29 10:55:22,765 - easytorch-training - INFO - Result <val>: [val/time: 6.58 (s), val/loss: 0.2359, val/MAE: 0.2359, val/MSE: 0.1505]
2025-08-29 10:55:23,014 - easytorch-training - INFO - Checkpoint checkpoints/PatchTST/Electricity_100_336_336/469e956fe08dc68db7f1dca7c28ae6e8/PatchTST_best_val_MAE.pt saved
2025-08-29 10:55:40,819 - easytorch-training - INFO - Result <test>: [test/time: 17.79 (s), test/loss: 0.2526, test/MAE: 0.2526, test/MSE: 0.1630]
2025-08-29 10:55:40,931 - easytorch-training - INFO - Checkpoint checkpoints/PatchTST/Electricity_100_336_336/469e956fe08dc68db7f1dca7c28ae6e8/PatchTST_100.pt saved
2025-08-29 10:55:40,978 - easytorch-training - INFO - The training finished at 2025-08-29 10:55:40
2025-08-29 10:55:40,978 - easytorch-training - INFO - Evaluating the best model on the test set.
2025-08-29 10:55:40,979 - easytorch-training - INFO - Loading Checkpoint from 'checkpoints/PatchTST/Electricity_100_336_336/469e956fe08dc68db7f1dca7c28ae6e8/PatchTST_best_val_MAE.pt'
2025-08-29 10:56:00,073 - easytorch-training - INFO - Result <test>: [test/time: 19.01 (s), test/loss: 0.2526, test/MAE: 0.2526, test/MSE: 0.1630]
2025-08-29 10:56:00,085 - easytorch-training - INFO - Test metrics saved to checkpoints/PatchTST/Electricity_100_336_336/469e956fe08dc68db7f1dca7c28ae6e8/test_metrics.json.
