2025-08-26 07:07:56,141 - easytorch-training - INFO - Initializing training.
2025-08-26 07:07:56,141 - easytorch-training - INFO - Set clip grad, param: {'max_norm': 5.0}
2025-08-26 07:07:56,141 - easytorch-training - INFO - Building training data loader.
2025-08-26 07:07:56,142 - easytorch-training - INFO - Train dataset length: 8113
2025-08-26 07:07:59,626 - easytorch-training - INFO - Set optim: Adam (
Parameter Group 0
    amsgrad: False
    betas: (0.9, 0.999)
    capturable: False
    differentiable: False
    eps: 1e-08
    foreach: None
    fused: None
    lr: 0.0002
    maximize: False
    weight_decay: 0.0001
)
2025-08-26 07:07:59,627 - easytorch-training - INFO - Set lr_scheduler: <torch.optim.lr_scheduler.MultiStepLR object at 0x7f11f650f040>
2025-08-26 07:07:59,628 - easytorch-training - INFO - Initializing validation.
2025-08-26 07:07:59,628 - easytorch-training - INFO - Building val data loader.
2025-08-26 07:07:59,630 - easytorch-training - INFO - Validation dataset length: 2353
2025-08-26 07:07:59,642 - easytorch-training - INFO - Test dataset length: 2353
2025-08-26 07:07:59,643 - easytorch-training - INFO - Number of parameters: 1437376
2025-08-26 07:07:59,643 - easytorch-training - INFO - Epoch 1 / 100
2025-08-26 07:08:08,116 - easytorch-training - INFO - Result <train>: [train/time: 8.47 (s), train/lr: 2.00e-04, train/loss: 0.4154, train/MAE: 0.4154, train/MSE: 0.5365]
2025-08-26 07:08:08,117 - easytorch-training - INFO - Start validation.
2025-08-26 07:08:08,703 - easytorch-training - INFO - Result <val>: [val/time: 0.59 (s), val/loss: 0.3602, val/MAE: 0.3602, val/MSE: 0.2912]
2025-08-26 07:08:08,751 - easytorch-training - INFO - Checkpoint checkpoints/PatchTST/ETTh2_100_336_192/b6603a4d0c0169e91e8ba9d50610c49a/PatchTST_best_val_MAE.pt saved
2025-08-26 07:08:09,338 - easytorch-training - INFO - Result <test>: [test/time: 0.59 (s), test/loss: 0.4088, test/MAE: 0.4088, test/MSE: 0.3904]
2025-08-26 07:08:09,368 - easytorch-training - INFO - Checkpoint checkpoints/PatchTST/ETTh2_100_336_192/b6603a4d0c0169e91e8ba9d50610c49a/PatchTST_001.pt saved
2025-08-26 07:08:09,368 - easytorch-training - INFO - The estimated training finish time is 2025-08-26 07:24:12
2025-08-26 07:08:09,368 - easytorch-training - INFO - Epoch 2 / 100
2025-08-26 07:08:14,834 - easytorch-training - INFO - Result <train>: [train/time: 5.47 (s), train/lr: 1.00e-04, train/loss: 0.3879, train/MAE: 0.3879, train/MSE: 0.4838]
2025-08-26 07:08:14,835 - easytorch-training - INFO - Start validation.
2025-08-26 07:08:15,419 - easytorch-training - INFO - Result <val>: [val/time: 0.58 (s), val/loss: 0.3583, val/MAE: 0.3583, val/MSE: 0.2875]
2025-08-26 07:08:15,466 - easytorch-training - INFO - Checkpoint checkpoints/PatchTST/ETTh2_100_336_192/b6603a4d0c0169e91e8ba9d50610c49a/PatchTST_best_val_MAE.pt saved
2025-08-26 07:08:16,049 - easytorch-training - INFO - Result <test>: [test/time: 0.58 (s), test/loss: 0.4120, test/MAE: 0.4120, test/MSE: 0.3950]
2025-08-26 07:08:16,080 - easytorch-training - INFO - Checkpoint checkpoints/PatchTST/ETTh2_100_336_192/b6603a4d0c0169e91e8ba9d50610c49a/PatchTST_002.pt saved
2025-08-26 07:08:16,080 - easytorch-training - INFO - The estimated training finish time is 2025-08-26 07:21:41
2025-08-26 07:08:16,080 - easytorch-training - INFO - Epoch 3 / 100
2025-08-26 07:08:21,545 - easytorch-training - INFO - Result <train>: [train/time: 5.46 (s), train/lr: 1.00e-04, train/loss: 0.3810, train/MAE: 0.3810, train/MSE: 0.4676]
2025-08-26 07:08:21,546 - easytorch-training - INFO - Start validation.
2025-08-26 07:08:22,143 - easytorch-training - INFO - Result <val>: [val/time: 0.60 (s), val/loss: 0.3579, val/MAE: 0.3579, val/MSE: 0.2863]
2025-08-26 07:08:22,194 - easytorch-training - INFO - Checkpoint checkpoints/PatchTST/ETTh2_100_336_192/b6603a4d0c0169e91e8ba9d50610c49a/PatchTST_best_val_MAE.pt saved
2025-08-26 07:08:22,786 - easytorch-training - INFO - Result <test>: [test/time: 0.59 (s), test/loss: 0.4098, test/MAE: 0.4098, test/MSE: 0.3908]
2025-08-26 07:08:22,817 - easytorch-training - INFO - Checkpoint checkpoints/PatchTST/ETTh2_100_336_192/b6603a4d0c0169e91e8ba9d50610c49a/PatchTST_003.pt saved
2025-08-26 07:08:22,817 - easytorch-training - INFO - The estimated training finish time is 2025-08-26 07:20:52
2025-08-26 07:08:22,817 - easytorch-training - INFO - Epoch 4 / 100
2025-08-26 07:08:28,308 - easytorch-training - INFO - Result <train>: [train/time: 5.49 (s), train/lr: 1.00e-04, train/loss: 0.3747, train/MAE: 0.3747, train/MSE: 0.4534]
2025-08-26 07:08:28,309 - easytorch-training - INFO - Start validation.
2025-08-26 07:08:28,916 - easytorch-training - INFO - Result <val>: [val/time: 0.61 (s), val/loss: 0.3503, val/MAE: 0.3503, val/MSE: 0.2773]
2025-08-26 07:08:28,960 - easytorch-training - INFO - Checkpoint checkpoints/PatchTST/ETTh2_100_336_192/b6603a4d0c0169e91e8ba9d50610c49a/PatchTST_best_val_MAE.pt saved
2025-08-26 07:08:29,551 - easytorch-training - INFO - Result <test>: [test/time: 0.59 (s), test/loss: 0.4121, test/MAE: 0.4121, test/MSE: 0.3966]
2025-08-26 07:08:29,584 - easytorch-training - INFO - Checkpoint checkpoints/PatchTST/ETTh2_100_336_192/b6603a4d0c0169e91e8ba9d50610c49a/PatchTST_004.pt saved
2025-08-26 07:08:29,585 - easytorch-training - INFO - The estimated training finish time is 2025-08-26 07:20:28
2025-08-26 07:08:29,585 - easytorch-training - INFO - Epoch 5 / 100
2025-08-26 07:08:35,009 - easytorch-training - INFO - Result <train>: [train/time: 5.42 (s), train/lr: 1.00e-04, train/loss: 0.3689, train/MAE: 0.3689, train/MSE: 0.4407]
2025-08-26 07:08:35,010 - easytorch-training - INFO - Start validation.
2025-08-26 07:08:35,611 - easytorch-training - INFO - Result <val>: [val/time: 0.60 (s), val/loss: 0.3593, val/MAE: 0.3593, val/MSE: 0.2906]
2025-08-26 07:08:36,201 - easytorch-training - INFO - Result <test>: [test/time: 0.59 (s), test/loss: 0.4155, test/MAE: 0.4155, test/MSE: 0.4021]
2025-08-26 07:08:36,232 - easytorch-training - INFO - Checkpoint checkpoints/PatchTST/ETTh2_100_336_192/b6603a4d0c0169e91e8ba9d50610c49a/PatchTST_005.pt saved
2025-08-26 07:08:36,232 - easytorch-training - INFO - The estimated training finish time is 2025-08-26 07:20:11
2025-08-26 07:08:36,233 - easytorch-training - INFO - Epoch 6 / 100
2025-08-26 07:08:41,736 - easytorch-training - INFO - Result <train>: [train/time: 5.50 (s), train/lr: 1.00e-04, train/loss: 0.3643, train/MAE: 0.3643, train/MSE: 0.4332]
2025-08-26 07:08:41,736 - easytorch-training - INFO - Start validation.
2025-08-26 07:08:42,358 - easytorch-training - INFO - Result <val>: [val/time: 0.62 (s), val/loss: 0.3548, val/MAE: 0.3548, val/MSE: 0.2835]
2025-08-26 07:08:42,970 - easytorch-training - INFO - Result <test>: [test/time: 0.61 (s), test/loss: 0.4116, test/MAE: 0.4116, test/MSE: 0.3955]
2025-08-26 07:08:43,002 - easytorch-training - INFO - Checkpoint checkpoints/PatchTST/ETTh2_100_336_192/b6603a4d0c0169e91e8ba9d50610c49a/PatchTST_006.pt saved
2025-08-26 07:08:43,002 - easytorch-training - INFO - The estimated training finish time is 2025-08-26 07:20:02
2025-08-26 07:08:43,002 - easytorch-training - INFO - Epoch 7 / 100
2025-08-26 07:08:48,545 - easytorch-training - INFO - Result <train>: [train/time: 5.54 (s), train/lr: 1.00e-04, train/loss: 0.3609, train/MAE: 0.3609, train/MSE: 0.4269]
2025-08-26 07:08:48,546 - easytorch-training - INFO - Start validation.
2025-08-26 07:08:49,158 - easytorch-training - INFO - Result <val>: [val/time: 0.61 (s), val/loss: 0.3605, val/MAE: 0.3605, val/MSE: 0.2918]
2025-08-26 07:08:49,768 - easytorch-training - INFO - Result <test>: [test/time: 0.61 (s), test/loss: 0.4098, test/MAE: 0.4098, test/MSE: 0.3907]
2025-08-26 07:08:49,800 - easytorch-training - INFO - Checkpoint checkpoints/PatchTST/ETTh2_100_336_192/b6603a4d0c0169e91e8ba9d50610c49a/PatchTST_007.pt saved
2025-08-26 07:08:49,800 - easytorch-training - INFO - The estimated training finish time is 2025-08-26 07:19:56
2025-08-26 07:08:49,800 - easytorch-training - INFO - Epoch 8 / 100
2025-08-26 07:08:55,274 - easytorch-training - INFO - Result <train>: [train/time: 5.47 (s), train/lr: 1.00e-04, train/loss: 0.3574, train/MAE: 0.3574, train/MSE: 0.4200]
2025-08-26 07:08:55,276 - easytorch-training - INFO - Start validation.
2025-08-26 07:08:55,891 - easytorch-training - INFO - Result <val>: [val/time: 0.62 (s), val/loss: 0.3592, val/MAE: 0.3592, val/MSE: 0.2890]
2025-08-26 07:08:56,470 - easytorch-training - INFO - Result <test>: [test/time: 0.58 (s), test/loss: 0.4131, test/MAE: 0.4131, test/MSE: 0.3948]
2025-08-26 07:08:56,501 - easytorch-training - INFO - Checkpoint checkpoints/PatchTST/ETTh2_100_336_192/b6603a4d0c0169e91e8ba9d50610c49a/PatchTST_008.pt saved
2025-08-26 07:08:56,501 - easytorch-training - INFO - The estimated training finish time is 2025-08-26 07:19:50
2025-08-26 07:08:56,501 - easytorch-training - INFO - Epoch 9 / 100
2025-08-26 07:09:01,994 - easytorch-training - INFO - Result <train>: [train/time: 5.49 (s), train/lr: 1.00e-04, train/loss: 0.3536, train/MAE: 0.3536, train/MSE: 0.4127]
2025-08-26 07:09:01,995 - easytorch-training - INFO - Start validation.
2025-08-26 07:09:02,594 - easytorch-training - INFO - Result <val>: [val/time: 0.60 (s), val/loss: 0.3609, val/MAE: 0.3609, val/MSE: 0.2948]
2025-08-26 07:09:03,186 - easytorch-training - INFO - Result <test>: [test/time: 0.59 (s), test/loss: 0.4169, test/MAE: 0.4169, test/MSE: 0.4048]
2025-08-26 07:09:03,220 - easytorch-training - INFO - Checkpoint checkpoints/PatchTST/ETTh2_100_336_192/b6603a4d0c0169e91e8ba9d50610c49a/PatchTST_009.pt saved
2025-08-26 07:09:03,221 - easytorch-training - INFO - The estimated training finish time is 2025-08-26 07:19:46
2025-08-26 07:09:03,221 - easytorch-training - INFO - Epoch 10 / 100
2025-08-26 07:09:08,707 - easytorch-training - INFO - Result <train>: [train/time: 5.49 (s), train/lr: 1.00e-04, train/loss: 0.3508, train/MAE: 0.3508, train/MSE: 0.4072]
2025-08-26 07:09:08,708 - easytorch-training - INFO - Start validation.
2025-08-26 07:09:09,305 - easytorch-training - INFO - Result <val>: [val/time: 0.60 (s), val/loss: 0.3604, val/MAE: 0.3604, val/MSE: 0.2938]
2025-08-26 07:09:09,888 - easytorch-training - INFO - Result <test>: [test/time: 0.58 (s), test/loss: 0.4166, test/MAE: 0.4166, test/MSE: 0.4040]
2025-08-26 07:09:09,919 - easytorch-training - INFO - Checkpoint checkpoints/PatchTST/ETTh2_100_336_192/b6603a4d0c0169e91e8ba9d50610c49a/PatchTST_010.pt saved
2025-08-26 07:09:09,931 - easytorch-training - INFO - The estimated training finish time is 2025-08-26 07:19:42
2025-08-26 07:09:09,931 - easytorch-training - INFO - Epoch 11 / 100
2025-08-26 07:09:15,472 - easytorch-training - INFO - Result <train>: [train/time: 5.54 (s), train/lr: 1.00e-04, train/loss: 0.3478, train/MAE: 0.3478, train/MSE: 0.4018]
2025-08-26 07:09:15,474 - easytorch-training - INFO - Start validation.
2025-08-26 07:09:16,074 - easytorch-training - INFO - Result <val>: [val/time: 0.60 (s), val/loss: 0.3601, val/MAE: 0.3601, val/MSE: 0.2917]
2025-08-26 07:09:16,657 - easytorch-training - INFO - Result <test>: [test/time: 0.58 (s), test/loss: 0.4134, test/MAE: 0.4134, test/MSE: 0.3989]
2025-08-26 07:09:16,690 - easytorch-training - INFO - Checkpoint checkpoints/PatchTST/ETTh2_100_336_192/b6603a4d0c0169e91e8ba9d50610c49a/PatchTST_011.pt saved
2025-08-26 07:09:16,690 - easytorch-training - INFO - The estimated training finish time is 2025-08-26 07:19:40
2025-08-26 07:09:16,690 - easytorch-training - INFO - Epoch 12 / 100
2025-08-26 07:09:22,189 - easytorch-training - INFO - Result <train>: [train/time: 5.50 (s), train/lr: 1.00e-04, train/loss: 0.3452, train/MAE: 0.3452, train/MSE: 0.3971]
2025-08-26 07:09:22,190 - easytorch-training - INFO - Start validation.
2025-08-26 07:09:22,790 - easytorch-training - INFO - Result <val>: [val/time: 0.60 (s), val/loss: 0.3628, val/MAE: 0.3628, val/MSE: 0.2964]
2025-08-26 07:09:23,383 - easytorch-training - INFO - Result <test>: [test/time: 0.59 (s), test/loss: 0.4151, test/MAE: 0.4151, test/MSE: 0.4012]
2025-08-26 07:09:23,414 - easytorch-training - INFO - Checkpoint checkpoints/PatchTST/ETTh2_100_336_192/b6603a4d0c0169e91e8ba9d50610c49a/PatchTST_012.pt saved
2025-08-26 07:09:23,414 - easytorch-training - INFO - The estimated training finish time is 2025-08-26 07:19:37
2025-08-26 07:09:23,414 - easytorch-training - INFO - Epoch 13 / 100
2025-08-26 07:09:28,862 - easytorch-training - INFO - Result <train>: [train/time: 5.45 (s), train/lr: 1.00e-04, train/loss: 0.3430, train/MAE: 0.3430, train/MSE: 0.3919]
2025-08-26 07:09:28,863 - easytorch-training - INFO - Start validation.
2025-08-26 07:09:29,472 - easytorch-training - INFO - Result <val>: [val/time: 0.61 (s), val/loss: 0.3641, val/MAE: 0.3641, val/MSE: 0.2977]
2025-08-26 07:09:30,064 - easytorch-training - INFO - Result <test>: [test/time: 0.59 (s), test/loss: 0.4135, test/MAE: 0.4135, test/MSE: 0.3985]
2025-08-26 07:09:30,098 - easytorch-training - INFO - Checkpoint checkpoints/PatchTST/ETTh2_100_336_192/b6603a4d0c0169e91e8ba9d50610c49a/PatchTST_013.pt saved
2025-08-26 07:09:30,098 - easytorch-training - INFO - The estimated training finish time is 2025-08-26 07:19:35
2025-08-26 07:09:30,098 - easytorch-training - INFO - Epoch 14 / 100
2025-08-26 07:09:35,561 - easytorch-training - INFO - Result <train>: [train/time: 5.46 (s), train/lr: 1.00e-04, train/loss: 0.3416, train/MAE: 0.3416, train/MSE: 0.3893]
2025-08-26 07:09:35,562 - easytorch-training - INFO - Start validation.
2025-08-26 07:09:36,172 - easytorch-training - INFO - Result <val>: [val/time: 0.61 (s), val/loss: 0.3638, val/MAE: 0.3638, val/MSE: 0.3016]
2025-08-26 07:09:36,759 - easytorch-training - INFO - Result <test>: [test/time: 0.59 (s), test/loss: 0.4177, test/MAE: 0.4177, test/MSE: 0.4092]
2025-08-26 07:09:36,789 - easytorch-training - INFO - Checkpoint checkpoints/PatchTST/ETTh2_100_336_192/b6603a4d0c0169e91e8ba9d50610c49a/PatchTST_014.pt saved
2025-08-26 07:09:36,790 - easytorch-training - INFO - The estimated training finish time is 2025-08-26 07:19:33
2025-08-26 07:09:36,790 - easytorch-training - INFO - Epoch 15 / 100
2025-08-26 07:09:42,251 - easytorch-training - INFO - Result <train>: [train/time: 5.46 (s), train/lr: 1.00e-04, train/loss: 0.3390, train/MAE: 0.3390, train/MSE: 0.3843]
2025-08-26 07:09:42,252 - easytorch-training - INFO - Start validation.
2025-08-26 07:09:42,869 - easytorch-training - INFO - Result <val>: [val/time: 0.62 (s), val/loss: 0.3612, val/MAE: 0.3612, val/MSE: 0.2958]
2025-08-26 07:09:43,463 - easytorch-training - INFO - Result <test>: [test/time: 0.59 (s), test/loss: 0.4164, test/MAE: 0.4164, test/MSE: 0.4054]
2025-08-26 07:09:43,495 - easytorch-training - INFO - Checkpoint checkpoints/PatchTST/ETTh2_100_336_192/b6603a4d0c0169e91e8ba9d50610c49a/PatchTST_015.pt saved
2025-08-26 07:09:43,495 - easytorch-training - INFO - The estimated training finish time is 2025-08-26 07:19:31
2025-08-26 07:09:43,495 - easytorch-training - INFO - Epoch 16 / 100
2025-08-26 07:09:48,912 - easytorch-training - INFO - Result <train>: [train/time: 5.42 (s), train/lr: 1.00e-04, train/loss: 0.3372, train/MAE: 0.3372, train/MSE: 0.3811]
2025-08-26 07:09:48,913 - easytorch-training - INFO - Start validation.
2025-08-26 07:09:49,511 - easytorch-training - INFO - Result <val>: [val/time: 0.60 (s), val/loss: 0.3625, val/MAE: 0.3625, val/MSE: 0.2964]
2025-08-26 07:09:50,096 - easytorch-training - INFO - Result <test>: [test/time: 0.58 (s), test/loss: 0.4130, test/MAE: 0.4130, test/MSE: 0.3974]
2025-08-26 07:09:50,127 - easytorch-training - INFO - Checkpoint checkpoints/PatchTST/ETTh2_100_336_192/b6603a4d0c0169e91e8ba9d50610c49a/PatchTST_016.pt saved
2025-08-26 07:09:50,127 - easytorch-training - INFO - The estimated training finish time is 2025-08-26 07:19:30
2025-08-26 07:09:50,128 - easytorch-training - INFO - Epoch 17 / 100
2025-08-26 07:09:55,556 - easytorch-training - INFO - Result <train>: [train/time: 5.43 (s), train/lr: 1.00e-04, train/loss: 0.3350, train/MAE: 0.3350, train/MSE: 0.3765]
2025-08-26 07:09:55,557 - easytorch-training - INFO - Start validation.
2025-08-26 07:09:56,163 - easytorch-training - INFO - Result <val>: [val/time: 0.61 (s), val/loss: 0.3673, val/MAE: 0.3673, val/MSE: 0.3028]
2025-08-26 07:09:56,754 - easytorch-training - INFO - Result <test>: [test/time: 0.59 (s), test/loss: 0.4151, test/MAE: 0.4151, test/MSE: 0.4000]
2025-08-26 07:09:56,786 - easytorch-training - INFO - Checkpoint checkpoints/PatchTST/ETTh2_100_336_192/b6603a4d0c0169e91e8ba9d50610c49a/PatchTST_017.pt saved
2025-08-26 07:09:56,786 - easytorch-training - INFO - The estimated training finish time is 2025-08-26 07:19:28
2025-08-26 07:09:56,786 - easytorch-training - INFO - Epoch 18 / 100
2025-08-26 07:10:02,217 - easytorch-training - INFO - Result <train>: [train/time: 5.43 (s), train/lr: 1.00e-04, train/loss: 0.3335, train/MAE: 0.3335, train/MSE: 0.3738]
2025-08-26 07:10:02,218 - easytorch-training - INFO - Start validation.
2025-08-26 07:10:02,828 - easytorch-training - INFO - Result <val>: [val/time: 0.61 (s), val/loss: 0.3639, val/MAE: 0.3639, val/MSE: 0.2976]
2025-08-26 07:10:03,433 - easytorch-training - INFO - Result <test>: [test/time: 0.60 (s), test/loss: 0.4156, test/MAE: 0.4156, test/MSE: 0.4006]
2025-08-26 07:10:03,465 - easytorch-training - INFO - Checkpoint checkpoints/PatchTST/ETTh2_100_336_192/b6603a4d0c0169e91e8ba9d50610c49a/PatchTST_018.pt saved
2025-08-26 07:10:03,465 - easytorch-training - INFO - The estimated training finish time is 2025-08-26 07:19:27
2025-08-26 07:10:03,465 - easytorch-training - INFO - Epoch 19 / 100
2025-08-26 07:10:08,976 - easytorch-training - INFO - Result <train>: [train/time: 5.51 (s), train/lr: 1.00e-04, train/loss: 0.3315, train/MAE: 0.3315, train/MSE: 0.3696]
2025-08-26 07:10:08,977 - easytorch-training - INFO - Start validation.
2025-08-26 07:10:09,565 - easytorch-training - INFO - Result <val>: [val/time: 0.59 (s), val/loss: 0.3636, val/MAE: 0.3636, val/MSE: 0.2979]
2025-08-26 07:10:10,148 - easytorch-training - INFO - Result <test>: [test/time: 0.58 (s), test/loss: 0.4161, test/MAE: 0.4161, test/MSE: 0.4038]
2025-08-26 07:10:10,178 - easytorch-training - INFO - Checkpoint checkpoints/PatchTST/ETTh2_100_336_192/b6603a4d0c0169e91e8ba9d50610c49a/PatchTST_019.pt saved
2025-08-26 07:10:10,179 - easytorch-training - INFO - The estimated training finish time is 2025-08-26 07:19:26
2025-08-26 07:10:10,179 - easytorch-training - INFO - Epoch 20 / 100
2025-08-26 07:10:15,654 - easytorch-training - INFO - Result <train>: [train/time: 5.48 (s), train/lr: 1.00e-04, train/loss: 0.3302, train/MAE: 0.3302, train/MSE: 0.3665]
2025-08-26 07:10:15,655 - easytorch-training - INFO - Start validation.
2025-08-26 07:10:16,266 - easytorch-training - INFO - Result <val>: [val/time: 0.61 (s), val/loss: 0.3637, val/MAE: 0.3637, val/MSE: 0.2981]
2025-08-26 07:10:16,874 - easytorch-training - INFO - Result <test>: [test/time: 0.61 (s), test/loss: 0.4156, test/MAE: 0.4156, test/MSE: 0.4029]
2025-08-26 07:10:16,906 - easytorch-training - INFO - Checkpoint checkpoints/PatchTST/ETTh2_100_336_192/b6603a4d0c0169e91e8ba9d50610c49a/PatchTST_020.pt saved
2025-08-26 07:10:16,919 - easytorch-training - INFO - The estimated training finish time is 2025-08-26 07:19:26
2025-08-26 07:10:16,919 - easytorch-training - INFO - Epoch 21 / 100
2025-08-26 07:10:22,450 - easytorch-training - INFO - Result <train>: [train/time: 5.53 (s), train/lr: 1.00e-04, train/loss: 0.3284, train/MAE: 0.3284, train/MSE: 0.3627]
2025-08-26 07:10:22,451 - easytorch-training - INFO - Start validation.
2025-08-26 07:10:23,069 - easytorch-training - INFO - Result <val>: [val/time: 0.62 (s), val/loss: 0.3716, val/MAE: 0.3716, val/MSE: 0.3084]
2025-08-26 07:10:23,681 - easytorch-training - INFO - Result <test>: [test/time: 0.61 (s), test/loss: 0.4188, test/MAE: 0.4188, test/MSE: 0.4062]
2025-08-26 07:10:23,713 - easytorch-training - INFO - Checkpoint checkpoints/PatchTST/ETTh2_100_336_192/b6603a4d0c0169e91e8ba9d50610c49a/PatchTST_021.pt saved
2025-08-26 07:10:23,713 - easytorch-training - INFO - The estimated training finish time is 2025-08-26 07:19:25
2025-08-26 07:10:23,713 - easytorch-training - INFO - Epoch 22 / 100
2025-08-26 07:10:29,143 - easytorch-training - INFO - Result <train>: [train/time: 5.43 (s), train/lr: 1.00e-04, train/loss: 0.3269, train/MAE: 0.3269, train/MSE: 0.3599]
2025-08-26 07:10:29,144 - easytorch-training - INFO - Start validation.
2025-08-26 07:10:29,745 - easytorch-training - INFO - Result <val>: [val/time: 0.60 (s), val/loss: 0.3665, val/MAE: 0.3665, val/MSE: 0.3027]
2025-08-26 07:10:30,337 - easytorch-training - INFO - Result <test>: [test/time: 0.59 (s), test/loss: 0.4196, test/MAE: 0.4196, test/MSE: 0.4118]
2025-08-26 07:10:30,368 - easytorch-training - INFO - Checkpoint checkpoints/PatchTST/ETTh2_100_336_192/b6603a4d0c0169e91e8ba9d50610c49a/PatchTST_022.pt saved
2025-08-26 07:10:30,368 - easytorch-training - INFO - The estimated training finish time is 2025-08-26 07:19:24
2025-08-26 07:10:30,368 - easytorch-training - INFO - Epoch 23 / 100
2025-08-26 07:10:35,779 - easytorch-training - INFO - Result <train>: [train/time: 5.41 (s), train/lr: 1.00e-04, train/loss: 0.3253, train/MAE: 0.3253, train/MSE: 0.3570]
2025-08-26 07:10:35,780 - easytorch-training - INFO - Start validation.
2025-08-26 07:10:36,371 - easytorch-training - INFO - Result <val>: [val/time: 0.59 (s), val/loss: 0.3664, val/MAE: 0.3664, val/MSE: 0.3025]
2025-08-26 07:10:36,961 - easytorch-training - INFO - Result <test>: [test/time: 0.59 (s), test/loss: 0.4209, test/MAE: 0.4209, test/MSE: 0.4127]
2025-08-26 07:10:36,993 - easytorch-training - INFO - Checkpoint checkpoints/PatchTST/ETTh2_100_336_192/b6603a4d0c0169e91e8ba9d50610c49a/PatchTST_023.pt saved
2025-08-26 07:10:36,993 - easytorch-training - INFO - The estimated training finish time is 2025-08-26 07:19:23
2025-08-26 07:10:36,993 - easytorch-training - INFO - Epoch 24 / 100
2025-08-26 07:10:42,400 - easytorch-training - INFO - Result <train>: [train/time: 5.41 (s), train/lr: 1.00e-04, train/loss: 0.3236, train/MAE: 0.3236, train/MSE: 0.3539]
2025-08-26 07:10:42,401 - easytorch-training - INFO - Start validation.
2025-08-26 07:10:42,997 - easytorch-training - INFO - Result <val>: [val/time: 0.60 (s), val/loss: 0.3689, val/MAE: 0.3689, val/MSE: 0.3051]
2025-08-26 07:10:43,577 - easytorch-training - INFO - Result <test>: [test/time: 0.58 (s), test/loss: 0.4198, test/MAE: 0.4198, test/MSE: 0.4098]
2025-08-26 07:10:43,608 - easytorch-training - INFO - Checkpoint checkpoints/PatchTST/ETTh2_100_336_192/b6603a4d0c0169e91e8ba9d50610c49a/PatchTST_024.pt saved
2025-08-26 07:10:43,608 - easytorch-training - INFO - The estimated training finish time is 2025-08-26 07:19:22
2025-08-26 07:10:43,609 - easytorch-training - INFO - Epoch 25 / 100
2025-08-26 07:10:49,075 - easytorch-training - INFO - Result <train>: [train/time: 5.47 (s), train/lr: 1.00e-04, train/loss: 0.3234, train/MAE: 0.3234, train/MSE: 0.3525]
2025-08-26 07:10:49,076 - easytorch-training - INFO - Start validation.
2025-08-26 07:10:49,666 - easytorch-training - INFO - Result <val>: [val/time: 0.59 (s), val/loss: 0.3670, val/MAE: 0.3670, val/MSE: 0.3041]
2025-08-26 07:10:50,255 - easytorch-training - INFO - Result <test>: [test/time: 0.59 (s), test/loss: 0.4202, test/MAE: 0.4202, test/MSE: 0.4115]
2025-08-26 07:10:50,285 - easytorch-training - INFO - Checkpoint checkpoints/PatchTST/ETTh2_100_336_192/b6603a4d0c0169e91e8ba9d50610c49a/PatchTST_025.pt saved
2025-08-26 07:10:50,286 - easytorch-training - INFO - The estimated training finish time is 2025-08-26 07:19:22
2025-08-26 07:10:50,286 - easytorch-training - INFO - Epoch 26 / 100
2025-08-26 07:10:55,744 - easytorch-training - INFO - Result <train>: [train/time: 5.46 (s), train/lr: 5.00e-05, train/loss: 0.3191, train/MAE: 0.3191, train/MSE: 0.3479]
2025-08-26 07:10:55,745 - easytorch-training - INFO - Start validation.
2025-08-26 07:10:56,339 - easytorch-training - INFO - Result <val>: [val/time: 0.59 (s), val/loss: 0.3673, val/MAE: 0.3673, val/MSE: 0.3024]
2025-08-26 07:10:56,929 - easytorch-training - INFO - Result <test>: [test/time: 0.59 (s), test/loss: 0.4170, test/MAE: 0.4170, test/MSE: 0.4045]
2025-08-26 07:10:56,960 - easytorch-training - INFO - Checkpoint checkpoints/PatchTST/ETTh2_100_336_192/b6603a4d0c0169e91e8ba9d50610c49a/PatchTST_026.pt saved
2025-08-26 07:10:56,960 - easytorch-training - INFO - The estimated training finish time is 2025-08-26 07:19:21
2025-08-26 07:10:56,961 - easytorch-training - INFO - Epoch 27 / 100
2025-08-26 07:11:02,453 - easytorch-training - INFO - Result <train>: [train/time: 5.49 (s), train/lr: 5.00e-05, train/loss: 0.3181, train/MAE: 0.3181, train/MSE: 0.3451]
2025-08-26 07:11:02,454 - easytorch-training - INFO - Start validation.
2025-08-26 07:11:03,066 - easytorch-training - INFO - Result <val>: [val/time: 0.61 (s), val/loss: 0.3655, val/MAE: 0.3655, val/MSE: 0.3003]
2025-08-26 07:11:03,672 - easytorch-training - INFO - Result <test>: [test/time: 0.60 (s), test/loss: 0.4184, test/MAE: 0.4184, test/MSE: 0.4078]
2025-08-26 07:11:03,703 - easytorch-training - INFO - Checkpoint checkpoints/PatchTST/ETTh2_100_336_192/b6603a4d0c0169e91e8ba9d50610c49a/PatchTST_027.pt saved
2025-08-26 07:11:03,703 - easytorch-training - INFO - The estimated training finish time is 2025-08-26 07:19:21
2025-08-26 07:11:03,703 - easytorch-training - INFO - Epoch 28 / 100
2025-08-26 07:13:54,305 - easytorch-training - INFO - Result <train>: [train/time: 170.60 (s), train/lr: 5.00e-05, train/loss: 0.3178, train/MAE: 0.3178, train/MSE: 0.3449]
2025-08-26 07:13:54,307 - easytorch-training - INFO - Start validation.
2025-08-26 07:13:54,916 - easytorch-training - INFO - Result <val>: [val/time: 0.61 (s), val/loss: 0.3688, val/MAE: 0.3688, val/MSE: 0.3054]
2025-08-26 07:13:55,515 - easytorch-training - INFO - Result <test>: [test/time: 0.60 (s), test/loss: 0.4197, test/MAE: 0.4197, test/MSE: 0.4096]
2025-08-26 07:13:55,547 - easytorch-training - INFO - Checkpoint checkpoints/PatchTST/ETTh2_100_336_192/b6603a4d0c0169e91e8ba9d50610c49a/PatchTST_028.pt saved
2025-08-26 07:13:55,547 - easytorch-training - INFO - The estimated training finish time is 2025-08-26 07:29:10
2025-08-26 07:13:55,548 - easytorch-training - INFO - Epoch 29 / 100
2025-08-26 07:14:01,023 - easytorch-training - INFO - Result <train>: [train/time: 5.48 (s), train/lr: 5.00e-05, train/loss: 0.3172, train/MAE: 0.3172, train/MSE: 0.3432]
2025-08-26 07:14:01,024 - easytorch-training - INFO - Start validation.
2025-08-26 07:14:01,613 - easytorch-training - INFO - Result <val>: [val/time: 0.59 (s), val/loss: 0.3687, val/MAE: 0.3687, val/MSE: 0.3076]
2025-08-26 07:14:02,198 - easytorch-training - INFO - Result <test>: [test/time: 0.58 (s), test/loss: 0.4210, test/MAE: 0.4210, test/MSE: 0.4149]
2025-08-26 07:14:02,233 - easytorch-training - INFO - Checkpoint checkpoints/PatchTST/ETTh2_100_336_192/b6603a4d0c0169e91e8ba9d50610c49a/PatchTST_029.pt saved
2025-08-26 07:14:02,234 - easytorch-training - INFO - The estimated training finish time is 2025-08-26 07:28:49
2025-08-26 07:14:02,234 - easytorch-training - INFO - Epoch 30 / 100
2025-08-26 07:14:07,764 - easytorch-training - INFO - Result <train>: [train/time: 5.53 (s), train/lr: 5.00e-05, train/loss: 0.3166, train/MAE: 0.3166, train/MSE: 0.3421]
2025-08-26 07:14:07,765 - easytorch-training - INFO - Start validation.
2025-08-26 07:14:08,370 - easytorch-training - INFO - Result <val>: [val/time: 0.60 (s), val/loss: 0.3671, val/MAE: 0.3671, val/MSE: 0.3019]
2025-08-26 07:14:08,971 - easytorch-training - INFO - Result <test>: [test/time: 0.60 (s), test/loss: 0.4182, test/MAE: 0.4182, test/MSE: 0.4085]
2025-08-26 07:14:09,004 - easytorch-training - INFO - Checkpoint checkpoints/PatchTST/ETTh2_100_336_192/b6603a4d0c0169e91e8ba9d50610c49a/PatchTST_030.pt saved
2025-08-26 07:14:09,018 - easytorch-training - INFO - The estimated training finish time is 2025-08-26 07:28:30
2025-08-26 07:14:09,018 - easytorch-training - INFO - Epoch 31 / 100
2025-08-26 07:14:14,564 - easytorch-training - INFO - Result <train>: [train/time: 5.55 (s), train/lr: 5.00e-05, train/loss: 0.3155, train/MAE: 0.3155, train/MSE: 0.3401]
2025-08-26 07:14:14,565 - easytorch-training - INFO - Start validation.
2025-08-26 07:14:15,186 - easytorch-training - INFO - Result <val>: [val/time: 0.62 (s), val/loss: 0.3689, val/MAE: 0.3689, val/MSE: 0.3047]
2025-08-26 07:14:15,821 - easytorch-training - INFO - Result <test>: [test/time: 0.63 (s), test/loss: 0.4182, test/MAE: 0.4182, test/MSE: 0.4085]
2025-08-26 07:14:15,853 - easytorch-training - INFO - Checkpoint checkpoints/PatchTST/ETTh2_100_336_192/b6603a4d0c0169e91e8ba9d50610c49a/PatchTST_031.pt saved
2025-08-26 07:14:15,853 - easytorch-training - INFO - The estimated training finish time is 2025-08-26 07:28:13
2025-08-26 07:14:15,853 - easytorch-training - INFO - Epoch 32 / 100
2025-08-26 07:14:21,383 - easytorch-training - INFO - Result <train>: [train/time: 5.53 (s), train/lr: 5.00e-05, train/loss: 0.3154, train/MAE: 0.3154, train/MSE: 0.3402]
2025-08-26 07:14:21,384 - easytorch-training - INFO - Start validation.
2025-08-26 07:14:22,000 - easytorch-training - INFO - Result <val>: [val/time: 0.62 (s), val/loss: 0.3667, val/MAE: 0.3667, val/MSE: 0.3020]
2025-08-26 07:14:22,611 - easytorch-training - INFO - Result <test>: [test/time: 0.61 (s), test/loss: 0.4193, test/MAE: 0.4193, test/MSE: 0.4106]
2025-08-26 07:14:22,645 - easytorch-training - INFO - Checkpoint checkpoints/PatchTST/ETTh2_100_336_192/b6603a4d0c0169e91e8ba9d50610c49a/PatchTST_032.pt saved
2025-08-26 07:14:22,645 - easytorch-training - INFO - The estimated training finish time is 2025-08-26 07:27:56
2025-08-26 07:14:22,645 - easytorch-training - INFO - Epoch 33 / 100
2025-08-26 07:14:28,164 - easytorch-training - INFO - Result <train>: [train/time: 5.52 (s), train/lr: 5.00e-05, train/loss: 0.3147, train/MAE: 0.3147, train/MSE: 0.3388]
2025-08-26 07:14:28,165 - easytorch-training - INFO - Start validation.
2025-08-26 07:14:28,803 - easytorch-training - INFO - Result <val>: [val/time: 0.64 (s), val/loss: 0.3679, val/MAE: 0.3679, val/MSE: 0.3035]
2025-08-26 07:14:29,441 - easytorch-training - INFO - Result <test>: [test/time: 0.64 (s), test/loss: 0.4182, test/MAE: 0.4182, test/MSE: 0.4070]
2025-08-26 07:14:29,473 - easytorch-training - INFO - Checkpoint checkpoints/PatchTST/ETTh2_100_336_192/b6603a4d0c0169e91e8ba9d50610c49a/PatchTST_033.pt saved
2025-08-26 07:14:29,473 - easytorch-training - INFO - The estimated training finish time is 2025-08-26 07:27:40
2025-08-26 07:14:29,473 - easytorch-training - INFO - Epoch 34 / 100
2025-08-26 07:14:34,950 - easytorch-training - INFO - Result <train>: [train/time: 5.48 (s), train/lr: 5.00e-05, train/loss: 0.3144, train/MAE: 0.3144, train/MSE: 0.3386]
2025-08-26 07:14:34,950 - easytorch-training - INFO - Start validation.
2025-08-26 07:14:35,570 - easytorch-training - INFO - Result <val>: [val/time: 0.62 (s), val/loss: 0.3660, val/MAE: 0.3660, val/MSE: 0.3005]
2025-08-26 07:14:36,185 - easytorch-training - INFO - Result <test>: [test/time: 0.61 (s), test/loss: 0.4175, test/MAE: 0.4175, test/MSE: 0.4073]
2025-08-26 07:14:36,219 - easytorch-training - INFO - Checkpoint checkpoints/PatchTST/ETTh2_100_336_192/b6603a4d0c0169e91e8ba9d50610c49a/PatchTST_034.pt saved
2025-08-26 07:14:36,219 - easytorch-training - INFO - The estimated training finish time is 2025-08-26 07:27:26
2025-08-26 07:14:36,219 - easytorch-training - INFO - Epoch 35 / 100
2025-08-26 07:14:41,692 - easytorch-training - INFO - Result <train>: [train/time: 5.47 (s), train/lr: 5.00e-05, train/loss: 0.3133, train/MAE: 0.3133, train/MSE: 0.3364]
2025-08-26 07:14:41,693 - easytorch-training - INFO - Start validation.
2025-08-26 07:14:42,291 - easytorch-training - INFO - Result <val>: [val/time: 0.60 (s), val/loss: 0.3655, val/MAE: 0.3655, val/MSE: 0.3009]
2025-08-26 07:14:42,882 - easytorch-training - INFO - Result <test>: [test/time: 0.59 (s), test/loss: 0.4197, test/MAE: 0.4197, test/MSE: 0.4098]
2025-08-26 07:14:42,916 - easytorch-training - INFO - Checkpoint checkpoints/PatchTST/ETTh2_100_336_192/b6603a4d0c0169e91e8ba9d50610c49a/PatchTST_035.pt saved
2025-08-26 07:14:42,917 - easytorch-training - INFO - The estimated training finish time is 2025-08-26 07:27:11
2025-08-26 07:14:42,917 - easytorch-training - INFO - Epoch 36 / 100
2025-08-26 07:14:48,453 - easytorch-training - INFO - Result <train>: [train/time: 5.54 (s), train/lr: 5.00e-05, train/loss: 0.3130, train/MAE: 0.3130, train/MSE: 0.3357]
2025-08-26 07:14:48,454 - easytorch-training - INFO - Start validation.
2025-08-26 07:14:49,064 - easytorch-training - INFO - Result <val>: [val/time: 0.61 (s), val/loss: 0.3677, val/MAE: 0.3677, val/MSE: 0.3026]
2025-08-26 07:14:49,672 - easytorch-training - INFO - Result <test>: [test/time: 0.61 (s), test/loss: 0.4189, test/MAE: 0.4189, test/MSE: 0.4083]
2025-08-26 07:14:49,704 - easytorch-training - INFO - Checkpoint checkpoints/PatchTST/ETTh2_100_336_192/b6603a4d0c0169e91e8ba9d50610c49a/PatchTST_036.pt saved
2025-08-26 07:14:49,704 - easytorch-training - INFO - The estimated training finish time is 2025-08-26 07:26:58
2025-08-26 07:14:49,704 - easytorch-training - INFO - Epoch 37 / 100
2025-08-26 07:14:55,231 - easytorch-training - INFO - Result <train>: [train/time: 5.53 (s), train/lr: 5.00e-05, train/loss: 0.3123, train/MAE: 0.3123, train/MSE: 0.3343]
2025-08-26 07:14:55,233 - easytorch-training - INFO - Start validation.
2025-08-26 07:14:55,842 - easytorch-training - INFO - Result <val>: [val/time: 0.61 (s), val/loss: 0.3657, val/MAE: 0.3657, val/MSE: 0.2998]
2025-08-26 07:14:56,454 - easytorch-training - INFO - Result <test>: [test/time: 0.61 (s), test/loss: 0.4195, test/MAE: 0.4195, test/MSE: 0.4085]
2025-08-26 07:14:56,486 - easytorch-training - INFO - Checkpoint checkpoints/PatchTST/ETTh2_100_336_192/b6603a4d0c0169e91e8ba9d50610c49a/PatchTST_037.pt saved
2025-08-26 07:14:56,487 - easytorch-training - INFO - The estimated training finish time is 2025-08-26 07:26:46
2025-08-26 07:14:56,487 - easytorch-training - INFO - Epoch 38 / 100
2025-08-26 07:15:01,973 - easytorch-training - INFO - Result <train>: [train/time: 5.49 (s), train/lr: 5.00e-05, train/loss: 0.3116, train/MAE: 0.3116, train/MSE: 0.3327]
2025-08-26 07:15:01,974 - easytorch-training - INFO - Start validation.
2025-08-26 07:15:02,589 - easytorch-training - INFO - Result <val>: [val/time: 0.62 (s), val/loss: 0.3682, val/MAE: 0.3682, val/MSE: 0.3042]
2025-08-26 07:15:03,200 - easytorch-training - INFO - Result <test>: [test/time: 0.61 (s), test/loss: 0.4213, test/MAE: 0.4213, test/MSE: 0.4119]
2025-08-26 07:15:03,236 - easytorch-training - INFO - Checkpoint checkpoints/PatchTST/ETTh2_100_336_192/b6603a4d0c0169e91e8ba9d50610c49a/PatchTST_038.pt saved
2025-08-26 07:15:03,236 - easytorch-training - INFO - The estimated training finish time is 2025-08-26 07:26:34
2025-08-26 07:15:03,237 - easytorch-training - INFO - Epoch 39 / 100
2025-08-26 07:15:08,776 - easytorch-training - INFO - Result <train>: [train/time: 5.54 (s), train/lr: 5.00e-05, train/loss: 0.3115, train/MAE: 0.3115, train/MSE: 0.3326]
2025-08-26 07:15:08,777 - easytorch-training - INFO - Start validation.
2025-08-26 07:15:09,382 - easytorch-training - INFO - Result <val>: [val/time: 0.60 (s), val/loss: 0.3681, val/MAE: 0.3681, val/MSE: 0.3038]
2025-08-26 07:15:09,963 - easytorch-training - INFO - Result <test>: [test/time: 0.58 (s), test/loss: 0.4201, test/MAE: 0.4201, test/MSE: 0.4087]
2025-08-26 07:15:09,994 - easytorch-training - INFO - Checkpoint checkpoints/PatchTST/ETTh2_100_336_192/b6603a4d0c0169e91e8ba9d50610c49a/PatchTST_039.pt saved
2025-08-26 07:15:09,994 - easytorch-training - INFO - The estimated training finish time is 2025-08-26 07:26:23
2025-08-26 07:15:09,994 - easytorch-training - INFO - Epoch 40 / 100
2025-08-26 07:15:15,452 - easytorch-training - INFO - Result <train>: [train/time: 5.46 (s), train/lr: 5.00e-05, train/loss: 0.3108, train/MAE: 0.3108, train/MSE: 0.3319]
2025-08-26 07:15:15,453 - easytorch-training - INFO - Start validation.
2025-08-26 07:15:16,061 - easytorch-training - INFO - Result <val>: [val/time: 0.61 (s), val/loss: 0.3672, val/MAE: 0.3672, val/MSE: 0.3008]
2025-08-26 07:15:16,657 - easytorch-training - INFO - Result <test>: [test/time: 0.59 (s), test/loss: 0.4195, test/MAE: 0.4195, test/MSE: 0.4071]
2025-08-26 07:15:16,693 - easytorch-training - INFO - Checkpoint checkpoints/PatchTST/ETTh2_100_336_192/b6603a4d0c0169e91e8ba9d50610c49a/PatchTST_040.pt saved
2025-08-26 07:15:16,709 - easytorch-training - INFO - The estimated training finish time is 2025-08-26 07:26:12
2025-08-26 07:15:16,709 - easytorch-training - INFO - Epoch 41 / 100
2025-08-26 07:15:22,121 - easytorch-training - INFO - Result <train>: [train/time: 5.41 (s), train/lr: 5.00e-05, train/loss: 0.3103, train/MAE: 0.3103, train/MSE: 0.3308]
2025-08-26 07:15:22,122 - easytorch-training - INFO - Start validation.
2025-08-26 07:15:22,729 - easytorch-training - INFO - Result <val>: [val/time: 0.61 (s), val/loss: 0.3679, val/MAE: 0.3679, val/MSE: 0.3036]
2025-08-26 07:15:23,323 - easytorch-training - INFO - Result <test>: [test/time: 0.59 (s), test/loss: 0.4204, test/MAE: 0.4204, test/MSE: 0.4110]
2025-08-26 07:15:23,358 - easytorch-training - INFO - Checkpoint checkpoints/PatchTST/ETTh2_100_336_192/b6603a4d0c0169e91e8ba9d50610c49a/PatchTST_041.pt saved
2025-08-26 07:15:23,359 - easytorch-training - INFO - The estimated training finish time is 2025-08-26 07:26:01
2025-08-26 07:15:23,359 - easytorch-training - INFO - Epoch 42 / 100
2025-08-26 07:15:28,778 - easytorch-training - INFO - Result <train>: [train/time: 5.42 (s), train/lr: 5.00e-05, train/loss: 0.3102, train/MAE: 0.3102, train/MSE: 0.3302]
2025-08-26 07:15:28,779 - easytorch-training - INFO - Start validation.
2025-08-26 07:15:29,379 - easytorch-training - INFO - Result <val>: [val/time: 0.60 (s), val/loss: 0.3695, val/MAE: 0.3695, val/MSE: 0.3059]
2025-08-26 07:15:29,973 - easytorch-training - INFO - Result <test>: [test/time: 0.59 (s), test/loss: 0.4201, test/MAE: 0.4201, test/MSE: 0.4100]
2025-08-26 07:15:30,008 - easytorch-training - INFO - Checkpoint checkpoints/PatchTST/ETTh2_100_336_192/b6603a4d0c0169e91e8ba9d50610c49a/PatchTST_042.pt saved
2025-08-26 07:15:30,008 - easytorch-training - INFO - The estimated training finish time is 2025-08-26 07:25:51
2025-08-26 07:15:30,008 - easytorch-training - INFO - Epoch 43 / 100
2025-08-26 07:15:35,485 - easytorch-training - INFO - Result <train>: [train/time: 5.48 (s), train/lr: 5.00e-05, train/loss: 0.3097, train/MAE: 0.3097, train/MSE: 0.3290]
2025-08-26 07:15:35,486 - easytorch-training - INFO - Start validation.
2025-08-26 07:15:36,090 - easytorch-training - INFO - Result <val>: [val/time: 0.60 (s), val/loss: 0.3671, val/MAE: 0.3671, val/MSE: 0.3028]
2025-08-26 07:15:36,687 - easytorch-training - INFO - Result <test>: [test/time: 0.60 (s), test/loss: 0.4201, test/MAE: 0.4201, test/MSE: 0.4103]
2025-08-26 07:15:36,720 - easytorch-training - INFO - Checkpoint checkpoints/PatchTST/ETTh2_100_336_192/b6603a4d0c0169e91e8ba9d50610c49a/PatchTST_043.pt saved
2025-08-26 07:15:36,720 - easytorch-training - INFO - The estimated training finish time is 2025-08-26 07:25:42
2025-08-26 07:15:36,720 - easytorch-training - INFO - Epoch 44 / 100
2025-08-26 07:15:42,150 - easytorch-training - INFO - Result <train>: [train/time: 5.43 (s), train/lr: 5.00e-05, train/loss: 0.3088, train/MAE: 0.3088, train/MSE: 0.3275]
2025-08-26 07:15:42,151 - easytorch-training - INFO - Start validation.
2025-08-26 07:15:42,748 - easytorch-training - INFO - Result <val>: [val/time: 0.60 (s), val/loss: 0.3672, val/MAE: 0.3672, val/MSE: 0.3034]
2025-08-26 07:15:43,341 - easytorch-training - INFO - Result <test>: [test/time: 0.59 (s), test/loss: 0.4211, test/MAE: 0.4211, test/MSE: 0.4119]
2025-08-26 07:15:43,375 - easytorch-training - INFO - Checkpoint checkpoints/PatchTST/ETTh2_100_336_192/b6603a4d0c0169e91e8ba9d50610c49a/PatchTST_044.pt saved
2025-08-26 07:15:43,375 - easytorch-training - INFO - The estimated training finish time is 2025-08-26 07:25:33
2025-08-26 07:15:43,375 - easytorch-training - INFO - Epoch 45 / 100
2025-08-26 07:15:48,833 - easytorch-training - INFO - Result <train>: [train/time: 5.46 (s), train/lr: 5.00e-05, train/loss: 0.3086, train/MAE: 0.3086, train/MSE: 0.3266]
2025-08-26 07:15:48,833 - easytorch-training - INFO - Start validation.
2025-08-26 07:15:49,460 - easytorch-training - INFO - Result <val>: [val/time: 0.63 (s), val/loss: 0.3689, val/MAE: 0.3689, val/MSE: 0.3047]
2025-08-26 07:15:50,054 - easytorch-training - INFO - Result <test>: [test/time: 0.59 (s), test/loss: 0.4205, test/MAE: 0.4205, test/MSE: 0.4112]
2025-08-26 07:15:50,086 - easytorch-training - INFO - Checkpoint checkpoints/PatchTST/ETTh2_100_336_192/b6603a4d0c0169e91e8ba9d50610c49a/PatchTST_045.pt saved
2025-08-26 07:15:50,087 - easytorch-training - INFO - The estimated training finish time is 2025-08-26 07:25:25
2025-08-26 07:15:50,087 - easytorch-training - INFO - Epoch 46 / 100
2025-08-26 07:15:55,541 - easytorch-training - INFO - Result <train>: [train/time: 5.45 (s), train/lr: 5.00e-05, train/loss: 0.3080, train/MAE: 0.3080, train/MSE: 0.3256]
2025-08-26 07:15:55,542 - easytorch-training - INFO - Start validation.
2025-08-26 07:15:56,145 - easytorch-training - INFO - Result <val>: [val/time: 0.60 (s), val/loss: 0.3685, val/MAE: 0.3685, val/MSE: 0.3044]
2025-08-26 07:15:56,729 - easytorch-training - INFO - Result <test>: [test/time: 0.58 (s), test/loss: 0.4211, test/MAE: 0.4211, test/MSE: 0.4116]
2025-08-26 07:15:56,761 - easytorch-training - INFO - Checkpoint checkpoints/PatchTST/ETTh2_100_336_192/b6603a4d0c0169e91e8ba9d50610c49a/PatchTST_046.pt saved
2025-08-26 07:15:56,761 - easytorch-training - INFO - The estimated training finish time is 2025-08-26 07:25:16
2025-08-26 07:15:56,761 - easytorch-training - INFO - Epoch 47 / 100
2025-08-26 07:16:02,192 - easytorch-training - INFO - Result <train>: [train/time: 5.43 (s), train/lr: 5.00e-05, train/loss: 0.3074, train/MAE: 0.3074, train/MSE: 0.3248]
2025-08-26 07:16:02,193 - easytorch-training - INFO - Start validation.
2025-08-26 07:16:02,817 - easytorch-training - INFO - Result <val>: [val/time: 0.62 (s), val/loss: 0.3682, val/MAE: 0.3682, val/MSE: 0.3047]
2025-08-26 07:16:03,453 - easytorch-training - INFO - Result <test>: [test/time: 0.63 (s), test/loss: 0.4206, test/MAE: 0.4206, test/MSE: 0.4112]
2025-08-26 07:16:03,488 - easytorch-training - INFO - Checkpoint checkpoints/PatchTST/ETTh2_100_336_192/b6603a4d0c0169e91e8ba9d50610c49a/PatchTST_047.pt saved
2025-08-26 07:16:03,488 - easytorch-training - INFO - The estimated training finish time is 2025-08-26 07:25:09
2025-08-26 07:16:03,488 - easytorch-training - INFO - Epoch 48 / 100
2025-08-26 07:16:08,964 - easytorch-training - INFO - Result <train>: [train/time: 5.48 (s), train/lr: 5.00e-05, train/loss: 0.3071, train/MAE: 0.3071, train/MSE: 0.3244]
2025-08-26 07:16:08,965 - easytorch-training - INFO - Start validation.
2025-08-26 07:16:09,586 - easytorch-training - INFO - Result <val>: [val/time: 0.62 (s), val/loss: 0.3721, val/MAE: 0.3721, val/MSE: 0.3089]
2025-08-26 07:16:10,201 - easytorch-training - INFO - Result <test>: [test/time: 0.61 (s), test/loss: 0.4188, test/MAE: 0.4188, test/MSE: 0.4065]
2025-08-26 07:16:10,234 - easytorch-training - INFO - Checkpoint checkpoints/PatchTST/ETTh2_100_336_192/b6603a4d0c0169e91e8ba9d50610c49a/PatchTST_048.pt saved
2025-08-26 07:16:10,234 - easytorch-training - INFO - The estimated training finish time is 2025-08-26 07:25:01
2025-08-26 07:16:10,234 - easytorch-training - INFO - Epoch 49 / 100
2025-08-26 07:16:15,769 - easytorch-training - INFO - Result <train>: [train/time: 5.53 (s), train/lr: 5.00e-05, train/loss: 0.3067, train/MAE: 0.3067, train/MSE: 0.3237]
2025-08-26 07:16:15,770 - easytorch-training - INFO - Start validation.
2025-08-26 07:16:16,389 - easytorch-training - INFO - Result <val>: [val/time: 0.62 (s), val/loss: 0.3694, val/MAE: 0.3694, val/MSE: 0.3054]
2025-08-26 07:16:16,988 - easytorch-training - INFO - Result <test>: [test/time: 0.60 (s), test/loss: 0.4209, test/MAE: 0.4209, test/MSE: 0.4107]
2025-08-26 07:16:17,019 - easytorch-training - INFO - Checkpoint checkpoints/PatchTST/ETTh2_100_336_192/b6603a4d0c0169e91e8ba9d50610c49a/PatchTST_049.pt saved
2025-08-26 07:16:17,019 - easytorch-training - INFO - The estimated training finish time is 2025-08-26 07:24:54
2025-08-26 07:16:17,019 - easytorch-training - INFO - Epoch 50 / 100
2025-08-26 07:16:22,478 - easytorch-training - INFO - Result <train>: [train/time: 5.46 (s), train/lr: 5.00e-05, train/loss: 0.3059, train/MAE: 0.3059, train/MSE: 0.3215]
2025-08-26 07:16:22,479 - easytorch-training - INFO - Start validation.
2025-08-26 07:16:23,088 - easytorch-training - INFO - Result <val>: [val/time: 0.61 (s), val/loss: 0.3685, val/MAE: 0.3685, val/MSE: 0.3047]
2025-08-26 07:16:23,688 - easytorch-training - INFO - Result <test>: [test/time: 0.60 (s), test/loss: 0.4205, test/MAE: 0.4205, test/MSE: 0.4099]
2025-08-26 07:16:23,721 - easytorch-training - INFO - Checkpoint checkpoints/PatchTST/ETTh2_100_336_192/b6603a4d0c0169e91e8ba9d50610c49a/PatchTST_050.pt saved
2025-08-26 07:16:23,735 - easytorch-training - INFO - The estimated training finish time is 2025-08-26 07:24:47
2025-08-26 07:16:23,735 - easytorch-training - INFO - Epoch 51 / 100
2025-08-26 07:16:29,250 - easytorch-training - INFO - Result <train>: [train/time: 5.52 (s), train/lr: 2.50e-05, train/loss: 0.3047, train/MAE: 0.3047, train/MSE: 0.3205]
2025-08-26 07:16:29,252 - easytorch-training - INFO - Start validation.
2025-08-26 07:16:29,864 - easytorch-training - INFO - Result <val>: [val/time: 0.61 (s), val/loss: 0.3678, val/MAE: 0.3678, val/MSE: 0.3044]
2025-08-26 07:16:30,449 - easytorch-training - INFO - Result <test>: [test/time: 0.58 (s), test/loss: 0.4218, test/MAE: 0.4218, test/MSE: 0.4142]
2025-08-26 07:16:30,481 - easytorch-training - INFO - Checkpoint checkpoints/PatchTST/ETTh2_100_336_192/b6603a4d0c0169e91e8ba9d50610c49a/PatchTST_051.pt saved
2025-08-26 07:16:30,481 - easytorch-training - INFO - The estimated training finish time is 2025-08-26 07:24:41
2025-08-26 07:16:30,481 - easytorch-training - INFO - Epoch 52 / 100
2025-08-26 07:16:35,924 - easytorch-training - INFO - Result <train>: [train/time: 5.44 (s), train/lr: 2.50e-05, train/loss: 0.3046, train/MAE: 0.3046, train/MSE: 0.3203]
2025-08-26 07:16:35,924 - easytorch-training - INFO - Start validation.
2025-08-26 07:16:36,520 - easytorch-training - INFO - Result <val>: [val/time: 0.60 (s), val/loss: 0.3685, val/MAE: 0.3685, val/MSE: 0.3044]
2025-08-26 07:16:37,110 - easytorch-training - INFO - Result <test>: [test/time: 0.59 (s), test/loss: 0.4203, test/MAE: 0.4203, test/MSE: 0.4106]
2025-08-26 07:16:37,143 - easytorch-training - INFO - Checkpoint checkpoints/PatchTST/ETTh2_100_336_192/b6603a4d0c0169e91e8ba9d50610c49a/PatchTST_052.pt saved
2025-08-26 07:16:37,143 - easytorch-training - INFO - The estimated training finish time is 2025-08-26 07:24:34
2025-08-26 07:16:37,143 - easytorch-training - INFO - Epoch 53 / 100
2025-08-26 07:16:42,677 - easytorch-training - INFO - Result <train>: [train/time: 5.53 (s), train/lr: 2.50e-05, train/loss: 0.3045, train/MAE: 0.3045, train/MSE: 0.3195]
2025-08-26 07:16:42,678 - easytorch-training - INFO - Start validation.
2025-08-26 07:16:43,290 - easytorch-training - INFO - Result <val>: [val/time: 0.61 (s), val/loss: 0.3703, val/MAE: 0.3703, val/MSE: 0.3068]
2025-08-26 07:16:43,871 - easytorch-training - INFO - Result <test>: [test/time: 0.58 (s), test/loss: 0.4196, test/MAE: 0.4196, test/MSE: 0.4085]
2025-08-26 07:16:43,902 - easytorch-training - INFO - Checkpoint checkpoints/PatchTST/ETTh2_100_336_192/b6603a4d0c0169e91e8ba9d50610c49a/PatchTST_053.pt saved
2025-08-26 07:16:43,902 - easytorch-training - INFO - The estimated training finish time is 2025-08-26 07:24:28
2025-08-26 07:16:43,902 - easytorch-training - INFO - Epoch 54 / 100
2025-08-26 07:16:49,343 - easytorch-training - INFO - Result <train>: [train/time: 5.44 (s), train/lr: 2.50e-05, train/loss: 0.3038, train/MAE: 0.3038, train/MSE: 0.3187]
2025-08-26 07:16:49,344 - easytorch-training - INFO - Start validation.
2025-08-26 07:16:49,959 - easytorch-training - INFO - Result <val>: [val/time: 0.62 (s), val/loss: 0.3693, val/MAE: 0.3693, val/MSE: 0.3061]
2025-08-26 07:16:50,569 - easytorch-training - INFO - Result <test>: [test/time: 0.61 (s), test/loss: 0.4215, test/MAE: 0.4215, test/MSE: 0.4126]
2025-08-26 07:16:50,601 - easytorch-training - INFO - Checkpoint checkpoints/PatchTST/ETTh2_100_336_192/b6603a4d0c0169e91e8ba9d50610c49a/PatchTST_054.pt saved
2025-08-26 07:16:50,601 - easytorch-training - INFO - The estimated training finish time is 2025-08-26 07:24:22
2025-08-26 07:16:50,601 - easytorch-training - INFO - Epoch 55 / 100
2025-08-26 07:16:56,107 - easytorch-training - INFO - Result <train>: [train/time: 5.51 (s), train/lr: 2.50e-05, train/loss: 0.3039, train/MAE: 0.3039, train/MSE: 0.3185]
2025-08-26 07:16:56,108 - easytorch-training - INFO - Start validation.
2025-08-26 07:16:56,719 - easytorch-training - INFO - Result <val>: [val/time: 0.61 (s), val/loss: 0.3680, val/MAE: 0.3680, val/MSE: 0.3042]
2025-08-26 07:16:57,325 - easytorch-training - INFO - Result <test>: [test/time: 0.61 (s), test/loss: 0.4209, test/MAE: 0.4209, test/MSE: 0.4115]
2025-08-26 07:16:57,358 - easytorch-training - INFO - Checkpoint checkpoints/PatchTST/ETTh2_100_336_192/b6603a4d0c0169e91e8ba9d50610c49a/PatchTST_055.pt saved
2025-08-26 07:16:57,359 - easytorch-training - INFO - The estimated training finish time is 2025-08-26 07:24:17
2025-08-26 07:16:57,359 - easytorch-training - INFO - Epoch 56 / 100
2025-08-26 07:17:02,763 - easytorch-training - INFO - Result <train>: [train/time: 5.40 (s), train/lr: 2.50e-05, train/loss: 0.3034, train/MAE: 0.3034, train/MSE: 0.3180]
2025-08-26 07:17:02,764 - easytorch-training - INFO - Start validation.
2025-08-26 07:17:03,358 - easytorch-training - INFO - Result <val>: [val/time: 0.59 (s), val/loss: 0.3679, val/MAE: 0.3679, val/MSE: 0.3045]
2025-08-26 07:17:03,938 - easytorch-training - INFO - Result <test>: [test/time: 0.58 (s), test/loss: 0.4221, test/MAE: 0.4221, test/MSE: 0.4151]
2025-08-26 07:17:03,969 - easytorch-training - INFO - Checkpoint checkpoints/PatchTST/ETTh2_100_336_192/b6603a4d0c0169e91e8ba9d50610c49a/PatchTST_056.pt saved
2025-08-26 07:17:03,969 - easytorch-training - INFO - The estimated training finish time is 2025-08-26 07:24:11
2025-08-26 07:17:03,969 - easytorch-training - INFO - Epoch 57 / 100
2025-08-26 07:17:09,474 - easytorch-training - INFO - Result <train>: [train/time: 5.50 (s), train/lr: 2.50e-05, train/loss: 0.3034, train/MAE: 0.3034, train/MSE: 0.3182]
2025-08-26 07:17:09,476 - easytorch-training - INFO - Start validation.
2025-08-26 07:17:10,082 - easytorch-training - INFO - Result <val>: [val/time: 0.61 (s), val/loss: 0.3692, val/MAE: 0.3692, val/MSE: 0.3058]
2025-08-26 07:17:10,667 - easytorch-training - INFO - Result <test>: [test/time: 0.58 (s), test/loss: 0.4210, test/MAE: 0.4210, test/MSE: 0.4116]
2025-08-26 07:17:10,697 - easytorch-training - INFO - Checkpoint checkpoints/PatchTST/ETTh2_100_336_192/b6603a4d0c0169e91e8ba9d50610c49a/PatchTST_057.pt saved
2025-08-26 07:17:10,698 - easytorch-training - INFO - The estimated training finish time is 2025-08-26 07:24:06
2025-08-26 07:17:10,698 - easytorch-training - INFO - Epoch 58 / 100
2025-08-26 07:17:16,172 - easytorch-training - INFO - Result <train>: [train/time: 5.47 (s), train/lr: 2.50e-05, train/loss: 0.3030, train/MAE: 0.3030, train/MSE: 0.3172]
2025-08-26 07:17:16,173 - easytorch-training - INFO - Start validation.
2025-08-26 07:17:16,772 - easytorch-training - INFO - Result <val>: [val/time: 0.60 (s), val/loss: 0.3697, val/MAE: 0.3697, val/MSE: 0.3066]
2025-08-26 07:17:17,359 - easytorch-training - INFO - Result <test>: [test/time: 0.59 (s), test/loss: 0.4211, test/MAE: 0.4211, test/MSE: 0.4112]
2025-08-26 07:17:17,390 - easytorch-training - INFO - Checkpoint checkpoints/PatchTST/ETTh2_100_336_192/b6603a4d0c0169e91e8ba9d50610c49a/PatchTST_058.pt saved
2025-08-26 07:17:17,390 - easytorch-training - INFO - The estimated training finish time is 2025-08-26 07:24:01
2025-08-26 07:17:17,391 - easytorch-training - INFO - Epoch 59 / 100
2025-08-26 07:17:22,918 - easytorch-training - INFO - Result <train>: [train/time: 5.53 (s), train/lr: 2.50e-05, train/loss: 0.3028, train/MAE: 0.3028, train/MSE: 0.3167]
2025-08-26 07:17:22,919 - easytorch-training - INFO - Start validation.
2025-08-26 07:17:23,511 - easytorch-training - INFO - Result <val>: [val/time: 0.59 (s), val/loss: 0.3692, val/MAE: 0.3692, val/MSE: 0.3054]
2025-08-26 07:17:24,093 - easytorch-training - INFO - Result <test>: [test/time: 0.58 (s), test/loss: 0.4215, test/MAE: 0.4215, test/MSE: 0.4113]
2025-08-26 07:17:24,124 - easytorch-training - INFO - Checkpoint checkpoints/PatchTST/ETTh2_100_336_192/b6603a4d0c0169e91e8ba9d50610c49a/PatchTST_059.pt saved
2025-08-26 07:17:24,124 - easytorch-training - INFO - The estimated training finish time is 2025-08-26 07:23:56
2025-08-26 07:17:24,124 - easytorch-training - INFO - Epoch 60 / 100
2025-08-26 07:17:29,579 - easytorch-training - INFO - Result <train>: [train/time: 5.45 (s), train/lr: 2.50e-05, train/loss: 0.3023, train/MAE: 0.3023, train/MSE: 0.3160]
2025-08-26 07:17:29,580 - easytorch-training - INFO - Start validation.
2025-08-26 07:17:30,177 - easytorch-training - INFO - Result <val>: [val/time: 0.60 (s), val/loss: 0.3684, val/MAE: 0.3684, val/MSE: 0.3047]
2025-08-26 07:17:30,790 - easytorch-training - INFO - Result <test>: [test/time: 0.61 (s), test/loss: 0.4217, test/MAE: 0.4217, test/MSE: 0.4129]
2025-08-26 07:17:30,823 - easytorch-training - INFO - Checkpoint checkpoints/PatchTST/ETTh2_100_336_192/b6603a4d0c0169e91e8ba9d50610c49a/PatchTST_060.pt saved
2025-08-26 07:17:30,837 - easytorch-training - INFO - The estimated training finish time is 2025-08-26 07:23:51
2025-08-26 07:17:30,837 - easytorch-training - INFO - Epoch 61 / 100
2025-08-26 07:17:36,332 - easytorch-training - INFO - Result <train>: [train/time: 5.49 (s), train/lr: 2.50e-05, train/loss: 0.3025, train/MAE: 0.3025, train/MSE: 0.3161]
2025-08-26 07:17:36,332 - easytorch-training - INFO - Start validation.
2025-08-26 07:17:36,929 - easytorch-training - INFO - Result <val>: [val/time: 0.60 (s), val/loss: 0.3685, val/MAE: 0.3685, val/MSE: 0.3047]
2025-08-26 07:17:37,521 - easytorch-training - INFO - Result <test>: [test/time: 0.59 (s), test/loss: 0.4214, test/MAE: 0.4214, test/MSE: 0.4120]
2025-08-26 07:17:37,556 - easytorch-training - INFO - Checkpoint checkpoints/PatchTST/ETTh2_100_336_192/b6603a4d0c0169e91e8ba9d50610c49a/PatchTST_061.pt saved
2025-08-26 07:17:37,556 - easytorch-training - INFO - The estimated training finish time is 2025-08-26 07:23:47
2025-08-26 07:17:37,556 - easytorch-training - INFO - Epoch 62 / 100
2025-08-26 07:17:42,998 - easytorch-training - INFO - Result <train>: [train/time: 5.44 (s), train/lr: 2.50e-05, train/loss: 0.3023, train/MAE: 0.3023, train/MSE: 0.3158]
2025-08-26 07:17:42,999 - easytorch-training - INFO - Start validation.
2025-08-26 07:17:43,586 - easytorch-training - INFO - Result <val>: [val/time: 0.59 (s), val/loss: 0.3690, val/MAE: 0.3690, val/MSE: 0.3049]
2025-08-26 07:17:44,168 - easytorch-training - INFO - Result <test>: [test/time: 0.58 (s), test/loss: 0.4211, test/MAE: 0.4211, test/MSE: 0.4111]
2025-08-26 07:17:44,199 - easytorch-training - INFO - Checkpoint checkpoints/PatchTST/ETTh2_100_336_192/b6603a4d0c0169e91e8ba9d50610c49a/PatchTST_062.pt saved
2025-08-26 07:17:44,199 - easytorch-training - INFO - The estimated training finish time is 2025-08-26 07:23:42
2025-08-26 07:17:44,199 - easytorch-training - INFO - Epoch 63 / 100
2025-08-26 07:17:49,635 - easytorch-training - INFO - Result <train>: [train/time: 5.44 (s), train/lr: 2.50e-05, train/loss: 0.3022, train/MAE: 0.3022, train/MSE: 0.3152]
2025-08-26 07:17:49,635 - easytorch-training - INFO - Start validation.
2025-08-26 07:17:50,236 - easytorch-training - INFO - Result <val>: [val/time: 0.60 (s), val/loss: 0.3689, val/MAE: 0.3689, val/MSE: 0.3059]
2025-08-26 07:17:50,816 - easytorch-training - INFO - Result <test>: [test/time: 0.58 (s), test/loss: 0.4213, test/MAE: 0.4213, test/MSE: 0.4124]
2025-08-26 07:17:50,847 - easytorch-training - INFO - Checkpoint checkpoints/PatchTST/ETTh2_100_336_192/b6603a4d0c0169e91e8ba9d50610c49a/PatchTST_063.pt saved
2025-08-26 07:17:50,848 - easytorch-training - INFO - The estimated training finish time is 2025-08-26 07:23:38
2025-08-26 07:17:50,848 - easytorch-training - INFO - Epoch 64 / 100
2025-08-26 07:17:56,254 - easytorch-training - INFO - Result <train>: [train/time: 5.41 (s), train/lr: 2.50e-05, train/loss: 0.3017, train/MAE: 0.3017, train/MSE: 0.3143]
2025-08-26 07:17:56,254 - easytorch-training - INFO - Start validation.
2025-08-26 07:17:56,850 - easytorch-training - INFO - Result <val>: [val/time: 0.60 (s), val/loss: 0.3702, val/MAE: 0.3702, val/MSE: 0.3070]
2025-08-26 07:17:57,437 - easytorch-training - INFO - Result <test>: [test/time: 0.59 (s), test/loss: 0.4223, test/MAE: 0.4223, test/MSE: 0.4127]
2025-08-26 07:17:57,468 - easytorch-training - INFO - Checkpoint checkpoints/PatchTST/ETTh2_100_336_192/b6603a4d0c0169e91e8ba9d50610c49a/PatchTST_064.pt saved
2025-08-26 07:17:57,468 - easytorch-training - INFO - The estimated training finish time is 2025-08-26 07:23:33
2025-08-26 07:17:57,468 - easytorch-training - INFO - Epoch 65 / 100
2025-08-26 07:18:02,865 - easytorch-training - INFO - Result <train>: [train/time: 5.40 (s), train/lr: 2.50e-05, train/loss: 0.3018, train/MAE: 0.3018, train/MSE: 0.3149]
2025-08-26 07:18:02,865 - easytorch-training - INFO - Start validation.
2025-08-26 07:18:03,457 - easytorch-training - INFO - Result <val>: [val/time: 0.59 (s), val/loss: 0.3692, val/MAE: 0.3692, val/MSE: 0.3060]
2025-08-26 07:18:04,034 - easytorch-training - INFO - Result <test>: [test/time: 0.58 (s), test/loss: 0.4219, test/MAE: 0.4219, test/MSE: 0.4141]
2025-08-26 07:18:04,065 - easytorch-training - INFO - Checkpoint checkpoints/PatchTST/ETTh2_100_336_192/b6603a4d0c0169e91e8ba9d50610c49a/PatchTST_065.pt saved
2025-08-26 07:18:04,065 - easytorch-training - INFO - The estimated training finish time is 2025-08-26 07:23:29
2025-08-26 07:18:04,065 - easytorch-training - INFO - Epoch 66 / 100
2025-08-26 07:18:09,472 - easytorch-training - INFO - Result <train>: [train/time: 5.41 (s), train/lr: 2.50e-05, train/loss: 0.3013, train/MAE: 0.3013, train/MSE: 0.3142]
2025-08-26 07:18:09,473 - easytorch-training - INFO - Start validation.
2025-08-26 07:18:10,066 - easytorch-training - INFO - Result <val>: [val/time: 0.59 (s), val/loss: 0.3697, val/MAE: 0.3697, val/MSE: 0.3064]
2025-08-26 07:18:10,649 - easytorch-training - INFO - Result <test>: [test/time: 0.58 (s), test/loss: 0.4220, test/MAE: 0.4220, test/MSE: 0.4136]
2025-08-26 07:18:10,679 - easytorch-training - INFO - Checkpoint checkpoints/PatchTST/ETTh2_100_336_192/b6603a4d0c0169e91e8ba9d50610c49a/PatchTST_066.pt saved
2025-08-26 07:18:10,680 - easytorch-training - INFO - The estimated training finish time is 2025-08-26 07:23:25
2025-08-26 07:18:10,680 - easytorch-training - INFO - Epoch 67 / 100
2025-08-26 07:18:16,150 - easytorch-training - INFO - Result <train>: [train/time: 5.47 (s), train/lr: 2.50e-05, train/loss: 0.3010, train/MAE: 0.3010, train/MSE: 0.3130]
2025-08-26 07:18:16,151 - easytorch-training - INFO - Start validation.
2025-08-26 07:18:16,738 - easytorch-training - INFO - Result <val>: [val/time: 0.59 (s), val/loss: 0.3695, val/MAE: 0.3695, val/MSE: 0.3062]
2025-08-26 07:18:17,316 - easytorch-training - INFO - Result <test>: [test/time: 0.58 (s), test/loss: 0.4218, test/MAE: 0.4218, test/MSE: 0.4121]
2025-08-26 07:18:17,348 - easytorch-training - INFO - Checkpoint checkpoints/PatchTST/ETTh2_100_336_192/b6603a4d0c0169e91e8ba9d50610c49a/PatchTST_067.pt saved
2025-08-26 07:18:17,349 - easytorch-training - INFO - The estimated training finish time is 2025-08-26 07:23:21
2025-08-26 07:18:17,349 - easytorch-training - INFO - Epoch 68 / 100
2025-08-26 07:18:22,862 - easytorch-training - INFO - Result <train>: [train/time: 5.51 (s), train/lr: 2.50e-05, train/loss: 0.3008, train/MAE: 0.3008, train/MSE: 0.3129]
2025-08-26 07:18:22,863 - easytorch-training - INFO - Start validation.
2025-08-26 07:18:23,472 - easytorch-training - INFO - Result <val>: [val/time: 0.61 (s), val/loss: 0.3700, val/MAE: 0.3700, val/MSE: 0.3066]
2025-08-26 07:18:24,081 - easytorch-training - INFO - Result <test>: [test/time: 0.61 (s), test/loss: 0.4204, test/MAE: 0.4204, test/MSE: 0.4101]
2025-08-26 07:18:24,113 - easytorch-training - INFO - Checkpoint checkpoints/PatchTST/ETTh2_100_336_192/b6603a4d0c0169e91e8ba9d50610c49a/PatchTST_068.pt saved
2025-08-26 07:18:24,114 - easytorch-training - INFO - The estimated training finish time is 2025-08-26 07:23:17
2025-08-26 07:18:24,114 - easytorch-training - INFO - Epoch 69 / 100
2025-08-26 07:18:29,563 - easytorch-training - INFO - Result <train>: [train/time: 5.45 (s), train/lr: 2.50e-05, train/loss: 0.3010, train/MAE: 0.3010, train/MSE: 0.3132]
2025-08-26 07:18:29,564 - easytorch-training - INFO - Start validation.
2025-08-26 07:18:30,153 - easytorch-training - INFO - Result <val>: [val/time: 0.59 (s), val/loss: 0.3705, val/MAE: 0.3705, val/MSE: 0.3078]
2025-08-26 07:18:30,733 - easytorch-training - INFO - Result <test>: [test/time: 0.58 (s), test/loss: 0.4214, test/MAE: 0.4214, test/MSE: 0.4130]
2025-08-26 07:18:30,765 - easytorch-training - INFO - Checkpoint checkpoints/PatchTST/ETTh2_100_336_192/b6603a4d0c0169e91e8ba9d50610c49a/PatchTST_069.pt saved
2025-08-26 07:18:30,765 - easytorch-training - INFO - The estimated training finish time is 2025-08-26 07:23:14
2025-08-26 07:18:30,765 - easytorch-training - INFO - Epoch 70 / 100
2025-08-26 07:47:04,975 - easytorch-training - INFO - Result <train>: [train/time: 1714.21 (s), train/lr: 2.50e-05, train/loss: 0.3008, train/MAE: 0.3008, train/MSE: 0.3126]
2025-08-26 07:47:04,976 - easytorch-training - INFO - Start validation.
2025-08-26 07:47:05,595 - easytorch-training - INFO - Result <val>: [val/time: 0.62 (s), val/loss: 0.3705, val/MAE: 0.3705, val/MSE: 0.3079]
2025-08-26 07:47:06,213 - easytorch-training - INFO - Result <test>: [test/time: 0.62 (s), test/loss: 0.4214, test/MAE: 0.4214, test/MSE: 0.4130]
2025-08-26 07:47:06,245 - easytorch-training - INFO - Checkpoint checkpoints/PatchTST/ETTh2_100_336_192/b6603a4d0c0169e91e8ba9d50610c49a/PatchTST_070.pt saved
2025-08-26 07:47:06,259 - easytorch-training - INFO - The estimated training finish time is 2025-08-26 08:03:51
2025-08-26 07:47:06,259 - easytorch-training - INFO - Epoch 71 / 100
2025-08-26 07:47:11,765 - easytorch-training - INFO - Result <train>: [train/time: 5.51 (s), train/lr: 2.50e-05, train/loss: 0.3005, train/MAE: 0.3005, train/MSE: 0.3120]
2025-08-26 07:47:11,766 - easytorch-training - INFO - Start validation.
2025-08-26 07:47:12,378 - easytorch-training - INFO - Result <val>: [val/time: 0.61 (s), val/loss: 0.3674, val/MAE: 0.3674, val/MSE: 0.3034]
2025-08-26 07:47:12,978 - easytorch-training - INFO - Result <test>: [test/time: 0.60 (s), test/loss: 0.4220, test/MAE: 0.4220, test/MSE: 0.4134]
2025-08-26 07:47:13,015 - easytorch-training - INFO - Checkpoint checkpoints/PatchTST/ETTh2_100_336_192/b6603a4d0c0169e91e8ba9d50610c49a/PatchTST_071.pt saved
2025-08-26 07:47:13,016 - easytorch-training - INFO - The estimated training finish time is 2025-08-26 08:03:14
2025-08-26 07:47:13,016 - easytorch-training - INFO - Epoch 72 / 100
2025-08-26 07:47:18,478 - easytorch-training - INFO - Result <train>: [train/time: 5.46 (s), train/lr: 2.50e-05, train/loss: 0.3003, train/MAE: 0.3003, train/MSE: 0.3115]
2025-08-26 07:47:18,479 - easytorch-training - INFO - Start validation.
2025-08-26 07:47:19,068 - easytorch-training - INFO - Result <val>: [val/time: 0.59 (s), val/loss: 0.3697, val/MAE: 0.3697, val/MSE: 0.3058]
2025-08-26 07:47:19,647 - easytorch-training - INFO - Result <test>: [test/time: 0.58 (s), test/loss: 0.4221, test/MAE: 0.4221, test/MSE: 0.4123]
2025-08-26 07:47:19,679 - easytorch-training - INFO - Checkpoint checkpoints/PatchTST/ETTh2_100_336_192/b6603a4d0c0169e91e8ba9d50610c49a/PatchTST_072.pt saved
2025-08-26 07:47:19,679 - easytorch-training - INFO - The estimated training finish time is 2025-08-26 08:02:37
2025-08-26 07:47:19,679 - easytorch-training - INFO - Epoch 73 / 100
2025-08-26 07:47:25,117 - easytorch-training - INFO - Result <train>: [train/time: 5.44 (s), train/lr: 2.50e-05, train/loss: 0.3000, train/MAE: 0.3000, train/MSE: 0.3106]
2025-08-26 07:47:25,118 - easytorch-training - INFO - Start validation.
2025-08-26 07:47:25,706 - easytorch-training - INFO - Result <val>: [val/time: 0.59 (s), val/loss: 0.3677, val/MAE: 0.3677, val/MSE: 0.3039]
2025-08-26 07:47:26,292 - easytorch-training - INFO - Result <test>: [test/time: 0.58 (s), test/loss: 0.4227, test/MAE: 0.4227, test/MSE: 0.4147]
2025-08-26 07:47:26,323 - easytorch-training - INFO - Checkpoint checkpoints/PatchTST/ETTh2_100_336_192/b6603a4d0c0169e91e8ba9d50610c49a/PatchTST_073.pt saved
2025-08-26 07:47:26,324 - easytorch-training - INFO - The estimated training finish time is 2025-08-26 08:02:01
2025-08-26 07:47:26,324 - easytorch-training - INFO - Epoch 74 / 100
2025-08-26 07:47:31,720 - easytorch-training - INFO - Result <train>: [train/time: 5.40 (s), train/lr: 2.50e-05, train/loss: 0.2999, train/MAE: 0.2999, train/MSE: 0.3103]
2025-08-26 07:47:31,720 - easytorch-training - INFO - Start validation.
2025-08-26 07:47:32,321 - easytorch-training - INFO - Result <val>: [val/time: 0.60 (s), val/loss: 0.3703, val/MAE: 0.3703, val/MSE: 0.3072]
2025-08-26 07:47:32,923 - easytorch-training - INFO - Result <test>: [test/time: 0.60 (s), test/loss: 0.4225, test/MAE: 0.4225, test/MSE: 0.4146]
2025-08-26 07:47:32,955 - easytorch-training - INFO - Checkpoint checkpoints/PatchTST/ETTh2_100_336_192/b6603a4d0c0169e91e8ba9d50610c49a/PatchTST_074.pt saved
2025-08-26 07:47:32,956 - easytorch-training - INFO - The estimated training finish time is 2025-08-26 08:01:26
2025-08-26 07:47:32,956 - easytorch-training - INFO - Epoch 75 / 100
2025-08-26 07:47:38,441 - easytorch-training - INFO - Result <train>: [train/time: 5.49 (s), train/lr: 2.50e-05, train/loss: 0.2997, train/MAE: 0.2997, train/MSE: 0.3104]
2025-08-26 07:47:38,442 - easytorch-training - INFO - Start validation.
2025-08-26 07:47:39,052 - easytorch-training - INFO - Result <val>: [val/time: 0.61 (s), val/loss: 0.3689, val/MAE: 0.3689, val/MSE: 0.3049]
2025-08-26 07:47:39,634 - easytorch-training - INFO - Result <test>: [test/time: 0.58 (s), test/loss: 0.4216, test/MAE: 0.4216, test/MSE: 0.4124]
2025-08-26 07:47:39,670 - easytorch-training - INFO - Checkpoint checkpoints/PatchTST/ETTh2_100_336_192/b6603a4d0c0169e91e8ba9d50610c49a/PatchTST_075.pt saved
2025-08-26 07:47:39,670 - easytorch-training - INFO - The estimated training finish time is 2025-08-26 08:00:53
2025-08-26 07:47:39,671 - easytorch-training - INFO - Epoch 76 / 100
2025-08-26 07:47:45,102 - easytorch-training - INFO - Result <train>: [train/time: 5.43 (s), train/lr: 2.50e-05, train/loss: 0.2992, train/MAE: 0.2992, train/MSE: 0.3092]
2025-08-26 07:47:45,102 - easytorch-training - INFO - Start validation.
2025-08-26 07:47:45,693 - easytorch-training - INFO - Result <val>: [val/time: 0.59 (s), val/loss: 0.3691, val/MAE: 0.3691, val/MSE: 0.3054]
2025-08-26 07:47:46,269 - easytorch-training - INFO - Result <test>: [test/time: 0.58 (s), test/loss: 0.4209, test/MAE: 0.4209, test/MSE: 0.4120]
2025-08-26 07:47:46,305 - easytorch-training - INFO - Checkpoint checkpoints/PatchTST/ETTh2_100_336_192/b6603a4d0c0169e91e8ba9d50610c49a/PatchTST_076.pt saved
2025-08-26 07:47:46,305 - easytorch-training - INFO - The estimated training finish time is 2025-08-26 08:00:19
2025-08-26 07:47:46,305 - easytorch-training - INFO - Epoch 77 / 100
2025-08-26 07:47:51,770 - easytorch-training - INFO - Result <train>: [train/time: 5.46 (s), train/lr: 2.50e-05, train/loss: 0.2992, train/MAE: 0.2992, train/MSE: 0.3091]
2025-08-26 07:47:51,771 - easytorch-training - INFO - Start validation.
2025-08-26 07:47:52,383 - easytorch-training - INFO - Result <val>: [val/time: 0.61 (s), val/loss: 0.3699, val/MAE: 0.3699, val/MSE: 0.3062]
2025-08-26 07:47:52,992 - easytorch-training - INFO - Result <test>: [test/time: 0.61 (s), test/loss: 0.4218, test/MAE: 0.4218, test/MSE: 0.4119]
2025-08-26 07:47:53,024 - easytorch-training - INFO - Checkpoint checkpoints/PatchTST/ETTh2_100_336_192/b6603a4d0c0169e91e8ba9d50610c49a/PatchTST_077.pt saved
2025-08-26 07:47:53,024 - easytorch-training - INFO - The estimated training finish time is 2025-08-26 07:59:47
2025-08-26 07:47:53,024 - easytorch-training - INFO - Epoch 78 / 100
2025-08-26 07:47:58,504 - easytorch-training - INFO - Result <train>: [train/time: 5.48 (s), train/lr: 2.50e-05, train/loss: 0.2991, train/MAE: 0.2991, train/MSE: 0.3085]
2025-08-26 07:47:58,504 - easytorch-training - INFO - Start validation.
2025-08-26 07:47:59,092 - easytorch-training - INFO - Result <val>: [val/time: 0.59 (s), val/loss: 0.3688, val/MAE: 0.3688, val/MSE: 0.3054]
2025-08-26 07:47:59,669 - easytorch-training - INFO - Result <test>: [test/time: 0.58 (s), test/loss: 0.4233, test/MAE: 0.4233, test/MSE: 0.4154]
2025-08-26 07:47:59,700 - easytorch-training - INFO - Checkpoint checkpoints/PatchTST/ETTh2_100_336_192/b6603a4d0c0169e91e8ba9d50610c49a/PatchTST_078.pt saved
2025-08-26 07:47:59,700 - easytorch-training - INFO - The estimated training finish time is 2025-08-26 07:59:16
2025-08-26 07:47:59,700 - easytorch-training - INFO - Epoch 79 / 100
2025-08-26 07:48:05,164 - easytorch-training - INFO - Result <train>: [train/time: 5.46 (s), train/lr: 2.50e-05, train/loss: 0.2989, train/MAE: 0.2989, train/MSE: 0.3083]
2025-08-26 07:48:05,165 - easytorch-training - INFO - Start validation.
2025-08-26 07:48:05,782 - easytorch-training - INFO - Result <val>: [val/time: 0.62 (s), val/loss: 0.3696, val/MAE: 0.3696, val/MSE: 0.3063]
2025-08-26 07:48:06,382 - easytorch-training - INFO - Result <test>: [test/time: 0.60 (s), test/loss: 0.4224, test/MAE: 0.4224, test/MSE: 0.4145]
2025-08-26 07:48:06,420 - easytorch-training - INFO - Checkpoint checkpoints/PatchTST/ETTh2_100_336_192/b6603a4d0c0169e91e8ba9d50610c49a/PatchTST_079.pt saved
2025-08-26 07:48:06,421 - easytorch-training - INFO - The estimated training finish time is 2025-08-26 07:58:46
2025-08-26 07:48:06,421 - easytorch-training - INFO - Epoch 80 / 100
2025-08-26 07:48:11,841 - easytorch-training - INFO - Result <train>: [train/time: 5.42 (s), train/lr: 2.50e-05, train/loss: 0.2987, train/MAE: 0.2987, train/MSE: 0.3081]
2025-08-26 07:48:11,841 - easytorch-training - INFO - Start validation.
2025-08-26 07:48:12,438 - easytorch-training - INFO - Result <val>: [val/time: 0.60 (s), val/loss: 0.3711, val/MAE: 0.3711, val/MSE: 0.3074]
2025-08-26 07:48:13,027 - easytorch-training - INFO - Result <test>: [test/time: 0.59 (s), test/loss: 0.4219, test/MAE: 0.4219, test/MSE: 0.4119]
2025-08-26 07:48:13,058 - easytorch-training - INFO - Checkpoint checkpoints/PatchTST/ETTh2_100_336_192/b6603a4d0c0169e91e8ba9d50610c49a/PatchTST_080.pt saved
2025-08-26 07:48:13,074 - easytorch-training - INFO - The estimated training finish time is 2025-08-26 07:58:16
2025-08-26 07:48:13,074 - easytorch-training - INFO - Epoch 81 / 100
2025-08-26 07:48:18,552 - easytorch-training - INFO - Result <train>: [train/time: 5.48 (s), train/lr: 2.50e-05, train/loss: 0.2983, train/MAE: 0.2983, train/MSE: 0.3074]
2025-08-26 07:48:18,552 - easytorch-training - INFO - Start validation.
2025-08-26 07:48:19,173 - easytorch-training - INFO - Result <val>: [val/time: 0.62 (s), val/loss: 0.3686, val/MAE: 0.3686, val/MSE: 0.3046]
2025-08-26 07:48:19,785 - easytorch-training - INFO - Result <test>: [test/time: 0.61 (s), test/loss: 0.4224, test/MAE: 0.4224, test/MSE: 0.4133]
2025-08-26 07:48:19,818 - easytorch-training - INFO - Checkpoint checkpoints/PatchTST/ETTh2_100_336_192/b6603a4d0c0169e91e8ba9d50610c49a/PatchTST_081.pt saved
2025-08-26 07:48:19,818 - easytorch-training - INFO - The estimated training finish time is 2025-08-26 07:57:47
2025-08-26 07:48:19,818 - easytorch-training - INFO - Epoch 82 / 100
2025-08-26 07:48:25,285 - easytorch-training - INFO - Result <train>: [train/time: 5.47 (s), train/lr: 2.50e-05, train/loss: 0.2984, train/MAE: 0.2984, train/MSE: 0.3072]
2025-08-26 07:48:25,286 - easytorch-training - INFO - Start validation.
2025-08-26 07:48:25,869 - easytorch-training - INFO - Result <val>: [val/time: 0.58 (s), val/loss: 0.3722, val/MAE: 0.3722, val/MSE: 0.3105]
2025-08-26 07:48:26,452 - easytorch-training - INFO - Result <test>: [test/time: 0.58 (s), test/loss: 0.4228, test/MAE: 0.4228, test/MSE: 0.4145]
2025-08-26 07:48:26,484 - easytorch-training - INFO - Checkpoint checkpoints/PatchTST/ETTh2_100_336_192/b6603a4d0c0169e91e8ba9d50610c49a/PatchTST_082.pt saved
2025-08-26 07:48:26,485 - easytorch-training - INFO - The estimated training finish time is 2025-08-26 07:57:19
2025-08-26 07:48:26,485 - easytorch-training - INFO - Epoch 83 / 100
2025-08-26 07:48:31,956 - easytorch-training - INFO - Result <train>: [train/time: 5.47 (s), train/lr: 2.50e-05, train/loss: 0.2983, train/MAE: 0.2983, train/MSE: 0.3069]
2025-08-26 07:48:31,957 - easytorch-training - INFO - Start validation.
2025-08-26 07:48:32,560 - easytorch-training - INFO - Result <val>: [val/time: 0.60 (s), val/loss: 0.3712, val/MAE: 0.3712, val/MSE: 0.3093]
2025-08-26 07:48:33,138 - easytorch-training - INFO - Result <test>: [test/time: 0.58 (s), test/loss: 0.4223, test/MAE: 0.4223, test/MSE: 0.4148]
2025-08-26 07:48:33,173 - easytorch-training - INFO - Checkpoint checkpoints/PatchTST/ETTh2_100_336_192/b6603a4d0c0169e91e8ba9d50610c49a/PatchTST_083.pt saved
2025-08-26 07:48:33,174 - easytorch-training - INFO - The estimated training finish time is 2025-08-26 07:56:51
2025-08-26 07:48:33,174 - easytorch-training - INFO - Epoch 84 / 100
2025-08-26 07:48:38,651 - easytorch-training - INFO - Result <train>: [train/time: 5.48 (s), train/lr: 2.50e-05, train/loss: 0.2980, train/MAE: 0.2980, train/MSE: 0.3066]
2025-08-26 07:48:38,652 - easytorch-training - INFO - Start validation.
2025-08-26 07:48:39,259 - easytorch-training - INFO - Result <val>: [val/time: 0.61 (s), val/loss: 0.3687, val/MAE: 0.3687, val/MSE: 0.3045]
2025-08-26 07:48:39,847 - easytorch-training - INFO - Result <test>: [test/time: 0.59 (s), test/loss: 0.4229, test/MAE: 0.4229, test/MSE: 0.4137]
2025-08-26 07:48:39,879 - easytorch-training - INFO - Checkpoint checkpoints/PatchTST/ETTh2_100_336_192/b6603a4d0c0169e91e8ba9d50610c49a/PatchTST_084.pt saved
2025-08-26 07:48:39,879 - easytorch-training - INFO - The estimated training finish time is 2025-08-26 07:56:24
2025-08-26 07:48:39,879 - easytorch-training - INFO - Epoch 85 / 100
2025-08-26 07:48:45,340 - easytorch-training - INFO - Result <train>: [train/time: 5.46 (s), train/lr: 2.50e-05, train/loss: 0.2978, train/MAE: 0.2978, train/MSE: 0.3059]
2025-08-26 07:48:45,341 - easytorch-training - INFO - Start validation.
2025-08-26 07:48:45,941 - easytorch-training - INFO - Result <val>: [val/time: 0.60 (s), val/loss: 0.3691, val/MAE: 0.3691, val/MSE: 0.3049]
2025-08-26 07:48:46,566 - easytorch-training - INFO - Result <test>: [test/time: 0.62 (s), test/loss: 0.4219, test/MAE: 0.4219, test/MSE: 0.4125]
2025-08-26 07:48:46,600 - easytorch-training - INFO - Checkpoint checkpoints/PatchTST/ETTh2_100_336_192/b6603a4d0c0169e91e8ba9d50610c49a/PatchTST_085.pt saved
2025-08-26 07:48:46,601 - easytorch-training - INFO - The estimated training finish time is 2025-08-26 07:55:58
2025-08-26 07:48:46,601 - easytorch-training - INFO - Epoch 86 / 100
2025-08-26 07:48:52,097 - easytorch-training - INFO - Result <train>: [train/time: 5.50 (s), train/lr: 2.50e-05, train/loss: 0.2977, train/MAE: 0.2977, train/MSE: 0.3053]
2025-08-26 07:48:52,098 - easytorch-training - INFO - Start validation.
2025-08-26 07:48:52,723 - easytorch-training - INFO - Result <val>: [val/time: 0.62 (s), val/loss: 0.3694, val/MAE: 0.3694, val/MSE: 0.3061]
2025-08-26 07:48:53,336 - easytorch-training - INFO - Result <test>: [test/time: 0.61 (s), test/loss: 0.4228, test/MAE: 0.4228, test/MSE: 0.4153]
2025-08-26 07:48:53,373 - easytorch-training - INFO - Checkpoint checkpoints/PatchTST/ETTh2_100_336_192/b6603a4d0c0169e91e8ba9d50610c49a/PatchTST_086.pt saved
2025-08-26 07:48:53,373 - easytorch-training - INFO - The estimated training finish time is 2025-08-26 07:55:32
2025-08-26 07:48:53,373 - easytorch-training - INFO - Epoch 87 / 100
2025-08-26 07:48:58,859 - easytorch-training - INFO - Result <train>: [train/time: 5.49 (s), train/lr: 2.50e-05, train/loss: 0.2972, train/MAE: 0.2972, train/MSE: 0.3050]
2025-08-26 07:48:58,860 - easytorch-training - INFO - Start validation.
2025-08-26 07:48:59,452 - easytorch-training - INFO - Result <val>: [val/time: 0.59 (s), val/loss: 0.3704, val/MAE: 0.3704, val/MSE: 0.3075]
2025-08-26 07:49:00,036 - easytorch-training - INFO - Result <test>: [test/time: 0.58 (s), test/loss: 0.4224, test/MAE: 0.4224, test/MSE: 0.4142]
2025-08-26 07:49:00,068 - easytorch-training - INFO - Checkpoint checkpoints/PatchTST/ETTh2_100_336_192/b6603a4d0c0169e91e8ba9d50610c49a/PatchTST_087.pt saved
2025-08-26 07:49:00,068 - easytorch-training - INFO - The estimated training finish time is 2025-08-26 07:55:07
2025-08-26 07:49:00,068 - easytorch-training - INFO - Epoch 88 / 100
2025-08-26 07:49:05,542 - easytorch-training - INFO - Result <train>: [train/time: 5.47 (s), train/lr: 2.50e-05, train/loss: 0.2970, train/MAE: 0.2970, train/MSE: 0.3041]
2025-08-26 07:49:05,543 - easytorch-training - INFO - Start validation.
2025-08-26 07:49:06,160 - easytorch-training - INFO - Result <val>: [val/time: 0.62 (s), val/loss: 0.3695, val/MAE: 0.3695, val/MSE: 0.3059]
2025-08-26 07:49:06,774 - easytorch-training - INFO - Result <test>: [test/time: 0.61 (s), test/loss: 0.4231, test/MAE: 0.4231, test/MSE: 0.4152]
2025-08-26 07:49:06,806 - easytorch-training - INFO - Checkpoint checkpoints/PatchTST/ETTh2_100_336_192/b6603a4d0c0169e91e8ba9d50610c49a/PatchTST_088.pt saved
2025-08-26 07:49:06,806 - easytorch-training - INFO - The estimated training finish time is 2025-08-26 07:54:43
2025-08-26 07:49:06,806 - easytorch-training - INFO - Epoch 89 / 100
2025-08-26 07:49:12,295 - easytorch-training - INFO - Result <train>: [train/time: 5.49 (s), train/lr: 2.50e-05, train/loss: 0.2970, train/MAE: 0.2970, train/MSE: 0.3039]
2025-08-26 07:49:12,295 - easytorch-training - INFO - Start validation.
2025-08-26 07:49:12,908 - easytorch-training - INFO - Result <val>: [val/time: 0.61 (s), val/loss: 0.3697, val/MAE: 0.3697, val/MSE: 0.3072]
2025-08-26 07:49:13,490 - easytorch-training - INFO - Result <test>: [test/time: 0.58 (s), test/loss: 0.4246, test/MAE: 0.4246, test/MSE: 0.4183]
2025-08-26 07:49:13,521 - easytorch-training - INFO - Checkpoint checkpoints/PatchTST/ETTh2_100_336_192/b6603a4d0c0169e91e8ba9d50610c49a/PatchTST_089.pt saved
2025-08-26 07:49:13,521 - easytorch-training - INFO - The estimated training finish time is 2025-08-26 07:54:19
2025-08-26 07:49:13,521 - easytorch-training - INFO - Epoch 90 / 100
2025-08-26 07:49:19,024 - easytorch-training - INFO - Result <train>: [train/time: 5.50 (s), train/lr: 2.50e-05, train/loss: 0.2967, train/MAE: 0.2967, train/MSE: 0.3034]
2025-08-26 07:49:19,025 - easytorch-training - INFO - Start validation.
2025-08-26 07:49:19,636 - easytorch-training - INFO - Result <val>: [val/time: 0.61 (s), val/loss: 0.3684, val/MAE: 0.3684, val/MSE: 0.3043]
2025-08-26 07:49:20,247 - easytorch-training - INFO - Result <test>: [test/time: 0.61 (s), test/loss: 0.4234, test/MAE: 0.4234, test/MSE: 0.4148]
2025-08-26 07:49:20,279 - easytorch-training - INFO - Checkpoint checkpoints/PatchTST/ETTh2_100_336_192/b6603a4d0c0169e91e8ba9d50610c49a/PatchTST_090.pt saved
2025-08-26 07:49:20,295 - easytorch-training - INFO - The estimated training finish time is 2025-08-26 07:53:55
2025-08-26 07:49:20,295 - easytorch-training - INFO - Epoch 91 / 100
2025-08-26 07:49:25,796 - easytorch-training - INFO - Result <train>: [train/time: 5.50 (s), train/lr: 2.50e-05, train/loss: 0.2967, train/MAE: 0.2967, train/MSE: 0.3029]
2025-08-26 07:49:25,798 - easytorch-training - INFO - Start validation.
2025-08-26 07:49:26,411 - easytorch-training - INFO - Result <val>: [val/time: 0.61 (s), val/loss: 0.3692, val/MAE: 0.3692, val/MSE: 0.3057]
2025-08-26 07:49:27,019 - easytorch-training - INFO - Result <test>: [test/time: 0.61 (s), test/loss: 0.4237, test/MAE: 0.4237, test/MSE: 0.4161]
2025-08-26 07:49:27,051 - easytorch-training - INFO - Checkpoint checkpoints/PatchTST/ETTh2_100_336_192/b6603a4d0c0169e91e8ba9d50610c49a/PatchTST_091.pt saved
2025-08-26 07:49:27,052 - easytorch-training - INFO - The estimated training finish time is 2025-08-26 07:53:33
2025-08-26 07:49:27,052 - easytorch-training - INFO - Epoch 92 / 100
2025-08-26 07:49:32,554 - easytorch-training - INFO - Result <train>: [train/time: 5.50 (s), train/lr: 2.50e-05, train/loss: 0.2963, train/MAE: 0.2963, train/MSE: 0.3026]
2025-08-26 07:49:32,555 - easytorch-training - INFO - Start validation.
2025-08-26 07:49:33,151 - easytorch-training - INFO - Result <val>: [val/time: 0.60 (s), val/loss: 0.3693, val/MAE: 0.3693, val/MSE: 0.3056]
2025-08-26 07:49:33,735 - easytorch-training - INFO - Result <test>: [test/time: 0.58 (s), test/loss: 0.4240, test/MAE: 0.4240, test/MSE: 0.4163]
2025-08-26 07:49:33,767 - easytorch-training - INFO - Checkpoint checkpoints/PatchTST/ETTh2_100_336_192/b6603a4d0c0169e91e8ba9d50610c49a/PatchTST_092.pt saved
2025-08-26 07:49:33,767 - easytorch-training - INFO - The estimated training finish time is 2025-08-26 07:53:10
2025-08-26 07:49:33,767 - easytorch-training - INFO - Epoch 93 / 100
2025-08-26 07:49:39,270 - easytorch-training - INFO - Result <train>: [train/time: 5.50 (s), train/lr: 2.50e-05, train/loss: 0.2962, train/MAE: 0.2962, train/MSE: 0.3024]
2025-08-26 07:49:39,271 - easytorch-training - INFO - Start validation.
2025-08-26 07:49:39,883 - easytorch-training - INFO - Result <val>: [val/time: 0.61 (s), val/loss: 0.3694, val/MAE: 0.3694, val/MSE: 0.3063]
2025-08-26 07:49:40,478 - easytorch-training - INFO - Result <test>: [test/time: 0.59 (s), test/loss: 0.4233, test/MAE: 0.4233, test/MSE: 0.4159]
2025-08-26 07:49:40,513 - easytorch-training - INFO - Checkpoint checkpoints/PatchTST/ETTh2_100_336_192/b6603a4d0c0169e91e8ba9d50610c49a/PatchTST_093.pt saved
2025-08-26 07:49:40,513 - easytorch-training - INFO - The estimated training finish time is 2025-08-26 07:52:48
2025-08-26 07:49:40,513 - easytorch-training - INFO - Epoch 94 / 100
2025-08-26 07:49:46,016 - easytorch-training - INFO - Result <train>: [train/time: 5.50 (s), train/lr: 2.50e-05, train/loss: 0.2962, train/MAE: 0.2962, train/MSE: 0.3022]
2025-08-26 07:49:46,017 - easytorch-training - INFO - Start validation.
2025-08-26 07:49:46,633 - easytorch-training - INFO - Result <val>: [val/time: 0.62 (s), val/loss: 0.3698, val/MAE: 0.3698, val/MSE: 0.3069]
2025-08-26 07:49:47,244 - easytorch-training - INFO - Result <test>: [test/time: 0.61 (s), test/loss: 0.4231, test/MAE: 0.4231, test/MSE: 0.4152]
2025-08-26 07:49:47,277 - easytorch-training - INFO - Checkpoint checkpoints/PatchTST/ETTh2_100_336_192/b6603a4d0c0169e91e8ba9d50610c49a/PatchTST_094.pt saved
2025-08-26 07:49:47,277 - easytorch-training - INFO - The estimated training finish time is 2025-08-26 07:52:27
2025-08-26 07:49:47,277 - easytorch-training - INFO - Epoch 95 / 100
2025-08-26 07:49:52,773 - easytorch-training - INFO - Result <train>: [train/time: 5.50 (s), train/lr: 2.50e-05, train/loss: 0.2958, train/MAE: 0.2958, train/MSE: 0.3014]
2025-08-26 07:49:52,773 - easytorch-training - INFO - Start validation.
2025-08-26 07:49:53,384 - easytorch-training - INFO - Result <val>: [val/time: 0.61 (s), val/loss: 0.3680, val/MAE: 0.3680, val/MSE: 0.3042]
2025-08-26 07:49:53,970 - easytorch-training - INFO - Result <test>: [test/time: 0.58 (s), test/loss: 0.4235, test/MAE: 0.4235, test/MSE: 0.4164]
2025-08-26 07:49:54,003 - easytorch-training - INFO - Checkpoint checkpoints/PatchTST/ETTh2_100_336_192/b6603a4d0c0169e91e8ba9d50610c49a/PatchTST_095.pt saved
2025-08-26 07:49:54,003 - easytorch-training - INFO - The estimated training finish time is 2025-08-26 07:52:06
2025-08-26 07:49:54,003 - easytorch-training - INFO - Epoch 96 / 100
2025-08-26 07:49:59,501 - easytorch-training - INFO - Result <train>: [train/time: 5.50 (s), train/lr: 2.50e-05, train/loss: 0.2956, train/MAE: 0.2956, train/MSE: 0.3010]
2025-08-26 07:49:59,502 - easytorch-training - INFO - Start validation.
2025-08-26 07:50:00,095 - easytorch-training - INFO - Result <val>: [val/time: 0.59 (s), val/loss: 0.3686, val/MAE: 0.3686, val/MSE: 0.3043]
2025-08-26 07:50:00,680 - easytorch-training - INFO - Result <test>: [test/time: 0.58 (s), test/loss: 0.4233, test/MAE: 0.4233, test/MSE: 0.4146]
2025-08-26 07:50:00,711 - easytorch-training - INFO - Checkpoint checkpoints/PatchTST/ETTh2_100_336_192/b6603a4d0c0169e91e8ba9d50610c49a/PatchTST_096.pt saved
2025-08-26 07:50:00,711 - easytorch-training - INFO - The estimated training finish time is 2025-08-26 07:51:45
2025-08-26 07:50:00,711 - easytorch-training - INFO - Epoch 97 / 100
2025-08-26 07:50:06,124 - easytorch-training - INFO - Result <train>: [train/time: 5.41 (s), train/lr: 2.50e-05, train/loss: 0.2955, train/MAE: 0.2955, train/MSE: 0.3005]
2025-08-26 07:50:06,125 - easytorch-training - INFO - Start validation.
2025-08-26 07:50:06,717 - easytorch-training - INFO - Result <val>: [val/time: 0.59 (s), val/loss: 0.3692, val/MAE: 0.3692, val/MSE: 0.3063]
2025-08-26 07:50:07,300 - easytorch-training - INFO - Result <test>: [test/time: 0.58 (s), test/loss: 0.4231, test/MAE: 0.4231, test/MSE: 0.4153]
2025-08-26 07:50:07,337 - easytorch-training - INFO - Checkpoint checkpoints/PatchTST/ETTh2_100_336_192/b6603a4d0c0169e91e8ba9d50610c49a/PatchTST_097.pt saved
2025-08-26 07:50:07,337 - easytorch-training - INFO - The estimated training finish time is 2025-08-26 07:51:25
2025-08-26 07:50:07,337 - easytorch-training - INFO - Epoch 98 / 100
2025-08-26 07:50:12,767 - easytorch-training - INFO - Result <train>: [train/time: 5.43 (s), train/lr: 2.50e-05, train/loss: 0.2954, train/MAE: 0.2954, train/MSE: 0.3008]
2025-08-26 07:50:12,768 - easytorch-training - INFO - Start validation.
2025-08-26 07:50:13,387 - easytorch-training - INFO - Result <val>: [val/time: 0.62 (s), val/loss: 0.3697, val/MAE: 0.3697, val/MSE: 0.3066]
2025-08-26 07:50:13,967 - easytorch-training - INFO - Result <test>: [test/time: 0.58 (s), test/loss: 0.4239, test/MAE: 0.4239, test/MSE: 0.4163]
2025-08-26 07:50:13,998 - easytorch-training - INFO - Checkpoint checkpoints/PatchTST/ETTh2_100_336_192/b6603a4d0c0169e91e8ba9d50610c49a/PatchTST_098.pt saved
2025-08-26 07:50:13,999 - easytorch-training - INFO - The estimated training finish time is 2025-08-26 07:51:05
2025-08-26 07:50:13,999 - easytorch-training - INFO - Epoch 99 / 100
2025-08-26 07:50:19,444 - easytorch-training - INFO - Result <train>: [train/time: 5.45 (s), train/lr: 2.50e-05, train/loss: 0.2953, train/MAE: 0.2953, train/MSE: 0.3004]
2025-08-26 07:50:19,445 - easytorch-training - INFO - Start validation.
2025-08-26 07:50:20,049 - easytorch-training - INFO - Result <val>: [val/time: 0.60 (s), val/loss: 0.3685, val/MAE: 0.3685, val/MSE: 0.3045]
2025-08-26 07:50:20,629 - easytorch-training - INFO - Result <test>: [test/time: 0.58 (s), test/loss: 0.4235, test/MAE: 0.4235, test/MSE: 0.4151]
2025-08-26 07:50:20,666 - easytorch-training - INFO - Checkpoint checkpoints/PatchTST/ETTh2_100_336_192/b6603a4d0c0169e91e8ba9d50610c49a/PatchTST_099.pt saved
2025-08-26 07:50:20,666 - easytorch-training - INFO - The estimated training finish time is 2025-08-26 07:50:46
2025-08-26 07:50:20,666 - easytorch-training - INFO - Epoch 100 / 100
2025-08-26 07:50:26,118 - easytorch-training - INFO - Result <train>: [train/time: 5.45 (s), train/lr: 2.50e-05, train/loss: 0.2948, train/MAE: 0.2948, train/MSE: 0.2992]
2025-08-26 07:50:26,119 - easytorch-training - INFO - Start validation.
2025-08-26 07:50:26,716 - easytorch-training - INFO - Result <val>: [val/time: 0.60 (s), val/loss: 0.3715, val/MAE: 0.3715, val/MSE: 0.3092]
2025-08-26 07:50:27,309 - easytorch-training - INFO - Result <test>: [test/time: 0.59 (s), test/loss: 0.4229, test/MAE: 0.4229, test/MSE: 0.4140]
2025-08-26 07:50:27,341 - easytorch-training - INFO - Checkpoint checkpoints/PatchTST/ETTh2_100_336_192/b6603a4d0c0169e91e8ba9d50610c49a/PatchTST_100.pt saved
2025-08-26 07:50:27,357 - easytorch-training - INFO - The training finished at 2025-08-26 07:50:27
2025-08-26 07:50:27,357 - easytorch-training - INFO - Evaluating the best model on the test set.
2025-08-26 07:50:27,357 - easytorch-training - INFO - Loading Checkpoint from 'checkpoints/PatchTST/ETTh2_100_336_192/b6603a4d0c0169e91e8ba9d50610c49a/PatchTST_best_val_MAE.pt'
2025-08-26 07:50:27,977 - easytorch-training - INFO - Result <test>: [test/time: 0.58 (s), test/loss: 0.4121, test/MAE: 0.4121, test/MSE: 0.3966]
2025-08-26 07:50:27,978 - easytorch-training - INFO - Test metrics saved to checkpoints/PatchTST/ETTh2_100_336_192/b6603a4d0c0169e91e8ba9d50610c49a/test_metrics.json.
