2025-08-27 08:57:27,298 - easytorch-training - INFO - Initializing training.
2025-08-27 08:57:27,298 - easytorch-training - INFO - Set clip grad, param: {'max_norm': 5.0}
2025-08-27 08:57:27,299 - easytorch-training - INFO - Building training data loader.
2025-08-27 08:57:27,300 - easytorch-training - INFO - Train dataset length: 8113
2025-08-27 08:57:28,359 - easytorch-training - INFO - Set optim: Adam (
Parameter Group 0
    amsgrad: False
    betas: (0.9, 0.999)
    capturable: False
    differentiable: False
    eps: 1e-08
    foreach: None
    fused: None
    lr: 0.0002
    maximize: False
    weight_decay: 0.0005
)
2025-08-27 08:57:28,360 - easytorch-training - INFO - Set lr_scheduler: <torch.optim.lr_scheduler.MultiStepLR object at 0x7f0b31e81600>
2025-08-27 08:57:28,361 - easytorch-training - INFO - Initializing validation.
2025-08-27 08:57:28,361 - easytorch-training - INFO - Building val data loader.
2025-08-27 08:57:28,362 - easytorch-training - INFO - Validation dataset length: 2353
2025-08-27 08:57:28,362 - easytorch-training - INFO - Test dataset length: 2353
2025-08-27 08:57:28,363 - easytorch-training - INFO - Number of parameters: 764807
2025-08-27 08:57:28,363 - easytorch-training - INFO - Epoch 1 / 100
2025-08-27 08:57:55,923 - easytorch-training - INFO - Result <train>: [train/time: 27.56 (s), train/lr: 2.00e-04, train/loss: 0.4336, train/MAE: 0.4336, train/MSE: 0.5549]
2025-08-27 08:57:55,924 - easytorch-training - INFO - Start validation.
2025-08-27 08:57:58,962 - easytorch-training - INFO - Result <val>: [val/time: 3.04 (s), val/loss: 0.4082, val/MAE: 0.4082, val/MSE: 0.3533]
2025-08-27 08:57:58,989 - easytorch-training - INFO - Checkpoint checkpoints/TimesNet/ETTh2_100_336_192/43b71e9aba50ed62774d89b6dfa18adf/TimesNet_best_val_MAE.pt saved
2025-08-27 08:58:02,043 - easytorch-training - INFO - Result <test>: [test/time: 3.05 (s), test/loss: 0.4348, test/MAE: 0.4348, test/MSE: 0.4037]
2025-08-27 08:58:02,069 - easytorch-training - INFO - Checkpoint checkpoints/TimesNet/ETTh2_100_336_192/43b71e9aba50ed62774d89b6dfa18adf/TimesNet_001.pt saved
2025-08-27 08:58:02,069 - easytorch-training - INFO - The estimated training finish time is 2025-08-27 09:53:38
2025-08-27 08:58:02,069 - easytorch-training - INFO - Epoch 2 / 100
2025-08-27 08:58:25,579 - easytorch-training - INFO - Result <train>: [train/time: 23.51 (s), train/lr: 1.00e-04, train/loss: 0.3753, train/MAE: 0.3753, train/MSE: 0.4476]
2025-08-27 08:58:25,581 - easytorch-training - INFO - Start validation.
2025-08-27 08:58:28,592 - easytorch-training - INFO - Result <val>: [val/time: 3.01 (s), val/loss: 0.4023, val/MAE: 0.4023, val/MSE: 0.3491]
2025-08-27 08:58:28,629 - easytorch-training - INFO - Checkpoint checkpoints/TimesNet/ETTh2_100_336_192/43b71e9aba50ed62774d89b6dfa18adf/TimesNet_best_val_MAE.pt saved
2025-08-27 08:58:31,660 - easytorch-training - INFO - Result <test>: [test/time: 3.03 (s), test/loss: 0.4292, test/MAE: 0.4292, test/MSE: 0.3987]
2025-08-27 08:58:31,688 - easytorch-training - INFO - Checkpoint checkpoints/TimesNet/ETTh2_100_336_192/43b71e9aba50ed62774d89b6dfa18adf/TimesNet_002.pt saved
2025-08-27 08:58:31,688 - easytorch-training - INFO - The estimated training finish time is 2025-08-27 09:50:14
2025-08-27 08:58:31,688 - easytorch-training - INFO - Epoch 3 / 100
2025-08-27 08:58:54,847 - easytorch-training - INFO - Result <train>: [train/time: 23.16 (s), train/lr: 1.00e-04, train/loss: 0.3633, train/MAE: 0.3633, train/MSE: 0.4286]
2025-08-27 08:58:54,848 - easytorch-training - INFO - Start validation.
2025-08-27 08:58:57,873 - easytorch-training - INFO - Result <val>: [val/time: 3.02 (s), val/loss: 0.4096, val/MAE: 0.4096, val/MSE: 0.3723]
2025-08-27 08:59:00,952 - easytorch-training - INFO - Result <test>: [test/time: 3.08 (s), test/loss: 0.4220, test/MAE: 0.4220, test/MSE: 0.3850]
2025-08-27 08:59:00,979 - easytorch-training - INFO - Checkpoint checkpoints/TimesNet/ETTh2_100_336_192/43b71e9aba50ed62774d89b6dfa18adf/TimesNet_003.pt saved
2025-08-27 08:59:00,979 - easytorch-training - INFO - The estimated training finish time is 2025-08-27 09:48:55
2025-08-27 08:59:00,979 - easytorch-training - INFO - Epoch 4 / 100
2025-08-27 08:59:24,153 - easytorch-training - INFO - Result <train>: [train/time: 23.17 (s), train/lr: 1.00e-04, train/loss: 0.3520, train/MAE: 0.3520, train/MSE: 0.4082]
2025-08-27 08:59:24,155 - easytorch-training - INFO - Start validation.
2025-08-27 08:59:27,158 - easytorch-training - INFO - Result <val>: [val/time: 3.00 (s), val/loss: 0.4186, val/MAE: 0.4186, val/MSE: 0.3964]
2025-08-27 08:59:30,235 - easytorch-training - INFO - Result <test>: [test/time: 3.08 (s), test/loss: 0.4213, test/MAE: 0.4213, test/MSE: 0.3818]
2025-08-27 08:59:30,262 - easytorch-training - INFO - Checkpoint checkpoints/TimesNet/ETTh2_100_336_192/43b71e9aba50ed62774d89b6dfa18adf/TimesNet_004.pt saved
2025-08-27 08:59:30,263 - easytorch-training - INFO - The estimated training finish time is 2025-08-27 09:48:15
2025-08-27 08:59:30,263 - easytorch-training - INFO - Epoch 5 / 100
2025-08-27 08:59:53,470 - easytorch-training - INFO - Result <train>: [train/time: 23.21 (s), train/lr: 1.00e-04, train/loss: 0.3416, train/MAE: 0.3416, train/MSE: 0.3890]
2025-08-27 08:59:53,472 - easytorch-training - INFO - Start validation.
2025-08-27 08:59:56,543 - easytorch-training - INFO - Result <val>: [val/time: 3.07 (s), val/loss: 0.4263, val/MAE: 0.4263, val/MSE: 0.4152]
2025-08-27 08:59:59,671 - easytorch-training - INFO - Result <test>: [test/time: 3.13 (s), test/loss: 0.4204, test/MAE: 0.4204, test/MSE: 0.3820]
2025-08-27 08:59:59,696 - easytorch-training - INFO - Checkpoint checkpoints/TimesNet/ETTh2_100_336_192/43b71e9aba50ed62774d89b6dfa18adf/TimesNet_005.pt saved
2025-08-27 08:59:59,696 - easytorch-training - INFO - The estimated training finish time is 2025-08-27 09:47:55
2025-08-27 08:59:59,696 - easytorch-training - INFO - Epoch 6 / 100
2025-08-27 09:00:22,899 - easytorch-training - INFO - Result <train>: [train/time: 23.20 (s), train/lr: 1.00e-04, train/loss: 0.3347, train/MAE: 0.3347, train/MSE: 0.3745]
2025-08-27 09:00:22,899 - easytorch-training - INFO - Start validation.
2025-08-27 09:00:26,021 - easytorch-training - INFO - Result <val>: [val/time: 3.12 (s), val/loss: 0.4363, val/MAE: 0.4363, val/MSE: 0.4415]
2025-08-27 09:00:29,179 - easytorch-training - INFO - Result <test>: [test/time: 3.16 (s), test/loss: 0.4236, test/MAE: 0.4236, test/MSE: 0.3841]
2025-08-27 09:00:29,205 - easytorch-training - INFO - Checkpoint checkpoints/TimesNet/ETTh2_100_336_192/43b71e9aba50ed62774d89b6dfa18adf/TimesNet_006.pt saved
2025-08-27 09:00:29,205 - easytorch-training - INFO - The estimated training finish time is 2025-08-27 09:47:42
2025-08-27 09:00:29,205 - easytorch-training - INFO - Epoch 7 / 100
2025-08-27 09:00:52,368 - easytorch-training - INFO - Result <train>: [train/time: 23.16 (s), train/lr: 1.00e-04, train/loss: 0.3274, train/MAE: 0.3274, train/MSE: 0.3619]
2025-08-27 09:00:52,368 - easytorch-training - INFO - Start validation.
2025-08-27 09:00:55,451 - easytorch-training - INFO - Result <val>: [val/time: 3.08 (s), val/loss: 0.4450, val/MAE: 0.4450, val/MSE: 0.4619]
2025-08-27 09:00:58,631 - easytorch-training - INFO - Result <test>: [test/time: 3.18 (s), test/loss: 0.4251, test/MAE: 0.4251, test/MSE: 0.3864]
2025-08-27 09:00:58,658 - easytorch-training - INFO - Checkpoint checkpoints/TimesNet/ETTh2_100_336_192/43b71e9aba50ed62774d89b6dfa18adf/TimesNet_007.pt saved
2025-08-27 09:00:58,659 - easytorch-training - INFO - The estimated training finish time is 2025-08-27 09:47:32
2025-08-27 09:00:58,659 - easytorch-training - INFO - Epoch 8 / 100
2025-08-27 09:01:21,899 - easytorch-training - INFO - Result <train>: [train/time: 23.24 (s), train/lr: 1.00e-04, train/loss: 0.3217, train/MAE: 0.3217, train/MSE: 0.3512]
2025-08-27 09:01:21,900 - easytorch-training - INFO - Start validation.
2025-08-27 09:01:25,001 - easytorch-training - INFO - Result <val>: [val/time: 3.10 (s), val/loss: 0.4358, val/MAE: 0.4358, val/MSE: 0.4340]
2025-08-27 09:01:28,203 - easytorch-training - INFO - Result <test>: [test/time: 3.20 (s), test/loss: 0.4283, test/MAE: 0.4283, test/MSE: 0.3949]
2025-08-27 09:01:28,230 - easytorch-training - INFO - Checkpoint checkpoints/TimesNet/ETTh2_100_336_192/43b71e9aba50ed62774d89b6dfa18adf/TimesNet_008.pt saved
2025-08-27 09:01:28,230 - easytorch-training - INFO - The estimated training finish time is 2025-08-27 09:47:26
2025-08-27 09:01:28,230 - easytorch-training - INFO - Epoch 9 / 100
2025-08-27 09:01:51,686 - easytorch-training - INFO - Result <train>: [train/time: 23.46 (s), train/lr: 1.00e-04, train/loss: 0.3166, train/MAE: 0.3166, train/MSE: 0.3420]
2025-08-27 09:01:51,687 - easytorch-training - INFO - Start validation.
2025-08-27 09:01:54,790 - easytorch-training - INFO - Result <val>: [val/time: 3.10 (s), val/loss: 0.4387, val/MAE: 0.4387, val/MSE: 0.4389]
2025-08-27 09:01:58,002 - easytorch-training - INFO - Result <test>: [test/time: 3.21 (s), test/loss: 0.4270, test/MAE: 0.4270, test/MSE: 0.3889]
2025-08-27 09:01:58,027 - easytorch-training - INFO - Checkpoint checkpoints/TimesNet/ETTh2_100_336_192/43b71e9aba50ed62774d89b6dfa18adf/TimesNet_009.pt saved
2025-08-27 09:01:58,028 - easytorch-training - INFO - The estimated training finish time is 2025-08-27 09:47:24
2025-08-27 09:01:58,028 - easytorch-training - INFO - Epoch 10 / 100
2025-08-27 09:02:21,520 - easytorch-training - INFO - Result <train>: [train/time: 23.49 (s), train/lr: 1.00e-04, train/loss: 0.3114, train/MAE: 0.3114, train/MSE: 0.3326]
2025-08-27 09:02:21,521 - easytorch-training - INFO - Start validation.
2025-08-27 09:02:24,660 - easytorch-training - INFO - Result <val>: [val/time: 3.14 (s), val/loss: 0.4549, val/MAE: 0.4549, val/MSE: 0.4801]
2025-08-27 09:02:27,937 - easytorch-training - INFO - Result <test>: [test/time: 3.28 (s), test/loss: 0.4346, test/MAE: 0.4346, test/MSE: 0.4022]
2025-08-27 09:02:27,964 - easytorch-training - INFO - Checkpoint checkpoints/TimesNet/ETTh2_100_336_192/43b71e9aba50ed62774d89b6dfa18adf/TimesNet_010.pt saved
2025-08-27 09:02:27,971 - easytorch-training - INFO - The estimated training finish time is 2025-08-27 09:47:24
2025-08-27 09:02:27,971 - easytorch-training - INFO - Epoch 11 / 100
2025-08-27 09:02:51,510 - easytorch-training - INFO - Result <train>: [train/time: 23.54 (s), train/lr: 1.00e-04, train/loss: 0.3062, train/MAE: 0.3062, train/MSE: 0.3227]
2025-08-27 09:02:51,511 - easytorch-training - INFO - Start validation.
2025-08-27 09:02:54,682 - easytorch-training - INFO - Result <val>: [val/time: 3.17 (s), val/loss: 0.4477, val/MAE: 0.4477, val/MSE: 0.4607]
2025-08-27 09:02:57,930 - easytorch-training - INFO - Result <test>: [test/time: 3.25 (s), test/loss: 0.4341, test/MAE: 0.4341, test/MSE: 0.4017]
2025-08-27 09:02:57,958 - easytorch-training - INFO - Checkpoint checkpoints/TimesNet/ETTh2_100_336_192/43b71e9aba50ed62774d89b6dfa18adf/TimesNet_011.pt saved
2025-08-27 09:02:57,958 - easytorch-training - INFO - The estimated training finish time is 2025-08-27 09:47:24
2025-08-27 09:02:57,958 - easytorch-training - INFO - Epoch 12 / 100
2025-08-27 09:03:21,593 - easytorch-training - INFO - Result <train>: [train/time: 23.63 (s), train/lr: 1.00e-04, train/loss: 0.3008, train/MAE: 0.3008, train/MSE: 0.3126]
2025-08-27 09:03:21,594 - easytorch-training - INFO - Start validation.
2025-08-27 09:03:24,732 - easytorch-training - INFO - Result <val>: [val/time: 3.14 (s), val/loss: 0.4479, val/MAE: 0.4479, val/MSE: 0.4628]
2025-08-27 09:03:27,947 - easytorch-training - INFO - Result <test>: [test/time: 3.21 (s), test/loss: 0.4339, test/MAE: 0.4339, test/MSE: 0.3986]
2025-08-27 09:03:27,975 - easytorch-training - INFO - Checkpoint checkpoints/TimesNet/ETTh2_100_336_192/43b71e9aba50ed62774d89b6dfa18adf/TimesNet_012.pt saved
2025-08-27 09:03:27,975 - easytorch-training - INFO - The estimated training finish time is 2025-08-27 09:47:25
2025-08-27 09:03:27,975 - easytorch-training - INFO - Epoch 13 / 100
2025-08-27 09:03:51,537 - easytorch-training - INFO - Result <train>: [train/time: 23.56 (s), train/lr: 1.00e-04, train/loss: 0.2968, train/MAE: 0.2968, train/MSE: 0.3045]
2025-08-27 09:03:51,538 - easytorch-training - INFO - Start validation.
2025-08-27 09:03:54,700 - easytorch-training - INFO - Result <val>: [val/time: 3.16 (s), val/loss: 0.4404, val/MAE: 0.4404, val/MSE: 0.4337]
2025-08-27 09:03:57,930 - easytorch-training - INFO - Result <test>: [test/time: 3.23 (s), test/loss: 0.4364, test/MAE: 0.4364, test/MSE: 0.4031]
2025-08-27 09:03:57,957 - easytorch-training - INFO - Checkpoint checkpoints/TimesNet/ETTh2_100_336_192/43b71e9aba50ed62774d89b6dfa18adf/TimesNet_013.pt saved
2025-08-27 09:03:57,957 - easytorch-training - INFO - The estimated training finish time is 2025-08-27 09:47:25
2025-08-27 09:03:57,957 - easytorch-training - INFO - Epoch 14 / 100
2025-08-27 09:04:22,422 - easytorch-training - INFO - Result <train>: [train/time: 24.47 (s), train/lr: 1.00e-04, train/loss: 0.2930, train/MAE: 0.2930, train/MSE: 0.2973]
2025-08-27 09:04:22,423 - easytorch-training - INFO - Start validation.
2025-08-27 09:04:25,614 - easytorch-training - INFO - Result <val>: [val/time: 3.19 (s), val/loss: 0.4510, val/MAE: 0.4510, val/MSE: 0.4632]
2025-08-27 09:04:29,008 - easytorch-training - INFO - Result <test>: [test/time: 3.39 (s), test/loss: 0.4383, test/MAE: 0.4383, test/MSE: 0.4025]
2025-08-27 09:04:29,034 - easytorch-training - INFO - Checkpoint checkpoints/TimesNet/ETTh2_100_336_192/43b71e9aba50ed62774d89b6dfa18adf/TimesNet_014.pt saved
2025-08-27 09:04:29,034 - easytorch-training - INFO - The estimated training finish time is 2025-08-27 09:47:33
2025-08-27 09:04:29,034 - easytorch-training - INFO - Epoch 15 / 100
2025-08-27 09:04:53,328 - easytorch-training - INFO - Result <train>: [train/time: 24.29 (s), train/lr: 1.00e-04, train/loss: 0.2874, train/MAE: 0.2874, train/MSE: 0.2880]
2025-08-27 09:04:53,328 - easytorch-training - INFO - Start validation.
2025-08-27 09:04:56,604 - easytorch-training - INFO - Result <val>: [val/time: 3.28 (s), val/loss: 0.4517, val/MAE: 0.4517, val/MSE: 0.4617]
2025-08-27 09:05:00,037 - easytorch-training - INFO - Result <test>: [test/time: 3.43 (s), test/loss: 0.4392, test/MAE: 0.4392, test/MSE: 0.4052]
2025-08-27 09:05:00,064 - easytorch-training - INFO - Checkpoint checkpoints/TimesNet/ETTh2_100_336_192/43b71e9aba50ed62774d89b6dfa18adf/TimesNet_015.pt saved
2025-08-27 09:05:00,064 - easytorch-training - INFO - The estimated training finish time is 2025-08-27 09:47:39
2025-08-27 09:05:00,064 - easytorch-training - INFO - Epoch 16 / 100
2025-08-27 09:05:24,618 - easytorch-training - INFO - Result <train>: [train/time: 24.55 (s), train/lr: 1.00e-04, train/loss: 0.2838, train/MAE: 0.2838, train/MSE: 0.2814]
2025-08-27 09:05:24,619 - easytorch-training - INFO - Start validation.
2025-08-27 09:05:27,880 - easytorch-training - INFO - Result <val>: [val/time: 3.26 (s), val/loss: 0.4612, val/MAE: 0.4612, val/MSE: 0.4817]
2025-08-27 09:05:31,367 - easytorch-training - INFO - Result <test>: [test/time: 3.49 (s), test/loss: 0.4462, test/MAE: 0.4462, test/MSE: 0.4163]
2025-08-27 09:05:31,393 - easytorch-training - INFO - Checkpoint checkpoints/TimesNet/ETTh2_100_336_192/43b71e9aba50ed62774d89b6dfa18adf/TimesNet_016.pt saved
2025-08-27 09:05:31,394 - easytorch-training - INFO - The estimated training finish time is 2025-08-27 09:47:47
2025-08-27 09:05:31,394 - easytorch-training - INFO - Epoch 17 / 100
2025-08-27 09:05:55,721 - easytorch-training - INFO - Result <train>: [train/time: 24.33 (s), train/lr: 1.00e-04, train/loss: 0.2798, train/MAE: 0.2798, train/MSE: 0.2748]
2025-08-27 09:05:55,723 - easytorch-training - INFO - Start validation.
2025-08-27 09:05:59,029 - easytorch-training - INFO - Result <val>: [val/time: 3.31 (s), val/loss: 0.4577, val/MAE: 0.4577, val/MSE: 0.4703]
2025-08-27 09:06:02,536 - easytorch-training - INFO - Result <test>: [test/time: 3.51 (s), test/loss: 0.4515, test/MAE: 0.4515, test/MSE: 0.4269]
2025-08-27 09:06:02,563 - easytorch-training - INFO - Checkpoint checkpoints/TimesNet/ETTh2_100_336_192/43b71e9aba50ed62774d89b6dfa18adf/TimesNet_017.pt saved
2025-08-27 09:06:02,563 - easytorch-training - INFO - The estimated training finish time is 2025-08-27 09:47:53
2025-08-27 09:06:02,563 - easytorch-training - INFO - Epoch 18 / 100
2025-08-27 09:06:27,002 - easytorch-training - INFO - Result <train>: [train/time: 24.44 (s), train/lr: 1.00e-04, train/loss: 0.2767, train/MAE: 0.2767, train/MSE: 0.2692]
2025-08-27 09:06:27,003 - easytorch-training - INFO - Start validation.
2025-08-27 09:06:30,280 - easytorch-training - INFO - Result <val>: [val/time: 3.28 (s), val/loss: 0.4639, val/MAE: 0.4639, val/MSE: 0.4825]
2025-08-27 09:06:33,739 - easytorch-training - INFO - Result <test>: [test/time: 3.46 (s), test/loss: 0.4522, test/MAE: 0.4522, test/MSE: 0.4264]
2025-08-27 09:06:33,768 - easytorch-training - INFO - Checkpoint checkpoints/TimesNet/ETTh2_100_336_192/43b71e9aba50ed62774d89b6dfa18adf/TimesNet_018.pt saved
2025-08-27 09:06:33,768 - easytorch-training - INFO - The estimated training finish time is 2025-08-27 09:47:58
2025-08-27 09:06:33,768 - easytorch-training - INFO - Epoch 19 / 100
2025-08-27 09:06:57,874 - easytorch-training - INFO - Result <train>: [train/time: 24.11 (s), train/lr: 1.00e-04, train/loss: 0.2719, train/MAE: 0.2719, train/MSE: 0.2621]
2025-08-27 09:06:57,875 - easytorch-training - INFO - Start validation.
2025-08-27 09:07:01,122 - easytorch-training - INFO - Result <val>: [val/time: 3.25 (s), val/loss: 0.4656, val/MAE: 0.4656, val/MSE: 0.4864]
2025-08-27 09:07:04,512 - easytorch-training - INFO - Result <test>: [test/time: 3.39 (s), test/loss: 0.4558, test/MAE: 0.4558, test/MSE: 0.4313]
2025-08-27 09:07:04,539 - easytorch-training - INFO - Checkpoint checkpoints/TimesNet/ETTh2_100_336_192/43b71e9aba50ed62774d89b6dfa18adf/TimesNet_019.pt saved
2025-08-27 09:07:04,539 - easytorch-training - INFO - The estimated training finish time is 2025-08-27 09:48:00
2025-08-27 09:07:04,539 - easytorch-training - INFO - Epoch 20 / 100
2025-08-27 09:07:28,308 - easytorch-training - INFO - Result <train>: [train/time: 23.77 (s), train/lr: 1.00e-04, train/loss: 0.2686, train/MAE: 0.2686, train/MSE: 0.2565]
2025-08-27 09:07:28,312 - easytorch-training - INFO - Start validation.
2025-08-27 09:07:31,509 - easytorch-training - INFO - Result <val>: [val/time: 3.20 (s), val/loss: 0.4690, val/MAE: 0.4690, val/MSE: 0.4930]
2025-08-27 09:07:34,847 - easytorch-training - INFO - Result <test>: [test/time: 3.34 (s), test/loss: 0.4550, test/MAE: 0.4550, test/MSE: 0.4305]
2025-08-27 09:07:34,874 - easytorch-training - INFO - Checkpoint checkpoints/TimesNet/ETTh2_100_336_192/43b71e9aba50ed62774d89b6dfa18adf/TimesNet_020.pt saved
2025-08-27 09:07:34,882 - easytorch-training - INFO - The estimated training finish time is 2025-08-27 09:48:00
2025-08-27 09:07:34,882 - easytorch-training - INFO - Epoch 21 / 100
2025-08-27 09:07:58,288 - easytorch-training - INFO - Result <train>: [train/time: 23.41 (s), train/lr: 1.00e-04, train/loss: 0.2660, train/MAE: 0.2660, train/MSE: 0.2517]
2025-08-27 09:07:58,289 - easytorch-training - INFO - Start validation.
2025-08-27 09:08:01,514 - easytorch-training - INFO - Result <val>: [val/time: 3.23 (s), val/loss: 0.4674, val/MAE: 0.4674, val/MSE: 0.4926]
2025-08-27 09:08:04,985 - easytorch-training - INFO - Result <test>: [test/time: 3.47 (s), test/loss: 0.4593, test/MAE: 0.4593, test/MSE: 0.4386]
2025-08-27 09:08:05,011 - easytorch-training - INFO - Checkpoint checkpoints/TimesNet/ETTh2_100_336_192/43b71e9aba50ed62774d89b6dfa18adf/TimesNet_021.pt saved
2025-08-27 09:08:05,011 - easytorch-training - INFO - The estimated training finish time is 2025-08-27 09:48:00
2025-08-27 09:08:05,011 - easytorch-training - INFO - Epoch 22 / 100
2025-08-27 09:08:29,163 - easytorch-training - INFO - Result <train>: [train/time: 24.15 (s), train/lr: 1.00e-04, train/loss: 0.2622, train/MAE: 0.2622, train/MSE: 0.2460]
2025-08-27 09:08:29,164 - easytorch-training - INFO - Start validation.
2025-08-27 09:08:32,477 - easytorch-training - INFO - Result <val>: [val/time: 3.31 (s), val/loss: 0.4727, val/MAE: 0.4727, val/MSE: 0.5003]
2025-08-27 09:08:35,919 - easytorch-training - INFO - Result <test>: [test/time: 3.44 (s), test/loss: 0.4612, test/MAE: 0.4612, test/MSE: 0.4389]
2025-08-27 09:08:35,945 - easytorch-training - INFO - Checkpoint checkpoints/TimesNet/ETTh2_100_336_192/43b71e9aba50ed62774d89b6dfa18adf/TimesNet_022.pt saved
2025-08-27 09:08:35,945 - easytorch-training - INFO - The estimated training finish time is 2025-08-27 09:48:02
2025-08-27 09:08:35,945 - easytorch-training - INFO - Epoch 23 / 100
2025-08-27 09:09:00,902 - easytorch-training - INFO - Result <train>: [train/time: 24.96 (s), train/lr: 1.00e-04, train/loss: 0.2593, train/MAE: 0.2593, train/MSE: 0.2416]
2025-08-27 09:09:00,903 - easytorch-training - INFO - Start validation.
2025-08-27 09:09:04,391 - easytorch-training - INFO - Result <val>: [val/time: 3.49 (s), val/loss: 0.4666, val/MAE: 0.4666, val/MSE: 0.4872]
2025-08-27 09:09:08,191 - easytorch-training - INFO - Result <test>: [test/time: 3.80 (s), test/loss: 0.4626, test/MAE: 0.4626, test/MSE: 0.4398]
2025-08-27 09:09:08,217 - easytorch-training - INFO - Checkpoint checkpoints/TimesNet/ETTh2_100_336_192/43b71e9aba50ed62774d89b6dfa18adf/TimesNet_023.pt saved
2025-08-27 09:09:08,217 - easytorch-training - INFO - The estimated training finish time is 2025-08-27 09:48:11
2025-08-27 09:09:08,217 - easytorch-training - INFO - Epoch 24 / 100
2025-08-27 09:09:34,110 - easytorch-training - INFO - Result <train>: [train/time: 25.89 (s), train/lr: 1.00e-04, train/loss: 0.2576, train/MAE: 0.2576, train/MSE: 0.2384]
2025-08-27 09:09:34,111 - easytorch-training - INFO - Start validation.
2025-08-27 09:09:37,694 - easytorch-training - INFO - Result <val>: [val/time: 3.58 (s), val/loss: 0.4679, val/MAE: 0.4679, val/MSE: 0.4860]
2025-08-27 09:09:41,595 - easytorch-training - INFO - Result <test>: [test/time: 3.90 (s), test/loss: 0.4674, test/MAE: 0.4674, test/MSE: 0.4514]
2025-08-27 09:09:41,623 - easytorch-training - INFO - Checkpoint checkpoints/TimesNet/ETTh2_100_336_192/43b71e9aba50ed62774d89b6dfa18adf/TimesNet_024.pt saved
2025-08-27 09:09:41,623 - easytorch-training - INFO - The estimated training finish time is 2025-08-27 09:48:23
2025-08-27 09:09:41,623 - easytorch-training - INFO - Epoch 25 / 100
2025-08-27 09:10:07,432 - easytorch-training - INFO - Result <train>: [train/time: 25.81 (s), train/lr: 1.00e-04, train/loss: 0.2543, train/MAE: 0.2543, train/MSE: 0.2331]
2025-08-27 09:10:07,434 - easytorch-training - INFO - Start validation.
2025-08-27 09:10:10,901 - easytorch-training - INFO - Result <val>: [val/time: 3.47 (s), val/loss: 0.4805, val/MAE: 0.4805, val/MSE: 0.5203]
2025-08-27 09:10:14,733 - easytorch-training - INFO - Result <test>: [test/time: 3.83 (s), test/loss: 0.4650, test/MAE: 0.4650, test/MSE: 0.4464]
2025-08-27 09:10:14,762 - easytorch-training - INFO - Checkpoint checkpoints/TimesNet/ETTh2_100_336_192/43b71e9aba50ed62774d89b6dfa18adf/TimesNet_025.pt saved
2025-08-27 09:10:14,763 - easytorch-training - INFO - The estimated training finish time is 2025-08-27 09:48:33
2025-08-27 09:10:14,763 - easytorch-training - INFO - Epoch 26 / 100
2025-08-27 09:10:40,556 - easytorch-training - INFO - Result <train>: [train/time: 25.79 (s), train/lr: 5.00e-05, train/loss: 0.2502, train/MAE: 0.2502, train/MSE: 0.2283]
2025-08-27 09:10:40,556 - easytorch-training - INFO - Start validation.
2025-08-27 09:10:44,099 - easytorch-training - INFO - Result <val>: [val/time: 3.54 (s), val/loss: 0.4771, val/MAE: 0.4771, val/MSE: 0.5066]
2025-08-27 09:10:47,951 - easytorch-training - INFO - Result <test>: [test/time: 3.85 (s), test/loss: 0.4691, test/MAE: 0.4691, test/MSE: 0.4535]
2025-08-27 09:10:47,978 - easytorch-training - INFO - Checkpoint checkpoints/TimesNet/ETTh2_100_336_192/43b71e9aba50ed62774d89b6dfa18adf/TimesNet_026.pt saved
2025-08-27 09:10:47,979 - easytorch-training - INFO - The estimated training finish time is 2025-08-27 09:48:43
2025-08-27 09:10:47,979 - easytorch-training - INFO - Epoch 27 / 100
2025-08-27 09:11:13,914 - easytorch-training - INFO - Result <train>: [train/time: 25.94 (s), train/lr: 5.00e-05, train/loss: 0.2491, train/MAE: 0.2491, train/MSE: 0.2263]
2025-08-27 09:11:13,915 - easytorch-training - INFO - Start validation.
2025-08-27 09:11:17,450 - easytorch-training - INFO - Result <val>: [val/time: 3.53 (s), val/loss: 0.4767, val/MAE: 0.4767, val/MSE: 0.5076]
2025-08-27 09:11:21,317 - easytorch-training - INFO - Result <test>: [test/time: 3.86 (s), test/loss: 0.4697, test/MAE: 0.4697, test/MSE: 0.4544]
2025-08-27 09:11:21,343 - easytorch-training - INFO - Checkpoint checkpoints/TimesNet/ETTh2_100_336_192/43b71e9aba50ed62774d89b6dfa18adf/TimesNet_027.pt saved
2025-08-27 09:11:21,343 - easytorch-training - INFO - The estimated training finish time is 2025-08-27 09:48:53
2025-08-27 09:11:21,343 - easytorch-training - INFO - Epoch 28 / 100
2025-08-27 09:11:47,156 - easytorch-training - INFO - Result <train>: [train/time: 25.81 (s), train/lr: 5.00e-05, train/loss: 0.2478, train/MAE: 0.2478, train/MSE: 0.2243]
2025-08-27 09:11:47,157 - easytorch-training - INFO - Start validation.
2025-08-27 09:11:50,734 - easytorch-training - INFO - Result <val>: [val/time: 3.58 (s), val/loss: 0.4794, val/MAE: 0.4794, val/MSE: 0.5141]
2025-08-27 09:11:54,624 - easytorch-training - INFO - Result <test>: [test/time: 3.89 (s), test/loss: 0.4697, test/MAE: 0.4697, test/MSE: 0.4538]
2025-08-27 09:11:54,651 - easytorch-training - INFO - Checkpoint checkpoints/TimesNet/ETTh2_100_336_192/43b71e9aba50ed62774d89b6dfa18adf/TimesNet_028.pt saved
2025-08-27 09:11:54,651 - easytorch-training - INFO - The estimated training finish time is 2025-08-27 09:49:02
2025-08-27 09:11:54,652 - easytorch-training - INFO - Epoch 29 / 100
2025-08-27 09:12:20,321 - easytorch-training - INFO - Result <train>: [train/time: 25.67 (s), train/lr: 5.00e-05, train/loss: 0.2467, train/MAE: 0.2467, train/MSE: 0.2225]
2025-08-27 09:12:20,322 - easytorch-training - INFO - Start validation.
2025-08-27 09:12:23,861 - easytorch-training - INFO - Result <val>: [val/time: 3.54 (s), val/loss: 0.4771, val/MAE: 0.4771, val/MSE: 0.5045]
2025-08-27 09:12:27,761 - easytorch-training - INFO - Result <test>: [test/time: 3.90 (s), test/loss: 0.4718, test/MAE: 0.4718, test/MSE: 0.4589]
2025-08-27 09:12:27,788 - easytorch-training - INFO - Checkpoint checkpoints/TimesNet/ETTh2_100_336_192/43b71e9aba50ed62774d89b6dfa18adf/TimesNet_029.pt saved
2025-08-27 09:12:27,789 - easytorch-training - INFO - The estimated training finish time is 2025-08-27 09:49:09
2025-08-27 09:12:27,789 - easytorch-training - INFO - Epoch 30 / 100
2025-08-27 09:12:53,408 - easytorch-training - INFO - Result <train>: [train/time: 25.62 (s), train/lr: 5.00e-05, train/loss: 0.2453, train/MAE: 0.2453, train/MSE: 0.2203]
2025-08-27 09:12:53,410 - easytorch-training - INFO - Start validation.
2025-08-27 09:12:56,986 - easytorch-training - INFO - Result <val>: [val/time: 3.58 (s), val/loss: 0.4816, val/MAE: 0.4816, val/MSE: 0.5185]
2025-08-27 09:13:00,877 - easytorch-training - INFO - Result <test>: [test/time: 3.89 (s), test/loss: 0.4695, test/MAE: 0.4695, test/MSE: 0.4540]
2025-08-27 09:13:00,904 - easytorch-training - INFO - Checkpoint checkpoints/TimesNet/ETTh2_100_336_192/43b71e9aba50ed62774d89b6dfa18adf/TimesNet_030.pt saved
2025-08-27 09:13:00,912 - easytorch-training - INFO - The estimated training finish time is 2025-08-27 09:49:16
2025-08-27 09:13:00,912 - easytorch-training - INFO - Epoch 31 / 100
2025-08-27 09:13:26,554 - easytorch-training - INFO - Result <train>: [train/time: 25.64 (s), train/lr: 5.00e-05, train/loss: 0.2440, train/MAE: 0.2440, train/MSE: 0.2182]
2025-08-27 09:13:26,555 - easytorch-training - INFO - Start validation.
2025-08-27 09:13:30,149 - easytorch-training - INFO - Result <val>: [val/time: 3.59 (s), val/loss: 0.4778, val/MAE: 0.4778, val/MSE: 0.5062]
2025-08-27 09:13:34,000 - easytorch-training - INFO - Result <test>: [test/time: 3.85 (s), test/loss: 0.4767, test/MAE: 0.4767, test/MSE: 0.4695]
2025-08-27 09:13:34,027 - easytorch-training - INFO - Checkpoint checkpoints/TimesNet/ETTh2_100_336_192/43b71e9aba50ed62774d89b6dfa18adf/TimesNet_031.pt saved
2025-08-27 09:13:34,027 - easytorch-training - INFO - The estimated training finish time is 2025-08-27 09:49:23
2025-08-27 09:13:34,027 - easytorch-training - INFO - Epoch 32 / 100
2025-08-27 09:13:59,967 - easytorch-training - INFO - Result <train>: [train/time: 25.94 (s), train/lr: 5.00e-05, train/loss: 0.2429, train/MAE: 0.2429, train/MSE: 0.2164]
2025-08-27 09:13:59,968 - easytorch-training - INFO - Start validation.
2025-08-27 09:14:03,473 - easytorch-training - INFO - Result <val>: [val/time: 3.50 (s), val/loss: 0.4822, val/MAE: 0.4822, val/MSE: 0.5192]
2025-08-27 09:14:07,307 - easytorch-training - INFO - Result <test>: [test/time: 3.83 (s), test/loss: 0.4763, test/MAE: 0.4763, test/MSE: 0.4700]
2025-08-27 09:14:07,334 - easytorch-training - INFO - Checkpoint checkpoints/TimesNet/ETTh2_100_336_192/43b71e9aba50ed62774d89b6dfa18adf/TimesNet_032.pt saved
2025-08-27 09:14:07,334 - easytorch-training - INFO - The estimated training finish time is 2025-08-27 09:49:30
2025-08-27 09:14:07,334 - easytorch-training - INFO - Epoch 33 / 100
2025-08-27 09:14:33,178 - easytorch-training - INFO - Result <train>: [train/time: 25.84 (s), train/lr: 5.00e-05, train/loss: 0.2416, train/MAE: 0.2416, train/MSE: 0.2143]
2025-08-27 09:14:33,179 - easytorch-training - INFO - Start validation.
2025-08-27 09:14:36,709 - easytorch-training - INFO - Result <val>: [val/time: 3.53 (s), val/loss: 0.4802, val/MAE: 0.4802, val/MSE: 0.5147]
2025-08-27 09:14:40,535 - easytorch-training - INFO - Result <test>: [test/time: 3.82 (s), test/loss: 0.4760, test/MAE: 0.4760, test/MSE: 0.4707]
2025-08-27 09:14:40,562 - easytorch-training - INFO - Checkpoint checkpoints/TimesNet/ETTh2_100_336_192/43b71e9aba50ed62774d89b6dfa18adf/TimesNet_033.pt saved
2025-08-27 09:14:40,562 - easytorch-training - INFO - The estimated training finish time is 2025-08-27 09:49:36
2025-08-27 09:14:40,562 - easytorch-training - INFO - Epoch 34 / 100
2025-08-27 09:15:06,272 - easytorch-training - INFO - Result <train>: [train/time: 25.71 (s), train/lr: 5.00e-05, train/loss: 0.2404, train/MAE: 0.2404, train/MSE: 0.2126]
2025-08-27 09:15:06,274 - easytorch-training - INFO - Start validation.
2025-08-27 09:15:09,825 - easytorch-training - INFO - Result <val>: [val/time: 3.55 (s), val/loss: 0.4806, val/MAE: 0.4806, val/MSE: 0.5111]
2025-08-27 09:15:13,574 - easytorch-training - INFO - Result <test>: [test/time: 3.75 (s), test/loss: 0.4780, test/MAE: 0.4780, test/MSE: 0.4739]
2025-08-27 09:15:13,600 - easytorch-training - INFO - Checkpoint checkpoints/TimesNet/ETTh2_100_336_192/43b71e9aba50ed62774d89b6dfa18adf/TimesNet_034.pt saved
2025-08-27 09:15:13,601 - easytorch-training - INFO - The estimated training finish time is 2025-08-27 09:49:41
2025-08-27 09:15:13,601 - easytorch-training - INFO - Epoch 35 / 100
2025-08-27 09:15:39,269 - easytorch-training - INFO - Result <train>: [train/time: 25.67 (s), train/lr: 5.00e-05, train/loss: 0.2394, train/MAE: 0.2394, train/MSE: 0.2108]
2025-08-27 09:15:39,271 - easytorch-training - INFO - Start validation.
2025-08-27 09:15:42,838 - easytorch-training - INFO - Result <val>: [val/time: 3.57 (s), val/loss: 0.4856, val/MAE: 0.4856, val/MSE: 0.5262]
2025-08-27 09:15:46,559 - easytorch-training - INFO - Result <test>: [test/time: 3.72 (s), test/loss: 0.4780, test/MAE: 0.4780, test/MSE: 0.4745]
2025-08-27 09:15:46,586 - easytorch-training - INFO - Checkpoint checkpoints/TimesNet/ETTh2_100_336_192/43b71e9aba50ed62774d89b6dfa18adf/TimesNet_035.pt saved
2025-08-27 09:15:46,587 - easytorch-training - INFO - The estimated training finish time is 2025-08-27 09:49:46
2025-08-27 09:15:46,587 - easytorch-training - INFO - Epoch 36 / 100
2025-08-27 09:16:12,190 - easytorch-training - INFO - Result <train>: [train/time: 25.60 (s), train/lr: 5.00e-05, train/loss: 0.2380, train/MAE: 0.2380, train/MSE: 0.2088]
2025-08-27 09:16:12,191 - easytorch-training - INFO - Start validation.
2025-08-27 09:16:15,754 - easytorch-training - INFO - Result <val>: [val/time: 3.56 (s), val/loss: 0.4843, val/MAE: 0.4843, val/MSE: 0.5195]
2025-08-27 09:16:19,457 - easytorch-training - INFO - Result <test>: [test/time: 3.70 (s), test/loss: 0.4786, test/MAE: 0.4786, test/MSE: 0.4742]
2025-08-27 09:16:19,484 - easytorch-training - INFO - Checkpoint checkpoints/TimesNet/ETTh2_100_336_192/43b71e9aba50ed62774d89b6dfa18adf/TimesNet_036.pt saved
2025-08-27 09:16:19,484 - easytorch-training - INFO - The estimated training finish time is 2025-08-27 09:49:50
2025-08-27 09:16:19,484 - easytorch-training - INFO - Epoch 37 / 100
2025-08-27 09:16:45,186 - easytorch-training - INFO - Result <train>: [train/time: 25.70 (s), train/lr: 5.00e-05, train/loss: 0.2375, train/MAE: 0.2375, train/MSE: 0.2075]
2025-08-27 09:16:45,187 - easytorch-training - INFO - Start validation.
2025-08-27 09:16:48,767 - easytorch-training - INFO - Result <val>: [val/time: 3.58 (s), val/loss: 0.4876, val/MAE: 0.4876, val/MSE: 0.5316]
2025-08-27 09:16:52,505 - easytorch-training - INFO - Result <test>: [test/time: 3.74 (s), test/loss: 0.4807, test/MAE: 0.4807, test/MSE: 0.4812]
2025-08-27 09:16:52,533 - easytorch-training - INFO - Checkpoint checkpoints/TimesNet/ETTh2_100_336_192/43b71e9aba50ed62774d89b6dfa18adf/TimesNet_037.pt saved
2025-08-27 09:16:52,533 - easytorch-training - INFO - The estimated training finish time is 2025-08-27 09:49:54
2025-08-27 09:16:52,534 - easytorch-training - INFO - Epoch 38 / 100
2025-08-27 09:17:18,344 - easytorch-training - INFO - Result <train>: [train/time: 25.81 (s), train/lr: 5.00e-05, train/loss: 0.2365, train/MAE: 0.2365, train/MSE: 0.2058]
2025-08-27 09:17:18,345 - easytorch-training - INFO - Start validation.
2025-08-27 09:17:21,907 - easytorch-training - INFO - Result <val>: [val/time: 3.56 (s), val/loss: 0.4871, val/MAE: 0.4871, val/MSE: 0.5288]
2025-08-27 09:17:25,644 - easytorch-training - INFO - Result <test>: [test/time: 3.74 (s), test/loss: 0.4801, test/MAE: 0.4801, test/MSE: 0.4809]
2025-08-27 09:17:25,671 - easytorch-training - INFO - Checkpoint checkpoints/TimesNet/ETTh2_100_336_192/43b71e9aba50ed62774d89b6dfa18adf/TimesNet_038.pt saved
2025-08-27 09:17:25,671 - easytorch-training - INFO - The estimated training finish time is 2025-08-27 09:49:59
2025-08-27 09:17:25,671 - easytorch-training - INFO - Epoch 39 / 100
2025-08-27 09:17:51,454 - easytorch-training - INFO - Result <train>: [train/time: 25.78 (s), train/lr: 5.00e-05, train/loss: 0.2350, train/MAE: 0.2350, train/MSE: 0.2038]
2025-08-27 09:17:51,455 - easytorch-training - INFO - Start validation.
2025-08-27 09:17:55,023 - easytorch-training - INFO - Result <val>: [val/time: 3.57 (s), val/loss: 0.4903, val/MAE: 0.4903, val/MSE: 0.5372]
2025-08-27 09:17:58,768 - easytorch-training - INFO - Result <test>: [test/time: 3.74 (s), test/loss: 0.4811, test/MAE: 0.4811, test/MSE: 0.4813]
2025-08-27 09:17:58,795 - easytorch-training - INFO - Checkpoint checkpoints/TimesNet/ETTh2_100_336_192/43b71e9aba50ed62774d89b6dfa18adf/TimesNet_039.pt saved
2025-08-27 09:17:58,795 - easytorch-training - INFO - The estimated training finish time is 2025-08-27 09:50:03
2025-08-27 09:17:58,795 - easytorch-training - INFO - Epoch 40 / 100
2025-08-27 09:18:24,380 - easytorch-training - INFO - Result <train>: [train/time: 25.59 (s), train/lr: 5.00e-05, train/loss: 0.2336, train/MAE: 0.2336, train/MSE: 0.2020]
2025-08-27 09:18:24,381 - easytorch-training - INFO - Start validation.
2025-08-27 09:18:27,933 - easytorch-training - INFO - Result <val>: [val/time: 3.55 (s), val/loss: 0.4906, val/MAE: 0.4906, val/MSE: 0.5355]
2025-08-27 09:18:31,627 - easytorch-training - INFO - Result <test>: [test/time: 3.69 (s), test/loss: 0.4836, test/MAE: 0.4836, test/MSE: 0.4872]
2025-08-27 09:18:31,652 - easytorch-training - INFO - Checkpoint checkpoints/TimesNet/ETTh2_100_336_192/43b71e9aba50ed62774d89b6dfa18adf/TimesNet_040.pt saved
2025-08-27 09:18:31,659 - easytorch-training - INFO - The estimated training finish time is 2025-08-27 09:50:06
2025-08-27 09:18:31,659 - easytorch-training - INFO - Epoch 41 / 100
2025-08-27 09:18:57,280 - easytorch-training - INFO - Result <train>: [train/time: 25.62 (s), train/lr: 5.00e-05, train/loss: 0.2328, train/MAE: 0.2328, train/MSE: 0.2005]
2025-08-27 09:18:57,282 - easytorch-training - INFO - Start validation.
2025-08-27 09:19:00,814 - easytorch-training - INFO - Result <val>: [val/time: 3.53 (s), val/loss: 0.4935, val/MAE: 0.4935, val/MSE: 0.5434]
2025-08-27 09:19:04,498 - easytorch-training - INFO - Result <test>: [test/time: 3.68 (s), test/loss: 0.4834, test/MAE: 0.4834, test/MSE: 0.4856]
2025-08-27 09:19:04,524 - easytorch-training - INFO - Checkpoint checkpoints/TimesNet/ETTh2_100_336_192/43b71e9aba50ed62774d89b6dfa18adf/TimesNet_041.pt saved
2025-08-27 09:19:04,525 - easytorch-training - INFO - The estimated training finish time is 2025-08-27 09:50:09
2025-08-27 09:19:04,525 - easytorch-training - INFO - Epoch 42 / 100
2025-08-27 09:19:30,018 - easytorch-training - INFO - Result <train>: [train/time: 25.49 (s), train/lr: 5.00e-05, train/loss: 0.2322, train/MAE: 0.2322, train/MSE: 0.1992]
2025-08-27 09:19:30,018 - easytorch-training - INFO - Start validation.
2025-08-27 09:19:33,561 - easytorch-training - INFO - Result <val>: [val/time: 3.54 (s), val/loss: 0.4966, val/MAE: 0.4966, val/MSE: 0.5488]
2025-08-27 09:19:37,322 - easytorch-training - INFO - Result <test>: [test/time: 3.76 (s), test/loss: 0.4873, test/MAE: 0.4873, test/MSE: 0.4939]
2025-08-27 09:19:37,348 - easytorch-training - INFO - Checkpoint checkpoints/TimesNet/ETTh2_100_336_192/43b71e9aba50ed62774d89b6dfa18adf/TimesNet_042.pt saved
2025-08-27 09:19:37,348 - easytorch-training - INFO - The estimated training finish time is 2025-08-27 09:50:12
2025-08-27 09:19:37,348 - easytorch-training - INFO - Epoch 43 / 100
2025-08-27 09:20:02,906 - easytorch-training - INFO - Result <train>: [train/time: 25.56 (s), train/lr: 5.00e-05, train/loss: 0.2311, train/MAE: 0.2311, train/MSE: 0.1977]
2025-08-27 09:20:02,907 - easytorch-training - INFO - Start validation.
2025-08-27 09:20:06,428 - easytorch-training - INFO - Result <val>: [val/time: 3.52 (s), val/loss: 0.5047, val/MAE: 0.5047, val/MSE: 0.5764]
2025-08-27 09:20:10,186 - easytorch-training - INFO - Result <test>: [test/time: 3.76 (s), test/loss: 0.4888, test/MAE: 0.4888, test/MSE: 0.4963]
2025-08-27 09:20:10,212 - easytorch-training - INFO - Checkpoint checkpoints/TimesNet/ETTh2_100_336_192/43b71e9aba50ed62774d89b6dfa18adf/TimesNet_043.pt saved
2025-08-27 09:20:10,212 - easytorch-training - INFO - The estimated training finish time is 2025-08-27 09:50:15
2025-08-27 09:20:10,212 - easytorch-training - INFO - Epoch 44 / 100
2025-08-27 09:20:35,835 - easytorch-training - INFO - Result <train>: [train/time: 25.62 (s), train/lr: 5.00e-05, train/loss: 0.2299, train/MAE: 0.2299, train/MSE: 0.1961]
2025-08-27 09:20:35,836 - easytorch-training - INFO - Start validation.
2025-08-27 09:20:39,412 - easytorch-training - INFO - Result <val>: [val/time: 3.58 (s), val/loss: 0.4912, val/MAE: 0.4912, val/MSE: 0.5341]
2025-08-27 09:20:43,158 - easytorch-training - INFO - Result <test>: [test/time: 3.74 (s), test/loss: 0.4873, test/MAE: 0.4873, test/MSE: 0.4945]
2025-08-27 09:20:43,184 - easytorch-training - INFO - Checkpoint checkpoints/TimesNet/ETTh2_100_336_192/43b71e9aba50ed62774d89b6dfa18adf/TimesNet_044.pt saved
2025-08-27 09:20:43,185 - easytorch-training - INFO - The estimated training finish time is 2025-08-27 09:50:18
2025-08-27 09:20:43,185 - easytorch-training - INFO - Epoch 45 / 100
2025-08-27 09:21:08,888 - easytorch-training - INFO - Result <train>: [train/time: 25.70 (s), train/lr: 5.00e-05, train/loss: 0.2293, train/MAE: 0.2293, train/MSE: 0.1949]
2025-08-27 09:21:08,889 - easytorch-training - INFO - Start validation.
2025-08-27 09:21:12,481 - easytorch-training - INFO - Result <val>: [val/time: 3.59 (s), val/loss: 0.4960, val/MAE: 0.4960, val/MSE: 0.5454]
2025-08-27 09:21:16,268 - easytorch-training - INFO - Result <test>: [test/time: 3.79 (s), test/loss: 0.4894, test/MAE: 0.4894, test/MSE: 0.4972]
2025-08-27 09:21:16,294 - easytorch-training - INFO - Checkpoint checkpoints/TimesNet/ETTh2_100_336_192/43b71e9aba50ed62774d89b6dfa18adf/TimesNet_045.pt saved
2025-08-27 09:21:16,295 - easytorch-training - INFO - The estimated training finish time is 2025-08-27 09:50:21
2025-08-27 09:21:16,295 - easytorch-training - INFO - Epoch 46 / 100
2025-08-27 09:21:41,869 - easytorch-training - INFO - Result <train>: [train/time: 25.57 (s), train/lr: 5.00e-05, train/loss: 0.2282, train/MAE: 0.2282, train/MSE: 0.1933]
2025-08-27 09:21:41,870 - easytorch-training - INFO - Start validation.
2025-08-27 09:21:45,454 - easytorch-training - INFO - Result <val>: [val/time: 3.58 (s), val/loss: 0.4945, val/MAE: 0.4945, val/MSE: 0.5419]
2025-08-27 09:21:49,126 - easytorch-training - INFO - Result <test>: [test/time: 3.67 (s), test/loss: 0.4872, test/MAE: 0.4872, test/MSE: 0.4944]
2025-08-27 09:21:49,153 - easytorch-training - INFO - Checkpoint checkpoints/TimesNet/ETTh2_100_336_192/43b71e9aba50ed62774d89b6dfa18adf/TimesNet_046.pt saved
2025-08-27 09:21:49,153 - easytorch-training - INFO - The estimated training finish time is 2025-08-27 09:50:23
2025-08-27 09:21:49,153 - easytorch-training - INFO - Epoch 47 / 100
2025-08-27 09:22:14,861 - easytorch-training - INFO - Result <train>: [train/time: 25.71 (s), train/lr: 5.00e-05, train/loss: 0.2275, train/MAE: 0.2275, train/MSE: 0.1921]
2025-08-27 09:22:14,862 - easytorch-training - INFO - Start validation.
2025-08-27 09:22:18,465 - easytorch-training - INFO - Result <val>: [val/time: 3.60 (s), val/loss: 0.4957, val/MAE: 0.4957, val/MSE: 0.5449]
2025-08-27 09:22:22,283 - easytorch-training - INFO - Result <test>: [test/time: 3.82 (s), test/loss: 0.4866, test/MAE: 0.4866, test/MSE: 0.4938]
2025-08-27 09:22:22,311 - easytorch-training - INFO - Checkpoint checkpoints/TimesNet/ETTh2_100_336_192/43b71e9aba50ed62774d89b6dfa18adf/TimesNet_047.pt saved
2025-08-27 09:22:22,312 - easytorch-training - INFO - The estimated training finish time is 2025-08-27 09:50:26
2025-08-27 09:22:22,312 - easytorch-training - INFO - Epoch 48 / 100
2025-08-27 09:22:47,869 - easytorch-training - INFO - Result <train>: [train/time: 25.56 (s), train/lr: 5.00e-05, train/loss: 0.2267, train/MAE: 0.2267, train/MSE: 0.1908]
2025-08-27 09:22:47,870 - easytorch-training - INFO - Start validation.
2025-08-27 09:22:51,491 - easytorch-training - INFO - Result <val>: [val/time: 3.62 (s), val/loss: 0.5002, val/MAE: 0.5002, val/MSE: 0.5562]
2025-08-27 09:22:55,298 - easytorch-training - INFO - Result <test>: [test/time: 3.81 (s), test/loss: 0.4900, test/MAE: 0.4900, test/MSE: 0.4997]
2025-08-27 09:22:55,326 - easytorch-training - INFO - Checkpoint checkpoints/TimesNet/ETTh2_100_336_192/43b71e9aba50ed62774d89b6dfa18adf/TimesNet_048.pt saved
2025-08-27 09:22:55,326 - easytorch-training - INFO - The estimated training finish time is 2025-08-27 09:50:29
2025-08-27 09:22:55,326 - easytorch-training - INFO - Epoch 49 / 100
2025-08-27 09:23:20,913 - easytorch-training - INFO - Result <train>: [train/time: 25.59 (s), train/lr: 5.00e-05, train/loss: 0.2254, train/MAE: 0.2254, train/MSE: 0.1892]
2025-08-27 09:23:20,914 - easytorch-training - INFO - Start validation.
2025-08-27 09:23:24,554 - easytorch-training - INFO - Result <val>: [val/time: 3.64 (s), val/loss: 0.4984, val/MAE: 0.4984, val/MSE: 0.5536]
2025-08-27 09:23:28,416 - easytorch-training - INFO - Result <test>: [test/time: 3.86 (s), test/loss: 0.4879, test/MAE: 0.4879, test/MSE: 0.4949]
2025-08-27 09:23:28,444 - easytorch-training - INFO - Checkpoint checkpoints/TimesNet/ETTh2_100_336_192/43b71e9aba50ed62774d89b6dfa18adf/TimesNet_049.pt saved
2025-08-27 09:23:28,444 - easytorch-training - INFO - The estimated training finish time is 2025-08-27 09:50:32
2025-08-27 09:23:28,444 - easytorch-training - INFO - Epoch 50 / 100
2025-08-27 09:23:54,129 - easytorch-training - INFO - Result <train>: [train/time: 25.69 (s), train/lr: 5.00e-05, train/loss: 0.2249, train/MAE: 0.2249, train/MSE: 0.1882]
2025-08-27 09:23:54,130 - easytorch-training - INFO - Start validation.
2025-08-27 09:23:57,762 - easytorch-training - INFO - Result <val>: [val/time: 3.63 (s), val/loss: 0.5020, val/MAE: 0.5020, val/MSE: 0.5594]
2025-08-27 09:24:01,641 - easytorch-training - INFO - Result <test>: [test/time: 3.88 (s), test/loss: 0.4910, test/MAE: 0.4910, test/MSE: 0.5027]
2025-08-27 09:24:01,669 - easytorch-training - INFO - Checkpoint checkpoints/TimesNet/ETTh2_100_336_192/43b71e9aba50ed62774d89b6dfa18adf/TimesNet_050.pt saved
2025-08-27 09:24:01,676 - easytorch-training - INFO - The estimated training finish time is 2025-08-27 09:50:34
2025-08-27 09:24:01,676 - easytorch-training - INFO - Epoch 51 / 100
2025-08-27 09:24:27,091 - easytorch-training - INFO - Result <train>: [train/time: 25.41 (s), train/lr: 2.50e-05, train/loss: 0.2233, train/MAE: 0.2233, train/MSE: 0.1863]
2025-08-27 09:24:27,092 - easytorch-training - INFO - Start validation.
2025-08-27 09:24:30,632 - easytorch-training - INFO - Result <val>: [val/time: 3.54 (s), val/loss: 0.5007, val/MAE: 0.5007, val/MSE: 0.5587]
2025-08-27 09:24:34,420 - easytorch-training - INFO - Result <test>: [test/time: 3.79 (s), test/loss: 0.4881, test/MAE: 0.4881, test/MSE: 0.4962]
2025-08-27 09:24:34,446 - easytorch-training - INFO - Checkpoint checkpoints/TimesNet/ETTh2_100_336_192/43b71e9aba50ed62774d89b6dfa18adf/TimesNet_051.pt saved
2025-08-27 09:24:34,446 - easytorch-training - INFO - The estimated training finish time is 2025-08-27 09:50:36
2025-08-27 09:24:34,446 - easytorch-training - INFO - Epoch 52 / 100
2025-08-27 09:24:59,941 - easytorch-training - INFO - Result <train>: [train/time: 25.50 (s), train/lr: 2.50e-05, train/loss: 0.2227, train/MAE: 0.2227, train/MSE: 0.1857]
2025-08-27 09:24:59,943 - easytorch-training - INFO - Start validation.
2025-08-27 09:25:03,520 - easytorch-training - INFO - Result <val>: [val/time: 3.58 (s), val/loss: 0.5049, val/MAE: 0.5049, val/MSE: 0.5698]
2025-08-27 09:25:07,371 - easytorch-training - INFO - Result <test>: [test/time: 3.85 (s), test/loss: 0.4917, test/MAE: 0.4917, test/MSE: 0.5029]
2025-08-27 09:25:07,398 - easytorch-training - INFO - Checkpoint checkpoints/TimesNet/ETTh2_100_336_192/43b71e9aba50ed62774d89b6dfa18adf/TimesNet_052.pt saved
2025-08-27 09:25:07,398 - easytorch-training - INFO - The estimated training finish time is 2025-08-27 09:50:38
2025-08-27 09:25:07,398 - easytorch-training - INFO - Epoch 53 / 100
2025-08-27 09:25:33,123 - easytorch-training - INFO - Result <train>: [train/time: 25.72 (s), train/lr: 2.50e-05, train/loss: 0.2222, train/MAE: 0.2222, train/MSE: 0.1849]
2025-08-27 09:25:33,124 - easytorch-training - INFO - Start validation.
2025-08-27 09:25:36,683 - easytorch-training - INFO - Result <val>: [val/time: 3.56 (s), val/loss: 0.5059, val/MAE: 0.5059, val/MSE: 0.5715]
2025-08-27 09:25:40,501 - easytorch-training - INFO - Result <test>: [test/time: 3.82 (s), test/loss: 0.4909, test/MAE: 0.4909, test/MSE: 0.5003]
2025-08-27 09:25:40,529 - easytorch-training - INFO - Checkpoint checkpoints/TimesNet/ETTh2_100_336_192/43b71e9aba50ed62774d89b6dfa18adf/TimesNet_053.pt saved
2025-08-27 09:25:40,529 - easytorch-training - INFO - The estimated training finish time is 2025-08-27 09:50:41
2025-08-27 09:25:40,529 - easytorch-training - INFO - Epoch 54 / 100
2025-08-27 09:26:06,162 - easytorch-training - INFO - Result <train>: [train/time: 25.63 (s), train/lr: 2.50e-05, train/loss: 0.2218, train/MAE: 0.2218, train/MSE: 0.1843]
2025-08-27 09:26:06,163 - easytorch-training - INFO - Start validation.
2025-08-27 09:26:09,727 - easytorch-training - INFO - Result <val>: [val/time: 3.56 (s), val/loss: 0.5047, val/MAE: 0.5047, val/MSE: 0.5699]
2025-08-27 09:26:13,545 - easytorch-training - INFO - Result <test>: [test/time: 3.82 (s), test/loss: 0.4911, test/MAE: 0.4911, test/MSE: 0.5021]
2025-08-27 09:26:13,571 - easytorch-training - INFO - Checkpoint checkpoints/TimesNet/ETTh2_100_336_192/43b71e9aba50ed62774d89b6dfa18adf/TimesNet_054.pt saved
2025-08-27 09:26:13,572 - easytorch-training - INFO - The estimated training finish time is 2025-08-27 09:50:43
2025-08-27 09:26:13,572 - easytorch-training - INFO - Epoch 55 / 100
2025-08-27 09:26:39,258 - easytorch-training - INFO - Result <train>: [train/time: 25.69 (s), train/lr: 2.50e-05, train/loss: 0.2214, train/MAE: 0.2214, train/MSE: 0.1837]
2025-08-27 09:26:39,259 - easytorch-training - INFO - Start validation.
2025-08-27 09:26:42,905 - easytorch-training - INFO - Result <val>: [val/time: 3.65 (s), val/loss: 0.5038, val/MAE: 0.5038, val/MSE: 0.5639]
2025-08-27 09:26:46,832 - easytorch-training - INFO - Result <test>: [test/time: 3.93 (s), test/loss: 0.4923, test/MAE: 0.4923, test/MSE: 0.5043]
2025-08-27 09:26:46,857 - easytorch-training - INFO - Checkpoint checkpoints/TimesNet/ETTh2_100_336_192/43b71e9aba50ed62774d89b6dfa18adf/TimesNet_055.pt saved
2025-08-27 09:26:46,858 - easytorch-training - INFO - The estimated training finish time is 2025-08-27 09:50:45
2025-08-27 09:26:46,858 - easytorch-training - INFO - Epoch 56 / 100
2025-08-27 09:27:12,543 - easytorch-training - INFO - Result <train>: [train/time: 25.68 (s), train/lr: 2.50e-05, train/loss: 0.2209, train/MAE: 0.2209, train/MSE: 0.1831]
2025-08-27 09:27:12,543 - easytorch-training - INFO - Start validation.
2025-08-27 09:27:16,164 - easytorch-training - INFO - Result <val>: [val/time: 3.62 (s), val/loss: 0.5076, val/MAE: 0.5076, val/MSE: 0.5743]
2025-08-27 09:27:20,055 - easytorch-training - INFO - Result <test>: [test/time: 3.89 (s), test/loss: 0.4905, test/MAE: 0.4905, test/MSE: 0.4996]
2025-08-27 09:27:20,087 - easytorch-training - INFO - Checkpoint checkpoints/TimesNet/ETTh2_100_336_192/43b71e9aba50ed62774d89b6dfa18adf/TimesNet_056.pt saved
2025-08-27 09:27:20,087 - easytorch-training - INFO - The estimated training finish time is 2025-08-27 09:50:47
2025-08-27 09:27:20,087 - easytorch-training - INFO - Epoch 57 / 100
2025-08-27 09:27:45,806 - easytorch-training - INFO - Result <train>: [train/time: 25.72 (s), train/lr: 2.50e-05, train/loss: 0.2205, train/MAE: 0.2205, train/MSE: 0.1824]
2025-08-27 09:27:45,807 - easytorch-training - INFO - Start validation.
2025-08-27 09:27:49,469 - easytorch-training - INFO - Result <val>: [val/time: 3.66 (s), val/loss: 0.5085, val/MAE: 0.5085, val/MSE: 0.5789]
2025-08-27 09:27:53,377 - easytorch-training - INFO - Result <test>: [test/time: 3.91 (s), test/loss: 0.4912, test/MAE: 0.4912, test/MSE: 0.5007]
2025-08-27 09:27:53,404 - easytorch-training - INFO - Checkpoint checkpoints/TimesNet/ETTh2_100_336_192/43b71e9aba50ed62774d89b6dfa18adf/TimesNet_057.pt saved
2025-08-27 09:27:53,405 - easytorch-training - INFO - The estimated training finish time is 2025-08-27 09:50:50
2025-08-27 09:27:53,405 - easytorch-training - INFO - Epoch 58 / 100
2025-08-27 09:28:19,258 - easytorch-training - INFO - Result <train>: [train/time: 25.85 (s), train/lr: 2.50e-05, train/loss: 0.2200, train/MAE: 0.2200, train/MSE: 0.1817]
2025-08-27 09:28:19,259 - easytorch-training - INFO - Start validation.
2025-08-27 09:28:22,912 - easytorch-training - INFO - Result <val>: [val/time: 3.65 (s), val/loss: 0.5081, val/MAE: 0.5081, val/MSE: 0.5771]
2025-08-27 09:28:26,808 - easytorch-training - INFO - Result <test>: [test/time: 3.89 (s), test/loss: 0.4927, test/MAE: 0.4927, test/MSE: 0.5042]
2025-08-27 09:28:26,835 - easytorch-training - INFO - Checkpoint checkpoints/TimesNet/ETTh2_100_336_192/43b71e9aba50ed62774d89b6dfa18adf/TimesNet_058.pt saved
2025-08-27 09:28:26,835 - easytorch-training - INFO - The estimated training finish time is 2025-08-27 09:50:52
2025-08-27 09:28:26,835 - easytorch-training - INFO - Epoch 59 / 100
2025-08-27 09:28:52,474 - easytorch-training - INFO - Result <train>: [train/time: 25.64 (s), train/lr: 2.50e-05, train/loss: 0.2197, train/MAE: 0.2197, train/MSE: 0.1812]
2025-08-27 09:28:52,475 - easytorch-training - INFO - Start validation.
2025-08-27 09:28:56,131 - easytorch-training - INFO - Result <val>: [val/time: 3.66 (s), val/loss: 0.5078, val/MAE: 0.5078, val/MSE: 0.5753]
2025-08-27 09:28:59,977 - easytorch-training - INFO - Result <test>: [test/time: 3.85 (s), test/loss: 0.4935, test/MAE: 0.4935, test/MSE: 0.5057]
2025-08-27 09:29:00,005 - easytorch-training - INFO - Checkpoint checkpoints/TimesNet/ETTh2_100_336_192/43b71e9aba50ed62774d89b6dfa18adf/TimesNet_059.pt saved
2025-08-27 09:29:00,005 - easytorch-training - INFO - The estimated training finish time is 2025-08-27 09:50:54
2025-08-27 09:29:00,005 - easytorch-training - INFO - Epoch 60 / 100
2025-08-27 09:29:25,648 - easytorch-training - INFO - Result <train>: [train/time: 25.64 (s), train/lr: 2.50e-05, train/loss: 0.2191, train/MAE: 0.2191, train/MSE: 0.1805]
2025-08-27 09:29:25,649 - easytorch-training - INFO - Start validation.
2025-08-27 09:29:29,254 - easytorch-training - INFO - Result <val>: [val/time: 3.60 (s), val/loss: 0.5079, val/MAE: 0.5079, val/MSE: 0.5746]
2025-08-27 09:29:33,116 - easytorch-training - INFO - Result <test>: [test/time: 3.86 (s), test/loss: 0.4920, test/MAE: 0.4920, test/MSE: 0.5035]
2025-08-27 09:29:33,142 - easytorch-training - INFO - Checkpoint checkpoints/TimesNet/ETTh2_100_336_192/43b71e9aba50ed62774d89b6dfa18adf/TimesNet_060.pt saved
2025-08-27 09:29:33,150 - easytorch-training - INFO - The estimated training finish time is 2025-08-27 09:50:56
2025-08-27 09:29:33,150 - easytorch-training - INFO - Epoch 61 / 100
2025-08-27 09:29:58,879 - easytorch-training - INFO - Result <train>: [train/time: 25.73 (s), train/lr: 2.50e-05, train/loss: 0.2187, train/MAE: 0.2187, train/MSE: 0.1798]
2025-08-27 09:29:58,880 - easytorch-training - INFO - Start validation.
2025-08-27 09:30:02,565 - easytorch-training - INFO - Result <val>: [val/time: 3.68 (s), val/loss: 0.5085, val/MAE: 0.5085, val/MSE: 0.5745]
2025-08-27 09:30:06,439 - easytorch-training - INFO - Result <test>: [test/time: 3.87 (s), test/loss: 0.4926, test/MAE: 0.4926, test/MSE: 0.5045]
2025-08-27 09:30:06,464 - easytorch-training - INFO - Checkpoint checkpoints/TimesNet/ETTh2_100_336_192/43b71e9aba50ed62774d89b6dfa18adf/TimesNet_061.pt saved
2025-08-27 09:30:06,465 - easytorch-training - INFO - The estimated training finish time is 2025-08-27 09:50:58
2025-08-27 09:30:06,465 - easytorch-training - INFO - Epoch 62 / 100
2025-08-27 09:30:32,190 - easytorch-training - INFO - Result <train>: [train/time: 25.73 (s), train/lr: 2.50e-05, train/loss: 0.2183, train/MAE: 0.2183, train/MSE: 0.1792]
2025-08-27 09:30:32,191 - easytorch-training - INFO - Start validation.
2025-08-27 09:30:35,888 - easytorch-training - INFO - Result <val>: [val/time: 3.70 (s), val/loss: 0.5066, val/MAE: 0.5066, val/MSE: 0.5707]
2025-08-27 09:30:39,795 - easytorch-training - INFO - Result <test>: [test/time: 3.91 (s), test/loss: 0.4925, test/MAE: 0.4925, test/MSE: 0.5042]
2025-08-27 09:30:39,822 - easytorch-training - INFO - Checkpoint checkpoints/TimesNet/ETTh2_100_336_192/43b71e9aba50ed62774d89b6dfa18adf/TimesNet_062.pt saved
2025-08-27 09:30:39,822 - easytorch-training - INFO - The estimated training finish time is 2025-08-27 09:51:00
2025-08-27 09:30:39,822 - easytorch-training - INFO - Epoch 63 / 100
2025-08-27 09:31:05,576 - easytorch-training - INFO - Result <train>: [train/time: 25.75 (s), train/lr: 2.50e-05, train/loss: 0.2178, train/MAE: 0.2178, train/MSE: 0.1785]
2025-08-27 09:31:05,577 - easytorch-training - INFO - Start validation.
2025-08-27 09:31:09,258 - easytorch-training - INFO - Result <val>: [val/time: 3.68 (s), val/loss: 0.5072, val/MAE: 0.5072, val/MSE: 0.5698]
2025-08-27 09:31:13,181 - easytorch-training - INFO - Result <test>: [test/time: 3.92 (s), test/loss: 0.4943, test/MAE: 0.4943, test/MSE: 0.5080]
2025-08-27 09:31:13,207 - easytorch-training - INFO - Checkpoint checkpoints/TimesNet/ETTh2_100_336_192/43b71e9aba50ed62774d89b6dfa18adf/TimesNet_063.pt saved
2025-08-27 09:31:13,208 - easytorch-training - INFO - The estimated training finish time is 2025-08-27 09:51:02
2025-08-27 09:31:13,208 - easytorch-training - INFO - Epoch 64 / 100
2025-08-27 09:31:38,921 - easytorch-training - INFO - Result <train>: [train/time: 25.71 (s), train/lr: 2.50e-05, train/loss: 0.2175, train/MAE: 0.2175, train/MSE: 0.1780]
2025-08-27 09:31:38,922 - easytorch-training - INFO - Start validation.
2025-08-27 09:31:42,550 - easytorch-training - INFO - Result <val>: [val/time: 3.63 (s), val/loss: 0.5131, val/MAE: 0.5131, val/MSE: 0.5872]
2025-08-27 09:31:46,450 - easytorch-training - INFO - Result <test>: [test/time: 3.90 (s), test/loss: 0.4947, test/MAE: 0.4947, test/MSE: 0.5086]
2025-08-27 09:31:46,476 - easytorch-training - INFO - Checkpoint checkpoints/TimesNet/ETTh2_100_336_192/43b71e9aba50ed62774d89b6dfa18adf/TimesNet_064.pt saved
2025-08-27 09:31:46,476 - easytorch-training - INFO - The estimated training finish time is 2025-08-27 09:51:04
2025-08-27 09:31:46,476 - easytorch-training - INFO - Epoch 65 / 100
2025-08-27 09:32:12,190 - easytorch-training - INFO - Result <train>: [train/time: 25.71 (s), train/lr: 2.50e-05, train/loss: 0.2170, train/MAE: 0.2170, train/MSE: 0.1772]
2025-08-27 09:32:12,191 - easytorch-training - INFO - Start validation.
2025-08-27 09:32:15,849 - easytorch-training - INFO - Result <val>: [val/time: 3.66 (s), val/loss: 0.5107, val/MAE: 0.5107, val/MSE: 0.5823]
2025-08-27 09:32:19,776 - easytorch-training - INFO - Result <test>: [test/time: 3.93 (s), test/loss: 0.4942, test/MAE: 0.4942, test/MSE: 0.5076]
2025-08-27 09:32:19,802 - easytorch-training - INFO - Checkpoint checkpoints/TimesNet/ETTh2_100_336_192/43b71e9aba50ed62774d89b6dfa18adf/TimesNet_065.pt saved
2025-08-27 09:32:19,802 - easytorch-training - INFO - The estimated training finish time is 2025-08-27 09:51:05
2025-08-27 09:32:19,802 - easytorch-training - INFO - Epoch 66 / 100
2025-08-27 09:32:45,444 - easytorch-training - INFO - Result <train>: [train/time: 25.64 (s), train/lr: 2.50e-05, train/loss: 0.2168, train/MAE: 0.2168, train/MSE: 0.1769]
2025-08-27 09:32:45,445 - easytorch-training - INFO - Start validation.
2025-08-27 09:32:49,158 - easytorch-training - INFO - Result <val>: [val/time: 3.71 (s), val/loss: 0.5126, val/MAE: 0.5126, val/MSE: 0.5832]
2025-08-27 09:32:53,067 - easytorch-training - INFO - Result <test>: [test/time: 3.91 (s), test/loss: 0.4952, test/MAE: 0.4952, test/MSE: 0.5082]
2025-08-27 09:32:53,094 - easytorch-training - INFO - Checkpoint checkpoints/TimesNet/ETTh2_100_336_192/43b71e9aba50ed62774d89b6dfa18adf/TimesNet_066.pt saved
2025-08-27 09:32:53,095 - easytorch-training - INFO - The estimated training finish time is 2025-08-27 09:51:07
2025-08-27 09:32:53,095 - easytorch-training - INFO - Epoch 67 / 100
2025-08-27 09:33:18,824 - easytorch-training - INFO - Result <train>: [train/time: 25.73 (s), train/lr: 2.50e-05, train/loss: 0.2165, train/MAE: 0.2165, train/MSE: 0.1763]
2025-08-27 09:33:18,825 - easytorch-training - INFO - Start validation.
2025-08-27 09:33:22,540 - easytorch-training - INFO - Result <val>: [val/time: 3.71 (s), val/loss: 0.5105, val/MAE: 0.5105, val/MSE: 0.5802]
2025-08-27 09:33:26,448 - easytorch-training - INFO - Result <test>: [test/time: 3.91 (s), test/loss: 0.4957, test/MAE: 0.4957, test/MSE: 0.5113]
2025-08-27 09:33:26,475 - easytorch-training - INFO - Checkpoint checkpoints/TimesNet/ETTh2_100_336_192/43b71e9aba50ed62774d89b6dfa18adf/TimesNet_067.pt saved
2025-08-27 09:33:26,475 - easytorch-training - INFO - The estimated training finish time is 2025-08-27 09:51:09
2025-08-27 09:33:26,475 - easytorch-training - INFO - Epoch 68 / 100
2025-08-27 09:33:52,230 - easytorch-training - INFO - Result <train>: [train/time: 25.76 (s), train/lr: 2.50e-05, train/loss: 0.2156, train/MAE: 0.2156, train/MSE: 0.1754]
2025-08-27 09:33:52,231 - easytorch-training - INFO - Start validation.
2025-08-27 09:33:55,919 - easytorch-training - INFO - Result <val>: [val/time: 3.69 (s), val/loss: 0.5094, val/MAE: 0.5094, val/MSE: 0.5755]
2025-08-27 09:33:59,838 - easytorch-training - INFO - Result <test>: [test/time: 3.92 (s), test/loss: 0.4952, test/MAE: 0.4952, test/MSE: 0.5104]
2025-08-27 09:33:59,863 - easytorch-training - INFO - Checkpoint checkpoints/TimesNet/ETTh2_100_336_192/43b71e9aba50ed62774d89b6dfa18adf/TimesNet_068.pt saved
2025-08-27 09:33:59,863 - easytorch-training - INFO - The estimated training finish time is 2025-08-27 09:51:11
2025-08-27 09:33:59,863 - easytorch-training - INFO - Epoch 69 / 100
2025-08-27 09:34:25,676 - easytorch-training - INFO - Result <train>: [train/time: 25.81 (s), train/lr: 2.50e-05, train/loss: 0.2154, train/MAE: 0.2154, train/MSE: 0.1750]
2025-08-27 09:34:25,677 - easytorch-training - INFO - Start validation.
2025-08-27 09:34:29,430 - easytorch-training - INFO - Result <val>: [val/time: 3.75 (s), val/loss: 0.5077, val/MAE: 0.5077, val/MSE: 0.5726]
2025-08-27 09:34:33,340 - easytorch-training - INFO - Result <test>: [test/time: 3.91 (s), test/loss: 0.4947, test/MAE: 0.4947, test/MSE: 0.5091]
2025-08-27 09:34:33,367 - easytorch-training - INFO - Checkpoint checkpoints/TimesNet/ETTh2_100_336_192/43b71e9aba50ed62774d89b6dfa18adf/TimesNet_069.pt saved
2025-08-27 09:34:33,367 - easytorch-training - INFO - The estimated training finish time is 2025-08-27 09:51:13
2025-08-27 09:34:33,367 - easytorch-training - INFO - Epoch 70 / 100
2025-08-27 09:34:59,184 - easytorch-training - INFO - Result <train>: [train/time: 25.82 (s), train/lr: 2.50e-05, train/loss: 0.2150, train/MAE: 0.2150, train/MSE: 0.1744]
2025-08-27 09:34:59,184 - easytorch-training - INFO - Start validation.
2025-08-27 09:35:02,932 - easytorch-training - INFO - Result <val>: [val/time: 3.75 (s), val/loss: 0.5117, val/MAE: 0.5117, val/MSE: 0.5838]
2025-08-27 09:35:06,890 - easytorch-training - INFO - Result <test>: [test/time: 3.96 (s), test/loss: 0.4952, test/MAE: 0.4952, test/MSE: 0.5092]
2025-08-27 09:35:06,918 - easytorch-training - INFO - Checkpoint checkpoints/TimesNet/ETTh2_100_336_192/43b71e9aba50ed62774d89b6dfa18adf/TimesNet_070.pt saved
2025-08-27 09:35:06,926 - easytorch-training - INFO - The estimated training finish time is 2025-08-27 09:51:14
2025-08-27 09:35:06,926 - easytorch-training - INFO - Epoch 71 / 100
2025-08-27 09:35:32,833 - easytorch-training - INFO - Result <train>: [train/time: 25.91 (s), train/lr: 2.50e-05, train/loss: 0.2146, train/MAE: 0.2146, train/MSE: 0.1739]
2025-08-27 09:35:32,834 - easytorch-training - INFO - Start validation.
2025-08-27 09:35:36,535 - easytorch-training - INFO - Result <val>: [val/time: 3.70 (s), val/loss: 0.5089, val/MAE: 0.5089, val/MSE: 0.5722]
2025-08-27 09:35:40,431 - easytorch-training - INFO - Result <test>: [test/time: 3.89 (s), test/loss: 0.4964, test/MAE: 0.4964, test/MSE: 0.5122]
2025-08-27 09:35:40,458 - easytorch-training - INFO - Checkpoint checkpoints/TimesNet/ETTh2_100_336_192/43b71e9aba50ed62774d89b6dfa18adf/TimesNet_071.pt saved
2025-08-27 09:35:40,458 - easytorch-training - INFO - The estimated training finish time is 2025-08-27 09:51:16
2025-08-27 09:35:40,458 - easytorch-training - INFO - Epoch 72 / 100
2025-08-27 09:36:06,243 - easytorch-training - INFO - Result <train>: [train/time: 25.78 (s), train/lr: 2.50e-05, train/loss: 0.2141, train/MAE: 0.2141, train/MSE: 0.1732]
2025-08-27 09:36:06,244 - easytorch-training - INFO - Start validation.
2025-08-27 09:36:09,957 - easytorch-training - INFO - Result <val>: [val/time: 3.71 (s), val/loss: 0.5096, val/MAE: 0.5096, val/MSE: 0.5739]
2025-08-27 09:36:13,888 - easytorch-training - INFO - Result <test>: [test/time: 3.93 (s), test/loss: 0.4952, test/MAE: 0.4952, test/MSE: 0.5102]
2025-08-27 09:36:13,917 - easytorch-training - INFO - Checkpoint checkpoints/TimesNet/ETTh2_100_336_192/43b71e9aba50ed62774d89b6dfa18adf/TimesNet_072.pt saved
2025-08-27 09:36:13,917 - easytorch-training - INFO - The estimated training finish time is 2025-08-27 09:51:18
2025-08-27 09:36:13,917 - easytorch-training - INFO - Epoch 73 / 100
2025-08-27 09:36:39,678 - easytorch-training - INFO - Result <train>: [train/time: 25.76 (s), train/lr: 2.50e-05, train/loss: 0.2137, train/MAE: 0.2137, train/MSE: 0.1727]
2025-08-27 09:36:39,679 - easytorch-training - INFO - Start validation.
2025-08-27 09:36:43,381 - easytorch-training - INFO - Result <val>: [val/time: 3.70 (s), val/loss: 0.5159, val/MAE: 0.5159, val/MSE: 0.5910]
2025-08-27 09:36:47,325 - easytorch-training - INFO - Result <test>: [test/time: 3.94 (s), test/loss: 0.4968, test/MAE: 0.4968, test/MSE: 0.5120]
2025-08-27 09:36:47,354 - easytorch-training - INFO - Checkpoint checkpoints/TimesNet/ETTh2_100_336_192/43b71e9aba50ed62774d89b6dfa18adf/TimesNet_073.pt saved
2025-08-27 09:36:47,354 - easytorch-training - INFO - The estimated training finish time is 2025-08-27 09:51:19
2025-08-27 09:36:47,354 - easytorch-training - INFO - Epoch 74 / 100
2025-08-27 09:37:13,187 - easytorch-training - INFO - Result <train>: [train/time: 25.83 (s), train/lr: 2.50e-05, train/loss: 0.2133, train/MAE: 0.2133, train/MSE: 0.1721]
2025-08-27 09:37:13,188 - easytorch-training - INFO - Start validation.
2025-08-27 09:37:16,980 - easytorch-training - INFO - Result <val>: [val/time: 3.79 (s), val/loss: 0.5105, val/MAE: 0.5105, val/MSE: 0.5760]
2025-08-27 09:37:20,991 - easytorch-training - INFO - Result <test>: [test/time: 4.01 (s), test/loss: 0.4976, test/MAE: 0.4976, test/MSE: 0.5158]
2025-08-27 09:37:21,017 - easytorch-training - INFO - Checkpoint checkpoints/TimesNet/ETTh2_100_336_192/43b71e9aba50ed62774d89b6dfa18adf/TimesNet_074.pt saved
2025-08-27 09:37:21,018 - easytorch-training - INFO - The estimated training finish time is 2025-08-27 09:51:21
2025-08-27 09:37:21,018 - easytorch-training - INFO - Epoch 75 / 100
2025-08-27 09:37:46,810 - easytorch-training - INFO - Result <train>: [train/time: 25.79 (s), train/lr: 2.50e-05, train/loss: 0.2131, train/MAE: 0.2131, train/MSE: 0.1718]
2025-08-27 09:37:46,811 - easytorch-training - INFO - Start validation.
2025-08-27 09:37:50,550 - easytorch-training - INFO - Result <val>: [val/time: 3.74 (s), val/loss: 0.5136, val/MAE: 0.5136, val/MSE: 0.5848]
2025-08-27 09:37:54,507 - easytorch-training - INFO - Result <test>: [test/time: 3.96 (s), test/loss: 0.4959, test/MAE: 0.4959, test/MSE: 0.5112]
2025-08-27 09:37:54,534 - easytorch-training - INFO - Checkpoint checkpoints/TimesNet/ETTh2_100_336_192/43b71e9aba50ed62774d89b6dfa18adf/TimesNet_075.pt saved
2025-08-27 09:37:54,534 - easytorch-training - INFO - The estimated training finish time is 2025-08-27 09:51:23
2025-08-27 09:37:54,534 - easytorch-training - INFO - Epoch 76 / 100
2025-08-27 09:38:20,186 - easytorch-training - INFO - Result <train>: [train/time: 25.65 (s), train/lr: 2.50e-05, train/loss: 0.2128, train/MAE: 0.2128, train/MSE: 0.1712]
2025-08-27 09:38:20,188 - easytorch-training - INFO - Start validation.
2025-08-27 09:38:23,883 - easytorch-training - INFO - Result <val>: [val/time: 3.70 (s), val/loss: 0.5120, val/MAE: 0.5120, val/MSE: 0.5817]
2025-08-27 09:38:27,706 - easytorch-training - INFO - Result <test>: [test/time: 3.82 (s), test/loss: 0.4950, test/MAE: 0.4950, test/MSE: 0.5097]
2025-08-27 09:38:27,733 - easytorch-training - INFO - Checkpoint checkpoints/TimesNet/ETTh2_100_336_192/43b71e9aba50ed62774d89b6dfa18adf/TimesNet_076.pt saved
2025-08-27 09:38:27,733 - easytorch-training - INFO - The estimated training finish time is 2025-08-27 09:51:24
2025-08-27 09:38:27,733 - easytorch-training - INFO - Epoch 77 / 100
2025-08-27 09:38:53,597 - easytorch-training - INFO - Result <train>: [train/time: 25.86 (s), train/lr: 2.50e-05, train/loss: 0.2122, train/MAE: 0.2122, train/MSE: 0.1705]
2025-08-27 09:38:53,598 - easytorch-training - INFO - Start validation.
2025-08-27 09:38:57,303 - easytorch-training - INFO - Result <val>: [val/time: 3.70 (s), val/loss: 0.5131, val/MAE: 0.5131, val/MSE: 0.5860]
2025-08-27 09:39:01,205 - easytorch-training - INFO - Result <test>: [test/time: 3.90 (s), test/loss: 0.4948, test/MAE: 0.4948, test/MSE: 0.5085]
2025-08-27 09:39:01,231 - easytorch-training - INFO - Checkpoint checkpoints/TimesNet/ETTh2_100_336_192/43b71e9aba50ed62774d89b6dfa18adf/TimesNet_077.pt saved
2025-08-27 09:39:01,231 - easytorch-training - INFO - The estimated training finish time is 2025-08-27 09:51:25
2025-08-27 09:39:01,231 - easytorch-training - INFO - Epoch 78 / 100
2025-08-27 09:39:27,068 - easytorch-training - INFO - Result <train>: [train/time: 25.84 (s), train/lr: 2.50e-05, train/loss: 0.2120, train/MAE: 0.2120, train/MSE: 0.1701]
2025-08-27 09:39:27,068 - easytorch-training - INFO - Start validation.
2025-08-27 09:39:30,805 - easytorch-training - INFO - Result <val>: [val/time: 3.74 (s), val/loss: 0.5155, val/MAE: 0.5155, val/MSE: 0.5908]
2025-08-27 09:39:34,725 - easytorch-training - INFO - Result <test>: [test/time: 3.92 (s), test/loss: 0.4974, test/MAE: 0.4974, test/MSE: 0.5141]
2025-08-27 09:39:34,751 - easytorch-training - INFO - Checkpoint checkpoints/TimesNet/ETTh2_100_336_192/43b71e9aba50ed62774d89b6dfa18adf/TimesNet_078.pt saved
2025-08-27 09:39:34,751 - easytorch-training - INFO - The estimated training finish time is 2025-08-27 09:51:27
2025-08-27 09:39:34,751 - easytorch-training - INFO - Epoch 79 / 100
2025-08-27 09:40:00,482 - easytorch-training - INFO - Result <train>: [train/time: 25.73 (s), train/lr: 2.50e-05, train/loss: 0.2115, train/MAE: 0.2115, train/MSE: 0.1696]
2025-08-27 09:40:00,483 - easytorch-training - INFO - Start validation.
2025-08-27 09:40:04,209 - easytorch-training - INFO - Result <val>: [val/time: 3.73 (s), val/loss: 0.5129, val/MAE: 0.5129, val/MSE: 0.5834]
2025-08-27 09:40:08,117 - easytorch-training - INFO - Result <test>: [test/time: 3.91 (s), test/loss: 0.4985, test/MAE: 0.4985, test/MSE: 0.5174]
2025-08-27 09:40:08,143 - easytorch-training - INFO - Checkpoint checkpoints/TimesNet/ETTh2_100_336_192/43b71e9aba50ed62774d89b6dfa18adf/TimesNet_079.pt saved
2025-08-27 09:40:08,144 - easytorch-training - INFO - The estimated training finish time is 2025-08-27 09:51:28
2025-08-27 09:40:08,144 - easytorch-training - INFO - Epoch 80 / 100
2025-08-27 09:40:34,003 - easytorch-training - INFO - Result <train>: [train/time: 25.86 (s), train/lr: 2.50e-05, train/loss: 0.2111, train/MAE: 0.2111, train/MSE: 0.1690]
2025-08-27 09:40:34,004 - easytorch-training - INFO - Start validation.
2025-08-27 09:40:37,684 - easytorch-training - INFO - Result <val>: [val/time: 3.68 (s), val/loss: 0.5142, val/MAE: 0.5142, val/MSE: 0.5839]
2025-08-27 09:40:41,604 - easytorch-training - INFO - Result <test>: [test/time: 3.92 (s), test/loss: 0.4985, test/MAE: 0.4985, test/MSE: 0.5174]
2025-08-27 09:40:41,631 - easytorch-training - INFO - Checkpoint checkpoints/TimesNet/ETTh2_100_336_192/43b71e9aba50ed62774d89b6dfa18adf/TimesNet_080.pt saved
2025-08-27 09:40:41,638 - easytorch-training - INFO - The estimated training finish time is 2025-08-27 09:51:29
2025-08-27 09:40:41,638 - easytorch-training - INFO - Epoch 81 / 100
2025-08-27 09:41:07,435 - easytorch-training - INFO - Result <train>: [train/time: 25.80 (s), train/lr: 2.50e-05, train/loss: 0.2108, train/MAE: 0.2108, train/MSE: 0.1685]
2025-08-27 09:41:07,436 - easytorch-training - INFO - Start validation.
2025-08-27 09:41:11,173 - easytorch-training - INFO - Result <val>: [val/time: 3.74 (s), val/loss: 0.5153, val/MAE: 0.5153, val/MSE: 0.5868]
2025-08-27 09:41:15,100 - easytorch-training - INFO - Result <test>: [test/time: 3.93 (s), test/loss: 0.4987, test/MAE: 0.4987, test/MSE: 0.5176]
2025-08-27 09:41:15,127 - easytorch-training - INFO - Checkpoint checkpoints/TimesNet/ETTh2_100_336_192/43b71e9aba50ed62774d89b6dfa18adf/TimesNet_081.pt saved
2025-08-27 09:41:15,127 - easytorch-training - INFO - The estimated training finish time is 2025-08-27 09:51:31
2025-08-27 09:41:15,127 - easytorch-training - INFO - Epoch 82 / 100
2025-08-27 09:41:41,035 - easytorch-training - INFO - Result <train>: [train/time: 25.91 (s), train/lr: 2.50e-05, train/loss: 0.2104, train/MAE: 0.2104, train/MSE: 0.1680]
2025-08-27 09:41:41,036 - easytorch-training - INFO - Start validation.
2025-08-27 09:41:44,840 - easytorch-training - INFO - Result <val>: [val/time: 3.80 (s), val/loss: 0.5150, val/MAE: 0.5150, val/MSE: 0.5873]
2025-08-27 09:41:48,811 - easytorch-training - INFO - Result <test>: [test/time: 3.97 (s), test/loss: 0.4977, test/MAE: 0.4977, test/MSE: 0.5143]
2025-08-27 09:41:48,838 - easytorch-training - INFO - Checkpoint checkpoints/TimesNet/ETTh2_100_336_192/43b71e9aba50ed62774d89b6dfa18adf/TimesNet_082.pt saved
2025-08-27 09:41:48,838 - easytorch-training - INFO - The estimated training finish time is 2025-08-27 09:51:32
2025-08-27 09:41:48,838 - easytorch-training - INFO - Epoch 83 / 100
2025-08-27 09:42:14,650 - easytorch-training - INFO - Result <train>: [train/time: 25.81 (s), train/lr: 2.50e-05, train/loss: 0.2101, train/MAE: 0.2101, train/MSE: 0.1676]
2025-08-27 09:42:14,651 - easytorch-training - INFO - Start validation.
2025-08-27 09:42:18,349 - easytorch-training - INFO - Result <val>: [val/time: 3.70 (s), val/loss: 0.5145, val/MAE: 0.5145, val/MSE: 0.5835]
2025-08-27 09:42:22,257 - easytorch-training - INFO - Result <test>: [test/time: 3.91 (s), test/loss: 0.5006, test/MAE: 0.5006, test/MSE: 0.5219]
2025-08-27 09:42:22,285 - easytorch-training - INFO - Checkpoint checkpoints/TimesNet/ETTh2_100_336_192/43b71e9aba50ed62774d89b6dfa18adf/TimesNet_083.pt saved
2025-08-27 09:42:22,285 - easytorch-training - INFO - The estimated training finish time is 2025-08-27 09:51:34
2025-08-27 09:42:22,285 - easytorch-training - INFO - Epoch 84 / 100
2025-08-27 09:42:48,144 - easytorch-training - INFO - Result <train>: [train/time: 25.86 (s), train/lr: 2.50e-05, train/loss: 0.2096, train/MAE: 0.2096, train/MSE: 0.1670]
2025-08-27 09:42:48,145 - easytorch-training - INFO - Start validation.
2025-08-27 09:42:51,885 - easytorch-training - INFO - Result <val>: [val/time: 3.74 (s), val/loss: 0.5187, val/MAE: 0.5187, val/MSE: 0.5950]
2025-08-27 09:42:55,793 - easytorch-training - INFO - Result <test>: [test/time: 3.91 (s), test/loss: 0.4997, test/MAE: 0.4997, test/MSE: 0.5193]
2025-08-27 09:42:55,819 - easytorch-training - INFO - Checkpoint checkpoints/TimesNet/ETTh2_100_336_192/43b71e9aba50ed62774d89b6dfa18adf/TimesNet_084.pt saved
2025-08-27 09:42:55,819 - easytorch-training - INFO - The estimated training finish time is 2025-08-27 09:51:35
2025-08-27 09:42:55,819 - easytorch-training - INFO - Epoch 85 / 100
2025-08-27 09:43:21,610 - easytorch-training - INFO - Result <train>: [train/time: 25.79 (s), train/lr: 2.50e-05, train/loss: 0.2094, train/MAE: 0.2094, train/MSE: 0.1666]
2025-08-27 09:43:21,611 - easytorch-training - INFO - Start validation.
2025-08-27 09:43:25,368 - easytorch-training - INFO - Result <val>: [val/time: 3.76 (s), val/loss: 0.5180, val/MAE: 0.5180, val/MSE: 0.5949]
2025-08-27 09:43:29,278 - easytorch-training - INFO - Result <test>: [test/time: 3.91 (s), test/loss: 0.4997, test/MAE: 0.4997, test/MSE: 0.5195]
2025-08-27 09:43:29,304 - easytorch-training - INFO - Checkpoint checkpoints/TimesNet/ETTh2_100_336_192/43b71e9aba50ed62774d89b6dfa18adf/TimesNet_085.pt saved
2025-08-27 09:43:29,304 - easytorch-training - INFO - The estimated training finish time is 2025-08-27 09:51:36
2025-08-27 09:43:29,304 - easytorch-training - INFO - Epoch 86 / 100
2025-08-27 09:43:55,076 - easytorch-training - INFO - Result <train>: [train/time: 25.77 (s), train/lr: 2.50e-05, train/loss: 0.2091, train/MAE: 0.2091, train/MSE: 0.1662]
2025-08-27 09:43:55,077 - easytorch-training - INFO - Start validation.
2025-08-27 09:43:58,872 - easytorch-training - INFO - Result <val>: [val/time: 3.79 (s), val/loss: 0.5172, val/MAE: 0.5172, val/MSE: 0.5913]
2025-08-27 09:44:02,879 - easytorch-training - INFO - Result <test>: [test/time: 4.01 (s), test/loss: 0.5006, test/MAE: 0.5006, test/MSE: 0.5211]
2025-08-27 09:44:02,907 - easytorch-training - INFO - Checkpoint checkpoints/TimesNet/ETTh2_100_336_192/43b71e9aba50ed62774d89b6dfa18adf/TimesNet_086.pt saved
2025-08-27 09:44:02,907 - easytorch-training - INFO - The estimated training finish time is 2025-08-27 09:51:37
2025-08-27 09:44:02,907 - easytorch-training - INFO - Epoch 87 / 100
2025-08-27 09:44:28,681 - easytorch-training - INFO - Result <train>: [train/time: 25.77 (s), train/lr: 2.50e-05, train/loss: 0.2087, train/MAE: 0.2087, train/MSE: 0.1656]
2025-08-27 09:44:28,682 - easytorch-training - INFO - Start validation.
2025-08-27 09:44:32,466 - easytorch-training - INFO - Result <val>: [val/time: 3.78 (s), val/loss: 0.5158, val/MAE: 0.5158, val/MSE: 0.5860]
2025-08-27 09:44:36,465 - easytorch-training - INFO - Result <test>: [test/time: 4.00 (s), test/loss: 0.4998, test/MAE: 0.4998, test/MSE: 0.5196]
2025-08-27 09:44:36,491 - easytorch-training - INFO - Checkpoint checkpoints/TimesNet/ETTh2_100_336_192/43b71e9aba50ed62774d89b6dfa18adf/TimesNet_087.pt saved
2025-08-27 09:44:36,492 - easytorch-training - INFO - The estimated training finish time is 2025-08-27 09:51:39
2025-08-27 09:44:36,492 - easytorch-training - INFO - Epoch 88 / 100
2025-08-27 09:45:02,319 - easytorch-training - INFO - Result <train>: [train/time: 25.83 (s), train/lr: 2.50e-05, train/loss: 0.2083, train/MAE: 0.2083, train/MSE: 0.1652]
2025-08-27 09:45:02,321 - easytorch-training - INFO - Start validation.
2025-08-27 09:45:06,075 - easytorch-training - INFO - Result <val>: [val/time: 3.75 (s), val/loss: 0.5177, val/MAE: 0.5177, val/MSE: 0.5921]
2025-08-27 09:45:10,079 - easytorch-training - INFO - Result <test>: [test/time: 4.00 (s), test/loss: 0.5015, test/MAE: 0.5015, test/MSE: 0.5239]
2025-08-27 09:45:10,106 - easytorch-training - INFO - Checkpoint checkpoints/TimesNet/ETTh2_100_336_192/43b71e9aba50ed62774d89b6dfa18adf/TimesNet_088.pt saved
2025-08-27 09:45:10,106 - easytorch-training - INFO - The estimated training finish time is 2025-08-27 09:51:40
2025-08-27 09:45:10,106 - easytorch-training - INFO - Epoch 89 / 100
2025-08-27 09:45:36,002 - easytorch-training - INFO - Result <train>: [train/time: 25.90 (s), train/lr: 2.50e-05, train/loss: 0.2080, train/MAE: 0.2080, train/MSE: 0.1647]
2025-08-27 09:45:36,004 - easytorch-training - INFO - Start validation.
2025-08-27 09:45:39,797 - easytorch-training - INFO - Result <val>: [val/time: 3.79 (s), val/loss: 0.5182, val/MAE: 0.5182, val/MSE: 0.5922]
2025-08-27 09:45:43,742 - easytorch-training - INFO - Result <test>: [test/time: 3.94 (s), test/loss: 0.4997, test/MAE: 0.4997, test/MSE: 0.5197]
2025-08-27 09:45:43,769 - easytorch-training - INFO - Checkpoint checkpoints/TimesNet/ETTh2_100_336_192/43b71e9aba50ed62774d89b6dfa18adf/TimesNet_089.pt saved
2025-08-27 09:45:43,770 - easytorch-training - INFO - The estimated training finish time is 2025-08-27 09:51:41
2025-08-27 09:45:43,770 - easytorch-training - INFO - Epoch 90 / 100
2025-08-27 09:46:09,504 - easytorch-training - INFO - Result <train>: [train/time: 25.73 (s), train/lr: 2.50e-05, train/loss: 0.2078, train/MAE: 0.2078, train/MSE: 0.1643]
2025-08-27 09:46:09,505 - easytorch-training - INFO - Start validation.
2025-08-27 09:46:13,258 - easytorch-training - INFO - Result <val>: [val/time: 3.75 (s), val/loss: 0.5151, val/MAE: 0.5151, val/MSE: 0.5869]
2025-08-27 09:46:17,160 - easytorch-training - INFO - Result <test>: [test/time: 3.90 (s), test/loss: 0.4978, test/MAE: 0.4978, test/MSE: 0.5168]
2025-08-27 09:46:17,187 - easytorch-training - INFO - Checkpoint checkpoints/TimesNet/ETTh2_100_336_192/43b71e9aba50ed62774d89b6dfa18adf/TimesNet_090.pt saved
2025-08-27 09:46:17,195 - easytorch-training - INFO - The estimated training finish time is 2025-08-27 09:51:42
2025-08-27 09:46:17,195 - easytorch-training - INFO - Epoch 91 / 100
2025-08-27 09:46:43,039 - easytorch-training - INFO - Result <train>: [train/time: 25.84 (s), train/lr: 2.50e-05, train/loss: 0.2074, train/MAE: 0.2074, train/MSE: 0.1639]
2025-08-27 09:46:43,041 - easytorch-training - INFO - Start validation.
2025-08-27 09:46:46,847 - easytorch-training - INFO - Result <val>: [val/time: 3.81 (s), val/loss: 0.5177, val/MAE: 0.5177, val/MSE: 0.5904]
2025-08-27 09:46:50,810 - easytorch-training - INFO - Result <test>: [test/time: 3.96 (s), test/loss: 0.4996, test/MAE: 0.4996, test/MSE: 0.5195]
2025-08-27 09:46:50,837 - easytorch-training - INFO - Checkpoint checkpoints/TimesNet/ETTh2_100_336_192/43b71e9aba50ed62774d89b6dfa18adf/TimesNet_091.pt saved
2025-08-27 09:46:50,837 - easytorch-training - INFO - The estimated training finish time is 2025-08-27 09:51:43
2025-08-27 09:46:50,837 - easytorch-training - INFO - Epoch 92 / 100
2025-08-27 09:47:16,642 - easytorch-training - INFO - Result <train>: [train/time: 25.80 (s), train/lr: 2.50e-05, train/loss: 0.2071, train/MAE: 0.2071, train/MSE: 0.1634]
2025-08-27 09:47:16,644 - easytorch-training - INFO - Start validation.
2025-08-27 09:47:20,433 - easytorch-training - INFO - Result <val>: [val/time: 3.79 (s), val/loss: 0.5156, val/MAE: 0.5156, val/MSE: 0.5883]
2025-08-27 09:47:24,379 - easytorch-training - INFO - Result <test>: [test/time: 3.94 (s), test/loss: 0.5013, test/MAE: 0.5013, test/MSE: 0.5247]
2025-08-27 09:47:24,407 - easytorch-training - INFO - Checkpoint checkpoints/TimesNet/ETTh2_100_336_192/43b71e9aba50ed62774d89b6dfa18adf/TimesNet_092.pt saved
2025-08-27 09:47:24,407 - easytorch-training - INFO - The estimated training finish time is 2025-08-27 09:51:44
2025-08-27 09:47:24,407 - easytorch-training - INFO - Epoch 93 / 100
2025-08-27 09:47:50,076 - easytorch-training - INFO - Result <train>: [train/time: 25.67 (s), train/lr: 2.50e-05, train/loss: 0.2068, train/MAE: 0.2068, train/MSE: 0.1630]
2025-08-27 09:47:50,077 - easytorch-training - INFO - Start validation.
2025-08-27 09:47:53,893 - easytorch-training - INFO - Result <val>: [val/time: 3.82 (s), val/loss: 0.5131, val/MAE: 0.5131, val/MSE: 0.5783]
2025-08-27 09:47:57,888 - easytorch-training - INFO - Result <test>: [test/time: 3.99 (s), test/loss: 0.4999, test/MAE: 0.4999, test/MSE: 0.5207]
2025-08-27 09:47:57,917 - easytorch-training - INFO - Checkpoint checkpoints/TimesNet/ETTh2_100_336_192/43b71e9aba50ed62774d89b6dfa18adf/TimesNet_093.pt saved
2025-08-27 09:47:57,917 - easytorch-training - INFO - The estimated training finish time is 2025-08-27 09:51:45
2025-08-27 09:47:57,917 - easytorch-training - INFO - Epoch 94 / 100
2025-08-27 09:48:23,740 - easytorch-training - INFO - Result <train>: [train/time: 25.82 (s), train/lr: 2.50e-05, train/loss: 0.2064, train/MAE: 0.2064, train/MSE: 0.1626]
2025-08-27 09:48:23,741 - easytorch-training - INFO - Start validation.
2025-08-27 09:48:27,559 - easytorch-training - INFO - Result <val>: [val/time: 3.82 (s), val/loss: 0.5200, val/MAE: 0.5200, val/MSE: 0.5963]
2025-08-27 09:48:31,562 - easytorch-training - INFO - Result <test>: [test/time: 4.00 (s), test/loss: 0.5017, test/MAE: 0.5017, test/MSE: 0.5237]
2025-08-27 09:48:31,589 - easytorch-training - INFO - Checkpoint checkpoints/TimesNet/ETTh2_100_336_192/43b71e9aba50ed62774d89b6dfa18adf/TimesNet_094.pt saved
2025-08-27 09:48:31,589 - easytorch-training - INFO - The estimated training finish time is 2025-08-27 09:51:47
2025-08-27 09:48:31,589 - easytorch-training - INFO - Epoch 95 / 100
2025-08-27 09:48:57,351 - easytorch-training - INFO - Result <train>: [train/time: 25.76 (s), train/lr: 2.50e-05, train/loss: 0.2060, train/MAE: 0.2060, train/MSE: 0.1621]
2025-08-27 09:48:57,352 - easytorch-training - INFO - Start validation.
2025-08-27 09:49:01,180 - easytorch-training - INFO - Result <val>: [val/time: 3.83 (s), val/loss: 0.5174, val/MAE: 0.5174, val/MSE: 0.5909]
2025-08-27 09:49:05,176 - easytorch-training - INFO - Result <test>: [test/time: 4.00 (s), test/loss: 0.5004, test/MAE: 0.5004, test/MSE: 0.5214]
2025-08-27 09:49:05,206 - easytorch-training - INFO - Checkpoint checkpoints/TimesNet/ETTh2_100_336_192/43b71e9aba50ed62774d89b6dfa18adf/TimesNet_095.pt saved
2025-08-27 09:49:05,206 - easytorch-training - INFO - The estimated training finish time is 2025-08-27 09:51:48
2025-08-27 09:49:05,206 - easytorch-training - INFO - Epoch 96 / 100
2025-08-27 09:49:30,972 - easytorch-training - INFO - Result <train>: [train/time: 25.77 (s), train/lr: 2.50e-05, train/loss: 0.2060, train/MAE: 0.2060, train/MSE: 0.1620]
2025-08-27 09:49:30,973 - easytorch-training - INFO - Start validation.
2025-08-27 09:49:34,823 - easytorch-training - INFO - Result <val>: [val/time: 3.85 (s), val/loss: 0.5216, val/MAE: 0.5216, val/MSE: 0.6000]
2025-08-27 09:49:38,808 - easytorch-training - INFO - Result <test>: [test/time: 3.98 (s), test/loss: 0.5019, test/MAE: 0.5019, test/MSE: 0.5252]
2025-08-27 09:49:38,836 - easytorch-training - INFO - Checkpoint checkpoints/TimesNet/ETTh2_100_336_192/43b71e9aba50ed62774d89b6dfa18adf/TimesNet_096.pt saved
2025-08-27 09:49:38,836 - easytorch-training - INFO - The estimated training finish time is 2025-08-27 09:51:49
2025-08-27 09:49:38,836 - easytorch-training - INFO - Epoch 97 / 100
2025-08-27 09:50:04,538 - easytorch-training - INFO - Result <train>: [train/time: 25.70 (s), train/lr: 2.50e-05, train/loss: 0.2056, train/MAE: 0.2056, train/MSE: 0.1613]
2025-08-27 09:50:04,540 - easytorch-training - INFO - Start validation.
2025-08-27 09:50:08,377 - easytorch-training - INFO - Result <val>: [val/time: 3.84 (s), val/loss: 0.5214, val/MAE: 0.5214, val/MSE: 0.5984]
2025-08-27 09:50:12,356 - easytorch-training - INFO - Result <test>: [test/time: 3.98 (s), test/loss: 0.5013, test/MAE: 0.5013, test/MSE: 0.5240]
2025-08-27 09:50:12,382 - easytorch-training - INFO - Checkpoint checkpoints/TimesNet/ETTh2_100_336_192/43b71e9aba50ed62774d89b6dfa18adf/TimesNet_097.pt saved
2025-08-27 09:50:12,382 - easytorch-training - INFO - The estimated training finish time is 2025-08-27 09:51:50
2025-08-27 09:50:12,383 - easytorch-training - INFO - Epoch 98 / 100
2025-08-27 09:50:38,106 - easytorch-training - INFO - Result <train>: [train/time: 25.72 (s), train/lr: 2.50e-05, train/loss: 0.2053, train/MAE: 0.2053, train/MSE: 0.1609]
2025-08-27 09:50:38,107 - easytorch-training - INFO - Start validation.
2025-08-27 09:50:41,974 - easytorch-training - INFO - Result <val>: [val/time: 3.87 (s), val/loss: 0.5193, val/MAE: 0.5193, val/MSE: 0.5933]
2025-08-27 09:50:45,948 - easytorch-training - INFO - Result <test>: [test/time: 3.97 (s), test/loss: 0.5035, test/MAE: 0.5035, test/MSE: 0.5290]
2025-08-27 09:50:45,974 - easytorch-training - INFO - Checkpoint checkpoints/TimesNet/ETTh2_100_336_192/43b71e9aba50ed62774d89b6dfa18adf/TimesNet_098.pt saved
2025-08-27 09:50:45,974 - easytorch-training - INFO - The estimated training finish time is 2025-08-27 09:51:51
2025-08-27 09:50:45,974 - easytorch-training - INFO - Epoch 99 / 100
2025-08-27 09:51:11,855 - easytorch-training - INFO - Result <train>: [train/time: 25.88 (s), train/lr: 2.50e-05, train/loss: 0.2049, train/MAE: 0.2049, train/MSE: 0.1606]
2025-08-27 09:51:11,856 - easytorch-training - INFO - Start validation.
2025-08-27 09:51:15,760 - easytorch-training - INFO - Result <val>: [val/time: 3.90 (s), val/loss: 0.5239, val/MAE: 0.5239, val/MSE: 0.6069]
2025-08-27 09:51:19,824 - easytorch-training - INFO - Result <test>: [test/time: 4.06 (s), test/loss: 0.5048, test/MAE: 0.5048, test/MSE: 0.5304]
2025-08-27 09:51:19,851 - easytorch-training - INFO - Checkpoint checkpoints/TimesNet/ETTh2_100_336_192/43b71e9aba50ed62774d89b6dfa18adf/TimesNet_099.pt saved
2025-08-27 09:51:19,851 - easytorch-training - INFO - The estimated training finish time is 2025-08-27 09:51:52
2025-08-27 09:51:19,851 - easytorch-training - INFO - Epoch 100 / 100
2025-08-27 09:51:45,512 - easytorch-training - INFO - Result <train>: [train/time: 25.66 (s), train/lr: 2.50e-05, train/loss: 0.2046, train/MAE: 0.2046, train/MSE: 0.1601]
2025-08-27 09:51:45,514 - easytorch-training - INFO - Start validation.
2025-08-27 09:51:49,340 - easytorch-training - INFO - Result <val>: [val/time: 3.83 (s), val/loss: 0.5187, val/MAE: 0.5187, val/MSE: 0.5932]
2025-08-27 09:51:53,313 - easytorch-training - INFO - Result <test>: [test/time: 3.97 (s), test/loss: 0.5016, test/MAE: 0.5016, test/MSE: 0.5246]
2025-08-27 09:51:53,339 - easytorch-training - INFO - Checkpoint checkpoints/TimesNet/ETTh2_100_336_192/43b71e9aba50ed62774d89b6dfa18adf/TimesNet_100.pt saved
2025-08-27 09:51:53,347 - easytorch-training - INFO - The training finished at 2025-08-27 09:51:53
2025-08-27 09:51:53,348 - easytorch-training - INFO - Evaluating the best model on the test set.
2025-08-27 09:51:53,348 - easytorch-training - INFO - Loading Checkpoint from 'checkpoints/TimesNet/ETTh2_100_336_192/43b71e9aba50ed62774d89b6dfa18adf/TimesNet_best_val_MAE.pt'
2025-08-27 09:51:56,390 - easytorch-training - INFO - Result <test>: [test/time: 3.01 (s), test/loss: 0.4292, test/MAE: 0.4292, test/MSE: 0.3987]
2025-08-27 09:51:56,391 - easytorch-training - INFO - Test metrics saved to checkpoints/TimesNet/ETTh2_100_336_192/43b71e9aba50ed62774d89b6dfa18adf/test_metrics.json.
