2025-08-27 06:11:42,807 - easytorch-training - INFO - Initializing training.
2025-08-27 06:11:42,807 - easytorch-training - INFO - Set clip grad, param: {'max_norm': 5.0}
2025-08-27 06:11:42,807 - easytorch-training - INFO - Building training data loader.
2025-08-27 06:11:42,813 - easytorch-training - INFO - Train dataset length: 35833
2025-08-27 06:11:43,971 - easytorch-training - INFO - Set optim: Adam (
Parameter Group 0
    amsgrad: False
    betas: (0.9, 0.999)
    capturable: False
    differentiable: False
    eps: 1e-08
    foreach: None
    fused: None
    lr: 0.0003
    maximize: False
    weight_decay: 0.0001
)
2025-08-27 06:11:43,971 - easytorch-training - INFO - Set lr_scheduler: <torch.optim.lr_scheduler.MultiStepLR object at 0x7fab013be470>
2025-08-27 06:11:43,973 - easytorch-training - INFO - Initializing validation.
2025-08-27 06:11:43,973 - easytorch-training - INFO - Building val data loader.
2025-08-27 06:11:43,975 - easytorch-training - INFO - Validation dataset length: 4214
2025-08-27 06:11:43,979 - easytorch-training - INFO - Test dataset length: 9484
2025-08-27 06:11:43,979 - easytorch-training - INFO - Number of parameters: 485280
2025-08-27 06:11:43,979 - easytorch-training - INFO - Epoch 1 / 100
2025-08-27 06:11:54,509 - easytorch-training - INFO - Result <train>: [train/time: 10.53 (s), train/lr: 3.00e-04, train/loss: 0.4448, train/MAE: 0.4448, train/MSE: 0.6368]
2025-08-27 06:11:54,510 - easytorch-training - INFO - Start validation.
2025-08-27 06:11:55,513 - easytorch-training - INFO - Result <val>: [val/time: 1.00 (s), val/loss: 0.4393, val/MAE: 0.4393, val/MSE: 0.6734]
2025-08-27 06:11:55,524 - easytorch-training - INFO - Checkpoint checkpoints/DLinear/Weather_100_336_720/b6c8a4eec54e8f0b96f05fb5db4bb13b/DLinear_best_val_MAE.pt saved
2025-08-27 06:11:57,909 - easytorch-training - INFO - Result <test>: [test/time: 2.38 (s), test/loss: 0.3394, test/MAE: 0.3394, test/MSE: 0.3209]
2025-08-27 06:11:57,920 - easytorch-training - INFO - Checkpoint checkpoints/DLinear/Weather_100_336_720/b6c8a4eec54e8f0b96f05fb5db4bb13b/DLinear_001.pt saved
2025-08-27 06:11:57,920 - easytorch-training - INFO - The estimated training finish time is 2025-08-27 06:34:58
2025-08-27 06:11:57,920 - easytorch-training - INFO - Epoch 2 / 100
2025-08-27 06:12:07,939 - easytorch-training - INFO - Result <train>: [train/time: 10.02 (s), train/lr: 1.50e-04, train/loss: 0.4261, train/MAE: 0.4261, train/MSE: 0.6117]
2025-08-27 06:12:07,941 - easytorch-training - INFO - Start validation.
2025-08-27 06:12:08,993 - easytorch-training - INFO - Result <val>: [val/time: 1.05 (s), val/loss: 0.4391, val/MAE: 0.4391, val/MSE: 0.6765]
2025-08-27 06:12:09,006 - easytorch-training - INFO - Checkpoint checkpoints/DLinear/Weather_100_336_720/b6c8a4eec54e8f0b96f05fb5db4bb13b/DLinear_best_val_MAE.pt saved
2025-08-27 06:12:11,296 - easytorch-training - INFO - Result <test>: [test/time: 2.29 (s), test/loss: 0.3373, test/MAE: 0.3373, test/MSE: 0.3205]
2025-08-27 06:12:11,306 - easytorch-training - INFO - Checkpoint checkpoints/DLinear/Weather_100_336_720/b6c8a4eec54e8f0b96f05fb5db4bb13b/DLinear_002.pt saved
2025-08-27 06:12:11,307 - easytorch-training - INFO - The estimated training finish time is 2025-08-27 06:34:30
2025-08-27 06:12:11,307 - easytorch-training - INFO - Epoch 3 / 100
2025-08-27 06:12:21,386 - easytorch-training - INFO - Result <train>: [train/time: 10.08 (s), train/lr: 1.50e-04, train/loss: 0.4257, train/MAE: 0.4257, train/MSE: 0.6125]
2025-08-27 06:12:21,387 - easytorch-training - INFO - Start validation.
2025-08-27 06:12:22,409 - easytorch-training - INFO - Result <val>: [val/time: 1.02 (s), val/loss: 0.4374, val/MAE: 0.4374, val/MSE: 0.6734]
2025-08-27 06:12:22,422 - easytorch-training - INFO - Checkpoint checkpoints/DLinear/Weather_100_336_720/b6c8a4eec54e8f0b96f05fb5db4bb13b/DLinear_best_val_MAE.pt saved
2025-08-27 06:12:24,678 - easytorch-training - INFO - Result <test>: [test/time: 2.26 (s), test/loss: 0.3392, test/MAE: 0.3392, test/MSE: 0.3210]
2025-08-27 06:12:24,690 - easytorch-training - INFO - Checkpoint checkpoints/DLinear/Weather_100_336_720/b6c8a4eec54e8f0b96f05fb5db4bb13b/DLinear_003.pt saved
2025-08-27 06:12:24,690 - easytorch-training - INFO - The estimated training finish time is 2025-08-27 06:34:21
2025-08-27 06:12:24,690 - easytorch-training - INFO - Epoch 4 / 100
2025-08-27 06:12:34,572 - easytorch-training - INFO - Result <train>: [train/time: 9.88 (s), train/lr: 1.50e-04, train/loss: 0.4257, train/MAE: 0.4257, train/MSE: 0.6128]
2025-08-27 06:12:34,573 - easytorch-training - INFO - Start validation.
2025-08-27 06:12:35,589 - easytorch-training - INFO - Result <val>: [val/time: 1.02 (s), val/loss: 0.4383, val/MAE: 0.4383, val/MSE: 0.6765]
2025-08-27 06:12:37,837 - easytorch-training - INFO - Result <test>: [test/time: 2.25 (s), test/loss: 0.3380, test/MAE: 0.3380, test/MSE: 0.3210]
2025-08-27 06:12:37,847 - easytorch-training - INFO - Checkpoint checkpoints/DLinear/Weather_100_336_720/b6c8a4eec54e8f0b96f05fb5db4bb13b/DLinear_004.pt saved
2025-08-27 06:12:37,848 - easytorch-training - INFO - The estimated training finish time is 2025-08-27 06:34:10
2025-08-27 06:12:37,848 - easytorch-training - INFO - Epoch 5 / 100
2025-08-27 06:12:47,813 - easytorch-training - INFO - Result <train>: [train/time: 9.97 (s), train/lr: 1.50e-04, train/loss: 0.4256, train/MAE: 0.4256, train/MSE: 0.6132]
2025-08-27 06:12:47,814 - easytorch-training - INFO - Start validation.
2025-08-27 06:12:48,793 - easytorch-training - INFO - Result <val>: [val/time: 0.98 (s), val/loss: 0.4382, val/MAE: 0.4382, val/MSE: 0.6764]
2025-08-27 06:12:51,024 - easytorch-training - INFO - Result <test>: [test/time: 2.23 (s), test/loss: 0.3384, test/MAE: 0.3384, test/MSE: 0.3209]
2025-08-27 06:12:51,035 - easytorch-training - INFO - Checkpoint checkpoints/DLinear/Weather_100_336_720/b6c8a4eec54e8f0b96f05fb5db4bb13b/DLinear_005.pt saved
2025-08-27 06:12:51,035 - easytorch-training - INFO - The estimated training finish time is 2025-08-27 06:34:05
2025-08-27 06:12:51,035 - easytorch-training - INFO - Epoch 6 / 100
2025-08-27 06:13:01,152 - easytorch-training - INFO - Result <train>: [train/time: 10.12 (s), train/lr: 1.50e-04, train/loss: 0.4256, train/MAE: 0.4256, train/MSE: 0.6133]
2025-08-27 06:13:01,153 - easytorch-training - INFO - Start validation.
2025-08-27 06:13:02,195 - easytorch-training - INFO - Result <val>: [val/time: 1.04 (s), val/loss: 0.4355, val/MAE: 0.4355, val/MSE: 0.6705]
2025-08-27 06:13:02,207 - easytorch-training - INFO - Checkpoint checkpoints/DLinear/Weather_100_336_720/b6c8a4eec54e8f0b96f05fb5db4bb13b/DLinear_best_val_MAE.pt saved
2025-08-27 06:13:04,466 - easytorch-training - INFO - Result <test>: [test/time: 2.26 (s), test/loss: 0.3402, test/MAE: 0.3402, test/MSE: 0.3204]
2025-08-27 06:13:04,476 - easytorch-training - INFO - Checkpoint checkpoints/DLinear/Weather_100_336_720/b6c8a4eec54e8f0b96f05fb5db4bb13b/DLinear_006.pt saved
2025-08-27 06:13:04,476 - easytorch-training - INFO - The estimated training finish time is 2025-08-27 06:34:05
2025-08-27 06:13:04,476 - easytorch-training - INFO - Epoch 7 / 100
2025-08-27 06:13:14,479 - easytorch-training - INFO - Result <train>: [train/time: 10.00 (s), train/lr: 1.50e-04, train/loss: 0.4256, train/MAE: 0.4256, train/MSE: 0.6134]
2025-08-27 06:13:14,480 - easytorch-training - INFO - Start validation.
2025-08-27 06:13:15,483 - easytorch-training - INFO - Result <val>: [val/time: 1.00 (s), val/loss: 0.4354, val/MAE: 0.4354, val/MSE: 0.6684]
2025-08-27 06:13:15,494 - easytorch-training - INFO - Checkpoint checkpoints/DLinear/Weather_100_336_720/b6c8a4eec54e8f0b96f05fb5db4bb13b/DLinear_best_val_MAE.pt saved
2025-08-27 06:13:17,741 - easytorch-training - INFO - Result <test>: [test/time: 2.25 (s), test/loss: 0.3411, test/MAE: 0.3411, test/MSE: 0.3207]
2025-08-27 06:13:17,753 - easytorch-training - INFO - Checkpoint checkpoints/DLinear/Weather_100_336_720/b6c8a4eec54e8f0b96f05fb5db4bb13b/DLinear_007.pt saved
2025-08-27 06:13:17,753 - easytorch-training - INFO - The estimated training finish time is 2025-08-27 06:34:03
2025-08-27 06:13:17,753 - easytorch-training - INFO - Epoch 8 / 100
2025-08-27 06:13:27,718 - easytorch-training - INFO - Result <train>: [train/time: 9.96 (s), train/lr: 1.50e-04, train/loss: 0.4256, train/MAE: 0.4256, train/MSE: 0.6134]
2025-08-27 06:13:27,719 - easytorch-training - INFO - Start validation.
2025-08-27 06:13:28,735 - easytorch-training - INFO - Result <val>: [val/time: 1.02 (s), val/loss: 0.4391, val/MAE: 0.4391, val/MSE: 0.6785]
2025-08-27 06:13:31,134 - easytorch-training - INFO - Result <test>: [test/time: 2.40 (s), test/loss: 0.3371, test/MAE: 0.3371, test/MSE: 0.3209]
2025-08-27 06:13:31,145 - easytorch-training - INFO - Checkpoint checkpoints/DLinear/Weather_100_336_720/b6c8a4eec54e8f0b96f05fb5db4bb13b/DLinear_008.pt saved
2025-08-27 06:13:31,145 - easytorch-training - INFO - The estimated training finish time is 2025-08-27 06:34:03
2025-08-27 06:13:31,146 - easytorch-training - INFO - Epoch 9 / 100
2025-08-27 06:13:40,928 - easytorch-training - INFO - Result <train>: [train/time: 9.78 (s), train/lr: 1.50e-04, train/loss: 0.4256, train/MAE: 0.4256, train/MSE: 0.6136]
2025-08-27 06:13:40,929 - easytorch-training - INFO - Start validation.
2025-08-27 06:13:41,925 - easytorch-training - INFO - Result <val>: [val/time: 1.00 (s), val/loss: 0.4362, val/MAE: 0.4362, val/MSE: 0.6731]
2025-08-27 06:13:44,205 - easytorch-training - INFO - Result <test>: [test/time: 2.28 (s), test/loss: 0.3391, test/MAE: 0.3391, test/MSE: 0.3207]
2025-08-27 06:13:44,216 - easytorch-training - INFO - Checkpoint checkpoints/DLinear/Weather_100_336_720/b6c8a4eec54e8f0b96f05fb5db4bb13b/DLinear_009.pt saved
2025-08-27 06:13:44,216 - easytorch-training - INFO - The estimated training finish time is 2025-08-27 06:33:59
2025-08-27 06:13:44,216 - easytorch-training - INFO - Epoch 10 / 100
2025-08-27 06:13:54,159 - easytorch-training - INFO - Result <train>: [train/time: 9.94 (s), train/lr: 1.50e-04, train/loss: 0.4255, train/MAE: 0.4255, train/MSE: 0.6136]
2025-08-27 06:13:54,164 - easytorch-training - INFO - Start validation.
2025-08-27 06:13:55,154 - easytorch-training - INFO - Result <val>: [val/time: 0.99 (s), val/loss: 0.4360, val/MAE: 0.4360, val/MSE: 0.6703]
2025-08-27 06:13:57,432 - easytorch-training - INFO - Result <test>: [test/time: 2.28 (s), test/loss: 0.3410, test/MAE: 0.3410, test/MSE: 0.3209]
2025-08-27 06:13:57,444 - easytorch-training - INFO - Checkpoint checkpoints/DLinear/Weather_100_336_720/b6c8a4eec54e8f0b96f05fb5db4bb13b/DLinear_010.pt saved
2025-08-27 06:13:57,449 - easytorch-training - INFO - The estimated training finish time is 2025-08-27 06:33:58
2025-08-27 06:13:57,449 - easytorch-training - INFO - Epoch 11 / 100
2025-08-27 06:14:07,131 - easytorch-training - INFO - Result <train>: [train/time: 9.68 (s), train/lr: 1.50e-04, train/loss: 0.4256, train/MAE: 0.4256, train/MSE: 0.6137]
2025-08-27 06:14:07,132 - easytorch-training - INFO - Start validation.
2025-08-27 06:14:08,081 - easytorch-training - INFO - Result <val>: [val/time: 0.95 (s), val/loss: 0.4398, val/MAE: 0.4398, val/MSE: 0.6791]
2025-08-27 06:14:10,230 - easytorch-training - INFO - Result <test>: [test/time: 2.15 (s), test/loss: 0.3374, test/MAE: 0.3374, test/MSE: 0.3215]
2025-08-27 06:14:10,243 - easytorch-training - INFO - Checkpoint checkpoints/DLinear/Weather_100_336_720/b6c8a4eec54e8f0b96f05fb5db4bb13b/DLinear_011.pt saved
2025-08-27 06:14:10,244 - easytorch-training - INFO - The estimated training finish time is 2025-08-27 06:33:53
2025-08-27 06:14:10,244 - easytorch-training - INFO - Epoch 12 / 100
2025-08-27 06:14:19,848 - easytorch-training - INFO - Result <train>: [train/time: 9.60 (s), train/lr: 1.50e-04, train/loss: 0.4256, train/MAE: 0.4256, train/MSE: 0.6136]
2025-08-27 06:14:19,849 - easytorch-training - INFO - Start validation.
2025-08-27 06:14:20,798 - easytorch-training - INFO - Result <val>: [val/time: 0.95 (s), val/loss: 0.4335, val/MAE: 0.4335, val/MSE: 0.6656]
2025-08-27 06:14:20,817 - easytorch-training - INFO - Checkpoint checkpoints/DLinear/Weather_100_336_720/b6c8a4eec54e8f0b96f05fb5db4bb13b/DLinear_best_val_MAE.pt saved
2025-08-27 06:14:23,034 - easytorch-training - INFO - Result <test>: [test/time: 2.22 (s), test/loss: 0.3442, test/MAE: 0.3442, test/MSE: 0.3218]
2025-08-27 06:14:23,046 - easytorch-training - INFO - Checkpoint checkpoints/DLinear/Weather_100_336_720/b6c8a4eec54e8f0b96f05fb5db4bb13b/DLinear_012.pt saved
2025-08-27 06:14:23,046 - easytorch-training - INFO - The estimated training finish time is 2025-08-27 06:33:49
2025-08-27 06:14:23,046 - easytorch-training - INFO - Epoch 13 / 100
2025-08-27 06:14:32,857 - easytorch-training - INFO - Result <train>: [train/time: 9.81 (s), train/lr: 1.50e-04, train/loss: 0.4256, train/MAE: 0.4256, train/MSE: 0.6136]
2025-08-27 06:14:32,857 - easytorch-training - INFO - Start validation.
2025-08-27 06:14:33,829 - easytorch-training - INFO - Result <val>: [val/time: 0.97 (s), val/loss: 0.4345, val/MAE: 0.4345, val/MSE: 0.6676]
2025-08-27 06:14:36,031 - easytorch-training - INFO - Result <test>: [test/time: 2.20 (s), test/loss: 0.3427, test/MAE: 0.3427, test/MSE: 0.3212]
2025-08-27 06:14:36,041 - easytorch-training - INFO - Checkpoint checkpoints/DLinear/Weather_100_336_720/b6c8a4eec54e8f0b96f05fb5db4bb13b/DLinear_013.pt saved
2025-08-27 06:14:36,041 - easytorch-training - INFO - The estimated training finish time is 2025-08-27 06:33:47
2025-08-27 06:14:36,041 - easytorch-training - INFO - Epoch 14 / 100
2025-08-27 06:14:45,672 - easytorch-training - INFO - Result <train>: [train/time: 9.63 (s), train/lr: 1.50e-04, train/loss: 0.4256, train/MAE: 0.4256, train/MSE: 0.6137]
2025-08-27 06:14:45,673 - easytorch-training - INFO - Start validation.
2025-08-27 06:14:46,612 - easytorch-training - INFO - Result <val>: [val/time: 0.94 (s), val/loss: 0.4396, val/MAE: 0.4396, val/MSE: 0.6805]
2025-08-27 06:14:48,840 - easytorch-training - INFO - Result <test>: [test/time: 2.23 (s), test/loss: 0.3365, test/MAE: 0.3365, test/MSE: 0.3212]
2025-08-27 06:14:48,852 - easytorch-training - INFO - Checkpoint checkpoints/DLinear/Weather_100_336_720/b6c8a4eec54e8f0b96f05fb5db4bb13b/DLinear_014.pt saved
2025-08-27 06:14:48,852 - easytorch-training - INFO - The estimated training finish time is 2025-08-27 06:33:44
2025-08-27 06:14:48,852 - easytorch-training - INFO - Epoch 15 / 100
2025-08-27 06:14:58,346 - easytorch-training - INFO - Result <train>: [train/time: 9.49 (s), train/lr: 1.50e-04, train/loss: 0.4256, train/MAE: 0.4256, train/MSE: 0.6137]
2025-08-27 06:14:58,350 - easytorch-training - INFO - Start validation.
2025-08-27 06:14:59,414 - easytorch-training - INFO - Result <val>: [val/time: 1.06 (s), val/loss: 0.4373, val/MAE: 0.4373, val/MSE: 0.6750]
2025-08-27 06:15:01,676 - easytorch-training - INFO - Result <test>: [test/time: 2.26 (s), test/loss: 0.3389, test/MAE: 0.3389, test/MSE: 0.3211]
2025-08-27 06:15:01,687 - easytorch-training - INFO - Checkpoint checkpoints/DLinear/Weather_100_336_720/b6c8a4eec54e8f0b96f05fb5db4bb13b/DLinear_015.pt saved
2025-08-27 06:15:01,687 - easytorch-training - INFO - The estimated training finish time is 2025-08-27 06:33:42
2025-08-27 06:15:01,687 - easytorch-training - INFO - Epoch 16 / 100
2025-08-27 06:15:10,994 - easytorch-training - INFO - Result <train>: [train/time: 9.31 (s), train/lr: 1.50e-04, train/loss: 0.4255, train/MAE: 0.4255, train/MSE: 0.6137]
2025-08-27 06:15:10,995 - easytorch-training - INFO - Start validation.
2025-08-27 06:15:11,988 - easytorch-training - INFO - Result <val>: [val/time: 0.99 (s), val/loss: 0.4380, val/MAE: 0.4380, val/MSE: 0.6761]
2025-08-27 06:15:14,235 - easytorch-training - INFO - Result <test>: [test/time: 2.25 (s), test/loss: 0.3374, test/MAE: 0.3374, test/MSE: 0.3204]
2025-08-27 06:15:14,244 - easytorch-training - INFO - Checkpoint checkpoints/DLinear/Weather_100_336_720/b6c8a4eec54e8f0b96f05fb5db4bb13b/DLinear_016.pt saved
2025-08-27 06:15:14,245 - easytorch-training - INFO - The estimated training finish time is 2025-08-27 06:33:38
2025-08-27 06:15:14,245 - easytorch-training - INFO - Epoch 17 / 100
2025-08-27 06:15:23,475 - easytorch-training - INFO - Result <train>: [train/time: 9.23 (s), train/lr: 1.50e-04, train/loss: 0.4256, train/MAE: 0.4256, train/MSE: 0.6137]
2025-08-27 06:15:23,476 - easytorch-training - INFO - Start validation.
2025-08-27 06:15:24,368 - easytorch-training - INFO - Result <val>: [val/time: 0.89 (s), val/loss: 0.4372, val/MAE: 0.4372, val/MSE: 0.6757]
2025-08-27 06:15:26,372 - easytorch-training - INFO - Result <test>: [test/time: 2.00 (s), test/loss: 0.3385, test/MAE: 0.3385, test/MSE: 0.3207]
2025-08-27 06:15:26,383 - easytorch-training - INFO - Checkpoint checkpoints/DLinear/Weather_100_336_720/b6c8a4eec54e8f0b96f05fb5db4bb13b/DLinear_017.pt saved
2025-08-27 06:15:26,383 - easytorch-training - INFO - The estimated training finish time is 2025-08-27 06:33:32
2025-08-27 06:15:26,383 - easytorch-training - INFO - Epoch 18 / 100
2025-08-27 06:15:35,640 - easytorch-training - INFO - Result <train>: [train/time: 9.26 (s), train/lr: 1.50e-04, train/loss: 0.4256, train/MAE: 0.4256, train/MSE: 0.6138]
2025-08-27 06:15:35,640 - easytorch-training - INFO - Start validation.
2025-08-27 06:15:36,606 - easytorch-training - INFO - Result <val>: [val/time: 0.97 (s), val/loss: 0.4366, val/MAE: 0.4366, val/MSE: 0.6720]
2025-08-27 06:15:38,805 - easytorch-training - INFO - Result <test>: [test/time: 2.20 (s), test/loss: 0.3400, test/MAE: 0.3400, test/MSE: 0.3208]
2025-08-27 06:15:38,815 - easytorch-training - INFO - Checkpoint checkpoints/DLinear/Weather_100_336_720/b6c8a4eec54e8f0b96f05fb5db4bb13b/DLinear_018.pt saved
2025-08-27 06:15:38,815 - easytorch-training - INFO - The estimated training finish time is 2025-08-27 06:33:28
2025-08-27 06:15:38,815 - easytorch-training - INFO - Epoch 19 / 100
2025-08-27 06:15:48,036 - easytorch-training - INFO - Result <train>: [train/time: 9.22 (s), train/lr: 1.50e-04, train/loss: 0.4255, train/MAE: 0.4255, train/MSE: 0.6137]
2025-08-27 06:15:48,037 - easytorch-training - INFO - Start validation.
2025-08-27 06:15:48,933 - easytorch-training - INFO - Result <val>: [val/time: 0.90 (s), val/loss: 0.4368, val/MAE: 0.4368, val/MSE: 0.6728]
2025-08-27 06:15:51,033 - easytorch-training - INFO - Result <test>: [test/time: 2.10 (s), test/loss: 0.3392, test/MAE: 0.3392, test/MSE: 0.3205]
2025-08-27 06:15:51,042 - easytorch-training - INFO - Checkpoint checkpoints/DLinear/Weather_100_336_720/b6c8a4eec54e8f0b96f05fb5db4bb13b/DLinear_019.pt saved
2025-08-27 06:15:51,043 - easytorch-training - INFO - The estimated training finish time is 2025-08-27 06:33:24
2025-08-27 06:15:51,043 - easytorch-training - INFO - Epoch 20 / 100
2025-08-27 06:15:59,848 - easytorch-training - INFO - Result <train>: [train/time: 8.81 (s), train/lr: 1.50e-04, train/loss: 0.4256, train/MAE: 0.4256, train/MSE: 0.6137]
2025-08-27 06:15:59,849 - easytorch-training - INFO - Start validation.
2025-08-27 06:16:00,752 - easytorch-training - INFO - Result <val>: [val/time: 0.90 (s), val/loss: 0.4362, val/MAE: 0.4362, val/MSE: 0.6726]
2025-08-27 06:16:02,748 - easytorch-training - INFO - Result <test>: [test/time: 2.00 (s), test/loss: 0.3391, test/MAE: 0.3391, test/MSE: 0.3205]
2025-08-27 06:16:02,758 - easytorch-training - INFO - Checkpoint checkpoints/DLinear/Weather_100_336_720/b6c8a4eec54e8f0b96f05fb5db4bb13b/DLinear_020.pt saved
2025-08-27 06:16:02,764 - easytorch-training - INFO - The estimated training finish time is 2025-08-27 06:33:17
2025-08-27 06:16:02,764 - easytorch-training - INFO - Epoch 21 / 100
2025-08-27 06:16:11,613 - easytorch-training - INFO - Result <train>: [train/time: 8.85 (s), train/lr: 1.50e-04, train/loss: 0.4255, train/MAE: 0.4255, train/MSE: 0.6137]
2025-08-27 06:16:11,614 - easytorch-training - INFO - Start validation.
2025-08-27 06:16:12,503 - easytorch-training - INFO - Result <val>: [val/time: 0.89 (s), val/loss: 0.4370, val/MAE: 0.4370, val/MSE: 0.6749]
2025-08-27 06:16:14,628 - easytorch-training - INFO - Result <test>: [test/time: 2.12 (s), test/loss: 0.3385, test/MAE: 0.3385, test/MSE: 0.3207]
2025-08-27 06:16:14,638 - easytorch-training - INFO - Checkpoint checkpoints/DLinear/Weather_100_336_720/b6c8a4eec54e8f0b96f05fb5db4bb13b/DLinear_021.pt saved
2025-08-27 06:16:14,638 - easytorch-training - INFO - The estimated training finish time is 2025-08-27 06:33:12
2025-08-27 06:16:14,638 - easytorch-training - INFO - Epoch 22 / 100
2025-08-27 06:16:23,567 - easytorch-training - INFO - Result <train>: [train/time: 8.93 (s), train/lr: 1.50e-04, train/loss: 0.4255, train/MAE: 0.4255, train/MSE: 0.6137]
2025-08-27 06:16:23,568 - easytorch-training - INFO - Start validation.
2025-08-27 06:16:24,432 - easytorch-training - INFO - Result <val>: [val/time: 0.86 (s), val/loss: 0.4340, val/MAE: 0.4340, val/MSE: 0.6666]
2025-08-27 06:16:26,383 - easytorch-training - INFO - Result <test>: [test/time: 1.95 (s), test/loss: 0.3439, test/MAE: 0.3439, test/MSE: 0.3219]
2025-08-27 06:16:26,393 - easytorch-training - INFO - Checkpoint checkpoints/DLinear/Weather_100_336_720/b6c8a4eec54e8f0b96f05fb5db4bb13b/DLinear_022.pt saved
2025-08-27 06:16:26,394 - easytorch-training - INFO - The estimated training finish time is 2025-08-27 06:33:07
2025-08-27 06:16:26,394 - easytorch-training - INFO - Epoch 23 / 100
2025-08-27 06:16:35,548 - easytorch-training - INFO - Result <train>: [train/time: 9.15 (s), train/lr: 1.50e-04, train/loss: 0.4256, train/MAE: 0.4256, train/MSE: 0.6138]
2025-08-27 06:16:35,549 - easytorch-training - INFO - Start validation.
2025-08-27 06:16:36,564 - easytorch-training - INFO - Result <val>: [val/time: 1.01 (s), val/loss: 0.4365, val/MAE: 0.4365, val/MSE: 0.6737]
2025-08-27 06:16:38,839 - easytorch-training - INFO - Result <test>: [test/time: 2.27 (s), test/loss: 0.3395, test/MAE: 0.3395, test/MSE: 0.3208]
2025-08-27 06:16:38,849 - easytorch-training - INFO - Checkpoint checkpoints/DLinear/Weather_100_336_720/b6c8a4eec54e8f0b96f05fb5db4bb13b/DLinear_023.pt saved
2025-08-27 06:16:38,849 - easytorch-training - INFO - The estimated training finish time is 2025-08-27 06:33:06
2025-08-27 06:16:38,849 - easytorch-training - INFO - Epoch 24 / 100
2025-08-27 06:16:48,152 - easytorch-training - INFO - Result <train>: [train/time: 9.30 (s), train/lr: 1.50e-04, train/loss: 0.4256, train/MAE: 0.4256, train/MSE: 0.6139]
2025-08-27 06:16:48,153 - easytorch-training - INFO - Start validation.
2025-08-27 06:16:49,106 - easytorch-training - INFO - Result <val>: [val/time: 0.95 (s), val/loss: 0.4389, val/MAE: 0.4389, val/MSE: 0.6783]
2025-08-27 06:16:51,193 - easytorch-training - INFO - Result <test>: [test/time: 2.09 (s), test/loss: 0.3370, test/MAE: 0.3370, test/MSE: 0.3207]
2025-08-27 06:16:51,207 - easytorch-training - INFO - Checkpoint checkpoints/DLinear/Weather_100_336_720/b6c8a4eec54e8f0b96f05fb5db4bb13b/DLinear_024.pt saved
2025-08-27 06:16:51,208 - easytorch-training - INFO - The estimated training finish time is 2025-08-27 06:33:04
2025-08-27 06:16:51,208 - easytorch-training - INFO - Epoch 25 / 100
2025-08-27 06:17:00,449 - easytorch-training - INFO - Result <train>: [train/time: 9.24 (s), train/lr: 1.50e-04, train/loss: 0.4255, train/MAE: 0.4255, train/MSE: 0.6137]
2025-08-27 06:17:00,450 - easytorch-training - INFO - Start validation.
2025-08-27 06:17:01,436 - easytorch-training - INFO - Result <val>: [val/time: 0.99 (s), val/loss: 0.4383, val/MAE: 0.4383, val/MSE: 0.6780]
2025-08-27 06:17:03,602 - easytorch-training - INFO - Result <test>: [test/time: 2.17 (s), test/loss: 0.3376, test/MAE: 0.3376, test/MSE: 0.3212]
2025-08-27 06:17:03,612 - easytorch-training - INFO - Checkpoint checkpoints/DLinear/Weather_100_336_720/b6c8a4eec54e8f0b96f05fb5db4bb13b/DLinear_025.pt saved
2025-08-27 06:17:03,612 - easytorch-training - INFO - The estimated training finish time is 2025-08-27 06:33:02
2025-08-27 06:17:03,612 - easytorch-training - INFO - Epoch 26 / 100
2025-08-27 06:17:13,114 - easytorch-training - INFO - Result <train>: [train/time: 9.50 (s), train/lr: 7.50e-05, train/loss: 0.4252, train/MAE: 0.4252, train/MSE: 0.6134]
2025-08-27 06:17:13,115 - easytorch-training - INFO - Start validation.
2025-08-27 06:17:14,220 - easytorch-training - INFO - Result <val>: [val/time: 1.10 (s), val/loss: 0.4364, val/MAE: 0.4364, val/MSE: 0.6729]
2025-08-27 06:17:16,550 - easytorch-training - INFO - Result <test>: [test/time: 2.33 (s), test/loss: 0.3399, test/MAE: 0.3399, test/MSE: 0.3214]
2025-08-27 06:17:16,561 - easytorch-training - INFO - Checkpoint checkpoints/DLinear/Weather_100_336_720/b6c8a4eec54e8f0b96f05fb5db4bb13b/DLinear_026.pt saved
2025-08-27 06:17:16,561 - easytorch-training - INFO - The estimated training finish time is 2025-08-27 06:33:03
2025-08-27 06:17:16,561 - easytorch-training - INFO - Epoch 27 / 100
2025-08-27 06:17:25,872 - easytorch-training - INFO - Result <train>: [train/time: 9.31 (s), train/lr: 7.50e-05, train/loss: 0.4252, train/MAE: 0.4252, train/MSE: 0.6135]
2025-08-27 06:17:25,873 - easytorch-training - INFO - Start validation.
2025-08-27 06:17:26,854 - easytorch-training - INFO - Result <val>: [val/time: 0.98 (s), val/loss: 0.4371, val/MAE: 0.4371, val/MSE: 0.6746]
2025-08-27 06:17:29,031 - easytorch-training - INFO - Result <test>: [test/time: 2.18 (s), test/loss: 0.3385, test/MAE: 0.3385, test/MSE: 0.3207]
2025-08-27 06:17:29,041 - easytorch-training - INFO - Checkpoint checkpoints/DLinear/Weather_100_336_720/b6c8a4eec54e8f0b96f05fb5db4bb13b/DLinear_027.pt saved
2025-08-27 06:17:29,041 - easytorch-training - INFO - The estimated training finish time is 2025-08-27 06:33:01
2025-08-27 06:17:29,041 - easytorch-training - INFO - Epoch 28 / 100
2025-08-27 06:17:38,368 - easytorch-training - INFO - Result <train>: [train/time: 9.33 (s), train/lr: 7.50e-05, train/loss: 0.4252, train/MAE: 0.4252, train/MSE: 0.6135]
2025-08-27 06:17:38,369 - easytorch-training - INFO - Start validation.
2025-08-27 06:17:39,289 - easytorch-training - INFO - Result <val>: [val/time: 0.92 (s), val/loss: 0.4365, val/MAE: 0.4365, val/MSE: 0.6730]
2025-08-27 06:17:41,277 - easytorch-training - INFO - Result <test>: [test/time: 1.99 (s), test/loss: 0.3396, test/MAE: 0.3396, test/MSE: 0.3210]
2025-08-27 06:17:41,288 - easytorch-training - INFO - Checkpoint checkpoints/DLinear/Weather_100_336_720/b6c8a4eec54e8f0b96f05fb5db4bb13b/DLinear_028.pt saved
2025-08-27 06:17:41,288 - easytorch-training - INFO - The estimated training finish time is 2025-08-27 06:33:00
2025-08-27 06:17:41,288 - easytorch-training - INFO - Epoch 29 / 100
2025-08-27 06:17:50,784 - easytorch-training - INFO - Result <train>: [train/time: 9.50 (s), train/lr: 7.50e-05, train/loss: 0.4252, train/MAE: 0.4252, train/MSE: 0.6135]
2025-08-27 06:17:50,785 - easytorch-training - INFO - Start validation.
2025-08-27 06:17:51,761 - easytorch-training - INFO - Result <val>: [val/time: 0.98 (s), val/loss: 0.4368, val/MAE: 0.4368, val/MSE: 0.6741]
2025-08-27 06:17:53,898 - easytorch-training - INFO - Result <test>: [test/time: 2.13 (s), test/loss: 0.3390, test/MAE: 0.3390, test/MSE: 0.3209]
2025-08-27 06:17:53,907 - easytorch-training - INFO - Checkpoint checkpoints/DLinear/Weather_100_336_720/b6c8a4eec54e8f0b96f05fb5db4bb13b/DLinear_029.pt saved
2025-08-27 06:17:53,908 - easytorch-training - INFO - The estimated training finish time is 2025-08-27 06:32:59
2025-08-27 06:17:53,908 - easytorch-training - INFO - Epoch 30 / 100
2025-08-27 06:18:02,990 - easytorch-training - INFO - Result <train>: [train/time: 9.08 (s), train/lr: 7.50e-05, train/loss: 0.4252, train/MAE: 0.4252, train/MSE: 0.6135]
2025-08-27 06:18:02,991 - easytorch-training - INFO - Start validation.
2025-08-27 06:18:03,814 - easytorch-training - INFO - Result <val>: [val/time: 0.82 (s), val/loss: 0.4382, val/MAE: 0.4382, val/MSE: 0.6777]
2025-08-27 06:18:05,818 - easytorch-training - INFO - Result <test>: [test/time: 2.00 (s), test/loss: 0.3370, test/MAE: 0.3370, test/MSE: 0.3208]
2025-08-27 06:18:05,829 - easytorch-training - INFO - Checkpoint checkpoints/DLinear/Weather_100_336_720/b6c8a4eec54e8f0b96f05fb5db4bb13b/DLinear_030.pt saved
2025-08-27 06:18:05,834 - easytorch-training - INFO - The estimated training finish time is 2025-08-27 06:32:56
2025-08-27 06:18:05,834 - easytorch-training - INFO - Epoch 31 / 100
2025-08-27 06:18:14,659 - easytorch-training - INFO - Result <train>: [train/time: 8.82 (s), train/lr: 7.50e-05, train/loss: 0.4252, train/MAE: 0.4252, train/MSE: 0.6135]
2025-08-27 06:18:14,662 - easytorch-training - INFO - Start validation.
2025-08-27 06:18:15,577 - easytorch-training - INFO - Result <val>: [val/time: 0.92 (s), val/loss: 0.4353, val/MAE: 0.4353, val/MSE: 0.6701]
2025-08-27 06:18:17,594 - easytorch-training - INFO - Result <test>: [test/time: 2.02 (s), test/loss: 0.3406, test/MAE: 0.3406, test/MSE: 0.3207]
2025-08-27 06:18:17,604 - easytorch-training - INFO - Checkpoint checkpoints/DLinear/Weather_100_336_720/b6c8a4eec54e8f0b96f05fb5db4bb13b/DLinear_031.pt saved
2025-08-27 06:18:17,604 - easytorch-training - INFO - The estimated training finish time is 2025-08-27 06:32:53
2025-08-27 06:18:17,605 - easytorch-training - INFO - Epoch 32 / 100
2025-08-27 06:18:26,433 - easytorch-training - INFO - Result <train>: [train/time: 8.83 (s), train/lr: 7.50e-05, train/loss: 0.4252, train/MAE: 0.4252, train/MSE: 0.6135]
2025-08-27 06:18:26,435 - easytorch-training - INFO - Start validation.
2025-08-27 06:18:27,322 - easytorch-training - INFO - Result <val>: [val/time: 0.89 (s), val/loss: 0.4374, val/MAE: 0.4374, val/MSE: 0.6755]
2025-08-27 06:18:29,301 - easytorch-training - INFO - Result <test>: [test/time: 1.98 (s), test/loss: 0.3378, test/MAE: 0.3378, test/MSE: 0.3208]
2025-08-27 06:18:29,313 - easytorch-training - INFO - Checkpoint checkpoints/DLinear/Weather_100_336_720/b6c8a4eec54e8f0b96f05fb5db4bb13b/DLinear_032.pt saved
2025-08-27 06:18:29,313 - easytorch-training - INFO - The estimated training finish time is 2025-08-27 06:32:50
2025-08-27 06:18:29,313 - easytorch-training - INFO - Epoch 33 / 100
2025-08-27 06:18:38,080 - easytorch-training - INFO - Result <train>: [train/time: 8.77 (s), train/lr: 7.50e-05, train/loss: 0.4252, train/MAE: 0.4252, train/MSE: 0.6135]
2025-08-27 06:18:38,081 - easytorch-training - INFO - Start validation.
2025-08-27 06:18:38,921 - easytorch-training - INFO - Result <val>: [val/time: 0.84 (s), val/loss: 0.4396, val/MAE: 0.4396, val/MSE: 0.6803]
2025-08-27 06:18:40,820 - easytorch-training - INFO - Result <test>: [test/time: 1.90 (s), test/loss: 0.3362, test/MAE: 0.3362, test/MSE: 0.3212]
2025-08-27 06:18:40,830 - easytorch-training - INFO - Checkpoint checkpoints/DLinear/Weather_100_336_720/b6c8a4eec54e8f0b96f05fb5db4bb13b/DLinear_033.pt saved
2025-08-27 06:18:40,830 - easytorch-training - INFO - The estimated training finish time is 2025-08-27 06:32:47
2025-08-27 06:18:40,830 - easytorch-training - INFO - Epoch 34 / 100
2025-08-27 06:18:49,620 - easytorch-training - INFO - Result <train>: [train/time: 8.79 (s), train/lr: 7.50e-05, train/loss: 0.4252, train/MAE: 0.4252, train/MSE: 0.6135]
2025-08-27 06:18:49,622 - easytorch-training - INFO - Start validation.
2025-08-27 06:18:50,470 - easytorch-training - INFO - Result <val>: [val/time: 0.85 (s), val/loss: 0.4366, val/MAE: 0.4366, val/MSE: 0.6737]
2025-08-27 06:18:52,427 - easytorch-training - INFO - Result <test>: [test/time: 1.96 (s), test/loss: 0.3392, test/MAE: 0.3392, test/MSE: 0.3207]
2025-08-27 06:18:52,438 - easytorch-training - INFO - Checkpoint checkpoints/DLinear/Weather_100_336_720/b6c8a4eec54e8f0b96f05fb5db4bb13b/DLinear_034.pt saved
2025-08-27 06:18:52,438 - easytorch-training - INFO - The estimated training finish time is 2025-08-27 06:32:44
2025-08-27 06:18:52,438 - easytorch-training - INFO - Epoch 35 / 100
2025-08-27 06:19:00,892 - easytorch-training - INFO - Result <train>: [train/time: 8.45 (s), train/lr: 7.50e-05, train/loss: 0.4252, train/MAE: 0.4252, train/MSE: 0.6135]
2025-08-27 06:19:00,893 - easytorch-training - INFO - Start validation.
2025-08-27 06:19:01,840 - easytorch-training - INFO - Result <val>: [val/time: 0.95 (s), val/loss: 0.4369, val/MAE: 0.4369, val/MSE: 0.6741]
2025-08-27 06:19:03,946 - easytorch-training - INFO - Result <test>: [test/time: 2.11 (s), test/loss: 0.3386, test/MAE: 0.3386, test/MSE: 0.3208]
2025-08-27 06:19:03,956 - easytorch-training - INFO - Checkpoint checkpoints/DLinear/Weather_100_336_720/b6c8a4eec54e8f0b96f05fb5db4bb13b/DLinear_035.pt saved
2025-08-27 06:19:03,956 - easytorch-training - INFO - The estimated training finish time is 2025-08-27 06:32:41
2025-08-27 06:19:03,956 - easytorch-training - INFO - Epoch 36 / 100
2025-08-27 06:19:12,379 - easytorch-training - INFO - Result <train>: [train/time: 8.42 (s), train/lr: 7.50e-05, train/loss: 0.4252, train/MAE: 0.4252, train/MSE: 0.6136]
2025-08-27 06:19:12,380 - easytorch-training - INFO - Start validation.
2025-08-27 06:19:13,309 - easytorch-training - INFO - Result <val>: [val/time: 0.93 (s), val/loss: 0.4364, val/MAE: 0.4364, val/MSE: 0.6730]
2025-08-27 06:19:15,450 - easytorch-training - INFO - Result <test>: [test/time: 2.14 (s), test/loss: 0.3389, test/MAE: 0.3389, test/MSE: 0.3204]
2025-08-27 06:19:15,460 - easytorch-training - INFO - Checkpoint checkpoints/DLinear/Weather_100_336_720/b6c8a4eec54e8f0b96f05fb5db4bb13b/DLinear_036.pt saved
2025-08-27 06:19:15,460 - easytorch-training - INFO - The estimated training finish time is 2025-08-27 06:32:38
2025-08-27 06:19:15,460 - easytorch-training - INFO - Epoch 37 / 100
2025-08-27 06:19:24,036 - easytorch-training - INFO - Result <train>: [train/time: 8.58 (s), train/lr: 7.50e-05, train/loss: 0.4252, train/MAE: 0.4252, train/MSE: 0.6135]
2025-08-27 06:19:24,037 - easytorch-training - INFO - Start validation.
2025-08-27 06:19:24,845 - easytorch-training - INFO - Result <val>: [val/time: 0.81 (s), val/loss: 0.4366, val/MAE: 0.4366, val/MSE: 0.6730]
2025-08-27 06:19:26,730 - easytorch-training - INFO - Result <test>: [test/time: 1.88 (s), test/loss: 0.3392, test/MAE: 0.3392, test/MSE: 0.3205]
2025-08-27 06:19:26,740 - easytorch-training - INFO - Checkpoint checkpoints/DLinear/Weather_100_336_720/b6c8a4eec54e8f0b96f05fb5db4bb13b/DLinear_037.pt saved
2025-08-27 06:19:26,740 - easytorch-training - INFO - The estimated training finish time is 2025-08-27 06:32:34
2025-08-27 06:19:26,740 - easytorch-training - INFO - Epoch 38 / 100
2025-08-27 06:19:35,247 - easytorch-training - INFO - Result <train>: [train/time: 8.51 (s), train/lr: 7.50e-05, train/loss: 0.4252, train/MAE: 0.4252, train/MSE: 0.6135]
2025-08-27 06:19:35,247 - easytorch-training - INFO - Start validation.
2025-08-27 06:19:36,125 - easytorch-training - INFO - Result <val>: [val/time: 0.88 (s), val/loss: 0.4375, val/MAE: 0.4375, val/MSE: 0.6755]
2025-08-27 06:19:38,089 - easytorch-training - INFO - Result <test>: [test/time: 1.96 (s), test/loss: 0.3379, test/MAE: 0.3379, test/MSE: 0.3206]
2025-08-27 06:19:38,100 - easytorch-training - INFO - Checkpoint checkpoints/DLinear/Weather_100_336_720/b6c8a4eec54e8f0b96f05fb5db4bb13b/DLinear_038.pt saved
2025-08-27 06:19:38,100 - easytorch-training - INFO - The estimated training finish time is 2025-08-27 06:32:31
2025-08-27 06:19:38,100 - easytorch-training - INFO - Epoch 39 / 100
2025-08-27 06:19:46,749 - easytorch-training - INFO - Result <train>: [train/time: 8.65 (s), train/lr: 7.50e-05, train/loss: 0.4252, train/MAE: 0.4252, train/MSE: 0.6135]
2025-08-27 06:19:46,750 - easytorch-training - INFO - Start validation.
2025-08-27 06:19:47,644 - easytorch-training - INFO - Result <val>: [val/time: 0.89 (s), val/loss: 0.4359, val/MAE: 0.4359, val/MSE: 0.6721]
2025-08-27 06:19:49,582 - easytorch-training - INFO - Result <test>: [test/time: 1.94 (s), test/loss: 0.3393, test/MAE: 0.3393, test/MSE: 0.3204]
2025-08-27 06:19:49,592 - easytorch-training - INFO - Checkpoint checkpoints/DLinear/Weather_100_336_720/b6c8a4eec54e8f0b96f05fb5db4bb13b/DLinear_039.pt saved
2025-08-27 06:19:49,592 - easytorch-training - INFO - The estimated training finish time is 2025-08-27 06:32:29
2025-08-27 06:19:49,592 - easytorch-training - INFO - Epoch 40 / 100
2025-08-27 06:19:58,129 - easytorch-training - INFO - Result <train>: [train/time: 8.54 (s), train/lr: 7.50e-05, train/loss: 0.4252, train/MAE: 0.4252, train/MSE: 0.6135]
2025-08-27 06:19:58,130 - easytorch-training - INFO - Start validation.
2025-08-27 06:19:59,052 - easytorch-training - INFO - Result <val>: [val/time: 0.92 (s), val/loss: 0.4358, val/MAE: 0.4358, val/MSE: 0.6717]
2025-08-27 06:20:01,124 - easytorch-training - INFO - Result <test>: [test/time: 2.07 (s), test/loss: 0.3392, test/MAE: 0.3392, test/MSE: 0.3202]
2025-08-27 06:20:01,133 - easytorch-training - INFO - Checkpoint checkpoints/DLinear/Weather_100_336_720/b6c8a4eec54e8f0b96f05fb5db4bb13b/DLinear_040.pt saved
2025-08-27 06:20:01,138 - easytorch-training - INFO - The estimated training finish time is 2025-08-27 06:32:26
2025-08-27 06:20:01,138 - easytorch-training - INFO - Epoch 41 / 100
2025-08-27 06:20:09,684 - easytorch-training - INFO - Result <train>: [train/time: 8.55 (s), train/lr: 7.50e-05, train/loss: 0.4252, train/MAE: 0.4252, train/MSE: 0.6135]
2025-08-27 06:20:09,685 - easytorch-training - INFO - Start validation.
2025-08-27 06:20:10,643 - easytorch-training - INFO - Result <val>: [val/time: 0.96 (s), val/loss: 0.4371, val/MAE: 0.4371, val/MSE: 0.6751]
2025-08-27 06:20:12,772 - easytorch-training - INFO - Result <test>: [test/time: 2.13 (s), test/loss: 0.3377, test/MAE: 0.3377, test/MSE: 0.3204]
2025-08-27 06:20:12,781 - easytorch-training - INFO - Checkpoint checkpoints/DLinear/Weather_100_336_720/b6c8a4eec54e8f0b96f05fb5db4bb13b/DLinear_041.pt saved
2025-08-27 06:20:12,781 - easytorch-training - INFO - The estimated training finish time is 2025-08-27 06:32:24
2025-08-27 06:20:12,781 - easytorch-training - INFO - Epoch 42 / 100
2025-08-27 06:20:21,334 - easytorch-training - INFO - Result <train>: [train/time: 8.55 (s), train/lr: 7.50e-05, train/loss: 0.4252, train/MAE: 0.4252, train/MSE: 0.6135]
2025-08-27 06:20:21,335 - easytorch-training - INFO - Start validation.
2025-08-27 06:20:22,316 - easytorch-training - INFO - Result <val>: [val/time: 0.98 (s), val/loss: 0.4366, val/MAE: 0.4366, val/MSE: 0.6736]
2025-08-27 06:20:24,417 - easytorch-training - INFO - Result <test>: [test/time: 2.10 (s), test/loss: 0.3385, test/MAE: 0.3385, test/MSE: 0.3204]
2025-08-27 06:20:24,427 - easytorch-training - INFO - Checkpoint checkpoints/DLinear/Weather_100_336_720/b6c8a4eec54e8f0b96f05fb5db4bb13b/DLinear_042.pt saved
2025-08-27 06:20:24,427 - easytorch-training - INFO - The estimated training finish time is 2025-08-27 06:32:23
2025-08-27 06:20:24,427 - easytorch-training - INFO - Epoch 43 / 100
2025-08-27 06:20:32,852 - easytorch-training - INFO - Result <train>: [train/time: 8.42 (s), train/lr: 7.50e-05, train/loss: 0.4252, train/MAE: 0.4252, train/MSE: 0.6134]
2025-08-27 06:20:32,853 - easytorch-training - INFO - Start validation.
2025-08-27 06:20:33,693 - easytorch-training - INFO - Result <val>: [val/time: 0.84 (s), val/loss: 0.4374, val/MAE: 0.4374, val/MSE: 0.6758]
2025-08-27 06:20:35,668 - easytorch-training - INFO - Result <test>: [test/time: 1.97 (s), test/loss: 0.3378, test/MAE: 0.3378, test/MSE: 0.3208]
2025-08-27 06:20:35,678 - easytorch-training - INFO - Checkpoint checkpoints/DLinear/Weather_100_336_720/b6c8a4eec54e8f0b96f05fb5db4bb13b/DLinear_043.pt saved
2025-08-27 06:20:35,678 - easytorch-training - INFO - The estimated training finish time is 2025-08-27 06:32:20
2025-08-27 06:20:35,678 - easytorch-training - INFO - Epoch 44 / 100
2025-08-27 06:20:44,230 - easytorch-training - INFO - Result <train>: [train/time: 8.55 (s), train/lr: 7.50e-05, train/loss: 0.4252, train/MAE: 0.4252, train/MSE: 0.6136]
2025-08-27 06:20:44,231 - easytorch-training - INFO - Start validation.
2025-08-27 06:20:45,128 - easytorch-training - INFO - Result <val>: [val/time: 0.90 (s), val/loss: 0.4367, val/MAE: 0.4367, val/MSE: 0.6737]
2025-08-27 06:20:47,251 - easytorch-training - INFO - Result <test>: [test/time: 2.12 (s), test/loss: 0.3392, test/MAE: 0.3392, test/MSE: 0.3211]
2025-08-27 06:20:47,261 - easytorch-training - INFO - Checkpoint checkpoints/DLinear/Weather_100_336_720/b6c8a4eec54e8f0b96f05fb5db4bb13b/DLinear_044.pt saved
2025-08-27 06:20:47,261 - easytorch-training - INFO - The estimated training finish time is 2025-08-27 06:32:18
2025-08-27 06:20:47,261 - easytorch-training - INFO - Epoch 45 / 100
2025-08-27 06:20:55,824 - easytorch-training - INFO - Result <train>: [train/time: 8.56 (s), train/lr: 7.50e-05, train/loss: 0.4252, train/MAE: 0.4252, train/MSE: 0.6135]
2025-08-27 06:20:55,826 - easytorch-training - INFO - Start validation.
2025-08-27 06:20:56,794 - easytorch-training - INFO - Result <val>: [val/time: 0.97 (s), val/loss: 0.4377, val/MAE: 0.4377, val/MSE: 0.6761]
2025-08-27 06:20:58,977 - easytorch-training - INFO - Result <test>: [test/time: 2.18 (s), test/loss: 0.3378, test/MAE: 0.3378, test/MSE: 0.3209]
2025-08-27 06:20:58,988 - easytorch-training - INFO - Checkpoint checkpoints/DLinear/Weather_100_336_720/b6c8a4eec54e8f0b96f05fb5db4bb13b/DLinear_045.pt saved
2025-08-27 06:20:58,988 - easytorch-training - INFO - The estimated training finish time is 2025-08-27 06:32:17
2025-08-27 06:20:58,988 - easytorch-training - INFO - Epoch 46 / 100
2025-08-27 06:21:07,669 - easytorch-training - INFO - Result <train>: [train/time: 8.68 (s), train/lr: 7.50e-05, train/loss: 0.4252, train/MAE: 0.4252, train/MSE: 0.6135]
2025-08-27 06:21:07,669 - easytorch-training - INFO - Start validation.
2025-08-27 06:21:08,587 - easytorch-training - INFO - Result <val>: [val/time: 0.92 (s), val/loss: 0.4350, val/MAE: 0.4350, val/MSE: 0.6689]
2025-08-27 06:21:10,784 - easytorch-training - INFO - Result <test>: [test/time: 2.20 (s), test/loss: 0.3414, test/MAE: 0.3414, test/MSE: 0.3210]
2025-08-27 06:21:10,794 - easytorch-training - INFO - Checkpoint checkpoints/DLinear/Weather_100_336_720/b6c8a4eec54e8f0b96f05fb5db4bb13b/DLinear_046.pt saved
2025-08-27 06:21:10,794 - easytorch-training - INFO - The estimated training finish time is 2025-08-27 06:32:16
2025-08-27 06:21:10,794 - easytorch-training - INFO - Epoch 47 / 100
2025-08-27 06:21:19,447 - easytorch-training - INFO - Result <train>: [train/time: 8.65 (s), train/lr: 7.50e-05, train/loss: 0.4252, train/MAE: 0.4252, train/MSE: 0.6134]
2025-08-27 06:21:19,448 - easytorch-training - INFO - Start validation.
2025-08-27 06:21:20,337 - easytorch-training - INFO - Result <val>: [val/time: 0.89 (s), val/loss: 0.4388, val/MAE: 0.4388, val/MSE: 0.6799]
2025-08-27 06:21:22,403 - easytorch-training - INFO - Result <test>: [test/time: 2.07 (s), test/loss: 0.3365, test/MAE: 0.3365, test/MSE: 0.3211]
2025-08-27 06:21:22,418 - easytorch-training - INFO - Checkpoint checkpoints/DLinear/Weather_100_336_720/b6c8a4eec54e8f0b96f05fb5db4bb13b/DLinear_047.pt saved
2025-08-27 06:21:22,418 - easytorch-training - INFO - The estimated training finish time is 2025-08-27 06:32:14
2025-08-27 06:21:22,418 - easytorch-training - INFO - Epoch 48 / 100
2025-08-27 06:21:31,270 - easytorch-training - INFO - Result <train>: [train/time: 8.85 (s), train/lr: 7.50e-05, train/loss: 0.4252, train/MAE: 0.4252, train/MSE: 0.6135]
2025-08-27 06:21:31,271 - easytorch-training - INFO - Start validation.
2025-08-27 06:21:32,234 - easytorch-training - INFO - Result <val>: [val/time: 0.96 (s), val/loss: 0.4365, val/MAE: 0.4365, val/MSE: 0.6732]
2025-08-27 06:21:34,464 - easytorch-training - INFO - Result <test>: [test/time: 2.23 (s), test/loss: 0.3396, test/MAE: 0.3396, test/MSE: 0.3210]
2025-08-27 06:21:34,473 - easytorch-training - INFO - Checkpoint checkpoints/DLinear/Weather_100_336_720/b6c8a4eec54e8f0b96f05fb5db4bb13b/DLinear_048.pt saved
2025-08-27 06:21:34,473 - easytorch-training - INFO - The estimated training finish time is 2025-08-27 06:32:14
2025-08-27 06:21:34,474 - easytorch-training - INFO - Epoch 49 / 100
2025-08-27 06:21:43,428 - easytorch-training - INFO - Result <train>: [train/time: 8.95 (s), train/lr: 7.50e-05, train/loss: 0.4252, train/MAE: 0.4252, train/MSE: 0.6135]
2025-08-27 06:21:43,429 - easytorch-training - INFO - Start validation.
2025-08-27 06:21:44,359 - easytorch-training - INFO - Result <val>: [val/time: 0.93 (s), val/loss: 0.4342, val/MAE: 0.4342, val/MSE: 0.6682]
2025-08-27 06:21:46,349 - easytorch-training - INFO - Result <test>: [test/time: 1.99 (s), test/loss: 0.3415, test/MAE: 0.3415, test/MSE: 0.3208]
2025-08-27 06:21:46,361 - easytorch-training - INFO - Checkpoint checkpoints/DLinear/Weather_100_336_720/b6c8a4eec54e8f0b96f05fb5db4bb13b/DLinear_049.pt saved
2025-08-27 06:21:46,361 - easytorch-training - INFO - The estimated training finish time is 2025-08-27 06:32:13
2025-08-27 06:21:46,361 - easytorch-training - INFO - Epoch 50 / 100
2025-08-27 06:21:55,015 - easytorch-training - INFO - Result <train>: [train/time: 8.65 (s), train/lr: 7.50e-05, train/loss: 0.4251, train/MAE: 0.4251, train/MSE: 0.6135]
2025-08-27 06:21:55,016 - easytorch-training - INFO - Start validation.
2025-08-27 06:21:55,833 - easytorch-training - INFO - Result <val>: [val/time: 0.82 (s), val/loss: 0.4382, val/MAE: 0.4382, val/MSE: 0.6770]
2025-08-27 06:21:57,754 - easytorch-training - INFO - Result <test>: [test/time: 1.92 (s), test/loss: 0.3377, test/MAE: 0.3377, test/MSE: 0.3209]
2025-08-27 06:21:57,763 - easytorch-training - INFO - Checkpoint checkpoints/DLinear/Weather_100_336_720/b6c8a4eec54e8f0b96f05fb5db4bb13b/DLinear_050.pt saved
2025-08-27 06:21:57,768 - easytorch-training - INFO - The estimated training finish time is 2025-08-27 06:32:11
2025-08-27 06:21:57,768 - easytorch-training - INFO - Epoch 51 / 100
2025-08-27 06:22:06,547 - easytorch-training - INFO - Result <train>: [train/time: 8.78 (s), train/lr: 7.50e-05, train/loss: 0.4252, train/MAE: 0.4252, train/MSE: 0.6135]
2025-08-27 06:22:06,548 - easytorch-training - INFO - Start validation.
2025-08-27 06:22:07,379 - easytorch-training - INFO - Result <val>: [val/time: 0.83 (s), val/loss: 0.4350, val/MAE: 0.4350, val/MSE: 0.6699]
2025-08-27 06:22:09,275 - easytorch-training - INFO - Result <test>: [test/time: 1.89 (s), test/loss: 0.3406, test/MAE: 0.3406, test/MSE: 0.3205]
2025-08-27 06:22:09,284 - easytorch-training - INFO - Checkpoint checkpoints/DLinear/Weather_100_336_720/b6c8a4eec54e8f0b96f05fb5db4bb13b/DLinear_051.pt saved
2025-08-27 06:22:09,284 - easytorch-training - INFO - The estimated training finish time is 2025-08-27 06:32:10
2025-08-27 06:22:09,284 - easytorch-training - INFO - Epoch 52 / 100
2025-08-27 06:22:17,863 - easytorch-training - INFO - Result <train>: [train/time: 8.58 (s), train/lr: 7.50e-05, train/loss: 0.4252, train/MAE: 0.4252, train/MSE: 0.6135]
2025-08-27 06:22:17,863 - easytorch-training - INFO - Start validation.
2025-08-27 06:22:18,707 - easytorch-training - INFO - Result <val>: [val/time: 0.84 (s), val/loss: 0.4378, val/MAE: 0.4378, val/MSE: 0.6765]
2025-08-27 06:22:20,657 - easytorch-training - INFO - Result <test>: [test/time: 1.95 (s), test/loss: 0.3377, test/MAE: 0.3377, test/MSE: 0.3208]
2025-08-27 06:22:20,667 - easytorch-training - INFO - Checkpoint checkpoints/DLinear/Weather_100_336_720/b6c8a4eec54e8f0b96f05fb5db4bb13b/DLinear_052.pt saved
2025-08-27 06:22:20,667 - easytorch-training - INFO - The estimated training finish time is 2025-08-27 06:32:08
2025-08-27 06:22:20,667 - easytorch-training - INFO - Epoch 53 / 100
2025-08-27 06:22:29,152 - easytorch-training - INFO - Result <train>: [train/time: 8.49 (s), train/lr: 7.50e-05, train/loss: 0.4252, train/MAE: 0.4252, train/MSE: 0.6135]
2025-08-27 06:22:29,153 - easytorch-training - INFO - Start validation.
2025-08-27 06:22:30,025 - easytorch-training - INFO - Result <val>: [val/time: 0.87 (s), val/loss: 0.4363, val/MAE: 0.4363, val/MSE: 0.6734]
2025-08-27 06:22:31,971 - easytorch-training - INFO - Result <test>: [test/time: 1.94 (s), test/loss: 0.3392, test/MAE: 0.3392, test/MSE: 0.3207]
2025-08-27 06:22:31,980 - easytorch-training - INFO - Checkpoint checkpoints/DLinear/Weather_100_336_720/b6c8a4eec54e8f0b96f05fb5db4bb13b/DLinear_053.pt saved
2025-08-27 06:22:31,980 - easytorch-training - INFO - The estimated training finish time is 2025-08-27 06:32:06
2025-08-27 06:22:31,981 - easytorch-training - INFO - Epoch 54 / 100
2025-08-27 06:22:40,639 - easytorch-training - INFO - Result <train>: [train/time: 8.66 (s), train/lr: 7.50e-05, train/loss: 0.4252, train/MAE: 0.4252, train/MSE: 0.6135]
2025-08-27 06:22:40,640 - easytorch-training - INFO - Start validation.
2025-08-27 06:22:41,586 - easytorch-training - INFO - Result <val>: [val/time: 0.95 (s), val/loss: 0.4373, val/MAE: 0.4373, val/MSE: 0.6755]
2025-08-27 06:22:43,688 - easytorch-training - INFO - Result <test>: [test/time: 2.10 (s), test/loss: 0.3384, test/MAE: 0.3384, test/MSE: 0.3209]
2025-08-27 06:22:43,696 - easytorch-training - INFO - Checkpoint checkpoints/DLinear/Weather_100_336_720/b6c8a4eec54e8f0b96f05fb5db4bb13b/DLinear_054.pt saved
2025-08-27 06:22:43,697 - easytorch-training - INFO - The estimated training finish time is 2025-08-27 06:32:05
2025-08-27 06:22:43,697 - easytorch-training - INFO - Epoch 55 / 100
2025-08-27 06:22:52,312 - easytorch-training - INFO - Result <train>: [train/time: 8.62 (s), train/lr: 7.50e-05, train/loss: 0.4252, train/MAE: 0.4252, train/MSE: 0.6135]
2025-08-27 06:22:52,313 - easytorch-training - INFO - Start validation.
2025-08-27 06:22:53,179 - easytorch-training - INFO - Result <val>: [val/time: 0.87 (s), val/loss: 0.4371, val/MAE: 0.4371, val/MSE: 0.6750]
2025-08-27 06:22:55,134 - easytorch-training - INFO - Result <test>: [test/time: 1.95 (s), test/loss: 0.3382, test/MAE: 0.3382, test/MSE: 0.3208]
2025-08-27 06:22:55,143 - easytorch-training - INFO - Checkpoint checkpoints/DLinear/Weather_100_336_720/b6c8a4eec54e8f0b96f05fb5db4bb13b/DLinear_055.pt saved
2025-08-27 06:22:55,143 - easytorch-training - INFO - The estimated training finish time is 2025-08-27 06:32:04
2025-08-27 06:22:55,143 - easytorch-training - INFO - Epoch 56 / 100
2025-08-27 06:23:03,709 - easytorch-training - INFO - Result <train>: [train/time: 8.57 (s), train/lr: 7.50e-05, train/loss: 0.4252, train/MAE: 0.4252, train/MSE: 0.6135]
2025-08-27 06:23:03,710 - easytorch-training - INFO - Start validation.
2025-08-27 06:23:04,552 - easytorch-training - INFO - Result <val>: [val/time: 0.84 (s), val/loss: 0.4381, val/MAE: 0.4381, val/MSE: 0.6767]
2025-08-27 06:23:06,464 - easytorch-training - INFO - Result <test>: [test/time: 1.91 (s), test/loss: 0.3375, test/MAE: 0.3375, test/MSE: 0.3207]
2025-08-27 06:23:06,473 - easytorch-training - INFO - Checkpoint checkpoints/DLinear/Weather_100_336_720/b6c8a4eec54e8f0b96f05fb5db4bb13b/DLinear_056.pt saved
2025-08-27 06:23:06,473 - easytorch-training - INFO - The estimated training finish time is 2025-08-27 06:32:02
2025-08-27 06:23:06,474 - easytorch-training - INFO - Epoch 57 / 100
2025-08-27 06:23:15,032 - easytorch-training - INFO - Result <train>: [train/time: 8.56 (s), train/lr: 7.50e-05, train/loss: 0.4252, train/MAE: 0.4252, train/MSE: 0.6135]
2025-08-27 06:23:15,033 - easytorch-training - INFO - Start validation.
2025-08-27 06:23:15,881 - easytorch-training - INFO - Result <val>: [val/time: 0.85 (s), val/loss: 0.4369, val/MAE: 0.4369, val/MSE: 0.6742]
2025-08-27 06:23:17,829 - easytorch-training - INFO - Result <test>: [test/time: 1.95 (s), test/loss: 0.3384, test/MAE: 0.3384, test/MSE: 0.3206]
2025-08-27 06:23:17,839 - easytorch-training - INFO - Checkpoint checkpoints/DLinear/Weather_100_336_720/b6c8a4eec54e8f0b96f05fb5db4bb13b/DLinear_057.pt saved
2025-08-27 06:23:17,839 - easytorch-training - INFO - The estimated training finish time is 2025-08-27 06:32:01
2025-08-27 06:23:17,839 - easytorch-training - INFO - Epoch 58 / 100
2025-08-27 06:23:26,435 - easytorch-training - INFO - Result <train>: [train/time: 8.60 (s), train/lr: 7.50e-05, train/loss: 0.4251, train/MAE: 0.4251, train/MSE: 0.6135]
2025-08-27 06:23:26,436 - easytorch-training - INFO - Start validation.
2025-08-27 06:23:27,282 - easytorch-training - INFO - Result <val>: [val/time: 0.85 (s), val/loss: 0.4369, val/MAE: 0.4369, val/MSE: 0.6738]
2025-08-27 06:23:29,181 - easytorch-training - INFO - Result <test>: [test/time: 1.90 (s), test/loss: 0.3388, test/MAE: 0.3388, test/MSE: 0.3207]
2025-08-27 06:23:29,190 - easytorch-training - INFO - Checkpoint checkpoints/DLinear/Weather_100_336_720/b6c8a4eec54e8f0b96f05fb5db4bb13b/DLinear_058.pt saved
2025-08-27 06:23:29,191 - easytorch-training - INFO - The estimated training finish time is 2025-08-27 06:31:59
2025-08-27 06:23:29,191 - easytorch-training - INFO - Epoch 59 / 100
2025-08-27 06:23:37,878 - easytorch-training - INFO - Result <train>: [train/time: 8.69 (s), train/lr: 7.50e-05, train/loss: 0.4252, train/MAE: 0.4252, train/MSE: 0.6135]
2025-08-27 06:23:37,878 - easytorch-training - INFO - Start validation.
2025-08-27 06:23:38,707 - easytorch-training - INFO - Result <val>: [val/time: 0.83 (s), val/loss: 0.4377, val/MAE: 0.4377, val/MSE: 0.6758]
2025-08-27 06:23:40,698 - easytorch-training - INFO - Result <test>: [test/time: 1.99 (s), test/loss: 0.3380, test/MAE: 0.3380, test/MSE: 0.3207]
2025-08-27 06:23:40,709 - easytorch-training - INFO - Checkpoint checkpoints/DLinear/Weather_100_336_720/b6c8a4eec54e8f0b96f05fb5db4bb13b/DLinear_059.pt saved
2025-08-27 06:23:40,709 - easytorch-training - INFO - The estimated training finish time is 2025-08-27 06:31:58
2025-08-27 06:23:40,709 - easytorch-training - INFO - Epoch 60 / 100
2025-08-27 06:23:49,276 - easytorch-training - INFO - Result <train>: [train/time: 8.57 (s), train/lr: 7.50e-05, train/loss: 0.4252, train/MAE: 0.4252, train/MSE: 0.6135]
2025-08-27 06:23:49,276 - easytorch-training - INFO - Start validation.
2025-08-27 06:23:50,111 - easytorch-training - INFO - Result <val>: [val/time: 0.83 (s), val/loss: 0.4396, val/MAE: 0.4396, val/MSE: 0.6805]
2025-08-27 06:23:52,022 - easytorch-training - INFO - Result <test>: [test/time: 1.91 (s), test/loss: 0.3362, test/MAE: 0.3362, test/MSE: 0.3211]
2025-08-27 06:23:52,031 - easytorch-training - INFO - Checkpoint checkpoints/DLinear/Weather_100_336_720/b6c8a4eec54e8f0b96f05fb5db4bb13b/DLinear_060.pt saved
2025-08-27 06:23:52,035 - easytorch-training - INFO - The estimated training finish time is 2025-08-27 06:31:57
2025-08-27 06:23:52,035 - easytorch-training - INFO - Epoch 61 / 100
2025-08-27 06:24:00,637 - easytorch-training - INFO - Result <train>: [train/time: 8.60 (s), train/lr: 7.50e-05, train/loss: 0.4252, train/MAE: 0.4252, train/MSE: 0.6135]
2025-08-27 06:24:00,638 - easytorch-training - INFO - Start validation.
2025-08-27 06:24:01,525 - easytorch-training - INFO - Result <val>: [val/time: 0.89 (s), val/loss: 0.4351, val/MAE: 0.4351, val/MSE: 0.6692]
2025-08-27 06:24:03,476 - easytorch-training - INFO - Result <test>: [test/time: 1.95 (s), test/loss: 0.3410, test/MAE: 0.3410, test/MSE: 0.3207]
2025-08-27 06:24:03,488 - easytorch-training - INFO - Checkpoint checkpoints/DLinear/Weather_100_336_720/b6c8a4eec54e8f0b96f05fb5db4bb13b/DLinear_061.pt saved
2025-08-27 06:24:03,488 - easytorch-training - INFO - The estimated training finish time is 2025-08-27 06:31:56
2025-08-27 06:24:03,488 - easytorch-training - INFO - Epoch 62 / 100
2025-08-27 06:24:11,980 - easytorch-training - INFO - Result <train>: [train/time: 8.49 (s), train/lr: 7.50e-05, train/loss: 0.4251, train/MAE: 0.4251, train/MSE: 0.6135]
2025-08-27 06:24:11,981 - easytorch-training - INFO - Start validation.
2025-08-27 06:24:12,892 - easytorch-training - INFO - Result <val>: [val/time: 0.91 (s), val/loss: 0.4371, val/MAE: 0.4371, val/MSE: 0.6749]
2025-08-27 06:24:14,949 - easytorch-training - INFO - Result <test>: [test/time: 2.06 (s), test/loss: 0.3380, test/MAE: 0.3380, test/MSE: 0.3206]
2025-08-27 06:24:14,960 - easytorch-training - INFO - Checkpoint checkpoints/DLinear/Weather_100_336_720/b6c8a4eec54e8f0b96f05fb5db4bb13b/DLinear_062.pt saved
2025-08-27 06:24:14,960 - easytorch-training - INFO - The estimated training finish time is 2025-08-27 06:31:55
2025-08-27 06:24:14,960 - easytorch-training - INFO - Epoch 63 / 100
2025-08-27 06:24:23,579 - easytorch-training - INFO - Result <train>: [train/time: 8.62 (s), train/lr: 7.50e-05, train/loss: 0.4251, train/MAE: 0.4251, train/MSE: 0.6135]
2025-08-27 06:24:23,580 - easytorch-training - INFO - Start validation.
2025-08-27 06:24:24,516 - easytorch-training - INFO - Result <val>: [val/time: 0.94 (s), val/loss: 0.4366, val/MAE: 0.4366, val/MSE: 0.6736]
2025-08-27 06:24:26,534 - easytorch-training - INFO - Result <test>: [test/time: 2.02 (s), test/loss: 0.3387, test/MAE: 0.3387, test/MSE: 0.3206]
2025-08-27 06:24:26,544 - easytorch-training - INFO - Checkpoint checkpoints/DLinear/Weather_100_336_720/b6c8a4eec54e8f0b96f05fb5db4bb13b/DLinear_063.pt saved
2025-08-27 06:24:26,544 - easytorch-training - INFO - The estimated training finish time is 2025-08-27 06:31:54
2025-08-27 06:24:26,544 - easytorch-training - INFO - Epoch 64 / 100
2025-08-27 06:24:35,081 - easytorch-training - INFO - Result <train>: [train/time: 8.54 (s), train/lr: 7.50e-05, train/loss: 0.4252, train/MAE: 0.4252, train/MSE: 0.6134]
2025-08-27 06:24:35,082 - easytorch-training - INFO - Start validation.
2025-08-27 06:24:35,901 - easytorch-training - INFO - Result <val>: [val/time: 0.82 (s), val/loss: 0.4362, val/MAE: 0.4362, val/MSE: 0.6732]
2025-08-27 06:24:37,771 - easytorch-training - INFO - Result <test>: [test/time: 1.87 (s), test/loss: 0.3388, test/MAE: 0.3388, test/MSE: 0.3205]
2025-08-27 06:24:37,782 - easytorch-training - INFO - Checkpoint checkpoints/DLinear/Weather_100_336_720/b6c8a4eec54e8f0b96f05fb5db4bb13b/DLinear_064.pt saved
2025-08-27 06:24:37,782 - easytorch-training - INFO - The estimated training finish time is 2025-08-27 06:31:53
2025-08-27 06:24:37,782 - easytorch-training - INFO - Epoch 65 / 100
2025-08-27 06:24:46,245 - easytorch-training - INFO - Result <train>: [train/time: 8.46 (s), train/lr: 7.50e-05, train/loss: 0.4252, train/MAE: 0.4252, train/MSE: 0.6135]
2025-08-27 06:24:46,246 - easytorch-training - INFO - Start validation.
2025-08-27 06:24:47,121 - easytorch-training - INFO - Result <val>: [val/time: 0.87 (s), val/loss: 0.4365, val/MAE: 0.4365, val/MSE: 0.6737]
2025-08-27 06:24:49,070 - easytorch-training - INFO - Result <test>: [test/time: 1.95 (s), test/loss: 0.3389, test/MAE: 0.3389, test/MSE: 0.3207]
2025-08-27 06:24:49,079 - easytorch-training - INFO - Checkpoint checkpoints/DLinear/Weather_100_336_720/b6c8a4eec54e8f0b96f05fb5db4bb13b/DLinear_065.pt saved
2025-08-27 06:24:49,080 - easytorch-training - INFO - The estimated training finish time is 2025-08-27 06:31:51
2025-08-27 06:24:49,080 - easytorch-training - INFO - Epoch 66 / 100
2025-08-27 06:24:57,467 - easytorch-training - INFO - Result <train>: [train/time: 8.39 (s), train/lr: 7.50e-05, train/loss: 0.4252, train/MAE: 0.4252, train/MSE: 0.6135]
2025-08-27 06:24:57,468 - easytorch-training - INFO - Start validation.
2025-08-27 06:24:58,358 - easytorch-training - INFO - Result <val>: [val/time: 0.89 (s), val/loss: 0.4372, val/MAE: 0.4372, val/MSE: 0.6749]
2025-08-27 06:25:00,441 - easytorch-training - INFO - Result <test>: [test/time: 2.08 (s), test/loss: 0.3382, test/MAE: 0.3382, test/MSE: 0.3206]
2025-08-27 06:25:00,452 - easytorch-training - INFO - Checkpoint checkpoints/DLinear/Weather_100_336_720/b6c8a4eec54e8f0b96f05fb5db4bb13b/DLinear_066.pt saved
2025-08-27 06:25:00,453 - easytorch-training - INFO - The estimated training finish time is 2025-08-27 06:31:50
2025-08-27 06:25:00,453 - easytorch-training - INFO - Epoch 67 / 100
2025-08-27 06:25:08,823 - easytorch-training - INFO - Result <train>: [train/time: 8.37 (s), train/lr: 7.50e-05, train/loss: 0.4252, train/MAE: 0.4252, train/MSE: 0.6135]
2025-08-27 06:25:08,824 - easytorch-training - INFO - Start validation.
2025-08-27 06:25:09,615 - easytorch-training - INFO - Result <val>: [val/time: 0.79 (s), val/loss: 0.4348, val/MAE: 0.4348, val/MSE: 0.6695]
2025-08-27 06:25:11,580 - easytorch-training - INFO - Result <test>: [test/time: 1.96 (s), test/loss: 0.3405, test/MAE: 0.3405, test/MSE: 0.3203]
2025-08-27 06:25:11,591 - easytorch-training - INFO - Checkpoint checkpoints/DLinear/Weather_100_336_720/b6c8a4eec54e8f0b96f05fb5db4bb13b/DLinear_067.pt saved
2025-08-27 06:25:11,591 - easytorch-training - INFO - The estimated training finish time is 2025-08-27 06:31:49
2025-08-27 06:25:11,591 - easytorch-training - INFO - Epoch 68 / 100
2025-08-27 06:25:19,986 - easytorch-training - INFO - Result <train>: [train/time: 8.39 (s), train/lr: 7.50e-05, train/loss: 0.4252, train/MAE: 0.4252, train/MSE: 0.6135]
2025-08-27 06:25:19,987 - easytorch-training - INFO - Start validation.
2025-08-27 06:25:20,831 - easytorch-training - INFO - Result <val>: [val/time: 0.84 (s), val/loss: 0.4376, val/MAE: 0.4376, val/MSE: 0.6755]
2025-08-27 06:25:22,745 - easytorch-training - INFO - Result <test>: [test/time: 1.91 (s), test/loss: 0.3380, test/MAE: 0.3380, test/MSE: 0.3206]
2025-08-27 06:25:22,755 - easytorch-training - INFO - Checkpoint checkpoints/DLinear/Weather_100_336_720/b6c8a4eec54e8f0b96f05fb5db4bb13b/DLinear_068.pt saved
2025-08-27 06:25:22,756 - easytorch-training - INFO - The estimated training finish time is 2025-08-27 06:31:48
2025-08-27 06:25:22,756 - easytorch-training - INFO - Epoch 69 / 100
2025-08-27 06:25:31,260 - easytorch-training - INFO - Result <train>: [train/time: 8.50 (s), train/lr: 7.50e-05, train/loss: 0.4252, train/MAE: 0.4252, train/MSE: 0.6135]
2025-08-27 06:25:31,261 - easytorch-training - INFO - Start validation.
2025-08-27 06:25:32,058 - easytorch-training - INFO - Result <val>: [val/time: 0.80 (s), val/loss: 0.4360, val/MAE: 0.4360, val/MSE: 0.6715]
2025-08-27 06:25:33,879 - easytorch-training - INFO - Result <test>: [test/time: 1.82 (s), test/loss: 0.3402, test/MAE: 0.3402, test/MSE: 0.3209]
2025-08-27 06:25:33,889 - easytorch-training - INFO - Checkpoint checkpoints/DLinear/Weather_100_336_720/b6c8a4eec54e8f0b96f05fb5db4bb13b/DLinear_069.pt saved
2025-08-27 06:25:33,889 - easytorch-training - INFO - The estimated training finish time is 2025-08-27 06:31:46
2025-08-27 06:25:33,889 - easytorch-training - INFO - Epoch 70 / 100
2025-08-27 06:25:42,410 - easytorch-training - INFO - Result <train>: [train/time: 8.52 (s), train/lr: 7.50e-05, train/loss: 0.4252, train/MAE: 0.4252, train/MSE: 0.6135]
2025-08-27 06:25:42,410 - easytorch-training - INFO - Start validation.
2025-08-27 06:25:43,394 - easytorch-training - INFO - Result <val>: [val/time: 0.98 (s), val/loss: 0.4376, val/MAE: 0.4376, val/MSE: 0.6762]
2025-08-27 06:25:45,504 - easytorch-training - INFO - Result <test>: [test/time: 2.11 (s), test/loss: 0.3379, test/MAE: 0.3379, test/MSE: 0.3208]
2025-08-27 06:25:45,514 - easytorch-training - INFO - Checkpoint checkpoints/DLinear/Weather_100_336_720/b6c8a4eec54e8f0b96f05fb5db4bb13b/DLinear_070.pt saved
2025-08-27 06:25:45,518 - easytorch-training - INFO - The estimated training finish time is 2025-08-27 06:31:46
2025-08-27 06:25:45,518 - easytorch-training - INFO - Epoch 71 / 100
2025-08-27 06:25:53,916 - easytorch-training - INFO - Result <train>: [train/time: 8.40 (s), train/lr: 7.50e-05, train/loss: 0.4251, train/MAE: 0.4251, train/MSE: 0.6135]
2025-08-27 06:25:53,917 - easytorch-training - INFO - Start validation.
2025-08-27 06:25:54,740 - easytorch-training - INFO - Result <val>: [val/time: 0.82 (s), val/loss: 0.4364, val/MAE: 0.4364, val/MSE: 0.6739]
2025-08-27 06:25:56,652 - easytorch-training - INFO - Result <test>: [test/time: 1.91 (s), test/loss: 0.3386, test/MAE: 0.3386, test/MSE: 0.3207]
2025-08-27 06:25:56,662 - easytorch-training - INFO - Checkpoint checkpoints/DLinear/Weather_100_336_720/b6c8a4eec54e8f0b96f05fb5db4bb13b/DLinear_071.pt saved
2025-08-27 06:25:56,662 - easytorch-training - INFO - The estimated training finish time is 2025-08-27 06:31:44
2025-08-27 06:25:56,662 - easytorch-training - INFO - Epoch 72 / 100
2025-08-27 06:26:04,930 - easytorch-training - INFO - Result <train>: [train/time: 8.27 (s), train/lr: 7.50e-05, train/loss: 0.4252, train/MAE: 0.4252, train/MSE: 0.6135]
2025-08-27 06:26:04,930 - easytorch-training - INFO - Start validation.
2025-08-27 06:26:05,785 - easytorch-training - INFO - Result <val>: [val/time: 0.85 (s), val/loss: 0.4375, val/MAE: 0.4375, val/MSE: 0.6755]
2025-08-27 06:26:07,758 - easytorch-training - INFO - Result <test>: [test/time: 1.97 (s), test/loss: 0.3380, test/MAE: 0.3380, test/MSE: 0.3207]
2025-08-27 06:26:07,768 - easytorch-training - INFO - Checkpoint checkpoints/DLinear/Weather_100_336_720/b6c8a4eec54e8f0b96f05fb5db4bb13b/DLinear_072.pt saved
2025-08-27 06:26:07,768 - easytorch-training - INFO - The estimated training finish time is 2025-08-27 06:31:43
2025-08-27 06:26:07,768 - easytorch-training - INFO - Epoch 73 / 100
2025-08-27 06:26:16,175 - easytorch-training - INFO - Result <train>: [train/time: 8.41 (s), train/lr: 7.50e-05, train/loss: 0.4252, train/MAE: 0.4252, train/MSE: 0.6135]
2025-08-27 06:26:16,175 - easytorch-training - INFO - Start validation.
2025-08-27 06:26:17,128 - easytorch-training - INFO - Result <val>: [val/time: 0.95 (s), val/loss: 0.4349, val/MAE: 0.4349, val/MSE: 0.6703]
2025-08-27 06:26:19,129 - easytorch-training - INFO - Result <test>: [test/time: 2.00 (s), test/loss: 0.3405, test/MAE: 0.3405, test/MSE: 0.3206]
2025-08-27 06:26:19,139 - easytorch-training - INFO - Checkpoint checkpoints/DLinear/Weather_100_336_720/b6c8a4eec54e8f0b96f05fb5db4bb13b/DLinear_073.pt saved
2025-08-27 06:26:19,139 - easytorch-training - INFO - The estimated training finish time is 2025-08-27 06:31:42
2025-08-27 06:26:19,140 - easytorch-training - INFO - Epoch 74 / 100
2025-08-27 06:26:27,520 - easytorch-training - INFO - Result <train>: [train/time: 8.38 (s), train/lr: 7.50e-05, train/loss: 0.4251, train/MAE: 0.4251, train/MSE: 0.6135]
2025-08-27 06:26:27,520 - easytorch-training - INFO - Start validation.
2025-08-27 06:26:28,366 - easytorch-training - INFO - Result <val>: [val/time: 0.85 (s), val/loss: 0.4361, val/MAE: 0.4361, val/MSE: 0.6723]
2025-08-27 06:26:30,271 - easytorch-training - INFO - Result <test>: [test/time: 1.90 (s), test/loss: 0.3398, test/MAE: 0.3398, test/MSE: 0.3209]
2025-08-27 06:26:30,281 - easytorch-training - INFO - Checkpoint checkpoints/DLinear/Weather_100_336_720/b6c8a4eec54e8f0b96f05fb5db4bb13b/DLinear_074.pt saved
2025-08-27 06:26:30,281 - easytorch-training - INFO - The estimated training finish time is 2025-08-27 06:31:41
2025-08-27 06:26:30,281 - easytorch-training - INFO - Epoch 75 / 100
2025-08-27 06:26:38,741 - easytorch-training - INFO - Result <train>: [train/time: 8.46 (s), train/lr: 7.50e-05, train/loss: 0.4252, train/MAE: 0.4252, train/MSE: 0.6135]
2025-08-27 06:26:38,742 - easytorch-training - INFO - Start validation.
2025-08-27 06:26:39,685 - easytorch-training - INFO - Result <val>: [val/time: 0.94 (s), val/loss: 0.4357, val/MAE: 0.4357, val/MSE: 0.6715]
2025-08-27 06:26:41,808 - easytorch-training - INFO - Result <test>: [test/time: 2.12 (s), test/loss: 0.3396, test/MAE: 0.3396, test/MSE: 0.3204]
2025-08-27 06:26:41,818 - easytorch-training - INFO - Checkpoint checkpoints/DLinear/Weather_100_336_720/b6c8a4eec54e8f0b96f05fb5db4bb13b/DLinear_075.pt saved
2025-08-27 06:26:41,819 - easytorch-training - INFO - The estimated training finish time is 2025-08-27 06:31:41
2025-08-27 06:26:41,819 - easytorch-training - INFO - Epoch 76 / 100
2025-08-27 06:26:50,133 - easytorch-training - INFO - Result <train>: [train/time: 8.31 (s), train/lr: 7.50e-05, train/loss: 0.4252, train/MAE: 0.4252, train/MSE: 0.6136]
2025-08-27 06:26:50,133 - easytorch-training - INFO - Start validation.
2025-08-27 06:26:50,913 - easytorch-training - INFO - Result <val>: [val/time: 0.78 (s), val/loss: 0.4387, val/MAE: 0.4387, val/MSE: 0.6784]
2025-08-27 06:26:52,725 - easytorch-training - INFO - Result <test>: [test/time: 1.81 (s), test/loss: 0.3372, test/MAE: 0.3372, test/MSE: 0.3213]
2025-08-27 06:26:52,736 - easytorch-training - INFO - Checkpoint checkpoints/DLinear/Weather_100_336_720/b6c8a4eec54e8f0b96f05fb5db4bb13b/DLinear_076.pt saved
2025-08-27 06:26:52,736 - easytorch-training - INFO - The estimated training finish time is 2025-08-27 06:31:39
2025-08-27 06:26:52,736 - easytorch-training - INFO - Epoch 77 / 100
2025-08-27 06:27:01,379 - easytorch-training - INFO - Result <train>: [train/time: 8.64 (s), train/lr: 7.50e-05, train/loss: 0.4251, train/MAE: 0.4251, train/MSE: 0.6135]
2025-08-27 06:27:01,380 - easytorch-training - INFO - Start validation.
2025-08-27 06:27:02,286 - easytorch-training - INFO - Result <val>: [val/time: 0.91 (s), val/loss: 0.4338, val/MAE: 0.4338, val/MSE: 0.6668]
2025-08-27 06:27:04,175 - easytorch-training - INFO - Result <test>: [test/time: 1.89 (s), test/loss: 0.3425, test/MAE: 0.3425, test/MSE: 0.3210]
2025-08-27 06:27:04,186 - easytorch-training - INFO - Checkpoint checkpoints/DLinear/Weather_100_336_720/b6c8a4eec54e8f0b96f05fb5db4bb13b/DLinear_077.pt saved
2025-08-27 06:27:04,186 - easytorch-training - INFO - The estimated training finish time is 2025-08-27 06:31:39
2025-08-27 06:27:04,186 - easytorch-training - INFO - Epoch 78 / 100
2025-08-27 06:27:12,795 - easytorch-training - INFO - Result <train>: [train/time: 8.61 (s), train/lr: 7.50e-05, train/loss: 0.4252, train/MAE: 0.4252, train/MSE: 0.6135]
2025-08-27 06:27:12,796 - easytorch-training - INFO - Start validation.
2025-08-27 06:27:13,740 - easytorch-training - INFO - Result <val>: [val/time: 0.94 (s), val/loss: 0.4384, val/MAE: 0.4384, val/MSE: 0.6776]
2025-08-27 06:27:15,801 - easytorch-training - INFO - Result <test>: [test/time: 2.06 (s), test/loss: 0.3372, test/MAE: 0.3372, test/MSE: 0.3210]
2025-08-27 06:27:15,810 - easytorch-training - INFO - Checkpoint checkpoints/DLinear/Weather_100_336_720/b6c8a4eec54e8f0b96f05fb5db4bb13b/DLinear_078.pt saved
2025-08-27 06:27:15,810 - easytorch-training - INFO - The estimated training finish time is 2025-08-27 06:31:38
2025-08-27 06:27:15,810 - easytorch-training - INFO - Epoch 79 / 100
2025-08-27 06:27:24,386 - easytorch-training - INFO - Result <train>: [train/time: 8.58 (s), train/lr: 7.50e-05, train/loss: 0.4251, train/MAE: 0.4251, train/MSE: 0.6135]
2025-08-27 06:27:24,387 - easytorch-training - INFO - Start validation.
2025-08-27 06:27:25,208 - easytorch-training - INFO - Result <val>: [val/time: 0.82 (s), val/loss: 0.4358, val/MAE: 0.4358, val/MSE: 0.6719]
2025-08-27 06:27:27,097 - easytorch-training - INFO - Result <test>: [test/time: 1.89 (s), test/loss: 0.3392, test/MAE: 0.3392, test/MSE: 0.3203]
2025-08-27 06:27:27,106 - easytorch-training - INFO - Checkpoint checkpoints/DLinear/Weather_100_336_720/b6c8a4eec54e8f0b96f05fb5db4bb13b/DLinear_079.pt saved
2025-08-27 06:27:27,107 - easytorch-training - INFO - The estimated training finish time is 2025-08-27 06:31:37
2025-08-27 06:27:27,107 - easytorch-training - INFO - Epoch 80 / 100
2025-08-27 06:27:35,457 - easytorch-training - INFO - Result <train>: [train/time: 8.35 (s), train/lr: 7.50e-05, train/loss: 0.4251, train/MAE: 0.4251, train/MSE: 0.6134]
2025-08-27 06:27:35,458 - easytorch-training - INFO - Start validation.
2025-08-27 06:27:36,307 - easytorch-training - INFO - Result <val>: [val/time: 0.85 (s), val/loss: 0.4360, val/MAE: 0.4360, val/MSE: 0.6726]
2025-08-27 06:27:38,266 - easytorch-training - INFO - Result <test>: [test/time: 1.96 (s), test/loss: 0.3392, test/MAE: 0.3392, test/MSE: 0.3206]
2025-08-27 06:27:38,276 - easytorch-training - INFO - Checkpoint checkpoints/DLinear/Weather_100_336_720/b6c8a4eec54e8f0b96f05fb5db4bb13b/DLinear_080.pt saved
2025-08-27 06:27:38,281 - easytorch-training - INFO - The estimated training finish time is 2025-08-27 06:31:36
2025-08-27 06:27:38,281 - easytorch-training - INFO - Epoch 81 / 100
2025-08-27 06:27:46,811 - easytorch-training - INFO - Result <train>: [train/time: 8.53 (s), train/lr: 7.50e-05, train/loss: 0.4252, train/MAE: 0.4252, train/MSE: 0.6135]
2025-08-27 06:27:46,812 - easytorch-training - INFO - Start validation.
2025-08-27 06:27:47,665 - easytorch-training - INFO - Result <val>: [val/time: 0.85 (s), val/loss: 0.4368, val/MAE: 0.4368, val/MSE: 0.6735]
2025-08-27 06:27:49,517 - easytorch-training - INFO - Result <test>: [test/time: 1.85 (s), test/loss: 0.3389, test/MAE: 0.3389, test/MSE: 0.3206]
2025-08-27 06:27:49,528 - easytorch-training - INFO - Checkpoint checkpoints/DLinear/Weather_100_336_720/b6c8a4eec54e8f0b96f05fb5db4bb13b/DLinear_081.pt saved
2025-08-27 06:27:49,529 - easytorch-training - INFO - The estimated training finish time is 2025-08-27 06:31:36
2025-08-27 06:27:49,529 - easytorch-training - INFO - Epoch 82 / 100
2025-08-27 06:27:57,986 - easytorch-training - INFO - Result <train>: [train/time: 8.46 (s), train/lr: 7.50e-05, train/loss: 0.4252, train/MAE: 0.4252, train/MSE: 0.6135]
2025-08-27 06:27:57,986 - easytorch-training - INFO - Start validation.
2025-08-27 06:27:58,830 - easytorch-training - INFO - Result <val>: [val/time: 0.84 (s), val/loss: 0.4378, val/MAE: 0.4378, val/MSE: 0.6763]
2025-08-27 06:28:00,788 - easytorch-training - INFO - Result <test>: [test/time: 1.96 (s), test/loss: 0.3377, test/MAE: 0.3377, test/MSE: 0.3208]
2025-08-27 06:28:00,797 - easytorch-training - INFO - Checkpoint checkpoints/DLinear/Weather_100_336_720/b6c8a4eec54e8f0b96f05fb5db4bb13b/DLinear_082.pt saved
2025-08-27 06:28:00,797 - easytorch-training - INFO - The estimated training finish time is 2025-08-27 06:31:35
2025-08-27 06:28:00,797 - easytorch-training - INFO - Epoch 83 / 100
2025-08-27 06:28:09,381 - easytorch-training - INFO - Result <train>: [train/time: 8.58 (s), train/lr: 7.50e-05, train/loss: 0.4252, train/MAE: 0.4252, train/MSE: 0.6135]
2025-08-27 06:28:09,382 - easytorch-training - INFO - Start validation.
2025-08-27 06:28:10,302 - easytorch-training - INFO - Result <val>: [val/time: 0.92 (s), val/loss: 0.4362, val/MAE: 0.4362, val/MSE: 0.6726]
2025-08-27 06:28:12,355 - easytorch-training - INFO - Result <test>: [test/time: 2.05 (s), test/loss: 0.3396, test/MAE: 0.3396, test/MSE: 0.3207]
2025-08-27 06:28:12,365 - easytorch-training - INFO - Checkpoint checkpoints/DLinear/Weather_100_336_720/b6c8a4eec54e8f0b96f05fb5db4bb13b/DLinear_083.pt saved
2025-08-27 06:28:12,365 - easytorch-training - INFO - The estimated training finish time is 2025-08-27 06:31:34
2025-08-27 06:28:12,365 - easytorch-training - INFO - Epoch 84 / 100
2025-08-27 06:28:20,897 - easytorch-training - INFO - Result <train>: [train/time: 8.53 (s), train/lr: 7.50e-05, train/loss: 0.4252, train/MAE: 0.4252, train/MSE: 0.6135]
2025-08-27 06:28:20,898 - easytorch-training - INFO - Start validation.
2025-08-27 06:28:21,739 - easytorch-training - INFO - Result <val>: [val/time: 0.84 (s), val/loss: 0.4356, val/MAE: 0.4356, val/MSE: 0.6712]
2025-08-27 06:28:23,740 - easytorch-training - INFO - Result <test>: [test/time: 2.00 (s), test/loss: 0.3403, test/MAE: 0.3403, test/MSE: 0.3208]
2025-08-27 06:28:23,753 - easytorch-training - INFO - Checkpoint checkpoints/DLinear/Weather_100_336_720/b6c8a4eec54e8f0b96f05fb5db4bb13b/DLinear_084.pt saved
2025-08-27 06:28:23,753 - easytorch-training - INFO - The estimated training finish time is 2025-08-27 06:31:34
2025-08-27 06:28:23,753 - easytorch-training - INFO - Epoch 85 / 100
2025-08-27 06:28:32,188 - easytorch-training - INFO - Result <train>: [train/time: 8.43 (s), train/lr: 7.50e-05, train/loss: 0.4252, train/MAE: 0.4252, train/MSE: 0.6135]
2025-08-27 06:28:32,189 - easytorch-training - INFO - Start validation.
2025-08-27 06:28:33,024 - easytorch-training - INFO - Result <val>: [val/time: 0.83 (s), val/loss: 0.4360, val/MAE: 0.4360, val/MSE: 0.6717]
2025-08-27 06:28:34,888 - easytorch-training - INFO - Result <test>: [test/time: 1.86 (s), test/loss: 0.3398, test/MAE: 0.3398, test/MSE: 0.3207]
2025-08-27 06:28:34,899 - easytorch-training - INFO - Checkpoint checkpoints/DLinear/Weather_100_336_720/b6c8a4eec54e8f0b96f05fb5db4bb13b/DLinear_085.pt saved
2025-08-27 06:28:34,899 - easytorch-training - INFO - The estimated training finish time is 2025-08-27 06:31:33
2025-08-27 06:28:34,899 - easytorch-training - INFO - Epoch 86 / 100
2025-08-27 06:28:43,398 - easytorch-training - INFO - Result <train>: [train/time: 8.50 (s), train/lr: 7.50e-05, train/loss: 0.4251, train/MAE: 0.4251, train/MSE: 0.6134]
2025-08-27 06:28:43,398 - easytorch-training - INFO - Start validation.
2025-08-27 06:28:44,308 - easytorch-training - INFO - Result <val>: [val/time: 0.91 (s), val/loss: 0.4397, val/MAE: 0.4397, val/MSE: 0.6816]
2025-08-27 06:28:46,350 - easytorch-training - INFO - Result <test>: [test/time: 2.04 (s), test/loss: 0.3357, test/MAE: 0.3357, test/MSE: 0.3212]
2025-08-27 06:28:46,363 - easytorch-training - INFO - Checkpoint checkpoints/DLinear/Weather_100_336_720/b6c8a4eec54e8f0b96f05fb5db4bb13b/DLinear_086.pt saved
2025-08-27 06:28:46,363 - easytorch-training - INFO - The estimated training finish time is 2025-08-27 06:31:32
2025-08-27 06:28:46,363 - easytorch-training - INFO - Epoch 87 / 100
2025-08-27 06:28:54,970 - easytorch-training - INFO - Result <train>: [train/time: 8.61 (s), train/lr: 7.50e-05, train/loss: 0.4252, train/MAE: 0.4252, train/MSE: 0.6136]
2025-08-27 06:28:54,971 - easytorch-training - INFO - Start validation.
2025-08-27 06:28:55,788 - easytorch-training - INFO - Result <val>: [val/time: 0.82 (s), val/loss: 0.4361, val/MAE: 0.4361, val/MSE: 0.6720]
2025-08-27 06:28:57,582 - easytorch-training - INFO - Result <test>: [test/time: 1.79 (s), test/loss: 0.3400, test/MAE: 0.3400, test/MSE: 0.3207]
2025-08-27 06:28:57,593 - easytorch-training - INFO - Checkpoint checkpoints/DLinear/Weather_100_336_720/b6c8a4eec54e8f0b96f05fb5db4bb13b/DLinear_087.pt saved
2025-08-27 06:28:57,593 - easytorch-training - INFO - The estimated training finish time is 2025-08-27 06:31:32
2025-08-27 06:28:57,594 - easytorch-training - INFO - Epoch 88 / 100
2025-08-27 06:29:05,851 - easytorch-training - INFO - Result <train>: [train/time: 8.26 (s), train/lr: 7.50e-05, train/loss: 0.4252, train/MAE: 0.4252, train/MSE: 0.6134]
2025-08-27 06:29:05,852 - easytorch-training - INFO - Start validation.
2025-08-27 06:29:06,741 - easytorch-training - INFO - Result <val>: [val/time: 0.89 (s), val/loss: 0.4362, val/MAE: 0.4362, val/MSE: 0.6722]
2025-08-27 06:29:08,588 - easytorch-training - INFO - Result <test>: [test/time: 1.84 (s), test/loss: 0.3398, test/MAE: 0.3398, test/MSE: 0.3207]
2025-08-27 06:29:08,597 - easytorch-training - INFO - Checkpoint checkpoints/DLinear/Weather_100_336_720/b6c8a4eec54e8f0b96f05fb5db4bb13b/DLinear_088.pt saved
2025-08-27 06:29:08,598 - easytorch-training - INFO - The estimated training finish time is 2025-08-27 06:31:31
2025-08-27 06:29:08,598 - easytorch-training - INFO - Epoch 89 / 100
2025-08-27 06:29:16,967 - easytorch-training - INFO - Result <train>: [train/time: 8.37 (s), train/lr: 7.50e-05, train/loss: 0.4252, train/MAE: 0.4252, train/MSE: 0.6134]
2025-08-27 06:29:16,968 - easytorch-training - INFO - Start validation.
2025-08-27 06:29:17,885 - easytorch-training - INFO - Result <val>: [val/time: 0.92 (s), val/loss: 0.4387, val/MAE: 0.4387, val/MSE: 0.6792]
2025-08-27 06:29:19,855 - easytorch-training - INFO - Result <test>: [test/time: 1.97 (s), test/loss: 0.3365, test/MAE: 0.3365, test/MSE: 0.3210]
2025-08-27 06:29:19,866 - easytorch-training - INFO - Checkpoint checkpoints/DLinear/Weather_100_336_720/b6c8a4eec54e8f0b96f05fb5db4bb13b/DLinear_089.pt saved
2025-08-27 06:29:19,866 - easytorch-training - INFO - The estimated training finish time is 2025-08-27 06:31:30
2025-08-27 06:29:19,866 - easytorch-training - INFO - Epoch 90 / 100
2025-08-27 06:29:28,385 - easytorch-training - INFO - Result <train>: [train/time: 8.52 (s), train/lr: 7.50e-05, train/loss: 0.4252, train/MAE: 0.4252, train/MSE: 0.6135]
2025-08-27 06:29:28,386 - easytorch-training - INFO - Start validation.
2025-08-27 06:29:29,357 - easytorch-training - INFO - Result <val>: [val/time: 0.97 (s), val/loss: 0.4366, val/MAE: 0.4366, val/MSE: 0.6737]
2025-08-27 06:29:31,422 - easytorch-training - INFO - Result <test>: [test/time: 2.06 (s), test/loss: 0.3389, test/MAE: 0.3389, test/MSE: 0.3205]
2025-08-27 06:29:31,436 - easytorch-training - INFO - Checkpoint checkpoints/DLinear/Weather_100_336_720/b6c8a4eec54e8f0b96f05fb5db4bb13b/DLinear_090.pt saved
2025-08-27 06:29:31,440 - easytorch-training - INFO - The estimated training finish time is 2025-08-27 06:31:30
2025-08-27 06:29:31,441 - easytorch-training - INFO - Epoch 91 / 100
2025-08-27 06:29:39,889 - easytorch-training - INFO - Result <train>: [train/time: 8.45 (s), train/lr: 7.50e-05, train/loss: 0.4251, train/MAE: 0.4251, train/MSE: 0.6135]
2025-08-27 06:29:39,890 - easytorch-training - INFO - Start validation.
2025-08-27 06:29:40,852 - easytorch-training - INFO - Result <val>: [val/time: 0.96 (s), val/loss: 0.4372, val/MAE: 0.4372, val/MSE: 0.6749]
2025-08-27 06:29:42,897 - easytorch-training - INFO - Result <test>: [test/time: 2.04 (s), test/loss: 0.3388, test/MAE: 0.3388, test/MSE: 0.3213]
2025-08-27 06:29:42,909 - easytorch-training - INFO - Checkpoint checkpoints/DLinear/Weather_100_336_720/b6c8a4eec54e8f0b96f05fb5db4bb13b/DLinear_091.pt saved
2025-08-27 06:29:42,909 - easytorch-training - INFO - The estimated training finish time is 2025-08-27 06:31:29
2025-08-27 06:29:42,909 - easytorch-training - INFO - Epoch 92 / 100
2025-08-27 06:29:51,441 - easytorch-training - INFO - Result <train>: [train/time: 8.53 (s), train/lr: 7.50e-05, train/loss: 0.4252, train/MAE: 0.4252, train/MSE: 0.6135]
2025-08-27 06:29:51,442 - easytorch-training - INFO - Start validation.
2025-08-27 06:29:52,306 - easytorch-training - INFO - Result <val>: [val/time: 0.86 (s), val/loss: 0.4385, val/MAE: 0.4385, val/MSE: 0.6781]
2025-08-27 06:29:54,248 - easytorch-training - INFO - Result <test>: [test/time: 1.94 (s), test/loss: 0.3373, test/MAE: 0.3373, test/MSE: 0.3210]
2025-08-27 06:29:54,259 - easytorch-training - INFO - Checkpoint checkpoints/DLinear/Weather_100_336_720/b6c8a4eec54e8f0b96f05fb5db4bb13b/DLinear_092.pt saved
2025-08-27 06:29:54,259 - easytorch-training - INFO - The estimated training finish time is 2025-08-27 06:31:29
2025-08-27 06:29:54,259 - easytorch-training - INFO - Epoch 93 / 100
2025-08-27 06:30:02,455 - easytorch-training - INFO - Result <train>: [train/time: 8.20 (s), train/lr: 7.50e-05, train/loss: 0.4252, train/MAE: 0.4252, train/MSE: 0.6135]
2025-08-27 06:30:02,456 - easytorch-training - INFO - Start validation.
2025-08-27 06:30:03,333 - easytorch-training - INFO - Result <val>: [val/time: 0.88 (s), val/loss: 0.4356, val/MAE: 0.4356, val/MSE: 0.6711]
2025-08-27 06:30:05,255 - easytorch-training - INFO - Result <test>: [test/time: 1.92 (s), test/loss: 0.3403, test/MAE: 0.3403, test/MSE: 0.3206]
2025-08-27 06:30:05,264 - easytorch-training - INFO - Checkpoint checkpoints/DLinear/Weather_100_336_720/b6c8a4eec54e8f0b96f05fb5db4bb13b/DLinear_093.pt saved
2025-08-27 06:30:05,265 - easytorch-training - INFO - The estimated training finish time is 2025-08-27 06:31:28
2025-08-27 06:30:05,265 - easytorch-training - INFO - Epoch 94 / 100
2025-08-27 06:30:13,611 - easytorch-training - INFO - Result <train>: [train/time: 8.35 (s), train/lr: 7.50e-05, train/loss: 0.4252, train/MAE: 0.4252, train/MSE: 0.6135]
2025-08-27 06:30:13,612 - easytorch-training - INFO - Start validation.
2025-08-27 06:30:14,454 - easytorch-training - INFO - Result <val>: [val/time: 0.84 (s), val/loss: 0.4362, val/MAE: 0.4362, val/MSE: 0.6722]
2025-08-27 06:30:16,375 - easytorch-training - INFO - Result <test>: [test/time: 1.92 (s), test/loss: 0.3397, test/MAE: 0.3397, test/MSE: 0.3207]
2025-08-27 06:30:16,384 - easytorch-training - INFO - Checkpoint checkpoints/DLinear/Weather_100_336_720/b6c8a4eec54e8f0b96f05fb5db4bb13b/DLinear_094.pt saved
2025-08-27 06:30:16,384 - easytorch-training - INFO - The estimated training finish time is 2025-08-27 06:31:27
2025-08-27 06:30:16,385 - easytorch-training - INFO - Epoch 95 / 100
2025-08-27 06:30:24,766 - easytorch-training - INFO - Result <train>: [train/time: 8.38 (s), train/lr: 7.50e-05, train/loss: 0.4252, train/MAE: 0.4252, train/MSE: 0.6135]
2025-08-27 06:30:24,767 - easytorch-training - INFO - Start validation.
2025-08-27 06:30:25,598 - easytorch-training - INFO - Result <val>: [val/time: 0.83 (s), val/loss: 0.4362, val/MAE: 0.4362, val/MSE: 0.6727]
2025-08-27 06:30:27,484 - easytorch-training - INFO - Result <test>: [test/time: 1.88 (s), test/loss: 0.3392, test/MAE: 0.3392, test/MSE: 0.3205]
2025-08-27 06:30:27,494 - easytorch-training - INFO - Checkpoint checkpoints/DLinear/Weather_100_336_720/b6c8a4eec54e8f0b96f05fb5db4bb13b/DLinear_095.pt saved
2025-08-27 06:30:27,494 - easytorch-training - INFO - The estimated training finish time is 2025-08-27 06:31:26
2025-08-27 06:30:27,494 - easytorch-training - INFO - Epoch 96 / 100
2025-08-27 06:30:35,875 - easytorch-training - INFO - Result <train>: [train/time: 8.38 (s), train/lr: 7.50e-05, train/loss: 0.4252, train/MAE: 0.4252, train/MSE: 0.6135]
2025-08-27 06:30:35,876 - easytorch-training - INFO - Start validation.
2025-08-27 06:30:36,733 - easytorch-training - INFO - Result <val>: [val/time: 0.86 (s), val/loss: 0.4369, val/MAE: 0.4369, val/MSE: 0.6748]
2025-08-27 06:30:38,629 - easytorch-training - INFO - Result <test>: [test/time: 1.90 (s), test/loss: 0.3387, test/MAE: 0.3387, test/MSE: 0.3210]
2025-08-27 06:30:38,637 - easytorch-training - INFO - Checkpoint checkpoints/DLinear/Weather_100_336_720/b6c8a4eec54e8f0b96f05fb5db4bb13b/DLinear_096.pt saved
2025-08-27 06:30:38,637 - easytorch-training - INFO - The estimated training finish time is 2025-08-27 06:31:25
2025-08-27 06:30:38,637 - easytorch-training - INFO - Epoch 97 / 100
2025-08-27 06:30:47,146 - easytorch-training - INFO - Result <train>: [train/time: 8.51 (s), train/lr: 7.50e-05, train/loss: 0.4252, train/MAE: 0.4252, train/MSE: 0.6134]
2025-08-27 06:30:47,146 - easytorch-training - INFO - Start validation.
2025-08-27 06:30:48,011 - easytorch-training - INFO - Result <val>: [val/time: 0.86 (s), val/loss: 0.4360, val/MAE: 0.4360, val/MSE: 0.6726]
2025-08-27 06:30:50,025 - easytorch-training - INFO - Result <test>: [test/time: 2.01 (s), test/loss: 0.3398, test/MAE: 0.3398, test/MSE: 0.3210]
2025-08-27 06:30:50,036 - easytorch-training - INFO - Checkpoint checkpoints/DLinear/Weather_100_336_720/b6c8a4eec54e8f0b96f05fb5db4bb13b/DLinear_097.pt saved
2025-08-27 06:30:50,036 - easytorch-training - INFO - The estimated training finish time is 2025-08-27 06:31:25
2025-08-27 06:30:50,036 - easytorch-training - INFO - Epoch 98 / 100
2025-08-27 06:30:58,410 - easytorch-training - INFO - Result <train>: [train/time: 8.37 (s), train/lr: 7.50e-05, train/loss: 0.4252, train/MAE: 0.4252, train/MSE: 0.6135]
2025-08-27 06:30:58,410 - easytorch-training - INFO - Start validation.
2025-08-27 06:30:59,224 - easytorch-training - INFO - Result <val>: [val/time: 0.81 (s), val/loss: 0.4356, val/MAE: 0.4356, val/MSE: 0.6710]
2025-08-27 06:31:01,100 - easytorch-training - INFO - Result <test>: [test/time: 1.87 (s), test/loss: 0.3399, test/MAE: 0.3399, test/MSE: 0.3205]
2025-08-27 06:31:01,109 - easytorch-training - INFO - Checkpoint checkpoints/DLinear/Weather_100_336_720/b6c8a4eec54e8f0b96f05fb5db4bb13b/DLinear_098.pt saved
2025-08-27 06:31:01,109 - easytorch-training - INFO - The estimated training finish time is 2025-08-27 06:31:24
2025-08-27 06:31:01,109 - easytorch-training - INFO - Epoch 99 / 100
2025-08-27 06:31:09,424 - easytorch-training - INFO - Result <train>: [train/time: 8.31 (s), train/lr: 7.50e-05, train/loss: 0.4252, train/MAE: 0.4252, train/MSE: 0.6135]
2025-08-27 06:31:09,425 - easytorch-training - INFO - Start validation.
2025-08-27 06:31:10,294 - easytorch-training - INFO - Result <val>: [val/time: 0.87 (s), val/loss: 0.4380, val/MAE: 0.4380, val/MSE: 0.6767]
2025-08-27 06:31:12,187 - easytorch-training - INFO - Result <test>: [test/time: 1.89 (s), test/loss: 0.3383, test/MAE: 0.3383, test/MSE: 0.3215]
2025-08-27 06:31:12,200 - easytorch-training - INFO - Checkpoint checkpoints/DLinear/Weather_100_336_720/b6c8a4eec54e8f0b96f05fb5db4bb13b/DLinear_099.pt saved
2025-08-27 06:31:12,200 - easytorch-training - INFO - The estimated training finish time is 2025-08-27 06:31:24
2025-08-27 06:31:12,200 - easytorch-training - INFO - Epoch 100 / 100
2025-08-27 06:31:20,608 - easytorch-training - INFO - Result <train>: [train/time: 8.41 (s), train/lr: 7.50e-05, train/loss: 0.4252, train/MAE: 0.4252, train/MSE: 0.6135]
2025-08-27 06:31:20,609 - easytorch-training - INFO - Start validation.
2025-08-27 06:31:21,438 - easytorch-training - INFO - Result <val>: [val/time: 0.83 (s), val/loss: 0.4350, val/MAE: 0.4350, val/MSE: 0.6694]
2025-08-27 06:31:23,344 - easytorch-training - INFO - Result <test>: [test/time: 1.90 (s), test/loss: 0.3413, test/MAE: 0.3413, test/MSE: 0.3209]
2025-08-27 06:31:23,353 - easytorch-training - INFO - Checkpoint checkpoints/DLinear/Weather_100_336_720/b6c8a4eec54e8f0b96f05fb5db4bb13b/DLinear_100.pt saved
2025-08-27 06:31:23,360 - easytorch-training - INFO - The training finished at 2025-08-27 06:31:23
2025-08-27 06:31:23,361 - easytorch-training - INFO - Evaluating the best model on the test set.
2025-08-27 06:31:23,361 - easytorch-training - INFO - Loading Checkpoint from 'checkpoints/DLinear/Weather_100_336_720/b6c8a4eec54e8f0b96f05fb5db4bb13b/DLinear_best_val_MAE.pt'
2025-08-27 06:31:25,266 - easytorch-training - INFO - Result <test>: [test/time: 1.90 (s), test/loss: 0.3442, test/MAE: 0.3442, test/MSE: 0.3218]
2025-08-27 06:31:25,268 - easytorch-training - INFO - Test metrics saved to checkpoints/DLinear/Weather_100_336_720/b6c8a4eec54e8f0b96f05fb5db4bb13b/test_metrics.json.
