2025-08-27 05:18:11,302 - easytorch-training - INFO - Initializing training.
2025-08-27 05:18:11,302 - easytorch-training - INFO - Set clip grad, param: {'max_norm': 5.0}
2025-08-27 05:18:11,302 - easytorch-training - INFO - Building training data loader.
2025-08-27 05:18:11,303 - easytorch-training - INFO - Train dataset length: 7969
2025-08-27 05:18:13,268 - easytorch-training - INFO - Set optim: Adam (
Parameter Group 0
    amsgrad: False
    betas: (0.9, 0.999)
    capturable: False
    differentiable: False
    eps: 1e-08
    foreach: None
    fused: None
    lr: 0.0002
    maximize: False
    weight_decay: 0.0005
)
2025-08-27 05:18:13,268 - easytorch-training - INFO - Set lr_scheduler: <torch.optim.lr_scheduler.MultiStepLR object at 0x7fdf0c34d600>
2025-08-27 05:18:13,269 - easytorch-training - INFO - Initializing validation.
2025-08-27 05:18:13,269 - easytorch-training - INFO - Building val data loader.
2025-08-27 05:18:13,269 - easytorch-training - INFO - Validation dataset length: 2209
2025-08-27 05:18:13,270 - easytorch-training - INFO - Test dataset length: 2209
2025-08-27 05:18:13,270 - easytorch-training - INFO - Number of parameters: 813335
2025-08-27 05:18:13,271 - easytorch-training - INFO - Epoch 1 / 100
2025-08-27 05:18:45,592 - easytorch-training - INFO - Result <train>: [train/time: 32.32 (s), train/lr: 2.00e-04, train/loss: 0.4817, train/MAE: 0.4817, train/MSE: 0.6583]
2025-08-27 05:18:45,594 - easytorch-training - INFO - Start validation.
2025-08-27 05:18:48,986 - easytorch-training - INFO - Result <val>: [val/time: 3.39 (s), val/loss: 0.4788, val/MAE: 0.4788, val/MSE: 0.4973]
2025-08-27 05:18:49,015 - easytorch-training - INFO - Checkpoint checkpoints/TimesNet/ETTh2_100_336_336/965be52e2f2d9a77c8771797d13906d4/TimesNet_best_val_MAE.pt saved
2025-08-27 05:18:52,534 - easytorch-training - INFO - Result <test>: [test/time: 3.52 (s), test/loss: 0.4413, test/MAE: 0.4413, test/MSE: 0.4136]
2025-08-27 05:18:52,561 - easytorch-training - INFO - Checkpoint checkpoints/TimesNet/ETTh2_100_336_336/965be52e2f2d9a77c8771797d13906d4/TimesNet_001.pt saved
2025-08-27 05:18:52,561 - easytorch-training - INFO - The estimated training finish time is 2025-08-27 06:23:42
2025-08-27 05:18:52,561 - easytorch-training - INFO - Epoch 2 / 100
2025-08-27 05:19:20,451 - easytorch-training - INFO - Result <train>: [train/time: 27.89 (s), train/lr: 1.00e-04, train/loss: 0.4097, train/MAE: 0.4097, train/MSE: 0.5166]
2025-08-27 05:19:20,452 - easytorch-training - INFO - Start validation.
2025-08-27 05:19:23,793 - easytorch-training - INFO - Result <val>: [val/time: 3.34 (s), val/loss: 0.4998, val/MAE: 0.4998, val/MSE: 0.5528]
2025-08-27 05:19:27,274 - easytorch-training - INFO - Result <test>: [test/time: 3.48 (s), test/loss: 0.4436, test/MAE: 0.4436, test/MSE: 0.4225]
2025-08-27 05:19:27,301 - easytorch-training - INFO - Checkpoint checkpoints/TimesNet/ETTh2_100_336_336/965be52e2f2d9a77c8771797d13906d4/TimesNet_002.pt saved
2025-08-27 05:19:27,301 - easytorch-training - INFO - The estimated training finish time is 2025-08-27 06:19:54
2025-08-27 05:19:27,301 - easytorch-training - INFO - Epoch 3 / 100
2025-08-27 05:19:55,294 - easytorch-training - INFO - Result <train>: [train/time: 27.99 (s), train/lr: 1.00e-04, train/loss: 0.3952, train/MAE: 0.3952, train/MSE: 0.4937]
2025-08-27 05:19:55,296 - easytorch-training - INFO - Start validation.
2025-08-27 05:19:58,670 - easytorch-training - INFO - Result <val>: [val/time: 3.37 (s), val/loss: 0.5124, val/MAE: 0.5124, val/MSE: 0.5859]
2025-08-27 05:20:02,154 - easytorch-training - INFO - Result <test>: [test/time: 3.48 (s), test/loss: 0.4484, test/MAE: 0.4484, test/MSE: 0.4337]
2025-08-27 05:20:02,181 - easytorch-training - INFO - Checkpoint checkpoints/TimesNet/ETTh2_100_336_336/965be52e2f2d9a77c8771797d13906d4/TimesNet_003.pt saved
2025-08-27 05:20:02,181 - easytorch-training - INFO - The estimated training finish time is 2025-08-27 06:18:43
2025-08-27 05:20:02,181 - easytorch-training - INFO - Epoch 4 / 100
2025-08-27 05:20:30,031 - easytorch-training - INFO - Result <train>: [train/time: 27.85 (s), train/lr: 1.00e-04, train/loss: 0.3845, train/MAE: 0.3845, train/MSE: 0.4774]
2025-08-27 05:20:30,032 - easytorch-training - INFO - Start validation.
2025-08-27 05:20:33,395 - easytorch-training - INFO - Result <val>: [val/time: 3.36 (s), val/loss: 0.5161, val/MAE: 0.5161, val/MSE: 0.6032]
2025-08-27 05:20:36,911 - easytorch-training - INFO - Result <test>: [test/time: 3.51 (s), test/loss: 0.4548, test/MAE: 0.4548, test/MSE: 0.4447]
2025-08-27 05:20:36,938 - easytorch-training - INFO - Checkpoint checkpoints/TimesNet/ETTh2_100_336_336/965be52e2f2d9a77c8771797d13906d4/TimesNet_004.pt saved
2025-08-27 05:20:36,938 - easytorch-training - INFO - The estimated training finish time is 2025-08-27 06:18:04
2025-08-27 05:20:36,938 - easytorch-training - INFO - Epoch 5 / 100
2025-08-27 05:21:04,934 - easytorch-training - INFO - Result <train>: [train/time: 28.00 (s), train/lr: 1.00e-04, train/loss: 0.3751, train/MAE: 0.3751, train/MSE: 0.4613]
2025-08-27 05:21:04,936 - easytorch-training - INFO - Start validation.
2025-08-27 05:21:08,346 - easytorch-training - INFO - Result <val>: [val/time: 3.41 (s), val/loss: 0.5191, val/MAE: 0.5191, val/MSE: 0.6186]
2025-08-27 05:21:11,856 - easytorch-training - INFO - Result <test>: [test/time: 3.51 (s), test/loss: 0.4635, test/MAE: 0.4635, test/MSE: 0.4589]
2025-08-27 05:21:11,882 - easytorch-training - INFO - Checkpoint checkpoints/TimesNet/ETTh2_100_336_336/965be52e2f2d9a77c8771797d13906d4/TimesNet_005.pt saved
2025-08-27 05:21:11,882 - easytorch-training - INFO - The estimated training finish time is 2025-08-27 06:17:45
2025-08-27 05:21:11,882 - easytorch-training - INFO - Epoch 6 / 100
2025-08-27 05:21:39,323 - easytorch-training - INFO - Result <train>: [train/time: 27.44 (s), train/lr: 1.00e-04, train/loss: 0.3685, train/MAE: 0.3685, train/MSE: 0.4499]
2025-08-27 05:21:39,325 - easytorch-training - INFO - Start validation.
2025-08-27 05:21:42,572 - easytorch-training - INFO - Result <val>: [val/time: 3.25 (s), val/loss: 0.5224, val/MAE: 0.5224, val/MSE: 0.6371]
2025-08-27 05:21:45,845 - easytorch-training - INFO - Result <test>: [test/time: 3.27 (s), test/loss: 0.4660, test/MAE: 0.4660, test/MSE: 0.4663]
2025-08-27 05:21:45,872 - easytorch-training - INFO - Checkpoint checkpoints/TimesNet/ETTh2_100_336_336/965be52e2f2d9a77c8771797d13906d4/TimesNet_006.pt saved
2025-08-27 05:21:45,872 - easytorch-training - INFO - The estimated training finish time is 2025-08-27 06:17:16
2025-08-27 05:21:45,872 - easytorch-training - INFO - Epoch 7 / 100
2025-08-27 05:22:13,236 - easytorch-training - INFO - Result <train>: [train/time: 27.36 (s), train/lr: 1.00e-04, train/loss: 0.3623, train/MAE: 0.3623, train/MSE: 0.4396]
2025-08-27 05:22:13,237 - easytorch-training - INFO - Start validation.
2025-08-27 05:22:16,619 - easytorch-training - INFO - Result <val>: [val/time: 3.38 (s), val/loss: 0.5323, val/MAE: 0.5323, val/MSE: 0.6542]
2025-08-27 05:22:20,050 - easytorch-training - INFO - Result <test>: [test/time: 3.43 (s), test/loss: 0.4666, test/MAE: 0.4666, test/MSE: 0.4707]
2025-08-27 05:22:20,080 - easytorch-training - INFO - Checkpoint checkpoints/TimesNet/ETTh2_100_336_336/965be52e2f2d9a77c8771797d13906d4/TimesNet_007.pt saved
2025-08-27 05:22:20,080 - easytorch-training - INFO - The estimated training finish time is 2025-08-27 06:16:59
2025-08-27 05:22:20,081 - easytorch-training - INFO - Epoch 8 / 100
2025-08-27 05:22:47,833 - easytorch-training - INFO - Result <train>: [train/time: 27.75 (s), train/lr: 1.00e-04, train/loss: 0.3567, train/MAE: 0.3567, train/MSE: 0.4310]
2025-08-27 05:22:47,834 - easytorch-training - INFO - Start validation.
2025-08-27 05:22:51,133 - easytorch-training - INFO - Result <val>: [val/time: 3.30 (s), val/loss: 0.5285, val/MAE: 0.5285, val/MSE: 0.6545]
2025-08-27 05:22:54,503 - easytorch-training - INFO - Result <test>: [test/time: 3.37 (s), test/loss: 0.4634, test/MAE: 0.4634, test/MSE: 0.4636]
2025-08-27 05:22:54,530 - easytorch-training - INFO - Checkpoint checkpoints/TimesNet/ETTh2_100_336_336/965be52e2f2d9a77c8771797d13906d4/TimesNet_008.pt saved
2025-08-27 05:22:54,530 - easytorch-training - INFO - The estimated training finish time is 2025-08-27 06:16:49
2025-08-27 05:22:54,530 - easytorch-training - INFO - Epoch 9 / 100
2025-08-27 05:23:22,431 - easytorch-training - INFO - Result <train>: [train/time: 27.90 (s), train/lr: 1.00e-04, train/loss: 0.3521, train/MAE: 0.3521, train/MSE: 0.4232]
2025-08-27 05:23:22,432 - easytorch-training - INFO - Start validation.
2025-08-27 05:23:25,971 - easytorch-training - INFO - Result <val>: [val/time: 3.54 (s), val/loss: 0.5219, val/MAE: 0.5219, val/MSE: 0.6361]
2025-08-27 05:23:29,524 - easytorch-training - INFO - Result <test>: [test/time: 3.55 (s), test/loss: 0.4624, test/MAE: 0.4624, test/MSE: 0.4602]
2025-08-27 05:23:29,551 - easytorch-training - INFO - Checkpoint checkpoints/TimesNet/ETTh2_100_336_336/965be52e2f2d9a77c8771797d13906d4/TimesNet_009.pt saved
2025-08-27 05:23:29,551 - easytorch-training - INFO - The estimated training finish time is 2025-08-27 06:16:47
2025-08-27 05:23:29,551 - easytorch-training - INFO - Epoch 10 / 100
2025-08-27 05:23:58,602 - easytorch-training - INFO - Result <train>: [train/time: 29.05 (s), train/lr: 1.00e-04, train/loss: 0.3487, train/MAE: 0.3487, train/MSE: 0.4172]
2025-08-27 05:23:58,603 - easytorch-training - INFO - Start validation.
2025-08-27 05:24:01,927 - easytorch-training - INFO - Result <val>: [val/time: 3.32 (s), val/loss: 0.5256, val/MAE: 0.5256, val/MSE: 0.6456]
2025-08-27 05:24:05,288 - easytorch-training - INFO - Result <test>: [test/time: 3.36 (s), test/loss: 0.4658, test/MAE: 0.4658, test/MSE: 0.4676]
2025-08-27 05:24:05,316 - easytorch-training - INFO - Checkpoint checkpoints/TimesNet/ETTh2_100_336_336/965be52e2f2d9a77c8771797d13906d4/TimesNet_010.pt saved
2025-08-27 05:24:05,323 - easytorch-training - INFO - The estimated training finish time is 2025-08-27 06:16:53
2025-08-27 05:24:05,323 - easytorch-training - INFO - Epoch 11 / 100
2025-08-27 05:24:33,122 - easytorch-training - INFO - Result <train>: [train/time: 27.80 (s), train/lr: 1.00e-04, train/loss: 0.3433, train/MAE: 0.3433, train/MSE: 0.4081]
2025-08-27 05:24:33,123 - easytorch-training - INFO - Start validation.
2025-08-27 05:24:36,552 - easytorch-training - INFO - Result <val>: [val/time: 3.43 (s), val/loss: 0.5264, val/MAE: 0.5264, val/MSE: 0.6465]
2025-08-27 05:24:39,997 - easytorch-training - INFO - Result <test>: [test/time: 3.44 (s), test/loss: 0.4619, test/MAE: 0.4619, test/MSE: 0.4599]
2025-08-27 05:24:40,023 - easytorch-training - INFO - Checkpoint checkpoints/TimesNet/ETTh2_100_336_336/965be52e2f2d9a77c8771797d13906d4/TimesNet_011.pt saved
2025-08-27 05:24:40,023 - easytorch-training - INFO - The estimated training finish time is 2025-08-27 06:16:49
2025-08-27 05:24:40,023 - easytorch-training - INFO - Epoch 12 / 100
2025-08-27 05:25:08,060 - easytorch-training - INFO - Result <train>: [train/time: 28.04 (s), train/lr: 1.00e-04, train/loss: 0.3386, train/MAE: 0.3386, train/MSE: 0.3993]
2025-08-27 05:25:08,060 - easytorch-training - INFO - Start validation.
2025-08-27 05:25:11,607 - easytorch-training - INFO - Result <val>: [val/time: 3.55 (s), val/loss: 0.5264, val/MAE: 0.5264, val/MSE: 0.6410]
2025-08-27 05:25:15,151 - easytorch-training - INFO - Result <test>: [test/time: 3.54 (s), test/loss: 0.4606, test/MAE: 0.4606, test/MSE: 0.4576]
2025-08-27 05:25:15,176 - easytorch-training - INFO - Checkpoint checkpoints/TimesNet/ETTh2_100_336_336/965be52e2f2d9a77c8771797d13906d4/TimesNet_012.pt saved
2025-08-27 05:25:15,176 - easytorch-training - INFO - The estimated training finish time is 2025-08-27 06:16:49
2025-08-27 05:25:15,176 - easytorch-training - INFO - Epoch 13 / 100
2025-08-27 05:25:43,792 - easytorch-training - INFO - Result <train>: [train/time: 28.62 (s), train/lr: 1.00e-04, train/loss: 0.3344, train/MAE: 0.3344, train/MSE: 0.3911]
2025-08-27 05:25:43,793 - easytorch-training - INFO - Start validation.
2025-08-27 05:25:47,377 - easytorch-training - INFO - Result <val>: [val/time: 3.58 (s), val/loss: 0.5168, val/MAE: 0.5168, val/MSE: 0.6244]
2025-08-27 05:25:51,030 - easytorch-training - INFO - Result <test>: [test/time: 3.65 (s), test/loss: 0.4615, test/MAE: 0.4615, test/MSE: 0.4593]
2025-08-27 05:25:51,056 - easytorch-training - INFO - Checkpoint checkpoints/TimesNet/ETTh2_100_336_336/965be52e2f2d9a77c8771797d13906d4/TimesNet_013.pt saved
2025-08-27 05:25:51,056 - easytorch-training - INFO - The estimated training finish time is 2025-08-27 06:16:54
2025-08-27 05:25:51,056 - easytorch-training - INFO - Epoch 14 / 100
2025-08-27 05:26:19,212 - easytorch-training - INFO - Result <train>: [train/time: 28.16 (s), train/lr: 1.00e-04, train/loss: 0.3301, train/MAE: 0.3301, train/MSE: 0.3836]
2025-08-27 05:26:19,213 - easytorch-training - INFO - Start validation.
2025-08-27 05:26:22,804 - easytorch-training - INFO - Result <val>: [val/time: 3.59 (s), val/loss: 0.5134, val/MAE: 0.5134, val/MSE: 0.6180]
2025-08-27 05:26:26,443 - easytorch-training - INFO - Result <test>: [test/time: 3.64 (s), test/loss: 0.4618, test/MAE: 0.4618, test/MSE: 0.4590]
2025-08-27 05:26:26,470 - easytorch-training - INFO - Checkpoint checkpoints/TimesNet/ETTh2_100_336_336/965be52e2f2d9a77c8771797d13906d4/TimesNet_014.pt saved
2025-08-27 05:26:26,470 - easytorch-training - INFO - The estimated training finish time is 2025-08-27 06:16:56
2025-08-27 05:26:26,470 - easytorch-training - INFO - Epoch 15 / 100
2025-08-27 05:26:54,561 - easytorch-training - INFO - Result <train>: [train/time: 28.09 (s), train/lr: 1.00e-04, train/loss: 0.3251, train/MAE: 0.3251, train/MSE: 0.3740]
2025-08-27 05:26:54,562 - easytorch-training - INFO - Start validation.
2025-08-27 05:26:58,243 - easytorch-training - INFO - Result <val>: [val/time: 3.68 (s), val/loss: 0.5204, val/MAE: 0.5204, val/MSE: 0.6313]
2025-08-27 05:27:01,942 - easytorch-training - INFO - Result <test>: [test/time: 3.70 (s), test/loss: 0.4653, test/MAE: 0.4653, test/MSE: 0.4660]
2025-08-27 05:27:01,970 - easytorch-training - INFO - Checkpoint checkpoints/TimesNet/ETTh2_100_336_336/965be52e2f2d9a77c8771797d13906d4/TimesNet_015.pt saved
2025-08-27 05:27:01,970 - easytorch-training - INFO - The estimated training finish time is 2025-08-27 06:16:57
2025-08-27 05:27:01,970 - easytorch-training - INFO - Epoch 16 / 100
2025-08-27 05:27:30,124 - easytorch-training - INFO - Result <train>: [train/time: 28.15 (s), train/lr: 1.00e-04, train/loss: 0.3203, train/MAE: 0.3203, train/MSE: 0.3657]
2025-08-27 05:27:30,125 - easytorch-training - INFO - Start validation.
2025-08-27 05:27:33,799 - easytorch-training - INFO - Result <val>: [val/time: 3.67 (s), val/loss: 0.5239, val/MAE: 0.5239, val/MSE: 0.6422]
2025-08-27 05:27:37,447 - easytorch-training - INFO - Result <test>: [test/time: 3.65 (s), test/loss: 0.4718, test/MAE: 0.4718, test/MSE: 0.4779]
2025-08-27 05:27:37,474 - easytorch-training - INFO - Checkpoint checkpoints/TimesNet/ETTh2_100_336_336/965be52e2f2d9a77c8771797d13906d4/TimesNet_016.pt saved
2025-08-27 05:27:37,475 - easytorch-training - INFO - The estimated training finish time is 2025-08-27 06:16:59
2025-08-27 05:27:37,475 - easytorch-training - INFO - Epoch 17 / 100
2025-08-27 05:28:05,337 - easytorch-training - INFO - Result <train>: [train/time: 27.86 (s), train/lr: 1.00e-04, train/loss: 0.3160, train/MAE: 0.3160, train/MSE: 0.3583]
2025-08-27 05:28:05,338 - easytorch-training - INFO - Start validation.
2025-08-27 05:28:08,893 - easytorch-training - INFO - Result <val>: [val/time: 3.55 (s), val/loss: 0.5098, val/MAE: 0.5098, val/MSE: 0.6114]
2025-08-27 05:28:12,382 - easytorch-training - INFO - Result <test>: [test/time: 3.49 (s), test/loss: 0.4623, test/MAE: 0.4623, test/MSE: 0.4576]
2025-08-27 05:28:12,410 - easytorch-training - INFO - Checkpoint checkpoints/TimesNet/ETTh2_100_336_336/965be52e2f2d9a77c8771797d13906d4/TimesNet_017.pt saved
2025-08-27 05:28:12,410 - easytorch-training - INFO - The estimated training finish time is 2025-08-27 06:16:57
2025-08-27 05:28:12,410 - easytorch-training - INFO - Epoch 18 / 100
2025-08-27 05:28:40,358 - easytorch-training - INFO - Result <train>: [train/time: 27.95 (s), train/lr: 1.00e-04, train/loss: 0.3126, train/MAE: 0.3126, train/MSE: 0.3528]
2025-08-27 05:28:40,360 - easytorch-training - INFO - Start validation.
2025-08-27 05:28:44,163 - easytorch-training - INFO - Result <val>: [val/time: 3.80 (s), val/loss: 0.5129, val/MAE: 0.5129, val/MSE: 0.6196]
2025-08-27 05:28:47,949 - easytorch-training - INFO - Result <test>: [test/time: 3.79 (s), test/loss: 0.4668, test/MAE: 0.4668, test/MSE: 0.4687]
2025-08-27 05:28:47,975 - easytorch-training - INFO - Checkpoint checkpoints/TimesNet/ETTh2_100_336_336/965be52e2f2d9a77c8771797d13906d4/TimesNet_018.pt saved
2025-08-27 05:28:47,976 - easytorch-training - INFO - The estimated training finish time is 2025-08-27 06:16:59
2025-08-27 05:28:47,976 - easytorch-training - INFO - Epoch 19 / 100
2025-08-27 05:29:16,024 - easytorch-training - INFO - Result <train>: [train/time: 28.05 (s), train/lr: 1.00e-04, train/loss: 0.3079, train/MAE: 0.3079, train/MSE: 0.3452]
2025-08-27 05:29:16,026 - easytorch-training - INFO - Start validation.
2025-08-27 05:29:19,808 - easytorch-training - INFO - Result <val>: [val/time: 3.78 (s), val/loss: 0.5167, val/MAE: 0.5167, val/MSE: 0.6268]
2025-08-27 05:29:23,539 - easytorch-training - INFO - Result <test>: [test/time: 3.73 (s), test/loss: 0.4700, test/MAE: 0.4700, test/MSE: 0.4724]
2025-08-27 05:29:23,565 - easytorch-training - INFO - Checkpoint checkpoints/TimesNet/ETTh2_100_336_336/965be52e2f2d9a77c8771797d13906d4/TimesNet_019.pt saved
2025-08-27 05:29:23,565 - easytorch-training - INFO - The estimated training finish time is 2025-08-27 06:17:01
2025-08-27 05:29:23,565 - easytorch-training - INFO - Epoch 20 / 100
2025-08-27 05:29:51,568 - easytorch-training - INFO - Result <train>: [train/time: 28.00 (s), train/lr: 1.00e-04, train/loss: 0.3038, train/MAE: 0.3038, train/MSE: 0.3388]
2025-08-27 05:29:51,569 - easytorch-training - INFO - Start validation.
2025-08-27 05:29:55,381 - easytorch-training - INFO - Result <val>: [val/time: 3.81 (s), val/loss: 0.5144, val/MAE: 0.5144, val/MSE: 0.6243]
2025-08-27 05:29:59,183 - easytorch-training - INFO - Result <test>: [test/time: 3.80 (s), test/loss: 0.4697, test/MAE: 0.4697, test/MSE: 0.4697]
2025-08-27 05:29:59,211 - easytorch-training - INFO - Checkpoint checkpoints/TimesNet/ETTh2_100_336_336/965be52e2f2d9a77c8771797d13906d4/TimesNet_020.pt saved
2025-08-27 05:29:59,219 - easytorch-training - INFO - The estimated training finish time is 2025-08-27 06:17:03
2025-08-27 05:29:59,219 - easytorch-training - INFO - Epoch 21 / 100
2025-08-27 05:30:27,483 - easytorch-training - INFO - Result <train>: [train/time: 28.26 (s), train/lr: 1.00e-04, train/loss: 0.3009, train/MAE: 0.3009, train/MSE: 0.3338]
2025-08-27 05:30:27,484 - easytorch-training - INFO - Start validation.
2025-08-27 05:30:31,382 - easytorch-training - INFO - Result <val>: [val/time: 3.90 (s), val/loss: 0.5182, val/MAE: 0.5182, val/MSE: 0.6301]
2025-08-27 05:30:35,261 - easytorch-training - INFO - Result <test>: [test/time: 3.88 (s), test/loss: 0.4692, test/MAE: 0.4692, test/MSE: 0.4683]
2025-08-27 05:30:35,289 - easytorch-training - INFO - Checkpoint checkpoints/TimesNet/ETTh2_100_336_336/965be52e2f2d9a77c8771797d13906d4/TimesNet_021.pt saved
2025-08-27 05:30:35,289 - easytorch-training - INFO - The estimated training finish time is 2025-08-27 06:17:06
2025-08-27 05:30:35,289 - easytorch-training - INFO - Epoch 22 / 100
2025-08-27 05:31:03,612 - easytorch-training - INFO - Result <train>: [train/time: 28.32 (s), train/lr: 1.00e-04, train/loss: 0.2979, train/MAE: 0.2979, train/MSE: 0.3282]
2025-08-27 05:31:03,615 - easytorch-training - INFO - Start validation.
2025-08-27 05:31:07,469 - easytorch-training - INFO - Result <val>: [val/time: 3.85 (s), val/loss: 0.5267, val/MAE: 0.5267, val/MSE: 0.6518]
2025-08-27 05:31:11,303 - easytorch-training - INFO - Result <test>: [test/time: 3.83 (s), test/loss: 0.4726, test/MAE: 0.4726, test/MSE: 0.4746]
2025-08-27 05:31:11,330 - easytorch-training - INFO - Checkpoint checkpoints/TimesNet/ETTh2_100_336_336/965be52e2f2d9a77c8771797d13906d4/TimesNet_022.pt saved
2025-08-27 05:31:11,331 - easytorch-training - INFO - The estimated training finish time is 2025-08-27 06:17:09
2025-08-27 05:31:11,331 - easytorch-training - INFO - Epoch 23 / 100
2025-08-27 05:31:39,391 - easytorch-training - INFO - Result <train>: [train/time: 28.06 (s), train/lr: 1.00e-04, train/loss: 0.2944, train/MAE: 0.2944, train/MSE: 0.3229]
2025-08-27 05:31:39,392 - easytorch-training - INFO - Start validation.
2025-08-27 05:31:43,237 - easytorch-training - INFO - Result <val>: [val/time: 3.84 (s), val/loss: 0.5247, val/MAE: 0.5247, val/MSE: 0.6471]
2025-08-27 05:31:47,055 - easytorch-training - INFO - Result <test>: [test/time: 3.82 (s), test/loss: 0.4775, test/MAE: 0.4775, test/MSE: 0.4848]
2025-08-27 05:31:47,081 - easytorch-training - INFO - Checkpoint checkpoints/TimesNet/ETTh2_100_336_336/965be52e2f2d9a77c8771797d13906d4/TimesNet_023.pt saved
2025-08-27 05:31:47,082 - easytorch-training - INFO - The estimated training finish time is 2025-08-27 06:17:11
2025-08-27 05:31:47,082 - easytorch-training - INFO - Epoch 24 / 100
2025-08-27 05:32:15,286 - easytorch-training - INFO - Result <train>: [train/time: 28.20 (s), train/lr: 1.00e-04, train/loss: 0.2906, train/MAE: 0.2906, train/MSE: 0.3176]
2025-08-27 05:32:15,287 - easytorch-training - INFO - Start validation.
2025-08-27 05:32:19,157 - easytorch-training - INFO - Result <val>: [val/time: 3.87 (s), val/loss: 0.5221, val/MAE: 0.5221, val/MSE: 0.6400]
2025-08-27 05:32:23,087 - easytorch-training - INFO - Result <test>: [test/time: 3.93 (s), test/loss: 0.4775, test/MAE: 0.4775, test/MSE: 0.4833]
2025-08-27 05:32:23,114 - easytorch-training - INFO - Checkpoint checkpoints/TimesNet/ETTh2_100_336_336/965be52e2f2d9a77c8771797d13906d4/TimesNet_024.pt saved
2025-08-27 05:32:23,114 - easytorch-training - INFO - The estimated training finish time is 2025-08-27 06:17:14
2025-08-27 05:32:23,115 - easytorch-training - INFO - Epoch 25 / 100
2025-08-27 05:32:51,499 - easytorch-training - INFO - Result <train>: [train/time: 28.38 (s), train/lr: 1.00e-04, train/loss: 0.2878, train/MAE: 0.2878, train/MSE: 0.3124]
2025-08-27 05:32:51,500 - easytorch-training - INFO - Start validation.
2025-08-27 05:32:55,474 - easytorch-training - INFO - Result <val>: [val/time: 3.97 (s), val/loss: 0.5283, val/MAE: 0.5283, val/MSE: 0.6481]
2025-08-27 05:32:59,471 - easytorch-training - INFO - Result <test>: [test/time: 4.00 (s), test/loss: 0.4780, test/MAE: 0.4780, test/MSE: 0.4833]
2025-08-27 05:32:59,499 - easytorch-training - INFO - Checkpoint checkpoints/TimesNet/ETTh2_100_336_336/965be52e2f2d9a77c8771797d13906d4/TimesNet_025.pt saved
2025-08-27 05:32:59,499 - easytorch-training - INFO - The estimated training finish time is 2025-08-27 06:17:18
2025-08-27 05:32:59,499 - easytorch-training - INFO - Epoch 26 / 100
2025-08-27 05:33:27,831 - easytorch-training - INFO - Result <train>: [train/time: 28.33 (s), train/lr: 5.00e-05, train/loss: 0.2839, train/MAE: 0.2839, train/MSE: 0.3072]
2025-08-27 05:33:27,832 - easytorch-training - INFO - Start validation.
2025-08-27 05:33:31,779 - easytorch-training - INFO - Result <val>: [val/time: 3.95 (s), val/loss: 0.5192, val/MAE: 0.5192, val/MSE: 0.6335]
2025-08-27 05:33:35,753 - easytorch-training - INFO - Result <test>: [test/time: 3.97 (s), test/loss: 0.4808, test/MAE: 0.4808, test/MSE: 0.4907]
2025-08-27 05:33:35,780 - easytorch-training - INFO - Checkpoint checkpoints/TimesNet/ETTh2_100_336_336/965be52e2f2d9a77c8771797d13906d4/TimesNet_026.pt saved
2025-08-27 05:33:35,780 - easytorch-training - INFO - The estimated training finish time is 2025-08-27 06:17:21
2025-08-27 05:33:35,780 - easytorch-training - INFO - Epoch 27 / 100
2025-08-27 05:34:04,361 - easytorch-training - INFO - Result <train>: [train/time: 28.58 (s), train/lr: 5.00e-05, train/loss: 0.2822, train/MAE: 0.2822, train/MSE: 0.3045]
2025-08-27 05:34:04,362 - easytorch-training - INFO - Start validation.
2025-08-27 05:34:08,365 - easytorch-training - INFO - Result <val>: [val/time: 4.00 (s), val/loss: 0.5181, val/MAE: 0.5181, val/MSE: 0.6279]
2025-08-27 05:34:12,351 - easytorch-training - INFO - Result <test>: [test/time: 3.98 (s), test/loss: 0.4784, test/MAE: 0.4784, test/MSE: 0.4853]
2025-08-27 05:34:12,378 - easytorch-training - INFO - Checkpoint checkpoints/TimesNet/ETTh2_100_336_336/965be52e2f2d9a77c8771797d13906d4/TimesNet_027.pt saved
2025-08-27 05:34:12,379 - easytorch-training - INFO - The estimated training finish time is 2025-08-27 06:17:25
2025-08-27 05:34:12,379 - easytorch-training - INFO - Epoch 28 / 100
2025-08-27 05:34:41,053 - easytorch-training - INFO - Result <train>: [train/time: 28.67 (s), train/lr: 5.00e-05, train/loss: 0.2806, train/MAE: 0.2806, train/MSE: 0.3020]
2025-08-27 05:34:41,054 - easytorch-training - INFO - Start validation.
2025-08-27 05:34:45,040 - easytorch-training - INFO - Result <val>: [val/time: 3.99 (s), val/loss: 0.5217, val/MAE: 0.5217, val/MSE: 0.6346]
2025-08-27 05:34:49,025 - easytorch-training - INFO - Result <test>: [test/time: 3.98 (s), test/loss: 0.4824, test/MAE: 0.4824, test/MSE: 0.4914]
2025-08-27 05:34:49,051 - easytorch-training - INFO - Checkpoint checkpoints/TimesNet/ETTh2_100_336_336/965be52e2f2d9a77c8771797d13906d4/TimesNet_028.pt saved
2025-08-27 05:34:49,052 - easytorch-training - INFO - The estimated training finish time is 2025-08-27 06:17:29
2025-08-27 05:34:49,052 - easytorch-training - INFO - Epoch 29 / 100
2025-08-27 05:35:17,422 - easytorch-training - INFO - Result <train>: [train/time: 28.37 (s), train/lr: 5.00e-05, train/loss: 0.2792, train/MAE: 0.2792, train/MSE: 0.2994]
2025-08-27 05:35:17,423 - easytorch-training - INFO - Start validation.
2025-08-27 05:35:21,435 - easytorch-training - INFO - Result <val>: [val/time: 4.01 (s), val/loss: 0.5205, val/MAE: 0.5205, val/MSE: 0.6306]
2025-08-27 05:35:25,398 - easytorch-training - INFO - Result <test>: [test/time: 3.96 (s), test/loss: 0.4814, test/MAE: 0.4814, test/MSE: 0.4887]
2025-08-27 05:35:25,423 - easytorch-training - INFO - Checkpoint checkpoints/TimesNet/ETTh2_100_336_336/965be52e2f2d9a77c8771797d13906d4/TimesNet_029.pt saved
2025-08-27 05:35:25,424 - easytorch-training - INFO - The estimated training finish time is 2025-08-27 06:17:32
2025-08-27 05:35:25,424 - easytorch-training - INFO - Epoch 30 / 100
2025-08-27 05:35:53,683 - easytorch-training - INFO - Result <train>: [train/time: 28.26 (s), train/lr: 5.00e-05, train/loss: 0.2774, train/MAE: 0.2774, train/MSE: 0.2966]
2025-08-27 05:35:53,684 - easytorch-training - INFO - Start validation.
2025-08-27 05:35:57,658 - easytorch-training - INFO - Result <val>: [val/time: 3.97 (s), val/loss: 0.5201, val/MAE: 0.5201, val/MSE: 0.6329]
2025-08-27 05:36:01,657 - easytorch-training - INFO - Result <test>: [test/time: 4.00 (s), test/loss: 0.4792, test/MAE: 0.4792, test/MSE: 0.4855]
2025-08-27 05:36:01,683 - easytorch-training - INFO - Checkpoint checkpoints/TimesNet/ETTh2_100_336_336/965be52e2f2d9a77c8771797d13906d4/TimesNet_030.pt saved
2025-08-27 05:36:01,691 - easytorch-training - INFO - The estimated training finish time is 2025-08-27 06:17:34
2025-08-27 05:36:01,692 - easytorch-training - INFO - Epoch 31 / 100
2025-08-27 05:36:30,089 - easytorch-training - INFO - Result <train>: [train/time: 28.40 (s), train/lr: 5.00e-05, train/loss: 0.2762, train/MAE: 0.2762, train/MSE: 0.2945]
2025-08-27 05:36:30,089 - easytorch-training - INFO - Start validation.
2025-08-27 05:36:34,168 - easytorch-training - INFO - Result <val>: [val/time: 4.08 (s), val/loss: 0.5245, val/MAE: 0.5245, val/MSE: 0.6409]
2025-08-27 05:36:38,124 - easytorch-training - INFO - Result <test>: [test/time: 3.96 (s), test/loss: 0.4818, test/MAE: 0.4818, test/MSE: 0.4901]
2025-08-27 05:36:38,150 - easytorch-training - INFO - Checkpoint checkpoints/TimesNet/ETTh2_100_336_336/965be52e2f2d9a77c8771797d13906d4/TimesNet_031.pt saved
2025-08-27 05:36:38,150 - easytorch-training - INFO - The estimated training finish time is 2025-08-27 06:17:37
2025-08-27 05:36:38,150 - easytorch-training - INFO - Epoch 32 / 100
2025-08-27 05:37:06,385 - easytorch-training - INFO - Result <train>: [train/time: 28.23 (s), train/lr: 5.00e-05, train/loss: 0.2747, train/MAE: 0.2747, train/MSE: 0.2920]
2025-08-27 05:37:06,386 - easytorch-training - INFO - Start validation.
2025-08-27 05:37:10,427 - easytorch-training - INFO - Result <val>: [val/time: 4.04 (s), val/loss: 0.5234, val/MAE: 0.5234, val/MSE: 0.6390]
2025-08-27 05:37:14,463 - easytorch-training - INFO - Result <test>: [test/time: 4.03 (s), test/loss: 0.4842, test/MAE: 0.4842, test/MSE: 0.4938]
2025-08-27 05:37:14,491 - easytorch-training - INFO - Checkpoint checkpoints/TimesNet/ETTh2_100_336_336/965be52e2f2d9a77c8771797d13906d4/TimesNet_032.pt saved
2025-08-27 05:37:14,491 - easytorch-training - INFO - The estimated training finish time is 2025-08-27 06:17:39
2025-08-27 05:37:14,491 - easytorch-training - INFO - Epoch 33 / 100
2025-08-27 05:37:42,568 - easytorch-training - INFO - Result <train>: [train/time: 28.08 (s), train/lr: 5.00e-05, train/loss: 0.2729, train/MAE: 0.2729, train/MSE: 0.2891]
2025-08-27 05:37:42,569 - easytorch-training - INFO - Start validation.
2025-08-27 05:37:46,650 - easytorch-training - INFO - Result <val>: [val/time: 4.08 (s), val/loss: 0.5222, val/MAE: 0.5222, val/MSE: 0.6359]
2025-08-27 05:37:50,677 - easytorch-training - INFO - Result <test>: [test/time: 4.03 (s), test/loss: 0.4828, test/MAE: 0.4828, test/MSE: 0.4895]
2025-08-27 05:37:50,703 - easytorch-training - INFO - Checkpoint checkpoints/TimesNet/ETTh2_100_336_336/965be52e2f2d9a77c8771797d13906d4/TimesNet_033.pt saved
2025-08-27 05:37:50,703 - easytorch-training - INFO - The estimated training finish time is 2025-08-27 06:17:41
2025-08-27 05:37:50,703 - easytorch-training - INFO - Epoch 34 / 100
2025-08-27 05:38:18,817 - easytorch-training - INFO - Result <train>: [train/time: 28.11 (s), train/lr: 5.00e-05, train/loss: 0.2714, train/MAE: 0.2714, train/MSE: 0.2865]
2025-08-27 05:38:18,818 - easytorch-training - INFO - Start validation.
2025-08-27 05:38:22,971 - easytorch-training - INFO - Result <val>: [val/time: 4.15 (s), val/loss: 0.5333, val/MAE: 0.5333, val/MSE: 0.6611]
2025-08-27 05:38:27,003 - easytorch-training - INFO - Result <test>: [test/time: 4.03 (s), test/loss: 0.4869, test/MAE: 0.4869, test/MSE: 0.4980]
2025-08-27 05:38:27,031 - easytorch-training - INFO - Checkpoint checkpoints/TimesNet/ETTh2_100_336_336/965be52e2f2d9a77c8771797d13906d4/TimesNet_034.pt saved
2025-08-27 05:38:27,031 - easytorch-training - INFO - The estimated training finish time is 2025-08-27 06:17:43
2025-08-27 05:38:27,031 - easytorch-training - INFO - Epoch 35 / 100
2025-08-27 05:38:55,272 - easytorch-training - INFO - Result <train>: [train/time: 28.24 (s), train/lr: 5.00e-05, train/loss: 0.2699, train/MAE: 0.2699, train/MSE: 0.2837]
2025-08-27 05:38:55,273 - easytorch-training - INFO - Start validation.
2025-08-27 05:38:59,418 - easytorch-training - INFO - Result <val>: [val/time: 4.15 (s), val/loss: 0.5217, val/MAE: 0.5217, val/MSE: 0.6331]
2025-08-27 05:39:03,486 - easytorch-training - INFO - Result <test>: [test/time: 4.07 (s), test/loss: 0.4893, test/MAE: 0.4893, test/MSE: 0.5016]
2025-08-27 05:39:03,511 - easytorch-training - INFO - Checkpoint checkpoints/TimesNet/ETTh2_100_336_336/965be52e2f2d9a77c8771797d13906d4/TimesNet_035.pt saved
2025-08-27 05:39:03,512 - easytorch-training - INFO - The estimated training finish time is 2025-08-27 06:17:45
2025-08-27 05:39:03,512 - easytorch-training - INFO - Epoch 36 / 100
2025-08-27 05:39:31,899 - easytorch-training - INFO - Result <train>: [train/time: 28.39 (s), train/lr: 5.00e-05, train/loss: 0.2685, train/MAE: 0.2685, train/MSE: 0.2813]
2025-08-27 05:39:31,899 - easytorch-training - INFO - Start validation.
2025-08-27 05:39:36,134 - easytorch-training - INFO - Result <val>: [val/time: 4.23 (s), val/loss: 0.5278, val/MAE: 0.5278, val/MSE: 0.6489]
2025-08-27 05:39:40,288 - easytorch-training - INFO - Result <test>: [test/time: 4.15 (s), test/loss: 0.4892, test/MAE: 0.4892, test/MSE: 0.5012]
2025-08-27 05:39:40,315 - easytorch-training - INFO - Checkpoint checkpoints/TimesNet/ETTh2_100_336_336/965be52e2f2d9a77c8771797d13906d4/TimesNet_036.pt saved
2025-08-27 05:39:40,315 - easytorch-training - INFO - The estimated training finish time is 2025-08-27 06:17:48
2025-08-27 05:39:40,315 - easytorch-training - INFO - Epoch 37 / 100
2025-08-27 05:40:09,012 - easytorch-training - INFO - Result <train>: [train/time: 28.70 (s), train/lr: 5.00e-05, train/loss: 0.2669, train/MAE: 0.2669, train/MSE: 0.2785]
2025-08-27 05:40:09,013 - easytorch-training - INFO - Start validation.
2025-08-27 05:40:13,212 - easytorch-training - INFO - Result <val>: [val/time: 4.20 (s), val/loss: 0.5263, val/MAE: 0.5263, val/MSE: 0.6404]
2025-08-27 05:40:17,357 - easytorch-training - INFO - Result <test>: [test/time: 4.14 (s), test/loss: 0.4891, test/MAE: 0.4891, test/MSE: 0.5013]
2025-08-27 05:40:17,383 - easytorch-training - INFO - Checkpoint checkpoints/TimesNet/ETTh2_100_336_336/965be52e2f2d9a77c8771797d13906d4/TimesNet_037.pt saved
2025-08-27 05:40:17,383 - easytorch-training - INFO - The estimated training finish time is 2025-08-27 06:17:51
2025-08-27 05:40:17,383 - easytorch-training - INFO - Epoch 38 / 100
2025-08-27 05:40:45,883 - easytorch-training - INFO - Result <train>: [train/time: 28.50 (s), train/lr: 5.00e-05, train/loss: 0.2663, train/MAE: 0.2663, train/MSE: 0.2773]
2025-08-27 05:40:45,884 - easytorch-training - INFO - Start validation.
2025-08-27 05:40:50,134 - easytorch-training - INFO - Result <val>: [val/time: 4.25 (s), val/loss: 0.5257, val/MAE: 0.5257, val/MSE: 0.6407]
2025-08-27 05:40:54,333 - easytorch-training - INFO - Result <test>: [test/time: 4.20 (s), test/loss: 0.4883, test/MAE: 0.4883, test/MSE: 0.5002]
2025-08-27 05:40:54,361 - easytorch-training - INFO - Checkpoint checkpoints/TimesNet/ETTh2_100_336_336/965be52e2f2d9a77c8771797d13906d4/TimesNet_038.pt saved
2025-08-27 05:40:54,361 - easytorch-training - INFO - The estimated training finish time is 2025-08-27 06:17:55
2025-08-27 05:40:54,361 - easytorch-training - INFO - Epoch 39 / 100
2025-08-27 05:41:22,640 - easytorch-training - INFO - Result <train>: [train/time: 28.28 (s), train/lr: 5.00e-05, train/loss: 0.2647, train/MAE: 0.2647, train/MSE: 0.2751]
2025-08-27 05:41:22,641 - easytorch-training - INFO - Start validation.
2025-08-27 05:41:26,884 - easytorch-training - INFO - Result <val>: [val/time: 4.24 (s), val/loss: 0.5314, val/MAE: 0.5314, val/MSE: 0.6520]
2025-08-27 05:41:31,068 - easytorch-training - INFO - Result <test>: [test/time: 4.18 (s), test/loss: 0.4922, test/MAE: 0.4922, test/MSE: 0.5068]
2025-08-27 05:41:31,095 - easytorch-training - INFO - Checkpoint checkpoints/TimesNet/ETTh2_100_336_336/965be52e2f2d9a77c8771797d13906d4/TimesNet_039.pt saved
2025-08-27 05:41:31,095 - easytorch-training - INFO - The estimated training finish time is 2025-08-27 06:17:57
2025-08-27 05:41:31,095 - easytorch-training - INFO - Epoch 40 / 100
2025-08-27 05:41:59,401 - easytorch-training - INFO - Result <train>: [train/time: 28.31 (s), train/lr: 5.00e-05, train/loss: 0.2631, train/MAE: 0.2631, train/MSE: 0.2718]
2025-08-27 05:41:59,402 - easytorch-training - INFO - Start validation.
2025-08-27 05:42:03,706 - easytorch-training - INFO - Result <val>: [val/time: 4.30 (s), val/loss: 0.5302, val/MAE: 0.5302, val/MSE: 0.6446]
2025-08-27 05:42:07,944 - easytorch-training - INFO - Result <test>: [test/time: 4.24 (s), test/loss: 0.4916, test/MAE: 0.4916, test/MSE: 0.5072]
2025-08-27 05:42:07,970 - easytorch-training - INFO - Checkpoint checkpoints/TimesNet/ETTh2_100_336_336/965be52e2f2d9a77c8771797d13906d4/TimesNet_040.pt saved
2025-08-27 05:42:07,978 - easytorch-training - INFO - The estimated training finish time is 2025-08-27 06:18:00
2025-08-27 05:42:07,979 - easytorch-training - INFO - Epoch 41 / 100
2025-08-27 05:42:36,404 - easytorch-training - INFO - Result <train>: [train/time: 28.43 (s), train/lr: 5.00e-05, train/loss: 0.2617, train/MAE: 0.2617, train/MSE: 0.2689]
2025-08-27 05:42:36,406 - easytorch-training - INFO - Start validation.
2025-08-27 05:42:40,724 - easytorch-training - INFO - Result <val>: [val/time: 4.32 (s), val/loss: 0.5246, val/MAE: 0.5246, val/MSE: 0.6354]
2025-08-27 05:42:44,958 - easytorch-training - INFO - Result <test>: [test/time: 4.23 (s), test/loss: 0.4920, test/MAE: 0.4920, test/MSE: 0.5075]
2025-08-27 05:42:44,984 - easytorch-training - INFO - Checkpoint checkpoints/TimesNet/ETTh2_100_336_336/965be52e2f2d9a77c8771797d13906d4/TimesNet_041.pt saved
2025-08-27 05:42:44,984 - easytorch-training - INFO - The estimated training finish time is 2025-08-27 06:18:02
2025-08-27 05:42:44,985 - easytorch-training - INFO - Epoch 42 / 100
2025-08-27 05:43:14,042 - easytorch-training - INFO - Result <train>: [train/time: 29.06 (s), train/lr: 5.00e-05, train/loss: 0.2599, train/MAE: 0.2599, train/MSE: 0.2662]
2025-08-27 05:43:14,044 - easytorch-training - INFO - Start validation.
2025-08-27 05:43:18,360 - easytorch-training - INFO - Result <val>: [val/time: 4.32 (s), val/loss: 0.5244, val/MAE: 0.5244, val/MSE: 0.6339]
2025-08-27 05:43:22,621 - easytorch-training - INFO - Result <test>: [test/time: 4.26 (s), test/loss: 0.4957, test/MAE: 0.4957, test/MSE: 0.5154]
2025-08-27 05:43:22,651 - easytorch-training - INFO - Checkpoint checkpoints/TimesNet/ETTh2_100_336_336/965be52e2f2d9a77c8771797d13906d4/TimesNet_042.pt saved
2025-08-27 05:43:22,651 - easytorch-training - INFO - The estimated training finish time is 2025-08-27 06:18:07
2025-08-27 05:43:22,651 - easytorch-training - INFO - Epoch 43 / 100
2025-08-27 05:43:51,410 - easytorch-training - INFO - Result <train>: [train/time: 28.76 (s), train/lr: 5.00e-05, train/loss: 0.2596, train/MAE: 0.2596, train/MSE: 0.2656]
2025-08-27 05:43:51,411 - easytorch-training - INFO - Start validation.
2025-08-27 05:43:55,749 - easytorch-training - INFO - Result <val>: [val/time: 4.34 (s), val/loss: 0.5296, val/MAE: 0.5296, val/MSE: 0.6406]
2025-08-27 05:43:59,977 - easytorch-training - INFO - Result <test>: [test/time: 4.23 (s), test/loss: 0.4922, test/MAE: 0.4922, test/MSE: 0.5070]
2025-08-27 05:44:00,005 - easytorch-training - INFO - Checkpoint checkpoints/TimesNet/ETTh2_100_336_336/965be52e2f2d9a77c8771797d13906d4/TimesNet_043.pt saved
2025-08-27 05:44:00,005 - easytorch-training - INFO - The estimated training finish time is 2025-08-27 06:18:10
2025-08-27 05:44:00,005 - easytorch-training - INFO - Epoch 44 / 100
2025-08-27 05:44:29,213 - easytorch-training - INFO - Result <train>: [train/time: 29.21 (s), train/lr: 5.00e-05, train/loss: 0.2580, train/MAE: 0.2580, train/MSE: 0.2627]
2025-08-27 05:44:29,214 - easytorch-training - INFO - Start validation.
2025-08-27 05:44:33,573 - easytorch-training - INFO - Result <val>: [val/time: 4.36 (s), val/loss: 0.5233, val/MAE: 0.5233, val/MSE: 0.6276]
2025-08-27 05:44:37,815 - easytorch-training - INFO - Result <test>: [test/time: 4.24 (s), test/loss: 0.4942, test/MAE: 0.4942, test/MSE: 0.5118]
2025-08-27 05:44:37,841 - easytorch-training - INFO - Checkpoint checkpoints/TimesNet/ETTh2_100_336_336/965be52e2f2d9a77c8771797d13906d4/TimesNet_044.pt saved
2025-08-27 05:44:37,841 - easytorch-training - INFO - The estimated training finish time is 2025-08-27 06:18:14
2025-08-27 05:44:37,841 - easytorch-training - INFO - Epoch 45 / 100
2025-08-27 05:45:07,456 - easytorch-training - INFO - Result <train>: [train/time: 29.62 (s), train/lr: 5.00e-05, train/loss: 0.2566, train/MAE: 0.2566, train/MSE: 0.2599]
2025-08-27 05:45:07,457 - easytorch-training - INFO - Start validation.
2025-08-27 05:45:11,783 - easytorch-training - INFO - Result <val>: [val/time: 4.33 (s), val/loss: 0.5310, val/MAE: 0.5310, val/MSE: 0.6434]
2025-08-27 05:45:16,048 - easytorch-training - INFO - Result <test>: [test/time: 4.27 (s), test/loss: 0.4959, test/MAE: 0.4959, test/MSE: 0.5160]
2025-08-27 05:45:16,074 - easytorch-training - INFO - Checkpoint checkpoints/TimesNet/ETTh2_100_336_336/965be52e2f2d9a77c8771797d13906d4/TimesNet_045.pt saved
2025-08-27 05:45:16,074 - easytorch-training - INFO - The estimated training finish time is 2025-08-27 06:18:19
2025-08-27 05:45:16,074 - easytorch-training - INFO - Epoch 46 / 100
2025-08-27 05:45:45,038 - easytorch-training - INFO - Result <train>: [train/time: 28.96 (s), train/lr: 5.00e-05, train/loss: 0.2556, train/MAE: 0.2556, train/MSE: 0.2582]
2025-08-27 05:45:45,039 - easytorch-training - INFO - Start validation.
2025-08-27 05:45:49,338 - easytorch-training - INFO - Result <val>: [val/time: 4.30 (s), val/loss: 0.5298, val/MAE: 0.5298, val/MSE: 0.6397]
2025-08-27 05:45:53,610 - easytorch-training - INFO - Result <test>: [test/time: 4.27 (s), test/loss: 0.4942, test/MAE: 0.4942, test/MSE: 0.5125]
2025-08-27 05:45:53,637 - easytorch-training - INFO - Checkpoint checkpoints/TimesNet/ETTh2_100_336_336/965be52e2f2d9a77c8771797d13906d4/TimesNet_046.pt saved
2025-08-27 05:45:53,637 - easytorch-training - INFO - The estimated training finish time is 2025-08-27 06:18:22
2025-08-27 05:45:53,638 - easytorch-training - INFO - Epoch 47 / 100
2025-08-27 05:46:22,630 - easytorch-training - INFO - Result <train>: [train/time: 28.99 (s), train/lr: 5.00e-05, train/loss: 0.2549, train/MAE: 0.2549, train/MSE: 0.2570]
2025-08-27 05:46:22,631 - easytorch-training - INFO - Start validation.
2025-08-27 05:46:27,006 - easytorch-training - INFO - Result <val>: [val/time: 4.37 (s), val/loss: 0.5358, val/MAE: 0.5358, val/MSE: 0.6587]
2025-08-27 05:46:31,313 - easytorch-training - INFO - Result <test>: [test/time: 4.31 (s), test/loss: 0.4968, test/MAE: 0.4968, test/MSE: 0.5167]
2025-08-27 05:46:31,341 - easytorch-training - INFO - Checkpoint checkpoints/TimesNet/ETTh2_100_336_336/965be52e2f2d9a77c8771797d13906d4/TimesNet_047.pt saved
2025-08-27 05:46:31,341 - easytorch-training - INFO - The estimated training finish time is 2025-08-27 06:18:26
2025-08-27 05:46:31,341 - easytorch-training - INFO - Epoch 48 / 100
2025-08-27 05:47:00,807 - easytorch-training - INFO - Result <train>: [train/time: 29.47 (s), train/lr: 5.00e-05, train/loss: 0.2534, train/MAE: 0.2534, train/MSE: 0.2544]
2025-08-27 05:47:00,808 - easytorch-training - INFO - Start validation.
2025-08-27 05:47:05,163 - easytorch-training - INFO - Result <val>: [val/time: 4.35 (s), val/loss: 0.5345, val/MAE: 0.5345, val/MSE: 0.6502]
2025-08-27 05:47:09,447 - easytorch-training - INFO - Result <test>: [test/time: 4.28 (s), test/loss: 0.4964, test/MAE: 0.4964, test/MSE: 0.5164]
2025-08-27 05:47:09,474 - easytorch-training - INFO - Checkpoint checkpoints/TimesNet/ETTh2_100_336_336/965be52e2f2d9a77c8771797d13906d4/TimesNet_048.pt saved
2025-08-27 05:47:09,474 - easytorch-training - INFO - The estimated training finish time is 2025-08-27 06:18:30
2025-08-27 05:47:09,474 - easytorch-training - INFO - Epoch 49 / 100
2025-08-27 05:47:39,080 - easytorch-training - INFO - Result <train>: [train/time: 29.61 (s), train/lr: 5.00e-05, train/loss: 0.2519, train/MAE: 0.2519, train/MSE: 0.2523]
2025-08-27 05:47:39,081 - easytorch-training - INFO - Start validation.
2025-08-27 05:47:43,455 - easytorch-training - INFO - Result <val>: [val/time: 4.37 (s), val/loss: 0.5304, val/MAE: 0.5304, val/MSE: 0.6385]
2025-08-27 05:47:47,742 - easytorch-training - INFO - Result <test>: [test/time: 4.29 (s), test/loss: 0.4967, test/MAE: 0.4967, test/MSE: 0.5169]
2025-08-27 05:47:47,769 - easytorch-training - INFO - Checkpoint checkpoints/TimesNet/ETTh2_100_336_336/965be52e2f2d9a77c8771797d13906d4/TimesNet_049.pt saved
2025-08-27 05:47:47,769 - easytorch-training - INFO - The estimated training finish time is 2025-08-27 06:18:34
2025-08-27 05:47:47,769 - easytorch-training - INFO - Epoch 50 / 100
2025-08-27 05:48:17,415 - easytorch-training - INFO - Result <train>: [train/time: 29.65 (s), train/lr: 5.00e-05, train/loss: 0.2511, train/MAE: 0.2511, train/MSE: 0.2508]
2025-08-27 05:48:17,416 - easytorch-training - INFO - Start validation.
2025-08-27 05:48:21,787 - easytorch-training - INFO - Result <val>: [val/time: 4.37 (s), val/loss: 0.5314, val/MAE: 0.5314, val/MSE: 0.6418]
2025-08-27 05:48:26,121 - easytorch-training - INFO - Result <test>: [test/time: 4.33 (s), test/loss: 0.4996, test/MAE: 0.4996, test/MSE: 0.5246]
2025-08-27 05:48:26,148 - easytorch-training - INFO - Checkpoint checkpoints/TimesNet/ETTh2_100_336_336/965be52e2f2d9a77c8771797d13906d4/TimesNet_050.pt saved
2025-08-27 05:48:26,156 - easytorch-training - INFO - The estimated training finish time is 2025-08-27 06:18:39
2025-08-27 05:48:26,156 - easytorch-training - INFO - Epoch 51 / 100
2025-08-27 05:48:55,760 - easytorch-training - INFO - Result <train>: [train/time: 29.60 (s), train/lr: 2.50e-05, train/loss: 0.2492, train/MAE: 0.2492, train/MSE: 0.2485]
2025-08-27 05:48:55,761 - easytorch-training - INFO - Start validation.
2025-08-27 05:49:00,110 - easytorch-training - INFO - Result <val>: [val/time: 4.35 (s), val/loss: 0.5312, val/MAE: 0.5312, val/MSE: 0.6399]
2025-08-27 05:49:04,404 - easytorch-training - INFO - Result <test>: [test/time: 4.29 (s), test/loss: 0.5011, test/MAE: 0.5011, test/MSE: 0.5283]
2025-08-27 05:49:04,430 - easytorch-training - INFO - Checkpoint checkpoints/TimesNet/ETTh2_100_336_336/965be52e2f2d9a77c8771797d13906d4/TimesNet_051.pt saved
2025-08-27 05:49:04,430 - easytorch-training - INFO - The estimated training finish time is 2025-08-27 06:18:42
2025-08-27 05:49:04,430 - easytorch-training - INFO - Epoch 52 / 100
2025-08-27 05:49:34,183 - easytorch-training - INFO - Result <train>: [train/time: 29.75 (s), train/lr: 2.50e-05, train/loss: 0.2486, train/MAE: 0.2486, train/MSE: 0.2476]
2025-08-27 05:49:34,184 - easytorch-training - INFO - Start validation.
2025-08-27 05:49:38,565 - easytorch-training - INFO - Result <val>: [val/time: 4.38 (s), val/loss: 0.5284, val/MAE: 0.5284, val/MSE: 0.6333]
2025-08-27 05:49:42,885 - easytorch-training - INFO - Result <test>: [test/time: 4.32 (s), test/loss: 0.4992, test/MAE: 0.4992, test/MSE: 0.5248]
2025-08-27 05:49:42,913 - easytorch-training - INFO - Checkpoint checkpoints/TimesNet/ETTh2_100_336_336/965be52e2f2d9a77c8771797d13906d4/TimesNet_052.pt saved
2025-08-27 05:49:42,913 - easytorch-training - INFO - The estimated training finish time is 2025-08-27 06:18:47
2025-08-27 05:49:42,913 - easytorch-training - INFO - Epoch 53 / 100
2025-08-27 05:50:12,684 - easytorch-training - INFO - Result <train>: [train/time: 29.77 (s), train/lr: 2.50e-05, train/loss: 0.2482, train/MAE: 0.2482, train/MSE: 0.2469]
2025-08-27 05:50:12,685 - easytorch-training - INFO - Start validation.
2025-08-27 05:50:17,019 - easytorch-training - INFO - Result <val>: [val/time: 4.33 (s), val/loss: 0.5331, val/MAE: 0.5331, val/MSE: 0.6425]
2025-08-27 05:50:21,353 - easytorch-training - INFO - Result <test>: [test/time: 4.33 (s), test/loss: 0.4996, test/MAE: 0.4996, test/MSE: 0.5243]
2025-08-27 05:50:21,380 - easytorch-training - INFO - Checkpoint checkpoints/TimesNet/ETTh2_100_336_336/965be52e2f2d9a77c8771797d13906d4/TimesNet_053.pt saved
2025-08-27 05:50:21,380 - easytorch-training - INFO - The estimated training finish time is 2025-08-27 06:18:51
2025-08-27 05:50:21,380 - easytorch-training - INFO - Epoch 54 / 100
2025-08-27 05:50:51,349 - easytorch-training - INFO - Result <train>: [train/time: 29.97 (s), train/lr: 2.50e-05, train/loss: 0.2479, train/MAE: 0.2479, train/MSE: 0.2469]
2025-08-27 05:50:51,350 - easytorch-training - INFO - Start validation.
2025-08-27 05:50:55,719 - easytorch-training - INFO - Result <val>: [val/time: 4.37 (s), val/loss: 0.5322, val/MAE: 0.5322, val/MSE: 0.6398]
2025-08-27 05:51:00,070 - easytorch-training - INFO - Result <test>: [test/time: 4.35 (s), test/loss: 0.5013, test/MAE: 0.5013, test/MSE: 0.5281]
2025-08-27 05:51:00,097 - easytorch-training - INFO - Checkpoint checkpoints/TimesNet/ETTh2_100_336_336/965be52e2f2d9a77c8771797d13906d4/TimesNet_054.pt saved
2025-08-27 05:51:00,097 - easytorch-training - INFO - The estimated training finish time is 2025-08-27 06:18:55
2025-08-27 05:51:00,098 - easytorch-training - INFO - Epoch 55 / 100
2025-08-27 05:51:30,005 - easytorch-training - INFO - Result <train>: [train/time: 29.91 (s), train/lr: 2.50e-05, train/loss: 0.2470, train/MAE: 0.2470, train/MSE: 0.2451]
2025-08-27 05:51:30,006 - easytorch-training - INFO - Start validation.
2025-08-27 05:51:34,333 - easytorch-training - INFO - Result <val>: [val/time: 4.33 (s), val/loss: 0.5314, val/MAE: 0.5314, val/MSE: 0.6383]
2025-08-27 05:51:38,645 - easytorch-training - INFO - Result <test>: [test/time: 4.31 (s), test/loss: 0.5006, test/MAE: 0.5006, test/MSE: 0.5273]
2025-08-27 05:51:38,674 - easytorch-training - INFO - Checkpoint checkpoints/TimesNet/ETTh2_100_336_336/965be52e2f2d9a77c8771797d13906d4/TimesNet_055.pt saved
2025-08-27 05:51:38,675 - easytorch-training - INFO - The estimated training finish time is 2025-08-27 06:18:59
2025-08-27 05:51:38,675 - easytorch-training - INFO - Epoch 56 / 100
2025-08-27 05:52:08,589 - easytorch-training - INFO - Result <train>: [train/time: 29.91 (s), train/lr: 2.50e-05, train/loss: 0.2465, train/MAE: 0.2465, train/MSE: 0.2442]
2025-08-27 05:52:08,591 - easytorch-training - INFO - Start validation.
2025-08-27 05:52:12,937 - easytorch-training - INFO - Result <val>: [val/time: 4.35 (s), val/loss: 0.5348, val/MAE: 0.5348, val/MSE: 0.6430]
2025-08-27 05:52:17,251 - easytorch-training - INFO - Result <test>: [test/time: 4.31 (s), test/loss: 0.5038, test/MAE: 0.5038, test/MSE: 0.5340]
2025-08-27 05:52:17,278 - easytorch-training - INFO - Checkpoint checkpoints/TimesNet/ETTh2_100_336_336/965be52e2f2d9a77c8771797d13906d4/TimesNet_056.pt saved
2025-08-27 05:52:17,278 - easytorch-training - INFO - The estimated training finish time is 2025-08-27 06:19:03
2025-08-27 05:52:17,278 - easytorch-training - INFO - Epoch 57 / 100
2025-08-27 05:52:47,240 - easytorch-training - INFO - Result <train>: [train/time: 29.96 (s), train/lr: 2.50e-05, train/loss: 0.2464, train/MAE: 0.2464, train/MSE: 0.2443]
2025-08-27 05:52:47,241 - easytorch-training - INFO - Start validation.
2025-08-27 05:52:51,617 - easytorch-training - INFO - Result <val>: [val/time: 4.38 (s), val/loss: 0.5330, val/MAE: 0.5330, val/MSE: 0.6421]
2025-08-27 05:52:55,985 - easytorch-training - INFO - Result <test>: [test/time: 4.37 (s), test/loss: 0.4969, test/MAE: 0.4969, test/MSE: 0.5201]
2025-08-27 05:52:56,011 - easytorch-training - INFO - Checkpoint checkpoints/TimesNet/ETTh2_100_336_336/965be52e2f2d9a77c8771797d13906d4/TimesNet_057.pt saved
2025-08-27 05:52:56,011 - easytorch-training - INFO - The estimated training finish time is 2025-08-27 06:19:07
2025-08-27 05:52:56,011 - easytorch-training - INFO - Epoch 58 / 100
2025-08-27 05:53:26,033 - easytorch-training - INFO - Result <train>: [train/time: 30.02 (s), train/lr: 2.50e-05, train/loss: 0.2456, train/MAE: 0.2456, train/MSE: 0.2427]
2025-08-27 05:53:26,034 - easytorch-training - INFO - Start validation.
2025-08-27 05:53:30,400 - easytorch-training - INFO - Result <val>: [val/time: 4.37 (s), val/loss: 0.5359, val/MAE: 0.5359, val/MSE: 0.6481]
2025-08-27 05:53:34,751 - easytorch-training - INFO - Result <test>: [test/time: 4.35 (s), test/loss: 0.5036, test/MAE: 0.5036, test/MSE: 0.5327]
2025-08-27 05:53:34,778 - easytorch-training - INFO - Checkpoint checkpoints/TimesNet/ETTh2_100_336_336/965be52e2f2d9a77c8771797d13906d4/TimesNet_058.pt saved
2025-08-27 05:53:34,778 - easytorch-training - INFO - The estimated training finish time is 2025-08-27 06:19:11
2025-08-27 05:53:34,778 - easytorch-training - INFO - Epoch 59 / 100
2025-08-27 05:54:04,819 - easytorch-training - INFO - Result <train>: [train/time: 30.04 (s), train/lr: 2.50e-05, train/loss: 0.2449, train/MAE: 0.2449, train/MSE: 0.2417]
2025-08-27 05:54:04,820 - easytorch-training - INFO - Start validation.
2025-08-27 05:54:09,232 - easytorch-training - INFO - Result <val>: [val/time: 4.41 (s), val/loss: 0.5345, val/MAE: 0.5345, val/MSE: 0.6434]
2025-08-27 05:54:13,623 - easytorch-training - INFO - Result <test>: [test/time: 4.39 (s), test/loss: 0.5006, test/MAE: 0.5006, test/MSE: 0.5272]
2025-08-27 05:54:13,650 - easytorch-training - INFO - Checkpoint checkpoints/TimesNet/ETTh2_100_336_336/965be52e2f2d9a77c8771797d13906d4/TimesNet_059.pt saved
2025-08-27 05:54:13,650 - easytorch-training - INFO - The estimated training finish time is 2025-08-27 06:19:14
2025-08-27 05:54:13,650 - easytorch-training - INFO - Epoch 60 / 100
2025-08-27 05:54:43,769 - easytorch-training - INFO - Result <train>: [train/time: 30.12 (s), train/lr: 2.50e-05, train/loss: 0.2445, train/MAE: 0.2445, train/MSE: 0.2410]
2025-08-27 05:54:43,769 - easytorch-training - INFO - Start validation.
2025-08-27 05:54:48,151 - easytorch-training - INFO - Result <val>: [val/time: 4.38 (s), val/loss: 0.5345, val/MAE: 0.5345, val/MSE: 0.6452]
2025-08-27 05:54:52,492 - easytorch-training - INFO - Result <test>: [test/time: 4.34 (s), test/loss: 0.5012, test/MAE: 0.5012, test/MSE: 0.5287]
2025-08-27 05:54:52,522 - easytorch-training - INFO - Checkpoint checkpoints/TimesNet/ETTh2_100_336_336/965be52e2f2d9a77c8771797d13906d4/TimesNet_060.pt saved
2025-08-27 05:54:52,529 - easytorch-training - INFO - The estimated training finish time is 2025-08-27 06:19:18
2025-08-27 05:54:52,530 - easytorch-training - INFO - Epoch 61 / 100
2025-08-27 05:55:22,609 - easytorch-training - INFO - Result <train>: [train/time: 30.08 (s), train/lr: 2.50e-05, train/loss: 0.2438, train/MAE: 0.2438, train/MSE: 0.2399]
2025-08-27 05:55:22,610 - easytorch-training - INFO - Start validation.
2025-08-27 05:55:27,081 - easytorch-training - INFO - Result <val>: [val/time: 4.47 (s), val/loss: 0.5316, val/MAE: 0.5316, val/MSE: 0.6351]
2025-08-27 05:55:31,524 - easytorch-training - INFO - Result <test>: [test/time: 4.44 (s), test/loss: 0.5026, test/MAE: 0.5026, test/MSE: 0.5320]
2025-08-27 05:55:31,552 - easytorch-training - INFO - Checkpoint checkpoints/TimesNet/ETTh2_100_336_336/965be52e2f2d9a77c8771797d13906d4/TimesNet_061.pt saved
2025-08-27 05:55:31,553 - easytorch-training - INFO - The estimated training finish time is 2025-08-27 06:19:22
2025-08-27 05:55:31,553 - easytorch-training - INFO - Epoch 62 / 100
2025-08-27 05:56:01,551 - easytorch-training - INFO - Result <train>: [train/time: 30.00 (s), train/lr: 2.50e-05, train/loss: 0.2433, train/MAE: 0.2433, train/MSE: 0.2392]
2025-08-27 05:56:01,553 - easytorch-training - INFO - Start validation.
2025-08-27 05:56:05,949 - easytorch-training - INFO - Result <val>: [val/time: 4.40 (s), val/loss: 0.5361, val/MAE: 0.5361, val/MSE: 0.6464]
2025-08-27 05:56:10,377 - easytorch-training - INFO - Result <test>: [test/time: 4.43 (s), test/loss: 0.5051, test/MAE: 0.5051, test/MSE: 0.5363]
2025-08-27 05:56:10,404 - easytorch-training - INFO - Checkpoint checkpoints/TimesNet/ETTh2_100_336_336/965be52e2f2d9a77c8771797d13906d4/TimesNet_062.pt saved
2025-08-27 05:56:10,404 - easytorch-training - INFO - The estimated training finish time is 2025-08-27 06:19:26
2025-08-27 05:56:10,404 - easytorch-training - INFO - Epoch 63 / 100
2025-08-27 05:56:40,428 - easytorch-training - INFO - Result <train>: [train/time: 30.02 (s), train/lr: 2.50e-05, train/loss: 0.2428, train/MAE: 0.2428, train/MSE: 0.2384]
2025-08-27 05:56:40,429 - easytorch-training - INFO - Start validation.
2025-08-27 05:56:44,822 - easytorch-training - INFO - Result <val>: [val/time: 4.39 (s), val/loss: 0.5366, val/MAE: 0.5366, val/MSE: 0.6470]
2025-08-27 05:56:49,250 - easytorch-training - INFO - Result <test>: [test/time: 4.43 (s), test/loss: 0.5060, test/MAE: 0.5060, test/MSE: 0.5380]
2025-08-27 05:56:49,277 - easytorch-training - INFO - Checkpoint checkpoints/TimesNet/ETTh2_100_336_336/965be52e2f2d9a77c8771797d13906d4/TimesNet_063.pt saved
2025-08-27 05:56:49,277 - easytorch-training - INFO - The estimated training finish time is 2025-08-27 06:19:29
2025-08-27 05:56:49,277 - easytorch-training - INFO - Epoch 64 / 100
2025-08-27 05:57:19,330 - easytorch-training - INFO - Result <train>: [train/time: 30.05 (s), train/lr: 2.50e-05, train/loss: 0.2423, train/MAE: 0.2423, train/MSE: 0.2376]
2025-08-27 05:57:19,331 - easytorch-training - INFO - Start validation.
2025-08-27 05:57:23,755 - easytorch-training - INFO - Result <val>: [val/time: 4.42 (s), val/loss: 0.5311, val/MAE: 0.5311, val/MSE: 0.6313]
2025-08-27 05:57:28,181 - easytorch-training - INFO - Result <test>: [test/time: 4.42 (s), test/loss: 0.5052, test/MAE: 0.5052, test/MSE: 0.5378]
2025-08-27 05:57:28,209 - easytorch-training - INFO - Checkpoint checkpoints/TimesNet/ETTh2_100_336_336/965be52e2f2d9a77c8771797d13906d4/TimesNet_064.pt saved
2025-08-27 05:57:28,209 - easytorch-training - INFO - The estimated training finish time is 2025-08-27 06:19:32
2025-08-27 05:57:28,209 - easytorch-training - INFO - Epoch 65 / 100
2025-08-27 05:57:58,237 - easytorch-training - INFO - Result <train>: [train/time: 30.03 (s), train/lr: 2.50e-05, train/loss: 0.2418, train/MAE: 0.2418, train/MSE: 0.2368]
2025-08-27 05:57:58,239 - easytorch-training - INFO - Start validation.
2025-08-27 05:58:02,645 - easytorch-training - INFO - Result <val>: [val/time: 4.41 (s), val/loss: 0.5340, val/MAE: 0.5340, val/MSE: 0.6401]
2025-08-27 05:58:07,080 - easytorch-training - INFO - Result <test>: [test/time: 4.43 (s), test/loss: 0.5048, test/MAE: 0.5048, test/MSE: 0.5355]
2025-08-27 05:58:07,108 - easytorch-training - INFO - Checkpoint checkpoints/TimesNet/ETTh2_100_336_336/965be52e2f2d9a77c8771797d13906d4/TimesNet_065.pt saved
2025-08-27 05:58:07,108 - easytorch-training - INFO - The estimated training finish time is 2025-08-27 06:19:36
2025-08-27 05:58:07,108 - easytorch-training - INFO - Epoch 66 / 100
2025-08-27 05:58:37,159 - easytorch-training - INFO - Result <train>: [train/time: 30.05 (s), train/lr: 2.50e-05, train/loss: 0.2413, train/MAE: 0.2413, train/MSE: 0.2361]
2025-08-27 05:58:37,161 - easytorch-training - INFO - Start validation.
2025-08-27 05:58:41,541 - easytorch-training - INFO - Result <val>: [val/time: 4.38 (s), val/loss: 0.5354, val/MAE: 0.5354, val/MSE: 0.6415]
2025-08-27 05:58:45,919 - easytorch-training - INFO - Result <test>: [test/time: 4.38 (s), test/loss: 0.5057, test/MAE: 0.5057, test/MSE: 0.5380]
2025-08-27 05:58:45,946 - easytorch-training - INFO - Checkpoint checkpoints/TimesNet/ETTh2_100_336_336/965be52e2f2d9a77c8771797d13906d4/TimesNet_066.pt saved
2025-08-27 05:58:45,946 - easytorch-training - INFO - The estimated training finish time is 2025-08-27 06:19:39
2025-08-27 05:58:45,946 - easytorch-training - INFO - Epoch 67 / 100
2025-08-27 05:59:16,017 - easytorch-training - INFO - Result <train>: [train/time: 30.07 (s), train/lr: 2.50e-05, train/loss: 0.2407, train/MAE: 0.2407, train/MSE: 0.2351]
2025-08-27 05:59:16,019 - easytorch-training - INFO - Start validation.
2025-08-27 05:59:20,322 - easytorch-training - INFO - Result <val>: [val/time: 4.30 (s), val/loss: 0.5344, val/MAE: 0.5344, val/MSE: 0.6387]
2025-08-27 05:59:24,710 - easytorch-training - INFO - Result <test>: [test/time: 4.39 (s), test/loss: 0.5070, test/MAE: 0.5070, test/MSE: 0.5411]
2025-08-27 05:59:24,736 - easytorch-training - INFO - Checkpoint checkpoints/TimesNet/ETTh2_100_336_336/965be52e2f2d9a77c8771797d13906d4/TimesNet_067.pt saved
2025-08-27 05:59:24,736 - easytorch-training - INFO - The estimated training finish time is 2025-08-27 06:19:42
2025-08-27 05:59:24,736 - easytorch-training - INFO - Epoch 68 / 100
2025-08-27 05:59:54,842 - easytorch-training - INFO - Result <train>: [train/time: 30.11 (s), train/lr: 2.50e-05, train/loss: 0.2411, train/MAE: 0.2411, train/MSE: 0.2377]
2025-08-27 05:59:54,843 - easytorch-training - INFO - Start validation.
2025-08-27 05:59:59,257 - easytorch-training - INFO - Result <val>: [val/time: 4.41 (s), val/loss: 0.5403, val/MAE: 0.5403, val/MSE: 0.6525]
2025-08-27 06:00:03,686 - easytorch-training - INFO - Result <test>: [test/time: 4.43 (s), test/loss: 0.5072, test/MAE: 0.5072, test/MSE: 0.5401]
2025-08-27 06:00:03,712 - easytorch-training - INFO - Checkpoint checkpoints/TimesNet/ETTh2_100_336_336/965be52e2f2d9a77c8771797d13906d4/TimesNet_068.pt saved
2025-08-27 06:00:03,712 - easytorch-training - INFO - The estimated training finish time is 2025-08-27 06:19:45
2025-08-27 06:00:03,712 - easytorch-training - INFO - Epoch 69 / 100
2025-08-27 06:00:33,737 - easytorch-training - INFO - Result <train>: [train/time: 30.02 (s), train/lr: 2.50e-05, train/loss: 0.2397, train/MAE: 0.2397, train/MSE: 0.2335]
2025-08-27 06:00:33,738 - easytorch-training - INFO - Start validation.
2025-08-27 06:00:38,162 - easytorch-training - INFO - Result <val>: [val/time: 4.42 (s), val/loss: 0.5391, val/MAE: 0.5391, val/MSE: 0.6485]
2025-08-27 06:00:42,559 - easytorch-training - INFO - Result <test>: [test/time: 4.40 (s), test/loss: 0.5068, test/MAE: 0.5068, test/MSE: 0.5398]
2025-08-27 06:00:42,586 - easytorch-training - INFO - Checkpoint checkpoints/TimesNet/ETTh2_100_336_336/965be52e2f2d9a77c8771797d13906d4/TimesNet_069.pt saved
2025-08-27 06:00:42,586 - easytorch-training - INFO - The estimated training finish time is 2025-08-27 06:19:47
2025-08-27 06:00:42,587 - easytorch-training - INFO - Epoch 70 / 100
2025-08-27 06:01:12,674 - easytorch-training - INFO - Result <train>: [train/time: 30.09 (s), train/lr: 2.50e-05, train/loss: 0.2390, train/MAE: 0.2390, train/MSE: 0.2327]
2025-08-27 06:01:12,675 - easytorch-training - INFO - Start validation.
2025-08-27 06:01:17,043 - easytorch-training - INFO - Result <val>: [val/time: 4.37 (s), val/loss: 0.5409, val/MAE: 0.5409, val/MSE: 0.6527]
2025-08-27 06:01:21,430 - easytorch-training - INFO - Result <test>: [test/time: 4.39 (s), test/loss: 0.5093, test/MAE: 0.5093, test/MSE: 0.5451]
2025-08-27 06:01:21,457 - easytorch-training - INFO - Checkpoint checkpoints/TimesNet/ETTh2_100_336_336/965be52e2f2d9a77c8771797d13906d4/TimesNet_070.pt saved
2025-08-27 06:01:21,465 - easytorch-training - INFO - The estimated training finish time is 2025-08-27 06:19:50
2025-08-27 06:01:21,465 - easytorch-training - INFO - Epoch 71 / 100
2025-08-27 06:01:51,577 - easytorch-training - INFO - Result <train>: [train/time: 30.11 (s), train/lr: 2.50e-05, train/loss: 0.2388, train/MAE: 0.2388, train/MSE: 0.2320]
2025-08-27 06:01:51,578 - easytorch-training - INFO - Start validation.
2025-08-27 06:01:55,985 - easytorch-training - INFO - Result <val>: [val/time: 4.41 (s), val/loss: 0.5368, val/MAE: 0.5368, val/MSE: 0.6416]
2025-08-27 06:02:00,408 - easytorch-training - INFO - Result <test>: [test/time: 4.42 (s), test/loss: 0.5072, test/MAE: 0.5072, test/MSE: 0.5399]
2025-08-27 06:02:00,434 - easytorch-training - INFO - Checkpoint checkpoints/TimesNet/ETTh2_100_336_336/965be52e2f2d9a77c8771797d13906d4/TimesNet_071.pt saved
2025-08-27 06:02:00,435 - easytorch-training - INFO - The estimated training finish time is 2025-08-27 06:19:53
2025-08-27 06:02:00,435 - easytorch-training - INFO - Epoch 72 / 100
2025-08-27 06:02:30,478 - easytorch-training - INFO - Result <train>: [train/time: 30.04 (s), train/lr: 2.50e-05, train/loss: 0.2385, train/MAE: 0.2385, train/MSE: 0.2333]
2025-08-27 06:02:30,479 - easytorch-training - INFO - Start validation.
2025-08-27 06:02:34,856 - easytorch-training - INFO - Result <val>: [val/time: 4.38 (s), val/loss: 0.5332, val/MAE: 0.5332, val/MSE: 0.6350]
2025-08-27 06:02:39,264 - easytorch-training - INFO - Result <test>: [test/time: 4.41 (s), test/loss: 0.5079, test/MAE: 0.5079, test/MSE: 0.5433]
2025-08-27 06:02:39,291 - easytorch-training - INFO - Checkpoint checkpoints/TimesNet/ETTh2_100_336_336/965be52e2f2d9a77c8771797d13906d4/TimesNet_072.pt saved
2025-08-27 06:02:39,291 - easytorch-training - INFO - The estimated training finish time is 2025-08-27 06:19:56
2025-08-27 06:02:39,291 - easytorch-training - INFO - Epoch 73 / 100
2025-08-27 06:03:09,366 - easytorch-training - INFO - Result <train>: [train/time: 30.07 (s), train/lr: 2.50e-05, train/loss: 0.2381, train/MAE: 0.2381, train/MSE: 0.2327]
2025-08-27 06:03:09,367 - easytorch-training - INFO - Start validation.
2025-08-27 06:03:13,748 - easytorch-training - INFO - Result <val>: [val/time: 4.38 (s), val/loss: 0.5408, val/MAE: 0.5408, val/MSE: 0.6516]
2025-08-27 06:03:18,166 - easytorch-training - INFO - Result <test>: [test/time: 4.42 (s), test/loss: 0.5065, test/MAE: 0.5065, test/MSE: 0.5382]
2025-08-27 06:03:18,192 - easytorch-training - INFO - Checkpoint checkpoints/TimesNet/ETTh2_100_336_336/965be52e2f2d9a77c8771797d13906d4/TimesNet_073.pt saved
2025-08-27 06:03:18,192 - easytorch-training - INFO - The estimated training finish time is 2025-08-27 06:19:58
2025-08-27 06:03:18,192 - easytorch-training - INFO - Epoch 74 / 100
2025-08-27 06:03:48,265 - easytorch-training - INFO - Result <train>: [train/time: 30.07 (s), train/lr: 2.50e-05, train/loss: 0.2374, train/MAE: 0.2374, train/MSE: 0.2300]
2025-08-27 06:03:48,266 - easytorch-training - INFO - Start validation.
2025-08-27 06:03:52,643 - easytorch-training - INFO - Result <val>: [val/time: 4.38 (s), val/loss: 0.5380, val/MAE: 0.5380, val/MSE: 0.6440]
2025-08-27 06:03:57,075 - easytorch-training - INFO - Result <test>: [test/time: 4.43 (s), test/loss: 0.5073, test/MAE: 0.5073, test/MSE: 0.5392]
2025-08-27 06:03:57,101 - easytorch-training - INFO - Checkpoint checkpoints/TimesNet/ETTh2_100_336_336/965be52e2f2d9a77c8771797d13906d4/TimesNet_074.pt saved
2025-08-27 06:03:57,101 - easytorch-training - INFO - The estimated training finish time is 2025-08-27 06:20:01
2025-08-27 06:03:57,101 - easytorch-training - INFO - Epoch 75 / 100
2025-08-27 06:04:27,163 - easytorch-training - INFO - Result <train>: [train/time: 30.06 (s), train/lr: 2.50e-05, train/loss: 0.2366, train/MAE: 0.2366, train/MSE: 0.2290]
2025-08-27 06:04:27,163 - easytorch-training - INFO - Start validation.
2025-08-27 06:04:31,546 - easytorch-training - INFO - Result <val>: [val/time: 4.38 (s), val/loss: 0.5350, val/MAE: 0.5350, val/MSE: 0.6367]
2025-08-27 06:04:35,952 - easytorch-training - INFO - Result <test>: [test/time: 4.41 (s), test/loss: 0.5085, test/MAE: 0.5085, test/MSE: 0.5433]
2025-08-27 06:04:35,978 - easytorch-training - INFO - Checkpoint checkpoints/TimesNet/ETTh2_100_336_336/965be52e2f2d9a77c8771797d13906d4/TimesNet_075.pt saved
2025-08-27 06:04:35,978 - easytorch-training - INFO - The estimated training finish time is 2025-08-27 06:20:03
2025-08-27 06:04:35,978 - easytorch-training - INFO - Epoch 76 / 100
2025-08-27 06:05:05,998 - easytorch-training - INFO - Result <train>: [train/time: 30.02 (s), train/lr: 2.50e-05, train/loss: 0.2365, train/MAE: 0.2365, train/MSE: 0.2295]
2025-08-27 06:05:05,998 - easytorch-training - INFO - Start validation.
2025-08-27 06:05:10,493 - easytorch-training - INFO - Result <val>: [val/time: 4.49 (s), val/loss: 0.5354, val/MAE: 0.5354, val/MSE: 0.6357]
2025-08-27 06:05:14,924 - easytorch-training - INFO - Result <test>: [test/time: 4.43 (s), test/loss: 0.5061, test/MAE: 0.5061, test/MSE: 0.5386]
2025-08-27 06:05:14,952 - easytorch-training - INFO - Checkpoint checkpoints/TimesNet/ETTh2_100_336_336/965be52e2f2d9a77c8771797d13906d4/TimesNet_076.pt saved
2025-08-27 06:05:14,953 - easytorch-training - INFO - The estimated training finish time is 2025-08-27 06:20:06
2025-08-27 06:05:14,953 - easytorch-training - INFO - Epoch 77 / 100
2025-08-27 06:05:44,966 - easytorch-training - INFO - Result <train>: [train/time: 30.01 (s), train/lr: 2.50e-05, train/loss: 0.2358, train/MAE: 0.2358, train/MSE: 0.2277]
2025-08-27 06:05:44,967 - easytorch-training - INFO - Start validation.
2025-08-27 06:05:49,463 - easytorch-training - INFO - Result <val>: [val/time: 4.50 (s), val/loss: 0.5359, val/MAE: 0.5359, val/MSE: 0.6379]
2025-08-27 06:05:53,885 - easytorch-training - INFO - Result <test>: [test/time: 4.42 (s), test/loss: 0.5068, test/MAE: 0.5068, test/MSE: 0.5398]
2025-08-27 06:05:53,912 - easytorch-training - INFO - Checkpoint checkpoints/TimesNet/ETTh2_100_336_336/965be52e2f2d9a77c8771797d13906d4/TimesNet_077.pt saved
2025-08-27 06:05:53,912 - easytorch-training - INFO - The estimated training finish time is 2025-08-27 06:20:08
2025-08-27 06:05:53,912 - easytorch-training - INFO - Epoch 78 / 100
2025-08-27 06:06:23,974 - easytorch-training - INFO - Result <train>: [train/time: 30.06 (s), train/lr: 2.50e-05, train/loss: 0.2353, train/MAE: 0.2353, train/MSE: 0.2269]
2025-08-27 06:06:23,976 - easytorch-training - INFO - Start validation.
2025-08-27 06:06:28,457 - easytorch-training - INFO - Result <val>: [val/time: 4.48 (s), val/loss: 0.5378, val/MAE: 0.5378, val/MSE: 0.6415]
2025-08-27 06:06:32,875 - easytorch-training - INFO - Result <test>: [test/time: 4.42 (s), test/loss: 0.5070, test/MAE: 0.5070, test/MSE: 0.5403]
2025-08-27 06:06:32,903 - easytorch-training - INFO - Checkpoint checkpoints/TimesNet/ETTh2_100_336_336/965be52e2f2d9a77c8771797d13906d4/TimesNet_078.pt saved
2025-08-27 06:06:32,903 - easytorch-training - INFO - The estimated training finish time is 2025-08-27 06:20:10
2025-08-27 06:06:32,903 - easytorch-training - INFO - Epoch 79 / 100
2025-08-27 06:07:02,935 - easytorch-training - INFO - Result <train>: [train/time: 30.03 (s), train/lr: 2.50e-05, train/loss: 0.2348, train/MAE: 0.2348, train/MSE: 0.2262]
2025-08-27 06:07:02,936 - easytorch-training - INFO - Start validation.
2025-08-27 06:07:07,347 - easytorch-training - INFO - Result <val>: [val/time: 4.41 (s), val/loss: 0.5416, val/MAE: 0.5416, val/MSE: 0.6520]
2025-08-27 06:07:11,785 - easytorch-training - INFO - Result <test>: [test/time: 4.44 (s), test/loss: 0.5119, test/MAE: 0.5119, test/MSE: 0.5506]
2025-08-27 06:07:11,811 - easytorch-training - INFO - Checkpoint checkpoints/TimesNet/ETTh2_100_336_336/965be52e2f2d9a77c8771797d13906d4/TimesNet_079.pt saved
2025-08-27 06:07:11,811 - easytorch-training - INFO - The estimated training finish time is 2025-08-27 06:20:12
2025-08-27 06:07:11,811 - easytorch-training - INFO - Epoch 80 / 100
2025-08-27 06:07:41,860 - easytorch-training - INFO - Result <train>: [train/time: 30.05 (s), train/lr: 2.50e-05, train/loss: 0.2344, train/MAE: 0.2344, train/MSE: 0.2254]
2025-08-27 06:07:41,861 - easytorch-training - INFO - Start validation.
2025-08-27 06:07:46,334 - easytorch-training - INFO - Result <val>: [val/time: 4.47 (s), val/loss: 0.5421, val/MAE: 0.5421, val/MSE: 0.6508]
2025-08-27 06:07:50,747 - easytorch-training - INFO - Result <test>: [test/time: 4.41 (s), test/loss: 0.5097, test/MAE: 0.5097, test/MSE: 0.5458]
2025-08-27 06:07:50,775 - easytorch-training - INFO - Checkpoint checkpoints/TimesNet/ETTh2_100_336_336/965be52e2f2d9a77c8771797d13906d4/TimesNet_080.pt saved
2025-08-27 06:07:50,783 - easytorch-training - INFO - The estimated training finish time is 2025-08-27 06:20:15
2025-08-27 06:07:50,783 - easytorch-training - INFO - Epoch 81 / 100
2025-08-27 06:08:20,816 - easytorch-training - INFO - Result <train>: [train/time: 30.03 (s), train/lr: 2.50e-05, train/loss: 0.2339, train/MAE: 0.2339, train/MSE: 0.2249]
2025-08-27 06:08:20,817 - easytorch-training - INFO - Start validation.
2025-08-27 06:08:25,257 - easytorch-training - INFO - Result <val>: [val/time: 4.44 (s), val/loss: 0.5403, val/MAE: 0.5403, val/MSE: 0.6472]
2025-08-27 06:08:29,632 - easytorch-training - INFO - Result <test>: [test/time: 4.37 (s), test/loss: 0.5098, test/MAE: 0.5098, test/MSE: 0.5449]
2025-08-27 06:08:29,659 - easytorch-training - INFO - Checkpoint checkpoints/TimesNet/ETTh2_100_336_336/965be52e2f2d9a77c8771797d13906d4/TimesNet_081.pt saved
2025-08-27 06:08:29,660 - easytorch-training - INFO - The estimated training finish time is 2025-08-27 06:20:17
2025-08-27 06:08:29,660 - easytorch-training - INFO - Epoch 82 / 100
2025-08-27 06:08:59,562 - easytorch-training - INFO - Result <train>: [train/time: 29.90 (s), train/lr: 2.50e-05, train/loss: 0.2333, train/MAE: 0.2333, train/MSE: 0.2241]
2025-08-27 06:08:59,563 - easytorch-training - INFO - Start validation.
2025-08-27 06:09:04,023 - easytorch-training - INFO - Result <val>: [val/time: 4.46 (s), val/loss: 0.5388, val/MAE: 0.5388, val/MSE: 0.6429]
2025-08-27 06:09:08,367 - easytorch-training - INFO - Result <test>: [test/time: 4.34 (s), test/loss: 0.5092, test/MAE: 0.5092, test/MSE: 0.5440]
2025-08-27 06:09:08,392 - easytorch-training - INFO - Checkpoint checkpoints/TimesNet/ETTh2_100_336_336/965be52e2f2d9a77c8771797d13906d4/TimesNet_082.pt saved
2025-08-27 06:09:08,393 - easytorch-training - INFO - The estimated training finish time is 2025-08-27 06:20:19
2025-08-27 06:09:08,393 - easytorch-training - INFO - Epoch 83 / 100
2025-08-27 06:09:38,235 - easytorch-training - INFO - Result <train>: [train/time: 29.84 (s), train/lr: 2.50e-05, train/loss: 0.2329, train/MAE: 0.2329, train/MSE: 0.2235]
2025-08-27 06:09:38,236 - easytorch-training - INFO - Start validation.
2025-08-27 06:09:42,661 - easytorch-training - INFO - Result <val>: [val/time: 4.43 (s), val/loss: 0.5414, val/MAE: 0.5414, val/MSE: 0.6486]
2025-08-27 06:09:47,007 - easytorch-training - INFO - Result <test>: [test/time: 4.35 (s), test/loss: 0.5097, test/MAE: 0.5097, test/MSE: 0.5455]
2025-08-27 06:09:47,033 - easytorch-training - INFO - Checkpoint checkpoints/TimesNet/ETTh2_100_336_336/965be52e2f2d9a77c8771797d13906d4/TimesNet_083.pt saved
2025-08-27 06:09:47,034 - easytorch-training - INFO - The estimated training finish time is 2025-08-27 06:20:20
2025-08-27 06:09:47,034 - easytorch-training - INFO - Epoch 84 / 100
2025-08-27 06:10:17,041 - easytorch-training - INFO - Result <train>: [train/time: 30.01 (s), train/lr: 2.50e-05, train/loss: 0.2325, train/MAE: 0.2325, train/MSE: 0.2228]
2025-08-27 06:10:17,043 - easytorch-training - INFO - Start validation.
2025-08-27 06:10:21,489 - easytorch-training - INFO - Result <val>: [val/time: 4.45 (s), val/loss: 0.5392, val/MAE: 0.5392, val/MSE: 0.6423]
2025-08-27 06:10:25,847 - easytorch-training - INFO - Result <test>: [test/time: 4.36 (s), test/loss: 0.5112, test/MAE: 0.5112, test/MSE: 0.5486]
2025-08-27 06:10:25,875 - easytorch-training - INFO - Checkpoint checkpoints/TimesNet/ETTh2_100_336_336/965be52e2f2d9a77c8771797d13906d4/TimesNet_084.pt saved
2025-08-27 06:10:25,875 - easytorch-training - INFO - The estimated training finish time is 2025-08-27 06:20:22
2025-08-27 06:10:25,876 - easytorch-training - INFO - Epoch 85 / 100
2025-08-27 06:10:55,920 - easytorch-training - INFO - Result <train>: [train/time: 30.04 (s), train/lr: 2.50e-05, train/loss: 0.2324, train/MAE: 0.2324, train/MSE: 0.2234]
2025-08-27 06:10:55,921 - easytorch-training - INFO - Start validation.
2025-08-27 06:11:00,343 - easytorch-training - INFO - Result <val>: [val/time: 4.42 (s), val/loss: 0.5368, val/MAE: 0.5368, val/MSE: 0.6371]
2025-08-27 06:11:04,695 - easytorch-training - INFO - Result <test>: [test/time: 4.35 (s), test/loss: 0.5121, test/MAE: 0.5121, test/MSE: 0.5514]
2025-08-27 06:11:04,722 - easytorch-training - INFO - Checkpoint checkpoints/TimesNet/ETTh2_100_336_336/965be52e2f2d9a77c8771797d13906d4/TimesNet_085.pt saved
2025-08-27 06:11:04,722 - easytorch-training - INFO - The estimated training finish time is 2025-08-27 06:20:24
2025-08-27 06:11:04,722 - easytorch-training - INFO - Epoch 86 / 100
2025-08-27 06:11:34,705 - easytorch-training - INFO - Result <train>: [train/time: 29.98 (s), train/lr: 2.50e-05, train/loss: 0.2316, train/MAE: 0.2316, train/MSE: 0.2215]
2025-08-27 06:11:34,707 - easytorch-training - INFO - Start validation.
2025-08-27 06:11:39,177 - easytorch-training - INFO - Result <val>: [val/time: 4.47 (s), val/loss: 0.5453, val/MAE: 0.5453, val/MSE: 0.6542]
2025-08-27 06:11:43,592 - easytorch-training - INFO - Result <test>: [test/time: 4.41 (s), test/loss: 0.5112, test/MAE: 0.5112, test/MSE: 0.5469]
2025-08-27 06:11:43,620 - easytorch-training - INFO - Checkpoint checkpoints/TimesNet/ETTh2_100_336_336/965be52e2f2d9a77c8771797d13906d4/TimesNet_086.pt saved
2025-08-27 06:11:43,620 - easytorch-training - INFO - The estimated training finish time is 2025-08-27 06:20:26
2025-08-27 06:11:43,620 - easytorch-training - INFO - Epoch 87 / 100
2025-08-27 06:12:13,634 - easytorch-training - INFO - Result <train>: [train/time: 30.01 (s), train/lr: 2.50e-05, train/loss: 0.2312, train/MAE: 0.2312, train/MSE: 0.2209]
2025-08-27 06:12:13,635 - easytorch-training - INFO - Start validation.
2025-08-27 06:12:18,084 - easytorch-training - INFO - Result <val>: [val/time: 4.45 (s), val/loss: 0.5424, val/MAE: 0.5424, val/MSE: 0.6476]
2025-08-27 06:12:22,453 - easytorch-training - INFO - Result <test>: [test/time: 4.37 (s), test/loss: 0.5115, test/MAE: 0.5115, test/MSE: 0.5484]
2025-08-27 06:12:22,479 - easytorch-training - INFO - Checkpoint checkpoints/TimesNet/ETTh2_100_336_336/965be52e2f2d9a77c8771797d13906d4/TimesNet_087.pt saved
2025-08-27 06:12:22,479 - easytorch-training - INFO - The estimated training finish time is 2025-08-27 06:20:27
2025-08-27 06:12:22,479 - easytorch-training - INFO - Epoch 88 / 100
2025-08-27 06:12:52,485 - easytorch-training - INFO - Result <train>: [train/time: 30.01 (s), train/lr: 2.50e-05, train/loss: 0.2308, train/MAE: 0.2308, train/MSE: 0.2204]
2025-08-27 06:12:52,486 - easytorch-training - INFO - Start validation.
2025-08-27 06:12:56,926 - easytorch-training - INFO - Result <val>: [val/time: 4.44 (s), val/loss: 0.5444, val/MAE: 0.5444, val/MSE: 0.6519]
2025-08-27 06:13:01,316 - easytorch-training - INFO - Result <test>: [test/time: 4.39 (s), test/loss: 0.5128, test/MAE: 0.5128, test/MSE: 0.5513]
2025-08-27 06:13:01,341 - easytorch-training - INFO - Checkpoint checkpoints/TimesNet/ETTh2_100_336_336/965be52e2f2d9a77c8771797d13906d4/TimesNet_088.pt saved
2025-08-27 06:13:01,342 - easytorch-training - INFO - The estimated training finish time is 2025-08-27 06:20:29
2025-08-27 06:13:01,342 - easytorch-training - INFO - Epoch 89 / 100
2025-08-27 06:13:31,337 - easytorch-training - INFO - Result <train>: [train/time: 30.00 (s), train/lr: 2.50e-05, train/loss: 0.2302, train/MAE: 0.2302, train/MSE: 0.2196]
2025-08-27 06:13:31,338 - easytorch-training - INFO - Start validation.
2025-08-27 06:13:35,811 - easytorch-training - INFO - Result <val>: [val/time: 4.47 (s), val/loss: 0.5442, val/MAE: 0.5442, val/MSE: 0.6504]
2025-08-27 06:13:40,215 - easytorch-training - INFO - Result <test>: [test/time: 4.40 (s), test/loss: 0.5108, test/MAE: 0.5108, test/MSE: 0.5469]
2025-08-27 06:13:40,240 - easytorch-training - INFO - Checkpoint checkpoints/TimesNet/ETTh2_100_336_336/965be52e2f2d9a77c8771797d13906d4/TimesNet_089.pt saved
2025-08-27 06:13:40,241 - easytorch-training - INFO - The estimated training finish time is 2025-08-27 06:20:31
2025-08-27 06:13:40,241 - easytorch-training - INFO - Epoch 90 / 100
2025-08-27 06:14:10,289 - easytorch-training - INFO - Result <train>: [train/time: 30.05 (s), train/lr: 2.50e-05, train/loss: 0.2299, train/MAE: 0.2299, train/MSE: 0.2191]
2025-08-27 06:14:10,290 - easytorch-training - INFO - Start validation.
2025-08-27 06:14:14,787 - easytorch-training - INFO - Result <val>: [val/time: 4.50 (s), val/loss: 0.5383, val/MAE: 0.5383, val/MSE: 0.6371]
2025-08-27 06:14:19,180 - easytorch-training - INFO - Result <test>: [test/time: 4.39 (s), test/loss: 0.5112, test/MAE: 0.5112, test/MSE: 0.5480]
2025-08-27 06:14:19,206 - easytorch-training - INFO - Checkpoint checkpoints/TimesNet/ETTh2_100_336_336/965be52e2f2d9a77c8771797d13906d4/TimesNet_090.pt saved
2025-08-27 06:14:19,215 - easytorch-training - INFO - The estimated training finish time is 2025-08-27 06:20:33
2025-08-27 06:14:19,215 - easytorch-training - INFO - Epoch 91 / 100
2025-08-27 06:14:49,267 - easytorch-training - INFO - Result <train>: [train/time: 30.05 (s), train/lr: 2.50e-05, train/loss: 0.2296, train/MAE: 0.2296, train/MSE: 0.2185]
2025-08-27 06:14:49,268 - easytorch-training - INFO - Start validation.
2025-08-27 06:14:53,786 - easytorch-training - INFO - Result <val>: [val/time: 4.52 (s), val/loss: 0.5401, val/MAE: 0.5401, val/MSE: 0.6407]
2025-08-27 06:14:58,172 - easytorch-training - INFO - Result <test>: [test/time: 4.38 (s), test/loss: 0.5122, test/MAE: 0.5122, test/MSE: 0.5501]
2025-08-27 06:14:58,198 - easytorch-training - INFO - Checkpoint checkpoints/TimesNet/ETTh2_100_336_336/965be52e2f2d9a77c8771797d13906d4/TimesNet_091.pt saved
2025-08-27 06:14:58,198 - easytorch-training - INFO - The estimated training finish time is 2025-08-27 06:20:34
2025-08-27 06:14:58,198 - easytorch-training - INFO - Epoch 92 / 100
2025-08-27 06:15:28,316 - easytorch-training - INFO - Result <train>: [train/time: 30.12 (s), train/lr: 2.50e-05, train/loss: 0.2290, train/MAE: 0.2290, train/MSE: 0.2178]
2025-08-27 06:15:28,318 - easytorch-training - INFO - Start validation.
2025-08-27 06:15:32,774 - easytorch-training - INFO - Result <val>: [val/time: 4.46 (s), val/loss: 0.5404, val/MAE: 0.5404, val/MSE: 0.6428]
2025-08-27 06:15:37,174 - easytorch-training - INFO - Result <test>: [test/time: 4.40 (s), test/loss: 0.5154, test/MAE: 0.5154, test/MSE: 0.5573]
2025-08-27 06:15:37,202 - easytorch-training - INFO - Checkpoint checkpoints/TimesNet/ETTh2_100_336_336/965be52e2f2d9a77c8771797d13906d4/TimesNet_092.pt saved
2025-08-27 06:15:37,202 - easytorch-training - INFO - The estimated training finish time is 2025-08-27 06:20:36
2025-08-27 06:15:37,202 - easytorch-training - INFO - Epoch 93 / 100
2025-08-27 06:16:07,355 - easytorch-training - INFO - Result <train>: [train/time: 30.15 (s), train/lr: 2.50e-05, train/loss: 0.2288, train/MAE: 0.2288, train/MSE: 0.2185]
2025-08-27 06:16:07,355 - easytorch-training - INFO - Start validation.
2025-08-27 06:16:11,802 - easytorch-training - INFO - Result <val>: [val/time: 4.45 (s), val/loss: 0.5390, val/MAE: 0.5390, val/MSE: 0.6414]
2025-08-27 06:16:16,197 - easytorch-training - INFO - Result <test>: [test/time: 4.39 (s), test/loss: 0.5100, test/MAE: 0.5100, test/MSE: 0.5454]
2025-08-27 06:16:16,224 - easytorch-training - INFO - Checkpoint checkpoints/TimesNet/ETTh2_100_336_336/965be52e2f2d9a77c8771797d13906d4/TimesNet_093.pt saved
2025-08-27 06:16:16,224 - easytorch-training - INFO - The estimated training finish time is 2025-08-27 06:20:38
2025-08-27 06:16:16,224 - easytorch-training - INFO - Epoch 94 / 100
2025-08-27 06:16:46,323 - easytorch-training - INFO - Result <train>: [train/time: 30.10 (s), train/lr: 2.50e-05, train/loss: 0.2281, train/MAE: 0.2281, train/MSE: 0.2165]
2025-08-27 06:16:46,324 - easytorch-training - INFO - Start validation.
2025-08-27 06:16:50,802 - easytorch-training - INFO - Result <val>: [val/time: 4.48 (s), val/loss: 0.5416, val/MAE: 0.5416, val/MSE: 0.6455]
2025-08-27 06:16:55,216 - easytorch-training - INFO - Result <test>: [test/time: 4.41 (s), test/loss: 0.5153, test/MAE: 0.5153, test/MSE: 0.5561]
2025-08-27 06:16:55,242 - easytorch-training - INFO - Checkpoint checkpoints/TimesNet/ETTh2_100_336_336/965be52e2f2d9a77c8771797d13906d4/TimesNet_094.pt saved
2025-08-27 06:16:55,242 - easytorch-training - INFO - The estimated training finish time is 2025-08-27 06:20:40
2025-08-27 06:16:55,242 - easytorch-training - INFO - Epoch 95 / 100
2025-08-27 06:17:25,273 - easytorch-training - INFO - Result <train>: [train/time: 30.03 (s), train/lr: 2.50e-05, train/loss: 0.2281, train/MAE: 0.2281, train/MSE: 0.2175]
2025-08-27 06:17:25,274 - easytorch-training - INFO - Start validation.
2025-08-27 06:17:29,740 - easytorch-training - INFO - Result <val>: [val/time: 4.47 (s), val/loss: 0.5431, val/MAE: 0.5431, val/MSE: 0.6485]
2025-08-27 06:17:34,130 - easytorch-training - INFO - Result <test>: [test/time: 4.39 (s), test/loss: 0.5137, test/MAE: 0.5137, test/MSE: 0.5531]
2025-08-27 06:17:34,156 - easytorch-training - INFO - Checkpoint checkpoints/TimesNet/ETTh2_100_336_336/965be52e2f2d9a77c8771797d13906d4/TimesNet_095.pt saved
2025-08-27 06:17:34,156 - easytorch-training - INFO - The estimated training finish time is 2025-08-27 06:20:41
2025-08-27 06:17:34,156 - easytorch-training - INFO - Epoch 96 / 100
2025-08-27 06:18:04,250 - easytorch-training - INFO - Result <train>: [train/time: 30.09 (s), train/lr: 2.50e-05, train/loss: 0.2272, train/MAE: 0.2272, train/MSE: 0.2154]
2025-08-27 06:18:04,251 - easytorch-training - INFO - Start validation.
2025-08-27 06:18:08,796 - easytorch-training - INFO - Result <val>: [val/time: 4.55 (s), val/loss: 0.5431, val/MAE: 0.5431, val/MSE: 0.6482]
2025-08-27 06:18:13,202 - easytorch-training - INFO - Result <test>: [test/time: 4.40 (s), test/loss: 0.5111, test/MAE: 0.5111, test/MSE: 0.5476]
2025-08-27 06:18:13,231 - easytorch-training - INFO - Checkpoint checkpoints/TimesNet/ETTh2_100_336_336/965be52e2f2d9a77c8771797d13906d4/TimesNet_096.pt saved
2025-08-27 06:18:13,231 - easytorch-training - INFO - The estimated training finish time is 2025-08-27 06:20:43
2025-08-27 06:18:13,231 - easytorch-training - INFO - Epoch 97 / 100
2025-08-27 06:18:43,364 - easytorch-training - INFO - Result <train>: [train/time: 30.13 (s), train/lr: 2.50e-05, train/loss: 0.2269, train/MAE: 0.2269, train/MSE: 0.2148]
2025-08-27 06:18:43,365 - easytorch-training - INFO - Start validation.
2025-08-27 06:18:47,865 - easytorch-training - INFO - Result <val>: [val/time: 4.50 (s), val/loss: 0.5428, val/MAE: 0.5428, val/MSE: 0.6470]
2025-08-27 06:18:52,265 - easytorch-training - INFO - Result <test>: [test/time: 4.40 (s), test/loss: 0.5131, test/MAE: 0.5131, test/MSE: 0.5512]
2025-08-27 06:18:52,290 - easytorch-training - INFO - Checkpoint checkpoints/TimesNet/ETTh2_100_336_336/965be52e2f2d9a77c8771797d13906d4/TimesNet_097.pt saved
2025-08-27 06:18:52,290 - easytorch-training - INFO - The estimated training finish time is 2025-08-27 06:20:44
2025-08-27 06:18:52,290 - easytorch-training - INFO - Epoch 98 / 100
2025-08-27 06:19:22,360 - easytorch-training - INFO - Result <train>: [train/time: 30.07 (s), train/lr: 2.50e-05, train/loss: 0.2275, train/MAE: 0.2275, train/MSE: 0.2193]
2025-08-27 06:19:22,361 - easytorch-training - INFO - Start validation.
2025-08-27 06:19:26,897 - easytorch-training - INFO - Result <val>: [val/time: 4.54 (s), val/loss: 0.5452, val/MAE: 0.5452, val/MSE: 0.6503]
2025-08-27 06:19:31,283 - easytorch-training - INFO - Result <test>: [test/time: 4.39 (s), test/loss: 0.5109, test/MAE: 0.5109, test/MSE: 0.5468]
2025-08-27 06:19:31,311 - easytorch-training - INFO - Checkpoint checkpoints/TimesNet/ETTh2_100_336_336/965be52e2f2d9a77c8771797d13906d4/TimesNet_098.pt saved
2025-08-27 06:19:31,311 - easytorch-training - INFO - The estimated training finish time is 2025-08-27 06:20:46
2025-08-27 06:19:31,311 - easytorch-training - INFO - Epoch 99 / 100
2025-08-27 06:20:01,405 - easytorch-training - INFO - Result <train>: [train/time: 30.09 (s), train/lr: 2.50e-05, train/loss: 0.2267, train/MAE: 0.2267, train/MSE: 0.2162]
2025-08-27 06:20:01,407 - easytorch-training - INFO - Start validation.
2025-08-27 06:20:05,918 - easytorch-training - INFO - Result <val>: [val/time: 4.51 (s), val/loss: 0.5436, val/MAE: 0.5436, val/MSE: 0.6464]
2025-08-27 06:20:10,331 - easytorch-training - INFO - Result <test>: [test/time: 4.41 (s), test/loss: 0.5124, test/MAE: 0.5124, test/MSE: 0.5490]
2025-08-27 06:20:10,359 - easytorch-training - INFO - Checkpoint checkpoints/TimesNet/ETTh2_100_336_336/965be52e2f2d9a77c8771797d13906d4/TimesNet_099.pt saved
2025-08-27 06:20:10,359 - easytorch-training - INFO - The estimated training finish time is 2025-08-27 06:20:47
2025-08-27 06:20:10,359 - easytorch-training - INFO - Epoch 100 / 100
2025-08-27 06:20:40,423 - easytorch-training - INFO - Result <train>: [train/time: 30.06 (s), train/lr: 2.50e-05, train/loss: 0.2257, train/MAE: 0.2257, train/MSE: 0.2131]
2025-08-27 06:20:40,425 - easytorch-training - INFO - Start validation.
2025-08-27 06:20:44,916 - easytorch-training - INFO - Result <val>: [val/time: 4.49 (s), val/loss: 0.5486, val/MAE: 0.5486, val/MSE: 0.6587]
2025-08-27 06:20:49,328 - easytorch-training - INFO - Result <test>: [test/time: 4.41 (s), test/loss: 0.5126, test/MAE: 0.5126, test/MSE: 0.5498]
2025-08-27 06:20:49,354 - easytorch-training - INFO - Checkpoint checkpoints/TimesNet/ETTh2_100_336_336/965be52e2f2d9a77c8771797d13906d4/TimesNet_100.pt saved
2025-08-27 06:20:49,362 - easytorch-training - INFO - The training finished at 2025-08-27 06:20:49
2025-08-27 06:20:49,362 - easytorch-training - INFO - Evaluating the best model on the test set.
2025-08-27 06:20:49,362 - easytorch-training - INFO - Loading Checkpoint from 'checkpoints/TimesNet/ETTh2_100_336_336/965be52e2f2d9a77c8771797d13906d4/TimesNet_best_val_MAE.pt'
2025-08-27 06:20:52,850 - easytorch-training - INFO - Result <test>: [test/time: 3.45 (s), test/loss: 0.4413, test/MAE: 0.4413, test/MSE: 0.4136]
2025-08-27 06:20:52,851 - easytorch-training - INFO - Test metrics saved to checkpoints/TimesNet/ETTh2_100_336_336/965be52e2f2d9a77c8771797d13906d4/test_metrics.json.
