2025-08-26 19:53:48,393 - easytorch-training - INFO - Initializing training.
2025-08-26 19:53:48,393 - easytorch-training - INFO - Set clip grad, param: {'max_norm': 5.0}
2025-08-26 19:53:48,393 - easytorch-training - INFO - Building training data loader.
2025-08-26 19:53:48,434 - easytorch-training - INFO - Train dataset length: 17743
2025-08-26 19:53:49,511 - easytorch-training - INFO - Set optim: Adam (
Parameter Group 0
    amsgrad: False
    betas: (0.9, 0.999)
    capturable: False
    differentiable: False
    eps: 1e-08
    foreach: None
    fused: None
    lr: 0.0003
    maximize: False
    weight_decay: 0.0001
)
2025-08-26 19:53:49,512 - easytorch-training - INFO - Set lr_scheduler: <torch.optim.lr_scheduler.MultiStepLR object at 0x7f15ccbea470>
2025-08-26 19:53:49,513 - easytorch-training - INFO - Initializing validation.
2025-08-26 19:53:49,513 - easytorch-training - INFO - Building val data loader.
2025-08-26 19:53:49,520 - easytorch-training - INFO - Validation dataset length: 1959
2025-08-26 19:53:49,533 - easytorch-training - INFO - Test dataset length: 4589
2025-08-26 19:53:49,533 - easytorch-training - INFO - Number of parameters: 226464
2025-08-26 19:53:49,533 - easytorch-training - INFO - Epoch 1 / 100
2025-08-26 19:54:45,648 - easytorch-training - INFO - Result <train>: [train/time: 56.11 (s), train/lr: 3.00e-04, train/loss: 0.3599, train/MAE: 0.3599, train/MSE: 0.2771]
2025-08-26 19:54:45,649 - easytorch-training - INFO - Start validation.
2025-08-26 19:54:52,454 - easytorch-training - INFO - Result <val>: [val/time: 6.80 (s), val/loss: 0.2743, val/MAE: 0.2743, val/MSE: 0.1749]
2025-08-26 19:54:52,463 - easytorch-training - INFO - Checkpoint checkpoints/DLinear/Electricity_100_336_336/a53734a99d1c261afb7b07dd514cf034/DLinear_best_val_MAE.pt saved
2025-08-26 19:55:08,237 - easytorch-training - INFO - Result <test>: [test/time: 15.76 (s), test/loss: 0.2951, test/MAE: 0.2951, test/MSE: 0.1923]
2025-08-26 19:55:08,242 - easytorch-training - INFO - Checkpoint checkpoints/DLinear/Electricity_100_336_336/a53734a99d1c261afb7b07dd514cf034/DLinear_001.pt saved
2025-08-26 19:55:08,243 - easytorch-training - INFO - The estimated training finish time is 2025-08-26 22:05:00
2025-08-26 19:55:08,243 - easytorch-training - INFO - Epoch 2 / 100
2025-08-26 19:56:04,157 - easytorch-training - INFO - Result <train>: [train/time: 55.91 (s), train/lr: 1.50e-04, train/loss: 0.2922, train/MAE: 0.2922, train/MSE: 0.1962]
2025-08-26 19:56:04,158 - easytorch-training - INFO - Start validation.
2025-08-26 19:56:10,215 - easytorch-training - INFO - Result <val>: [val/time: 6.06 (s), val/loss: 0.2620, val/MAE: 0.2620, val/MSE: 0.1657]
2025-08-26 19:56:10,220 - easytorch-training - INFO - Checkpoint checkpoints/DLinear/Electricity_100_336_336/a53734a99d1c261afb7b07dd514cf034/DLinear_best_val_MAE.pt saved
2025-08-26 19:56:24,763 - easytorch-training - INFO - Result <test>: [test/time: 14.53 (s), test/loss: 0.2821, test/MAE: 0.2821, test/MSE: 0.1818]
2025-08-26 19:56:24,768 - easytorch-training - INFO - Checkpoint checkpoints/DLinear/Electricity_100_336_336/a53734a99d1c261afb7b07dd514cf034/DLinear_002.pt saved
2025-08-26 19:56:24,769 - easytorch-training - INFO - The estimated training finish time is 2025-08-26 22:03:11
2025-08-26 19:56:24,769 - easytorch-training - INFO - Epoch 3 / 100
2025-08-26 19:57:20,954 - easytorch-training - INFO - Result <train>: [train/time: 56.18 (s), train/lr: 1.50e-04, train/loss: 0.2829, train/MAE: 0.2829, train/MSE: 0.1889]
2025-08-26 19:57:20,955 - easytorch-training - INFO - Start validation.
2025-08-26 19:57:27,006 - easytorch-training - INFO - Result <val>: [val/time: 6.05 (s), val/loss: 0.2552, val/MAE: 0.2552, val/MSE: 0.1603]
2025-08-26 19:57:27,015 - easytorch-training - INFO - Checkpoint checkpoints/DLinear/Electricity_100_336_336/a53734a99d1c261afb7b07dd514cf034/DLinear_best_val_MAE.pt saved
2025-08-26 19:57:41,217 - easytorch-training - INFO - Result <test>: [test/time: 14.19 (s), test/loss: 0.2756, test/MAE: 0.2756, test/MSE: 0.1763]
2025-08-26 19:57:41,222 - easytorch-training - INFO - Checkpoint checkpoints/DLinear/Electricity_100_336_336/a53734a99d1c261afb7b07dd514cf034/DLinear_003.pt saved
2025-08-26 19:57:41,222 - easytorch-training - INFO - The estimated training finish time is 2025-08-26 22:02:32
2025-08-26 19:57:41,222 - easytorch-training - INFO - Epoch 4 / 100
2025-08-26 19:58:37,118 - easytorch-training - INFO - Result <train>: [train/time: 55.90 (s), train/lr: 1.50e-04, train/loss: 0.2775, train/MAE: 0.2775, train/MSE: 0.1851]
2025-08-26 19:58:37,118 - easytorch-training - INFO - Start validation.
2025-08-26 19:58:43,157 - easytorch-training - INFO - Result <val>: [val/time: 6.04 (s), val/loss: 0.2509, val/MAE: 0.2509, val/MSE: 0.1584]
2025-08-26 19:58:43,165 - easytorch-training - INFO - Checkpoint checkpoints/DLinear/Electricity_100_336_336/a53734a99d1c261afb7b07dd514cf034/DLinear_best_val_MAE.pt saved
2025-08-26 19:58:57,305 - easytorch-training - INFO - Result <test>: [test/time: 14.13 (s), test/loss: 0.2705, test/MAE: 0.2705, test/MSE: 0.1736]
2025-08-26 19:58:57,313 - easytorch-training - INFO - Checkpoint checkpoints/DLinear/Electricity_100_336_336/a53734a99d1c261afb7b07dd514cf034/DLinear_004.pt saved
2025-08-26 19:58:57,313 - easytorch-training - INFO - The estimated training finish time is 2025-08-26 22:02:04
2025-08-26 19:58:57,313 - easytorch-training - INFO - Epoch 5 / 100
2025-08-26 19:59:53,493 - easytorch-training - INFO - Result <train>: [train/time: 56.18 (s), train/lr: 1.50e-04, train/loss: 0.2741, train/MAE: 0.2741, train/MSE: 0.1828]
2025-08-26 19:59:53,494 - easytorch-training - INFO - Start validation.
2025-08-26 19:59:59,554 - easytorch-training - INFO - Result <val>: [val/time: 6.06 (s), val/loss: 0.2482, val/MAE: 0.2482, val/MSE: 0.1566]
2025-08-26 19:59:59,560 - easytorch-training - INFO - Checkpoint checkpoints/DLinear/Electricity_100_336_336/a53734a99d1c261afb7b07dd514cf034/DLinear_best_val_MAE.pt saved
2025-08-26 20:00:13,755 - easytorch-training - INFO - Result <test>: [test/time: 14.18 (s), test/loss: 0.2678, test/MAE: 0.2678, test/MSE: 0.1717]
2025-08-26 20:00:13,764 - easytorch-training - INFO - Checkpoint checkpoints/DLinear/Electricity_100_336_336/a53734a99d1c261afb7b07dd514cf034/DLinear_005.pt saved
2025-08-26 20:00:13,764 - easytorch-training - INFO - The estimated training finish time is 2025-08-26 22:01:54
2025-08-26 20:00:13,764 - easytorch-training - INFO - Epoch 6 / 100
2025-08-26 20:01:10,092 - easytorch-training - INFO - Result <train>: [train/time: 56.33 (s), train/lr: 1.50e-04, train/loss: 0.2719, train/MAE: 0.2719, train/MSE: 0.1814]
2025-08-26 20:01:10,093 - easytorch-training - INFO - Start validation.
2025-08-26 20:01:16,204 - easytorch-training - INFO - Result <val>: [val/time: 6.11 (s), val/loss: 0.2461, val/MAE: 0.2461, val/MSE: 0.1550]
2025-08-26 20:01:16,213 - easytorch-training - INFO - Checkpoint checkpoints/DLinear/Electricity_100_336_336/a53734a99d1c261afb7b07dd514cf034/DLinear_best_val_MAE.pt saved
2025-08-26 20:01:30,555 - easytorch-training - INFO - Result <test>: [test/time: 14.33 (s), test/loss: 0.2662, test/MAE: 0.2662, test/MSE: 0.1703]
2025-08-26 20:01:30,560 - easytorch-training - INFO - Checkpoint checkpoints/DLinear/Electricity_100_336_336/a53734a99d1c261afb7b07dd514cf034/DLinear_006.pt saved
2025-08-26 20:01:30,560 - easytorch-training - INFO - The estimated training finish time is 2025-08-26 22:01:53
2025-08-26 20:01:30,560 - easytorch-training - INFO - Epoch 7 / 100
2025-08-26 20:02:27,014 - easytorch-training - INFO - Result <train>: [train/time: 56.45 (s), train/lr: 1.50e-04, train/loss: 0.2703, train/MAE: 0.2703, train/MSE: 0.1804]
2025-08-26 20:02:27,014 - easytorch-training - INFO - Start validation.
2025-08-26 20:02:33,165 - easytorch-training - INFO - Result <val>: [val/time: 6.15 (s), val/loss: 0.2451, val/MAE: 0.2451, val/MSE: 0.1544]
2025-08-26 20:02:33,172 - easytorch-training - INFO - Checkpoint checkpoints/DLinear/Electricity_100_336_336/a53734a99d1c261afb7b07dd514cf034/DLinear_best_val_MAE.pt saved
2025-08-26 20:02:47,486 - easytorch-training - INFO - Result <test>: [test/time: 14.30 (s), test/loss: 0.2650, test/MAE: 0.2650, test/MSE: 0.1696]
2025-08-26 20:02:47,492 - easytorch-training - INFO - Checkpoint checkpoints/DLinear/Electricity_100_336_336/a53734a99d1c261afb7b07dd514cf034/DLinear_007.pt saved
2025-08-26 20:02:47,492 - easytorch-training - INFO - The estimated training finish time is 2025-08-26 22:01:54
2025-08-26 20:02:47,492 - easytorch-training - INFO - Epoch 8 / 100
2025-08-26 20:03:43,872 - easytorch-training - INFO - Result <train>: [train/time: 56.38 (s), train/lr: 1.50e-04, train/loss: 0.2692, train/MAE: 0.2692, train/MSE: 0.1798]
2025-08-26 20:03:43,873 - easytorch-training - INFO - Start validation.
2025-08-26 20:03:49,954 - easytorch-training - INFO - Result <val>: [val/time: 6.08 (s), val/loss: 0.2438, val/MAE: 0.2438, val/MSE: 0.1533]
2025-08-26 20:03:49,959 - easytorch-training - INFO - Checkpoint checkpoints/DLinear/Electricity_100_336_336/a53734a99d1c261afb7b07dd514cf034/DLinear_best_val_MAE.pt saved
2025-08-26 20:04:04,202 - easytorch-training - INFO - Result <test>: [test/time: 14.23 (s), test/loss: 0.2641, test/MAE: 0.2641, test/MSE: 0.1689]
2025-08-26 20:04:04,208 - easytorch-training - INFO - Checkpoint checkpoints/DLinear/Electricity_100_336_336/a53734a99d1c261afb7b07dd514cf034/DLinear_008.pt saved
2025-08-26 20:04:04,208 - easytorch-training - INFO - The estimated training finish time is 2025-08-26 22:01:52
2025-08-26 20:04:04,209 - easytorch-training - INFO - Epoch 9 / 100
2025-08-26 20:05:00,743 - easytorch-training - INFO - Result <train>: [train/time: 56.53 (s), train/lr: 1.50e-04, train/loss: 0.2684, train/MAE: 0.2684, train/MSE: 0.1793]
2025-08-26 20:05:00,744 - easytorch-training - INFO - Start validation.
2025-08-26 20:05:06,862 - easytorch-training - INFO - Result <val>: [val/time: 6.12 (s), val/loss: 0.2429, val/MAE: 0.2429, val/MSE: 0.1528]
2025-08-26 20:05:06,868 - easytorch-training - INFO - Checkpoint checkpoints/DLinear/Electricity_100_336_336/a53734a99d1c261afb7b07dd514cf034/DLinear_best_val_MAE.pt saved
2025-08-26 20:05:21,242 - easytorch-training - INFO - Result <test>: [test/time: 14.36 (s), test/loss: 0.2634, test/MAE: 0.2634, test/MSE: 0.1684]
2025-08-26 20:05:21,247 - easytorch-training - INFO - Checkpoint checkpoints/DLinear/Electricity_100_336_336/a53734a99d1c261afb7b07dd514cf034/DLinear_009.pt saved
2025-08-26 20:05:21,247 - easytorch-training - INFO - The estimated training finish time is 2025-08-26 22:01:55
2025-08-26 20:05:21,247 - easytorch-training - INFO - Epoch 10 / 100
2025-08-26 20:06:18,063 - easytorch-training - INFO - Result <train>: [train/time: 56.82 (s), train/lr: 1.50e-04, train/loss: 0.2679, train/MAE: 0.2679, train/MSE: 0.1790]
2025-08-26 20:06:18,064 - easytorch-training - INFO - Start validation.
2025-08-26 20:06:24,192 - easytorch-training - INFO - Result <val>: [val/time: 6.13 (s), val/loss: 0.2425, val/MAE: 0.2425, val/MSE: 0.1530]
2025-08-26 20:06:24,199 - easytorch-training - INFO - Checkpoint checkpoints/DLinear/Electricity_100_336_336/a53734a99d1c261afb7b07dd514cf034/DLinear_best_val_MAE.pt saved
2025-08-26 20:06:38,613 - easytorch-training - INFO - Result <test>: [test/time: 14.40 (s), test/loss: 0.2626, test/MAE: 0.2626, test/MSE: 0.1681]
2025-08-26 20:06:38,619 - easytorch-training - INFO - Checkpoint checkpoints/DLinear/Electricity_100_336_336/a53734a99d1c261afb7b07dd514cf034/DLinear_010.pt saved
2025-08-26 20:06:38,621 - easytorch-training - INFO - The estimated training finish time is 2025-08-26 22:02:00
2025-08-26 20:06:38,621 - easytorch-training - INFO - Epoch 11 / 100
2025-08-26 20:07:35,715 - easytorch-training - INFO - Result <train>: [train/time: 57.09 (s), train/lr: 1.50e-04, train/loss: 0.2673, train/MAE: 0.2673, train/MSE: 0.1787]
2025-08-26 20:07:35,716 - easytorch-training - INFO - Start validation.
2025-08-26 20:07:41,828 - easytorch-training - INFO - Result <val>: [val/time: 6.11 (s), val/loss: 0.2422, val/MAE: 0.2422, val/MSE: 0.1522]
2025-08-26 20:07:41,833 - easytorch-training - INFO - Checkpoint checkpoints/DLinear/Electricity_100_336_336/a53734a99d1c261afb7b07dd514cf034/DLinear_best_val_MAE.pt saved
2025-08-26 20:07:56,219 - easytorch-training - INFO - Result <test>: [test/time: 14.38 (s), test/loss: 0.2627, test/MAE: 0.2627, test/MSE: 0.1678]
2025-08-26 20:07:56,224 - easytorch-training - INFO - Checkpoint checkpoints/DLinear/Electricity_100_336_336/a53734a99d1c261afb7b07dd514cf034/DLinear_011.pt saved
2025-08-26 20:07:56,225 - easytorch-training - INFO - The estimated training finish time is 2025-08-26 22:02:06
2025-08-26 20:07:56,225 - easytorch-training - INFO - Epoch 12 / 100
2025-08-26 20:08:53,409 - easytorch-training - INFO - Result <train>: [train/time: 57.18 (s), train/lr: 1.50e-04, train/loss: 0.2670, train/MAE: 0.2670, train/MSE: 0.1785]
2025-08-26 20:08:53,410 - easytorch-training - INFO - Start validation.
2025-08-26 20:08:59,555 - easytorch-training - INFO - Result <val>: [val/time: 6.14 (s), val/loss: 0.2416, val/MAE: 0.2416, val/MSE: 0.1521]
2025-08-26 20:08:59,561 - easytorch-training - INFO - Checkpoint checkpoints/DLinear/Electricity_100_336_336/a53734a99d1c261afb7b07dd514cf034/DLinear_best_val_MAE.pt saved
2025-08-26 20:09:13,978 - easytorch-training - INFO - Result <test>: [test/time: 14.41 (s), test/loss: 0.2622, test/MAE: 0.2622, test/MSE: 0.1677]
2025-08-26 20:09:13,987 - easytorch-training - INFO - Checkpoint checkpoints/DLinear/Electricity_100_336_336/a53734a99d1c261afb7b07dd514cf034/DLinear_012.pt saved
2025-08-26 20:09:13,987 - easytorch-training - INFO - The estimated training finish time is 2025-08-26 22:02:13
2025-08-26 20:09:13,987 - easytorch-training - INFO - Epoch 13 / 100
2025-08-26 20:10:11,162 - easytorch-training - INFO - Result <train>: [train/time: 57.17 (s), train/lr: 1.50e-04, train/loss: 0.2667, train/MAE: 0.2667, train/MSE: 0.1784]
2025-08-26 20:10:11,163 - easytorch-training - INFO - Start validation.
2025-08-26 20:10:17,314 - easytorch-training - INFO - Result <val>: [val/time: 6.15 (s), val/loss: 0.2415, val/MAE: 0.2415, val/MSE: 0.1523]
2025-08-26 20:10:17,321 - easytorch-training - INFO - Checkpoint checkpoints/DLinear/Electricity_100_336_336/a53734a99d1c261afb7b07dd514cf034/DLinear_best_val_MAE.pt saved
2025-08-26 20:10:31,748 - easytorch-training - INFO - Result <test>: [test/time: 14.42 (s), test/loss: 0.2616, test/MAE: 0.2616, test/MSE: 0.1676]
2025-08-26 20:10:31,753 - easytorch-training - INFO - Checkpoint checkpoints/DLinear/Electricity_100_336_336/a53734a99d1c261afb7b07dd514cf034/DLinear_013.pt saved
2025-08-26 20:10:31,753 - easytorch-training - INFO - The estimated training finish time is 2025-08-26 22:02:18
2025-08-26 20:10:31,753 - easytorch-training - INFO - Epoch 14 / 100
2025-08-26 20:11:28,925 - easytorch-training - INFO - Result <train>: [train/time: 57.17 (s), train/lr: 1.50e-04, train/loss: 0.2664, train/MAE: 0.2664, train/MSE: 0.1783]
2025-08-26 20:11:28,926 - easytorch-training - INFO - Start validation.
2025-08-26 20:11:35,081 - easytorch-training - INFO - Result <val>: [val/time: 6.15 (s), val/loss: 0.2410, val/MAE: 0.2410, val/MSE: 0.1522]
2025-08-26 20:11:35,088 - easytorch-training - INFO - Checkpoint checkpoints/DLinear/Electricity_100_336_336/a53734a99d1c261afb7b07dd514cf034/DLinear_best_val_MAE.pt saved
2025-08-26 20:11:49,474 - easytorch-training - INFO - Result <test>: [test/time: 14.38 (s), test/loss: 0.2614, test/MAE: 0.2614, test/MSE: 0.1675]
2025-08-26 20:11:49,481 - easytorch-training - INFO - Checkpoint checkpoints/DLinear/Electricity_100_336_336/a53734a99d1c261afb7b07dd514cf034/DLinear_014.pt saved
2025-08-26 20:11:49,482 - easytorch-training - INFO - The estimated training finish time is 2025-08-26 22:02:23
2025-08-26 20:11:49,482 - easytorch-training - INFO - Epoch 15 / 100
2025-08-26 20:12:46,589 - easytorch-training - INFO - Result <train>: [train/time: 57.11 (s), train/lr: 1.50e-04, train/loss: 0.2662, train/MAE: 0.2662, train/MSE: 0.1782]
2025-08-26 20:12:46,590 - easytorch-training - INFO - Start validation.
2025-08-26 20:12:52,750 - easytorch-training - INFO - Result <val>: [val/time: 6.16 (s), val/loss: 0.2409, val/MAE: 0.2409, val/MSE: 0.1516]
2025-08-26 20:12:52,755 - easytorch-training - INFO - Checkpoint checkpoints/DLinear/Electricity_100_336_336/a53734a99d1c261afb7b07dd514cf034/DLinear_best_val_MAE.pt saved
2025-08-26 20:13:07,208 - easytorch-training - INFO - Result <test>: [test/time: 14.44 (s), test/loss: 0.2617, test/MAE: 0.2617, test/MSE: 0.1673]
2025-08-26 20:13:07,214 - easytorch-training - INFO - Checkpoint checkpoints/DLinear/Electricity_100_336_336/a53734a99d1c261afb7b07dd514cf034/DLinear_015.pt saved
2025-08-26 20:13:07,214 - easytorch-training - INFO - The estimated training finish time is 2025-08-26 22:02:27
2025-08-26 20:13:07,214 - easytorch-training - INFO - Epoch 16 / 100
2025-08-26 20:14:04,595 - easytorch-training - INFO - Result <train>: [train/time: 57.38 (s), train/lr: 1.50e-04, train/loss: 0.2660, train/MAE: 0.2660, train/MSE: 0.1781]
2025-08-26 20:14:04,595 - easytorch-training - INFO - Start validation.
2025-08-26 20:14:10,781 - easytorch-training - INFO - Result <val>: [val/time: 6.19 (s), val/loss: 0.2407, val/MAE: 0.2407, val/MSE: 0.1515]
2025-08-26 20:14:10,788 - easytorch-training - INFO - Checkpoint checkpoints/DLinear/Electricity_100_336_336/a53734a99d1c261afb7b07dd514cf034/DLinear_best_val_MAE.pt saved
2025-08-26 20:14:25,263 - easytorch-training - INFO - Result <test>: [test/time: 14.46 (s), test/loss: 0.2615, test/MAE: 0.2615, test/MSE: 0.1671]
2025-08-26 20:14:25,268 - easytorch-training - INFO - Checkpoint checkpoints/DLinear/Electricity_100_336_336/a53734a99d1c261afb7b07dd514cf034/DLinear_016.pt saved
2025-08-26 20:14:25,268 - easytorch-training - INFO - The estimated training finish time is 2025-08-26 22:02:32
2025-08-26 20:14:25,268 - easytorch-training - INFO - Epoch 17 / 100
2025-08-26 20:15:22,456 - easytorch-training - INFO - Result <train>: [train/time: 57.19 (s), train/lr: 1.50e-04, train/loss: 0.2660, train/MAE: 0.2660, train/MSE: 0.1781]
2025-08-26 20:15:22,457 - easytorch-training - INFO - Start validation.
2025-08-26 20:15:28,626 - easytorch-training - INFO - Result <val>: [val/time: 6.17 (s), val/loss: 0.2406, val/MAE: 0.2406, val/MSE: 0.1515]
2025-08-26 20:15:28,632 - easytorch-training - INFO - Checkpoint checkpoints/DLinear/Electricity_100_336_336/a53734a99d1c261afb7b07dd514cf034/DLinear_best_val_MAE.pt saved
2025-08-26 20:15:43,112 - easytorch-training - INFO - Result <test>: [test/time: 14.47 (s), test/loss: 0.2613, test/MAE: 0.2613, test/MSE: 0.1671]
2025-08-26 20:15:43,120 - easytorch-training - INFO - Checkpoint checkpoints/DLinear/Electricity_100_336_336/a53734a99d1c261afb7b07dd514cf034/DLinear_017.pt saved
2025-08-26 20:15:43,120 - easytorch-training - INFO - The estimated training finish time is 2025-08-26 22:02:36
2025-08-26 20:15:43,120 - easytorch-training - INFO - Epoch 18 / 100
2025-08-26 20:16:40,443 - easytorch-training - INFO - Result <train>: [train/time: 57.32 (s), train/lr: 1.50e-04, train/loss: 0.2659, train/MAE: 0.2659, train/MSE: 0.1780]
2025-08-26 20:16:40,444 - easytorch-training - INFO - Start validation.
2025-08-26 20:16:46,644 - easytorch-training - INFO - Result <val>: [val/time: 6.20 (s), val/loss: 0.2407, val/MAE: 0.2407, val/MSE: 0.1521]
2025-08-26 20:17:01,102 - easytorch-training - INFO - Result <test>: [test/time: 14.45 (s), test/loss: 0.2610, test/MAE: 0.2610, test/MSE: 0.1673]
2025-08-26 20:17:01,107 - easytorch-training - INFO - Checkpoint checkpoints/DLinear/Electricity_100_336_336/a53734a99d1c261afb7b07dd514cf034/DLinear_018.pt saved
2025-08-26 20:17:01,107 - easytorch-training - INFO - The estimated training finish time is 2025-08-26 22:02:40
2025-08-26 20:17:01,108 - easytorch-training - INFO - Epoch 19 / 100
2025-08-26 20:17:58,439 - easytorch-training - INFO - Result <train>: [train/time: 57.33 (s), train/lr: 1.50e-04, train/loss: 0.2658, train/MAE: 0.2658, train/MSE: 0.1780]
2025-08-26 20:17:58,440 - easytorch-training - INFO - Start validation.
2025-08-26 20:18:04,622 - easytorch-training - INFO - Result <val>: [val/time: 6.18 (s), val/loss: 0.2404, val/MAE: 0.2404, val/MSE: 0.1519]
2025-08-26 20:18:04,630 - easytorch-training - INFO - Checkpoint checkpoints/DLinear/Electricity_100_336_336/a53734a99d1c261afb7b07dd514cf034/DLinear_best_val_MAE.pt saved
2025-08-26 20:18:19,100 - easytorch-training - INFO - Result <test>: [test/time: 14.46 (s), test/loss: 0.2608, test/MAE: 0.2608, test/MSE: 0.1671]
2025-08-26 20:18:19,109 - easytorch-training - INFO - Checkpoint checkpoints/DLinear/Electricity_100_336_336/a53734a99d1c261afb7b07dd514cf034/DLinear_019.pt saved
2025-08-26 20:18:19,110 - easytorch-training - INFO - The estimated training finish time is 2025-08-26 22:02:44
2025-08-26 20:18:19,110 - easytorch-training - INFO - Epoch 20 / 100
2025-08-26 20:19:16,381 - easytorch-training - INFO - Result <train>: [train/time: 57.27 (s), train/lr: 1.50e-04, train/loss: 0.2657, train/MAE: 0.2657, train/MSE: 0.1780]
2025-08-26 20:19:16,382 - easytorch-training - INFO - Start validation.
2025-08-26 20:19:22,569 - easytorch-training - INFO - Result <val>: [val/time: 6.19 (s), val/loss: 0.2405, val/MAE: 0.2405, val/MSE: 0.1522]
2025-08-26 20:19:37,059 - easytorch-training - INFO - Result <test>: [test/time: 14.48 (s), test/loss: 0.2607, test/MAE: 0.2607, test/MSE: 0.1673]
2025-08-26 20:19:37,064 - easytorch-training - INFO - Checkpoint checkpoints/DLinear/Electricity_100_336_336/a53734a99d1c261afb7b07dd514cf034/DLinear_020.pt saved
2025-08-26 20:19:37,066 - easytorch-training - INFO - The estimated training finish time is 2025-08-26 22:02:47
2025-08-26 20:19:37,066 - easytorch-training - INFO - Epoch 21 / 100
2025-08-26 20:20:34,335 - easytorch-training - INFO - Result <train>: [train/time: 57.27 (s), train/lr: 1.50e-04, train/loss: 0.2657, train/MAE: 0.2657, train/MSE: 0.1779]
2025-08-26 20:20:34,336 - easytorch-training - INFO - Start validation.
2025-08-26 20:20:40,529 - easytorch-training - INFO - Result <val>: [val/time: 6.19 (s), val/loss: 0.2401, val/MAE: 0.2401, val/MSE: 0.1512]
2025-08-26 20:20:40,536 - easytorch-training - INFO - Checkpoint checkpoints/DLinear/Electricity_100_336_336/a53734a99d1c261afb7b07dd514cf034/DLinear_best_val_MAE.pt saved
2025-08-26 20:20:55,028 - easytorch-training - INFO - Result <test>: [test/time: 14.48 (s), test/loss: 0.2609, test/MAE: 0.2609, test/MSE: 0.1669]
2025-08-26 20:20:55,034 - easytorch-training - INFO - Checkpoint checkpoints/DLinear/Electricity_100_336_336/a53734a99d1c261afb7b07dd514cf034/DLinear_021.pt saved
2025-08-26 20:20:55,034 - easytorch-training - INFO - The estimated training finish time is 2025-08-26 22:02:50
2025-08-26 20:20:55,034 - easytorch-training - INFO - Epoch 22 / 100
2025-08-26 20:21:52,260 - easytorch-training - INFO - Result <train>: [train/time: 57.23 (s), train/lr: 1.50e-04, train/loss: 0.2655, train/MAE: 0.2655, train/MSE: 0.1779]
2025-08-26 20:21:52,261 - easytorch-training - INFO - Start validation.
2025-08-26 20:21:58,450 - easytorch-training - INFO - Result <val>: [val/time: 6.19 (s), val/loss: 0.2403, val/MAE: 0.2403, val/MSE: 0.1519]
2025-08-26 20:22:12,923 - easytorch-training - INFO - Result <test>: [test/time: 14.46 (s), test/loss: 0.2605, test/MAE: 0.2605, test/MSE: 0.1670]
2025-08-26 20:22:12,928 - easytorch-training - INFO - Checkpoint checkpoints/DLinear/Electricity_100_336_336/a53734a99d1c261afb7b07dd514cf034/DLinear_022.pt saved
2025-08-26 20:22:12,928 - easytorch-training - INFO - The estimated training finish time is 2025-08-26 22:02:52
2025-08-26 20:22:12,928 - easytorch-training - INFO - Epoch 23 / 100
2025-08-26 20:23:10,301 - easytorch-training - INFO - Result <train>: [train/time: 57.37 (s), train/lr: 1.50e-04, train/loss: 0.2655, train/MAE: 0.2655, train/MSE: 0.1779]
2025-08-26 20:23:10,302 - easytorch-training - INFO - Start validation.
2025-08-26 20:23:16,470 - easytorch-training - INFO - Result <val>: [val/time: 6.17 (s), val/loss: 0.2401, val/MAE: 0.2401, val/MSE: 0.1515]
2025-08-26 20:23:30,916 - easytorch-training - INFO - Result <test>: [test/time: 14.43 (s), test/loss: 0.2606, test/MAE: 0.2606, test/MSE: 0.1669]
2025-08-26 20:23:30,924 - easytorch-training - INFO - Checkpoint checkpoints/DLinear/Electricity_100_336_336/a53734a99d1c261afb7b07dd514cf034/DLinear_023.pt saved
2025-08-26 20:23:30,924 - easytorch-training - INFO - The estimated training finish time is 2025-08-26 22:02:54
2025-08-26 20:23:30,924 - easytorch-training - INFO - Epoch 24 / 100
2025-08-26 20:24:28,308 - easytorch-training - INFO - Result <train>: [train/time: 57.38 (s), train/lr: 1.50e-04, train/loss: 0.2655, train/MAE: 0.2655, train/MSE: 0.1779]
2025-08-26 20:24:28,309 - easytorch-training - INFO - Start validation.
2025-08-26 20:24:34,499 - easytorch-training - INFO - Result <val>: [val/time: 6.19 (s), val/loss: 0.2401, val/MAE: 0.2401, val/MSE: 0.1516]
2025-08-26 20:24:48,964 - easytorch-training - INFO - Result <test>: [test/time: 14.45 (s), test/loss: 0.2606, test/MAE: 0.2606, test/MSE: 0.1669]
2025-08-26 20:24:48,969 - easytorch-training - INFO - Checkpoint checkpoints/DLinear/Electricity_100_336_336/a53734a99d1c261afb7b07dd514cf034/DLinear_024.pt saved
2025-08-26 20:24:48,969 - easytorch-training - INFO - The estimated training finish time is 2025-08-26 22:02:57
2025-08-26 20:24:48,970 - easytorch-training - INFO - Epoch 25 / 100
2025-08-26 20:25:46,434 - easytorch-training - INFO - Result <train>: [train/time: 57.46 (s), train/lr: 1.50e-04, train/loss: 0.2655, train/MAE: 0.2655, train/MSE: 0.1779]
2025-08-26 20:25:46,435 - easytorch-training - INFO - Start validation.
2025-08-26 20:25:52,659 - easytorch-training - INFO - Result <val>: [val/time: 6.22 (s), val/loss: 0.2400, val/MAE: 0.2400, val/MSE: 0.1517]
2025-08-26 20:25:52,665 - easytorch-training - INFO - Checkpoint checkpoints/DLinear/Electricity_100_336_336/a53734a99d1c261afb7b07dd514cf034/DLinear_best_val_MAE.pt saved
2025-08-26 20:26:07,110 - easytorch-training - INFO - Result <test>: [test/time: 14.43 (s), test/loss: 0.2605, test/MAE: 0.2605, test/MSE: 0.1669]
2025-08-26 20:26:07,118 - easytorch-training - INFO - Checkpoint checkpoints/DLinear/Electricity_100_336_336/a53734a99d1c261afb7b07dd514cf034/DLinear_025.pt saved
2025-08-26 20:26:07,118 - easytorch-training - INFO - The estimated training finish time is 2025-08-26 22:02:59
2025-08-26 20:26:07,118 - easytorch-training - INFO - Epoch 26 / 100
2025-08-26 20:27:04,383 - easytorch-training - INFO - Result <train>: [train/time: 57.26 (s), train/lr: 7.50e-05, train/loss: 0.2652, train/MAE: 0.2652, train/MSE: 0.1778]
2025-08-26 20:27:04,384 - easytorch-training - INFO - Start validation.
2025-08-26 20:27:10,540 - easytorch-training - INFO - Result <val>: [val/time: 6.16 (s), val/loss: 0.2400, val/MAE: 0.2400, val/MSE: 0.1514]
2025-08-26 20:27:10,546 - easytorch-training - INFO - Checkpoint checkpoints/DLinear/Electricity_100_336_336/a53734a99d1c261afb7b07dd514cf034/DLinear_best_val_MAE.pt saved
2025-08-26 20:27:24,935 - easytorch-training - INFO - Result <test>: [test/time: 14.38 (s), test/loss: 0.2608, test/MAE: 0.2608, test/MSE: 0.1669]
2025-08-26 20:27:24,941 - easytorch-training - INFO - Checkpoint checkpoints/DLinear/Electricity_100_336_336/a53734a99d1c261afb7b07dd514cf034/DLinear_026.pt saved
2025-08-26 20:27:24,941 - easytorch-training - INFO - The estimated training finish time is 2025-08-26 22:03:01
2025-08-26 20:27:24,941 - easytorch-training - INFO - Epoch 27 / 100
2025-08-26 20:28:22,302 - easytorch-training - INFO - Result <train>: [train/time: 57.36 (s), train/lr: 7.50e-05, train/loss: 0.2652, train/MAE: 0.2652, train/MSE: 0.1778]
2025-08-26 20:28:22,303 - easytorch-training - INFO - Start validation.
2025-08-26 20:28:28,479 - easytorch-training - INFO - Result <val>: [val/time: 6.18 (s), val/loss: 0.2401, val/MAE: 0.2401, val/MSE: 0.1518]
2025-08-26 20:28:42,966 - easytorch-training - INFO - Result <test>: [test/time: 14.48 (s), test/loss: 0.2603, test/MAE: 0.2603, test/MSE: 0.1670]
2025-08-26 20:28:42,973 - easytorch-training - INFO - Checkpoint checkpoints/DLinear/Electricity_100_336_336/a53734a99d1c261afb7b07dd514cf034/DLinear_027.pt saved
2025-08-26 20:28:42,973 - easytorch-training - INFO - The estimated training finish time is 2025-08-26 22:03:03
2025-08-26 20:28:42,973 - easytorch-training - INFO - Epoch 28 / 100
2025-08-26 20:29:40,358 - easytorch-training - INFO - Result <train>: [train/time: 57.38 (s), train/lr: 7.50e-05, train/loss: 0.2652, train/MAE: 0.2652, train/MSE: 0.1778]
2025-08-26 20:29:40,358 - easytorch-training - INFO - Start validation.
2025-08-26 20:29:46,603 - easytorch-training - INFO - Result <val>: [val/time: 6.24 (s), val/loss: 0.2398, val/MAE: 0.2398, val/MSE: 0.1515]
2025-08-26 20:29:46,609 - easytorch-training - INFO - Checkpoint checkpoints/DLinear/Electricity_100_336_336/a53734a99d1c261afb7b07dd514cf034/DLinear_best_val_MAE.pt saved
2025-08-26 20:30:01,105 - easytorch-training - INFO - Result <test>: [test/time: 14.48 (s), test/loss: 0.2605, test/MAE: 0.2605, test/MSE: 0.1669]
2025-08-26 20:30:01,111 - easytorch-training - INFO - Checkpoint checkpoints/DLinear/Electricity_100_336_336/a53734a99d1c261afb7b07dd514cf034/DLinear_028.pt saved
2025-08-26 20:30:01,111 - easytorch-training - INFO - The estimated training finish time is 2025-08-26 22:03:05
2025-08-26 20:30:01,111 - easytorch-training - INFO - Epoch 29 / 100
2025-08-26 20:30:58,509 - easytorch-training - INFO - Result <train>: [train/time: 57.40 (s), train/lr: 7.50e-05, train/loss: 0.2652, train/MAE: 0.2652, train/MSE: 0.1778]
2025-08-26 20:30:58,510 - easytorch-training - INFO - Start validation.
2025-08-26 20:31:04,718 - easytorch-training - INFO - Result <val>: [val/time: 6.21 (s), val/loss: 0.2399, val/MAE: 0.2399, val/MSE: 0.1510]
2025-08-26 20:31:19,270 - easytorch-training - INFO - Result <test>: [test/time: 14.54 (s), test/loss: 0.2609, test/MAE: 0.2609, test/MSE: 0.1667]
2025-08-26 20:31:19,276 - easytorch-training - INFO - Checkpoint checkpoints/DLinear/Electricity_100_336_336/a53734a99d1c261afb7b07dd514cf034/DLinear_029.pt saved
2025-08-26 20:31:19,276 - easytorch-training - INFO - The estimated training finish time is 2025-08-26 22:03:07
2025-08-26 20:31:19,276 - easytorch-training - INFO - Epoch 30 / 100
2025-08-26 20:32:16,655 - easytorch-training - INFO - Result <train>: [train/time: 57.38 (s), train/lr: 7.50e-05, train/loss: 0.2652, train/MAE: 0.2652, train/MSE: 0.1778]
2025-08-26 20:32:16,656 - easytorch-training - INFO - Start validation.
2025-08-26 20:32:22,856 - easytorch-training - INFO - Result <val>: [val/time: 6.20 (s), val/loss: 0.2399, val/MAE: 0.2399, val/MSE: 0.1517]
2025-08-26 20:32:37,411 - easytorch-training - INFO - Result <test>: [test/time: 14.54 (s), test/loss: 0.2604, test/MAE: 0.2604, test/MSE: 0.1670]
2025-08-26 20:32:37,416 - easytorch-training - INFO - Checkpoint checkpoints/DLinear/Electricity_100_336_336/a53734a99d1c261afb7b07dd514cf034/DLinear_030.pt saved
2025-08-26 20:32:37,418 - easytorch-training - INFO - The estimated training finish time is 2025-08-26 22:03:09
2025-08-26 20:32:37,418 - easytorch-training - INFO - Epoch 31 / 100
2025-08-26 20:33:34,846 - easytorch-training - INFO - Result <train>: [train/time: 57.43 (s), train/lr: 7.50e-05, train/loss: 0.2652, train/MAE: 0.2652, train/MSE: 0.1778]
2025-08-26 20:33:34,847 - easytorch-training - INFO - Start validation.
2025-08-26 20:33:41,058 - easytorch-training - INFO - Result <val>: [val/time: 6.21 (s), val/loss: 0.2400, val/MAE: 0.2400, val/MSE: 0.1514]
2025-08-26 20:33:55,542 - easytorch-training - INFO - Result <test>: [test/time: 14.47 (s), test/loss: 0.2607, test/MAE: 0.2607, test/MSE: 0.1668]
2025-08-26 20:33:55,548 - easytorch-training - INFO - Checkpoint checkpoints/DLinear/Electricity_100_336_336/a53734a99d1c261afb7b07dd514cf034/DLinear_031.pt saved
2025-08-26 20:33:55,549 - easytorch-training - INFO - The estimated training finish time is 2025-08-26 22:03:10
2025-08-26 20:33:55,549 - easytorch-training - INFO - Epoch 32 / 100
2025-08-26 20:34:52,975 - easytorch-training - INFO - Result <train>: [train/time: 57.43 (s), train/lr: 7.50e-05, train/loss: 0.2652, train/MAE: 0.2652, train/MSE: 0.1778]
2025-08-26 20:34:52,976 - easytorch-training - INFO - Start validation.
2025-08-26 20:34:59,173 - easytorch-training - INFO - Result <val>: [val/time: 6.20 (s), val/loss: 0.2398, val/MAE: 0.2398, val/MSE: 0.1514]
2025-08-26 20:34:59,183 - easytorch-training - INFO - Checkpoint checkpoints/DLinear/Electricity_100_336_336/a53734a99d1c261afb7b07dd514cf034/DLinear_best_val_MAE.pt saved
2025-08-26 20:35:13,686 - easytorch-training - INFO - Result <test>: [test/time: 14.49 (s), test/loss: 0.2604, test/MAE: 0.2604, test/MSE: 0.1668]
2025-08-26 20:35:13,691 - easytorch-training - INFO - Checkpoint checkpoints/DLinear/Electricity_100_336_336/a53734a99d1c261afb7b07dd514cf034/DLinear_032.pt saved
2025-08-26 20:35:13,691 - easytorch-training - INFO - The estimated training finish time is 2025-08-26 22:03:12
2025-08-26 20:35:13,691 - easytorch-training - INFO - Epoch 33 / 100
2025-08-26 20:36:11,204 - easytorch-training - INFO - Result <train>: [train/time: 57.51 (s), train/lr: 7.50e-05, train/loss: 0.2652, train/MAE: 0.2652, train/MSE: 0.1778]
2025-08-26 20:36:11,205 - easytorch-training - INFO - Start validation.
2025-08-26 20:36:17,406 - easytorch-training - INFO - Result <val>: [val/time: 6.20 (s), val/loss: 0.2399, val/MAE: 0.2399, val/MSE: 0.1511]
2025-08-26 20:36:31,953 - easytorch-training - INFO - Result <test>: [test/time: 14.54 (s), test/loss: 0.2608, test/MAE: 0.2608, test/MSE: 0.1667]
2025-08-26 20:36:31,962 - easytorch-training - INFO - Checkpoint checkpoints/DLinear/Electricity_100_336_336/a53734a99d1c261afb7b07dd514cf034/DLinear_033.pt saved
2025-08-26 20:36:31,962 - easytorch-training - INFO - The estimated training finish time is 2025-08-26 22:03:14
2025-08-26 20:36:31,962 - easytorch-training - INFO - Epoch 34 / 100
2025-08-26 20:37:29,503 - easytorch-training - INFO - Result <train>: [train/time: 57.54 (s), train/lr: 7.50e-05, train/loss: 0.2652, train/MAE: 0.2652, train/MSE: 0.1778]
2025-08-26 20:37:29,504 - easytorch-training - INFO - Start validation.
2025-08-26 20:37:35,717 - easytorch-training - INFO - Result <val>: [val/time: 6.21 (s), val/loss: 0.2398, val/MAE: 0.2398, val/MSE: 0.1512]
2025-08-26 20:37:50,245 - easytorch-training - INFO - Result <test>: [test/time: 14.52 (s), test/loss: 0.2607, test/MAE: 0.2607, test/MSE: 0.1667]
2025-08-26 20:37:50,251 - easytorch-training - INFO - Checkpoint checkpoints/DLinear/Electricity_100_336_336/a53734a99d1c261afb7b07dd514cf034/DLinear_034.pt saved
2025-08-26 20:37:50,252 - easytorch-training - INFO - The estimated training finish time is 2025-08-26 22:03:16
2025-08-26 20:37:50,252 - easytorch-training - INFO - Epoch 35 / 100
2025-08-26 20:38:47,895 - easytorch-training - INFO - Result <train>: [train/time: 57.64 (s), train/lr: 7.50e-05, train/loss: 0.2651, train/MAE: 0.2651, train/MSE: 0.1778]
2025-08-26 20:38:47,895 - easytorch-training - INFO - Start validation.
2025-08-26 20:38:54,093 - easytorch-training - INFO - Result <val>: [val/time: 6.20 (s), val/loss: 0.2400, val/MAE: 0.2400, val/MSE: 0.1517]
2025-08-26 20:39:08,592 - easytorch-training - INFO - Result <test>: [test/time: 14.49 (s), test/loss: 0.2605, test/MAE: 0.2605, test/MSE: 0.1669]
2025-08-26 20:39:08,597 - easytorch-training - INFO - Checkpoint checkpoints/DLinear/Electricity_100_336_336/a53734a99d1c261afb7b07dd514cf034/DLinear_035.pt saved
2025-08-26 20:39:08,597 - easytorch-training - INFO - The estimated training finish time is 2025-08-26 22:03:18
2025-08-26 20:39:08,597 - easytorch-training - INFO - Epoch 36 / 100
2025-08-26 20:40:06,136 - easytorch-training - INFO - Result <train>: [train/time: 57.54 (s), train/lr: 7.50e-05, train/loss: 0.2652, train/MAE: 0.2652, train/MSE: 0.1778]
2025-08-26 20:40:06,137 - easytorch-training - INFO - Start validation.
2025-08-26 20:40:12,369 - easytorch-training - INFO - Result <val>: [val/time: 6.23 (s), val/loss: 0.2399, val/MAE: 0.2399, val/MSE: 0.1518]
2025-08-26 20:40:26,909 - easytorch-training - INFO - Result <test>: [test/time: 14.53 (s), test/loss: 0.2603, test/MAE: 0.2603, test/MSE: 0.1670]
2025-08-26 20:40:26,917 - easytorch-training - INFO - Checkpoint checkpoints/DLinear/Electricity_100_336_336/a53734a99d1c261afb7b07dd514cf034/DLinear_036.pt saved
2025-08-26 20:40:26,917 - easytorch-training - INFO - The estimated training finish time is 2025-08-26 22:03:20
2025-08-26 20:40:26,917 - easytorch-training - INFO - Epoch 37 / 100
2025-08-26 20:41:24,402 - easytorch-training - INFO - Result <train>: [train/time: 57.48 (s), train/lr: 7.50e-05, train/loss: 0.2651, train/MAE: 0.2651, train/MSE: 0.1778]
2025-08-26 20:41:24,403 - easytorch-training - INFO - Start validation.
2025-08-26 20:41:30,594 - easytorch-training - INFO - Result <val>: [val/time: 6.19 (s), val/loss: 0.2400, val/MAE: 0.2400, val/MSE: 0.1515]
2025-08-26 20:41:45,084 - easytorch-training - INFO - Result <test>: [test/time: 14.48 (s), test/loss: 0.2605, test/MAE: 0.2605, test/MSE: 0.1669]
2025-08-26 20:41:45,092 - easytorch-training - INFO - Checkpoint checkpoints/DLinear/Electricity_100_336_336/a53734a99d1c261afb7b07dd514cf034/DLinear_037.pt saved
2025-08-26 20:41:45,092 - easytorch-training - INFO - The estimated training finish time is 2025-08-26 22:03:21
2025-08-26 20:41:45,092 - easytorch-training - INFO - Epoch 38 / 100
2025-08-26 20:42:42,656 - easytorch-training - INFO - Result <train>: [train/time: 57.56 (s), train/lr: 7.50e-05, train/loss: 0.2651, train/MAE: 0.2651, train/MSE: 0.1778]
2025-08-26 20:42:42,657 - easytorch-training - INFO - Start validation.
2025-08-26 20:42:48,879 - easytorch-training - INFO - Result <val>: [val/time: 6.22 (s), val/loss: 0.2398, val/MAE: 0.2398, val/MSE: 0.1514]
2025-08-26 20:43:03,407 - easytorch-training - INFO - Result <test>: [test/time: 14.52 (s), test/loss: 0.2604, test/MAE: 0.2604, test/MSE: 0.1668]
2025-08-26 20:43:03,412 - easytorch-training - INFO - Checkpoint checkpoints/DLinear/Electricity_100_336_336/a53734a99d1c261afb7b07dd514cf034/DLinear_038.pt saved
2025-08-26 20:43:03,412 - easytorch-training - INFO - The estimated training finish time is 2025-08-26 22:03:22
2025-08-26 20:43:03,412 - easytorch-training - INFO - Epoch 39 / 100
2025-08-26 20:44:01,018 - easytorch-training - INFO - Result <train>: [train/time: 57.61 (s), train/lr: 7.50e-05, train/loss: 0.2651, train/MAE: 0.2651, train/MSE: 0.1778]
2025-08-26 20:44:01,019 - easytorch-training - INFO - Start validation.
2025-08-26 20:44:07,210 - easytorch-training - INFO - Result <val>: [val/time: 6.19 (s), val/loss: 0.2398, val/MAE: 0.2398, val/MSE: 0.1517]
2025-08-26 20:44:21,724 - easytorch-training - INFO - Result <test>: [test/time: 14.50 (s), test/loss: 0.2602, test/MAE: 0.2602, test/MSE: 0.1669]
2025-08-26 20:44:21,731 - easytorch-training - INFO - Checkpoint checkpoints/DLinear/Electricity_100_336_336/a53734a99d1c261afb7b07dd514cf034/DLinear_039.pt saved
2025-08-26 20:44:21,731 - easytorch-training - INFO - The estimated training finish time is 2025-08-26 22:03:24
2025-08-26 20:44:21,731 - easytorch-training - INFO - Epoch 40 / 100
2025-08-26 20:45:19,097 - easytorch-training - INFO - Result <train>: [train/time: 57.37 (s), train/lr: 7.50e-05, train/loss: 0.2651, train/MAE: 0.2651, train/MSE: 0.1778]
2025-08-26 20:45:19,098 - easytorch-training - INFO - Start validation.
2025-08-26 20:45:25,298 - easytorch-training - INFO - Result <val>: [val/time: 6.20 (s), val/loss: 0.2399, val/MAE: 0.2399, val/MSE: 0.1515]
2025-08-26 20:45:39,794 - easytorch-training - INFO - Result <test>: [test/time: 14.48 (s), test/loss: 0.2604, test/MAE: 0.2604, test/MSE: 0.1668]
2025-08-26 20:45:39,800 - easytorch-training - INFO - Checkpoint checkpoints/DLinear/Electricity_100_336_336/a53734a99d1c261afb7b07dd514cf034/DLinear_040.pt saved
2025-08-26 20:45:39,802 - easytorch-training - INFO - The estimated training finish time is 2025-08-26 22:03:25
2025-08-26 20:45:39,803 - easytorch-training - INFO - Epoch 41 / 100
2025-08-26 20:46:37,364 - easytorch-training - INFO - Result <train>: [train/time: 57.56 (s), train/lr: 7.50e-05, train/loss: 0.2651, train/MAE: 0.2651, train/MSE: 0.1778]
2025-08-26 20:46:37,365 - easytorch-training - INFO - Start validation.
2025-08-26 20:46:43,541 - easytorch-training - INFO - Result <val>: [val/time: 6.18 (s), val/loss: 0.2400, val/MAE: 0.2400, val/MSE: 0.1518]
2025-08-26 20:46:58,011 - easytorch-training - INFO - Result <test>: [test/time: 14.46 (s), test/loss: 0.2603, test/MAE: 0.2603, test/MSE: 0.1669]
2025-08-26 20:46:58,016 - easytorch-training - INFO - Checkpoint checkpoints/DLinear/Electricity_100_336_336/a53734a99d1c261afb7b07dd514cf034/DLinear_041.pt saved
2025-08-26 20:46:58,016 - easytorch-training - INFO - The estimated training finish time is 2025-08-26 22:03:26
2025-08-26 20:46:58,016 - easytorch-training - INFO - Epoch 42 / 100
2025-08-26 20:47:55,446 - easytorch-training - INFO - Result <train>: [train/time: 57.43 (s), train/lr: 7.50e-05, train/loss: 0.2651, train/MAE: 0.2651, train/MSE: 0.1777]
2025-08-26 20:47:55,447 - easytorch-training - INFO - Start validation.
2025-08-26 20:48:01,656 - easytorch-training - INFO - Result <val>: [val/time: 6.21 (s), val/loss: 0.2398, val/MAE: 0.2398, val/MSE: 0.1513]
2025-08-26 20:48:16,157 - easytorch-training - INFO - Result <test>: [test/time: 14.49 (s), test/loss: 0.2605, test/MAE: 0.2605, test/MSE: 0.1667]
2025-08-26 20:48:16,163 - easytorch-training - INFO - Checkpoint checkpoints/DLinear/Electricity_100_336_336/a53734a99d1c261afb7b07dd514cf034/DLinear_042.pt saved
2025-08-26 20:48:16,163 - easytorch-training - INFO - The estimated training finish time is 2025-08-26 22:03:27
2025-08-26 20:48:16,163 - easytorch-training - INFO - Epoch 43 / 100
2025-08-26 20:49:13,726 - easytorch-training - INFO - Result <train>: [train/time: 57.56 (s), train/lr: 7.50e-05, train/loss: 0.2651, train/MAE: 0.2651, train/MSE: 0.1778]
2025-08-26 20:49:13,727 - easytorch-training - INFO - Start validation.
2025-08-26 20:49:19,927 - easytorch-training - INFO - Result <val>: [val/time: 6.20 (s), val/loss: 0.2398, val/MAE: 0.2398, val/MSE: 0.1514]
2025-08-26 20:49:34,428 - easytorch-training - INFO - Result <test>: [test/time: 14.49 (s), test/loss: 0.2605, test/MAE: 0.2605, test/MSE: 0.1668]
2025-08-26 20:49:34,433 - easytorch-training - INFO - Checkpoint checkpoints/DLinear/Electricity_100_336_336/a53734a99d1c261afb7b07dd514cf034/DLinear_043.pt saved
2025-08-26 20:49:34,434 - easytorch-training - INFO - The estimated training finish time is 2025-08-26 22:03:28
2025-08-26 20:49:34,434 - easytorch-training - INFO - Epoch 44 / 100
2025-08-26 20:50:31,831 - easytorch-training - INFO - Result <train>: [train/time: 57.40 (s), train/lr: 7.50e-05, train/loss: 0.2651, train/MAE: 0.2651, train/MSE: 0.1777]
2025-08-26 20:50:31,832 - easytorch-training - INFO - Start validation.
2025-08-26 20:50:37,901 - easytorch-training - INFO - Result <val>: [val/time: 6.07 (s), val/loss: 0.2397, val/MAE: 0.2397, val/MSE: 0.1513]
2025-08-26 20:50:37,909 - easytorch-training - INFO - Checkpoint checkpoints/DLinear/Electricity_100_336_336/a53734a99d1c261afb7b07dd514cf034/DLinear_best_val_MAE.pt saved
2025-08-26 20:50:51,909 - easytorch-training - INFO - Result <test>: [test/time: 13.99 (s), test/loss: 0.2605, test/MAE: 0.2605, test/MSE: 0.1668]
2025-08-26 20:50:51,916 - easytorch-training - INFO - Checkpoint checkpoints/DLinear/Electricity_100_336_336/a53734a99d1c261afb7b07dd514cf034/DLinear_044.pt saved
2025-08-26 20:50:51,916 - easytorch-training - INFO - The estimated training finish time is 2025-08-26 22:03:27
2025-08-26 20:50:51,917 - easytorch-training - INFO - Epoch 45 / 100
2025-08-26 20:51:47,360 - easytorch-training - INFO - Result <train>: [train/time: 55.44 (s), train/lr: 7.50e-05, train/loss: 0.2651, train/MAE: 0.2651, train/MSE: 0.1778]
2025-08-26 20:51:47,361 - easytorch-training - INFO - Start validation.
2025-08-26 20:51:53,366 - easytorch-training - INFO - Result <val>: [val/time: 6.00 (s), val/loss: 0.2399, val/MAE: 0.2399, val/MSE: 0.1519]
2025-08-26 20:52:07,464 - easytorch-training - INFO - Result <test>: [test/time: 14.09 (s), test/loss: 0.2601, test/MAE: 0.2601, test/MSE: 0.1670]
2025-08-26 20:52:07,469 - easytorch-training - INFO - Checkpoint checkpoints/DLinear/Electricity_100_336_336/a53734a99d1c261afb7b07dd514cf034/DLinear_045.pt saved
2025-08-26 20:52:07,469 - easytorch-training - INFO - The estimated training finish time is 2025-08-26 22:03:22
2025-08-26 20:52:07,469 - easytorch-training - INFO - Epoch 46 / 100
2025-08-26 20:53:03,026 - easytorch-training - INFO - Result <train>: [train/time: 55.56 (s), train/lr: 7.50e-05, train/loss: 0.2651, train/MAE: 0.2651, train/MSE: 0.1777]
2025-08-26 20:53:03,026 - easytorch-training - INFO - Start validation.
2025-08-26 20:53:09,022 - easytorch-training - INFO - Result <val>: [val/time: 6.00 (s), val/loss: 0.2398, val/MAE: 0.2398, val/MSE: 0.1516]
2025-08-26 20:53:23,076 - easytorch-training - INFO - Result <test>: [test/time: 14.05 (s), test/loss: 0.2602, test/MAE: 0.2602, test/MSE: 0.1668]
2025-08-26 20:53:23,083 - easytorch-training - INFO - Checkpoint checkpoints/DLinear/Electricity_100_336_336/a53734a99d1c261afb7b07dd514cf034/DLinear_046.pt saved
2025-08-26 20:53:23,083 - easytorch-training - INFO - The estimated training finish time is 2025-08-26 22:03:18
2025-08-26 20:53:23,083 - easytorch-training - INFO - Epoch 47 / 100
2025-08-26 20:54:18,877 - easytorch-training - INFO - Result <train>: [train/time: 55.79 (s), train/lr: 7.50e-05, train/loss: 0.2651, train/MAE: 0.2651, train/MSE: 0.1778]
2025-08-26 20:54:18,878 - easytorch-training - INFO - Start validation.
2025-08-26 20:54:24,901 - easytorch-training - INFO - Result <val>: [val/time: 6.02 (s), val/loss: 0.2397, val/MAE: 0.2397, val/MSE: 0.1511]
2025-08-26 20:54:24,912 - easytorch-training - INFO - Checkpoint checkpoints/DLinear/Electricity_100_336_336/a53734a99d1c261afb7b07dd514cf034/DLinear_best_val_MAE.pt saved
2025-08-26 20:54:38,996 - easytorch-training - INFO - Result <test>: [test/time: 14.07 (s), test/loss: 0.2605, test/MAE: 0.2605, test/MSE: 0.1667]
2025-08-26 20:54:39,001 - easytorch-training - INFO - Checkpoint checkpoints/DLinear/Electricity_100_336_336/a53734a99d1c261afb7b07dd514cf034/DLinear_047.pt saved
2025-08-26 20:54:39,001 - easytorch-training - INFO - The estimated training finish time is 2025-08-26 22:03:14
2025-08-26 20:54:39,002 - easytorch-training - INFO - Epoch 48 / 100
2025-08-26 20:55:34,805 - easytorch-training - INFO - Result <train>: [train/time: 55.80 (s), train/lr: 7.50e-05, train/loss: 0.2651, train/MAE: 0.2651, train/MSE: 0.1777]
2025-08-26 20:55:34,806 - easytorch-training - INFO - Start validation.
2025-08-26 20:55:40,835 - easytorch-training - INFO - Result <val>: [val/time: 6.03 (s), val/loss: 0.2398, val/MAE: 0.2398, val/MSE: 0.1518]
2025-08-26 20:55:54,915 - easytorch-training - INFO - Result <test>: [test/time: 14.07 (s), test/loss: 0.2602, test/MAE: 0.2602, test/MSE: 0.1669]
2025-08-26 20:55:54,921 - easytorch-training - INFO - Checkpoint checkpoints/DLinear/Electricity_100_336_336/a53734a99d1c261afb7b07dd514cf034/DLinear_048.pt saved
2025-08-26 20:55:54,921 - easytorch-training - INFO - The estimated training finish time is 2025-08-26 22:03:10
2025-08-26 20:55:54,921 - easytorch-training - INFO - Epoch 49 / 100
2025-08-26 20:56:51,401 - easytorch-training - INFO - Result <train>: [train/time: 56.48 (s), train/lr: 7.50e-05, train/loss: 0.2651, train/MAE: 0.2651, train/MSE: 0.1778]
2025-08-26 20:56:51,402 - easytorch-training - INFO - Start validation.
2025-08-26 20:56:57,843 - easytorch-training - INFO - Result <val>: [val/time: 6.44 (s), val/loss: 0.2397, val/MAE: 0.2397, val/MSE: 0.1515]
2025-08-26 20:57:12,972 - easytorch-training - INFO - Result <test>: [test/time: 15.12 (s), test/loss: 0.2603, test/MAE: 0.2603, test/MSE: 0.1669]
2025-08-26 20:57:12,977 - easytorch-training - INFO - Checkpoint checkpoints/DLinear/Electricity_100_336_336/a53734a99d1c261afb7b07dd514cf034/DLinear_049.pt saved
2025-08-26 20:57:12,978 - easytorch-training - INFO - The estimated training finish time is 2025-08-26 22:03:11
2025-08-26 20:57:12,978 - easytorch-training - INFO - Epoch 50 / 100
2025-08-26 20:58:12,721 - easytorch-training - INFO - Result <train>: [train/time: 59.74 (s), train/lr: 7.50e-05, train/loss: 0.2651, train/MAE: 0.2651, train/MSE: 0.1778]
2025-08-26 20:58:12,722 - easytorch-training - INFO - Start validation.
2025-08-26 20:58:19,156 - easytorch-training - INFO - Result <val>: [val/time: 6.43 (s), val/loss: 0.2397, val/MAE: 0.2397, val/MSE: 0.1517]
2025-08-26 20:58:34,271 - easytorch-training - INFO - Result <test>: [test/time: 15.10 (s), test/loss: 0.2601, test/MAE: 0.2601, test/MSE: 0.1669]
2025-08-26 20:58:34,276 - easytorch-training - INFO - Checkpoint checkpoints/DLinear/Electricity_100_336_336/a53734a99d1c261afb7b07dd514cf034/DLinear_050.pt saved
2025-08-26 20:58:34,278 - easytorch-training - INFO - The estimated training finish time is 2025-08-26 22:03:19
2025-08-26 20:58:34,278 - easytorch-training - INFO - Epoch 51 / 100
2025-08-26 20:59:33,953 - easytorch-training - INFO - Result <train>: [train/time: 59.67 (s), train/lr: 7.50e-05, train/loss: 0.2651, train/MAE: 0.2651, train/MSE: 0.1778]
2025-08-26 20:59:33,953 - easytorch-training - INFO - Start validation.
2025-08-26 20:59:40,374 - easytorch-training - INFO - Result <val>: [val/time: 6.42 (s), val/loss: 0.2400, val/MAE: 0.2400, val/MSE: 0.1523]
2025-08-26 20:59:55,480 - easytorch-training - INFO - Result <test>: [test/time: 15.09 (s), test/loss: 0.2600, test/MAE: 0.2600, test/MSE: 0.1672]
2025-08-26 20:59:55,487 - easytorch-training - INFO - Checkpoint checkpoints/DLinear/Electricity_100_336_336/a53734a99d1c261afb7b07dd514cf034/DLinear_051.pt saved
2025-08-26 20:59:55,487 - easytorch-training - INFO - The estimated training finish time is 2025-08-26 22:03:25
2025-08-26 20:59:55,487 - easytorch-training - INFO - Epoch 52 / 100
2025-08-26 21:00:55,127 - easytorch-training - INFO - Result <train>: [train/time: 59.64 (s), train/lr: 7.50e-05, train/loss: 0.2651, train/MAE: 0.2651, train/MSE: 0.1778]
2025-08-26 21:00:55,127 - easytorch-training - INFO - Start validation.
2025-08-26 21:01:01,567 - easytorch-training - INFO - Result <val>: [val/time: 6.44 (s), val/loss: 0.2399, val/MAE: 0.2399, val/MSE: 0.1512]
2025-08-26 21:01:16,640 - easytorch-training - INFO - Result <test>: [test/time: 15.06 (s), test/loss: 0.2608, test/MAE: 0.2608, test/MSE: 0.1668]
2025-08-26 21:01:16,648 - easytorch-training - INFO - Checkpoint checkpoints/DLinear/Electricity_100_336_336/a53734a99d1c261afb7b07dd514cf034/DLinear_052.pt saved
2025-08-26 21:01:16,648 - easytorch-training - INFO - The estimated training finish time is 2025-08-26 22:03:32
2025-08-26 21:01:16,648 - easytorch-training - INFO - Epoch 53 / 100
2025-08-26 21:02:16,203 - easytorch-training - INFO - Result <train>: [train/time: 59.55 (s), train/lr: 7.50e-05, train/loss: 0.2651, train/MAE: 0.2651, train/MSE: 0.1777]
2025-08-26 21:02:16,203 - easytorch-training - INFO - Start validation.
2025-08-26 21:02:22,637 - easytorch-training - INFO - Result <val>: [val/time: 6.43 (s), val/loss: 0.2398, val/MAE: 0.2398, val/MSE: 0.1513]
2025-08-26 21:02:37,756 - easytorch-training - INFO - Result <test>: [test/time: 15.11 (s), test/loss: 0.2605, test/MAE: 0.2605, test/MSE: 0.1667]
2025-08-26 21:02:37,760 - easytorch-training - INFO - Checkpoint checkpoints/DLinear/Electricity_100_336_336/a53734a99d1c261afb7b07dd514cf034/DLinear_053.pt saved
2025-08-26 21:02:37,761 - easytorch-training - INFO - The estimated training finish time is 2025-08-26 22:03:38
2025-08-26 21:02:37,761 - easytorch-training - INFO - Epoch 54 / 100
2025-08-26 21:03:37,342 - easytorch-training - INFO - Result <train>: [train/time: 59.58 (s), train/lr: 7.50e-05, train/loss: 0.2651, train/MAE: 0.2651, train/MSE: 0.1778]
2025-08-26 21:03:37,343 - easytorch-training - INFO - Start validation.
2025-08-26 21:03:43,760 - easytorch-training - INFO - Result <val>: [val/time: 6.42 (s), val/loss: 0.2400, val/MAE: 0.2400, val/MSE: 0.1513]
2025-08-26 21:03:58,859 - easytorch-training - INFO - Result <test>: [test/time: 15.09 (s), test/loss: 0.2607, test/MAE: 0.2607, test/MSE: 0.1668]
2025-08-26 21:03:58,868 - easytorch-training - INFO - Checkpoint checkpoints/DLinear/Electricity_100_336_336/a53734a99d1c261afb7b07dd514cf034/DLinear_054.pt saved
2025-08-26 21:03:58,868 - easytorch-training - INFO - The estimated training finish time is 2025-08-26 22:03:44
2025-08-26 21:03:58,869 - easytorch-training - INFO - Epoch 55 / 100
2025-08-26 21:04:58,385 - easytorch-training - INFO - Result <train>: [train/time: 59.52 (s), train/lr: 7.50e-05, train/loss: 0.2651, train/MAE: 0.2651, train/MSE: 0.1778]
2025-08-26 21:04:58,386 - easytorch-training - INFO - Start validation.
2025-08-26 21:05:04,867 - easytorch-training - INFO - Result <val>: [val/time: 6.48 (s), val/loss: 0.2398, val/MAE: 0.2398, val/MSE: 0.1517]
2025-08-26 21:05:19,968 - easytorch-training - INFO - Result <test>: [test/time: 15.09 (s), test/loss: 0.2602, test/MAE: 0.2602, test/MSE: 0.1669]
2025-08-26 21:05:19,974 - easytorch-training - INFO - Checkpoint checkpoints/DLinear/Electricity_100_336_336/a53734a99d1c261afb7b07dd514cf034/DLinear_055.pt saved
2025-08-26 21:05:19,975 - easytorch-training - INFO - The estimated training finish time is 2025-08-26 22:03:50
2025-08-26 21:05:19,975 - easytorch-training - INFO - Epoch 56 / 100
2025-08-26 21:06:19,573 - easytorch-training - INFO - Result <train>: [train/time: 59.60 (s), train/lr: 7.50e-05, train/loss: 0.2651, train/MAE: 0.2651, train/MSE: 0.1778]
2025-08-26 21:06:19,574 - easytorch-training - INFO - Start validation.
2025-08-26 21:06:26,020 - easytorch-training - INFO - Result <val>: [val/time: 6.45 (s), val/loss: 0.2398, val/MAE: 0.2398, val/MSE: 0.1515]
2025-08-26 21:06:41,135 - easytorch-training - INFO - Result <test>: [test/time: 15.10 (s), test/loss: 0.2603, test/MAE: 0.2603, test/MSE: 0.1668]
2025-08-26 21:06:41,140 - easytorch-training - INFO - Checkpoint checkpoints/DLinear/Electricity_100_336_336/a53734a99d1c261afb7b07dd514cf034/DLinear_056.pt saved
2025-08-26 21:06:41,140 - easytorch-training - INFO - The estimated training finish time is 2025-08-26 22:03:55
2025-08-26 21:06:41,140 - easytorch-training - INFO - Epoch 57 / 100
2025-08-26 21:07:40,683 - easytorch-training - INFO - Result <train>: [train/time: 59.54 (s), train/lr: 7.50e-05, train/loss: 0.2651, train/MAE: 0.2651, train/MSE: 0.1778]
2025-08-26 21:07:40,684 - easytorch-training - INFO - Start validation.
2025-08-26 21:07:47,137 - easytorch-training - INFO - Result <val>: [val/time: 6.45 (s), val/loss: 0.2398, val/MAE: 0.2398, val/MSE: 0.1516]
2025-08-26 21:08:02,208 - easytorch-training - INFO - Result <test>: [test/time: 15.06 (s), test/loss: 0.2603, test/MAE: 0.2603, test/MSE: 0.1668]
2025-08-26 21:08:02,214 - easytorch-training - INFO - Checkpoint checkpoints/DLinear/Electricity_100_336_336/a53734a99d1c261afb7b07dd514cf034/DLinear_057.pt saved
2025-08-26 21:08:02,214 - easytorch-training - INFO - The estimated training finish time is 2025-08-26 22:04:01
2025-08-26 21:08:02,214 - easytorch-training - INFO - Epoch 58 / 100
2025-08-26 21:09:01,718 - easytorch-training - INFO - Result <train>: [train/time: 59.50 (s), train/lr: 7.50e-05, train/loss: 0.2651, train/MAE: 0.2651, train/MSE: 0.1777]
2025-08-26 21:09:01,719 - easytorch-training - INFO - Start validation.
2025-08-26 21:09:08,163 - easytorch-training - INFO - Result <val>: [val/time: 6.44 (s), val/loss: 0.2397, val/MAE: 0.2397, val/MSE: 0.1514]
2025-08-26 21:09:23,240 - easytorch-training - INFO - Result <test>: [test/time: 15.06 (s), test/loss: 0.2603, test/MAE: 0.2603, test/MSE: 0.1668]
2025-08-26 21:09:23,247 - easytorch-training - INFO - Checkpoint checkpoints/DLinear/Electricity_100_336_336/a53734a99d1c261afb7b07dd514cf034/DLinear_058.pt saved
2025-08-26 21:09:23,247 - easytorch-training - INFO - The estimated training finish time is 2025-08-26 22:04:06
2025-08-26 21:09:23,247 - easytorch-training - INFO - Epoch 59 / 100
2025-08-26 21:10:22,999 - easytorch-training - INFO - Result <train>: [train/time: 59.75 (s), train/lr: 7.50e-05, train/loss: 0.2651, train/MAE: 0.2651, train/MSE: 0.1778]
2025-08-26 21:10:22,999 - easytorch-training - INFO - Start validation.
2025-08-26 21:10:29,479 - easytorch-training - INFO - Result <val>: [val/time: 6.48 (s), val/loss: 0.2397, val/MAE: 0.2397, val/MSE: 0.1514]
2025-08-26 21:10:44,733 - easytorch-training - INFO - Result <test>: [test/time: 15.24 (s), test/loss: 0.2603, test/MAE: 0.2603, test/MSE: 0.1668]
2025-08-26 21:10:44,738 - easytorch-training - INFO - Checkpoint checkpoints/DLinear/Electricity_100_336_336/a53734a99d1c261afb7b07dd514cf034/DLinear_059.pt saved
2025-08-26 21:10:44,738 - easytorch-training - INFO - The estimated training finish time is 2025-08-26 22:04:11
2025-08-26 21:10:44,738 - easytorch-training - INFO - Epoch 60 / 100
2025-08-26 21:11:44,720 - easytorch-training - INFO - Result <train>: [train/time: 59.98 (s), train/lr: 7.50e-05, train/loss: 0.2651, train/MAE: 0.2651, train/MSE: 0.1777]
2025-08-26 21:11:44,721 - easytorch-training - INFO - Start validation.
2025-08-26 21:11:51,216 - easytorch-training - INFO - Result <val>: [val/time: 6.49 (s), val/loss: 0.2397, val/MAE: 0.2397, val/MSE: 0.1512]
2025-08-26 21:12:06,429 - easytorch-training - INFO - Result <test>: [test/time: 15.20 (s), test/loss: 0.2605, test/MAE: 0.2605, test/MSE: 0.1667]
2025-08-26 21:12:06,437 - easytorch-training - INFO - Checkpoint checkpoints/DLinear/Electricity_100_336_336/a53734a99d1c261afb7b07dd514cf034/DLinear_060.pt saved
2025-08-26 21:12:06,440 - easytorch-training - INFO - The estimated training finish time is 2025-08-26 22:04:17
2025-08-26 21:12:06,440 - easytorch-training - INFO - Epoch 61 / 100
2025-08-26 21:13:06,366 - easytorch-training - INFO - Result <train>: [train/time: 59.93 (s), train/lr: 7.50e-05, train/loss: 0.2651, train/MAE: 0.2651, train/MSE: 0.1778]
2025-08-26 21:13:06,367 - easytorch-training - INFO - Start validation.
2025-08-26 21:13:12,847 - easytorch-training - INFO - Result <val>: [val/time: 6.48 (s), val/loss: 0.2397, val/MAE: 0.2397, val/MSE: 0.1511]
2025-08-26 21:13:28,067 - easytorch-training - INFO - Result <test>: [test/time: 15.21 (s), test/loss: 0.2606, test/MAE: 0.2606, test/MSE: 0.1666]
2025-08-26 21:13:28,072 - easytorch-training - INFO - Checkpoint checkpoints/DLinear/Electricity_100_336_336/a53734a99d1c261afb7b07dd514cf034/DLinear_061.pt saved
2025-08-26 21:13:28,072 - easytorch-training - INFO - The estimated training finish time is 2025-08-26 22:04:23
2025-08-26 21:13:28,072 - easytorch-training - INFO - Epoch 62 / 100
2025-08-26 21:14:28,034 - easytorch-training - INFO - Result <train>: [train/time: 59.96 (s), train/lr: 7.50e-05, train/loss: 0.2651, train/MAE: 0.2651, train/MSE: 0.1777]
2025-08-26 21:14:28,035 - easytorch-training - INFO - Start validation.
2025-08-26 21:14:34,484 - easytorch-training - INFO - Result <val>: [val/time: 6.45 (s), val/loss: 0.2398, val/MAE: 0.2398, val/MSE: 0.1509]
2025-08-26 21:14:49,690 - easytorch-training - INFO - Result <test>: [test/time: 15.19 (s), test/loss: 0.2608, test/MAE: 0.2608, test/MSE: 0.1666]
2025-08-26 21:14:49,696 - easytorch-training - INFO - Checkpoint checkpoints/DLinear/Electricity_100_336_336/a53734a99d1c261afb7b07dd514cf034/DLinear_062.pt saved
2025-08-26 21:14:49,696 - easytorch-training - INFO - The estimated training finish time is 2025-08-26 22:04:28
2025-08-26 21:14:49,696 - easytorch-training - INFO - Epoch 63 / 100
2025-08-26 21:15:49,613 - easytorch-training - INFO - Result <train>: [train/time: 59.92 (s), train/lr: 7.50e-05, train/loss: 0.2651, train/MAE: 0.2651, train/MSE: 0.1777]
2025-08-26 21:15:49,614 - easytorch-training - INFO - Start validation.
2025-08-26 21:15:56,078 - easytorch-training - INFO - Result <val>: [val/time: 6.46 (s), val/loss: 0.2399, val/MAE: 0.2399, val/MSE: 0.1520]
2025-08-26 21:16:11,258 - easytorch-training - INFO - Result <test>: [test/time: 15.17 (s), test/loss: 0.2601, test/MAE: 0.2601, test/MSE: 0.1670]
2025-08-26 21:16:11,266 - easytorch-training - INFO - Checkpoint checkpoints/DLinear/Electricity_100_336_336/a53734a99d1c261afb7b07dd514cf034/DLinear_063.pt saved
2025-08-26 21:16:11,266 - easytorch-training - INFO - The estimated training finish time is 2025-08-26 22:04:33
2025-08-26 21:16:11,266 - easytorch-training - INFO - Epoch 64 / 100
2025-08-26 21:17:11,091 - easytorch-training - INFO - Result <train>: [train/time: 59.82 (s), train/lr: 7.50e-05, train/loss: 0.2651, train/MAE: 0.2651, train/MSE: 0.1778]
2025-08-26 21:17:11,092 - easytorch-training - INFO - Start validation.
2025-08-26 21:17:17,637 - easytorch-training - INFO - Result <val>: [val/time: 6.54 (s), val/loss: 0.2398, val/MAE: 0.2398, val/MSE: 0.1517]
2025-08-26 21:17:32,871 - easytorch-training - INFO - Result <test>: [test/time: 15.22 (s), test/loss: 0.2603, test/MAE: 0.2603, test/MSE: 0.1669]
2025-08-26 21:17:32,877 - easytorch-training - INFO - Checkpoint checkpoints/DLinear/Electricity_100_336_336/a53734a99d1c261afb7b07dd514cf034/DLinear_064.pt saved
2025-08-26 21:17:32,877 - easytorch-training - INFO - The estimated training finish time is 2025-08-26 22:04:38
2025-08-26 21:17:32,877 - easytorch-training - INFO - Epoch 65 / 100
2025-08-26 21:18:32,715 - easytorch-training - INFO - Result <train>: [train/time: 59.84 (s), train/lr: 7.50e-05, train/loss: 0.2651, train/MAE: 0.2651, train/MSE: 0.1778]
2025-08-26 21:18:32,715 - easytorch-training - INFO - Start validation.
2025-08-26 21:18:39,191 - easytorch-training - INFO - Result <val>: [val/time: 6.48 (s), val/loss: 0.2399, val/MAE: 0.2399, val/MSE: 0.1513]
2025-08-26 21:18:54,443 - easytorch-training - INFO - Result <test>: [test/time: 15.24 (s), test/loss: 0.2606, test/MAE: 0.2606, test/MSE: 0.1668]
2025-08-26 21:18:54,449 - easytorch-training - INFO - Checkpoint checkpoints/DLinear/Electricity_100_336_336/a53734a99d1c261afb7b07dd514cf034/DLinear_065.pt saved
2025-08-26 21:18:54,449 - easytorch-training - INFO - The estimated training finish time is 2025-08-26 22:04:43
2025-08-26 21:18:54,449 - easytorch-training - INFO - Epoch 66 / 100
2025-08-26 21:19:54,344 - easytorch-training - INFO - Result <train>: [train/time: 59.89 (s), train/lr: 7.50e-05, train/loss: 0.2651, train/MAE: 0.2651, train/MSE: 0.1778]
2025-08-26 21:19:54,345 - easytorch-training - INFO - Start validation.
2025-08-26 21:20:00,814 - easytorch-training - INFO - Result <val>: [val/time: 6.47 (s), val/loss: 0.2397, val/MAE: 0.2397, val/MSE: 0.1515]
2025-08-26 21:20:16,060 - easytorch-training - INFO - Result <test>: [test/time: 15.23 (s), test/loss: 0.2602, test/MAE: 0.2602, test/MSE: 0.1668]
2025-08-26 21:20:16,067 - easytorch-training - INFO - Checkpoint checkpoints/DLinear/Electricity_100_336_336/a53734a99d1c261afb7b07dd514cf034/DLinear_066.pt saved
2025-08-26 21:20:16,067 - easytorch-training - INFO - The estimated training finish time is 2025-08-26 22:04:47
2025-08-26 21:20:16,068 - easytorch-training - INFO - Epoch 67 / 100
2025-08-26 21:21:15,902 - easytorch-training - INFO - Result <train>: [train/time: 59.83 (s), train/lr: 7.50e-05, train/loss: 0.2651, train/MAE: 0.2651, train/MSE: 0.1778]
2025-08-26 21:21:15,902 - easytorch-training - INFO - Start validation.
2025-08-26 21:21:22,372 - easytorch-training - INFO - Result <val>: [val/time: 6.47 (s), val/loss: 0.2398, val/MAE: 0.2398, val/MSE: 0.1513]
2025-08-26 21:21:37,609 - easytorch-training - INFO - Result <test>: [test/time: 15.22 (s), test/loss: 0.2605, test/MAE: 0.2605, test/MSE: 0.1668]
2025-08-26 21:21:37,614 - easytorch-training - INFO - Checkpoint checkpoints/DLinear/Electricity_100_336_336/a53734a99d1c261afb7b07dd514cf034/DLinear_067.pt saved
2025-08-26 21:21:37,614 - easytorch-training - INFO - The estimated training finish time is 2025-08-26 22:04:52
2025-08-26 21:21:37,614 - easytorch-training - INFO - Epoch 68 / 100
2025-08-26 21:22:37,462 - easytorch-training - INFO - Result <train>: [train/time: 59.85 (s), train/lr: 7.50e-05, train/loss: 0.2651, train/MAE: 0.2651, train/MSE: 0.1778]
2025-08-26 21:22:37,462 - easytorch-training - INFO - Start validation.
2025-08-26 21:22:43,977 - easytorch-training - INFO - Result <val>: [val/time: 6.51 (s), val/loss: 0.2396, val/MAE: 0.2396, val/MSE: 0.1514]
2025-08-26 21:22:43,986 - easytorch-training - INFO - Checkpoint checkpoints/DLinear/Electricity_100_336_336/a53734a99d1c261afb7b07dd514cf034/DLinear_best_val_MAE.pt saved
2025-08-26 21:22:59,232 - easytorch-training - INFO - Result <test>: [test/time: 15.23 (s), test/loss: 0.2603, test/MAE: 0.2603, test/MSE: 0.1668]
2025-08-26 21:22:59,242 - easytorch-training - INFO - Checkpoint checkpoints/DLinear/Electricity_100_336_336/a53734a99d1c261afb7b07dd514cf034/DLinear_068.pt saved
2025-08-26 21:22:59,242 - easytorch-training - INFO - The estimated training finish time is 2025-08-26 22:04:56
2025-08-26 21:22:59,242 - easytorch-training - INFO - Epoch 69 / 100
2025-08-26 21:23:59,196 - easytorch-training - INFO - Result <train>: [train/time: 59.95 (s), train/lr: 7.50e-05, train/loss: 0.2651, train/MAE: 0.2651, train/MSE: 0.1777]
2025-08-26 21:23:59,197 - easytorch-training - INFO - Start validation.
2025-08-26 21:24:05,661 - easytorch-training - INFO - Result <val>: [val/time: 6.46 (s), val/loss: 0.2400, val/MAE: 0.2400, val/MSE: 0.1516]
2025-08-26 21:24:20,904 - easytorch-training - INFO - Result <test>: [test/time: 15.23 (s), test/loss: 0.2605, test/MAE: 0.2605, test/MSE: 0.1669]
2025-08-26 21:24:20,909 - easytorch-training - INFO - Checkpoint checkpoints/DLinear/Electricity_100_336_336/a53734a99d1c261afb7b07dd514cf034/DLinear_069.pt saved
2025-08-26 21:24:20,909 - easytorch-training - INFO - The estimated training finish time is 2025-08-26 22:05:01
2025-08-26 21:24:20,909 - easytorch-training - INFO - Epoch 70 / 100
2025-08-26 21:25:20,802 - easytorch-training - INFO - Result <train>: [train/time: 59.89 (s), train/lr: 7.50e-05, train/loss: 0.2651, train/MAE: 0.2651, train/MSE: 0.1778]
2025-08-26 21:25:20,803 - easytorch-training - INFO - Start validation.
2025-08-26 21:25:27,291 - easytorch-training - INFO - Result <val>: [val/time: 6.49 (s), val/loss: 0.2399, val/MAE: 0.2399, val/MSE: 0.1521]
2025-08-26 21:25:42,539 - easytorch-training - INFO - Result <test>: [test/time: 15.24 (s), test/loss: 0.2600, test/MAE: 0.2600, test/MSE: 0.1670]
2025-08-26 21:25:42,544 - easytorch-training - INFO - Checkpoint checkpoints/DLinear/Electricity_100_336_336/a53734a99d1c261afb7b07dd514cf034/DLinear_070.pt saved
2025-08-26 21:25:42,547 - easytorch-training - INFO - The estimated training finish time is 2025-08-26 22:05:05
2025-08-26 21:25:42,548 - easytorch-training - INFO - Epoch 71 / 100
2025-08-26 21:26:42,423 - easytorch-training - INFO - Result <train>: [train/time: 59.88 (s), train/lr: 7.50e-05, train/loss: 0.2651, train/MAE: 0.2651, train/MSE: 0.1778]
2025-08-26 21:26:42,424 - easytorch-training - INFO - Start validation.
2025-08-26 21:26:48,906 - easytorch-training - INFO - Result <val>: [val/time: 6.48 (s), val/loss: 0.2398, val/MAE: 0.2398, val/MSE: 0.1513]
2025-08-26 21:27:04,102 - easytorch-training - INFO - Result <test>: [test/time: 15.18 (s), test/loss: 0.2605, test/MAE: 0.2605, test/MSE: 0.1667]
2025-08-26 21:27:04,108 - easytorch-training - INFO - Checkpoint checkpoints/DLinear/Electricity_100_336_336/a53734a99d1c261afb7b07dd514cf034/DLinear_071.pt saved
2025-08-26 21:27:04,108 - easytorch-training - INFO - The estimated training finish time is 2025-08-26 22:05:09
2025-08-26 21:27:04,108 - easytorch-training - INFO - Epoch 72 / 100
2025-08-26 21:28:03,989 - easytorch-training - INFO - Result <train>: [train/time: 59.88 (s), train/lr: 7.50e-05, train/loss: 0.2651, train/MAE: 0.2651, train/MSE: 0.1778]
2025-08-26 21:28:03,990 - easytorch-training - INFO - Start validation.
2025-08-26 21:28:10,477 - easytorch-training - INFO - Result <val>: [val/time: 6.49 (s), val/loss: 0.2398, val/MAE: 0.2398, val/MSE: 0.1514]
2025-08-26 21:28:25,736 - easytorch-training - INFO - Result <test>: [test/time: 15.25 (s), test/loss: 0.2604, test/MAE: 0.2604, test/MSE: 0.1668]
2025-08-26 21:28:25,741 - easytorch-training - INFO - Checkpoint checkpoints/DLinear/Electricity_100_336_336/a53734a99d1c261afb7b07dd514cf034/DLinear_072.pt saved
2025-08-26 21:28:25,741 - easytorch-training - INFO - The estimated training finish time is 2025-08-26 22:05:13
2025-08-26 21:28:25,741 - easytorch-training - INFO - Epoch 73 / 100
2025-08-26 21:29:25,628 - easytorch-training - INFO - Result <train>: [train/time: 59.89 (s), train/lr: 7.50e-05, train/loss: 0.2651, train/MAE: 0.2651, train/MSE: 0.1778]
2025-08-26 21:29:25,629 - easytorch-training - INFO - Start validation.
2025-08-26 21:29:32,110 - easytorch-training - INFO - Result <val>: [val/time: 6.48 (s), val/loss: 0.2397, val/MAE: 0.2397, val/MSE: 0.1515]
2025-08-26 21:29:47,326 - easytorch-training - INFO - Result <test>: [test/time: 15.20 (s), test/loss: 0.2603, test/MAE: 0.2603, test/MSE: 0.1668]
2025-08-26 21:29:47,334 - easytorch-training - INFO - Checkpoint checkpoints/DLinear/Electricity_100_336_336/a53734a99d1c261afb7b07dd514cf034/DLinear_073.pt saved
2025-08-26 21:29:47,334 - easytorch-training - INFO - The estimated training finish time is 2025-08-26 22:05:16
2025-08-26 21:29:47,334 - easytorch-training - INFO - Epoch 74 / 100
2025-08-26 21:30:47,215 - easytorch-training - INFO - Result <train>: [train/time: 59.88 (s), train/lr: 7.50e-05, train/loss: 0.2651, train/MAE: 0.2651, train/MSE: 0.1778]
2025-08-26 21:30:47,216 - easytorch-training - INFO - Start validation.
2025-08-26 21:30:53,711 - easytorch-training - INFO - Result <val>: [val/time: 6.49 (s), val/loss: 0.2396, val/MAE: 0.2396, val/MSE: 0.1513]
2025-08-26 21:30:53,718 - easytorch-training - INFO - Checkpoint checkpoints/DLinear/Electricity_100_336_336/a53734a99d1c261afb7b07dd514cf034/DLinear_best_val_MAE.pt saved
2025-08-26 21:31:08,942 - easytorch-training - INFO - Result <test>: [test/time: 15.21 (s), test/loss: 0.2603, test/MAE: 0.2603, test/MSE: 0.1667]
2025-08-26 21:31:08,947 - easytorch-training - INFO - Checkpoint checkpoints/DLinear/Electricity_100_336_336/a53734a99d1c261afb7b07dd514cf034/DLinear_074.pt saved
2025-08-26 21:31:08,947 - easytorch-training - INFO - The estimated training finish time is 2025-08-26 22:05:20
2025-08-26 21:31:08,948 - easytorch-training - INFO - Epoch 75 / 100
2025-08-26 21:32:08,887 - easytorch-training - INFO - Result <train>: [train/time: 59.94 (s), train/lr: 7.50e-05, train/loss: 0.2651, train/MAE: 0.2651, train/MSE: 0.1778]
2025-08-26 21:32:08,888 - easytorch-training - INFO - Start validation.
2025-08-26 21:32:15,388 - easytorch-training - INFO - Result <val>: [val/time: 6.50 (s), val/loss: 0.2398, val/MAE: 0.2398, val/MSE: 0.1512]
2025-08-26 21:32:30,629 - easytorch-training - INFO - Result <test>: [test/time: 15.23 (s), test/loss: 0.2605, test/MAE: 0.2605, test/MSE: 0.1667]
2025-08-26 21:32:30,635 - easytorch-training - INFO - Checkpoint checkpoints/DLinear/Electricity_100_336_336/a53734a99d1c261afb7b07dd514cf034/DLinear_075.pt saved
2025-08-26 21:32:30,635 - easytorch-training - INFO - The estimated training finish time is 2025-08-26 22:05:24
2025-08-26 21:32:30,635 - easytorch-training - INFO - Epoch 76 / 100
2025-08-26 21:33:30,572 - easytorch-training - INFO - Result <train>: [train/time: 59.94 (s), train/lr: 7.50e-05, train/loss: 0.2651, train/MAE: 0.2651, train/MSE: 0.1777]
2025-08-26 21:33:30,573 - easytorch-training - INFO - Start validation.
2025-08-26 21:33:37,053 - easytorch-training - INFO - Result <val>: [val/time: 6.48 (s), val/loss: 0.2398, val/MAE: 0.2398, val/MSE: 0.1509]
2025-08-26 21:33:52,303 - easytorch-training - INFO - Result <test>: [test/time: 15.24 (s), test/loss: 0.2608, test/MAE: 0.2608, test/MSE: 0.1666]
2025-08-26 21:33:52,309 - easytorch-training - INFO - Checkpoint checkpoints/DLinear/Electricity_100_336_336/a53734a99d1c261afb7b07dd514cf034/DLinear_076.pt saved
2025-08-26 21:33:52,309 - easytorch-training - INFO - The estimated training finish time is 2025-08-26 22:05:27
2025-08-26 21:33:52,309 - easytorch-training - INFO - Epoch 77 / 100
2025-08-26 21:34:52,298 - easytorch-training - INFO - Result <train>: [train/time: 59.99 (s), train/lr: 7.50e-05, train/loss: 0.2650, train/MAE: 0.2650, train/MSE: 0.1777]
2025-08-26 21:34:52,298 - easytorch-training - INFO - Start validation.
2025-08-26 21:34:58,794 - easytorch-training - INFO - Result <val>: [val/time: 6.50 (s), val/loss: 0.2400, val/MAE: 0.2400, val/MSE: 0.1516]
2025-08-26 21:35:14,023 - easytorch-training - INFO - Result <test>: [test/time: 15.22 (s), test/loss: 0.2605, test/MAE: 0.2605, test/MSE: 0.1669]
2025-08-26 21:35:14,029 - easytorch-training - INFO - Checkpoint checkpoints/DLinear/Electricity_100_336_336/a53734a99d1c261afb7b07dd514cf034/DLinear_077.pt saved
2025-08-26 21:35:14,029 - easytorch-training - INFO - The estimated training finish time is 2025-08-26 22:05:31
2025-08-26 21:35:14,029 - easytorch-training - INFO - Epoch 78 / 100
2025-08-26 21:36:13,922 - easytorch-training - INFO - Result <train>: [train/time: 59.89 (s), train/lr: 7.50e-05, train/loss: 0.2651, train/MAE: 0.2651, train/MSE: 0.1778]
2025-08-26 21:36:13,923 - easytorch-training - INFO - Start validation.
2025-08-26 21:36:20,410 - easytorch-training - INFO - Result <val>: [val/time: 6.49 (s), val/loss: 0.2397, val/MAE: 0.2397, val/MSE: 0.1515]
2025-08-26 21:36:35,599 - easytorch-training - INFO - Result <test>: [test/time: 15.18 (s), test/loss: 0.2602, test/MAE: 0.2602, test/MSE: 0.1668]
2025-08-26 21:36:35,607 - easytorch-training - INFO - Checkpoint checkpoints/DLinear/Electricity_100_336_336/a53734a99d1c261afb7b07dd514cf034/DLinear_078.pt saved
2025-08-26 21:36:35,607 - easytorch-training - INFO - The estimated training finish time is 2025-08-26 22:05:34
2025-08-26 21:36:35,608 - easytorch-training - INFO - Epoch 79 / 100
2025-08-26 21:37:35,528 - easytorch-training - INFO - Result <train>: [train/time: 59.92 (s), train/lr: 7.50e-05, train/loss: 0.2651, train/MAE: 0.2651, train/MSE: 0.1777]
2025-08-26 21:37:35,529 - easytorch-training - INFO - Start validation.
2025-08-26 21:37:42,022 - easytorch-training - INFO - Result <val>: [val/time: 6.49 (s), val/loss: 0.2398, val/MAE: 0.2398, val/MSE: 0.1514]
2025-08-26 21:37:57,308 - easytorch-training - INFO - Result <test>: [test/time: 15.27 (s), test/loss: 0.2605, test/MAE: 0.2605, test/MSE: 0.1668]
2025-08-26 21:37:57,316 - easytorch-training - INFO - Checkpoint checkpoints/DLinear/Electricity_100_336_336/a53734a99d1c261afb7b07dd514cf034/DLinear_079.pt saved
2025-08-26 21:37:57,316 - easytorch-training - INFO - The estimated training finish time is 2025-08-26 22:05:38
2025-08-26 21:37:57,316 - easytorch-training - INFO - Epoch 80 / 100
2025-08-26 21:38:57,233 - easytorch-training - INFO - Result <train>: [train/time: 59.92 (s), train/lr: 7.50e-05, train/loss: 0.2651, train/MAE: 0.2651, train/MSE: 0.1778]
2025-08-26 21:38:57,234 - easytorch-training - INFO - Start validation.
2025-08-26 21:39:03,753 - easytorch-training - INFO - Result <val>: [val/time: 6.52 (s), val/loss: 0.2398, val/MAE: 0.2398, val/MSE: 0.1517]
2025-08-26 21:39:19,044 - easytorch-training - INFO - Result <test>: [test/time: 15.28 (s), test/loss: 0.2602, test/MAE: 0.2602, test/MSE: 0.1669]
2025-08-26 21:39:19,049 - easytorch-training - INFO - Checkpoint checkpoints/DLinear/Electricity_100_336_336/a53734a99d1c261afb7b07dd514cf034/DLinear_080.pt saved
2025-08-26 21:39:19,052 - easytorch-training - INFO - The estimated training finish time is 2025-08-26 22:05:41
2025-08-26 21:39:19,052 - easytorch-training - INFO - Epoch 81 / 100
2025-08-26 21:40:19,017 - easytorch-training - INFO - Result <train>: [train/time: 59.97 (s), train/lr: 7.50e-05, train/loss: 0.2651, train/MAE: 0.2651, train/MSE: 0.1778]
2025-08-26 21:40:19,018 - easytorch-training - INFO - Start validation.
2025-08-26 21:40:25,484 - easytorch-training - INFO - Result <val>: [val/time: 6.47 (s), val/loss: 0.2398, val/MAE: 0.2398, val/MSE: 0.1510]
2025-08-26 21:40:40,704 - easytorch-training - INFO - Result <test>: [test/time: 15.21 (s), test/loss: 0.2607, test/MAE: 0.2607, test/MSE: 0.1667]
2025-08-26 21:40:40,711 - easytorch-training - INFO - Checkpoint checkpoints/DLinear/Electricity_100_336_336/a53734a99d1c261afb7b07dd514cf034/DLinear_081.pt saved
2025-08-26 21:40:40,711 - easytorch-training - INFO - The estimated training finish time is 2025-08-26 22:05:44
2025-08-26 21:40:40,711 - easytorch-training - INFO - Epoch 82 / 100
2025-08-26 21:41:40,652 - easytorch-training - INFO - Result <train>: [train/time: 59.94 (s), train/lr: 7.50e-05, train/loss: 0.2651, train/MAE: 0.2651, train/MSE: 0.1778]
2025-08-26 21:41:40,653 - easytorch-training - INFO - Start validation.
2025-08-26 21:41:47,129 - easytorch-training - INFO - Result <val>: [val/time: 6.48 (s), val/loss: 0.2397, val/MAE: 0.2397, val/MSE: 0.1514]
2025-08-26 21:42:02,388 - easytorch-training - INFO - Result <test>: [test/time: 15.25 (s), test/loss: 0.2603, test/MAE: 0.2603, test/MSE: 0.1667]
2025-08-26 21:42:02,394 - easytorch-training - INFO - Checkpoint checkpoints/DLinear/Electricity_100_336_336/a53734a99d1c261afb7b07dd514cf034/DLinear_082.pt saved
2025-08-26 21:42:02,394 - easytorch-training - INFO - The estimated training finish time is 2025-08-26 22:05:47
2025-08-26 21:42:02,394 - easytorch-training - INFO - Epoch 83 / 100
2025-08-26 21:43:02,297 - easytorch-training - INFO - Result <train>: [train/time: 59.90 (s), train/lr: 7.50e-05, train/loss: 0.2651, train/MAE: 0.2651, train/MSE: 0.1777]
2025-08-26 21:43:02,298 - easytorch-training - INFO - Start validation.
2025-08-26 21:43:08,810 - easytorch-training - INFO - Result <val>: [val/time: 6.51 (s), val/loss: 0.2399, val/MAE: 0.2399, val/MSE: 0.1519]
2025-08-26 21:43:24,004 - easytorch-training - INFO - Result <test>: [test/time: 15.18 (s), test/loss: 0.2601, test/MAE: 0.2601, test/MSE: 0.1670]
2025-08-26 21:43:24,009 - easytorch-training - INFO - Checkpoint checkpoints/DLinear/Electricity_100_336_336/a53734a99d1c261afb7b07dd514cf034/DLinear_083.pt saved
2025-08-26 21:43:24,009 - easytorch-training - INFO - The estimated training finish time is 2025-08-26 22:05:50
2025-08-26 21:43:24,009 - easytorch-training - INFO - Epoch 84 / 100
2025-08-26 21:44:23,917 - easytorch-training - INFO - Result <train>: [train/time: 59.91 (s), train/lr: 7.50e-05, train/loss: 0.2651, train/MAE: 0.2651, train/MSE: 0.1778]
2025-08-26 21:44:23,918 - easytorch-training - INFO - Start validation.
2025-08-26 21:44:30,401 - easytorch-training - INFO - Result <val>: [val/time: 6.48 (s), val/loss: 0.2398, val/MAE: 0.2398, val/MSE: 0.1515]
2025-08-26 21:44:45,654 - easytorch-training - INFO - Result <test>: [test/time: 15.24 (s), test/loss: 0.2604, test/MAE: 0.2604, test/MSE: 0.1668]
2025-08-26 21:44:45,662 - easytorch-training - INFO - Checkpoint checkpoints/DLinear/Electricity_100_336_336/a53734a99d1c261afb7b07dd514cf034/DLinear_084.pt saved
2025-08-26 21:44:45,662 - easytorch-training - INFO - The estimated training finish time is 2025-08-26 22:05:53
2025-08-26 21:44:45,662 - easytorch-training - INFO - Epoch 85 / 100
2025-08-26 21:45:45,642 - easytorch-training - INFO - Result <train>: [train/time: 59.98 (s), train/lr: 7.50e-05, train/loss: 0.2651, train/MAE: 0.2651, train/MSE: 0.1778]
2025-08-26 21:45:45,643 - easytorch-training - INFO - Start validation.
2025-08-26 21:45:52,120 - easytorch-training - INFO - Result <val>: [val/time: 6.48 (s), val/loss: 0.2398, val/MAE: 0.2398, val/MSE: 0.1517]
2025-08-26 21:46:07,347 - easytorch-training - INFO - Result <test>: [test/time: 15.21 (s), test/loss: 0.2603, test/MAE: 0.2603, test/MSE: 0.1669]
2025-08-26 21:46:07,353 - easytorch-training - INFO - Checkpoint checkpoints/DLinear/Electricity_100_336_336/a53734a99d1c261afb7b07dd514cf034/DLinear_085.pt saved
2025-08-26 21:46:07,353 - easytorch-training - INFO - The estimated training finish time is 2025-08-26 22:05:56
2025-08-26 21:46:07,353 - easytorch-training - INFO - Epoch 86 / 100
2025-08-26 21:47:07,253 - easytorch-training - INFO - Result <train>: [train/time: 59.90 (s), train/lr: 7.50e-05, train/loss: 0.2650, train/MAE: 0.2650, train/MSE: 0.1777]
2025-08-26 21:47:07,254 - easytorch-training - INFO - Start validation.
2025-08-26 21:47:13,754 - easytorch-training - INFO - Result <val>: [val/time: 6.50 (s), val/loss: 0.2397, val/MAE: 0.2397, val/MSE: 0.1515]
2025-08-26 21:47:28,997 - easytorch-training - INFO - Result <test>: [test/time: 15.23 (s), test/loss: 0.2602, test/MAE: 0.2602, test/MSE: 0.1668]
2025-08-26 21:47:29,006 - easytorch-training - INFO - Checkpoint checkpoints/DLinear/Electricity_100_336_336/a53734a99d1c261afb7b07dd514cf034/DLinear_086.pt saved
2025-08-26 21:47:29,006 - easytorch-training - INFO - The estimated training finish time is 2025-08-26 22:05:59
2025-08-26 21:47:29,006 - easytorch-training - INFO - Epoch 87 / 100
2025-08-26 21:48:28,988 - easytorch-training - INFO - Result <train>: [train/time: 59.98 (s), train/lr: 7.50e-05, train/loss: 0.2651, train/MAE: 0.2651, train/MSE: 0.1778]
2025-08-26 21:48:28,989 - easytorch-training - INFO - Start validation.
2025-08-26 21:48:35,495 - easytorch-training - INFO - Result <val>: [val/time: 6.51 (s), val/loss: 0.2396, val/MAE: 0.2396, val/MSE: 0.1513]
2025-08-26 21:48:50,717 - easytorch-training - INFO - Result <test>: [test/time: 15.21 (s), test/loss: 0.2603, test/MAE: 0.2603, test/MSE: 0.1667]
2025-08-26 21:48:50,723 - easytorch-training - INFO - Checkpoint checkpoints/DLinear/Electricity_100_336_336/a53734a99d1c261afb7b07dd514cf034/DLinear_087.pt saved
2025-08-26 21:48:50,723 - easytorch-training - INFO - The estimated training finish time is 2025-08-26 22:06:01
2025-08-26 21:48:50,723 - easytorch-training - INFO - Epoch 88 / 100
2025-08-26 21:49:50,676 - easytorch-training - INFO - Result <train>: [train/time: 59.95 (s), train/lr: 7.50e-05, train/loss: 0.2651, train/MAE: 0.2651, train/MSE: 0.1778]
2025-08-26 21:49:50,677 - easytorch-training - INFO - Start validation.
2025-08-26 21:49:57,150 - easytorch-training - INFO - Result <val>: [val/time: 6.47 (s), val/loss: 0.2397, val/MAE: 0.2397, val/MSE: 0.1515]
2025-08-26 21:50:12,384 - easytorch-training - INFO - Result <test>: [test/time: 15.22 (s), test/loss: 0.2602, test/MAE: 0.2602, test/MSE: 0.1668]
2025-08-26 21:50:12,389 - easytorch-training - INFO - Checkpoint checkpoints/DLinear/Electricity_100_336_336/a53734a99d1c261afb7b07dd514cf034/DLinear_088.pt saved
2025-08-26 21:50:12,390 - easytorch-training - INFO - The estimated training finish time is 2025-08-26 22:06:04
2025-08-26 21:50:12,390 - easytorch-training - INFO - Epoch 89 / 100
2025-08-26 21:51:12,317 - easytorch-training - INFO - Result <train>: [train/time: 59.93 (s), train/lr: 7.50e-05, train/loss: 0.2651, train/MAE: 0.2651, train/MSE: 0.1777]
2025-08-26 21:51:12,319 - easytorch-training - INFO - Start validation.
2025-08-26 21:51:18,813 - easytorch-training - INFO - Result <val>: [val/time: 6.49 (s), val/loss: 0.2398, val/MAE: 0.2398, val/MSE: 0.1515]
2025-08-26 21:51:34,008 - easytorch-training - INFO - Result <test>: [test/time: 15.18 (s), test/loss: 0.2604, test/MAE: 0.2604, test/MSE: 0.1668]
2025-08-26 21:51:34,014 - easytorch-training - INFO - Checkpoint checkpoints/DLinear/Electricity_100_336_336/a53734a99d1c261afb7b07dd514cf034/DLinear_089.pt saved
2025-08-26 21:51:34,015 - easytorch-training - INFO - The estimated training finish time is 2025-08-26 22:06:07
2025-08-26 21:51:34,015 - easytorch-training - INFO - Epoch 90 / 100
2025-08-26 21:52:33,970 - easytorch-training - INFO - Result <train>: [train/time: 59.96 (s), train/lr: 7.50e-05, train/loss: 0.2651, train/MAE: 0.2651, train/MSE: 0.1778]
2025-08-26 21:52:33,971 - easytorch-training - INFO - Start validation.
2025-08-26 21:52:40,466 - easytorch-training - INFO - Result <val>: [val/time: 6.49 (s), val/loss: 0.2396, val/MAE: 0.2396, val/MSE: 0.1514]
2025-08-26 21:52:55,689 - easytorch-training - INFO - Result <test>: [test/time: 15.20 (s), test/loss: 0.2603, test/MAE: 0.2603, test/MSE: 0.1667]
2025-08-26 21:52:55,696 - easytorch-training - INFO - Checkpoint checkpoints/DLinear/Electricity_100_336_336/a53734a99d1c261afb7b07dd514cf034/DLinear_090.pt saved
2025-08-26 21:52:55,699 - easytorch-training - INFO - The estimated training finish time is 2025-08-26 22:06:09
2025-08-26 21:52:55,699 - easytorch-training - INFO - Epoch 91 / 100
2025-08-26 21:53:55,640 - easytorch-training - INFO - Result <train>: [train/time: 59.94 (s), train/lr: 7.50e-05, train/loss: 0.2651, train/MAE: 0.2651, train/MSE: 0.1777]
2025-08-26 21:53:55,640 - easytorch-training - INFO - Start validation.
2025-08-26 21:54:02,118 - easytorch-training - INFO - Result <val>: [val/time: 6.48 (s), val/loss: 0.2398, val/MAE: 0.2398, val/MSE: 0.1514]
2025-08-26 21:54:17,349 - easytorch-training - INFO - Result <test>: [test/time: 15.22 (s), test/loss: 0.2603, test/MAE: 0.2603, test/MSE: 0.1667]
2025-08-26 21:54:17,354 - easytorch-training - INFO - Checkpoint checkpoints/DLinear/Electricity_100_336_336/a53734a99d1c261afb7b07dd514cf034/DLinear_091.pt saved
2025-08-26 21:54:17,354 - easytorch-training - INFO - The estimated training finish time is 2025-08-26 22:06:12
2025-08-26 21:54:17,354 - easytorch-training - INFO - Epoch 92 / 100
2025-08-26 21:55:17,256 - easytorch-training - INFO - Result <train>: [train/time: 59.90 (s), train/lr: 7.50e-05, train/loss: 0.2651, train/MAE: 0.2651, train/MSE: 0.1778]
2025-08-26 21:55:17,257 - easytorch-training - INFO - Start validation.
2025-08-26 21:55:23,736 - easytorch-training - INFO - Result <val>: [val/time: 6.48 (s), val/loss: 0.2399, val/MAE: 0.2399, val/MSE: 0.1515]
2025-08-26 21:55:38,939 - easytorch-training - INFO - Result <test>: [test/time: 15.19 (s), test/loss: 0.2605, test/MAE: 0.2605, test/MSE: 0.1668]
2025-08-26 21:55:38,946 - easytorch-training - INFO - Checkpoint checkpoints/DLinear/Electricity_100_336_336/a53734a99d1c261afb7b07dd514cf034/DLinear_092.pt saved
2025-08-26 21:55:38,946 - easytorch-training - INFO - The estimated training finish time is 2025-08-26 22:06:14
2025-08-26 21:55:38,946 - easytorch-training - INFO - Epoch 93 / 100
2025-08-26 21:56:38,950 - easytorch-training - INFO - Result <train>: [train/time: 60.00 (s), train/lr: 7.50e-05, train/loss: 0.2650, train/MAE: 0.2650, train/MSE: 0.1777]
2025-08-26 21:56:38,951 - easytorch-training - INFO - Start validation.
2025-08-26 21:56:45,431 - easytorch-training - INFO - Result <val>: [val/time: 6.48 (s), val/loss: 0.2397, val/MAE: 0.2397, val/MSE: 0.1517]
2025-08-26 21:57:00,665 - easytorch-training - INFO - Result <test>: [test/time: 15.22 (s), test/loss: 0.2602, test/MAE: 0.2602, test/MSE: 0.1669]
2025-08-26 21:57:00,673 - easytorch-training - INFO - Checkpoint checkpoints/DLinear/Electricity_100_336_336/a53734a99d1c261afb7b07dd514cf034/DLinear_093.pt saved
2025-08-26 21:57:00,673 - easytorch-training - INFO - The estimated training finish time is 2025-08-26 22:06:16
2025-08-26 21:57:00,673 - easytorch-training - INFO - Epoch 94 / 100
2025-08-26 21:58:00,563 - easytorch-training - INFO - Result <train>: [train/time: 59.89 (s), train/lr: 7.50e-05, train/loss: 0.2650, train/MAE: 0.2650, train/MSE: 0.1778]
2025-08-26 21:58:00,564 - easytorch-training - INFO - Start validation.
2025-08-26 21:58:07,053 - easytorch-training - INFO - Result <val>: [val/time: 6.49 (s), val/loss: 0.2397, val/MAE: 0.2397, val/MSE: 0.1514]
2025-08-26 21:58:22,284 - easytorch-training - INFO - Result <test>: [test/time: 15.22 (s), test/loss: 0.2604, test/MAE: 0.2604, test/MSE: 0.1668]
2025-08-26 21:58:22,289 - easytorch-training - INFO - Checkpoint checkpoints/DLinear/Electricity_100_336_336/a53734a99d1c261afb7b07dd514cf034/DLinear_094.pt saved
2025-08-26 21:58:22,289 - easytorch-training - INFO - The estimated training finish time is 2025-08-26 22:06:19
2025-08-26 21:58:22,289 - easytorch-training - INFO - Epoch 95 / 100
2025-08-26 21:59:22,193 - easytorch-training - INFO - Result <train>: [train/time: 59.90 (s), train/lr: 7.50e-05, train/loss: 0.2651, train/MAE: 0.2651, train/MSE: 0.1778]
2025-08-26 21:59:22,194 - easytorch-training - INFO - Start validation.
2025-08-26 21:59:28,676 - easytorch-training - INFO - Result <val>: [val/time: 6.48 (s), val/loss: 0.2397, val/MAE: 0.2397, val/MSE: 0.1518]
2025-08-26 21:59:43,900 - easytorch-training - INFO - Result <test>: [test/time: 15.21 (s), test/loss: 0.2600, test/MAE: 0.2600, test/MSE: 0.1669]
2025-08-26 21:59:43,909 - easytorch-training - INFO - Checkpoint checkpoints/DLinear/Electricity_100_336_336/a53734a99d1c261afb7b07dd514cf034/DLinear_095.pt saved
2025-08-26 21:59:43,909 - easytorch-training - INFO - The estimated training finish time is 2025-08-26 22:06:21
2025-08-26 21:59:43,909 - easytorch-training - INFO - Epoch 96 / 100
2025-08-26 22:00:43,754 - easytorch-training - INFO - Result <train>: [train/time: 59.84 (s), train/lr: 7.50e-05, train/loss: 0.2650, train/MAE: 0.2650, train/MSE: 0.1777]
2025-08-26 22:00:43,754 - easytorch-training - INFO - Start validation.
2025-08-26 22:00:50,245 - easytorch-training - INFO - Result <val>: [val/time: 6.49 (s), val/loss: 0.2400, val/MAE: 0.2400, val/MSE: 0.1517]
2025-08-26 22:01:05,478 - easytorch-training - INFO - Result <test>: [test/time: 15.22 (s), test/loss: 0.2605, test/MAE: 0.2605, test/MSE: 0.1670]
2025-08-26 22:01:05,486 - easytorch-training - INFO - Checkpoint checkpoints/DLinear/Electricity_100_336_336/a53734a99d1c261afb7b07dd514cf034/DLinear_096.pt saved
2025-08-26 22:01:05,487 - easytorch-training - INFO - The estimated training finish time is 2025-08-26 22:06:23
2025-08-26 22:01:05,487 - easytorch-training - INFO - Epoch 97 / 100
2025-08-26 22:02:05,361 - easytorch-training - INFO - Result <train>: [train/time: 59.87 (s), train/lr: 7.50e-05, train/loss: 0.2651, train/MAE: 0.2651, train/MSE: 0.1778]
2025-08-26 22:02:05,362 - easytorch-training - INFO - Start validation.
2025-08-26 22:02:11,842 - easytorch-training - INFO - Result <val>: [val/time: 6.48 (s), val/loss: 0.2397, val/MAE: 0.2397, val/MSE: 0.1517]
2025-08-26 22:02:27,076 - easytorch-training - INFO - Result <test>: [test/time: 15.22 (s), test/loss: 0.2601, test/MAE: 0.2601, test/MSE: 0.1669]
2025-08-26 22:02:27,081 - easytorch-training - INFO - Checkpoint checkpoints/DLinear/Electricity_100_336_336/a53734a99d1c261afb7b07dd514cf034/DLinear_097.pt saved
2025-08-26 22:02:27,081 - easytorch-training - INFO - The estimated training finish time is 2025-08-26 22:06:25
2025-08-26 22:02:27,082 - easytorch-training - INFO - Epoch 98 / 100
2025-08-26 22:03:27,019 - easytorch-training - INFO - Result <train>: [train/time: 59.94 (s), train/lr: 7.50e-05, train/loss: 0.2651, train/MAE: 0.2651, train/MSE: 0.1778]
2025-08-26 22:03:27,020 - easytorch-training - INFO - Start validation.
2025-08-26 22:03:33,507 - easytorch-training - INFO - Result <val>: [val/time: 6.49 (s), val/loss: 0.2397, val/MAE: 0.2397, val/MSE: 0.1513]
2025-08-26 22:03:48,857 - easytorch-training - INFO - Result <test>: [test/time: 15.34 (s), test/loss: 0.2604, test/MAE: 0.2604, test/MSE: 0.1667]
2025-08-26 22:03:48,864 - easytorch-training - INFO - Checkpoint checkpoints/DLinear/Electricity_100_336_336/a53734a99d1c261afb7b07dd514cf034/DLinear_098.pt saved
2025-08-26 22:03:48,864 - easytorch-training - INFO - The estimated training finish time is 2025-08-26 22:06:28
2025-08-26 22:03:48,864 - easytorch-training - INFO - Epoch 99 / 100
2025-08-26 22:04:48,762 - easytorch-training - INFO - Result <train>: [train/time: 59.90 (s), train/lr: 7.50e-05, train/loss: 0.2651, train/MAE: 0.2651, train/MSE: 0.1778]
2025-08-26 22:04:48,763 - easytorch-training - INFO - Start validation.
2025-08-26 22:04:55,259 - easytorch-training - INFO - Result <val>: [val/time: 6.50 (s), val/loss: 0.2396, val/MAE: 0.2396, val/MSE: 0.1514]
2025-08-26 22:05:10,489 - easytorch-training - INFO - Result <test>: [test/time: 15.22 (s), test/loss: 0.2603, test/MAE: 0.2603, test/MSE: 0.1667]
2025-08-26 22:05:10,495 - easytorch-training - INFO - Checkpoint checkpoints/DLinear/Electricity_100_336_336/a53734a99d1c261afb7b07dd514cf034/DLinear_099.pt saved
2025-08-26 22:05:10,495 - easytorch-training - INFO - The estimated training finish time is 2025-08-26 22:06:30
2025-08-26 22:05:10,495 - easytorch-training - INFO - Epoch 100 / 100
2025-08-26 22:06:10,404 - easytorch-training - INFO - Result <train>: [train/time: 59.91 (s), train/lr: 7.50e-05, train/loss: 0.2651, train/MAE: 0.2651, train/MSE: 0.1778]
2025-08-26 22:06:10,405 - easytorch-training - INFO - Start validation.
2025-08-26 22:06:16,904 - easytorch-training - INFO - Result <val>: [val/time: 6.50 (s), val/loss: 0.2399, val/MAE: 0.2399, val/MSE: 0.1518]
2025-08-26 22:06:32,135 - easytorch-training - INFO - Result <test>: [test/time: 15.22 (s), test/loss: 0.2603, test/MAE: 0.2603, test/MSE: 0.1669]
2025-08-26 22:06:32,140 - easytorch-training - INFO - Checkpoint checkpoints/DLinear/Electricity_100_336_336/a53734a99d1c261afb7b07dd514cf034/DLinear_100.pt saved
2025-08-26 22:06:32,143 - easytorch-training - INFO - The training finished at 2025-08-26 22:06:32
2025-08-26 22:06:32,143 - easytorch-training - INFO - Evaluating the best model on the test set.
2025-08-26 22:06:32,144 - easytorch-training - INFO - Loading Checkpoint from 'checkpoints/DLinear/Electricity_100_336_336/a53734a99d1c261afb7b07dd514cf034/DLinear_best_val_MAE.pt'
2025-08-26 22:06:47,367 - easytorch-training - INFO - Result <test>: [test/time: 15.22 (s), test/loss: 0.2603, test/MAE: 0.2603, test/MSE: 0.1667]
2025-08-26 22:06:47,368 - easytorch-training - INFO - Test metrics saved to checkpoints/DLinear/Electricity_100_336_336/a53734a99d1c261afb7b07dd514cf034/test_metrics.json.
