2025-08-26 15:56:29,558 - easytorch-training - INFO - Initializing training.
2025-08-26 15:56:29,558 - easytorch-training - INFO - Set clip grad, param: {'max_norm': 5.0}
2025-08-26 15:56:29,559 - easytorch-training - INFO - Building training data loader.
2025-08-26 15:56:29,600 - easytorch-training - INFO - Train dataset length: 17359
2025-08-26 15:56:30,654 - easytorch-training - INFO - Set optim: Adam (
Parameter Group 0
    amsgrad: False
    betas: (0.9, 0.999)
    capturable: False
    differentiable: False
    eps: 1e-08
    foreach: None
    fused: None
    lr: 0.0003
    maximize: False
    weight_decay: 0.0001
)
2025-08-26 15:56:30,655 - easytorch-training - INFO - Set lr_scheduler: <torch.optim.lr_scheduler.MultiStepLR object at 0x7fa40a37a470>
2025-08-26 15:56:30,656 - easytorch-training - INFO - Initializing validation.
2025-08-26 15:56:30,656 - easytorch-training - INFO - Building val data loader.
2025-08-26 15:56:30,664 - easytorch-training - INFO - Validation dataset length: 1575
2025-08-26 15:56:30,677 - easytorch-training - INFO - Test dataset length: 4205
2025-08-26 15:56:30,678 - easytorch-training - INFO - Number of parameters: 485280
2025-08-26 15:56:30,678 - easytorch-training - INFO - Epoch 1 / 100
2025-08-26 15:58:14,132 - easytorch-training - INFO - Result <train>: [train/time: 103.45 (s), train/lr: 3.00e-04, train/loss: 0.3876, train/MAE: 0.3876, train/MSE: 0.3161]
2025-08-26 15:58:14,133 - easytorch-training - INFO - Start validation.
2025-08-26 15:58:23,732 - easytorch-training - INFO - Result <val>: [val/time: 9.60 (s), val/loss: 0.2919, val/MAE: 0.2919, val/MSE: 0.1926]
2025-08-26 15:58:23,745 - easytorch-training - INFO - Checkpoint checkpoints/DLinear/Electricity_100_336_720/6aa1a9abd5c51493c0de419cc5620174/DLinear_best_val_MAE.pt saved
2025-08-26 15:58:49,363 - easytorch-training - INFO - Result <test>: [test/time: 25.60 (s), test/loss: 0.3241, test/MAE: 0.3241, test/MSE: 0.2283]
2025-08-26 15:58:49,372 - easytorch-training - INFO - Checkpoint checkpoints/DLinear/Electricity_100_336_720/6aa1a9abd5c51493c0de419cc5620174/DLinear_001.pt saved
2025-08-26 15:58:49,373 - easytorch-training - INFO - The estimated training finish time is 2025-08-26 19:47:40
2025-08-26 15:58:49,373 - easytorch-training - INFO - Epoch 2 / 100
2025-08-26 16:00:32,432 - easytorch-training - INFO - Result <train>: [train/time: 103.06 (s), train/lr: 1.50e-04, train/loss: 0.3228, train/MAE: 0.3228, train/MSE: 0.2355]
2025-08-26 16:00:32,434 - easytorch-training - INFO - Start validation.
2025-08-26 16:00:41,990 - easytorch-training - INFO - Result <val>: [val/time: 9.56 (s), val/loss: 0.2803, val/MAE: 0.2803, val/MSE: 0.1827]
2025-08-26 16:00:42,006 - easytorch-training - INFO - Checkpoint checkpoints/DLinear/Electricity_100_336_720/6aa1a9abd5c51493c0de419cc5620174/DLinear_best_val_MAE.pt saved
2025-08-26 16:01:07,575 - easytorch-training - INFO - Result <test>: [test/time: 25.55 (s), test/loss: 0.3123, test/MAE: 0.3123, test/MSE: 0.2174]
2025-08-26 16:01:07,587 - easytorch-training - INFO - Checkpoint checkpoints/DLinear/Electricity_100_336_720/6aa1a9abd5c51493c0de419cc5620174/DLinear_002.pt saved
2025-08-26 16:01:07,587 - easytorch-training - INFO - The estimated training finish time is 2025-08-26 19:47:16
2025-08-26 16:01:07,587 - easytorch-training - INFO - Epoch 3 / 100
2025-08-26 16:02:50,558 - easytorch-training - INFO - Result <train>: [train/time: 102.97 (s), train/lr: 1.50e-04, train/loss: 0.3141, train/MAE: 0.3141, train/MSE: 0.2283]
2025-08-26 16:02:50,559 - easytorch-training - INFO - Start validation.
2025-08-26 16:02:59,759 - easytorch-training - INFO - Result <val>: [val/time: 9.20 (s), val/loss: 0.2739, val/MAE: 0.2739, val/MSE: 0.1778]
2025-08-26 16:02:59,775 - easytorch-training - INFO - Checkpoint checkpoints/DLinear/Electricity_100_336_720/6aa1a9abd5c51493c0de419cc5620174/DLinear_best_val_MAE.pt saved
2025-08-26 16:03:24,356 - easytorch-training - INFO - Result <test>: [test/time: 24.56 (s), test/loss: 0.3054, test/MAE: 0.3054, test/MSE: 0.2120]
2025-08-26 16:03:24,366 - easytorch-training - INFO - Checkpoint checkpoints/DLinear/Electricity_100_336_720/6aa1a9abd5c51493c0de419cc5620174/DLinear_003.pt saved
2025-08-26 16:03:24,366 - easytorch-training - INFO - The estimated training finish time is 2025-08-26 19:46:20
2025-08-26 16:03:24,366 - easytorch-training - INFO - Epoch 4 / 100
2025-08-26 16:05:07,562 - easytorch-training - INFO - Result <train>: [train/time: 103.20 (s), train/lr: 1.50e-04, train/loss: 0.3091, train/MAE: 0.3091, train/MSE: 0.2245]
2025-08-26 16:05:07,563 - easytorch-training - INFO - Start validation.
2025-08-26 16:05:16,725 - easytorch-training - INFO - Result <val>: [val/time: 9.16 (s), val/loss: 0.2700, val/MAE: 0.2700, val/MSE: 0.1755]
2025-08-26 16:05:16,741 - easytorch-training - INFO - Checkpoint checkpoints/DLinear/Electricity_100_336_720/6aa1a9abd5c51493c0de419cc5620174/DLinear_best_val_MAE.pt saved
2025-08-26 16:05:41,344 - easytorch-training - INFO - Result <test>: [test/time: 24.59 (s), test/loss: 0.3015, test/MAE: 0.3015, test/MSE: 0.2094]
2025-08-26 16:05:41,355 - easytorch-training - INFO - Checkpoint checkpoints/DLinear/Electricity_100_336_720/6aa1a9abd5c51493c0de419cc5620174/DLinear_004.pt saved
2025-08-26 16:05:41,355 - easytorch-training - INFO - The estimated training finish time is 2025-08-26 19:45:57
2025-08-26 16:05:41,355 - easytorch-training - INFO - Epoch 5 / 100
2025-08-26 16:07:17,256 - easytorch-training - INFO - Result <train>: [train/time: 95.90 (s), train/lr: 1.50e-04, train/loss: 0.3059, train/MAE: 0.3059, train/MSE: 0.2223]
2025-08-26 16:07:17,258 - easytorch-training - INFO - Start validation.
2025-08-26 16:07:26,455 - easytorch-training - INFO - Result <val>: [val/time: 9.20 (s), val/loss: 0.2674, val/MAE: 0.2674, val/MSE: 0.1732]
2025-08-26 16:07:26,471 - easytorch-training - INFO - Checkpoint checkpoints/DLinear/Electricity_100_336_720/6aa1a9abd5c51493c0de419cc5620174/DLinear_best_val_MAE.pt saved
2025-08-26 16:07:51,045 - easytorch-training - INFO - Result <test>: [test/time: 24.56 (s), test/loss: 0.2993, test/MAE: 0.2993, test/MSE: 0.2072]
2025-08-26 16:07:51,057 - easytorch-training - INFO - Checkpoint checkpoints/DLinear/Electricity_100_336_720/6aa1a9abd5c51493c0de419cc5620174/DLinear_005.pt saved
2025-08-26 16:07:51,057 - easytorch-training - INFO - The estimated training finish time is 2025-08-26 19:43:18
2025-08-26 16:07:51,057 - easytorch-training - INFO - Epoch 6 / 100
2025-08-26 16:09:26,857 - easytorch-training - INFO - Result <train>: [train/time: 95.80 (s), train/lr: 1.50e-04, train/loss: 0.3039, train/MAE: 0.3039, train/MSE: 0.2209]
2025-08-26 16:09:26,859 - easytorch-training - INFO - Start validation.
2025-08-26 16:09:36,023 - easytorch-training - INFO - Result <val>: [val/time: 9.16 (s), val/loss: 0.2655, val/MAE: 0.2655, val/MSE: 0.1721]
2025-08-26 16:09:36,040 - easytorch-training - INFO - Checkpoint checkpoints/DLinear/Electricity_100_336_720/6aa1a9abd5c51493c0de419cc5620174/DLinear_best_val_MAE.pt saved
2025-08-26 16:10:00,697 - easytorch-training - INFO - Result <test>: [test/time: 24.64 (s), test/loss: 0.2974, test/MAE: 0.2974, test/MSE: 0.2061]
2025-08-26 16:10:00,707 - easytorch-training - INFO - Checkpoint checkpoints/DLinear/Electricity_100_336_720/6aa1a9abd5c51493c0de419cc5620174/DLinear_006.pt saved
2025-08-26 16:10:00,707 - easytorch-training - INFO - The estimated training finish time is 2025-08-26 19:41:31
2025-08-26 16:10:00,707 - easytorch-training - INFO - Epoch 7 / 100
2025-08-26 16:11:45,967 - easytorch-training - INFO - Result <train>: [train/time: 105.26 (s), train/lr: 1.50e-04, train/loss: 0.3025, train/MAE: 0.3025, train/MSE: 0.2200]
2025-08-26 16:11:45,969 - easytorch-training - INFO - Start validation.
2025-08-26 16:11:55,136 - easytorch-training - INFO - Result <val>: [val/time: 9.17 (s), val/loss: 0.2642, val/MAE: 0.2642, val/MSE: 0.1714]
2025-08-26 16:11:55,149 - easytorch-training - INFO - Checkpoint checkpoints/DLinear/Electricity_100_336_720/6aa1a9abd5c51493c0de419cc5620174/DLinear_best_val_MAE.pt saved
2025-08-26 16:12:19,766 - easytorch-training - INFO - Result <test>: [test/time: 24.60 (s), test/loss: 0.2960, test/MAE: 0.2960, test/MSE: 0.2053]
2025-08-26 16:12:19,776 - easytorch-training - INFO - Checkpoint checkpoints/DLinear/Electricity_100_336_720/6aa1a9abd5c51493c0de419cc5620174/DLinear_007.pt saved
2025-08-26 16:12:19,776 - easytorch-training - INFO - The estimated training finish time is 2025-08-26 19:42:29
2025-08-26 16:12:19,776 - easytorch-training - INFO - Epoch 8 / 100
2025-08-26 16:13:55,074 - easytorch-training - INFO - Result <train>: [train/time: 95.30 (s), train/lr: 1.50e-04, train/loss: 0.3016, train/MAE: 0.3016, train/MSE: 0.2194]
2025-08-26 16:13:55,075 - easytorch-training - INFO - Start validation.
2025-08-26 16:14:04,351 - easytorch-training - INFO - Result <val>: [val/time: 9.28 (s), val/loss: 0.2634, val/MAE: 0.2634, val/MSE: 0.1708]
2025-08-26 16:14:04,367 - easytorch-training - INFO - Checkpoint checkpoints/DLinear/Electricity_100_336_720/6aa1a9abd5c51493c0de419cc5620174/DLinear_best_val_MAE.pt saved
2025-08-26 16:14:28,896 - easytorch-training - INFO - Result <test>: [test/time: 24.50 (s), test/loss: 0.2953, test/MAE: 0.2953, test/MSE: 0.2048]
2025-08-26 16:14:28,909 - easytorch-training - INFO - Checkpoint checkpoints/DLinear/Electricity_100_336_720/6aa1a9abd5c51493c0de419cc5620174/DLinear_008.pt saved
2025-08-26 16:14:28,909 - easytorch-training - INFO - The estimated training finish time is 2025-08-26 19:41:08
2025-08-26 16:14:28,909 - easytorch-training - INFO - Epoch 9 / 100
2025-08-26 16:16:04,226 - easytorch-training - INFO - Result <train>: [train/time: 95.32 (s), train/lr: 1.50e-04, train/loss: 0.3009, train/MAE: 0.3009, train/MSE: 0.2190]
2025-08-26 16:16:04,227 - easytorch-training - INFO - Start validation.
2025-08-26 16:16:13,380 - easytorch-training - INFO - Result <val>: [val/time: 9.15 (s), val/loss: 0.2629, val/MAE: 0.2629, val/MSE: 0.1704]
2025-08-26 16:16:13,397 - easytorch-training - INFO - Checkpoint checkpoints/DLinear/Electricity_100_336_720/6aa1a9abd5c51493c0de419cc5620174/DLinear_best_val_MAE.pt saved
2025-08-26 16:16:37,938 - easytorch-training - INFO - Result <test>: [test/time: 24.52 (s), test/loss: 0.2945, test/MAE: 0.2945, test/MSE: 0.2045]
2025-08-26 16:16:37,948 - easytorch-training - INFO - Checkpoint checkpoints/DLinear/Electricity_100_336_720/6aa1a9abd5c51493c0de419cc5620174/DLinear_009.pt saved
2025-08-26 16:16:37,948 - easytorch-training - INFO - The estimated training finish time is 2025-08-26 19:40:04
2025-08-26 16:16:37,948 - easytorch-training - INFO - Epoch 10 / 100
2025-08-26 16:18:13,662 - easytorch-training - INFO - Result <train>: [train/time: 95.71 (s), train/lr: 1.50e-04, train/loss: 0.3004, train/MAE: 0.3004, train/MSE: 0.2187]
2025-08-26 16:18:13,663 - easytorch-training - INFO - Start validation.
2025-08-26 16:18:22,843 - easytorch-training - INFO - Result <val>: [val/time: 9.18 (s), val/loss: 0.2626, val/MAE: 0.2626, val/MSE: 0.1694]
2025-08-26 16:18:22,859 - easytorch-training - INFO - Checkpoint checkpoints/DLinear/Electricity_100_336_720/6aa1a9abd5c51493c0de419cc5620174/DLinear_best_val_MAE.pt saved
2025-08-26 16:18:47,433 - easytorch-training - INFO - Result <test>: [test/time: 24.56 (s), test/loss: 0.2952, test/MAE: 0.2952, test/MSE: 0.2038]
2025-08-26 16:18:47,445 - easytorch-training - INFO - Checkpoint checkpoints/DLinear/Electricity_100_336_720/6aa1a9abd5c51493c0de419cc5620174/DLinear_010.pt saved
2025-08-26 16:18:47,451 - easytorch-training - INFO - The estimated training finish time is 2025-08-26 19:39:18
2025-08-26 16:18:47,451 - easytorch-training - INFO - Epoch 11 / 100
2025-08-26 16:20:30,622 - easytorch-training - INFO - Result <train>: [train/time: 103.17 (s), train/lr: 1.50e-04, train/loss: 0.3000, train/MAE: 0.3000, train/MSE: 0.2184]
2025-08-26 16:20:30,623 - easytorch-training - INFO - Start validation.
2025-08-26 16:20:39,754 - easytorch-training - INFO - Result <val>: [val/time: 9.13 (s), val/loss: 0.2620, val/MAE: 0.2620, val/MSE: 0.1698]
2025-08-26 16:20:39,770 - easytorch-training - INFO - Checkpoint checkpoints/DLinear/Electricity_100_336_720/6aa1a9abd5c51493c0de419cc5620174/DLinear_best_val_MAE.pt saved
2025-08-26 16:21:04,291 - easytorch-training - INFO - Result <test>: [test/time: 24.50 (s), test/loss: 0.2941, test/MAE: 0.2941, test/MSE: 0.2039]
2025-08-26 16:21:04,302 - easytorch-training - INFO - Checkpoint checkpoints/DLinear/Electricity_100_336_720/6aa1a9abd5c51493c0de419cc5620174/DLinear_011.pt saved
2025-08-26 16:21:04,302 - easytorch-training - INFO - The estimated training finish time is 2025-08-26 19:39:47
2025-08-26 16:21:04,302 - easytorch-training - INFO - Epoch 12 / 100
2025-08-26 16:22:39,718 - easytorch-training - INFO - Result <train>: [train/time: 95.42 (s), train/lr: 1.50e-04, train/loss: 0.2997, train/MAE: 0.2997, train/MSE: 0.2183]
2025-08-26 16:22:39,719 - easytorch-training - INFO - Start validation.
2025-08-26 16:22:48,973 - easytorch-training - INFO - Result <val>: [val/time: 9.25 (s), val/loss: 0.2616, val/MAE: 0.2616, val/MSE: 0.1691]
2025-08-26 16:22:48,987 - easytorch-training - INFO - Checkpoint checkpoints/DLinear/Electricity_100_336_720/6aa1a9abd5c51493c0de419cc5620174/DLinear_best_val_MAE.pt saved
2025-08-26 16:23:13,602 - easytorch-training - INFO - Result <test>: [test/time: 24.60 (s), test/loss: 0.2940, test/MAE: 0.2940, test/MSE: 0.2033]
2025-08-26 16:23:13,612 - easytorch-training - INFO - Checkpoint checkpoints/DLinear/Electricity_100_336_720/6aa1a9abd5c51493c0de419cc5620174/DLinear_012.pt saved
2025-08-26 16:23:13,612 - easytorch-training - INFO - The estimated training finish time is 2025-08-26 19:39:08
2025-08-26 16:23:13,612 - easytorch-training - INFO - Epoch 13 / 100
2025-08-26 16:24:48,815 - easytorch-training - INFO - Result <train>: [train/time: 95.20 (s), train/lr: 1.50e-04, train/loss: 0.2995, train/MAE: 0.2995, train/MSE: 0.2182]
2025-08-26 16:24:48,816 - easytorch-training - INFO - Start validation.
2025-08-26 16:24:57,982 - easytorch-training - INFO - Result <val>: [val/time: 9.17 (s), val/loss: 0.2619, val/MAE: 0.2619, val/MSE: 0.1688]
2025-08-26 16:25:22,571 - easytorch-training - INFO - Result <test>: [test/time: 24.57 (s), test/loss: 0.2947, test/MAE: 0.2947, test/MSE: 0.2032]
2025-08-26 16:25:22,582 - easytorch-training - INFO - Checkpoint checkpoints/DLinear/Electricity_100_336_720/6aa1a9abd5c51493c0de419cc5620174/DLinear_013.pt saved
2025-08-26 16:25:22,582 - easytorch-training - INFO - The estimated training finish time is 2025-08-26 19:38:33
2025-08-26 16:25:22,582 - easytorch-training - INFO - Epoch 14 / 100
2025-08-26 16:26:58,125 - easytorch-training - INFO - Result <train>: [train/time: 95.54 (s), train/lr: 1.50e-04, train/loss: 0.2993, train/MAE: 0.2993, train/MSE: 0.2181]
2025-08-26 16:26:58,126 - easytorch-training - INFO - Start validation.
2025-08-26 16:27:07,295 - easytorch-training - INFO - Result <val>: [val/time: 9.17 (s), val/loss: 0.2614, val/MAE: 0.2614, val/MSE: 0.1690]
2025-08-26 16:27:07,310 - easytorch-training - INFO - Checkpoint checkpoints/DLinear/Electricity_100_336_720/6aa1a9abd5c51493c0de419cc5620174/DLinear_best_val_MAE.pt saved
2025-08-26 16:27:31,892 - easytorch-training - INFO - Result <test>: [test/time: 24.56 (s), test/loss: 0.2937, test/MAE: 0.2937, test/MSE: 0.2031]
2025-08-26 16:27:31,902 - easytorch-training - INFO - Checkpoint checkpoints/DLinear/Electricity_100_336_720/6aa1a9abd5c51493c0de419cc5620174/DLinear_014.pt saved
2025-08-26 16:27:31,902 - easytorch-training - INFO - The estimated training finish time is 2025-08-26 19:38:05
2025-08-26 16:27:31,902 - easytorch-training - INFO - Epoch 15 / 100
2025-08-26 16:29:07,486 - easytorch-training - INFO - Result <train>: [train/time: 95.58 (s), train/lr: 1.50e-04, train/loss: 0.2991, train/MAE: 0.2991, train/MSE: 0.2180]
2025-08-26 16:29:07,487 - easytorch-training - INFO - Start validation.
2025-08-26 16:29:16,696 - easytorch-training - INFO - Result <val>: [val/time: 9.21 (s), val/loss: 0.2612, val/MAE: 0.2612, val/MSE: 0.1693]
2025-08-26 16:29:16,711 - easytorch-training - INFO - Checkpoint checkpoints/DLinear/Electricity_100_336_720/6aa1a9abd5c51493c0de419cc5620174/DLinear_best_val_MAE.pt saved
2025-08-26 16:29:41,256 - easytorch-training - INFO - Result <test>: [test/time: 24.53 (s), test/loss: 0.2932, test/MAE: 0.2932, test/MSE: 0.2034]
2025-08-26 16:29:41,267 - easytorch-training - INFO - Checkpoint checkpoints/DLinear/Electricity_100_336_720/6aa1a9abd5c51493c0de419cc5620174/DLinear_015.pt saved
2025-08-26 16:29:41,268 - easytorch-training - INFO - The estimated training finish time is 2025-08-26 19:37:41
2025-08-26 16:29:41,268 - easytorch-training - INFO - Epoch 16 / 100
2025-08-26 16:31:16,901 - easytorch-training - INFO - Result <train>: [train/time: 95.63 (s), train/lr: 1.50e-04, train/loss: 0.2991, train/MAE: 0.2991, train/MSE: 0.2180]
2025-08-26 16:31:16,903 - easytorch-training - INFO - Start validation.
2025-08-26 16:31:26,086 - easytorch-training - INFO - Result <val>: [val/time: 9.18 (s), val/loss: 0.2607, val/MAE: 0.2607, val/MSE: 0.1688]
2025-08-26 16:31:26,100 - easytorch-training - INFO - Checkpoint checkpoints/DLinear/Electricity_100_336_720/6aa1a9abd5c51493c0de419cc5620174/DLinear_best_val_MAE.pt saved
2025-08-26 16:31:50,682 - easytorch-training - INFO - Result <test>: [test/time: 24.56 (s), test/loss: 0.2932, test/MAE: 0.2932, test/MSE: 0.2030]
2025-08-26 16:31:50,693 - easytorch-training - INFO - Checkpoint checkpoints/DLinear/Electricity_100_336_720/6aa1a9abd5c51493c0de419cc5620174/DLinear_016.pt saved
2025-08-26 16:31:50,693 - easytorch-training - INFO - The estimated training finish time is 2025-08-26 19:37:20
2025-08-26 16:31:50,693 - easytorch-training - INFO - Epoch 17 / 100
2025-08-26 16:33:26,245 - easytorch-training - INFO - Result <train>: [train/time: 95.55 (s), train/lr: 1.50e-04, train/loss: 0.2990, train/MAE: 0.2990, train/MSE: 0.2179]
2025-08-26 16:33:26,246 - easytorch-training - INFO - Start validation.
2025-08-26 16:33:35,383 - easytorch-training - INFO - Result <val>: [val/time: 9.14 (s), val/loss: 0.2609, val/MAE: 0.2609, val/MSE: 0.1696]
2025-08-26 16:33:59,938 - easytorch-training - INFO - Result <test>: [test/time: 24.54 (s), test/loss: 0.2929, test/MAE: 0.2929, test/MSE: 0.2037]
2025-08-26 16:33:59,948 - easytorch-training - INFO - Checkpoint checkpoints/DLinear/Electricity_100_336_720/6aa1a9abd5c51493c0de419cc5620174/DLinear_017.pt saved
2025-08-26 16:33:59,949 - easytorch-training - INFO - The estimated training finish time is 2025-08-26 19:37:01
2025-08-26 16:33:59,949 - easytorch-training - INFO - Epoch 18 / 100
2025-08-26 16:35:35,850 - easytorch-training - INFO - Result <train>: [train/time: 95.90 (s), train/lr: 1.50e-04, train/loss: 0.2989, train/MAE: 0.2989, train/MSE: 0.2179]
2025-08-26 16:35:35,851 - easytorch-training - INFO - Start validation.
2025-08-26 16:35:45,044 - easytorch-training - INFO - Result <val>: [val/time: 9.19 (s), val/loss: 0.2607, val/MAE: 0.2607, val/MSE: 0.1689]
2025-08-26 16:35:45,058 - easytorch-training - INFO - Checkpoint checkpoints/DLinear/Electricity_100_336_720/6aa1a9abd5c51493c0de419cc5620174/DLinear_best_val_MAE.pt saved
2025-08-26 16:36:09,653 - easytorch-training - INFO - Result <test>: [test/time: 24.58 (s), test/loss: 0.2930, test/MAE: 0.2930, test/MSE: 0.2031]
2025-08-26 16:36:09,664 - easytorch-training - INFO - Checkpoint checkpoints/DLinear/Electricity_100_336_720/6aa1a9abd5c51493c0de419cc5620174/DLinear_018.pt saved
2025-08-26 16:36:09,664 - easytorch-training - INFO - The estimated training finish time is 2025-08-26 19:36:47
2025-08-26 16:36:09,664 - easytorch-training - INFO - Epoch 19 / 100
2025-08-26 16:37:45,463 - easytorch-training - INFO - Result <train>: [train/time: 95.80 (s), train/lr: 1.50e-04, train/loss: 0.2988, train/MAE: 0.2988, train/MSE: 0.2178]
2025-08-26 16:37:45,464 - easytorch-training - INFO - Start validation.
2025-08-26 16:37:54,670 - easytorch-training - INFO - Result <val>: [val/time: 9.21 (s), val/loss: 0.2606, val/MAE: 0.2606, val/MSE: 0.1691]
2025-08-26 16:37:54,687 - easytorch-training - INFO - Checkpoint checkpoints/DLinear/Electricity_100_336_720/6aa1a9abd5c51493c0de419cc5620174/DLinear_best_val_MAE.pt saved
2025-08-26 16:38:19,257 - easytorch-training - INFO - Result <test>: [test/time: 24.55 (s), test/loss: 0.2929, test/MAE: 0.2929, test/MSE: 0.2033]
2025-08-26 16:38:19,266 - easytorch-training - INFO - Checkpoint checkpoints/DLinear/Electricity_100_336_720/6aa1a9abd5c51493c0de419cc5620174/DLinear_019.pt saved
2025-08-26 16:38:19,267 - easytorch-training - INFO - The estimated training finish time is 2025-08-26 19:36:33
2025-08-26 16:38:19,267 - easytorch-training - INFO - Epoch 20 / 100
2025-08-26 16:39:55,292 - easytorch-training - INFO - Result <train>: [train/time: 96.03 (s), train/lr: 1.50e-04, train/loss: 0.2989, train/MAE: 0.2989, train/MSE: 0.2179]
2025-08-26 16:39:55,294 - easytorch-training - INFO - Start validation.
2025-08-26 16:40:04,443 - easytorch-training - INFO - Result <val>: [val/time: 9.15 (s), val/loss: 0.2605, val/MAE: 0.2605, val/MSE: 0.1691]
2025-08-26 16:40:04,460 - easytorch-training - INFO - Checkpoint checkpoints/DLinear/Electricity_100_336_720/6aa1a9abd5c51493c0de419cc5620174/DLinear_best_val_MAE.pt saved
2025-08-26 16:40:29,050 - easytorch-training - INFO - Result <test>: [test/time: 24.57 (s), test/loss: 0.2926, test/MAE: 0.2926, test/MSE: 0.2031]
2025-08-26 16:40:29,061 - easytorch-training - INFO - Checkpoint checkpoints/DLinear/Electricity_100_336_720/6aa1a9abd5c51493c0de419cc5620174/DLinear_020.pt saved
2025-08-26 16:40:29,068 - easytorch-training - INFO - The estimated training finish time is 2025-08-26 19:36:22
2025-08-26 16:40:29,068 - easytorch-training - INFO - Epoch 21 / 100
2025-08-26 16:42:11,948 - easytorch-training - INFO - Result <train>: [train/time: 102.88 (s), train/lr: 1.50e-04, train/loss: 0.2988, train/MAE: 0.2988, train/MSE: 0.2179]
2025-08-26 16:42:11,950 - easytorch-training - INFO - Start validation.
2025-08-26 16:42:21,132 - easytorch-training - INFO - Result <val>: [val/time: 9.18 (s), val/loss: 0.2617, val/MAE: 0.2617, val/MSE: 0.1692]
2025-08-26 16:42:45,689 - easytorch-training - INFO - Result <test>: [test/time: 24.54 (s), test/loss: 0.2941, test/MAE: 0.2941, test/MSE: 0.2034]
2025-08-26 16:42:45,701 - easytorch-training - INFO - Checkpoint checkpoints/DLinear/Electricity_100_336_720/6aa1a9abd5c51493c0de419cc5620174/DLinear_021.pt saved
2025-08-26 16:42:45,701 - easytorch-training - INFO - The estimated training finish time is 2025-08-26 19:36:45
2025-08-26 16:42:45,701 - easytorch-training - INFO - Epoch 22 / 100
2025-08-26 16:44:21,204 - easytorch-training - INFO - Result <train>: [train/time: 95.50 (s), train/lr: 1.50e-04, train/loss: 0.2988, train/MAE: 0.2988, train/MSE: 0.2179]
2025-08-26 16:44:21,205 - easytorch-training - INFO - Start validation.
2025-08-26 16:44:30,368 - easytorch-training - INFO - Result <val>: [val/time: 9.16 (s), val/loss: 0.2610, val/MAE: 0.2610, val/MSE: 0.1687]
2025-08-26 16:44:54,984 - easytorch-training - INFO - Result <test>: [test/time: 24.60 (s), test/loss: 0.2934, test/MAE: 0.2934, test/MSE: 0.2029]
2025-08-26 16:44:54,995 - easytorch-training - INFO - Checkpoint checkpoints/DLinear/Electricity_100_336_720/6aa1a9abd5c51493c0de419cc5620174/DLinear_022.pt saved
2025-08-26 16:44:54,995 - easytorch-training - INFO - The estimated training finish time is 2025-08-26 19:36:32
2025-08-26 16:44:54,995 - easytorch-training - INFO - Epoch 23 / 100
2025-08-26 16:46:30,609 - easytorch-training - INFO - Result <train>: [train/time: 95.61 (s), train/lr: 1.50e-04, train/loss: 0.2988, train/MAE: 0.2988, train/MSE: 0.2178]
2025-08-26 16:46:30,610 - easytorch-training - INFO - Start validation.
2025-08-26 16:46:39,847 - easytorch-training - INFO - Result <val>: [val/time: 9.24 (s), val/loss: 0.2606, val/MAE: 0.2606, val/MSE: 0.1691]
2025-08-26 16:47:04,359 - easytorch-training - INFO - Result <test>: [test/time: 24.49 (s), test/loss: 0.2927, test/MAE: 0.2927, test/MSE: 0.2031]
2025-08-26 16:47:04,370 - easytorch-training - INFO - Checkpoint checkpoints/DLinear/Electricity_100_336_720/6aa1a9abd5c51493c0de419cc5620174/DLinear_023.pt saved
2025-08-26 16:47:04,370 - easytorch-training - INFO - The estimated training finish time is 2025-08-26 19:36:20
2025-08-26 16:47:04,370 - easytorch-training - INFO - Epoch 24 / 100
2025-08-26 16:48:40,128 - easytorch-training - INFO - Result <train>: [train/time: 95.76 (s), train/lr: 1.50e-04, train/loss: 0.2987, train/MAE: 0.2987, train/MSE: 0.2178]
2025-08-26 16:48:40,130 - easytorch-training - INFO - Start validation.
2025-08-26 16:48:49,323 - easytorch-training - INFO - Result <val>: [val/time: 9.19 (s), val/loss: 0.2611, val/MAE: 0.2611, val/MSE: 0.1688]
2025-08-26 16:49:13,887 - easytorch-training - INFO - Result <test>: [test/time: 24.55 (s), test/loss: 0.2937, test/MAE: 0.2937, test/MSE: 0.2031]
2025-08-26 16:49:13,900 - easytorch-training - INFO - Checkpoint checkpoints/DLinear/Electricity_100_336_720/6aa1a9abd5c51493c0de419cc5620174/DLinear_024.pt saved
2025-08-26 16:49:13,900 - easytorch-training - INFO - The estimated training finish time is 2025-08-26 19:36:10
2025-08-26 16:49:13,900 - easytorch-training - INFO - Epoch 25 / 100
2025-08-26 16:50:49,453 - easytorch-training - INFO - Result <train>: [train/time: 95.55 (s), train/lr: 1.50e-04, train/loss: 0.2987, train/MAE: 0.2987, train/MSE: 0.2178]
2025-08-26 16:50:49,455 - easytorch-training - INFO - Start validation.
2025-08-26 16:50:58,616 - easytorch-training - INFO - Result <val>: [val/time: 9.16 (s), val/loss: 0.2606, val/MAE: 0.2606, val/MSE: 0.1686]
2025-08-26 16:51:23,159 - easytorch-training - INFO - Result <test>: [test/time: 24.52 (s), test/loss: 0.2931, test/MAE: 0.2931, test/MSE: 0.2030]
2025-08-26 16:51:23,170 - easytorch-training - INFO - Checkpoint checkpoints/DLinear/Electricity_100_336_720/6aa1a9abd5c51493c0de419cc5620174/DLinear_025.pt saved
2025-08-26 16:51:23,171 - easytorch-training - INFO - The estimated training finish time is 2025-08-26 19:36:00
2025-08-26 16:51:23,171 - easytorch-training - INFO - Epoch 26 / 100
2025-08-26 16:52:56,885 - easytorch-training - INFO - Result <train>: [train/time: 93.71 (s), train/lr: 7.50e-05, train/loss: 0.2985, train/MAE: 0.2985, train/MSE: 0.2177]
2025-08-26 16:52:56,886 - easytorch-training - INFO - Start validation.
2025-08-26 16:53:05,935 - easytorch-training - INFO - Result <val>: [val/time: 9.05 (s), val/loss: 0.2606, val/MAE: 0.2606, val/MSE: 0.1691]
2025-08-26 16:53:29,912 - easytorch-training - INFO - Result <test>: [test/time: 23.96 (s), test/loss: 0.2927, test/MAE: 0.2927, test/MSE: 0.2031]
2025-08-26 16:53:29,925 - easytorch-training - INFO - Checkpoint checkpoints/DLinear/Electricity_100_336_720/6aa1a9abd5c51493c0de419cc5620174/DLinear_026.pt saved
2025-08-26 16:53:29,926 - easytorch-training - INFO - The estimated training finish time is 2025-08-26 19:35:41
2025-08-26 16:53:29,926 - easytorch-training - INFO - Epoch 27 / 100
2025-08-26 16:55:10,763 - easytorch-training - INFO - Result <train>: [train/time: 100.84 (s), train/lr: 7.50e-05, train/loss: 0.2985, train/MAE: 0.2985, train/MSE: 0.2177]
2025-08-26 16:55:10,764 - easytorch-training - INFO - Start validation.
2025-08-26 16:55:19,859 - easytorch-training - INFO - Result <val>: [val/time: 9.09 (s), val/loss: 0.2604, val/MAE: 0.2604, val/MSE: 0.1690]
2025-08-26 16:55:19,873 - easytorch-training - INFO - Checkpoint checkpoints/DLinear/Electricity_100_336_720/6aa1a9abd5c51493c0de419cc5620174/DLinear_best_val_MAE.pt saved
2025-08-26 16:55:43,965 - easytorch-training - INFO - Result <test>: [test/time: 24.08 (s), test/loss: 0.2923, test/MAE: 0.2923, test/MSE: 0.2031]
2025-08-26 16:55:43,978 - easytorch-training - INFO - Checkpoint checkpoints/DLinear/Electricity_100_336_720/6aa1a9abd5c51493c0de419cc5620174/DLinear_027.pt saved
2025-08-26 16:55:43,978 - easytorch-training - INFO - The estimated training finish time is 2025-08-26 19:35:51
2025-08-26 16:55:43,978 - easytorch-training - INFO - Epoch 28 / 100
2025-08-26 16:57:18,148 - easytorch-training - INFO - Result <train>: [train/time: 94.17 (s), train/lr: 7.50e-05, train/loss: 0.2985, train/MAE: 0.2985, train/MSE: 0.2177]
2025-08-26 16:57:18,149 - easytorch-training - INFO - Start validation.
2025-08-26 16:57:27,174 - easytorch-training - INFO - Result <val>: [val/time: 9.02 (s), val/loss: 0.2602, val/MAE: 0.2602, val/MSE: 0.1690]
2025-08-26 16:57:27,191 - easytorch-training - INFO - Checkpoint checkpoints/DLinear/Electricity_100_336_720/6aa1a9abd5c51493c0de419cc5620174/DLinear_best_val_MAE.pt saved
2025-08-26 16:57:51,391 - easytorch-training - INFO - Result <test>: [test/time: 24.18 (s), test/loss: 0.2924, test/MAE: 0.2924, test/MSE: 0.2031]
2025-08-26 16:57:51,402 - easytorch-training - INFO - Checkpoint checkpoints/DLinear/Electricity_100_336_720/6aa1a9abd5c51493c0de419cc5620174/DLinear_028.pt saved
2025-08-26 16:57:51,402 - easytorch-training - INFO - The estimated training finish time is 2025-08-26 19:35:36
2025-08-26 16:57:51,402 - easytorch-training - INFO - Epoch 29 / 100
2025-08-26 16:59:25,538 - easytorch-training - INFO - Result <train>: [train/time: 94.14 (s), train/lr: 7.50e-05, train/loss: 0.2985, train/MAE: 0.2985, train/MSE: 0.2177]
2025-08-26 16:59:25,539 - easytorch-training - INFO - Start validation.
2025-08-26 16:59:34,553 - easytorch-training - INFO - Result <val>: [val/time: 9.01 (s), val/loss: 0.2603, val/MAE: 0.2603, val/MSE: 0.1690]
2025-08-26 16:59:58,842 - easytorch-training - INFO - Result <test>: [test/time: 24.27 (s), test/loss: 0.2924, test/MAE: 0.2924, test/MSE: 0.2030]
2025-08-26 16:59:58,855 - easytorch-training - INFO - Checkpoint checkpoints/DLinear/Electricity_100_336_720/6aa1a9abd5c51493c0de419cc5620174/DLinear_029.pt saved
2025-08-26 16:59:58,855 - easytorch-training - INFO - The estimated training finish time is 2025-08-26 19:35:22
2025-08-26 16:59:58,855 - easytorch-training - INFO - Epoch 30 / 100
2025-08-26 17:01:33,238 - easytorch-training - INFO - Result <train>: [train/time: 94.38 (s), train/lr: 7.50e-05, train/loss: 0.2985, train/MAE: 0.2985, train/MSE: 0.2177]
2025-08-26 17:01:33,239 - easytorch-training - INFO - Start validation.
2025-08-26 17:01:42,331 - easytorch-training - INFO - Result <val>: [val/time: 9.09 (s), val/loss: 0.2606, val/MAE: 0.2606, val/MSE: 0.1686]
2025-08-26 17:02:06,531 - easytorch-training - INFO - Result <test>: [test/time: 24.18 (s), test/loss: 0.2929, test/MAE: 0.2929, test/MSE: 0.2027]
2025-08-26 17:02:06,543 - easytorch-training - INFO - Checkpoint checkpoints/DLinear/Electricity_100_336_720/6aa1a9abd5c51493c0de419cc5620174/DLinear_030.pt saved
2025-08-26 17:02:06,549 - easytorch-training - INFO - The estimated training finish time is 2025-08-26 19:35:10
2025-08-26 17:02:06,549 - easytorch-training - INFO - Epoch 31 / 100
2025-08-26 17:03:41,217 - easytorch-training - INFO - Result <train>: [train/time: 94.67 (s), train/lr: 7.50e-05, train/loss: 0.2984, train/MAE: 0.2984, train/MSE: 0.2176]
2025-08-26 17:03:41,218 - easytorch-training - INFO - Start validation.
2025-08-26 17:03:50,233 - easytorch-training - INFO - Result <val>: [val/time: 9.02 (s), val/loss: 0.2604, val/MAE: 0.2604, val/MSE: 0.1688]
2025-08-26 17:04:14,491 - easytorch-training - INFO - Result <test>: [test/time: 24.24 (s), test/loss: 0.2926, test/MAE: 0.2926, test/MSE: 0.2028]
2025-08-26 17:04:14,502 - easytorch-training - INFO - Checkpoint checkpoints/DLinear/Electricity_100_336_720/6aa1a9abd5c51493c0de419cc5620174/DLinear_031.pt saved
2025-08-26 17:04:14,502 - easytorch-training - INFO - The estimated training finish time is 2025-08-26 19:34:59
2025-08-26 17:04:14,502 - easytorch-training - INFO - Epoch 32 / 100
2025-08-26 17:05:48,319 - easytorch-training - INFO - Result <train>: [train/time: 93.82 (s), train/lr: 7.50e-05, train/loss: 0.2985, train/MAE: 0.2985, train/MSE: 0.2177]
2025-08-26 17:05:48,320 - easytorch-training - INFO - Start validation.
2025-08-26 17:05:57,395 - easytorch-training - INFO - Result <val>: [val/time: 9.08 (s), val/loss: 0.2604, val/MAE: 0.2604, val/MSE: 0.1689]
2025-08-26 17:06:21,640 - easytorch-training - INFO - Result <test>: [test/time: 24.23 (s), test/loss: 0.2927, test/MAE: 0.2927, test/MSE: 0.2029]
2025-08-26 17:06:21,650 - easytorch-training - INFO - Checkpoint checkpoints/DLinear/Electricity_100_336_720/6aa1a9abd5c51493c0de419cc5620174/DLinear_032.pt saved
2025-08-26 17:06:21,650 - easytorch-training - INFO - The estimated training finish time is 2025-08-26 19:34:47
2025-08-26 17:06:21,650 - easytorch-training - INFO - Epoch 33 / 100
2025-08-26 17:07:55,413 - easytorch-training - INFO - Result <train>: [train/time: 93.76 (s), train/lr: 7.50e-05, train/loss: 0.2984, train/MAE: 0.2984, train/MSE: 0.2177]
2025-08-26 17:07:55,414 - easytorch-training - INFO - Start validation.
2025-08-26 17:08:04,485 - easytorch-training - INFO - Result <val>: [val/time: 9.07 (s), val/loss: 0.2606, val/MAE: 0.2606, val/MSE: 0.1684]
2025-08-26 17:08:28,484 - easytorch-training - INFO - Result <test>: [test/time: 23.98 (s), test/loss: 0.2931, test/MAE: 0.2931, test/MSE: 0.2026]
2025-08-26 17:08:28,496 - easytorch-training - INFO - Checkpoint checkpoints/DLinear/Electricity_100_336_720/6aa1a9abd5c51493c0de419cc5620174/DLinear_033.pt saved
2025-08-26 17:08:28,497 - easytorch-training - INFO - The estimated training finish time is 2025-08-26 19:34:34
2025-08-26 17:08:28,497 - easytorch-training - INFO - Epoch 34 / 100
2025-08-26 17:10:02,309 - easytorch-training - INFO - Result <train>: [train/time: 93.81 (s), train/lr: 7.50e-05, train/loss: 0.2984, train/MAE: 0.2984, train/MSE: 0.2176]
2025-08-26 17:10:02,311 - easytorch-training - INFO - Start validation.
2025-08-26 17:10:11,279 - easytorch-training - INFO - Result <val>: [val/time: 8.97 (s), val/loss: 0.2602, val/MAE: 0.2602, val/MSE: 0.1692]
2025-08-26 17:10:35,488 - easytorch-training - INFO - Result <test>: [test/time: 24.19 (s), test/loss: 0.2923, test/MAE: 0.2923, test/MSE: 0.2030]
2025-08-26 17:10:35,497 - easytorch-training - INFO - Checkpoint checkpoints/DLinear/Electricity_100_336_720/6aa1a9abd5c51493c0de419cc5620174/DLinear_034.pt saved
2025-08-26 17:10:35,497 - easytorch-training - INFO - The estimated training finish time is 2025-08-26 19:34:23
2025-08-26 17:10:35,498 - easytorch-training - INFO - Epoch 35 / 100
2025-08-26 17:12:09,842 - easytorch-training - INFO - Result <train>: [train/time: 94.34 (s), train/lr: 7.50e-05, train/loss: 0.2984, train/MAE: 0.2984, train/MSE: 0.2177]
2025-08-26 17:12:09,843 - easytorch-training - INFO - Start validation.
2025-08-26 17:12:18,834 - easytorch-training - INFO - Result <val>: [val/time: 8.99 (s), val/loss: 0.2603, val/MAE: 0.2603, val/MSE: 0.1688]
2025-08-26 17:12:42,979 - easytorch-training - INFO - Result <test>: [test/time: 24.13 (s), test/loss: 0.2926, test/MAE: 0.2926, test/MSE: 0.2028]
2025-08-26 17:12:42,990 - easytorch-training - INFO - Checkpoint checkpoints/DLinear/Electricity_100_336_720/6aa1a9abd5c51493c0de419cc5620174/DLinear_035.pt saved
2025-08-26 17:12:42,990 - easytorch-training - INFO - The estimated training finish time is 2025-08-26 19:34:14
2025-08-26 17:12:42,990 - easytorch-training - INFO - Epoch 36 / 100
2025-08-26 17:14:17,197 - easytorch-training - INFO - Result <train>: [train/time: 94.21 (s), train/lr: 7.50e-05, train/loss: 0.2984, train/MAE: 0.2984, train/MSE: 0.2176]
2025-08-26 17:14:17,199 - easytorch-training - INFO - Start validation.
2025-08-26 17:14:26,279 - easytorch-training - INFO - Result <val>: [val/time: 9.08 (s), val/loss: 0.2604, val/MAE: 0.2604, val/MSE: 0.1683]
2025-08-26 17:14:50,358 - easytorch-training - INFO - Result <test>: [test/time: 24.06 (s), test/loss: 0.2930, test/MAE: 0.2930, test/MSE: 0.2027]
2025-08-26 17:14:50,368 - easytorch-training - INFO - Checkpoint checkpoints/DLinear/Electricity_100_336_720/6aa1a9abd5c51493c0de419cc5620174/DLinear_036.pt saved
2025-08-26 17:14:50,368 - easytorch-training - INFO - The estimated training finish time is 2025-08-26 19:34:05
2025-08-26 17:14:50,368 - easytorch-training - INFO - Epoch 37 / 100
2025-08-26 17:16:24,882 - easytorch-training - INFO - Result <train>: [train/time: 94.51 (s), train/lr: 7.50e-05, train/loss: 0.2984, train/MAE: 0.2984, train/MSE: 0.2177]
2025-08-26 17:16:24,883 - easytorch-training - INFO - Start validation.
2025-08-26 17:16:33,881 - easytorch-training - INFO - Result <val>: [val/time: 9.00 (s), val/loss: 0.2607, val/MAE: 0.2607, val/MSE: 0.1683]
2025-08-26 17:16:58,019 - easytorch-training - INFO - Result <test>: [test/time: 24.12 (s), test/loss: 0.2933, test/MAE: 0.2933, test/MSE: 0.2028]
2025-08-26 17:16:58,030 - easytorch-training - INFO - Checkpoint checkpoints/DLinear/Electricity_100_336_720/6aa1a9abd5c51493c0de419cc5620174/DLinear_037.pt saved
2025-08-26 17:16:58,030 - easytorch-training - INFO - The estimated training finish time is 2025-08-26 19:33:57
2025-08-26 17:16:58,030 - easytorch-training - INFO - Epoch 38 / 100
2025-08-26 17:18:32,263 - easytorch-training - INFO - Result <train>: [train/time: 94.23 (s), train/lr: 7.50e-05, train/loss: 0.2984, train/MAE: 0.2984, train/MSE: 0.2176]
2025-08-26 17:18:32,264 - easytorch-training - INFO - Start validation.
2025-08-26 17:18:41,234 - easytorch-training - INFO - Result <val>: [val/time: 8.97 (s), val/loss: 0.2603, val/MAE: 0.2603, val/MSE: 0.1689]
2025-08-26 17:19:05,387 - easytorch-training - INFO - Result <test>: [test/time: 24.14 (s), test/loss: 0.2924, test/MAE: 0.2924, test/MSE: 0.2029]
2025-08-26 17:19:05,396 - easytorch-training - INFO - Checkpoint checkpoints/DLinear/Electricity_100_336_720/6aa1a9abd5c51493c0de419cc5620174/DLinear_038.pt saved
2025-08-26 17:19:05,397 - easytorch-training - INFO - The estimated training finish time is 2025-08-26 19:33:49
2025-08-26 17:19:05,397 - easytorch-training - INFO - Epoch 39 / 100
2025-08-26 17:20:39,551 - easytorch-training - INFO - Result <train>: [train/time: 94.15 (s), train/lr: 7.50e-05, train/loss: 0.2984, train/MAE: 0.2984, train/MSE: 0.2177]
2025-08-26 17:20:39,552 - easytorch-training - INFO - Start validation.
2025-08-26 17:20:48,643 - easytorch-training - INFO - Result <val>: [val/time: 9.09 (s), val/loss: 0.2605, val/MAE: 0.2605, val/MSE: 0.1691]
2025-08-26 17:21:12,709 - easytorch-training - INFO - Result <test>: [test/time: 24.05 (s), test/loss: 0.2923, test/MAE: 0.2923, test/MSE: 0.2030]
2025-08-26 17:21:12,720 - easytorch-training - INFO - Checkpoint checkpoints/DLinear/Electricity_100_336_720/6aa1a9abd5c51493c0de419cc5620174/DLinear_039.pt saved
2025-08-26 17:21:12,720 - easytorch-training - INFO - The estimated training finish time is 2025-08-26 19:33:41
2025-08-26 17:21:12,720 - easytorch-training - INFO - Epoch 40 / 100
2025-08-26 17:22:46,556 - easytorch-training - INFO - Result <train>: [train/time: 93.84 (s), train/lr: 7.50e-05, train/loss: 0.2984, train/MAE: 0.2984, train/MSE: 0.2177]
2025-08-26 17:22:46,558 - easytorch-training - INFO - Start validation.
2025-08-26 17:22:55,552 - easytorch-training - INFO - Result <val>: [val/time: 8.99 (s), val/loss: 0.2604, val/MAE: 0.2604, val/MSE: 0.1687]
2025-08-26 17:23:19,720 - easytorch-training - INFO - Result <test>: [test/time: 24.15 (s), test/loss: 0.2929, test/MAE: 0.2929, test/MSE: 0.2028]
2025-08-26 17:23:19,731 - easytorch-training - INFO - Checkpoint checkpoints/DLinear/Electricity_100_336_720/6aa1a9abd5c51493c0de419cc5620174/DLinear_040.pt saved
2025-08-26 17:23:19,738 - easytorch-training - INFO - The estimated training finish time is 2025-08-26 19:33:33
2025-08-26 17:23:19,738 - easytorch-training - INFO - Epoch 41 / 100
2025-08-26 17:24:54,219 - easytorch-training - INFO - Result <train>: [train/time: 94.48 (s), train/lr: 7.50e-05, train/loss: 0.2984, train/MAE: 0.2984, train/MSE: 0.2177]
2025-08-26 17:24:54,221 - easytorch-training - INFO - Start validation.
2025-08-26 17:25:03,197 - easytorch-training - INFO - Result <val>: [val/time: 8.98 (s), val/loss: 0.2601, val/MAE: 0.2601, val/MSE: 0.1689]
2025-08-26 17:25:03,211 - easytorch-training - INFO - Checkpoint checkpoints/DLinear/Electricity_100_336_720/6aa1a9abd5c51493c0de419cc5620174/DLinear_best_val_MAE.pt saved
2025-08-26 17:25:27,243 - easytorch-training - INFO - Result <test>: [test/time: 24.02 (s), test/loss: 0.2924, test/MAE: 0.2924, test/MSE: 0.2029]
2025-08-26 17:25:27,254 - easytorch-training - INFO - Checkpoint checkpoints/DLinear/Electricity_100_336_720/6aa1a9abd5c51493c0de419cc5620174/DLinear_041.pt saved
2025-08-26 17:25:27,254 - easytorch-training - INFO - The estimated training finish time is 2025-08-26 19:33:26
2025-08-26 17:25:27,254 - easytorch-training - INFO - Epoch 42 / 100
2025-08-26 17:27:08,516 - easytorch-training - INFO - Result <train>: [train/time: 101.26 (s), train/lr: 7.50e-05, train/loss: 0.2984, train/MAE: 0.2984, train/MSE: 0.2177]
2025-08-26 17:27:08,517 - easytorch-training - INFO - Start validation.
2025-08-26 17:27:17,619 - easytorch-training - INFO - Result <val>: [val/time: 9.10 (s), val/loss: 0.2604, val/MAE: 0.2604, val/MSE: 0.1683]
2025-08-26 17:27:41,748 - easytorch-training - INFO - Result <test>: [test/time: 24.11 (s), test/loss: 0.2929, test/MAE: 0.2929, test/MSE: 0.2027]
2025-08-26 17:27:41,760 - easytorch-training - INFO - Checkpoint checkpoints/DLinear/Electricity_100_336_720/6aa1a9abd5c51493c0de419cc5620174/DLinear_042.pt saved
2025-08-26 17:27:41,760 - easytorch-training - INFO - The estimated training finish time is 2025-08-26 19:33:37
2025-08-26 17:27:41,760 - easytorch-training - INFO - Epoch 43 / 100
2025-08-26 17:29:16,144 - easytorch-training - INFO - Result <train>: [train/time: 94.38 (s), train/lr: 7.50e-05, train/loss: 0.2984, train/MAE: 0.2984, train/MSE: 0.2177]
2025-08-26 17:29:16,145 - easytorch-training - INFO - Start validation.
2025-08-26 17:29:25,162 - easytorch-training - INFO - Result <val>: [val/time: 9.02 (s), val/loss: 0.2603, val/MAE: 0.2603, val/MSE: 0.1689]
2025-08-26 17:29:49,415 - easytorch-training - INFO - Result <test>: [test/time: 24.23 (s), test/loss: 0.2925, test/MAE: 0.2925, test/MSE: 0.2029]
2025-08-26 17:29:49,427 - easytorch-training - INFO - Checkpoint checkpoints/DLinear/Electricity_100_336_720/6aa1a9abd5c51493c0de419cc5620174/DLinear_043.pt saved
2025-08-26 17:29:49,427 - easytorch-training - INFO - The estimated training finish time is 2025-08-26 19:33:31
2025-08-26 17:29:49,427 - easytorch-training - INFO - Epoch 44 / 100
2025-08-26 17:31:24,722 - easytorch-training - INFO - Result <train>: [train/time: 95.29 (s), train/lr: 7.50e-05, train/loss: 0.2984, train/MAE: 0.2984, train/MSE: 0.2177]
2025-08-26 17:31:24,723 - easytorch-training - INFO - Start validation.
2025-08-26 17:31:33,978 - easytorch-training - INFO - Result <val>: [val/time: 9.25 (s), val/loss: 0.2603, val/MAE: 0.2603, val/MSE: 0.1693]
2025-08-26 17:31:58,854 - easytorch-training - INFO - Result <test>: [test/time: 24.86 (s), test/loss: 0.2921, test/MAE: 0.2921, test/MSE: 0.2031]
2025-08-26 17:31:58,866 - easytorch-training - INFO - Checkpoint checkpoints/DLinear/Electricity_100_336_720/6aa1a9abd5c51493c0de419cc5620174/DLinear_044.pt saved
2025-08-26 17:31:58,867 - easytorch-training - INFO - The estimated training finish time is 2025-08-26 19:33:29
2025-08-26 17:31:58,867 - easytorch-training - INFO - Epoch 45 / 100
2025-08-26 17:33:42,794 - easytorch-training - INFO - Result <train>: [train/time: 103.93 (s), train/lr: 7.50e-05, train/loss: 0.2984, train/MAE: 0.2984, train/MSE: 0.2177]
2025-08-26 17:33:42,795 - easytorch-training - INFO - Start validation.
2025-08-26 17:33:51,995 - easytorch-training - INFO - Result <val>: [val/time: 9.20 (s), val/loss: 0.2604, val/MAE: 0.2604, val/MSE: 0.1687]
2025-08-26 17:34:16,723 - easytorch-training - INFO - Result <test>: [test/time: 24.71 (s), test/loss: 0.2928, test/MAE: 0.2928, test/MSE: 0.2027]
2025-08-26 17:34:16,734 - easytorch-training - INFO - Checkpoint checkpoints/DLinear/Electricity_100_336_720/6aa1a9abd5c51493c0de419cc5620174/DLinear_045.pt saved
2025-08-26 17:34:16,734 - easytorch-training - INFO - The estimated training finish time is 2025-08-26 19:33:46
2025-08-26 17:34:16,734 - easytorch-training - INFO - Epoch 46 / 100
2025-08-26 17:35:52,875 - easytorch-training - INFO - Result <train>: [train/time: 96.14 (s), train/lr: 7.50e-05, train/loss: 0.2984, train/MAE: 0.2984, train/MSE: 0.2176]
2025-08-26 17:35:52,876 - easytorch-training - INFO - Start validation.
2025-08-26 17:36:02,067 - easytorch-training - INFO - Result <val>: [val/time: 9.19 (s), val/loss: 0.2603, val/MAE: 0.2603, val/MSE: 0.1684]
2025-08-26 17:36:26,775 - easytorch-training - INFO - Result <test>: [test/time: 24.69 (s), test/loss: 0.2930, test/MAE: 0.2930, test/MSE: 0.2027]
2025-08-26 17:36:26,787 - easytorch-training - INFO - Checkpoint checkpoints/DLinear/Electricity_100_336_720/6aa1a9abd5c51493c0de419cc5620174/DLinear_046.pt saved
2025-08-26 17:36:26,787 - easytorch-training - INFO - The estimated training finish time is 2025-08-26 19:33:45
2025-08-26 17:36:26,787 - easytorch-training - INFO - Epoch 47 / 100
2025-08-26 17:38:02,542 - easytorch-training - INFO - Result <train>: [train/time: 95.75 (s), train/lr: 7.50e-05, train/loss: 0.2984, train/MAE: 0.2984, train/MSE: 0.2176]
2025-08-26 17:38:02,543 - easytorch-training - INFO - Start validation.
2025-08-26 17:38:11,799 - easytorch-training - INFO - Result <val>: [val/time: 9.26 (s), val/loss: 0.2603, val/MAE: 0.2603, val/MSE: 0.1690]
2025-08-26 17:38:36,551 - easytorch-training - INFO - Result <test>: [test/time: 24.73 (s), test/loss: 0.2924, test/MAE: 0.2924, test/MSE: 0.2031]
2025-08-26 17:38:36,562 - easytorch-training - INFO - Checkpoint checkpoints/DLinear/Electricity_100_336_720/6aa1a9abd5c51493c0de419cc5620174/DLinear_047.pt saved
2025-08-26 17:38:36,563 - easytorch-training - INFO - The estimated training finish time is 2025-08-26 19:33:44
2025-08-26 17:38:36,563 - easytorch-training - INFO - Epoch 48 / 100
2025-08-26 17:40:12,956 - easytorch-training - INFO - Result <train>: [train/time: 96.39 (s), train/lr: 7.50e-05, train/loss: 0.2984, train/MAE: 0.2984, train/MSE: 0.2177]
2025-08-26 17:40:12,957 - easytorch-training - INFO - Start validation.
2025-08-26 17:40:22,191 - easytorch-training - INFO - Result <val>: [val/time: 9.23 (s), val/loss: 0.2603, val/MAE: 0.2603, val/MSE: 0.1685]
2025-08-26 17:40:46,869 - easytorch-training - INFO - Result <test>: [test/time: 24.66 (s), test/loss: 0.2928, test/MAE: 0.2928, test/MSE: 0.2027]
2025-08-26 17:40:46,882 - easytorch-training - INFO - Checkpoint checkpoints/DLinear/Electricity_100_336_720/6aa1a9abd5c51493c0de419cc5620174/DLinear_048.pt saved
2025-08-26 17:40:46,882 - easytorch-training - INFO - The estimated training finish time is 2025-08-26 19:33:44
2025-08-26 17:40:46,882 - easytorch-training - INFO - Epoch 49 / 100
2025-08-26 17:42:30,576 - easytorch-training - INFO - Result <train>: [train/time: 103.69 (s), train/lr: 7.50e-05, train/loss: 0.2984, train/MAE: 0.2984, train/MSE: 0.2177]
2025-08-26 17:42:30,578 - easytorch-training - INFO - Start validation.
2025-08-26 17:42:39,776 - easytorch-training - INFO - Result <val>: [val/time: 9.20 (s), val/loss: 0.2609, val/MAE: 0.2609, val/MSE: 0.1684]
2025-08-26 17:43:04,524 - easytorch-training - INFO - Result <test>: [test/time: 24.73 (s), test/loss: 0.2934, test/MAE: 0.2934, test/MSE: 0.2026]
2025-08-26 17:43:04,534 - easytorch-training - INFO - Checkpoint checkpoints/DLinear/Electricity_100_336_720/6aa1a9abd5c51493c0de419cc5620174/DLinear_049.pt saved
2025-08-26 17:43:04,534 - easytorch-training - INFO - The estimated training finish time is 2025-08-26 19:33:59
2025-08-26 17:43:04,534 - easytorch-training - INFO - Epoch 50 / 100
2025-08-26 17:44:40,482 - easytorch-training - INFO - Result <train>: [train/time: 95.95 (s), train/lr: 7.50e-05, train/loss: 0.2984, train/MAE: 0.2984, train/MSE: 0.2176]
2025-08-26 17:44:40,483 - easytorch-training - INFO - Start validation.
2025-08-26 17:44:49,755 - easytorch-training - INFO - Result <val>: [val/time: 9.27 (s), val/loss: 0.2604, val/MAE: 0.2604, val/MSE: 0.1689]
2025-08-26 17:45:14,513 - easytorch-training - INFO - Result <test>: [test/time: 24.74 (s), test/loss: 0.2925, test/MAE: 0.2925, test/MSE: 0.2029]
2025-08-26 17:45:14,523 - easytorch-training - INFO - Checkpoint checkpoints/DLinear/Electricity_100_336_720/6aa1a9abd5c51493c0de419cc5620174/DLinear_050.pt saved
2025-08-26 17:45:14,529 - easytorch-training - INFO - The estimated training finish time is 2025-08-26 19:33:58
2025-08-26 17:45:14,529 - easytorch-training - INFO - Epoch 51 / 100
2025-08-26 17:46:50,714 - easytorch-training - INFO - Result <train>: [train/time: 96.18 (s), train/lr: 7.50e-05, train/loss: 0.2984, train/MAE: 0.2984, train/MSE: 0.2177]
2025-08-26 17:46:50,715 - easytorch-training - INFO - Start validation.
2025-08-26 17:46:59,980 - easytorch-training - INFO - Result <val>: [val/time: 9.26 (s), val/loss: 0.2604, val/MAE: 0.2604, val/MSE: 0.1687]
2025-08-26 17:47:24,692 - easytorch-training - INFO - Result <test>: [test/time: 24.69 (s), test/loss: 0.2928, test/MAE: 0.2928, test/MSE: 0.2028]
2025-08-26 17:47:24,706 - easytorch-training - INFO - Checkpoint checkpoints/DLinear/Electricity_100_336_720/6aa1a9abd5c51493c0de419cc5620174/DLinear_051.pt saved
2025-08-26 17:47:24,706 - easytorch-training - INFO - The estimated training finish time is 2025-08-26 19:33:57
2025-08-26 17:47:24,706 - easytorch-training - INFO - Epoch 52 / 100
2025-08-26 17:49:00,750 - easytorch-training - INFO - Result <train>: [train/time: 96.04 (s), train/lr: 7.50e-05, train/loss: 0.2984, train/MAE: 0.2984, train/MSE: 0.2177]
2025-08-26 17:49:00,752 - easytorch-training - INFO - Start validation.
2025-08-26 17:49:09,986 - easytorch-training - INFO - Result <val>: [val/time: 9.23 (s), val/loss: 0.2602, val/MAE: 0.2602, val/MSE: 0.1690]
2025-08-26 17:49:34,807 - easytorch-training - INFO - Result <test>: [test/time: 24.80 (s), test/loss: 0.2922, test/MAE: 0.2922, test/MSE: 0.2030]
2025-08-26 17:49:34,819 - easytorch-training - INFO - Checkpoint checkpoints/DLinear/Electricity_100_336_720/6aa1a9abd5c51493c0de419cc5620174/DLinear_052.pt saved
2025-08-26 17:49:34,819 - easytorch-training - INFO - The estimated training finish time is 2025-08-26 19:33:57
2025-08-26 17:49:34,819 - easytorch-training - INFO - Epoch 53 / 100
2025-08-26 17:51:11,459 - easytorch-training - INFO - Result <train>: [train/time: 96.64 (s), train/lr: 7.50e-05, train/loss: 0.2984, train/MAE: 0.2984, train/MSE: 0.2177]
2025-08-26 17:51:11,460 - easytorch-training - INFO - Start validation.
2025-08-26 17:51:20,683 - easytorch-training - INFO - Result <val>: [val/time: 9.22 (s), val/loss: 0.2602, val/MAE: 0.2602, val/MSE: 0.1690]
2025-08-26 17:51:45,426 - easytorch-training - INFO - Result <test>: [test/time: 24.72 (s), test/loss: 0.2923, test/MAE: 0.2923, test/MSE: 0.2030]
2025-08-26 17:51:45,438 - easytorch-training - INFO - Checkpoint checkpoints/DLinear/Electricity_100_336_720/6aa1a9abd5c51493c0de419cc5620174/DLinear_053.pt saved
2025-08-26 17:51:45,438 - easytorch-training - INFO - The estimated training finish time is 2025-08-26 19:33:57
2025-08-26 17:51:45,438 - easytorch-training - INFO - Epoch 54 / 100
2025-08-26 17:53:21,589 - easytorch-training - INFO - Result <train>: [train/time: 96.15 (s), train/lr: 7.50e-05, train/loss: 0.2984, train/MAE: 0.2984, train/MSE: 0.2176]
2025-08-26 17:53:21,591 - easytorch-training - INFO - Start validation.
2025-08-26 17:53:30,820 - easytorch-training - INFO - Result <val>: [val/time: 9.23 (s), val/loss: 0.2602, val/MAE: 0.2602, val/MSE: 0.1687]
2025-08-26 17:53:55,604 - easytorch-training - INFO - Result <test>: [test/time: 24.77 (s), test/loss: 0.2926, test/MAE: 0.2926, test/MSE: 0.2028]
2025-08-26 17:53:55,615 - easytorch-training - INFO - Checkpoint checkpoints/DLinear/Electricity_100_336_720/6aa1a9abd5c51493c0de419cc5620174/DLinear_054.pt saved
2025-08-26 17:53:55,615 - easytorch-training - INFO - The estimated training finish time is 2025-08-26 19:33:56
2025-08-26 17:53:55,615 - easytorch-training - INFO - Epoch 55 / 100
2025-08-26 17:55:31,927 - easytorch-training - INFO - Result <train>: [train/time: 96.31 (s), train/lr: 7.50e-05, train/loss: 0.2984, train/MAE: 0.2984, train/MSE: 0.2176]
2025-08-26 17:55:31,929 - easytorch-training - INFO - Start validation.
2025-08-26 17:55:41,204 - easytorch-training - INFO - Result <val>: [val/time: 9.28 (s), val/loss: 0.2603, val/MAE: 0.2603, val/MSE: 0.1688]
2025-08-26 17:56:05,916 - easytorch-training - INFO - Result <test>: [test/time: 24.69 (s), test/loss: 0.2927, test/MAE: 0.2927, test/MSE: 0.2028]
2025-08-26 17:56:05,927 - easytorch-training - INFO - Checkpoint checkpoints/DLinear/Electricity_100_336_720/6aa1a9abd5c51493c0de419cc5620174/DLinear_055.pt saved
2025-08-26 17:56:05,927 - easytorch-training - INFO - The estimated training finish time is 2025-08-26 19:33:56
2025-08-26 17:56:05,927 - easytorch-training - INFO - Epoch 56 / 100
2025-08-26 17:57:42,380 - easytorch-training - INFO - Result <train>: [train/time: 96.45 (s), train/lr: 7.50e-05, train/loss: 0.2984, train/MAE: 0.2984, train/MSE: 0.2177]
2025-08-26 17:57:42,382 - easytorch-training - INFO - Start validation.
2025-08-26 17:57:51,684 - easytorch-training - INFO - Result <val>: [val/time: 9.30 (s), val/loss: 0.2602, val/MAE: 0.2602, val/MSE: 0.1686]
2025-08-26 17:58:16,401 - easytorch-training - INFO - Result <test>: [test/time: 24.70 (s), test/loss: 0.2925, test/MAE: 0.2925, test/MSE: 0.2028]
2025-08-26 17:58:16,412 - easytorch-training - INFO - Checkpoint checkpoints/DLinear/Electricity_100_336_720/6aa1a9abd5c51493c0de419cc5620174/DLinear_056.pt saved
2025-08-26 17:58:16,413 - easytorch-training - INFO - The estimated training finish time is 2025-08-26 19:33:56
2025-08-26 17:58:16,413 - easytorch-training - INFO - Epoch 57 / 100
2025-08-26 17:59:52,486 - easytorch-training - INFO - Result <train>: [train/time: 96.07 (s), train/lr: 7.50e-05, train/loss: 0.2984, train/MAE: 0.2984, train/MSE: 0.2176]
2025-08-26 17:59:52,487 - easytorch-training - INFO - Start validation.
2025-08-26 18:00:01,716 - easytorch-training - INFO - Result <val>: [val/time: 9.23 (s), val/loss: 0.2603, val/MAE: 0.2603, val/MSE: 0.1687]
2025-08-26 18:00:26,504 - easytorch-training - INFO - Result <test>: [test/time: 24.77 (s), test/loss: 0.2927, test/MAE: 0.2927, test/MSE: 0.2027]
2025-08-26 18:00:26,515 - easytorch-training - INFO - Checkpoint checkpoints/DLinear/Electricity_100_336_720/6aa1a9abd5c51493c0de419cc5620174/DLinear_057.pt saved
2025-08-26 18:00:26,515 - easytorch-training - INFO - The estimated training finish time is 2025-08-26 19:33:56
2025-08-26 18:00:26,515 - easytorch-training - INFO - Epoch 58 / 100
2025-08-26 18:02:02,870 - easytorch-training - INFO - Result <train>: [train/time: 96.35 (s), train/lr: 7.50e-05, train/loss: 0.2984, train/MAE: 0.2984, train/MSE: 0.2177]
2025-08-26 18:02:02,871 - easytorch-training - INFO - Start validation.
2025-08-26 18:02:12,083 - easytorch-training - INFO - Result <val>: [val/time: 9.21 (s), val/loss: 0.2604, val/MAE: 0.2604, val/MSE: 0.1690]
2025-08-26 18:02:36,818 - easytorch-training - INFO - Result <test>: [test/time: 24.71 (s), test/loss: 0.2924, test/MAE: 0.2924, test/MSE: 0.2029]
2025-08-26 18:02:36,830 - easytorch-training - INFO - Checkpoint checkpoints/DLinear/Electricity_100_336_720/6aa1a9abd5c51493c0de419cc5620174/DLinear_058.pt saved
2025-08-26 18:02:36,830 - easytorch-training - INFO - The estimated training finish time is 2025-08-26 19:33:55
2025-08-26 18:02:36,830 - easytorch-training - INFO - Epoch 59 / 100
2025-08-26 18:04:13,581 - easytorch-training - INFO - Result <train>: [train/time: 96.75 (s), train/lr: 7.50e-05, train/loss: 0.2984, train/MAE: 0.2984, train/MSE: 0.2176]
2025-08-26 18:04:13,583 - easytorch-training - INFO - Start validation.
2025-08-26 18:04:22,883 - easytorch-training - INFO - Result <val>: [val/time: 9.30 (s), val/loss: 0.2604, val/MAE: 0.2604, val/MSE: 0.1689]
2025-08-26 18:04:47,558 - easytorch-training - INFO - Result <test>: [test/time: 24.66 (s), test/loss: 0.2927, test/MAE: 0.2927, test/MSE: 0.2029]
2025-08-26 18:04:47,568 - easytorch-training - INFO - Checkpoint checkpoints/DLinear/Electricity_100_336_720/6aa1a9abd5c51493c0de419cc5620174/DLinear_059.pt saved
2025-08-26 18:04:47,568 - easytorch-training - INFO - The estimated training finish time is 2025-08-26 19:33:56
2025-08-26 18:04:47,568 - easytorch-training - INFO - Epoch 60 / 100
2025-08-26 18:06:23,662 - easytorch-training - INFO - Result <train>: [train/time: 96.09 (s), train/lr: 7.50e-05, train/loss: 0.2984, train/MAE: 0.2984, train/MSE: 0.2176]
2025-08-26 18:06:23,663 - easytorch-training - INFO - Start validation.
2025-08-26 18:06:32,924 - easytorch-training - INFO - Result <val>: [val/time: 9.26 (s), val/loss: 0.2605, val/MAE: 0.2605, val/MSE: 0.1688]
2025-08-26 18:06:57,609 - easytorch-training - INFO - Result <test>: [test/time: 24.67 (s), test/loss: 0.2925, test/MAE: 0.2925, test/MSE: 0.2028]
2025-08-26 18:06:57,619 - easytorch-training - INFO - Checkpoint checkpoints/DLinear/Electricity_100_336_720/6aa1a9abd5c51493c0de419cc5620174/DLinear_060.pt saved
2025-08-26 18:06:57,625 - easytorch-training - INFO - The estimated training finish time is 2025-08-26 19:33:55
2025-08-26 18:06:57,626 - easytorch-training - INFO - Epoch 61 / 100
2025-08-26 18:08:33,442 - easytorch-training - INFO - Result <train>: [train/time: 95.82 (s), train/lr: 7.50e-05, train/loss: 0.2984, train/MAE: 0.2984, train/MSE: 0.2177]
2025-08-26 18:08:33,443 - easytorch-training - INFO - Start validation.
2025-08-26 18:08:42,686 - easytorch-training - INFO - Result <val>: [val/time: 9.24 (s), val/loss: 0.2605, val/MAE: 0.2605, val/MSE: 0.1689]
2025-08-26 18:09:07,441 - easytorch-training - INFO - Result <test>: [test/time: 24.74 (s), test/loss: 0.2927, test/MAE: 0.2927, test/MSE: 0.2028]
2025-08-26 18:09:07,453 - easytorch-training - INFO - Checkpoint checkpoints/DLinear/Electricity_100_336_720/6aa1a9abd5c51493c0de419cc5620174/DLinear_061.pt saved
2025-08-26 18:09:07,453 - easytorch-training - INFO - The estimated training finish time is 2025-08-26 19:33:54
2025-08-26 18:09:07,453 - easytorch-training - INFO - Epoch 62 / 100
2025-08-26 18:10:43,491 - easytorch-training - INFO - Result <train>: [train/time: 96.04 (s), train/lr: 7.50e-05, train/loss: 0.2984, train/MAE: 0.2984, train/MSE: 0.2177]
2025-08-26 18:10:43,492 - easytorch-training - INFO - Start validation.
2025-08-26 18:10:52,709 - easytorch-training - INFO - Result <val>: [val/time: 9.22 (s), val/loss: 0.2604, val/MAE: 0.2604, val/MSE: 0.1687]
2025-08-26 18:11:17,321 - easytorch-training - INFO - Result <test>: [test/time: 24.59 (s), test/loss: 0.2926, test/MAE: 0.2926, test/MSE: 0.2027]
2025-08-26 18:11:17,333 - easytorch-training - INFO - Checkpoint checkpoints/DLinear/Electricity_100_336_720/6aa1a9abd5c51493c0de419cc5620174/DLinear_062.pt saved
2025-08-26 18:11:17,333 - easytorch-training - INFO - The estimated training finish time is 2025-08-26 19:33:53
2025-08-26 18:11:17,333 - easytorch-training - INFO - Epoch 63 / 100
2025-08-26 18:13:01,078 - easytorch-training - INFO - Result <train>: [train/time: 103.74 (s), train/lr: 7.50e-05, train/loss: 0.2984, train/MAE: 0.2984, train/MSE: 0.2176]
2025-08-26 18:13:01,079 - easytorch-training - INFO - Start validation.
2025-08-26 18:13:10,355 - easytorch-training - INFO - Result <val>: [val/time: 9.28 (s), val/loss: 0.2603, val/MAE: 0.2603, val/MSE: 0.1690]
2025-08-26 18:13:35,053 - easytorch-training - INFO - Result <test>: [test/time: 24.68 (s), test/loss: 0.2924, test/MAE: 0.2924, test/MSE: 0.2029]
2025-08-26 18:13:35,064 - easytorch-training - INFO - Checkpoint checkpoints/DLinear/Electricity_100_336_720/6aa1a9abd5c51493c0de419cc5620174/DLinear_063.pt saved
2025-08-26 18:13:35,064 - easytorch-training - INFO - The estimated training finish time is 2025-08-26 19:34:05
2025-08-26 18:13:35,064 - easytorch-training - INFO - Epoch 64 / 100
2025-08-26 18:15:11,116 - easytorch-training - INFO - Result <train>: [train/time: 96.05 (s), train/lr: 7.50e-05, train/loss: 0.2984, train/MAE: 0.2984, train/MSE: 0.2176]
2025-08-26 18:15:11,117 - easytorch-training - INFO - Start validation.
2025-08-26 18:15:20,360 - easytorch-training - INFO - Result <val>: [val/time: 9.24 (s), val/loss: 0.2601, val/MAE: 0.2601, val/MSE: 0.1688]
2025-08-26 18:15:20,376 - easytorch-training - INFO - Checkpoint checkpoints/DLinear/Electricity_100_336_720/6aa1a9abd5c51493c0de419cc5620174/DLinear_best_val_MAE.pt saved
2025-08-26 18:15:45,094 - easytorch-training - INFO - Result <test>: [test/time: 24.70 (s), test/loss: 0.2924, test/MAE: 0.2924, test/MSE: 0.2029]
2025-08-26 18:15:45,104 - easytorch-training - INFO - Checkpoint checkpoints/DLinear/Electricity_100_336_720/6aa1a9abd5c51493c0de419cc5620174/DLinear_064.pt saved
2025-08-26 18:15:45,104 - easytorch-training - INFO - The estimated training finish time is 2025-08-26 19:34:04
2025-08-26 18:15:45,104 - easytorch-training - INFO - Epoch 65 / 100
2025-08-26 18:17:21,173 - easytorch-training - INFO - Result <train>: [train/time: 96.07 (s), train/lr: 7.50e-05, train/loss: 0.2984, train/MAE: 0.2984, train/MSE: 0.2177]
2025-08-26 18:17:21,175 - easytorch-training - INFO - Start validation.
2025-08-26 18:17:30,391 - easytorch-training - INFO - Result <val>: [val/time: 9.22 (s), val/loss: 0.2602, val/MAE: 0.2602, val/MSE: 0.1692]
2025-08-26 18:17:55,092 - easytorch-training - INFO - Result <test>: [test/time: 24.68 (s), test/loss: 0.2921, test/MAE: 0.2921, test/MSE: 0.2031]
2025-08-26 18:17:55,107 - easytorch-training - INFO - Checkpoint checkpoints/DLinear/Electricity_100_336_720/6aa1a9abd5c51493c0de419cc5620174/DLinear_065.pt saved
2025-08-26 18:17:55,107 - easytorch-training - INFO - The estimated training finish time is 2025-08-26 19:34:03
2025-08-26 18:17:55,107 - easytorch-training - INFO - Epoch 66 / 100
2025-08-26 18:19:30,968 - easytorch-training - INFO - Result <train>: [train/time: 95.86 (s), train/lr: 7.50e-05, train/loss: 0.2984, train/MAE: 0.2984, train/MSE: 0.2176]
2025-08-26 18:19:30,969 - easytorch-training - INFO - Start validation.
2025-08-26 18:19:40,179 - easytorch-training - INFO - Result <val>: [val/time: 9.21 (s), val/loss: 0.2604, val/MAE: 0.2604, val/MSE: 0.1685]
2025-08-26 18:20:04,945 - easytorch-training - INFO - Result <test>: [test/time: 24.75 (s), test/loss: 0.2928, test/MAE: 0.2928, test/MSE: 0.2027]
2025-08-26 18:20:04,956 - easytorch-training - INFO - Checkpoint checkpoints/DLinear/Electricity_100_336_720/6aa1a9abd5c51493c0de419cc5620174/DLinear_066.pt saved
2025-08-26 18:20:04,956 - easytorch-training - INFO - The estimated training finish time is 2025-08-26 19:34:02
2025-08-26 18:20:04,956 - easytorch-training - INFO - Epoch 67 / 100
2025-08-26 18:21:41,342 - easytorch-training - INFO - Result <train>: [train/time: 96.39 (s), train/lr: 7.50e-05, train/loss: 0.2984, train/MAE: 0.2984, train/MSE: 0.2176]
2025-08-26 18:21:41,344 - easytorch-training - INFO - Start validation.
2025-08-26 18:21:50,618 - easytorch-training - INFO - Result <val>: [val/time: 9.27 (s), val/loss: 0.2607, val/MAE: 0.2607, val/MSE: 0.1684]
2025-08-26 18:22:15,337 - easytorch-training - INFO - Result <test>: [test/time: 24.70 (s), test/loss: 0.2934, test/MAE: 0.2934, test/MSE: 0.2027]
2025-08-26 18:22:15,350 - easytorch-training - INFO - Checkpoint checkpoints/DLinear/Electricity_100_336_720/6aa1a9abd5c51493c0de419cc5620174/DLinear_067.pt saved
2025-08-26 18:22:15,350 - easytorch-training - INFO - The estimated training finish time is 2025-08-26 19:34:02
2025-08-26 18:22:15,350 - easytorch-training - INFO - Epoch 68 / 100
2025-08-26 18:23:51,787 - easytorch-training - INFO - Result <train>: [train/time: 96.44 (s), train/lr: 7.50e-05, train/loss: 0.2984, train/MAE: 0.2984, train/MSE: 0.2176]
2025-08-26 18:23:51,789 - easytorch-training - INFO - Start validation.
2025-08-26 18:24:01,007 - easytorch-training - INFO - Result <val>: [val/time: 9.22 (s), val/loss: 0.2603, val/MAE: 0.2603, val/MSE: 0.1692]
2025-08-26 18:24:25,768 - easytorch-training - INFO - Result <test>: [test/time: 24.74 (s), test/loss: 0.2923, test/MAE: 0.2923, test/MSE: 0.2030]
2025-08-26 18:24:25,779 - easytorch-training - INFO - Checkpoint checkpoints/DLinear/Electricity_100_336_720/6aa1a9abd5c51493c0de419cc5620174/DLinear_068.pt saved
2025-08-26 18:24:25,779 - easytorch-training - INFO - The estimated training finish time is 2025-08-26 19:34:02
2025-08-26 18:24:25,779 - easytorch-training - INFO - Epoch 69 / 100
2025-08-26 18:26:01,826 - easytorch-training - INFO - Result <train>: [train/time: 96.05 (s), train/lr: 7.50e-05, train/loss: 0.2984, train/MAE: 0.2984, train/MSE: 0.2176]
2025-08-26 18:26:01,828 - easytorch-training - INFO - Start validation.
2025-08-26 18:26:11,039 - easytorch-training - INFO - Result <val>: [val/time: 9.21 (s), val/loss: 0.2604, val/MAE: 0.2604, val/MSE: 0.1688]
2025-08-26 18:26:35,757 - easytorch-training - INFO - Result <test>: [test/time: 24.70 (s), test/loss: 0.2926, test/MAE: 0.2926, test/MSE: 0.2027]
2025-08-26 18:26:35,768 - easytorch-training - INFO - Checkpoint checkpoints/DLinear/Electricity_100_336_720/6aa1a9abd5c51493c0de419cc5620174/DLinear_069.pt saved
2025-08-26 18:26:35,768 - easytorch-training - INFO - The estimated training finish time is 2025-08-26 19:34:01
2025-08-26 18:26:35,768 - easytorch-training - INFO - Epoch 70 / 100
2025-08-26 18:28:11,665 - easytorch-training - INFO - Result <train>: [train/time: 95.90 (s), train/lr: 7.50e-05, train/loss: 0.2984, train/MAE: 0.2984, train/MSE: 0.2177]
2025-08-26 18:28:11,666 - easytorch-training - INFO - Start validation.
2025-08-26 18:28:20,891 - easytorch-training - INFO - Result <val>: [val/time: 9.22 (s), val/loss: 0.2604, val/MAE: 0.2604, val/MSE: 0.1689]
2025-08-26 18:28:45,603 - easytorch-training - INFO - Result <test>: [test/time: 24.69 (s), test/loss: 0.2926, test/MAE: 0.2926, test/MSE: 0.2029]
2025-08-26 18:28:45,618 - easytorch-training - INFO - Checkpoint checkpoints/DLinear/Electricity_100_336_720/6aa1a9abd5c51493c0de419cc5620174/DLinear_070.pt saved
2025-08-26 18:28:45,624 - easytorch-training - INFO - The estimated training finish time is 2025-08-26 19:34:00
2025-08-26 18:28:45,624 - easytorch-training - INFO - Epoch 71 / 100
2025-08-26 18:30:22,371 - easytorch-training - INFO - Result <train>: [train/time: 96.75 (s), train/lr: 7.50e-05, train/loss: 0.2984, train/MAE: 0.2984, train/MSE: 0.2176]
2025-08-26 18:30:22,372 - easytorch-training - INFO - Start validation.
2025-08-26 18:30:31,646 - easytorch-training - INFO - Result <val>: [val/time: 9.27 (s), val/loss: 0.2605, val/MAE: 0.2605, val/MSE: 0.1690]
2025-08-26 18:30:56,313 - easytorch-training - INFO - Result <test>: [test/time: 24.65 (s), test/loss: 0.2927, test/MAE: 0.2927, test/MSE: 0.2029]
2025-08-26 18:30:56,325 - easytorch-training - INFO - Checkpoint checkpoints/DLinear/Electricity_100_336_720/6aa1a9abd5c51493c0de419cc5620174/DLinear_071.pt saved
2025-08-26 18:30:56,325 - easytorch-training - INFO - The estimated training finish time is 2025-08-26 19:34:00
2025-08-26 18:30:56,325 - easytorch-training - INFO - Epoch 72 / 100
2025-08-26 18:32:32,216 - easytorch-training - INFO - Result <train>: [train/time: 95.89 (s), train/lr: 7.50e-05, train/loss: 0.2984, train/MAE: 0.2984, train/MSE: 0.2177]
2025-08-26 18:32:32,217 - easytorch-training - INFO - Start validation.
2025-08-26 18:32:41,460 - easytorch-training - INFO - Result <val>: [val/time: 9.24 (s), val/loss: 0.2607, val/MAE: 0.2607, val/MSE: 0.1684]
2025-08-26 18:33:06,169 - easytorch-training - INFO - Result <test>: [test/time: 24.69 (s), test/loss: 0.2933, test/MAE: 0.2933, test/MSE: 0.2026]
2025-08-26 18:33:06,179 - easytorch-training - INFO - Checkpoint checkpoints/DLinear/Electricity_100_336_720/6aa1a9abd5c51493c0de419cc5620174/DLinear_072.pt saved
2025-08-26 18:33:06,180 - easytorch-training - INFO - The estimated training finish time is 2025-08-26 19:33:59
2025-08-26 18:33:06,180 - easytorch-training - INFO - Epoch 73 / 100
2025-08-26 18:34:41,960 - easytorch-training - INFO - Result <train>: [train/time: 95.78 (s), train/lr: 7.50e-05, train/loss: 0.2984, train/MAE: 0.2984, train/MSE: 0.2176]
2025-08-26 18:34:41,961 - easytorch-training - INFO - Start validation.
2025-08-26 18:34:51,174 - easytorch-training - INFO - Result <val>: [val/time: 9.21 (s), val/loss: 0.2602, val/MAE: 0.2602, val/MSE: 0.1691]
2025-08-26 18:35:15,841 - easytorch-training - INFO - Result <test>: [test/time: 24.65 (s), test/loss: 0.2923, test/MAE: 0.2923, test/MSE: 0.2031]
2025-08-26 18:35:15,852 - easytorch-training - INFO - Checkpoint checkpoints/DLinear/Electricity_100_336_720/6aa1a9abd5c51493c0de419cc5620174/DLinear_073.pt saved
2025-08-26 18:35:15,852 - easytorch-training - INFO - The estimated training finish time is 2025-08-26 19:33:58
2025-08-26 18:35:15,852 - easytorch-training - INFO - Epoch 74 / 100
2025-08-26 18:36:51,476 - easytorch-training - INFO - Result <train>: [train/time: 95.62 (s), train/lr: 7.50e-05, train/loss: 0.2984, train/MAE: 0.2984, train/MSE: 0.2177]
2025-08-26 18:36:51,477 - easytorch-training - INFO - Start validation.
2025-08-26 18:37:00,695 - easytorch-training - INFO - Result <val>: [val/time: 9.22 (s), val/loss: 0.2605, val/MAE: 0.2605, val/MSE: 0.1685]
2025-08-26 18:37:25,325 - easytorch-training - INFO - Result <test>: [test/time: 24.61 (s), test/loss: 0.2929, test/MAE: 0.2929, test/MSE: 0.2026]
2025-08-26 18:37:25,337 - easytorch-training - INFO - Checkpoint checkpoints/DLinear/Electricity_100_336_720/6aa1a9abd5c51493c0de419cc5620174/DLinear_074.pt saved
2025-08-26 18:37:25,337 - easytorch-training - INFO - The estimated training finish time is 2025-08-26 19:33:57
2025-08-26 18:37:25,337 - easytorch-training - INFO - Epoch 75 / 100
2025-08-26 18:39:09,038 - easytorch-training - INFO - Result <train>: [train/time: 103.70 (s), train/lr: 7.50e-05, train/loss: 0.2984, train/MAE: 0.2984, train/MSE: 0.2176]
2025-08-26 18:39:09,039 - easytorch-training - INFO - Start validation.
2025-08-26 18:39:18,254 - easytorch-training - INFO - Result <val>: [val/time: 9.21 (s), val/loss: 0.2602, val/MAE: 0.2602, val/MSE: 0.1689]
2025-08-26 18:39:43,027 - easytorch-training - INFO - Result <test>: [test/time: 24.76 (s), test/loss: 0.2926, test/MAE: 0.2926, test/MSE: 0.2030]
2025-08-26 18:39:43,039 - easytorch-training - INFO - Checkpoint checkpoints/DLinear/Electricity_100_336_720/6aa1a9abd5c51493c0de419cc5620174/DLinear_075.pt saved
2025-08-26 18:39:43,039 - easytorch-training - INFO - The estimated training finish time is 2025-08-26 19:34:07
2025-08-26 18:39:43,039 - easytorch-training - INFO - Epoch 76 / 100
2025-08-26 18:41:18,819 - easytorch-training - INFO - Result <train>: [train/time: 95.78 (s), train/lr: 7.50e-05, train/loss: 0.2984, train/MAE: 0.2984, train/MSE: 0.2177]
2025-08-26 18:41:18,820 - easytorch-training - INFO - Start validation.
2025-08-26 18:41:28,081 - easytorch-training - INFO - Result <val>: [val/time: 9.26 (s), val/loss: 0.2604, val/MAE: 0.2604, val/MSE: 0.1692]
2025-08-26 18:41:52,841 - easytorch-training - INFO - Result <test>: [test/time: 24.74 (s), test/loss: 0.2922, test/MAE: 0.2922, test/MSE: 0.2030]
2025-08-26 18:41:52,852 - easytorch-training - INFO - Checkpoint checkpoints/DLinear/Electricity_100_336_720/6aa1a9abd5c51493c0de419cc5620174/DLinear_076.pt saved
2025-08-26 18:41:52,852 - easytorch-training - INFO - The estimated training finish time is 2025-08-26 19:34:06
2025-08-26 18:41:52,853 - easytorch-training - INFO - Epoch 77 / 100
2025-08-26 18:43:28,417 - easytorch-training - INFO - Result <train>: [train/time: 95.56 (s), train/lr: 7.50e-05, train/loss: 0.2984, train/MAE: 0.2984, train/MSE: 0.2177]
2025-08-26 18:43:28,418 - easytorch-training - INFO - Start validation.
2025-08-26 18:43:37,595 - easytorch-training - INFO - Result <val>: [val/time: 9.18 (s), val/loss: 0.2603, val/MAE: 0.2603, val/MSE: 0.1692]
2025-08-26 18:44:02,280 - easytorch-training - INFO - Result <test>: [test/time: 24.67 (s), test/loss: 0.2922, test/MAE: 0.2922, test/MSE: 0.2031]
2025-08-26 18:44:02,292 - easytorch-training - INFO - Checkpoint checkpoints/DLinear/Electricity_100_336_720/6aa1a9abd5c51493c0de419cc5620174/DLinear_077.pt saved
2025-08-26 18:44:02,292 - easytorch-training - INFO - The estimated training finish time is 2025-08-26 19:34:04
2025-08-26 18:44:02,292 - easytorch-training - INFO - Epoch 78 / 100
2025-08-26 18:45:38,033 - easytorch-training - INFO - Result <train>: [train/time: 95.74 (s), train/lr: 7.50e-05, train/loss: 0.2984, train/MAE: 0.2984, train/MSE: 0.2177]
2025-08-26 18:45:38,034 - easytorch-training - INFO - Start validation.
2025-08-26 18:45:47,176 - easytorch-training - INFO - Result <val>: [val/time: 9.14 (s), val/loss: 0.2603, val/MAE: 0.2603, val/MSE: 0.1690]
2025-08-26 18:46:11,816 - easytorch-training - INFO - Result <test>: [test/time: 24.62 (s), test/loss: 0.2923, test/MAE: 0.2923, test/MSE: 0.2030]
2025-08-26 18:46:11,826 - easytorch-training - INFO - Checkpoint checkpoints/DLinear/Electricity_100_336_720/6aa1a9abd5c51493c0de419cc5620174/DLinear_078.pt saved
2025-08-26 18:46:11,826 - easytorch-training - INFO - The estimated training finish time is 2025-08-26 19:34:03
2025-08-26 18:46:11,826 - easytorch-training - INFO - Epoch 79 / 100
2025-08-26 18:47:47,682 - easytorch-training - INFO - Result <train>: [train/time: 95.86 (s), train/lr: 7.50e-05, train/loss: 0.2984, train/MAE: 0.2984, train/MSE: 0.2176]
2025-08-26 18:47:47,683 - easytorch-training - INFO - Start validation.
2025-08-26 18:47:56,928 - easytorch-training - INFO - Result <val>: [val/time: 9.24 (s), val/loss: 0.2602, val/MAE: 0.2602, val/MSE: 0.1691]
2025-08-26 18:48:21,650 - easytorch-training - INFO - Result <test>: [test/time: 24.70 (s), test/loss: 0.2924, test/MAE: 0.2924, test/MSE: 0.2030]
2025-08-26 18:48:21,663 - easytorch-training - INFO - Checkpoint checkpoints/DLinear/Electricity_100_336_720/6aa1a9abd5c51493c0de419cc5620174/DLinear_079.pt saved
2025-08-26 18:48:21,663 - easytorch-training - INFO - The estimated training finish time is 2025-08-26 19:34:02
2025-08-26 18:48:21,663 - easytorch-training - INFO - Epoch 80 / 100
2025-08-26 18:49:57,410 - easytorch-training - INFO - Result <train>: [train/time: 95.75 (s), train/lr: 7.50e-05, train/loss: 0.2984, train/MAE: 0.2984, train/MSE: 0.2176]
2025-08-26 18:49:57,411 - easytorch-training - INFO - Start validation.
2025-08-26 18:50:06,600 - easytorch-training - INFO - Result <val>: [val/time: 9.19 (s), val/loss: 0.2604, val/MAE: 0.2604, val/MSE: 0.1685]
2025-08-26 18:50:31,231 - easytorch-training - INFO - Result <test>: [test/time: 24.61 (s), test/loss: 0.2929, test/MAE: 0.2929, test/MSE: 0.2027]
2025-08-26 18:50:31,243 - easytorch-training - INFO - Checkpoint checkpoints/DLinear/Electricity_100_336_720/6aa1a9abd5c51493c0de419cc5620174/DLinear_080.pt saved
2025-08-26 18:50:31,249 - easytorch-training - INFO - The estimated training finish time is 2025-08-26 19:34:01
2025-08-26 18:50:31,249 - easytorch-training - INFO - Epoch 81 / 100
2025-08-26 18:52:07,145 - easytorch-training - INFO - Result <train>: [train/time: 95.89 (s), train/lr: 7.50e-05, train/loss: 0.2984, train/MAE: 0.2984, train/MSE: 0.2176]
2025-08-26 18:52:07,146 - easytorch-training - INFO - Start validation.
2025-08-26 18:52:16,063 - easytorch-training - INFO - Result <val>: [val/time: 8.92 (s), val/loss: 0.2603, val/MAE: 0.2603, val/MSE: 0.1690]
2025-08-26 18:52:39,855 - easytorch-training - INFO - Result <test>: [test/time: 23.78 (s), test/loss: 0.2925, test/MAE: 0.2925, test/MSE: 0.2029]
2025-08-26 18:52:39,865 - easytorch-training - INFO - Checkpoint checkpoints/DLinear/Electricity_100_336_720/6aa1a9abd5c51493c0de419cc5620174/DLinear_081.pt saved
2025-08-26 18:52:39,865 - easytorch-training - INFO - The estimated training finish time is 2025-08-26 19:33:59
2025-08-26 18:52:39,865 - easytorch-training - INFO - Epoch 82 / 100
2025-08-26 18:54:13,669 - easytorch-training - INFO - Result <train>: [train/time: 93.80 (s), train/lr: 7.50e-05, train/loss: 0.2984, train/MAE: 0.2984, train/MSE: 0.2177]
2025-08-26 18:54:13,670 - easytorch-training - INFO - Start validation.
2025-08-26 18:54:22,682 - easytorch-training - INFO - Result <val>: [val/time: 9.01 (s), val/loss: 0.2602, val/MAE: 0.2602, val/MSE: 0.1688]
2025-08-26 18:54:46,723 - easytorch-training - INFO - Result <test>: [test/time: 24.02 (s), test/loss: 0.2924, test/MAE: 0.2924, test/MSE: 0.2028]
2025-08-26 18:54:46,735 - easytorch-training - INFO - Checkpoint checkpoints/DLinear/Electricity_100_336_720/6aa1a9abd5c51493c0de419cc5620174/DLinear_082.pt saved
2025-08-26 18:54:46,735 - easytorch-training - INFO - The estimated training finish time is 2025-08-26 19:33:54
2025-08-26 18:54:46,736 - easytorch-training - INFO - Epoch 83 / 100
2025-08-26 18:56:20,988 - easytorch-training - INFO - Result <train>: [train/time: 94.25 (s), train/lr: 7.50e-05, train/loss: 0.2984, train/MAE: 0.2984, train/MSE: 0.2176]
2025-08-26 18:56:20,989 - easytorch-training - INFO - Start validation.
2025-08-26 18:56:30,248 - easytorch-training - INFO - Result <val>: [val/time: 9.26 (s), val/loss: 0.2602, val/MAE: 0.2602, val/MSE: 0.1691]
2025-08-26 18:56:54,956 - easytorch-training - INFO - Result <test>: [test/time: 24.69 (s), test/loss: 0.2922, test/MAE: 0.2922, test/MSE: 0.2030]
2025-08-26 18:56:54,967 - easytorch-training - INFO - Checkpoint checkpoints/DLinear/Electricity_100_336_720/6aa1a9abd5c51493c0de419cc5620174/DLinear_083.pt saved
2025-08-26 18:56:54,967 - easytorch-training - INFO - The estimated training finish time is 2025-08-26 19:33:51
2025-08-26 18:56:54,967 - easytorch-training - INFO - Epoch 84 / 100
2025-08-26 18:58:30,330 - easytorch-training - INFO - Result <train>: [train/time: 95.36 (s), train/lr: 7.50e-05, train/loss: 0.2984, train/MAE: 0.2984, train/MSE: 0.2177]
2025-08-26 18:58:30,331 - easytorch-training - INFO - Start validation.
2025-08-26 18:58:39,573 - easytorch-training - INFO - Result <val>: [val/time: 9.24 (s), val/loss: 0.2604, val/MAE: 0.2604, val/MSE: 0.1685]
2025-08-26 18:59:04,264 - easytorch-training - INFO - Result <test>: [test/time: 24.67 (s), test/loss: 0.2928, test/MAE: 0.2928, test/MSE: 0.2027]
2025-08-26 18:59:04,276 - easytorch-training - INFO - Checkpoint checkpoints/DLinear/Electricity_100_336_720/6aa1a9abd5c51493c0de419cc5620174/DLinear_084.pt saved
2025-08-26 18:59:04,276 - easytorch-training - INFO - The estimated training finish time is 2025-08-26 19:33:50
2025-08-26 18:59:04,276 - easytorch-training - INFO - Epoch 85 / 100
2025-08-26 19:00:40,432 - easytorch-training - INFO - Result <train>: [train/time: 96.16 (s), train/lr: 7.50e-05, train/loss: 0.2984, train/MAE: 0.2984, train/MSE: 0.2176]
2025-08-26 19:00:40,433 - easytorch-training - INFO - Start validation.
2025-08-26 19:00:49,615 - easytorch-training - INFO - Result <val>: [val/time: 9.18 (s), val/loss: 0.2605, val/MAE: 0.2605, val/MSE: 0.1687]
2025-08-26 19:01:14,274 - easytorch-training - INFO - Result <test>: [test/time: 24.64 (s), test/loss: 0.2926, test/MAE: 0.2926, test/MSE: 0.2029]
2025-08-26 19:01:14,285 - easytorch-training - INFO - Checkpoint checkpoints/DLinear/Electricity_100_336_720/6aa1a9abd5c51493c0de419cc5620174/DLinear_085.pt saved
2025-08-26 19:01:14,285 - easytorch-training - INFO - The estimated training finish time is 2025-08-26 19:33:50
2025-08-26 19:01:14,285 - easytorch-training - INFO - Epoch 86 / 100
2025-08-26 19:02:49,964 - easytorch-training - INFO - Result <train>: [train/time: 95.68 (s), train/lr: 7.50e-05, train/loss: 0.2984, train/MAE: 0.2984, train/MSE: 0.2176]
2025-08-26 19:02:49,965 - easytorch-training - INFO - Start validation.
2025-08-26 19:02:59,174 - easytorch-training - INFO - Result <val>: [val/time: 9.21 (s), val/loss: 0.2602, val/MAE: 0.2602, val/MSE: 0.1689]
2025-08-26 19:03:23,850 - easytorch-training - INFO - Result <test>: [test/time: 24.66 (s), test/loss: 0.2923, test/MAE: 0.2923, test/MSE: 0.2029]
2025-08-26 19:03:23,863 - easytorch-training - INFO - Checkpoint checkpoints/DLinear/Electricity_100_336_720/6aa1a9abd5c51493c0de419cc5620174/DLinear_086.pt saved
2025-08-26 19:03:23,863 - easytorch-training - INFO - The estimated training finish time is 2025-08-26 19:33:49
2025-08-26 19:03:23,863 - easytorch-training - INFO - Epoch 87 / 100
2025-08-26 19:05:07,169 - easytorch-training - INFO - Result <train>: [train/time: 103.31 (s), train/lr: 7.50e-05, train/loss: 0.2984, train/MAE: 0.2984, train/MSE: 0.2177]
2025-08-26 19:05:07,170 - easytorch-training - INFO - Start validation.
2025-08-26 19:05:16,305 - easytorch-training - INFO - Result <val>: [val/time: 9.14 (s), val/loss: 0.2601, val/MAE: 0.2601, val/MSE: 0.1693]
2025-08-26 19:05:16,319 - easytorch-training - INFO - Checkpoint checkpoints/DLinear/Electricity_100_336_720/6aa1a9abd5c51493c0de419cc5620174/DLinear_best_val_MAE.pt saved
2025-08-26 19:05:40,095 - easytorch-training - INFO - Result <test>: [test/time: 23.76 (s), test/loss: 0.2922, test/MAE: 0.2922, test/MSE: 0.2032]
2025-08-26 19:05:40,106 - easytorch-training - INFO - Checkpoint checkpoints/DLinear/Electricity_100_336_720/6aa1a9abd5c51493c0de419cc5620174/DLinear_087.pt saved
2025-08-26 19:05:40,107 - easytorch-training - INFO - The estimated training finish time is 2025-08-26 19:33:55
2025-08-26 19:05:40,107 - easytorch-training - INFO - Epoch 88 / 100
2025-08-26 19:07:14,565 - easytorch-training - INFO - Result <train>: [train/time: 94.46 (s), train/lr: 7.50e-05, train/loss: 0.2984, train/MAE: 0.2984, train/MSE: 0.2177]
2025-08-26 19:07:14,566 - easytorch-training - INFO - Start validation.
2025-08-26 19:07:23,551 - easytorch-training - INFO - Result <val>: [val/time: 8.98 (s), val/loss: 0.2603, val/MAE: 0.2603, val/MSE: 0.1688]
2025-08-26 19:07:47,735 - easytorch-training - INFO - Result <test>: [test/time: 24.17 (s), test/loss: 0.2925, test/MAE: 0.2925, test/MSE: 0.2028]
2025-08-26 19:07:47,745 - easytorch-training - INFO - Checkpoint checkpoints/DLinear/Electricity_100_336_720/6aa1a9abd5c51493c0de419cc5620174/DLinear_088.pt saved
2025-08-26 19:07:47,745 - easytorch-training - INFO - The estimated training finish time is 2025-08-26 19:33:52
2025-08-26 19:07:47,745 - easytorch-training - INFO - Epoch 89 / 100
2025-08-26 19:09:21,399 - easytorch-training - INFO - Result <train>: [train/time: 93.65 (s), train/lr: 7.50e-05, train/loss: 0.2984, train/MAE: 0.2984, train/MSE: 0.2177]
2025-08-26 19:09:21,400 - easytorch-training - INFO - Start validation.
2025-08-26 19:09:30,167 - easytorch-training - INFO - Result <val>: [val/time: 8.77 (s), val/loss: 0.2602, val/MAE: 0.2602, val/MSE: 0.1690]
2025-08-26 19:09:52,916 - easytorch-training - INFO - Result <test>: [test/time: 22.74 (s), test/loss: 0.2924, test/MAE: 0.2924, test/MSE: 0.2030]
2025-08-26 19:09:52,927 - easytorch-training - INFO - Checkpoint checkpoints/DLinear/Electricity_100_336_720/6aa1a9abd5c51493c0de419cc5620174/DLinear_089.pt saved
2025-08-26 19:09:52,927 - easytorch-training - INFO - The estimated training finish time is 2025-08-26 19:33:46
2025-08-26 19:09:52,927 - easytorch-training - INFO - Epoch 90 / 100
2025-08-26 19:11:21,242 - easytorch-training - INFO - Result <train>: [train/time: 88.32 (s), train/lr: 7.50e-05, train/loss: 0.2984, train/MAE: 0.2984, train/MSE: 0.2177]
2025-08-26 19:11:21,243 - easytorch-training - INFO - Start validation.
2025-08-26 19:11:29,976 - easytorch-training - INFO - Result <val>: [val/time: 8.73 (s), val/loss: 0.2604, val/MAE: 0.2604, val/MSE: 0.1687]
2025-08-26 19:11:53,310 - easytorch-training - INFO - Result <test>: [test/time: 23.32 (s), test/loss: 0.2928, test/MAE: 0.2928, test/MSE: 0.2027]
2025-08-26 19:11:53,321 - easytorch-training - INFO - Checkpoint checkpoints/DLinear/Electricity_100_336_720/6aa1a9abd5c51493c0de419cc5620174/DLinear_090.pt saved
2025-08-26 19:11:53,327 - easytorch-training - INFO - The estimated training finish time is 2025-08-26 19:33:35
2025-08-26 19:11:53,327 - easytorch-training - INFO - Epoch 91 / 100
2025-08-26 19:13:24,736 - easytorch-training - INFO - Result <train>: [train/time: 91.41 (s), train/lr: 7.50e-05, train/loss: 0.2984, train/MAE: 0.2984, train/MSE: 0.2176]
2025-08-26 19:13:24,737 - easytorch-training - INFO - Start validation.
2025-08-26 19:13:33,481 - easytorch-training - INFO - Result <val>: [val/time: 8.74 (s), val/loss: 0.2604, val/MAE: 0.2604, val/MSE: 0.1689]
2025-08-26 19:13:56,887 - easytorch-training - INFO - Result <test>: [test/time: 23.39 (s), test/loss: 0.2925, test/MAE: 0.2925, test/MSE: 0.2029]
2025-08-26 19:13:56,901 - easytorch-training - INFO - Checkpoint checkpoints/DLinear/Electricity_100_336_720/6aa1a9abd5c51493c0de419cc5620174/DLinear_091.pt saved
2025-08-26 19:13:56,901 - easytorch-training - INFO - The estimated training finish time is 2025-08-26 19:33:28
2025-08-26 19:13:56,901 - easytorch-training - INFO - Epoch 92 / 100
2025-08-26 19:15:29,042 - easytorch-training - INFO - Result <train>: [train/time: 92.14 (s), train/lr: 7.50e-05, train/loss: 0.2984, train/MAE: 0.2984, train/MSE: 0.2177]
2025-08-26 19:15:29,043 - easytorch-training - INFO - Start validation.
2025-08-26 19:15:37,796 - easytorch-training - INFO - Result <val>: [val/time: 8.75 (s), val/loss: 0.2604, val/MAE: 0.2604, val/MSE: 0.1689]
2025-08-26 19:16:01,248 - easytorch-training - INFO - Result <test>: [test/time: 23.44 (s), test/loss: 0.2928, test/MAE: 0.2928, test/MSE: 0.2029]
2025-08-26 19:16:01,258 - easytorch-training - INFO - Checkpoint checkpoints/DLinear/Electricity_100_336_720/6aa1a9abd5c51493c0de419cc5620174/DLinear_092.pt saved
2025-08-26 19:16:01,259 - easytorch-training - INFO - The estimated training finish time is 2025-08-26 19:33:22
2025-08-26 19:16:01,259 - easytorch-training - INFO - Epoch 93 / 100
2025-08-26 19:17:32,976 - easytorch-training - INFO - Result <train>: [train/time: 91.72 (s), train/lr: 7.50e-05, train/loss: 0.2984, train/MAE: 0.2984, train/MSE: 0.2177]
2025-08-26 19:17:32,977 - easytorch-training - INFO - Start validation.
2025-08-26 19:17:41,733 - easytorch-training - INFO - Result <val>: [val/time: 8.76 (s), val/loss: 0.2604, val/MAE: 0.2604, val/MSE: 0.1688]
2025-08-26 19:18:05,162 - easytorch-training - INFO - Result <test>: [test/time: 23.41 (s), test/loss: 0.2926, test/MAE: 0.2926, test/MSE: 0.2028]
2025-08-26 19:18:05,172 - easytorch-training - INFO - Checkpoint checkpoints/DLinear/Electricity_100_336_720/6aa1a9abd5c51493c0de419cc5620174/DLinear_093.pt saved
2025-08-26 19:18:05,172 - easytorch-training - INFO - The estimated training finish time is 2025-08-26 19:33:15
2025-08-26 19:18:05,172 - easytorch-training - INFO - Epoch 94 / 100
2025-08-26 19:19:36,871 - easytorch-training - INFO - Result <train>: [train/time: 91.70 (s), train/lr: 7.50e-05, train/loss: 0.2984, train/MAE: 0.2984, train/MSE: 0.2176]
2025-08-26 19:19:36,872 - easytorch-training - INFO - Start validation.
2025-08-26 19:19:45,662 - easytorch-training - INFO - Result <val>: [val/time: 8.79 (s), val/loss: 0.2602, val/MAE: 0.2602, val/MSE: 0.1686]
2025-08-26 19:20:09,200 - easytorch-training - INFO - Result <test>: [test/time: 23.52 (s), test/loss: 0.2927, test/MAE: 0.2927, test/MSE: 0.2028]
2025-08-26 19:20:09,209 - easytorch-training - INFO - Checkpoint checkpoints/DLinear/Electricity_100_336_720/6aa1a9abd5c51493c0de419cc5620174/DLinear_094.pt saved
2025-08-26 19:20:09,209 - easytorch-training - INFO - The estimated training finish time is 2025-08-26 19:33:09
2025-08-26 19:20:09,210 - easytorch-training - INFO - Epoch 95 / 100
2025-08-26 19:21:41,321 - easytorch-training - INFO - Result <train>: [train/time: 92.11 (s), train/lr: 7.50e-05, train/loss: 0.2984, train/MAE: 0.2984, train/MSE: 0.2176]
2025-08-26 19:21:41,322 - easytorch-training - INFO - Start validation.
2025-08-26 19:21:50,084 - easytorch-training - INFO - Result <val>: [val/time: 8.76 (s), val/loss: 0.2604, val/MAE: 0.2604, val/MSE: 0.1687]
2025-08-26 19:22:13,551 - easytorch-training - INFO - Result <test>: [test/time: 23.45 (s), test/loss: 0.2927, test/MAE: 0.2927, test/MSE: 0.2028]
2025-08-26 19:22:13,561 - easytorch-training - INFO - Checkpoint checkpoints/DLinear/Electricity_100_336_720/6aa1a9abd5c51493c0de419cc5620174/DLinear_095.pt saved
2025-08-26 19:22:13,561 - easytorch-training - INFO - The estimated training finish time is 2025-08-26 19:33:03
2025-08-26 19:22:13,561 - easytorch-training - INFO - Epoch 96 / 100
2025-08-26 19:23:45,858 - easytorch-training - INFO - Result <train>: [train/time: 92.30 (s), train/lr: 7.50e-05, train/loss: 0.2984, train/MAE: 0.2984, train/MSE: 0.2176]
2025-08-26 19:23:45,860 - easytorch-training - INFO - Start validation.
2025-08-26 19:23:54,653 - easytorch-training - INFO - Result <val>: [val/time: 8.79 (s), val/loss: 0.2602, val/MAE: 0.2602, val/MSE: 0.1689]
2025-08-26 19:24:18,111 - easytorch-training - INFO - Result <test>: [test/time: 23.44 (s), test/loss: 0.2924, test/MAE: 0.2924, test/MSE: 0.2029]
2025-08-26 19:24:18,122 - easytorch-training - INFO - Checkpoint checkpoints/DLinear/Electricity_100_336_720/6aa1a9abd5c51493c0de419cc5620174/DLinear_096.pt saved
2025-08-26 19:24:18,122 - easytorch-training - INFO - The estimated training finish time is 2025-08-26 19:32:57
2025-08-26 19:24:18,122 - easytorch-training - INFO - Epoch 97 / 100
2025-08-26 19:25:50,397 - easytorch-training - INFO - Result <train>: [train/time: 92.27 (s), train/lr: 7.50e-05, train/loss: 0.2984, train/MAE: 0.2984, train/MSE: 0.2177]
2025-08-26 19:25:50,398 - easytorch-training - INFO - Start validation.
2025-08-26 19:25:59,196 - easytorch-training - INFO - Result <val>: [val/time: 8.80 (s), val/loss: 0.2604, val/MAE: 0.2604, val/MSE: 0.1696]
2025-08-26 19:26:22,767 - easytorch-training - INFO - Result <test>: [test/time: 23.56 (s), test/loss: 0.2923, test/MAE: 0.2923, test/MSE: 0.2033]
2025-08-26 19:26:22,779 - easytorch-training - INFO - Checkpoint checkpoints/DLinear/Electricity_100_336_720/6aa1a9abd5c51493c0de419cc5620174/DLinear_097.pt saved
2025-08-26 19:26:22,779 - easytorch-training - INFO - The estimated training finish time is 2025-08-26 19:32:52
2025-08-26 19:26:22,779 - easytorch-training - INFO - Epoch 98 / 100
2025-08-26 19:27:55,120 - easytorch-training - INFO - Result <train>: [train/time: 92.34 (s), train/lr: 7.50e-05, train/loss: 0.2984, train/MAE: 0.2984, train/MSE: 0.2177]
2025-08-26 19:27:55,121 - easytorch-training - INFO - Start validation.
2025-08-26 19:28:03,915 - easytorch-training - INFO - Result <val>: [val/time: 8.79 (s), val/loss: 0.2603, val/MAE: 0.2603, val/MSE: 0.1688]
2025-08-26 19:28:27,384 - easytorch-training - INFO - Result <test>: [test/time: 23.45 (s), test/loss: 0.2924, test/MAE: 0.2924, test/MSE: 0.2028]
2025-08-26 19:28:27,395 - easytorch-training - INFO - Checkpoint checkpoints/DLinear/Electricity_100_336_720/6aa1a9abd5c51493c0de419cc5620174/DLinear_098.pt saved
2025-08-26 19:28:27,395 - easytorch-training - INFO - The estimated training finish time is 2025-08-26 19:32:46
2025-08-26 19:28:27,395 - easytorch-training - INFO - Epoch 99 / 100
2025-08-26 19:29:59,512 - easytorch-training - INFO - Result <train>: [train/time: 92.12 (s), train/lr: 7.50e-05, train/loss: 0.2984, train/MAE: 0.2984, train/MSE: 0.2176]
2025-08-26 19:29:59,513 - easytorch-training - INFO - Start validation.
2025-08-26 19:30:08,267 - easytorch-training - INFO - Result <val>: [val/time: 8.75 (s), val/loss: 0.2604, val/MAE: 0.2604, val/MSE: 0.1691]
2025-08-26 19:30:31,708 - easytorch-training - INFO - Result <test>: [test/time: 23.43 (s), test/loss: 0.2924, test/MAE: 0.2924, test/MSE: 0.2030]
2025-08-26 19:30:31,720 - easytorch-training - INFO - Checkpoint checkpoints/DLinear/Electricity_100_336_720/6aa1a9abd5c51493c0de419cc5620174/DLinear_099.pt saved
2025-08-26 19:30:31,720 - easytorch-training - INFO - The estimated training finish time is 2025-08-26 19:32:41
2025-08-26 19:30:31,721 - easytorch-training - INFO - Epoch 100 / 100
2025-08-26 19:32:04,249 - easytorch-training - INFO - Result <train>: [train/time: 92.53 (s), train/lr: 7.50e-05, train/loss: 0.2984, train/MAE: 0.2984, train/MSE: 0.2177]
2025-08-26 19:32:04,250 - easytorch-training - INFO - Start validation.
2025-08-26 19:32:13,074 - easytorch-training - INFO - Result <val>: [val/time: 8.82 (s), val/loss: 0.2605, val/MAE: 0.2605, val/MSE: 0.1684]
2025-08-26 19:32:36,546 - easytorch-training - INFO - Result <test>: [test/time: 23.46 (s), test/loss: 0.2930, test/MAE: 0.2930, test/MSE: 0.2026]
2025-08-26 19:32:36,557 - easytorch-training - INFO - Checkpoint checkpoints/DLinear/Electricity_100_336_720/6aa1a9abd5c51493c0de419cc5620174/DLinear_100.pt saved
2025-08-26 19:32:36,563 - easytorch-training - INFO - The training finished at 2025-08-26 19:32:36
2025-08-26 19:32:36,563 - easytorch-training - INFO - Evaluating the best model on the test set.
2025-08-26 19:32:36,563 - easytorch-training - INFO - Loading Checkpoint from 'checkpoints/DLinear/Electricity_100_336_720/6aa1a9abd5c51493c0de419cc5620174/DLinear_best_val_MAE.pt'
2025-08-26 19:33:00,248 - easytorch-training - INFO - Result <test>: [test/time: 23.68 (s), test/loss: 0.2922, test/MAE: 0.2922, test/MSE: 0.2032]
2025-08-26 19:33:00,249 - easytorch-training - INFO - Test metrics saved to checkpoints/DLinear/Electricity_100_336_720/6aa1a9abd5c51493c0de419cc5620174/test_metrics.json.
