2025-08-27 06:48:13,091 - easytorch-training - INFO - Initializing training.
2025-08-27 06:48:13,091 - easytorch-training - INFO - Set clip grad, param: {'max_norm': 5.0}
2025-08-27 06:48:13,091 - easytorch-training - INFO - Building training data loader.
2025-08-27 06:48:14,045 - easytorch-training - INFO - Train dataset length: 17983
2025-08-27 06:48:15,129 - easytorch-training - INFO - Set optim: Adam (
Parameter Group 0
    amsgrad: False
    betas: (0.9, 0.999)
    capturable: False
    differentiable: False
    eps: 1e-08
    foreach: None
    fused: None
    lr: 0.0002
    maximize: False
    weight_decay: 0.0001
)
2025-08-27 06:48:15,129 - easytorch-training - INFO - Set lr_scheduler: <torch.optim.lr_scheduler.MultiStepLR object at 0x7fe8ed4622f0>
2025-08-27 06:48:15,133 - easytorch-training - INFO - Initializing validation.
2025-08-27 06:48:15,133 - easytorch-training - INFO - Building val data loader.
2025-08-27 06:48:15,224 - easytorch-training - INFO - Validation dataset length: 2199
2025-08-27 06:48:15,398 - easytorch-training - INFO - Test dataset length: 4829
2025-08-27 06:48:15,400 - easytorch-training - INFO - Number of parameters: 921184
2025-08-27 06:48:15,400 - easytorch-training - INFO - Epoch 1 / 100
2025-08-27 06:51:22,408 - easytorch-training - INFO - Result <train>: [train/time: 187.01 (s), train/lr: 2.00e-04, train/loss: 0.2686, train/MAE: 0.2686, train/MSE: 0.1694]
2025-08-27 06:51:22,409 - easytorch-training - INFO - Start validation.
2025-08-27 06:51:30,874 - easytorch-training - INFO - Result <val>: [val/time: 8.46 (s), val/loss: 0.2172, val/MAE: 0.2172, val/MSE: 0.1265]
2025-08-27 06:51:30,903 - easytorch-training - INFO - Checkpoint checkpoints/PatchTST/Electricity_100_336_96/aed100deb89b6496de1ba744a051e462/PatchTST_best_val_MAE.pt saved
2025-08-27 06:51:50,357 - easytorch-training - INFO - Result <test>: [test/time: 19.45 (s), test/loss: 0.2397, test/MAE: 0.2397, test/MSE: 0.1466]
2025-08-27 06:51:50,385 - easytorch-training - INFO - Checkpoint checkpoints/PatchTST/Electricity_100_336_96/aed100deb89b6496de1ba744a051e462/PatchTST_001.pt saved
2025-08-27 06:51:50,385 - easytorch-training - INFO - The estimated training finish time is 2025-08-27 12:46:33
2025-08-27 06:51:50,385 - easytorch-training - INFO - Epoch 2 / 100
2025-08-27 06:54:57,240 - easytorch-training - INFO - Result <train>: [train/time: 186.85 (s), train/lr: 1.00e-04, train/loss: 0.2448, train/MAE: 0.2448, train/MSE: 0.1490]
2025-08-27 06:54:57,241 - easytorch-training - INFO - Start validation.
2025-08-27 06:55:05,450 - easytorch-training - INFO - Result <val>: [val/time: 8.21 (s), val/loss: 0.2136, val/MAE: 0.2136, val/MSE: 0.1244]
2025-08-27 06:55:05,485 - easytorch-training - INFO - Checkpoint checkpoints/PatchTST/Electricity_100_336_96/aed100deb89b6496de1ba744a051e462/PatchTST_best_val_MAE.pt saved
2025-08-27 06:55:24,019 - easytorch-training - INFO - Result <test>: [test/time: 18.53 (s), test/loss: 0.2355, test/MAE: 0.2355, test/MSE: 0.1434]
2025-08-27 06:55:24,049 - easytorch-training - INFO - Checkpoint checkpoints/PatchTST/Electricity_100_336_96/aed100deb89b6496de1ba744a051e462/PatchTST_002.pt saved
2025-08-27 06:55:24,050 - easytorch-training - INFO - The estimated training finish time is 2025-08-27 12:45:27
2025-08-27 06:55:24,050 - easytorch-training - INFO - Epoch 3 / 100
2025-08-27 06:58:30,919 - easytorch-training - INFO - Result <train>: [train/time: 186.87 (s), train/lr: 1.00e-04, train/loss: 0.2406, train/MAE: 0.2406, train/MSE: 0.1458]
2025-08-27 06:58:30,921 - easytorch-training - INFO - Start validation.
2025-08-27 06:58:39,183 - easytorch-training - INFO - Result <val>: [val/time: 8.26 (s), val/loss: 0.2132, val/MAE: 0.2132, val/MSE: 0.1241]
2025-08-27 06:58:39,221 - easytorch-training - INFO - Checkpoint checkpoints/PatchTST/Electricity_100_336_96/aed100deb89b6496de1ba744a051e462/PatchTST_best_val_MAE.pt saved
2025-08-27 06:58:57,877 - easytorch-training - INFO - Result <test>: [test/time: 18.65 (s), test/loss: 0.2352, test/MAE: 0.2352, test/MSE: 0.1427]
2025-08-27 06:58:57,904 - easytorch-training - INFO - Checkpoint checkpoints/PatchTST/Electricity_100_336_96/aed100deb89b6496de1ba744a051e462/PatchTST_003.pt saved
2025-08-27 06:58:57,904 - easytorch-training - INFO - The estimated training finish time is 2025-08-27 12:45:12
2025-08-27 06:58:57,904 - easytorch-training - INFO - Epoch 4 / 100
2025-08-27 07:02:04,499 - easytorch-training - INFO - Result <train>: [train/time: 186.59 (s), train/lr: 1.00e-04, train/loss: 0.2383, train/MAE: 0.2383, train/MSE: 0.1440]
2025-08-27 07:02:04,500 - easytorch-training - INFO - Start validation.
2025-08-27 07:02:12,826 - easytorch-training - INFO - Result <val>: [val/time: 8.33 (s), val/loss: 0.2120, val/MAE: 0.2120, val/MSE: 0.1236]
2025-08-27 07:02:12,862 - easytorch-training - INFO - Checkpoint checkpoints/PatchTST/Electricity_100_336_96/aed100deb89b6496de1ba744a051e462/PatchTST_best_val_MAE.pt saved
2025-08-27 07:02:31,559 - easytorch-training - INFO - Result <test>: [test/time: 18.69 (s), test/loss: 0.2336, test/MAE: 0.2336, test/MSE: 0.1419]
2025-08-27 07:02:31,588 - easytorch-training - INFO - Checkpoint checkpoints/PatchTST/Electricity_100_336_96/aed100deb89b6496de1ba744a051e462/PatchTST_004.pt saved
2025-08-27 07:02:31,588 - easytorch-training - INFO - The estimated training finish time is 2025-08-27 12:45:00
2025-08-27 07:02:31,588 - easytorch-training - INFO - Epoch 5 / 100
2025-08-27 07:05:38,334 - easytorch-training - INFO - Result <train>: [train/time: 186.75 (s), train/lr: 1.00e-04, train/loss: 0.2370, train/MAE: 0.2370, train/MSE: 0.1430]
2025-08-27 07:05:38,336 - easytorch-training - INFO - Start validation.
2025-08-27 07:05:46,717 - easytorch-training - INFO - Result <val>: [val/time: 8.38 (s), val/loss: 0.2105, val/MAE: 0.2105, val/MSE: 0.1231]
2025-08-27 07:05:46,751 - easytorch-training - INFO - Checkpoint checkpoints/PatchTST/Electricity_100_336_96/aed100deb89b6496de1ba744a051e462/PatchTST_best_val_MAE.pt saved
2025-08-27 07:06:05,449 - easytorch-training - INFO - Result <test>: [test/time: 18.69 (s), test/loss: 0.2322, test/MAE: 0.2322, test/MSE: 0.1411]
2025-08-27 07:06:05,479 - easytorch-training - INFO - Checkpoint checkpoints/PatchTST/Electricity_100_336_96/aed100deb89b6496de1ba744a051e462/PatchTST_005.pt saved
2025-08-27 07:06:05,479 - easytorch-training - INFO - The estimated training finish time is 2025-08-27 12:44:56
2025-08-27 07:06:05,479 - easytorch-training - INFO - Epoch 6 / 100
2025-08-27 07:09:12,531 - easytorch-training - INFO - Result <train>: [train/time: 187.05 (s), train/lr: 1.00e-04, train/loss: 0.2362, train/MAE: 0.2362, train/MSE: 0.1422]
2025-08-27 07:09:12,533 - easytorch-training - INFO - Start validation.
2025-08-27 07:09:20,538 - easytorch-training - INFO - Result <val>: [val/time: 8.00 (s), val/loss: 0.2106, val/MAE: 0.2106, val/MSE: 0.1232]
2025-08-27 07:09:38,593 - easytorch-training - INFO - Result <test>: [test/time: 18.05 (s), test/loss: 0.2323, test/MAE: 0.2323, test/MSE: 0.1418]
2025-08-27 07:09:38,623 - easytorch-training - INFO - Checkpoint checkpoints/PatchTST/Electricity_100_336_96/aed100deb89b6496de1ba744a051e462/PatchTST_006.pt saved
2025-08-27 07:09:38,624 - easytorch-training - INFO - The estimated training finish time is 2025-08-27 12:44:42
2025-08-27 07:09:38,624 - easytorch-training - INFO - Epoch 7 / 100
2025-08-27 07:12:45,380 - easytorch-training - INFO - Result <train>: [train/time: 186.76 (s), train/lr: 1.00e-04, train/loss: 0.2355, train/MAE: 0.2355, train/MSE: 0.1416]
2025-08-27 07:12:45,382 - easytorch-training - INFO - Start validation.
2025-08-27 07:12:53,352 - easytorch-training - INFO - Result <val>: [val/time: 7.97 (s), val/loss: 0.2109, val/MAE: 0.2109, val/MSE: 0.1230]
2025-08-27 07:13:11,233 - easytorch-training - INFO - Result <test>: [test/time: 17.88 (s), test/loss: 0.2320, test/MAE: 0.2320, test/MSE: 0.1412]
2025-08-27 07:13:11,261 - easytorch-training - INFO - Checkpoint checkpoints/PatchTST/Electricity_100_336_96/aed100deb89b6496de1ba744a051e462/PatchTST_007.pt saved
2025-08-27 07:13:11,261 - easytorch-training - INFO - The estimated training finish time is 2025-08-27 12:44:24
2025-08-27 07:13:11,261 - easytorch-training - INFO - Epoch 8 / 100
2025-08-27 07:16:17,805 - easytorch-training - INFO - Result <train>: [train/time: 186.54 (s), train/lr: 1.00e-04, train/loss: 0.2347, train/MAE: 0.2347, train/MSE: 0.1409]
2025-08-27 07:16:17,806 - easytorch-training - INFO - Start validation.
2025-08-27 07:16:25,773 - easytorch-training - INFO - Result <val>: [val/time: 7.97 (s), val/loss: 0.2100, val/MAE: 0.2100, val/MSE: 0.1220]
2025-08-27 07:16:25,809 - easytorch-training - INFO - Checkpoint checkpoints/PatchTST/Electricity_100_336_96/aed100deb89b6496de1ba744a051e462/PatchTST_best_val_MAE.pt saved
2025-08-27 07:16:43,983 - easytorch-training - INFO - Result <test>: [test/time: 18.17 (s), test/loss: 0.2308, test/MAE: 0.2308, test/MSE: 0.1395]
2025-08-27 07:16:44,011 - easytorch-training - INFO - Checkpoint checkpoints/PatchTST/Electricity_100_336_96/aed100deb89b6496de1ba744a051e462/PatchTST_008.pt saved
2025-08-27 07:16:44,012 - easytorch-training - INFO - The estimated training finish time is 2025-08-27 12:44:13
2025-08-27 07:16:44,012 - easytorch-training - INFO - Epoch 9 / 100
2025-08-27 07:19:50,572 - easytorch-training - INFO - Result <train>: [train/time: 186.56 (s), train/lr: 1.00e-04, train/loss: 0.2341, train/MAE: 0.2341, train/MSE: 0.1404]
2025-08-27 07:19:50,574 - easytorch-training - INFO - Start validation.
2025-08-27 07:19:58,579 - easytorch-training - INFO - Result <val>: [val/time: 8.00 (s), val/loss: 0.2094, val/MAE: 0.2094, val/MSE: 0.1218]
2025-08-27 07:19:58,617 - easytorch-training - INFO - Checkpoint checkpoints/PatchTST/Electricity_100_336_96/aed100deb89b6496de1ba744a051e462/PatchTST_best_val_MAE.pt saved
2025-08-27 07:20:16,496 - easytorch-training - INFO - Result <test>: [test/time: 17.88 (s), test/loss: 0.2302, test/MAE: 0.2302, test/MSE: 0.1396]
2025-08-27 07:20:16,524 - easytorch-training - INFO - Checkpoint checkpoints/PatchTST/Electricity_100_336_96/aed100deb89b6496de1ba744a051e462/PatchTST_009.pt saved
2025-08-27 07:20:16,524 - easytorch-training - INFO - The estimated training finish time is 2025-08-27 12:44:01
2025-08-27 07:20:16,524 - easytorch-training - INFO - Epoch 10 / 100
2025-08-27 07:23:23,035 - easytorch-training - INFO - Result <train>: [train/time: 186.51 (s), train/lr: 1.00e-04, train/loss: 0.2337, train/MAE: 0.2337, train/MSE: 0.1400]
2025-08-27 07:23:23,036 - easytorch-training - INFO - Start validation.
2025-08-27 07:23:30,961 - easytorch-training - INFO - Result <val>: [val/time: 7.92 (s), val/loss: 0.2103, val/MAE: 0.2103, val/MSE: 0.1221]
2025-08-27 07:23:48,830 - easytorch-training - INFO - Result <test>: [test/time: 17.87 (s), test/loss: 0.2310, test/MAE: 0.2310, test/MSE: 0.1394]
2025-08-27 07:23:48,859 - easytorch-training - INFO - Checkpoint checkpoints/PatchTST/Electricity_100_336_96/aed100deb89b6496de1ba744a051e462/PatchTST_010.pt saved
2025-08-27 07:23:48,867 - easytorch-training - INFO - The estimated training finish time is 2025-08-27 12:43:50
2025-08-27 07:23:48,867 - easytorch-training - INFO - Epoch 11 / 100
2025-08-27 07:26:55,561 - easytorch-training - INFO - Result <train>: [train/time: 186.69 (s), train/lr: 1.00e-04, train/loss: 0.2335, train/MAE: 0.2335, train/MSE: 0.1397]
2025-08-27 07:26:55,563 - easytorch-training - INFO - Start validation.
2025-08-27 07:27:03,527 - easytorch-training - INFO - Result <val>: [val/time: 7.96 (s), val/loss: 0.2095, val/MAE: 0.2095, val/MSE: 0.1213]
2025-08-27 07:27:21,516 - easytorch-training - INFO - Result <test>: [test/time: 17.99 (s), test/loss: 0.2305, test/MAE: 0.2305, test/MSE: 0.1393]
2025-08-27 07:27:21,545 - easytorch-training - INFO - Checkpoint checkpoints/PatchTST/Electricity_100_336_96/aed100deb89b6496de1ba744a051e462/PatchTST_011.pt saved
2025-08-27 07:27:21,545 - easytorch-training - INFO - The estimated training finish time is 2025-08-27 12:43:43
2025-08-27 07:27:21,545 - easytorch-training - INFO - Epoch 12 / 100
2025-08-27 07:30:28,185 - easytorch-training - INFO - Result <train>: [train/time: 186.64 (s), train/lr: 1.00e-04, train/loss: 0.2331, train/MAE: 0.2331, train/MSE: 0.1394]
2025-08-27 07:30:28,186 - easytorch-training - INFO - Start validation.
2025-08-27 07:30:36,235 - easytorch-training - INFO - Result <val>: [val/time: 8.05 (s), val/loss: 0.2092, val/MAE: 0.2092, val/MSE: 0.1212]
2025-08-27 07:30:36,269 - easytorch-training - INFO - Checkpoint checkpoints/PatchTST/Electricity_100_336_96/aed100deb89b6496de1ba744a051e462/PatchTST_best_val_MAE.pt saved
2025-08-27 07:30:54,422 - easytorch-training - INFO - Result <test>: [test/time: 18.15 (s), test/loss: 0.2297, test/MAE: 0.2297, test/MSE: 0.1386]
2025-08-27 07:30:54,451 - easytorch-training - INFO - Checkpoint checkpoints/PatchTST/Electricity_100_336_96/aed100deb89b6496de1ba744a051e462/PatchTST_012.pt saved
2025-08-27 07:30:54,451 - easytorch-training - INFO - The estimated training finish time is 2025-08-27 12:43:40
2025-08-27 07:30:54,451 - easytorch-training - INFO - Epoch 13 / 100
2025-08-27 07:34:00,643 - easytorch-training - INFO - Result <train>: [train/time: 186.19 (s), train/lr: 1.00e-04, train/loss: 0.2329, train/MAE: 0.2329, train/MSE: 0.1391]
2025-08-27 07:34:00,644 - easytorch-training - INFO - Start validation.
2025-08-27 07:34:08,739 - easytorch-training - INFO - Result <val>: [val/time: 8.09 (s), val/loss: 0.2096, val/MAE: 0.2096, val/MSE: 0.1215]
2025-08-27 07:34:26,931 - easytorch-training - INFO - Result <test>: [test/time: 18.19 (s), test/loss: 0.2299, test/MAE: 0.2299, test/MSE: 0.1387]
2025-08-27 07:34:26,959 - easytorch-training - INFO - Checkpoint checkpoints/PatchTST/Electricity_100_336_96/aed100deb89b6496de1ba744a051e462/PatchTST_013.pt saved
2025-08-27 07:34:26,959 - easytorch-training - INFO - The estimated training finish time is 2025-08-27 12:43:35
2025-08-27 07:34:26,959 - easytorch-training - INFO - Epoch 14 / 100
2025-08-27 07:37:33,721 - easytorch-training - INFO - Result <train>: [train/time: 186.76 (s), train/lr: 1.00e-04, train/loss: 0.2328, train/MAE: 0.2328, train/MSE: 0.1391]
2025-08-27 07:37:33,722 - easytorch-training - INFO - Start validation.
2025-08-27 07:37:41,805 - easytorch-training - INFO - Result <val>: [val/time: 8.08 (s), val/loss: 0.2094, val/MAE: 0.2094, val/MSE: 0.1212]
2025-08-27 07:38:00,185 - easytorch-training - INFO - Result <test>: [test/time: 18.38 (s), test/loss: 0.2302, test/MAE: 0.2302, test/MSE: 0.1389]
2025-08-27 07:38:00,214 - easytorch-training - INFO - Checkpoint checkpoints/PatchTST/Electricity_100_336_96/aed100deb89b6496de1ba744a051e462/PatchTST_014.pt saved
2025-08-27 07:38:00,215 - easytorch-training - INFO - The estimated training finish time is 2025-08-27 12:43:35
2025-08-27 07:38:00,215 - easytorch-training - INFO - Epoch 15 / 100
2025-08-27 07:41:07,058 - easytorch-training - INFO - Result <train>: [train/time: 186.84 (s), train/lr: 1.00e-04, train/loss: 0.2326, train/MAE: 0.2326, train/MSE: 0.1388]
2025-08-27 07:41:07,060 - easytorch-training - INFO - Start validation.
2025-08-27 07:41:15,159 - easytorch-training - INFO - Result <val>: [val/time: 8.10 (s), val/loss: 0.2091, val/MAE: 0.2091, val/MSE: 0.1216]
2025-08-27 07:41:15,193 - easytorch-training - INFO - Checkpoint checkpoints/PatchTST/Electricity_100_336_96/aed100deb89b6496de1ba744a051e462/PatchTST_best_val_MAE.pt saved
2025-08-27 07:41:33,398 - easytorch-training - INFO - Result <test>: [test/time: 18.20 (s), test/loss: 0.2295, test/MAE: 0.2295, test/MSE: 0.1385]
2025-08-27 07:41:33,427 - easytorch-training - INFO - Checkpoint checkpoints/PatchTST/Electricity_100_336_96/aed100deb89b6496de1ba744a051e462/PatchTST_015.pt saved
2025-08-27 07:41:33,427 - easytorch-training - INFO - The estimated training finish time is 2025-08-27 12:43:35
2025-08-27 07:41:33,427 - easytorch-training - INFO - Epoch 16 / 100
2025-08-27 07:44:40,419 - easytorch-training - INFO - Result <train>: [train/time: 186.99 (s), train/lr: 1.00e-04, train/loss: 0.2325, train/MAE: 0.2325, train/MSE: 0.1387]
2025-08-27 07:44:40,420 - easytorch-training - INFO - Start validation.
2025-08-27 07:44:48,288 - easytorch-training - INFO - Result <val>: [val/time: 7.87 (s), val/loss: 0.2091, val/MAE: 0.2091, val/MSE: 0.1216]
2025-08-27 07:44:48,326 - easytorch-training - INFO - Checkpoint checkpoints/PatchTST/Electricity_100_336_96/aed100deb89b6496de1ba744a051e462/PatchTST_best_val_MAE.pt saved
2025-08-27 07:45:06,606 - easytorch-training - INFO - Result <test>: [test/time: 18.28 (s), test/loss: 0.2295, test/MAE: 0.2295, test/MSE: 0.1388]
2025-08-27 07:45:06,634 - easytorch-training - INFO - Checkpoint checkpoints/PatchTST/Electricity_100_336_96/aed100deb89b6496de1ba744a051e462/PatchTST_016.pt saved
2025-08-27 07:45:06,634 - easytorch-training - INFO - The estimated training finish time is 2025-08-27 12:43:35
2025-08-27 07:45:06,634 - easytorch-training - INFO - Epoch 17 / 100
2025-08-27 07:48:13,612 - easytorch-training - INFO - Result <train>: [train/time: 186.98 (s), train/lr: 1.00e-04, train/loss: 0.2323, train/MAE: 0.2323, train/MSE: 0.1385]
2025-08-27 07:48:13,613 - easytorch-training - INFO - Start validation.
2025-08-27 07:48:21,693 - easytorch-training - INFO - Result <val>: [val/time: 8.08 (s), val/loss: 0.2100, val/MAE: 0.2100, val/MSE: 0.1216]
2025-08-27 07:48:40,068 - easytorch-training - INFO - Result <test>: [test/time: 18.37 (s), test/loss: 0.2304, test/MAE: 0.2304, test/MSE: 0.1386]
2025-08-27 07:48:40,095 - easytorch-training - INFO - Checkpoint checkpoints/PatchTST/Electricity_100_336_96/aed100deb89b6496de1ba744a051e462/PatchTST_017.pt saved
2025-08-27 07:48:40,095 - easytorch-training - INFO - The estimated training finish time is 2025-08-27 12:43:37
2025-08-27 07:48:40,095 - easytorch-training - INFO - Epoch 18 / 100
2025-08-27 07:51:46,650 - easytorch-training - INFO - Result <train>: [train/time: 186.56 (s), train/lr: 1.00e-04, train/loss: 0.2321, train/MAE: 0.2321, train/MSE: 0.1384]
2025-08-27 07:51:46,652 - easytorch-training - INFO - Start validation.
2025-08-27 07:51:54,848 - easytorch-training - INFO - Result <val>: [val/time: 8.20 (s), val/loss: 0.2092, val/MAE: 0.2092, val/MSE: 0.1217]
2025-08-27 07:52:13,405 - easytorch-training - INFO - Result <test>: [test/time: 18.56 (s), test/loss: 0.2291, test/MAE: 0.2291, test/MSE: 0.1385]
2025-08-27 07:52:13,432 - easytorch-training - INFO - Checkpoint checkpoints/PatchTST/Electricity_100_336_96/aed100deb89b6496de1ba744a051e462/PatchTST_018.pt saved
2025-08-27 07:52:13,432 - easytorch-training - INFO - The estimated training finish time is 2025-08-27 12:43:37
2025-08-27 07:52:13,432 - easytorch-training - INFO - Epoch 19 / 100
2025-08-27 07:55:19,865 - easytorch-training - INFO - Result <train>: [train/time: 186.43 (s), train/lr: 1.00e-04, train/loss: 0.2319, train/MAE: 0.2319, train/MSE: 0.1382]
2025-08-27 07:55:19,866 - easytorch-training - INFO - Start validation.
2025-08-27 07:55:27,977 - easytorch-training - INFO - Result <val>: [val/time: 8.11 (s), val/loss: 0.2085, val/MAE: 0.2085, val/MSE: 0.1210]
2025-08-27 07:55:28,012 - easytorch-training - INFO - Checkpoint checkpoints/PatchTST/Electricity_100_336_96/aed100deb89b6496de1ba744a051e462/PatchTST_best_val_MAE.pt saved
2025-08-27 07:55:46,220 - easytorch-training - INFO - Result <test>: [test/time: 18.21 (s), test/loss: 0.2289, test/MAE: 0.2288, test/MSE: 0.1384]
2025-08-27 07:55:46,247 - easytorch-training - INFO - Checkpoint checkpoints/PatchTST/Electricity_100_336_96/aed100deb89b6496de1ba744a051e462/PatchTST_019.pt saved
2025-08-27 07:55:46,248 - easytorch-training - INFO - The estimated training finish time is 2025-08-27 12:43:35
2025-08-27 07:55:46,248 - easytorch-training - INFO - Epoch 20 / 100
2025-08-27 07:58:52,755 - easytorch-training - INFO - Result <train>: [train/time: 186.51 (s), train/lr: 1.00e-04, train/loss: 0.2318, train/MAE: 0.2318, train/MSE: 0.1381]
2025-08-27 07:58:52,756 - easytorch-training - INFO - Start validation.
2025-08-27 07:59:00,832 - easytorch-training - INFO - Result <val>: [val/time: 8.08 (s), val/loss: 0.2092, val/MAE: 0.2092, val/MSE: 0.1209]
2025-08-27 07:59:19,369 - easytorch-training - INFO - Result <test>: [test/time: 18.53 (s), test/loss: 0.2294, test/MAE: 0.2294, test/MSE: 0.1381]
2025-08-27 07:59:19,397 - easytorch-training - INFO - Checkpoint checkpoints/PatchTST/Electricity_100_336_96/aed100deb89b6496de1ba744a051e462/PatchTST_020.pt saved
2025-08-27 07:59:19,406 - easytorch-training - INFO - The estimated training finish time is 2025-08-27 12:43:35
2025-08-27 07:59:19,406 - easytorch-training - INFO - Epoch 21 / 100
2025-08-27 08:02:25,950 - easytorch-training - INFO - Result <train>: [train/time: 186.54 (s), train/lr: 1.00e-04, train/loss: 0.2317, train/MAE: 0.2317, train/MSE: 0.1380]
2025-08-27 08:02:25,951 - easytorch-training - INFO - Start validation.
2025-08-27 08:02:34,092 - easytorch-training - INFO - Result <val>: [val/time: 8.14 (s), val/loss: 0.2085, val/MAE: 0.2085, val/MSE: 0.1209]
2025-08-27 08:02:34,127 - easytorch-training - INFO - Checkpoint checkpoints/PatchTST/Electricity_100_336_96/aed100deb89b6496de1ba744a051e462/PatchTST_best_val_MAE.pt saved
2025-08-27 08:02:52,534 - easytorch-training - INFO - Result <test>: [test/time: 18.40 (s), test/loss: 0.2287, test/MAE: 0.2287, test/MSE: 0.1379]
2025-08-27 08:02:52,562 - easytorch-training - INFO - Checkpoint checkpoints/PatchTST/Electricity_100_336_96/aed100deb89b6496de1ba744a051e462/PatchTST_021.pt saved
2025-08-27 08:02:52,563 - easytorch-training - INFO - The estimated training finish time is 2025-08-27 12:43:35
2025-08-27 08:02:52,563 - easytorch-training - INFO - Epoch 22 / 100
2025-08-27 08:05:59,023 - easytorch-training - INFO - Result <train>: [train/time: 186.46 (s), train/lr: 1.00e-04, train/loss: 0.2315, train/MAE: 0.2315, train/MSE: 0.1378]
2025-08-27 08:05:59,024 - easytorch-training - INFO - Start validation.
2025-08-27 08:06:07,147 - easytorch-training - INFO - Result <val>: [val/time: 8.12 (s), val/loss: 0.2082, val/MAE: 0.2082, val/MSE: 0.1209]
2025-08-27 08:06:07,183 - easytorch-training - INFO - Checkpoint checkpoints/PatchTST/Electricity_100_336_96/aed100deb89b6496de1ba744a051e462/PatchTST_best_val_MAE.pt saved
2025-08-27 08:06:25,640 - easytorch-training - INFO - Result <test>: [test/time: 18.46 (s), test/loss: 0.2285, test/MAE: 0.2285, test/MSE: 0.1380]
2025-08-27 08:06:25,666 - easytorch-training - INFO - Checkpoint checkpoints/PatchTST/Electricity_100_336_96/aed100deb89b6496de1ba744a051e462/PatchTST_022.pt saved
2025-08-27 08:06:25,666 - easytorch-training - INFO - The estimated training finish time is 2025-08-27 12:43:34
2025-08-27 08:06:25,666 - easytorch-training - INFO - Epoch 23 / 100
2025-08-27 08:09:31,988 - easytorch-training - INFO - Result <train>: [train/time: 186.32 (s), train/lr: 1.00e-04, train/loss: 0.2314, train/MAE: 0.2314, train/MSE: 0.1377]
2025-08-27 08:09:31,989 - easytorch-training - INFO - Start validation.
2025-08-27 08:09:40,250 - easytorch-training - INFO - Result <val>: [val/time: 8.26 (s), val/loss: 0.2080, val/MAE: 0.2080, val/MSE: 0.1204]
2025-08-27 08:09:40,285 - easytorch-training - INFO - Checkpoint checkpoints/PatchTST/Electricity_100_336_96/aed100deb89b6496de1ba744a051e462/PatchTST_best_val_MAE.pt saved
2025-08-27 08:09:58,820 - easytorch-training - INFO - Result <test>: [test/time: 18.53 (s), test/loss: 0.2283, test/MAE: 0.2283, test/MSE: 0.1376]
2025-08-27 08:09:58,847 - easytorch-training - INFO - Checkpoint checkpoints/PatchTST/Electricity_100_336_96/aed100deb89b6496de1ba744a051e462/PatchTST_023.pt saved
2025-08-27 08:09:58,847 - easytorch-training - INFO - The estimated training finish time is 2025-08-27 12:43:34
2025-08-27 08:09:58,847 - easytorch-training - INFO - Epoch 24 / 100
2025-08-27 08:13:05,247 - easytorch-training - INFO - Result <train>: [train/time: 186.40 (s), train/lr: 1.00e-04, train/loss: 0.2312, train/MAE: 0.2312, train/MSE: 0.1377]
2025-08-27 08:13:05,249 - easytorch-training - INFO - Start validation.
2025-08-27 08:13:13,539 - easytorch-training - INFO - Result <val>: [val/time: 8.29 (s), val/loss: 0.2081, val/MAE: 0.2081, val/MSE: 0.1208]
2025-08-27 08:13:32,281 - easytorch-training - INFO - Result <test>: [test/time: 18.74 (s), test/loss: 0.2285, test/MAE: 0.2285, test/MSE: 0.1381]
2025-08-27 08:13:32,307 - easytorch-training - INFO - Checkpoint checkpoints/PatchTST/Electricity_100_336_96/aed100deb89b6496de1ba744a051e462/PatchTST_024.pt saved
2025-08-27 08:13:32,307 - easytorch-training - INFO - The estimated training finish time is 2025-08-27 12:43:35
2025-08-27 08:13:32,307 - easytorch-training - INFO - Epoch 25 / 100
2025-08-27 08:16:38,863 - easytorch-training - INFO - Result <train>: [train/time: 186.56 (s), train/lr: 1.00e-04, train/loss: 0.2311, train/MAE: 0.2311, train/MSE: 0.1375]
2025-08-27 08:16:38,867 - easytorch-training - INFO - Start validation.
2025-08-27 08:16:47,147 - easytorch-training - INFO - Result <val>: [val/time: 8.28 (s), val/loss: 0.2078, val/MAE: 0.2078, val/MSE: 0.1203]
2025-08-27 08:16:47,181 - easytorch-training - INFO - Checkpoint checkpoints/PatchTST/Electricity_100_336_96/aed100deb89b6496de1ba744a051e462/PatchTST_best_val_MAE.pt saved
2025-08-27 08:17:05,707 - easytorch-training - INFO - Result <test>: [test/time: 18.53 (s), test/loss: 0.2282, test/MAE: 0.2282, test/MSE: 0.1377]
2025-08-27 08:17:05,734 - easytorch-training - INFO - Checkpoint checkpoints/PatchTST/Electricity_100_336_96/aed100deb89b6496de1ba744a051e462/PatchTST_025.pt saved
2025-08-27 08:17:05,735 - easytorch-training - INFO - The estimated training finish time is 2025-08-27 12:43:36
2025-08-27 08:17:05,735 - easytorch-training - INFO - Epoch 26 / 100
2025-08-27 08:20:12,752 - easytorch-training - INFO - Result <train>: [train/time: 187.02 (s), train/lr: 5.00e-05, train/loss: 0.2303, train/MAE: 0.2303, train/MSE: 0.1371]
2025-08-27 08:20:12,755 - easytorch-training - INFO - Start validation.
2025-08-27 08:20:21,003 - easytorch-training - INFO - Result <val>: [val/time: 8.25 (s), val/loss: 0.2071, val/MAE: 0.2071, val/MSE: 0.1199]
2025-08-27 08:20:21,037 - easytorch-training - INFO - Checkpoint checkpoints/PatchTST/Electricity_100_336_96/aed100deb89b6496de1ba744a051e462/PatchTST_best_val_MAE.pt saved
2025-08-27 08:20:39,152 - easytorch-training - INFO - Result <test>: [test/time: 18.11 (s), test/loss: 0.2274, test/MAE: 0.2274, test/MSE: 0.1370]
2025-08-27 08:20:39,180 - easytorch-training - INFO - Checkpoint checkpoints/PatchTST/Electricity_100_336_96/aed100deb89b6496de1ba744a051e462/PatchTST_026.pt saved
2025-08-27 08:20:39,180 - easytorch-training - INFO - The estimated training finish time is 2025-08-27 12:43:37
2025-08-27 08:20:39,180 - easytorch-training - INFO - Epoch 27 / 100
2025-08-27 08:23:45,543 - easytorch-training - INFO - Result <train>: [train/time: 186.36 (s), train/lr: 5.00e-05, train/loss: 0.2302, train/MAE: 0.2302, train/MSE: 0.1370]
2025-08-27 08:23:45,544 - easytorch-training - INFO - Start validation.
2025-08-27 08:23:53,820 - easytorch-training - INFO - Result <val>: [val/time: 8.28 (s), val/loss: 0.2069, val/MAE: 0.2069, val/MSE: 0.1195]
2025-08-27 08:23:53,855 - easytorch-training - INFO - Checkpoint checkpoints/PatchTST/Electricity_100_336_96/aed100deb89b6496de1ba744a051e462/PatchTST_best_val_MAE.pt saved
2025-08-27 08:24:12,494 - easytorch-training - INFO - Result <test>: [test/time: 18.64 (s), test/loss: 0.2274, test/MAE: 0.2274, test/MSE: 0.1368]
2025-08-27 08:24:12,521 - easytorch-training - INFO - Checkpoint checkpoints/PatchTST/Electricity_100_336_96/aed100deb89b6496de1ba744a051e462/PatchTST_027.pt saved
2025-08-27 08:24:12,522 - easytorch-training - INFO - The estimated training finish time is 2025-08-27 12:43:38
2025-08-27 08:24:12,522 - easytorch-training - INFO - Epoch 28 / 100
2025-08-27 08:27:19,026 - easytorch-training - INFO - Result <train>: [train/time: 186.50 (s), train/lr: 5.00e-05, train/loss: 0.2302, train/MAE: 0.2302, train/MSE: 0.1370]
2025-08-27 08:27:19,028 - easytorch-training - INFO - Start validation.
2025-08-27 08:27:27,343 - easytorch-training - INFO - Result <val>: [val/time: 8.32 (s), val/loss: 0.2072, val/MAE: 0.2072, val/MSE: 0.1199]
2025-08-27 08:27:45,908 - easytorch-training - INFO - Result <test>: [test/time: 18.56 (s), test/loss: 0.2275, test/MAE: 0.2275, test/MSE: 0.1372]
2025-08-27 08:27:45,935 - easytorch-training - INFO - Checkpoint checkpoints/PatchTST/Electricity_100_336_96/aed100deb89b6496de1ba744a051e462/PatchTST_028.pt saved
2025-08-27 08:27:45,936 - easytorch-training - INFO - The estimated training finish time is 2025-08-27 12:43:38
2025-08-27 08:27:45,936 - easytorch-training - INFO - Epoch 29 / 100
2025-08-27 08:30:52,509 - easytorch-training - INFO - Result <train>: [train/time: 186.57 (s), train/lr: 5.00e-05, train/loss: 0.2301, train/MAE: 0.2301, train/MSE: 0.1370]
2025-08-27 08:30:52,510 - easytorch-training - INFO - Start validation.
2025-08-27 08:31:00,724 - easytorch-training - INFO - Result <val>: [val/time: 8.21 (s), val/loss: 0.2070, val/MAE: 0.2070, val/MSE: 0.1200]
2025-08-27 08:31:19,154 - easytorch-training - INFO - Result <test>: [test/time: 18.43 (s), test/loss: 0.2271, test/MAE: 0.2271, test/MSE: 0.1370]
2025-08-27 08:31:19,184 - easytorch-training - INFO - Checkpoint checkpoints/PatchTST/Electricity_100_336_96/aed100deb89b6496de1ba744a051e462/PatchTST_029.pt saved
2025-08-27 08:31:19,184 - easytorch-training - INFO - The estimated training finish time is 2025-08-27 12:43:38
2025-08-27 08:31:19,184 - easytorch-training - INFO - Epoch 30 / 100
2025-08-27 08:34:25,812 - easytorch-training - INFO - Result <train>: [train/time: 186.63 (s), train/lr: 5.00e-05, train/loss: 0.2301, train/MAE: 0.2301, train/MSE: 0.1369]
2025-08-27 08:34:25,814 - easytorch-training - INFO - Start validation.
2025-08-27 08:34:34,055 - easytorch-training - INFO - Result <val>: [val/time: 8.24 (s), val/loss: 0.2072, val/MAE: 0.2072, val/MSE: 0.1202]
2025-08-27 08:34:52,564 - easytorch-training - INFO - Result <test>: [test/time: 18.50 (s), test/loss: 0.2270, test/MAE: 0.2270, test/MSE: 0.1369]
2025-08-27 08:34:52,593 - easytorch-training - INFO - Checkpoint checkpoints/PatchTST/Electricity_100_336_96/aed100deb89b6496de1ba744a051e462/PatchTST_030.pt saved
2025-08-27 08:34:52,602 - easytorch-training - INFO - The estimated training finish time is 2025-08-27 12:43:39
2025-08-27 08:34:52,602 - easytorch-training - INFO - Epoch 31 / 100
2025-08-27 08:37:59,170 - easytorch-training - INFO - Result <train>: [train/time: 186.57 (s), train/lr: 5.00e-05, train/loss: 0.2300, train/MAE: 0.2300, train/MSE: 0.1369]
2025-08-27 08:37:59,171 - easytorch-training - INFO - Start validation.
2025-08-27 08:38:07,444 - easytorch-training - INFO - Result <val>: [val/time: 8.27 (s), val/loss: 0.2070, val/MAE: 0.2070, val/MSE: 0.1198]
2025-08-27 08:38:26,059 - easytorch-training - INFO - Result <test>: [test/time: 18.61 (s), test/loss: 0.2270, test/MAE: 0.2270, test/MSE: 0.1369]
2025-08-27 08:38:26,088 - easytorch-training - INFO - Checkpoint checkpoints/PatchTST/Electricity_100_336_96/aed100deb89b6496de1ba744a051e462/PatchTST_031.pt saved
2025-08-27 08:38:26,088 - easytorch-training - INFO - The estimated training finish time is 2025-08-27 12:43:40
2025-08-27 08:38:26,089 - easytorch-training - INFO - Epoch 32 / 100
2025-08-27 08:41:32,727 - easytorch-training - INFO - Result <train>: [train/time: 186.64 (s), train/lr: 5.00e-05, train/loss: 0.2300, train/MAE: 0.2300, train/MSE: 0.1369]
2025-08-27 08:41:32,728 - easytorch-training - INFO - Start validation.
2025-08-27 08:41:41,031 - easytorch-training - INFO - Result <val>: [val/time: 8.30 (s), val/loss: 0.2069, val/MAE: 0.2069, val/MSE: 0.1201]
2025-08-27 08:41:59,510 - easytorch-training - INFO - Result <test>: [test/time: 18.48 (s), test/loss: 0.2271, test/MAE: 0.2271, test/MSE: 0.1371]
2025-08-27 08:41:59,538 - easytorch-training - INFO - Checkpoint checkpoints/PatchTST/Electricity_100_336_96/aed100deb89b6496de1ba744a051e462/PatchTST_032.pt saved
2025-08-27 08:41:59,538 - easytorch-training - INFO - The estimated training finish time is 2025-08-27 12:43:40
2025-08-27 08:41:59,538 - easytorch-training - INFO - Epoch 33 / 100
2025-08-27 08:45:06,059 - easytorch-training - INFO - Result <train>: [train/time: 186.52 (s), train/lr: 5.00e-05, train/loss: 0.2299, train/MAE: 0.2299, train/MSE: 0.1368]
2025-08-27 08:45:06,061 - easytorch-training - INFO - Start validation.
2025-08-27 08:45:14,349 - easytorch-training - INFO - Result <val>: [val/time: 8.29 (s), val/loss: 0.2071, val/MAE: 0.2071, val/MSE: 0.1200]
2025-08-27 08:45:32,902 - easytorch-training - INFO - Result <test>: [test/time: 18.55 (s), test/loss: 0.2272, test/MAE: 0.2272, test/MSE: 0.1371]
2025-08-27 08:45:32,931 - easytorch-training - INFO - Checkpoint checkpoints/PatchTST/Electricity_100_336_96/aed100deb89b6496de1ba744a051e462/PatchTST_033.pt saved
2025-08-27 08:45:32,931 - easytorch-training - INFO - The estimated training finish time is 2025-08-27 12:43:41
2025-08-27 08:45:32,931 - easytorch-training - INFO - Epoch 34 / 100
2025-08-27 08:48:39,520 - easytorch-training - INFO - Result <train>: [train/time: 186.59 (s), train/lr: 5.00e-05, train/loss: 0.2299, train/MAE: 0.2299, train/MSE: 0.1368]
2025-08-27 08:48:39,522 - easytorch-training - INFO - Start validation.
2025-08-27 08:48:47,796 - easytorch-training - INFO - Result <val>: [val/time: 8.27 (s), val/loss: 0.2066, val/MAE: 0.2066, val/MSE: 0.1197]
2025-08-27 08:48:47,833 - easytorch-training - INFO - Checkpoint checkpoints/PatchTST/Electricity_100_336_96/aed100deb89b6496de1ba744a051e462/PatchTST_best_val_MAE.pt saved
2025-08-27 08:49:06,326 - easytorch-training - INFO - Result <test>: [test/time: 18.49 (s), test/loss: 0.2267, test/MAE: 0.2267, test/MSE: 0.1368]
2025-08-27 08:49:06,352 - easytorch-training - INFO - Checkpoint checkpoints/PatchTST/Electricity_100_336_96/aed100deb89b6496de1ba744a051e462/PatchTST_034.pt saved
2025-08-27 08:49:06,352 - easytorch-training - INFO - The estimated training finish time is 2025-08-27 12:43:41
2025-08-27 08:49:06,352 - easytorch-training - INFO - Epoch 35 / 100
2025-08-27 08:52:13,401 - easytorch-training - INFO - Result <train>: [train/time: 187.05 (s), train/lr: 5.00e-05, train/loss: 0.2298, train/MAE: 0.2298, train/MSE: 0.1368]
2025-08-27 08:52:13,403 - easytorch-training - INFO - Start validation.
2025-08-27 08:52:21,800 - easytorch-training - INFO - Result <val>: [val/time: 8.40 (s), val/loss: 0.2068, val/MAE: 0.2068, val/MSE: 0.1198]
2025-08-27 08:52:40,487 - easytorch-training - INFO - Result <test>: [test/time: 18.68 (s), test/loss: 0.2268, test/MAE: 0.2268, test/MSE: 0.1368]
2025-08-27 08:52:40,517 - easytorch-training - INFO - Checkpoint checkpoints/PatchTST/Electricity_100_336_96/aed100deb89b6496de1ba744a051e462/PatchTST_035.pt saved
2025-08-27 08:52:40,517 - easytorch-training - INFO - The estimated training finish time is 2025-08-27 12:43:44
2025-08-27 08:52:40,517 - easytorch-training - INFO - Epoch 36 / 100
2025-08-27 08:55:47,282 - easytorch-training - INFO - Result <train>: [train/time: 186.77 (s), train/lr: 5.00e-05, train/loss: 0.2298, train/MAE: 0.2298, train/MSE: 0.1368]
2025-08-27 08:55:47,284 - easytorch-training - INFO - Start validation.
2025-08-27 08:55:55,603 - easytorch-training - INFO - Result <val>: [val/time: 8.32 (s), val/loss: 0.2066, val/MAE: 0.2066, val/MSE: 0.1196]
2025-08-27 08:55:55,638 - easytorch-training - INFO - Checkpoint checkpoints/PatchTST/Electricity_100_336_96/aed100deb89b6496de1ba744a051e462/PatchTST_best_val_MAE.pt saved
2025-08-27 08:56:13,947 - easytorch-training - INFO - Result <test>: [test/time: 18.31 (s), test/loss: 0.2267, test/MAE: 0.2267, test/MSE: 0.1365]
2025-08-27 08:56:13,977 - easytorch-training - INFO - Checkpoint checkpoints/PatchTST/Electricity_100_336_96/aed100deb89b6496de1ba744a051e462/PatchTST_036.pt saved
2025-08-27 08:56:13,977 - easytorch-training - INFO - The estimated training finish time is 2025-08-27 12:43:44
2025-08-27 08:56:13,977 - easytorch-training - INFO - Epoch 37 / 100
2025-08-27 08:59:20,632 - easytorch-training - INFO - Result <train>: [train/time: 186.65 (s), train/lr: 5.00e-05, train/loss: 0.2297, train/MAE: 0.2297, train/MSE: 0.1367]
2025-08-27 08:59:20,633 - easytorch-training - INFO - Start validation.
2025-08-27 08:59:28,836 - easytorch-training - INFO - Result <val>: [val/time: 8.20 (s), val/loss: 0.2071, val/MAE: 0.2071, val/MSE: 0.1198]
2025-08-27 08:59:47,138 - easytorch-training - INFO - Result <test>: [test/time: 18.30 (s), test/loss: 0.2272, test/MAE: 0.2272, test/MSE: 0.1369]
2025-08-27 08:59:47,167 - easytorch-training - INFO - Checkpoint checkpoints/PatchTST/Electricity_100_336_96/aed100deb89b6496de1ba744a051e462/PatchTST_037.pt saved
2025-08-27 08:59:47,167 - easytorch-training - INFO - The estimated training finish time is 2025-08-27 12:43:44
2025-08-27 08:59:47,167 - easytorch-training - INFO - Epoch 38 / 100
2025-08-27 09:02:53,782 - easytorch-training - INFO - Result <train>: [train/time: 186.61 (s), train/lr: 5.00e-05, train/loss: 0.2297, train/MAE: 0.2297, train/MSE: 0.1367]
2025-08-27 09:02:53,783 - easytorch-training - INFO - Start validation.
2025-08-27 09:03:01,935 - easytorch-training - INFO - Result <val>: [val/time: 8.15 (s), val/loss: 0.2064, val/MAE: 0.2064, val/MSE: 0.1193]
2025-08-27 09:03:01,970 - easytorch-training - INFO - Checkpoint checkpoints/PatchTST/Electricity_100_336_96/aed100deb89b6496de1ba744a051e462/PatchTST_best_val_MAE.pt saved
2025-08-27 09:03:20,586 - easytorch-training - INFO - Result <test>: [test/time: 18.61 (s), test/loss: 0.2269, test/MAE: 0.2269, test/MSE: 0.1366]
2025-08-27 09:03:20,615 - easytorch-training - INFO - Checkpoint checkpoints/PatchTST/Electricity_100_336_96/aed100deb89b6496de1ba744a051e462/PatchTST_038.pt saved
2025-08-27 09:03:20,616 - easytorch-training - INFO - The estimated training finish time is 2025-08-27 12:43:44
2025-08-27 09:03:20,616 - easytorch-training - INFO - Epoch 39 / 100
2025-08-27 09:06:27,228 - easytorch-training - INFO - Result <train>: [train/time: 186.61 (s), train/lr: 5.00e-05, train/loss: 0.2297, train/MAE: 0.2297, train/MSE: 0.1367]
2025-08-27 09:06:27,230 - easytorch-training - INFO - Start validation.
2025-08-27 09:06:35,724 - easytorch-training - INFO - Result <val>: [val/time: 8.49 (s), val/loss: 0.2068, val/MAE: 0.2068, val/MSE: 0.1197]
2025-08-27 09:06:55,106 - easytorch-training - INFO - Result <test>: [test/time: 19.38 (s), test/loss: 0.2269, test/MAE: 0.2269, test/MSE: 0.1368]
2025-08-27 09:06:55,135 - easytorch-training - INFO - Checkpoint checkpoints/PatchTST/Electricity_100_336_96/aed100deb89b6496de1ba744a051e462/PatchTST_039.pt saved
2025-08-27 09:06:55,135 - easytorch-training - INFO - The estimated training finish time is 2025-08-27 12:43:48
2025-08-27 09:06:55,135 - easytorch-training - INFO - Epoch 40 / 100
2025-08-27 09:10:01,831 - easytorch-training - INFO - Result <train>: [train/time: 186.70 (s), train/lr: 5.00e-05, train/loss: 0.2296, train/MAE: 0.2296, train/MSE: 0.1366]
2025-08-27 09:10:01,832 - easytorch-training - INFO - Start validation.
2025-08-27 09:10:10,112 - easytorch-training - INFO - Result <val>: [val/time: 8.28 (s), val/loss: 0.2074, val/MAE: 0.2074, val/MSE: 0.1197]
2025-08-27 09:10:29,005 - easytorch-training - INFO - Result <test>: [test/time: 18.89 (s), test/loss: 0.2278, test/MAE: 0.2278, test/MSE: 0.1370]
2025-08-27 09:10:29,038 - easytorch-training - INFO - Checkpoint checkpoints/PatchTST/Electricity_100_336_96/aed100deb89b6496de1ba744a051e462/PatchTST_040.pt saved
2025-08-27 09:10:29,048 - easytorch-training - INFO - The estimated training finish time is 2025-08-27 12:43:49
2025-08-27 09:10:29,048 - easytorch-training - INFO - Epoch 41 / 100
2025-08-27 09:13:35,857 - easytorch-training - INFO - Result <train>: [train/time: 186.81 (s), train/lr: 5.00e-05, train/loss: 0.2296, train/MAE: 0.2296, train/MSE: 0.1366]
2025-08-27 09:13:35,859 - easytorch-training - INFO - Start validation.
2025-08-27 09:13:44,094 - easytorch-training - INFO - Result <val>: [val/time: 8.23 (s), val/loss: 0.2066, val/MAE: 0.2066, val/MSE: 0.1197]
2025-08-27 09:14:02,846 - easytorch-training - INFO - Result <test>: [test/time: 18.75 (s), test/loss: 0.2267, test/MAE: 0.2267, test/MSE: 0.1366]
2025-08-27 09:14:02,875 - easytorch-training - INFO - Checkpoint checkpoints/PatchTST/Electricity_100_336_96/aed100deb89b6496de1ba744a051e462/PatchTST_041.pt saved
2025-08-27 09:14:02,876 - easytorch-training - INFO - The estimated training finish time is 2025-08-27 12:43:50
2025-08-27 09:14:02,876 - easytorch-training - INFO - Epoch 42 / 100
2025-08-27 09:17:09,294 - easytorch-training - INFO - Result <train>: [train/time: 186.42 (s), train/lr: 5.00e-05, train/loss: 0.2295, train/MAE: 0.2295, train/MSE: 0.1366]
2025-08-27 09:17:09,296 - easytorch-training - INFO - Start validation.
2025-08-27 09:17:17,628 - easytorch-training - INFO - Result <val>: [val/time: 8.33 (s), val/loss: 0.2066, val/MAE: 0.2066, val/MSE: 0.1194]
2025-08-27 09:17:36,348 - easytorch-training - INFO - Result <test>: [test/time: 18.72 (s), test/loss: 0.2268, test/MAE: 0.2268, test/MSE: 0.1365]
2025-08-27 09:17:36,378 - easytorch-training - INFO - Checkpoint checkpoints/PatchTST/Electricity_100_336_96/aed100deb89b6496de1ba744a051e462/PatchTST_042.pt saved
2025-08-27 09:17:36,378 - easytorch-training - INFO - The estimated training finish time is 2025-08-27 12:43:51
2025-08-27 09:17:36,378 - easytorch-training - INFO - Epoch 43 / 100
2025-08-27 09:20:43,333 - easytorch-training - INFO - Result <train>: [train/time: 186.95 (s), train/lr: 5.00e-05, train/loss: 0.2295, train/MAE: 0.2295, train/MSE: 0.1365]
2025-08-27 09:20:43,334 - easytorch-training - INFO - Start validation.
2025-08-27 09:20:51,687 - easytorch-training - INFO - Result <val>: [val/time: 8.35 (s), val/loss: 0.2065, val/MAE: 0.2065, val/MSE: 0.1197]
2025-08-27 09:21:11,075 - easytorch-training - INFO - Result <test>: [test/time: 19.38 (s), test/loss: 0.2265, test/MAE: 0.2265, test/MSE: 0.1366]
2025-08-27 09:21:11,104 - easytorch-training - INFO - Checkpoint checkpoints/PatchTST/Electricity_100_336_96/aed100deb89b6496de1ba744a051e462/PatchTST_043.pt saved
2025-08-27 09:21:11,105 - easytorch-training - INFO - The estimated training finish time is 2025-08-27 12:43:54
2025-08-27 09:21:11,105 - easytorch-training - INFO - Epoch 44 / 100
2025-08-27 09:24:17,810 - easytorch-training - INFO - Result <train>: [train/time: 186.71 (s), train/lr: 5.00e-05, train/loss: 0.2295, train/MAE: 0.2295, train/MSE: 0.1365]
2025-08-27 09:24:17,811 - easytorch-training - INFO - Start validation.
2025-08-27 09:24:26,160 - easytorch-training - INFO - Result <val>: [val/time: 8.35 (s), val/loss: 0.2066, val/MAE: 0.2066, val/MSE: 0.1197]
2025-08-27 09:24:44,885 - easytorch-training - INFO - Result <test>: [test/time: 18.72 (s), test/loss: 0.2266, test/MAE: 0.2266, test/MSE: 0.1367]
2025-08-27 09:24:44,916 - easytorch-training - INFO - Checkpoint checkpoints/PatchTST/Electricity_100_336_96/aed100deb89b6496de1ba744a051e462/PatchTST_044.pt saved
2025-08-27 09:24:44,916 - easytorch-training - INFO - The estimated training finish time is 2025-08-27 12:43:55
2025-08-27 09:24:44,916 - easytorch-training - INFO - Epoch 45 / 100
2025-08-27 09:27:51,679 - easytorch-training - INFO - Result <train>: [train/time: 186.76 (s), train/lr: 5.00e-05, train/loss: 0.2295, train/MAE: 0.2295, train/MSE: 0.1365]
2025-08-27 09:27:51,681 - easytorch-training - INFO - Start validation.
2025-08-27 09:28:00,076 - easytorch-training - INFO - Result <val>: [val/time: 8.39 (s), val/loss: 0.2065, val/MAE: 0.2065, val/MSE: 0.1197]
2025-08-27 09:28:18,915 - easytorch-training - INFO - Result <test>: [test/time: 18.84 (s), test/loss: 0.2265, test/MAE: 0.2265, test/MSE: 0.1365]
2025-08-27 09:28:18,945 - easytorch-training - INFO - Checkpoint checkpoints/PatchTST/Electricity_100_336_96/aed100deb89b6496de1ba744a051e462/PatchTST_045.pt saved
2025-08-27 09:28:18,945 - easytorch-training - INFO - The estimated training finish time is 2025-08-27 12:43:56
2025-08-27 09:28:18,946 - easytorch-training - INFO - Epoch 46 / 100
2025-08-27 09:31:25,710 - easytorch-training - INFO - Result <train>: [train/time: 186.76 (s), train/lr: 5.00e-05, train/loss: 0.2294, train/MAE: 0.2294, train/MSE: 0.1365]
2025-08-27 09:31:25,712 - easytorch-training - INFO - Start validation.
2025-08-27 09:31:33,971 - easytorch-training - INFO - Result <val>: [val/time: 8.26 (s), val/loss: 0.2059, val/MAE: 0.2059, val/MSE: 0.1192]
2025-08-27 09:31:34,005 - easytorch-training - INFO - Checkpoint checkpoints/PatchTST/Electricity_100_336_96/aed100deb89b6496de1ba744a051e462/PatchTST_best_val_MAE.pt saved
2025-08-27 09:31:52,630 - easytorch-training - INFO - Result <test>: [test/time: 18.62 (s), test/loss: 0.2262, test/MAE: 0.2262, test/MSE: 0.1364]
2025-08-27 09:31:52,657 - easytorch-training - INFO - Checkpoint checkpoints/PatchTST/Electricity_100_336_96/aed100deb89b6496de1ba744a051e462/PatchTST_046.pt saved
2025-08-27 09:31:52,657 - easytorch-training - INFO - The estimated training finish time is 2025-08-27 12:43:57
2025-08-27 09:31:52,657 - easytorch-training - INFO - Epoch 47 / 100
2025-08-27 09:34:59,595 - easytorch-training - INFO - Result <train>: [train/time: 186.94 (s), train/lr: 5.00e-05, train/loss: 0.2293, train/MAE: 0.2293, train/MSE: 0.1364]
2025-08-27 09:34:59,596 - easytorch-training - INFO - Start validation.
2025-08-27 09:35:07,854 - easytorch-training - INFO - Result <val>: [val/time: 8.26 (s), val/loss: 0.2064, val/MAE: 0.2064, val/MSE: 0.1196]
2025-08-27 09:35:26,370 - easytorch-training - INFO - Result <test>: [test/time: 18.51 (s), test/loss: 0.2263, test/MAE: 0.2263, test/MSE: 0.1365]
2025-08-27 09:35:26,399 - easytorch-training - INFO - Checkpoint checkpoints/PatchTST/Electricity_100_336_96/aed100deb89b6496de1ba744a051e462/PatchTST_047.pt saved
2025-08-27 09:35:26,399 - easytorch-training - INFO - The estimated training finish time is 2025-08-27 12:43:57
2025-08-27 09:35:26,399 - easytorch-training - INFO - Epoch 48 / 100
2025-08-27 09:38:32,755 - easytorch-training - INFO - Result <train>: [train/time: 186.36 (s), train/lr: 5.00e-05, train/loss: 0.2293, train/MAE: 0.2293, train/MSE: 0.1364]
2025-08-27 09:38:32,757 - easytorch-training - INFO - Start validation.
2025-08-27 09:38:41,031 - easytorch-training - INFO - Result <val>: [val/time: 8.27 (s), val/loss: 0.2063, val/MAE: 0.2063, val/MSE: 0.1194]
2025-08-27 09:38:59,666 - easytorch-training - INFO - Result <test>: [test/time: 18.63 (s), test/loss: 0.2263, test/MAE: 0.2263, test/MSE: 0.1364]
2025-08-27 09:38:59,695 - easytorch-training - INFO - Checkpoint checkpoints/PatchTST/Electricity_100_336_96/aed100deb89b6496de1ba744a051e462/PatchTST_048.pt saved
2025-08-27 09:38:59,696 - easytorch-training - INFO - The estimated training finish time is 2025-08-27 12:43:57
2025-08-27 09:38:59,696 - easytorch-training - INFO - Epoch 49 / 100
2025-08-27 09:42:06,077 - easytorch-training - INFO - Result <train>: [train/time: 186.38 (s), train/lr: 5.00e-05, train/loss: 0.2293, train/MAE: 0.2293, train/MSE: 0.1364]
2025-08-27 09:42:06,078 - easytorch-training - INFO - Start validation.
2025-08-27 09:42:14,316 - easytorch-training - INFO - Result <val>: [val/time: 8.24 (s), val/loss: 0.2059, val/MAE: 0.2059, val/MSE: 0.1192]
2025-08-27 09:42:14,351 - easytorch-training - INFO - Checkpoint checkpoints/PatchTST/Electricity_100_336_96/aed100deb89b6496de1ba744a051e462/PatchTST_best_val_MAE.pt saved
2025-08-27 09:42:32,905 - easytorch-training - INFO - Result <test>: [test/time: 18.55 (s), test/loss: 0.2262, test/MAE: 0.2262, test/MSE: 0.1362]
2025-08-27 09:42:32,935 - easytorch-training - INFO - Checkpoint checkpoints/PatchTST/Electricity_100_336_96/aed100deb89b6496de1ba744a051e462/PatchTST_049.pt saved
2025-08-27 09:42:32,935 - easytorch-training - INFO - The estimated training finish time is 2025-08-27 12:43:57
2025-08-27 09:42:32,935 - easytorch-training - INFO - Epoch 50 / 100
2025-08-27 09:45:39,207 - easytorch-training - INFO - Result <train>: [train/time: 186.27 (s), train/lr: 5.00e-05, train/loss: 0.2293, train/MAE: 0.2293, train/MSE: 0.1364]
2025-08-27 09:45:39,209 - easytorch-training - INFO - Start validation.
2025-08-27 09:45:47,518 - easytorch-training - INFO - Result <val>: [val/time: 8.31 (s), val/loss: 0.2068, val/MAE: 0.2068, val/MSE: 0.1200]
2025-08-27 09:46:06,101 - easytorch-training - INFO - Result <test>: [test/time: 18.58 (s), test/loss: 0.2264, test/MAE: 0.2264, test/MSE: 0.1364]
2025-08-27 09:46:06,130 - easytorch-training - INFO - Checkpoint checkpoints/PatchTST/Electricity_100_336_96/aed100deb89b6496de1ba744a051e462/PatchTST_050.pt saved
2025-08-27 09:46:06,140 - easytorch-training - INFO - The estimated training finish time is 2025-08-27 12:43:56
2025-08-27 09:46:06,140 - easytorch-training - INFO - Epoch 51 / 100
2025-08-27 09:49:12,819 - easytorch-training - INFO - Result <train>: [train/time: 186.68 (s), train/lr: 5.00e-05, train/loss: 0.2292, train/MAE: 0.2292, train/MSE: 0.1363]
2025-08-27 09:49:12,820 - easytorch-training - INFO - Start validation.
2025-08-27 09:49:21,136 - easytorch-training - INFO - Result <val>: [val/time: 8.32 (s), val/loss: 0.2063, val/MAE: 0.2063, val/MSE: 0.1199]
2025-08-27 09:49:39,692 - easytorch-training - INFO - Result <test>: [test/time: 18.55 (s), test/loss: 0.2262, test/MAE: 0.2262, test/MSE: 0.1366]
2025-08-27 09:49:39,725 - easytorch-training - INFO - Checkpoint checkpoints/PatchTST/Electricity_100_336_96/aed100deb89b6496de1ba744a051e462/PatchTST_051.pt saved
2025-08-27 09:49:39,725 - easytorch-training - INFO - The estimated training finish time is 2025-08-27 12:43:57
2025-08-27 09:49:39,725 - easytorch-training - INFO - Epoch 52 / 100
2025-08-27 09:52:46,184 - easytorch-training - INFO - Result <train>: [train/time: 186.46 (s), train/lr: 5.00e-05, train/loss: 0.2292, train/MAE: 0.2292, train/MSE: 0.1363]
2025-08-27 09:52:46,185 - easytorch-training - INFO - Start validation.
2025-08-27 09:52:54,359 - easytorch-training - INFO - Result <val>: [val/time: 8.17 (s), val/loss: 0.2060, val/MAE: 0.2060, val/MSE: 0.1193]
2025-08-27 09:53:12,880 - easytorch-training - INFO - Result <test>: [test/time: 18.52 (s), test/loss: 0.2261, test/MAE: 0.2261, test/MSE: 0.1364]
2025-08-27 09:53:12,909 - easytorch-training - INFO - Checkpoint checkpoints/PatchTST/Electricity_100_336_96/aed100deb89b6496de1ba744a051e462/PatchTST_052.pt saved
2025-08-27 09:53:12,909 - easytorch-training - INFO - The estimated training finish time is 2025-08-27 12:43:56
2025-08-27 09:53:12,909 - easytorch-training - INFO - Epoch 53 / 100
2025-08-27 09:56:19,586 - easytorch-training - INFO - Result <train>: [train/time: 186.68 (s), train/lr: 5.00e-05, train/loss: 0.2291, train/MAE: 0.2291, train/MSE: 0.1362]
2025-08-27 09:56:19,588 - easytorch-training - INFO - Start validation.
2025-08-27 09:56:27,849 - easytorch-training - INFO - Result <val>: [val/time: 8.26 (s), val/loss: 0.2062, val/MAE: 0.2062, val/MSE: 0.1196]
2025-08-27 09:56:46,475 - easytorch-training - INFO - Result <test>: [test/time: 18.63 (s), test/loss: 0.2263, test/MAE: 0.2263, test/MSE: 0.1365]
2025-08-27 09:56:46,504 - easytorch-training - INFO - Checkpoint checkpoints/PatchTST/Electricity_100_336_96/aed100deb89b6496de1ba744a051e462/PatchTST_053.pt saved
2025-08-27 09:56:46,504 - easytorch-training - INFO - The estimated training finish time is 2025-08-27 12:43:57
2025-08-27 09:56:46,504 - easytorch-training - INFO - Epoch 54 / 100
2025-08-27 09:59:53,294 - easytorch-training - INFO - Result <train>: [train/time: 186.79 (s), train/lr: 5.00e-05, train/loss: 0.2291, train/MAE: 0.2291, train/MSE: 0.1362]
2025-08-27 09:59:53,295 - easytorch-training - INFO - Start validation.
2025-08-27 10:00:01,492 - easytorch-training - INFO - Result <val>: [val/time: 8.20 (s), val/loss: 0.2063, val/MAE: 0.2063, val/MSE: 0.1198]
2025-08-27 10:00:19,846 - easytorch-training - INFO - Result <test>: [test/time: 18.35 (s), test/loss: 0.2261, test/MAE: 0.2261, test/MSE: 0.1364]
2025-08-27 10:00:19,874 - easytorch-training - INFO - Checkpoint checkpoints/PatchTST/Electricity_100_336_96/aed100deb89b6496de1ba744a051e462/PatchTST_054.pt saved
2025-08-27 10:00:19,874 - easytorch-training - INFO - The estimated training finish time is 2025-08-27 12:43:57
2025-08-27 10:00:19,874 - easytorch-training - INFO - Epoch 55 / 100
2025-08-27 10:03:26,701 - easytorch-training - INFO - Result <train>: [train/time: 186.83 (s), train/lr: 5.00e-05, train/loss: 0.2291, train/MAE: 0.2291, train/MSE: 0.1362]
2025-08-27 10:03:26,703 - easytorch-training - INFO - Start validation.
2025-08-27 10:03:34,933 - easytorch-training - INFO - Result <val>: [val/time: 8.23 (s), val/loss: 0.2061, val/MAE: 0.2061, val/MSE: 0.1194]
2025-08-27 10:03:53,271 - easytorch-training - INFO - Result <test>: [test/time: 18.33 (s), test/loss: 0.2257, test/MAE: 0.2257, test/MSE: 0.1359]
2025-08-27 10:03:53,300 - easytorch-training - INFO - Checkpoint checkpoints/PatchTST/Electricity_100_336_96/aed100deb89b6496de1ba744a051e462/PatchTST_055.pt saved
2025-08-27 10:03:53,300 - easytorch-training - INFO - The estimated training finish time is 2025-08-27 12:43:57
2025-08-27 10:03:53,300 - easytorch-training - INFO - Epoch 56 / 100
2025-08-27 10:07:00,045 - easytorch-training - INFO - Result <train>: [train/time: 186.74 (s), train/lr: 5.00e-05, train/loss: 0.2290, train/MAE: 0.2290, train/MSE: 0.1362]
2025-08-27 10:07:00,047 - easytorch-training - INFO - Start validation.
2025-08-27 10:07:08,380 - easytorch-training - INFO - Result <val>: [val/time: 8.33 (s), val/loss: 0.2066, val/MAE: 0.2066, val/MSE: 0.1203]
2025-08-27 10:07:27,145 - easytorch-training - INFO - Result <test>: [test/time: 18.76 (s), test/loss: 0.2262, test/MAE: 0.2262, test/MSE: 0.1369]
2025-08-27 10:07:27,174 - easytorch-training - INFO - Checkpoint checkpoints/PatchTST/Electricity_100_336_96/aed100deb89b6496de1ba744a051e462/PatchTST_056.pt saved
2025-08-27 10:07:27,174 - easytorch-training - INFO - The estimated training finish time is 2025-08-27 12:43:57
2025-08-27 10:07:27,175 - easytorch-training - INFO - Epoch 57 / 100
2025-08-27 10:10:33,556 - easytorch-training - INFO - Result <train>: [train/time: 186.38 (s), train/lr: 5.00e-05, train/loss: 0.2290, train/MAE: 0.2290, train/MSE: 0.1361]
2025-08-27 10:10:33,558 - easytorch-training - INFO - Start validation.
2025-08-27 10:10:41,745 - easytorch-training - INFO - Result <val>: [val/time: 8.19 (s), val/loss: 0.2063, val/MAE: 0.2063, val/MSE: 0.1197]
2025-08-27 10:11:00,201 - easytorch-training - INFO - Result <test>: [test/time: 18.45 (s), test/loss: 0.2264, test/MAE: 0.2264, test/MSE: 0.1366]
2025-08-27 10:11:00,231 - easytorch-training - INFO - Checkpoint checkpoints/PatchTST/Electricity_100_336_96/aed100deb89b6496de1ba744a051e462/PatchTST_057.pt saved
2025-08-27 10:11:00,231 - easytorch-training - INFO - The estimated training finish time is 2025-08-27 12:43:57
2025-08-27 10:11:00,231 - easytorch-training - INFO - Epoch 58 / 100
2025-08-27 10:14:06,475 - easytorch-training - INFO - Result <train>: [train/time: 186.24 (s), train/lr: 5.00e-05, train/loss: 0.2290, train/MAE: 0.2290, train/MSE: 0.1361]
2025-08-27 10:14:06,476 - easytorch-training - INFO - Start validation.
2025-08-27 10:14:14,949 - easytorch-training - INFO - Result <val>: [val/time: 8.47 (s), val/loss: 0.2066, val/MAE: 0.2066, val/MSE: 0.1198]
2025-08-27 10:14:33,582 - easytorch-training - INFO - Result <test>: [test/time: 18.63 (s), test/loss: 0.2264, test/MAE: 0.2264, test/MSE: 0.1366]
2025-08-27 10:14:33,610 - easytorch-training - INFO - Checkpoint checkpoints/PatchTST/Electricity_100_336_96/aed100deb89b6496de1ba744a051e462/PatchTST_058.pt saved
2025-08-27 10:14:33,610 - easytorch-training - INFO - The estimated training finish time is 2025-08-27 12:43:57
2025-08-27 10:14:33,610 - easytorch-training - INFO - Epoch 59 / 100
2025-08-27 10:17:40,252 - easytorch-training - INFO - Result <train>: [train/time: 186.64 (s), train/lr: 5.00e-05, train/loss: 0.2289, train/MAE: 0.2289, train/MSE: 0.1361]
2025-08-27 10:17:40,254 - easytorch-training - INFO - Start validation.
2025-08-27 10:17:48,545 - easytorch-training - INFO - Result <val>: [val/time: 8.29 (s), val/loss: 0.2060, val/MAE: 0.2060, val/MSE: 0.1199]
2025-08-27 10:18:07,282 - easytorch-training - INFO - Result <test>: [test/time: 18.73 (s), test/loss: 0.2260, test/MAE: 0.2260, test/MSE: 0.1366]
2025-08-27 10:18:07,309 - easytorch-training - INFO - Checkpoint checkpoints/PatchTST/Electricity_100_336_96/aed100deb89b6496de1ba744a051e462/PatchTST_059.pt saved
2025-08-27 10:18:07,309 - easytorch-training - INFO - The estimated training finish time is 2025-08-27 12:43:57
2025-08-27 10:18:07,309 - easytorch-training - INFO - Epoch 60 / 100
2025-08-27 10:21:13,810 - easytorch-training - INFO - Result <train>: [train/time: 186.50 (s), train/lr: 5.00e-05, train/loss: 0.2289, train/MAE: 0.2289, train/MSE: 0.1360]
2025-08-27 10:21:13,811 - easytorch-training - INFO - Start validation.
2025-08-27 10:21:22,024 - easytorch-training - INFO - Result <val>: [val/time: 8.21 (s), val/loss: 0.2063, val/MAE: 0.2063, val/MSE: 0.1199]
2025-08-27 10:21:40,668 - easytorch-training - INFO - Result <test>: [test/time: 18.64 (s), test/loss: 0.2258, test/MAE: 0.2258, test/MSE: 0.1364]
2025-08-27 10:21:40,697 - easytorch-training - INFO - Checkpoint checkpoints/PatchTST/Electricity_100_336_96/aed100deb89b6496de1ba744a051e462/PatchTST_060.pt saved
2025-08-27 10:21:40,707 - easytorch-training - INFO - The estimated training finish time is 2025-08-27 12:43:57
2025-08-27 10:21:40,707 - easytorch-training - INFO - Epoch 61 / 100
2025-08-27 10:24:46,686 - easytorch-training - INFO - Result <train>: [train/time: 185.98 (s), train/lr: 5.00e-05, train/loss: 0.2289, train/MAE: 0.2289, train/MSE: 0.1360]
2025-08-27 10:24:46,687 - easytorch-training - INFO - Start validation.
2025-08-27 10:24:54,875 - easytorch-training - INFO - Result <val>: [val/time: 8.19 (s), val/loss: 0.2059, val/MAE: 0.2059, val/MSE: 0.1191]
2025-08-27 10:24:54,914 - easytorch-training - INFO - Checkpoint checkpoints/PatchTST/Electricity_100_336_96/aed100deb89b6496de1ba744a051e462/PatchTST_best_val_MAE.pt saved
2025-08-27 10:25:13,295 - easytorch-training - INFO - Result <test>: [test/time: 18.38 (s), test/loss: 0.2261, test/MAE: 0.2261, test/MSE: 0.1362]
2025-08-27 10:25:13,322 - easytorch-training - INFO - Checkpoint checkpoints/PatchTST/Electricity_100_336_96/aed100deb89b6496de1ba744a051e462/PatchTST_061.pt saved
2025-08-27 10:25:13,322 - easytorch-training - INFO - The estimated training finish time is 2025-08-27 12:43:56
2025-08-27 10:25:13,322 - easytorch-training - INFO - Epoch 62 / 100
2025-08-27 10:28:19,641 - easytorch-training - INFO - Result <train>: [train/time: 186.32 (s), train/lr: 5.00e-05, train/loss: 0.2288, train/MAE: 0.2288, train/MSE: 0.1360]
2025-08-27 10:28:19,643 - easytorch-training - INFO - Start validation.
2025-08-27 10:28:27,920 - easytorch-training - INFO - Result <val>: [val/time: 8.28 (s), val/loss: 0.2057, val/MAE: 0.2057, val/MSE: 0.1190]
2025-08-27 10:28:27,959 - easytorch-training - INFO - Checkpoint checkpoints/PatchTST/Electricity_100_336_96/aed100deb89b6496de1ba744a051e462/PatchTST_best_val_MAE.pt saved
2025-08-27 10:28:46,390 - easytorch-training - INFO - Result <test>: [test/time: 18.43 (s), test/loss: 0.2260, test/MAE: 0.2260, test/MSE: 0.1362]
2025-08-27 10:28:46,417 - easytorch-training - INFO - Checkpoint checkpoints/PatchTST/Electricity_100_336_96/aed100deb89b6496de1ba744a051e462/PatchTST_062.pt saved
2025-08-27 10:28:46,417 - easytorch-training - INFO - The estimated training finish time is 2025-08-27 12:43:55
2025-08-27 10:28:46,417 - easytorch-training - INFO - Epoch 63 / 100
2025-08-27 10:31:53,157 - easytorch-training - INFO - Result <train>: [train/time: 186.74 (s), train/lr: 5.00e-05, train/loss: 0.2288, train/MAE: 0.2288, train/MSE: 0.1360]
2025-08-27 10:31:53,159 - easytorch-training - INFO - Start validation.
2025-08-27 10:32:01,461 - easytorch-training - INFO - Result <val>: [val/time: 8.30 (s), val/loss: 0.2060, val/MAE: 0.2060, val/MSE: 0.1194]
2025-08-27 10:32:20,291 - easytorch-training - INFO - Result <test>: [test/time: 18.83 (s), test/loss: 0.2260, test/MAE: 0.2260, test/MSE: 0.1364]
2025-08-27 10:32:20,320 - easytorch-training - INFO - Checkpoint checkpoints/PatchTST/Electricity_100_336_96/aed100deb89b6496de1ba744a051e462/PatchTST_063.pt saved
2025-08-27 10:32:20,320 - easytorch-training - INFO - The estimated training finish time is 2025-08-27 12:43:56
2025-08-27 10:32:20,320 - easytorch-training - INFO - Epoch 64 / 100
2025-08-27 10:35:27,062 - easytorch-training - INFO - Result <train>: [train/time: 186.74 (s), train/lr: 5.00e-05, train/loss: 0.2288, train/MAE: 0.2288, train/MSE: 0.1360]
2025-08-27 10:35:27,064 - easytorch-training - INFO - Start validation.
2025-08-27 10:35:35,324 - easytorch-training - INFO - Result <val>: [val/time: 8.26 (s), val/loss: 0.2059, val/MAE: 0.2059, val/MSE: 0.1190]
2025-08-27 10:35:53,844 - easytorch-training - INFO - Result <test>: [test/time: 18.52 (s), test/loss: 0.2260, test/MAE: 0.2260, test/MSE: 0.1360]
2025-08-27 10:35:53,873 - easytorch-training - INFO - Checkpoint checkpoints/PatchTST/Electricity_100_336_96/aed100deb89b6496de1ba744a051e462/PatchTST_064.pt saved
2025-08-27 10:35:53,874 - easytorch-training - INFO - The estimated training finish time is 2025-08-27 12:43:56
2025-08-27 10:35:53,874 - easytorch-training - INFO - Epoch 65 / 100
2025-08-27 10:39:00,403 - easytorch-training - INFO - Result <train>: [train/time: 186.53 (s), train/lr: 5.00e-05, train/loss: 0.2288, train/MAE: 0.2288, train/MSE: 0.1359]
2025-08-27 10:39:00,405 - easytorch-training - INFO - Start validation.
2025-08-27 10:39:08,648 - easytorch-training - INFO - Result <val>: [val/time: 8.24 (s), val/loss: 0.2063, val/MAE: 0.2063, val/MSE: 0.1194]
2025-08-27 10:39:27,163 - easytorch-training - INFO - Result <test>: [test/time: 18.51 (s), test/loss: 0.2264, test/MAE: 0.2264, test/MSE: 0.1364]
2025-08-27 10:39:27,191 - easytorch-training - INFO - Checkpoint checkpoints/PatchTST/Electricity_100_336_96/aed100deb89b6496de1ba744a051e462/PatchTST_065.pt saved
2025-08-27 10:39:27,192 - easytorch-training - INFO - The estimated training finish time is 2025-08-27 12:43:56
2025-08-27 10:39:27,192 - easytorch-training - INFO - Epoch 66 / 100
2025-08-27 10:42:33,714 - easytorch-training - INFO - Result <train>: [train/time: 186.52 (s), train/lr: 5.00e-05, train/loss: 0.2287, train/MAE: 0.2287, train/MSE: 0.1359]
2025-08-27 10:42:33,715 - easytorch-training - INFO - Start validation.
2025-08-27 10:42:41,948 - easytorch-training - INFO - Result <val>: [val/time: 8.23 (s), val/loss: 0.2064, val/MAE: 0.2064, val/MSE: 0.1196]
2025-08-27 10:43:00,409 - easytorch-training - INFO - Result <test>: [test/time: 18.46 (s), test/loss: 0.2261, test/MAE: 0.2261, test/MSE: 0.1362]
2025-08-27 10:43:00,437 - easytorch-training - INFO - Checkpoint checkpoints/PatchTST/Electricity_100_336_96/aed100deb89b6496de1ba744a051e462/PatchTST_066.pt saved
2025-08-27 10:43:00,438 - easytorch-training - INFO - The estimated training finish time is 2025-08-27 12:43:56
2025-08-27 10:43:00,438 - easytorch-training - INFO - Epoch 67 / 100
2025-08-27 10:46:06,966 - easytorch-training - INFO - Result <train>: [train/time: 186.53 (s), train/lr: 5.00e-05, train/loss: 0.2287, train/MAE: 0.2287, train/MSE: 0.1359]
2025-08-27 10:46:06,967 - easytorch-training - INFO - Start validation.
2025-08-27 10:46:15,184 - easytorch-training - INFO - Result <val>: [val/time: 8.22 (s), val/loss: 0.2057, val/MAE: 0.2057, val/MSE: 0.1191]
2025-08-27 10:46:15,224 - easytorch-training - INFO - Checkpoint checkpoints/PatchTST/Electricity_100_336_96/aed100deb89b6496de1ba744a051e462/PatchTST_best_val_MAE.pt saved
2025-08-27 10:46:33,656 - easytorch-training - INFO - Result <test>: [test/time: 18.43 (s), test/loss: 0.2257, test/MAE: 0.2257, test/MSE: 0.1360]
2025-08-27 10:46:33,684 - easytorch-training - INFO - Checkpoint checkpoints/PatchTST/Electricity_100_336_96/aed100deb89b6496de1ba744a051e462/PatchTST_067.pt saved
2025-08-27 10:46:33,685 - easytorch-training - INFO - The estimated training finish time is 2025-08-27 12:43:56
2025-08-27 10:46:33,685 - easytorch-training - INFO - Epoch 68 / 100
2025-08-27 10:49:40,227 - easytorch-training - INFO - Result <train>: [train/time: 186.54 (s), train/lr: 5.00e-05, train/loss: 0.2287, train/MAE: 0.2287, train/MSE: 0.1358]
2025-08-27 10:49:40,229 - easytorch-training - INFO - Start validation.
2025-08-27 10:49:48,417 - easytorch-training - INFO - Result <val>: [val/time: 8.19 (s), val/loss: 0.2059, val/MAE: 0.2059, val/MSE: 0.1194]
2025-08-27 10:50:06,654 - easytorch-training - INFO - Result <test>: [test/time: 18.24 (s), test/loss: 0.2257, test/MAE: 0.2257, test/MSE: 0.1360]
2025-08-27 10:50:06,681 - easytorch-training - INFO - Checkpoint checkpoints/PatchTST/Electricity_100_336_96/aed100deb89b6496de1ba744a051e462/PatchTST_068.pt saved
2025-08-27 10:50:06,682 - easytorch-training - INFO - The estimated training finish time is 2025-08-27 12:43:55
2025-08-27 10:50:06,682 - easytorch-training - INFO - Epoch 69 / 100
2025-08-27 10:53:13,110 - easytorch-training - INFO - Result <train>: [train/time: 186.43 (s), train/lr: 5.00e-05, train/loss: 0.2287, train/MAE: 0.2287, train/MSE: 0.1358]
2025-08-27 10:53:13,112 - easytorch-training - INFO - Start validation.
2025-08-27 10:53:21,323 - easytorch-training - INFO - Result <val>: [val/time: 8.21 (s), val/loss: 0.2058, val/MAE: 0.2058, val/MSE: 0.1193]
2025-08-27 10:53:39,516 - easytorch-training - INFO - Result <test>: [test/time: 18.19 (s), test/loss: 0.2257, test/MAE: 0.2257, test/MSE: 0.1360]
2025-08-27 10:53:39,547 - easytorch-training - INFO - Checkpoint checkpoints/PatchTST/Electricity_100_336_96/aed100deb89b6496de1ba744a051e462/PatchTST_069.pt saved
2025-08-27 10:53:39,547 - easytorch-training - INFO - The estimated training finish time is 2025-08-27 12:43:54
2025-08-27 10:53:39,547 - easytorch-training - INFO - Epoch 70 / 100
2025-08-27 10:56:46,558 - easytorch-training - INFO - Result <train>: [train/time: 187.01 (s), train/lr: 5.00e-05, train/loss: 0.2287, train/MAE: 0.2287, train/MSE: 0.1359]
2025-08-27 10:56:46,560 - easytorch-training - INFO - Start validation.
2025-08-27 10:56:54,755 - easytorch-training - INFO - Result <val>: [val/time: 8.20 (s), val/loss: 0.2057, val/MAE: 0.2057, val/MSE: 0.1193]
2025-08-27 10:56:54,791 - easytorch-training - INFO - Checkpoint checkpoints/PatchTST/Electricity_100_336_96/aed100deb89b6496de1ba744a051e462/PatchTST_best_val_MAE.pt saved
2025-08-27 10:57:14,072 - easytorch-training - INFO - Result <test>: [test/time: 19.28 (s), test/loss: 0.2257, test/MAE: 0.2257, test/MSE: 0.1363]
2025-08-27 10:57:14,101 - easytorch-training - INFO - Checkpoint checkpoints/PatchTST/Electricity_100_336_96/aed100deb89b6496de1ba744a051e462/PatchTST_070.pt saved
2025-08-27 10:57:14,110 - easytorch-training - INFO - The estimated training finish time is 2025-08-27 12:43:56
2025-08-27 10:57:14,110 - easytorch-training - INFO - Epoch 71 / 100
2025-08-27 11:00:20,553 - easytorch-training - INFO - Result <train>: [train/time: 186.44 (s), train/lr: 5.00e-05, train/loss: 0.2286, train/MAE: 0.2286, train/MSE: 0.1358]
2025-08-27 11:00:20,555 - easytorch-training - INFO - Start validation.
2025-08-27 11:00:28,799 - easytorch-training - INFO - Result <val>: [val/time: 8.24 (s), val/loss: 0.2059, val/MAE: 0.2059, val/MSE: 0.1188]
2025-08-27 11:00:47,080 - easytorch-training - INFO - Result <test>: [test/time: 18.28 (s), test/loss: 0.2259, test/MAE: 0.2259, test/MSE: 0.1358]
2025-08-27 11:00:47,109 - easytorch-training - INFO - Checkpoint checkpoints/PatchTST/Electricity_100_336_96/aed100deb89b6496de1ba744a051e462/PatchTST_071.pt saved
2025-08-27 11:00:47,109 - easytorch-training - INFO - The estimated training finish time is 2025-08-27 12:43:55
2025-08-27 11:00:47,109 - easytorch-training - INFO - Epoch 72 / 100
2025-08-27 11:03:53,406 - easytorch-training - INFO - Result <train>: [train/time: 186.30 (s), train/lr: 5.00e-05, train/loss: 0.2286, train/MAE: 0.2286, train/MSE: 0.1358]
2025-08-27 11:03:53,408 - easytorch-training - INFO - Start validation.
2025-08-27 11:04:01,540 - easytorch-training - INFO - Result <val>: [val/time: 8.13 (s), val/loss: 0.2055, val/MAE: 0.2055, val/MSE: 0.1190]
2025-08-27 11:04:01,578 - easytorch-training - INFO - Checkpoint checkpoints/PatchTST/Electricity_100_336_96/aed100deb89b6496de1ba744a051e462/PatchTST_best_val_MAE.pt saved
2025-08-27 11:04:20,290 - easytorch-training - INFO - Result <test>: [test/time: 18.71 (s), test/loss: 0.2252, test/MAE: 0.2252, test/MSE: 0.1356]
2025-08-27 11:04:20,318 - easytorch-training - INFO - Checkpoint checkpoints/PatchTST/Electricity_100_336_96/aed100deb89b6496de1ba744a051e462/PatchTST_072.pt saved
2025-08-27 11:04:20,318 - easytorch-training - INFO - The estimated training finish time is 2025-08-27 12:43:55
2025-08-27 11:04:20,318 - easytorch-training - INFO - Epoch 73 / 100
2025-08-27 11:07:26,526 - easytorch-training - INFO - Result <train>: [train/time: 186.21 (s), train/lr: 5.00e-05, train/loss: 0.2285, train/MAE: 0.2285, train/MSE: 0.1357]
2025-08-27 11:07:26,528 - easytorch-training - INFO - Start validation.
2025-08-27 11:07:34,582 - easytorch-training - INFO - Result <val>: [val/time: 8.05 (s), val/loss: 0.2056, val/MAE: 0.2056, val/MSE: 0.1190]
2025-08-27 11:07:52,446 - easytorch-training - INFO - Result <test>: [test/time: 17.86 (s), test/loss: 0.2257, test/MAE: 0.2257, test/MSE: 0.1360]
2025-08-27 11:07:52,474 - easytorch-training - INFO - Checkpoint checkpoints/PatchTST/Electricity_100_336_96/aed100deb89b6496de1ba744a051e462/PatchTST_073.pt saved
2025-08-27 11:07:52,475 - easytorch-training - INFO - The estimated training finish time is 2025-08-27 12:43:53
2025-08-27 11:07:52,475 - easytorch-training - INFO - Epoch 74 / 100
2025-08-27 11:10:58,948 - easytorch-training - INFO - Result <train>: [train/time: 186.47 (s), train/lr: 5.00e-05, train/loss: 0.2285, train/MAE: 0.2285, train/MSE: 0.1357]
2025-08-27 11:10:58,950 - easytorch-training - INFO - Start validation.
2025-08-27 11:11:07,096 - easytorch-training - INFO - Result <val>: [val/time: 8.15 (s), val/loss: 0.2061, val/MAE: 0.2061, val/MSE: 0.1196]
2025-08-27 11:11:25,395 - easytorch-training - INFO - Result <test>: [test/time: 18.30 (s), test/loss: 0.2257, test/MAE: 0.2257, test/MSE: 0.1361]
2025-08-27 11:11:25,424 - easytorch-training - INFO - Checkpoint checkpoints/PatchTST/Electricity_100_336_96/aed100deb89b6496de1ba744a051e462/PatchTST_074.pt saved
2025-08-27 11:11:25,424 - easytorch-training - INFO - The estimated training finish time is 2025-08-27 12:43:53
2025-08-27 11:11:25,424 - easytorch-training - INFO - Epoch 75 / 100
2025-08-27 11:14:31,827 - easytorch-training - INFO - Result <train>: [train/time: 186.40 (s), train/lr: 5.00e-05, train/loss: 0.2285, train/MAE: 0.2285, train/MSE: 0.1357]
2025-08-27 11:14:31,829 - easytorch-training - INFO - Start validation.
2025-08-27 11:14:39,972 - easytorch-training - INFO - Result <val>: [val/time: 8.14 (s), val/loss: 0.2061, val/MAE: 0.2061, val/MSE: 0.1190]
2025-08-27 11:14:58,230 - easytorch-training - INFO - Result <test>: [test/time: 18.25 (s), test/loss: 0.2260, test/MAE: 0.2260, test/MSE: 0.1359]
2025-08-27 11:14:58,257 - easytorch-training - INFO - Checkpoint checkpoints/PatchTST/Electricity_100_336_96/aed100deb89b6496de1ba744a051e462/PatchTST_075.pt saved
2025-08-27 11:14:58,258 - easytorch-training - INFO - The estimated training finish time is 2025-08-27 12:43:52
2025-08-27 11:14:58,258 - easytorch-training - INFO - Epoch 76 / 100
2025-08-27 11:18:04,819 - easytorch-training - INFO - Result <train>: [train/time: 186.56 (s), train/lr: 5.00e-05, train/loss: 0.2285, train/MAE: 0.2285, train/MSE: 0.1357]
2025-08-27 11:18:04,822 - easytorch-training - INFO - Start validation.
2025-08-27 11:18:13,079 - easytorch-training - INFO - Result <val>: [val/time: 8.26 (s), val/loss: 0.2057, val/MAE: 0.2057, val/MSE: 0.1192]
2025-08-27 11:18:31,620 - easytorch-training - INFO - Result <test>: [test/time: 18.54 (s), test/loss: 0.2255, test/MAE: 0.2255, test/MSE: 0.1359]
2025-08-27 11:18:31,647 - easytorch-training - INFO - Checkpoint checkpoints/PatchTST/Electricity_100_336_96/aed100deb89b6496de1ba744a051e462/PatchTST_076.pt saved
2025-08-27 11:18:31,647 - easytorch-training - INFO - The estimated training finish time is 2025-08-27 12:43:52
2025-08-27 11:18:31,647 - easytorch-training - INFO - Epoch 77 / 100
2025-08-27 11:21:38,091 - easytorch-training - INFO - Result <train>: [train/time: 186.44 (s), train/lr: 5.00e-05, train/loss: 0.2285, train/MAE: 0.2285, train/MSE: 0.1357]
2025-08-27 11:21:38,093 - easytorch-training - INFO - Start validation.
2025-08-27 11:21:46,339 - easytorch-training - INFO - Result <val>: [val/time: 8.25 (s), val/loss: 0.2058, val/MAE: 0.2058, val/MSE: 0.1188]
2025-08-27 11:22:04,885 - easytorch-training - INFO - Result <test>: [test/time: 18.54 (s), test/loss: 0.2258, test/MAE: 0.2258, test/MSE: 0.1356]
2025-08-27 11:22:04,915 - easytorch-training - INFO - Checkpoint checkpoints/PatchTST/Electricity_100_336_96/aed100deb89b6496de1ba744a051e462/PatchTST_077.pt saved
2025-08-27 11:22:04,915 - easytorch-training - INFO - The estimated training finish time is 2025-08-27 12:43:52
2025-08-27 11:22:04,915 - easytorch-training - INFO - Epoch 78 / 100
2025-08-27 11:25:11,282 - easytorch-training - INFO - Result <train>: [train/time: 186.37 (s), train/lr: 5.00e-05, train/loss: 0.2285, train/MAE: 0.2285, train/MSE: 0.1357]
2025-08-27 11:25:11,284 - easytorch-training - INFO - Start validation.
2025-08-27 11:25:19,566 - easytorch-training - INFO - Result <val>: [val/time: 8.28 (s), val/loss: 0.2059, val/MAE: 0.2059, val/MSE: 0.1193]
2025-08-27 11:25:38,053 - easytorch-training - INFO - Result <test>: [test/time: 18.48 (s), test/loss: 0.2255, test/MAE: 0.2255, test/MSE: 0.1359]
2025-08-27 11:25:38,081 - easytorch-training - INFO - Checkpoint checkpoints/PatchTST/Electricity_100_336_96/aed100deb89b6496de1ba744a051e462/PatchTST_078.pt saved
2025-08-27 11:25:38,081 - easytorch-training - INFO - The estimated training finish time is 2025-08-27 12:43:52
2025-08-27 11:25:38,081 - easytorch-training - INFO - Epoch 79 / 100
2025-08-27 11:28:44,627 - easytorch-training - INFO - Result <train>: [train/time: 186.55 (s), train/lr: 5.00e-05, train/loss: 0.2284, train/MAE: 0.2284, train/MSE: 0.1356]
2025-08-27 11:28:44,628 - easytorch-training - INFO - Start validation.
2025-08-27 11:28:52,897 - easytorch-training - INFO - Result <val>: [val/time: 8.27 (s), val/loss: 0.2061, val/MAE: 0.2061, val/MSE: 0.1194]
2025-08-27 11:29:11,421 - easytorch-training - INFO - Result <test>: [test/time: 18.52 (s), test/loss: 0.2259, test/MAE: 0.2259, test/MSE: 0.1362]
2025-08-27 11:29:11,450 - easytorch-training - INFO - Checkpoint checkpoints/PatchTST/Electricity_100_336_96/aed100deb89b6496de1ba744a051e462/PatchTST_079.pt saved
2025-08-27 11:29:11,450 - easytorch-training - INFO - The estimated training finish time is 2025-08-27 12:43:52
2025-08-27 11:29:11,450 - easytorch-training - INFO - Epoch 80 / 100
2025-08-27 11:32:18,195 - easytorch-training - INFO - Result <train>: [train/time: 186.74 (s), train/lr: 5.00e-05, train/loss: 0.2284, train/MAE: 0.2284, train/MSE: 0.1356]
2025-08-27 11:32:18,197 - easytorch-training - INFO - Start validation.
2025-08-27 11:32:26,420 - easytorch-training - INFO - Result <val>: [val/time: 8.22 (s), val/loss: 0.2055, val/MAE: 0.2055, val/MSE: 0.1189]
2025-08-27 11:32:45,121 - easytorch-training - INFO - Result <test>: [test/time: 18.70 (s), test/loss: 0.2255, test/MAE: 0.2255, test/MSE: 0.1360]
2025-08-27 11:32:45,151 - easytorch-training - INFO - Checkpoint checkpoints/PatchTST/Electricity_100_336_96/aed100deb89b6496de1ba744a051e462/PatchTST_080.pt saved
2025-08-27 11:32:45,160 - easytorch-training - INFO - The estimated training finish time is 2025-08-27 12:43:52
2025-08-27 11:32:45,160 - easytorch-training - INFO - Epoch 81 / 100
2025-08-27 11:35:51,632 - easytorch-training - INFO - Result <train>: [train/time: 186.47 (s), train/lr: 5.00e-05, train/loss: 0.2284, train/MAE: 0.2284, train/MSE: 0.1356]
2025-08-27 11:35:51,634 - easytorch-training - INFO - Start validation.
2025-08-27 11:35:59,896 - easytorch-training - INFO - Result <val>: [val/time: 8.26 (s), val/loss: 0.2060, val/MAE: 0.2060, val/MSE: 0.1191]
2025-08-27 11:36:18,507 - easytorch-training - INFO - Result <test>: [test/time: 18.61 (s), test/loss: 0.2261, test/MAE: 0.2261, test/MSE: 0.1360]
2025-08-27 11:36:18,536 - easytorch-training - INFO - Checkpoint checkpoints/PatchTST/Electricity_100_336_96/aed100deb89b6496de1ba744a051e462/PatchTST_081.pt saved
2025-08-27 11:36:18,536 - easytorch-training - INFO - The estimated training finish time is 2025-08-27 12:43:52
2025-08-27 11:36:18,536 - easytorch-training - INFO - Epoch 82 / 100
2025-08-27 11:39:24,941 - easytorch-training - INFO - Result <train>: [train/time: 186.40 (s), train/lr: 5.00e-05, train/loss: 0.2284, train/MAE: 0.2284, train/MSE: 0.1355]
2025-08-27 11:39:24,942 - easytorch-training - INFO - Start validation.
2025-08-27 11:39:33,168 - easytorch-training - INFO - Result <val>: [val/time: 8.23 (s), val/loss: 0.2057, val/MAE: 0.2057, val/MSE: 0.1192]
2025-08-27 11:39:51,444 - easytorch-training - INFO - Result <test>: [test/time: 18.28 (s), test/loss: 0.2255, test/MAE: 0.2255, test/MSE: 0.1359]
2025-08-27 11:39:51,472 - easytorch-training - INFO - Checkpoint checkpoints/PatchTST/Electricity_100_336_96/aed100deb89b6496de1ba744a051e462/PatchTST_082.pt saved
2025-08-27 11:39:51,473 - easytorch-training - INFO - The estimated training finish time is 2025-08-27 12:43:52
2025-08-27 11:39:51,473 - easytorch-training - INFO - Epoch 83 / 100
2025-08-27 11:42:57,816 - easytorch-training - INFO - Result <train>: [train/time: 186.34 (s), train/lr: 5.00e-05, train/loss: 0.2283, train/MAE: 0.2283, train/MSE: 0.1355]
2025-08-27 11:42:57,817 - easytorch-training - INFO - Start validation.
2025-08-27 11:43:06,117 - easytorch-training - INFO - Result <val>: [val/time: 8.30 (s), val/loss: 0.2053, val/MAE: 0.2053, val/MSE: 0.1188]
2025-08-27 11:43:06,152 - easytorch-training - INFO - Checkpoint checkpoints/PatchTST/Electricity_100_336_96/aed100deb89b6496de1ba744a051e462/PatchTST_best_val_MAE.pt saved
2025-08-27 11:43:24,735 - easytorch-training - INFO - Result <test>: [test/time: 18.58 (s), test/loss: 0.2254, test/MAE: 0.2254, test/MSE: 0.1359]
2025-08-27 11:43:24,764 - easytorch-training - INFO - Checkpoint checkpoints/PatchTST/Electricity_100_336_96/aed100deb89b6496de1ba744a051e462/PatchTST_083.pt saved
2025-08-27 11:43:24,764 - easytorch-training - INFO - The estimated training finish time is 2025-08-27 12:43:51
2025-08-27 11:43:24,764 - easytorch-training - INFO - Epoch 84 / 100
2025-08-27 11:46:31,464 - easytorch-training - INFO - Result <train>: [train/time: 186.70 (s), train/lr: 5.00e-05, train/loss: 0.2283, train/MAE: 0.2283, train/MSE: 0.1355]
2025-08-27 11:46:31,466 - easytorch-training - INFO - Start validation.
2025-08-27 11:46:39,773 - easytorch-training - INFO - Result <val>: [val/time: 8.31 (s), val/loss: 0.2055, val/MAE: 0.2055, val/MSE: 0.1186]
2025-08-27 11:46:58,453 - easytorch-training - INFO - Result <test>: [test/time: 18.68 (s), test/loss: 0.2259, test/MAE: 0.2259, test/MSE: 0.1358]
2025-08-27 11:46:58,482 - easytorch-training - INFO - Checkpoint checkpoints/PatchTST/Electricity_100_336_96/aed100deb89b6496de1ba744a051e462/PatchTST_084.pt saved
2025-08-27 11:46:58,482 - easytorch-training - INFO - The estimated training finish time is 2025-08-27 12:43:52
2025-08-27 11:46:58,482 - easytorch-training - INFO - Epoch 85 / 100
2025-08-27 11:50:05,053 - easytorch-training - INFO - Result <train>: [train/time: 186.57 (s), train/lr: 5.00e-05, train/loss: 0.2283, train/MAE: 0.2283, train/MSE: 0.1355]
2025-08-27 11:50:05,055 - easytorch-training - INFO - Start validation.
2025-08-27 11:50:13,331 - easytorch-training - INFO - Result <val>: [val/time: 8.28 (s), val/loss: 0.2060, val/MAE: 0.2060, val/MSE: 0.1198]
2025-08-27 11:50:31,918 - easytorch-training - INFO - Result <test>: [test/time: 18.59 (s), test/loss: 0.2256, test/MAE: 0.2256, test/MSE: 0.1362]
2025-08-27 11:50:31,945 - easytorch-training - INFO - Checkpoint checkpoints/PatchTST/Electricity_100_336_96/aed100deb89b6496de1ba744a051e462/PatchTST_085.pt saved
2025-08-27 11:50:31,946 - easytorch-training - INFO - The estimated training finish time is 2025-08-27 12:43:52
2025-08-27 11:50:31,946 - easytorch-training - INFO - Epoch 86 / 100
2025-08-27 11:53:38,450 - easytorch-training - INFO - Result <train>: [train/time: 186.50 (s), train/lr: 5.00e-05, train/loss: 0.2283, train/MAE: 0.2283, train/MSE: 0.1355]
2025-08-27 11:53:38,451 - easytorch-training - INFO - Start validation.
2025-08-27 11:53:46,714 - easytorch-training - INFO - Result <val>: [val/time: 8.26 (s), val/loss: 0.2060, val/MAE: 0.2060, val/MSE: 0.1193]
2025-08-27 11:54:05,248 - easytorch-training - INFO - Result <test>: [test/time: 18.53 (s), test/loss: 0.2259, test/MAE: 0.2259, test/MSE: 0.1361]
2025-08-27 11:54:05,278 - easytorch-training - INFO - Checkpoint checkpoints/PatchTST/Electricity_100_336_96/aed100deb89b6496de1ba744a051e462/PatchTST_086.pt saved
2025-08-27 11:54:05,278 - easytorch-training - INFO - The estimated training finish time is 2025-08-27 12:43:52
2025-08-27 11:54:05,278 - easytorch-training - INFO - Epoch 87 / 100
2025-08-27 11:57:11,805 - easytorch-training - INFO - Result <train>: [train/time: 186.53 (s), train/lr: 5.00e-05, train/loss: 0.2283, train/MAE: 0.2283, train/MSE: 0.1355]
2025-08-27 11:57:11,806 - easytorch-training - INFO - Start validation.
2025-08-27 11:57:19,995 - easytorch-training - INFO - Result <val>: [val/time: 8.19 (s), val/loss: 0.2054, val/MAE: 0.2054, val/MSE: 0.1189]
2025-08-27 11:57:38,456 - easytorch-training - INFO - Result <test>: [test/time: 18.46 (s), test/loss: 0.2256, test/MAE: 0.2256, test/MSE: 0.1361]
2025-08-27 11:57:38,484 - easytorch-training - INFO - Checkpoint checkpoints/PatchTST/Electricity_100_336_96/aed100deb89b6496de1ba744a051e462/PatchTST_087.pt saved
2025-08-27 11:57:38,484 - easytorch-training - INFO - The estimated training finish time is 2025-08-27 12:43:52
2025-08-27 11:57:38,484 - easytorch-training - INFO - Epoch 88 / 100
2025-08-27 12:00:44,756 - easytorch-training - INFO - Result <train>: [train/time: 186.27 (s), train/lr: 5.00e-05, train/loss: 0.2282, train/MAE: 0.2282, train/MSE: 0.1354]
2025-08-27 12:00:44,758 - easytorch-training - INFO - Start validation.
2025-08-27 12:00:52,969 - easytorch-training - INFO - Result <val>: [val/time: 8.21 (s), val/loss: 0.2056, val/MAE: 0.2056, val/MSE: 0.1190]
2025-08-27 12:01:11,536 - easytorch-training - INFO - Result <test>: [test/time: 18.56 (s), test/loss: 0.2254, test/MAE: 0.2254, test/MSE: 0.1357]
2025-08-27 12:01:11,564 - easytorch-training - INFO - Checkpoint checkpoints/PatchTST/Electricity_100_336_96/aed100deb89b6496de1ba744a051e462/PatchTST_088.pt saved
2025-08-27 12:01:11,565 - easytorch-training - INFO - The estimated training finish time is 2025-08-27 12:43:51
2025-08-27 12:01:11,565 - easytorch-training - INFO - Epoch 89 / 100
2025-08-27 12:04:18,330 - easytorch-training - INFO - Result <train>: [train/time: 186.77 (s), train/lr: 5.00e-05, train/loss: 0.2282, train/MAE: 0.2282, train/MSE: 0.1354]
2025-08-27 12:04:18,332 - easytorch-training - INFO - Start validation.
2025-08-27 12:04:26,597 - easytorch-training - INFO - Result <val>: [val/time: 8.27 (s), val/loss: 0.2056, val/MAE: 0.2056, val/MSE: 0.1187]
2025-08-27 12:04:45,046 - easytorch-training - INFO - Result <test>: [test/time: 18.44 (s), test/loss: 0.2258, test/MAE: 0.2258, test/MSE: 0.1357]
2025-08-27 12:04:45,076 - easytorch-training - INFO - Checkpoint checkpoints/PatchTST/Electricity_100_336_96/aed100deb89b6496de1ba744a051e462/PatchTST_089.pt saved
2025-08-27 12:04:45,077 - easytorch-training - INFO - The estimated training finish time is 2025-08-27 12:43:52
2025-08-27 12:04:45,077 - easytorch-training - INFO - Epoch 90 / 100
2025-08-27 12:07:51,897 - easytorch-training - INFO - Result <train>: [train/time: 186.82 (s), train/lr: 5.00e-05, train/loss: 0.2281, train/MAE: 0.2281, train/MSE: 0.1354]
2025-08-27 12:07:51,898 - easytorch-training - INFO - Start validation.
2025-08-27 12:08:00,113 - easytorch-training - INFO - Result <val>: [val/time: 8.21 (s), val/loss: 0.2057, val/MAE: 0.2057, val/MSE: 0.1193]
2025-08-27 12:08:18,602 - easytorch-training - INFO - Result <test>: [test/time: 18.49 (s), test/loss: 0.2256, test/MAE: 0.2256, test/MSE: 0.1358]
2025-08-27 12:08:18,630 - easytorch-training - INFO - Checkpoint checkpoints/PatchTST/Electricity_100_336_96/aed100deb89b6496de1ba744a051e462/PatchTST_090.pt saved
2025-08-27 12:08:18,640 - easytorch-training - INFO - The estimated training finish time is 2025-08-27 12:43:52
2025-08-27 12:08:18,640 - easytorch-training - INFO - Epoch 91 / 100
2025-08-27 12:11:25,537 - easytorch-training - INFO - Result <train>: [train/time: 186.90 (s), train/lr: 5.00e-05, train/loss: 0.2282, train/MAE: 0.2282, train/MSE: 0.1354]
2025-08-27 12:11:25,538 - easytorch-training - INFO - Start validation.
2025-08-27 12:11:33,812 - easytorch-training - INFO - Result <val>: [val/time: 8.27 (s), val/loss: 0.2054, val/MAE: 0.2054, val/MSE: 0.1184]
2025-08-27 12:11:52,506 - easytorch-training - INFO - Result <test>: [test/time: 18.69 (s), test/loss: 0.2255, test/MAE: 0.2255, test/MSE: 0.1356]
2025-08-27 12:11:52,534 - easytorch-training - INFO - Checkpoint checkpoints/PatchTST/Electricity_100_336_96/aed100deb89b6496de1ba744a051e462/PatchTST_091.pt saved
2025-08-27 12:11:52,535 - easytorch-training - INFO - The estimated training finish time is 2025-08-27 12:43:52
2025-08-27 12:11:52,535 - easytorch-training - INFO - Epoch 92 / 100
2025-08-27 12:14:59,217 - easytorch-training - INFO - Result <train>: [train/time: 186.68 (s), train/lr: 5.00e-05, train/loss: 0.2282, train/MAE: 0.2282, train/MSE: 0.1354]
2025-08-27 12:14:59,218 - easytorch-training - INFO - Start validation.
2025-08-27 12:15:07,609 - easytorch-training - INFO - Result <val>: [val/time: 8.39 (s), val/loss: 0.2061, val/MAE: 0.2061, val/MSE: 0.1188]
2025-08-27 12:15:26,391 - easytorch-training - INFO - Result <test>: [test/time: 18.78 (s), test/loss: 0.2262, test/MAE: 0.2262, test/MSE: 0.1359]
2025-08-27 12:15:26,420 - easytorch-training - INFO - Checkpoint checkpoints/PatchTST/Electricity_100_336_96/aed100deb89b6496de1ba744a051e462/PatchTST_092.pt saved
2025-08-27 12:15:26,420 - easytorch-training - INFO - The estimated training finish time is 2025-08-27 12:43:53
2025-08-27 12:15:26,420 - easytorch-training - INFO - Epoch 93 / 100
2025-08-27 12:18:33,133 - easytorch-training - INFO - Result <train>: [train/time: 186.71 (s), train/lr: 5.00e-05, train/loss: 0.2282, train/MAE: 0.2282, train/MSE: 0.1354]
2025-08-27 12:18:33,135 - easytorch-training - INFO - Start validation.
2025-08-27 12:18:41,430 - easytorch-training - INFO - Result <val>: [val/time: 8.30 (s), val/loss: 0.2056, val/MAE: 0.2056, val/MSE: 0.1186]
2025-08-27 12:19:00,160 - easytorch-training - INFO - Result <test>: [test/time: 18.73 (s), test/loss: 0.2256, test/MAE: 0.2256, test/MSE: 0.1356]
2025-08-27 12:19:00,190 - easytorch-training - INFO - Checkpoint checkpoints/PatchTST/Electricity_100_336_96/aed100deb89b6496de1ba744a051e462/PatchTST_093.pt saved
2025-08-27 12:19:00,190 - easytorch-training - INFO - The estimated training finish time is 2025-08-27 12:43:53
2025-08-27 12:19:00,190 - easytorch-training - INFO - Epoch 94 / 100
2025-08-27 12:22:06,748 - easytorch-training - INFO - Result <train>: [train/time: 186.56 (s), train/lr: 5.00e-05, train/loss: 0.2281, train/MAE: 0.2281, train/MSE: 0.1354]
2025-08-27 12:22:06,750 - easytorch-training - INFO - Start validation.
2025-08-27 12:22:14,981 - easytorch-training - INFO - Result <val>: [val/time: 8.23 (s), val/loss: 0.2060, val/MAE: 0.2060, val/MSE: 0.1192]
2025-08-27 12:22:33,563 - easytorch-training - INFO - Result <test>: [test/time: 18.58 (s), test/loss: 0.2256, test/MAE: 0.2256, test/MSE: 0.1361]
2025-08-27 12:22:33,591 - easytorch-training - INFO - Checkpoint checkpoints/PatchTST/Electricity_100_336_96/aed100deb89b6496de1ba744a051e462/PatchTST_094.pt saved
2025-08-27 12:22:33,592 - easytorch-training - INFO - The estimated training finish time is 2025-08-27 12:43:53
2025-08-27 12:22:33,592 - easytorch-training - INFO - Epoch 95 / 100
2025-08-27 12:25:40,183 - easytorch-training - INFO - Result <train>: [train/time: 186.59 (s), train/lr: 5.00e-05, train/loss: 0.2281, train/MAE: 0.2281, train/MSE: 0.1353]
2025-08-27 12:25:40,185 - easytorch-training - INFO - Start validation.
2025-08-27 12:25:48,425 - easytorch-training - INFO - Result <val>: [val/time: 8.24 (s), val/loss: 0.2059, val/MAE: 0.2059, val/MSE: 0.1193]
2025-08-27 12:26:06,987 - easytorch-training - INFO - Result <test>: [test/time: 18.56 (s), test/loss: 0.2254, test/MAE: 0.2254, test/MSE: 0.1360]
2025-08-27 12:26:07,016 - easytorch-training - INFO - Checkpoint checkpoints/PatchTST/Electricity_100_336_96/aed100deb89b6496de1ba744a051e462/PatchTST_095.pt saved
2025-08-27 12:26:07,016 - easytorch-training - INFO - The estimated training finish time is 2025-08-27 12:43:53
2025-08-27 12:26:07,016 - easytorch-training - INFO - Epoch 96 / 100
2025-08-27 12:29:13,754 - easytorch-training - INFO - Result <train>: [train/time: 186.74 (s), train/lr: 5.00e-05, train/loss: 0.2281, train/MAE: 0.2281, train/MSE: 0.1353]
2025-08-27 12:29:13,755 - easytorch-training - INFO - Start validation.
2025-08-27 12:29:22,018 - easytorch-training - INFO - Result <val>: [val/time: 8.26 (s), val/loss: 0.2056, val/MAE: 0.2056, val/MSE: 0.1187]
2025-08-27 12:29:40,572 - easytorch-training - INFO - Result <test>: [test/time: 18.55 (s), test/loss: 0.2256, test/MAE: 0.2256, test/MSE: 0.1356]
2025-08-27 12:29:40,600 - easytorch-training - INFO - Checkpoint checkpoints/PatchTST/Electricity_100_336_96/aed100deb89b6496de1ba744a051e462/PatchTST_096.pt saved
2025-08-27 12:29:40,600 - easytorch-training - INFO - The estimated training finish time is 2025-08-27 12:43:54
2025-08-27 12:29:40,600 - easytorch-training - INFO - Epoch 97 / 100
2025-08-27 12:32:47,480 - easytorch-training - INFO - Result <train>: [train/time: 186.88 (s), train/lr: 5.00e-05, train/loss: 0.2281, train/MAE: 0.2281, train/MSE: 0.1353]
2025-08-27 12:32:47,481 - easytorch-training - INFO - Start validation.
2025-08-27 12:32:55,726 - easytorch-training - INFO - Result <val>: [val/time: 8.24 (s), val/loss: 0.2052, val/MAE: 0.2052, val/MSE: 0.1188]
2025-08-27 12:32:55,763 - easytorch-training - INFO - Checkpoint checkpoints/PatchTST/Electricity_100_336_96/aed100deb89b6496de1ba744a051e462/PatchTST_best_val_MAE.pt saved
2025-08-27 12:33:15,110 - easytorch-training - INFO - Result <test>: [test/time: 19.34 (s), test/loss: 0.2253, test/MAE: 0.2253, test/MSE: 0.1359]
2025-08-27 12:33:15,137 - easytorch-training - INFO - Checkpoint checkpoints/PatchTST/Electricity_100_336_96/aed100deb89b6496de1ba744a051e462/PatchTST_097.pt saved
2025-08-27 12:33:15,138 - easytorch-training - INFO - The estimated training finish time is 2025-08-27 12:43:55
2025-08-27 12:33:15,138 - easytorch-training - INFO - Epoch 98 / 100
2025-08-27 12:36:21,452 - easytorch-training - INFO - Result <train>: [train/time: 186.31 (s), train/lr: 5.00e-05, train/loss: 0.2281, train/MAE: 0.2281, train/MSE: 0.1353]
2025-08-27 12:36:21,453 - easytorch-training - INFO - Start validation.
2025-08-27 12:36:29,787 - easytorch-training - INFO - Result <val>: [val/time: 8.33 (s), val/loss: 0.2053, val/MAE: 0.2053, val/MSE: 0.1187]
2025-08-27 12:36:48,644 - easytorch-training - INFO - Result <test>: [test/time: 18.85 (s), test/loss: 0.2254, test/MAE: 0.2254, test/MSE: 0.1357]
2025-08-27 12:36:48,673 - easytorch-training - INFO - Checkpoint checkpoints/PatchTST/Electricity_100_336_96/aed100deb89b6496de1ba744a051e462/PatchTST_098.pt saved
2025-08-27 12:36:48,673 - easytorch-training - INFO - The estimated training finish time is 2025-08-27 12:43:55
2025-08-27 12:36:48,673 - easytorch-training - INFO - Epoch 99 / 100
2025-08-27 12:39:54,533 - easytorch-training - INFO - Result <train>: [train/time: 185.86 (s), train/lr: 5.00e-05, train/loss: 0.2281, train/MAE: 0.2281, train/MSE: 0.1353]
2025-08-27 12:39:54,535 - easytorch-training - INFO - Start validation.
2025-08-27 12:40:02,900 - easytorch-training - INFO - Result <val>: [val/time: 8.37 (s), val/loss: 0.2055, val/MAE: 0.2055, val/MSE: 0.1192]
2025-08-27 12:40:21,523 - easytorch-training - INFO - Result <test>: [test/time: 18.62 (s), test/loss: 0.2254, test/MAE: 0.2254, test/MSE: 0.1360]
2025-08-27 12:40:21,552 - easytorch-training - INFO - Checkpoint checkpoints/PatchTST/Electricity_100_336_96/aed100deb89b6496de1ba744a051e462/PatchTST_099.pt saved
2025-08-27 12:40:21,552 - easytorch-training - INFO - The estimated training finish time is 2025-08-27 12:43:54
2025-08-27 12:40:21,552 - easytorch-training - INFO - Epoch 100 / 100
2025-08-27 12:43:27,378 - easytorch-training - INFO - Result <train>: [train/time: 185.83 (s), train/lr: 5.00e-05, train/loss: 0.2280, train/MAE: 0.2280, train/MSE: 0.1353]
2025-08-27 12:43:27,380 - easytorch-training - INFO - Start validation.
2025-08-27 12:43:35,495 - easytorch-training - INFO - Result <val>: [val/time: 8.11 (s), val/loss: 0.2060, val/MAE: 0.2060, val/MSE: 0.1187]
2025-08-27 12:43:54,119 - easytorch-training - INFO - Result <test>: [test/time: 18.62 (s), test/loss: 0.2261, test/MAE: 0.2261, test/MSE: 0.1357]
2025-08-27 12:43:54,147 - easytorch-training - INFO - Checkpoint checkpoints/PatchTST/Electricity_100_336_96/aed100deb89b6496de1ba744a051e462/PatchTST_100.pt saved
2025-08-27 12:43:54,156 - easytorch-training - INFO - The training finished at 2025-08-27 12:43:54
2025-08-27 12:43:54,156 - easytorch-training - INFO - Evaluating the best model on the test set.
2025-08-27 12:43:54,156 - easytorch-training - INFO - Loading Checkpoint from 'checkpoints/PatchTST/Electricity_100_336_96/aed100deb89b6496de1ba744a051e462/PatchTST_best_val_MAE.pt'
2025-08-27 12:44:12,719 - easytorch-training - INFO - Result <test>: [test/time: 18.53 (s), test/loss: 0.2253, test/MAE: 0.2253, test/MSE: 0.1359]
2025-08-27 12:44:12,722 - easytorch-training - INFO - Test metrics saved to checkpoints/PatchTST/Electricity_100_336_96/aed100deb89b6496de1ba744a051e462/test_metrics.json.
