2025-08-26 09:12:32,270 - easytorch-training - INFO - Initializing training.
2025-08-26 09:12:32,271 - easytorch-training - INFO - Set clip grad, param: {'max_norm': 5.0}
2025-08-26 09:12:32,271 - easytorch-training - INFO - Building training data loader.
2025-08-26 09:12:32,272 - easytorch-training - INFO - Train dataset length: 7969
2025-08-26 09:12:33,165 - easytorch-training - INFO - Set optim: Adam (
Parameter Group 0
    amsgrad: False
    betas: (0.9, 0.999)
    capturable: False
    differentiable: False
    eps: 1e-08
    foreach: None
    fused: None
    lr: 0.0003
    maximize: False
    weight_decay: 0.0001
)
2025-08-26 09:12:33,165 - easytorch-training - INFO - Set lr_scheduler: <torch.optim.lr_scheduler.MultiStepLR object at 0x7fa7f3966470>
2025-08-26 09:12:33,167 - easytorch-training - INFO - Initializing validation.
2025-08-26 09:12:33,167 - easytorch-training - INFO - Building val data loader.
2025-08-26 09:12:33,167 - easytorch-training - INFO - Validation dataset length: 2209
2025-08-26 09:12:33,168 - easytorch-training - INFO - Test dataset length: 2209
2025-08-26 09:12:33,168 - easytorch-training - INFO - Number of parameters: 226464
2025-08-26 09:12:33,168 - easytorch-training - INFO - Epoch 1 / 100
2025-08-26 09:12:34,238 - easytorch-training - INFO - Result <train>: [train/time: 1.07 (s), train/lr: 3.00e-04, train/loss: 0.4994, train/MAE: 0.4994, train/MSE: 0.6974]
2025-08-26 09:12:34,239 - easytorch-training - INFO - Start validation.
2025-08-26 09:12:34,424 - easytorch-training - INFO - Result <val>: [val/time: 0.18 (s), val/loss: 0.4411, val/MAE: 0.4411, val/MSE: 0.4201]
2025-08-26 09:12:34,429 - easytorch-training - INFO - Checkpoint checkpoints/DLinear/ETTh2_100_336_336/a5ef9d1aec617125ea2f224043a7d081/DLinear_best_val_MAE.pt saved
2025-08-26 09:12:34,611 - easytorch-training - INFO - Result <test>: [test/time: 0.18 (s), test/loss: 0.4737, test/MAE: 0.4737, test/MSE: 0.4724]
2025-08-26 09:12:34,618 - easytorch-training - INFO - Checkpoint checkpoints/DLinear/ETTh2_100_336_336/a5ef9d1aec617125ea2f224043a7d081/DLinear_001.pt saved
2025-08-26 09:12:34,618 - easytorch-training - INFO - The estimated training finish time is 2025-08-26 09:14:58
2025-08-26 09:12:34,618 - easytorch-training - INFO - Epoch 2 / 100
2025-08-26 09:12:35,405 - easytorch-training - INFO - Result <train>: [train/time: 0.79 (s), train/lr: 1.50e-04, train/loss: 0.4527, train/MAE: 0.4527, train/MSE: 0.6146]
2025-08-26 09:12:35,406 - easytorch-training - INFO - Start validation.
2025-08-26 09:12:35,588 - easytorch-training - INFO - Result <val>: [val/time: 0.18 (s), val/loss: 0.4374, val/MAE: 0.4374, val/MSE: 0.4150]
2025-08-26 09:12:35,594 - easytorch-training - INFO - Checkpoint checkpoints/DLinear/ETTh2_100_336_336/a5ef9d1aec617125ea2f224043a7d081/DLinear_best_val_MAE.pt saved
2025-08-26 09:12:35,772 - easytorch-training - INFO - Result <test>: [test/time: 0.18 (s), test/loss: 0.4732, test/MAE: 0.4732, test/MSE: 0.4741]
2025-08-26 09:12:35,779 - easytorch-training - INFO - Checkpoint checkpoints/DLinear/ETTh2_100_336_336/a5ef9d1aec617125ea2f224043a7d081/DLinear_002.pt saved
2025-08-26 09:12:35,779 - easytorch-training - INFO - The estimated training finish time is 2025-08-26 09:14:43
2025-08-26 09:12:35,779 - easytorch-training - INFO - Epoch 3 / 100
2025-08-26 09:12:36,543 - easytorch-training - INFO - Result <train>: [train/time: 0.76 (s), train/lr: 1.50e-04, train/loss: 0.4465, train/MAE: 0.4465, train/MSE: 0.6057]
2025-08-26 09:12:36,544 - easytorch-training - INFO - Start validation.
2025-08-26 09:12:36,728 - easytorch-training - INFO - Result <val>: [val/time: 0.18 (s), val/loss: 0.4286, val/MAE: 0.4286, val/MSE: 0.4041]
2025-08-26 09:12:36,736 - easytorch-training - INFO - Checkpoint checkpoints/DLinear/ETTh2_100_336_336/a5ef9d1aec617125ea2f224043a7d081/DLinear_best_val_MAE.pt saved
2025-08-26 09:12:36,944 - easytorch-training - INFO - Result <test>: [test/time: 0.21 (s), test/loss: 0.4603, test/MAE: 0.4603, test/MSE: 0.4556]
2025-08-26 09:12:36,949 - easytorch-training - INFO - Checkpoint checkpoints/DLinear/ETTh2_100_336_336/a5ef9d1aec617125ea2f224043a7d081/DLinear_003.pt saved
2025-08-26 09:12:36,949 - easytorch-training - INFO - The estimated training finish time is 2025-08-26 09:14:39
2025-08-26 09:12:36,950 - easytorch-training - INFO - Epoch 4 / 100
2025-08-26 09:12:37,712 - easytorch-training - INFO - Result <train>: [train/time: 0.76 (s), train/lr: 1.50e-04, train/loss: 0.4429, train/MAE: 0.4429, train/MSE: 0.6009]
2025-08-26 09:12:37,713 - easytorch-training - INFO - Start validation.
2025-08-26 09:12:37,895 - easytorch-training - INFO - Result <val>: [val/time: 0.18 (s), val/loss: 0.4379, val/MAE: 0.4379, val/MSE: 0.4163]
2025-08-26 09:12:38,073 - easytorch-training - INFO - Result <test>: [test/time: 0.18 (s), test/loss: 0.4811, test/MAE: 0.4811, test/MSE: 0.4909]
2025-08-26 09:12:38,078 - easytorch-training - INFO - Checkpoint checkpoints/DLinear/ETTh2_100_336_336/a5ef9d1aec617125ea2f224043a7d081/DLinear_004.pt saved
2025-08-26 09:12:38,079 - easytorch-training - INFO - The estimated training finish time is 2025-08-26 09:14:35
2025-08-26 09:12:38,079 - easytorch-training - INFO - Epoch 5 / 100
2025-08-26 09:12:38,833 - easytorch-training - INFO - Result <train>: [train/time: 0.75 (s), train/lr: 1.50e-04, train/loss: 0.4405, train/MAE: 0.4405, train/MSE: 0.5970]
2025-08-26 09:12:38,834 - easytorch-training - INFO - Start validation.
2025-08-26 09:12:39,028 - easytorch-training - INFO - Result <val>: [val/time: 0.19 (s), val/loss: 0.4304, val/MAE: 0.4304, val/MSE: 0.4058]
2025-08-26 09:12:39,219 - easytorch-training - INFO - Result <test>: [test/time: 0.19 (s), test/loss: 0.4683, test/MAE: 0.4683, test/MSE: 0.4693]
2025-08-26 09:12:39,226 - easytorch-training - INFO - Checkpoint checkpoints/DLinear/ETTh2_100_336_336/a5ef9d1aec617125ea2f224043a7d081/DLinear_005.pt saved
2025-08-26 09:12:39,226 - easytorch-training - INFO - The estimated training finish time is 2025-08-26 09:14:34
2025-08-26 09:12:39,226 - easytorch-training - INFO - Epoch 6 / 100
2025-08-26 09:12:39,993 - easytorch-training - INFO - Result <train>: [train/time: 0.77 (s), train/lr: 1.50e-04, train/loss: 0.4388, train/MAE: 0.4388, train/MSE: 0.5943]
2025-08-26 09:12:39,994 - easytorch-training - INFO - Start validation.
2025-08-26 09:12:40,159 - easytorch-training - INFO - Result <val>: [val/time: 0.16 (s), val/loss: 0.4258, val/MAE: 0.4258, val/MSE: 0.3999]
2025-08-26 09:12:40,164 - easytorch-training - INFO - Checkpoint checkpoints/DLinear/ETTh2_100_336_336/a5ef9d1aec617125ea2f224043a7d081/DLinear_best_val_MAE.pt saved
2025-08-26 09:12:40,342 - easytorch-training - INFO - Result <test>: [test/time: 0.18 (s), test/loss: 0.4609, test/MAE: 0.4609, test/MSE: 0.4577]
2025-08-26 09:12:40,348 - easytorch-training - INFO - Checkpoint checkpoints/DLinear/ETTh2_100_336_336/a5ef9d1aec617125ea2f224043a7d081/DLinear_006.pt saved
2025-08-26 09:12:40,348 - easytorch-training - INFO - The estimated training finish time is 2025-08-26 09:14:32
2025-08-26 09:12:40,348 - easytorch-training - INFO - Epoch 7 / 100
2025-08-26 09:12:41,121 - easytorch-training - INFO - Result <train>: [train/time: 0.77 (s), train/lr: 1.50e-04, train/loss: 0.4376, train/MAE: 0.4376, train/MSE: 0.5943]
2025-08-26 09:12:41,122 - easytorch-training - INFO - Start validation.
2025-08-26 09:12:41,308 - easytorch-training - INFO - Result <val>: [val/time: 0.19 (s), val/loss: 0.4250, val/MAE: 0.4250, val/MSE: 0.3990]
2025-08-26 09:12:41,315 - easytorch-training - INFO - Checkpoint checkpoints/DLinear/ETTh2_100_336_336/a5ef9d1aec617125ea2f224043a7d081/DLinear_best_val_MAE.pt saved
2025-08-26 09:12:41,486 - easytorch-training - INFO - Result <test>: [test/time: 0.17 (s), test/loss: 0.4577, test/MAE: 0.4577, test/MSE: 0.4523]
2025-08-26 09:12:41,491 - easytorch-training - INFO - Checkpoint checkpoints/DLinear/ETTh2_100_336_336/a5ef9d1aec617125ea2f224043a7d081/DLinear_007.pt saved
2025-08-26 09:12:41,491 - easytorch-training - INFO - The estimated training finish time is 2025-08-26 09:14:32
2025-08-26 09:12:41,491 - easytorch-training - INFO - Epoch 8 / 100
2025-08-26 09:12:42,260 - easytorch-training - INFO - Result <train>: [train/time: 0.77 (s), train/lr: 1.50e-04, train/loss: 0.4367, train/MAE: 0.4367, train/MSE: 0.5917]
2025-08-26 09:12:42,261 - easytorch-training - INFO - Start validation.
2025-08-26 09:12:42,449 - easytorch-training - INFO - Result <val>: [val/time: 0.19 (s), val/loss: 0.4293, val/MAE: 0.4293, val/MSE: 0.4052]
2025-08-26 09:12:42,630 - easytorch-training - INFO - Result <test>: [test/time: 0.18 (s), test/loss: 0.4722, test/MAE: 0.4722, test/MSE: 0.4782]
2025-08-26 09:12:42,637 - easytorch-training - INFO - Checkpoint checkpoints/DLinear/ETTh2_100_336_336/a5ef9d1aec617125ea2f224043a7d081/DLinear_008.pt saved
2025-08-26 09:12:42,637 - easytorch-training - INFO - The estimated training finish time is 2025-08-26 09:14:31
2025-08-26 09:12:42,637 - easytorch-training - INFO - Epoch 9 / 100
2025-08-26 09:12:43,404 - easytorch-training - INFO - Result <train>: [train/time: 0.77 (s), train/lr: 1.50e-04, train/loss: 0.4360, train/MAE: 0.4360, train/MSE: 0.5910]
2025-08-26 09:12:43,405 - easytorch-training - INFO - Start validation.
2025-08-26 09:12:43,592 - easytorch-training - INFO - Result <val>: [val/time: 0.19 (s), val/loss: 0.4264, val/MAE: 0.4264, val/MSE: 0.3994]
2025-08-26 09:12:43,772 - easytorch-training - INFO - Result <test>: [test/time: 0.18 (s), test/loss: 0.4615, test/MAE: 0.4615, test/MSE: 0.4579]
2025-08-26 09:12:43,779 - easytorch-training - INFO - Checkpoint checkpoints/DLinear/ETTh2_100_336_336/a5ef9d1aec617125ea2f224043a7d081/DLinear_009.pt saved
2025-08-26 09:12:43,779 - easytorch-training - INFO - The estimated training finish time is 2025-08-26 09:14:31
2025-08-26 09:12:43,779 - easytorch-training - INFO - Epoch 10 / 100
2025-08-26 09:12:44,559 - easytorch-training - INFO - Result <train>: [train/time: 0.78 (s), train/lr: 1.50e-04, train/loss: 0.4355, train/MAE: 0.4355, train/MSE: 0.5914]
2025-08-26 09:12:44,560 - easytorch-training - INFO - Start validation.
2025-08-26 09:12:44,746 - easytorch-training - INFO - Result <val>: [val/time: 0.19 (s), val/loss: 0.4245, val/MAE: 0.4245, val/MSE: 0.3974]
2025-08-26 09:12:44,752 - easytorch-training - INFO - Checkpoint checkpoints/DLinear/ETTh2_100_336_336/a5ef9d1aec617125ea2f224043a7d081/DLinear_best_val_MAE.pt saved
2025-08-26 09:12:44,931 - easytorch-training - INFO - Result <test>: [test/time: 0.18 (s), test/loss: 0.4614, test/MAE: 0.4614, test/MSE: 0.4586]
2025-08-26 09:12:44,937 - easytorch-training - INFO - Checkpoint checkpoints/DLinear/ETTh2_100_336_336/a5ef9d1aec617125ea2f224043a7d081/DLinear_010.pt saved
2025-08-26 09:12:44,940 - easytorch-training - INFO - The estimated training finish time is 2025-08-26 09:14:30
2025-08-26 09:12:44,941 - easytorch-training - INFO - Epoch 11 / 100
2025-08-26 09:12:45,737 - easytorch-training - INFO - Result <train>: [train/time: 0.80 (s), train/lr: 1.50e-04, train/loss: 0.4350, train/MAE: 0.4350, train/MSE: 0.5902]
2025-08-26 09:12:45,738 - easytorch-training - INFO - Start validation.
2025-08-26 09:12:45,906 - easytorch-training - INFO - Result <val>: [val/time: 0.17 (s), val/loss: 0.4261, val/MAE: 0.4261, val/MSE: 0.3999]
2025-08-26 09:12:46,080 - easytorch-training - INFO - Result <test>: [test/time: 0.17 (s), test/loss: 0.4656, test/MAE: 0.4656, test/MSE: 0.4658]
2025-08-26 09:12:46,088 - easytorch-training - INFO - Checkpoint checkpoints/DLinear/ETTh2_100_336_336/a5ef9d1aec617125ea2f224043a7d081/DLinear_011.pt saved
2025-08-26 09:12:46,088 - easytorch-training - INFO - The estimated training finish time is 2025-08-26 09:14:30
2025-08-26 09:12:46,088 - easytorch-training - INFO - Epoch 12 / 100
2025-08-26 09:12:46,874 - easytorch-training - INFO - Result <train>: [train/time: 0.79 (s), train/lr: 1.50e-04, train/loss: 0.4347, train/MAE: 0.4347, train/MSE: 0.5898]
2025-08-26 09:12:46,874 - easytorch-training - INFO - Start validation.
2025-08-26 09:12:47,059 - easytorch-training - INFO - Result <val>: [val/time: 0.18 (s), val/loss: 0.4231, val/MAE: 0.4231, val/MSE: 0.3960]
2025-08-26 09:12:47,064 - easytorch-training - INFO - Checkpoint checkpoints/DLinear/ETTh2_100_336_336/a5ef9d1aec617125ea2f224043a7d081/DLinear_best_val_MAE.pt saved
2025-08-26 09:12:47,257 - easytorch-training - INFO - Result <test>: [test/time: 0.19 (s), test/loss: 0.4561, test/MAE: 0.4561, test/MSE: 0.4500]
2025-08-26 09:12:47,263 - easytorch-training - INFO - Checkpoint checkpoints/DLinear/ETTh2_100_336_336/a5ef9d1aec617125ea2f224043a7d081/DLinear_012.pt saved
2025-08-26 09:12:47,263 - easytorch-training - INFO - The estimated training finish time is 2025-08-26 09:14:30
2025-08-26 09:12:47,263 - easytorch-training - INFO - Epoch 13 / 100
2025-08-26 09:12:48,038 - easytorch-training - INFO - Result <train>: [train/time: 0.78 (s), train/lr: 1.50e-04, train/loss: 0.4345, train/MAE: 0.4345, train/MSE: 0.5893]
2025-08-26 09:12:48,039 - easytorch-training - INFO - Start validation.
2025-08-26 09:12:48,221 - easytorch-training - INFO - Result <val>: [val/time: 0.18 (s), val/loss: 0.4249, val/MAE: 0.4249, val/MSE: 0.3978]
2025-08-26 09:12:48,400 - easytorch-training - INFO - Result <test>: [test/time: 0.18 (s), test/loss: 0.4564, test/MAE: 0.4564, test/MSE: 0.4500]
2025-08-26 09:12:48,405 - easytorch-training - INFO - Checkpoint checkpoints/DLinear/ETTh2_100_336_336/a5ef9d1aec617125ea2f224043a7d081/DLinear_013.pt saved
2025-08-26 09:12:48,406 - easytorch-training - INFO - The estimated training finish time is 2025-08-26 09:14:30
2025-08-26 09:12:48,406 - easytorch-training - INFO - Epoch 14 / 100
2025-08-26 09:12:49,177 - easytorch-training - INFO - Result <train>: [train/time: 0.77 (s), train/lr: 1.50e-04, train/loss: 0.4342, train/MAE: 0.4342, train/MSE: 0.5890]
2025-08-26 09:12:49,178 - easytorch-training - INFO - Start validation.
2025-08-26 09:12:49,373 - easytorch-training - INFO - Result <val>: [val/time: 0.19 (s), val/loss: 0.4228, val/MAE: 0.4228, val/MSE: 0.3954]
2025-08-26 09:12:49,380 - easytorch-training - INFO - Checkpoint checkpoints/DLinear/ETTh2_100_336_336/a5ef9d1aec617125ea2f224043a7d081/DLinear_best_val_MAE.pt saved
2025-08-26 09:12:49,565 - easytorch-training - INFO - Result <test>: [test/time: 0.19 (s), test/loss: 0.4537, test/MAE: 0.4537, test/MSE: 0.4465]
2025-08-26 09:12:49,572 - easytorch-training - INFO - Checkpoint checkpoints/DLinear/ETTh2_100_336_336/a5ef9d1aec617125ea2f224043a7d081/DLinear_014.pt saved
2025-08-26 09:12:49,572 - easytorch-training - INFO - The estimated training finish time is 2025-08-26 09:14:30
2025-08-26 09:12:49,572 - easytorch-training - INFO - Epoch 15 / 100
2025-08-26 09:12:50,322 - easytorch-training - INFO - Result <train>: [train/time: 0.75 (s), train/lr: 1.50e-04, train/loss: 0.4339, train/MAE: 0.4339, train/MSE: 0.5892]
2025-08-26 09:12:50,323 - easytorch-training - INFO - Start validation.
2025-08-26 09:12:50,492 - easytorch-training - INFO - Result <val>: [val/time: 0.17 (s), val/loss: 0.4218, val/MAE: 0.4218, val/MSE: 0.3939]
2025-08-26 09:12:50,498 - easytorch-training - INFO - Checkpoint checkpoints/DLinear/ETTh2_100_336_336/a5ef9d1aec617125ea2f224043a7d081/DLinear_best_val_MAE.pt saved
2025-08-26 09:12:50,665 - easytorch-training - INFO - Result <test>: [test/time: 0.17 (s), test/loss: 0.4541, test/MAE: 0.4541, test/MSE: 0.4465]
2025-08-26 09:12:50,673 - easytorch-training - INFO - Checkpoint checkpoints/DLinear/ETTh2_100_336_336/a5ef9d1aec617125ea2f224043a7d081/DLinear_015.pt saved
2025-08-26 09:12:50,673 - easytorch-training - INFO - The estimated training finish time is 2025-08-26 09:14:29
2025-08-26 09:12:50,673 - easytorch-training - INFO - Epoch 16 / 100
2025-08-26 09:12:51,419 - easytorch-training - INFO - Result <train>: [train/time: 0.75 (s), train/lr: 1.50e-04, train/loss: 0.4338, train/MAE: 0.4338, train/MSE: 0.5880]
2025-08-26 09:12:51,421 - easytorch-training - INFO - Start validation.
2025-08-26 09:12:51,604 - easytorch-training - INFO - Result <val>: [val/time: 0.18 (s), val/loss: 0.4220, val/MAE: 0.4220, val/MSE: 0.3939]
2025-08-26 09:12:51,784 - easytorch-training - INFO - Result <test>: [test/time: 0.18 (s), test/loss: 0.4536, test/MAE: 0.4536, test/MSE: 0.4455]
2025-08-26 09:12:51,794 - easytorch-training - INFO - Checkpoint checkpoints/DLinear/ETTh2_100_336_336/a5ef9d1aec617125ea2f224043a7d081/DLinear_016.pt saved
2025-08-26 09:12:51,794 - easytorch-training - INFO - The estimated training finish time is 2025-08-26 09:14:29
2025-08-26 09:12:51,795 - easytorch-training - INFO - Epoch 17 / 100
2025-08-26 09:12:52,546 - easytorch-training - INFO - Result <train>: [train/time: 0.75 (s), train/lr: 1.50e-04, train/loss: 0.4336, train/MAE: 0.4336, train/MSE: 0.5888]
2025-08-26 09:12:52,547 - easytorch-training - INFO - Start validation.
2025-08-26 09:12:52,736 - easytorch-training - INFO - Result <val>: [val/time: 0.19 (s), val/loss: 0.4245, val/MAE: 0.4245, val/MSE: 0.3986]
2025-08-26 09:12:52,925 - easytorch-training - INFO - Result <test>: [test/time: 0.19 (s), test/loss: 0.4657, test/MAE: 0.4657, test/MSE: 0.4681]
2025-08-26 09:12:52,931 - easytorch-training - INFO - Checkpoint checkpoints/DLinear/ETTh2_100_336_336/a5ef9d1aec617125ea2f224043a7d081/DLinear_017.pt saved
2025-08-26 09:12:52,931 - easytorch-training - INFO - The estimated training finish time is 2025-08-26 09:14:29
2025-08-26 09:12:52,931 - easytorch-training - INFO - Epoch 18 / 100
2025-08-26 09:12:53,719 - easytorch-training - INFO - Result <train>: [train/time: 0.79 (s), train/lr: 1.50e-04, train/loss: 0.4335, train/MAE: 0.4335, train/MSE: 0.5886]
2025-08-26 09:12:53,720 - easytorch-training - INFO - Start validation.
2025-08-26 09:12:53,912 - easytorch-training - INFO - Result <val>: [val/time: 0.19 (s), val/loss: 0.4249, val/MAE: 0.4249, val/MSE: 0.3981]
2025-08-26 09:12:54,097 - easytorch-training - INFO - Result <test>: [test/time: 0.18 (s), test/loss: 0.4656, test/MAE: 0.4656, test/MSE: 0.4650]
2025-08-26 09:12:54,102 - easytorch-training - INFO - Checkpoint checkpoints/DLinear/ETTh2_100_336_336/a5ef9d1aec617125ea2f224043a7d081/DLinear_018.pt saved
2025-08-26 09:12:54,103 - easytorch-training - INFO - The estimated training finish time is 2025-08-26 09:14:29
2025-08-26 09:12:54,103 - easytorch-training - INFO - Epoch 19 / 100
2025-08-26 09:12:54,868 - easytorch-training - INFO - Result <train>: [train/time: 0.77 (s), train/lr: 1.50e-04, train/loss: 0.4334, train/MAE: 0.4334, train/MSE: 0.5883]
2025-08-26 09:12:54,870 - easytorch-training - INFO - Start validation.
2025-08-26 09:12:55,060 - easytorch-training - INFO - Result <val>: [val/time: 0.19 (s), val/loss: 0.4236, val/MAE: 0.4236, val/MSE: 0.3963]
2025-08-26 09:12:55,246 - easytorch-training - INFO - Result <test>: [test/time: 0.19 (s), test/loss: 0.4606, test/MAE: 0.4606, test/MSE: 0.4581]
2025-08-26 09:12:55,253 - easytorch-training - INFO - Checkpoint checkpoints/DLinear/ETTh2_100_336_336/a5ef9d1aec617125ea2f224043a7d081/DLinear_019.pt saved
2025-08-26 09:12:55,253 - easytorch-training - INFO - The estimated training finish time is 2025-08-26 09:14:29
2025-08-26 09:12:55,253 - easytorch-training - INFO - Epoch 20 / 100
2025-08-26 09:12:56,038 - easytorch-training - INFO - Result <train>: [train/time: 0.78 (s), train/lr: 1.50e-04, train/loss: 0.4334, train/MAE: 0.4334, train/MSE: 0.5890]
2025-08-26 09:12:56,038 - easytorch-training - INFO - Start validation.
2025-08-26 09:12:56,225 - easytorch-training - INFO - Result <val>: [val/time: 0.19 (s), val/loss: 0.4264, val/MAE: 0.4264, val/MSE: 0.4008]
2025-08-26 09:12:56,418 - easytorch-training - INFO - Result <test>: [test/time: 0.19 (s), test/loss: 0.4637, test/MAE: 0.4637, test/MSE: 0.4634]
2025-08-26 09:12:56,423 - easytorch-training - INFO - Checkpoint checkpoints/DLinear/ETTh2_100_336_336/a5ef9d1aec617125ea2f224043a7d081/DLinear_020.pt saved
2025-08-26 09:12:56,426 - easytorch-training - INFO - The estimated training finish time is 2025-08-26 09:14:29
2025-08-26 09:12:56,426 - easytorch-training - INFO - Epoch 21 / 100
2025-08-26 09:12:57,218 - easytorch-training - INFO - Result <train>: [train/time: 0.79 (s), train/lr: 1.50e-04, train/loss: 0.4332, train/MAE: 0.4332, train/MSE: 0.5876]
2025-08-26 09:12:57,219 - easytorch-training - INFO - Start validation.
2025-08-26 09:12:57,407 - easytorch-training - INFO - Result <val>: [val/time: 0.19 (s), val/loss: 0.4247, val/MAE: 0.4247, val/MSE: 0.3987]
2025-08-26 09:12:57,603 - easytorch-training - INFO - Result <test>: [test/time: 0.20 (s), test/loss: 0.4624, test/MAE: 0.4624, test/MSE: 0.4622]
2025-08-26 09:12:57,611 - easytorch-training - INFO - Checkpoint checkpoints/DLinear/ETTh2_100_336_336/a5ef9d1aec617125ea2f224043a7d081/DLinear_021.pt saved
2025-08-26 09:12:57,611 - easytorch-training - INFO - The estimated training finish time is 2025-08-26 09:14:29
2025-08-26 09:12:57,611 - easytorch-training - INFO - Epoch 22 / 100
2025-08-26 09:12:58,411 - easytorch-training - INFO - Result <train>: [train/time: 0.80 (s), train/lr: 1.50e-04, train/loss: 0.4331, train/MAE: 0.4331, train/MSE: 0.5878]
2025-08-26 09:12:58,412 - easytorch-training - INFO - Start validation.
2025-08-26 09:12:58,586 - easytorch-training - INFO - Result <val>: [val/time: 0.17 (s), val/loss: 0.4226, val/MAE: 0.4226, val/MSE: 0.3942]
2025-08-26 09:12:58,766 - easytorch-training - INFO - Result <test>: [test/time: 0.18 (s), test/loss: 0.4557, test/MAE: 0.4557, test/MSE: 0.4487]
2025-08-26 09:12:58,773 - easytorch-training - INFO - Checkpoint checkpoints/DLinear/ETTh2_100_336_336/a5ef9d1aec617125ea2f224043a7d081/DLinear_022.pt saved
2025-08-26 09:12:58,773 - easytorch-training - INFO - The estimated training finish time is 2025-08-26 09:14:29
2025-08-26 09:12:58,774 - easytorch-training - INFO - Epoch 23 / 100
2025-08-26 09:12:59,565 - easytorch-training - INFO - Result <train>: [train/time: 0.79 (s), train/lr: 1.50e-04, train/loss: 0.4331, train/MAE: 0.4331, train/MSE: 0.5883]
2025-08-26 09:12:59,566 - easytorch-training - INFO - Start validation.
2025-08-26 09:12:59,754 - easytorch-training - INFO - Result <val>: [val/time: 0.19 (s), val/loss: 0.4274, val/MAE: 0.4274, val/MSE: 0.4017]
2025-08-26 09:12:59,941 - easytorch-training - INFO - Result <test>: [test/time: 0.19 (s), test/loss: 0.4632, test/MAE: 0.4632, test/MSE: 0.4618]
2025-08-26 09:12:59,946 - easytorch-training - INFO - Checkpoint checkpoints/DLinear/ETTh2_100_336_336/a5ef9d1aec617125ea2f224043a7d081/DLinear_023.pt saved
2025-08-26 09:12:59,946 - easytorch-training - INFO - The estimated training finish time is 2025-08-26 09:14:29
2025-08-26 09:12:59,946 - easytorch-training - INFO - Epoch 24 / 100
2025-08-26 09:13:00,722 - easytorch-training - INFO - Result <train>: [train/time: 0.78 (s), train/lr: 1.50e-04, train/loss: 0.4330, train/MAE: 0.4330, train/MSE: 0.5870]
2025-08-26 09:13:00,723 - easytorch-training - INFO - Start validation.
2025-08-26 09:13:00,913 - easytorch-training - INFO - Result <val>: [val/time: 0.19 (s), val/loss: 0.4223, val/MAE: 0.4223, val/MSE: 0.3948]
2025-08-26 09:13:01,099 - easytorch-training - INFO - Result <test>: [test/time: 0.18 (s), test/loss: 0.4547, test/MAE: 0.4547, test/MSE: 0.4480]
2025-08-26 09:13:01,105 - easytorch-training - INFO - Checkpoint checkpoints/DLinear/ETTh2_100_336_336/a5ef9d1aec617125ea2f224043a7d081/DLinear_024.pt saved
2025-08-26 09:13:01,105 - easytorch-training - INFO - The estimated training finish time is 2025-08-26 09:14:29
2025-08-26 09:13:01,106 - easytorch-training - INFO - Epoch 25 / 100
2025-08-26 09:13:01,873 - easytorch-training - INFO - Result <train>: [train/time: 0.77 (s), train/lr: 1.50e-04, train/loss: 0.4331, train/MAE: 0.4331, train/MSE: 0.5885]
2025-08-26 09:13:01,874 - easytorch-training - INFO - Start validation.
2025-08-26 09:13:02,062 - easytorch-training - INFO - Result <val>: [val/time: 0.19 (s), val/loss: 0.4286, val/MAE: 0.4286, val/MSE: 0.4038]
2025-08-26 09:13:02,252 - easytorch-training - INFO - Result <test>: [test/time: 0.19 (s), test/loss: 0.4717, test/MAE: 0.4717, test/MSE: 0.4774]
2025-08-26 09:13:02,258 - easytorch-training - INFO - Checkpoint checkpoints/DLinear/ETTh2_100_336_336/a5ef9d1aec617125ea2f224043a7d081/DLinear_025.pt saved
2025-08-26 09:13:02,258 - easytorch-training - INFO - The estimated training finish time is 2025-08-26 09:14:29
2025-08-26 09:13:02,258 - easytorch-training - INFO - Epoch 26 / 100
2025-08-26 09:13:03,012 - easytorch-training - INFO - Result <train>: [train/time: 0.75 (s), train/lr: 7.50e-05, train/loss: 0.4325, train/MAE: 0.4325, train/MSE: 0.5869]
2025-08-26 09:13:03,013 - easytorch-training - INFO - Start validation.
2025-08-26 09:13:03,199 - easytorch-training - INFO - Result <val>: [val/time: 0.19 (s), val/loss: 0.4210, val/MAE: 0.4210, val/MSE: 0.3932]
2025-08-26 09:13:03,204 - easytorch-training - INFO - Checkpoint checkpoints/DLinear/ETTh2_100_336_336/a5ef9d1aec617125ea2f224043a7d081/DLinear_best_val_MAE.pt saved
2025-08-26 09:13:03,396 - easytorch-training - INFO - Result <test>: [test/time: 0.19 (s), test/loss: 0.4539, test/MAE: 0.4539, test/MSE: 0.4471]
2025-08-26 09:13:03,403 - easytorch-training - INFO - Checkpoint checkpoints/DLinear/ETTh2_100_336_336/a5ef9d1aec617125ea2f224043a7d081/DLinear_026.pt saved
2025-08-26 09:13:03,403 - easytorch-training - INFO - The estimated training finish time is 2025-08-26 09:14:29
2025-08-26 09:13:03,403 - easytorch-training - INFO - Epoch 27 / 100
2025-08-26 09:13:04,183 - easytorch-training - INFO - Result <train>: [train/time: 0.78 (s), train/lr: 7.50e-05, train/loss: 0.4324, train/MAE: 0.4324, train/MSE: 0.5872]
2025-08-26 09:13:04,184 - easytorch-training - INFO - Start validation.
2025-08-26 09:13:04,372 - easytorch-training - INFO - Result <val>: [val/time: 0.19 (s), val/loss: 0.4241, val/MAE: 0.4241, val/MSE: 0.3963]
2025-08-26 09:13:04,562 - easytorch-training - INFO - Result <test>: [test/time: 0.19 (s), test/loss: 0.4581, test/MAE: 0.4581, test/MSE: 0.4528]
2025-08-26 09:13:04,568 - easytorch-training - INFO - Checkpoint checkpoints/DLinear/ETTh2_100_336_336/a5ef9d1aec617125ea2f224043a7d081/DLinear_027.pt saved
2025-08-26 09:13:04,568 - easytorch-training - INFO - The estimated training finish time is 2025-08-26 09:14:29
2025-08-26 09:13:04,568 - easytorch-training - INFO - Epoch 28 / 100
2025-08-26 09:13:05,325 - easytorch-training - INFO - Result <train>: [train/time: 0.76 (s), train/lr: 7.50e-05, train/loss: 0.4324, train/MAE: 0.4324, train/MSE: 0.5871]
2025-08-26 09:13:05,326 - easytorch-training - INFO - Start validation.
2025-08-26 09:13:05,495 - easytorch-training - INFO - Result <val>: [val/time: 0.17 (s), val/loss: 0.4213, val/MAE: 0.4213, val/MSE: 0.3934]
2025-08-26 09:13:05,690 - easytorch-training - INFO - Result <test>: [test/time: 0.19 (s), test/loss: 0.4537, test/MAE: 0.4537, test/MSE: 0.4466]
2025-08-26 09:13:05,695 - easytorch-training - INFO - Checkpoint checkpoints/DLinear/ETTh2_100_336_336/a5ef9d1aec617125ea2f224043a7d081/DLinear_028.pt saved
2025-08-26 09:13:05,695 - easytorch-training - INFO - The estimated training finish time is 2025-08-26 09:14:29
2025-08-26 09:13:05,695 - easytorch-training - INFO - Epoch 29 / 100
2025-08-26 09:13:06,447 - easytorch-training - INFO - Result <train>: [train/time: 0.75 (s), train/lr: 7.50e-05, train/loss: 0.4324, train/MAE: 0.4324, train/MSE: 0.5872]
2025-08-26 09:13:06,448 - easytorch-training - INFO - Start validation.
2025-08-26 09:13:06,637 - easytorch-training - INFO - Result <val>: [val/time: 0.19 (s), val/loss: 0.4237, val/MAE: 0.4237, val/MSE: 0.3964]
2025-08-26 09:13:06,838 - easytorch-training - INFO - Result <test>: [test/time: 0.20 (s), test/loss: 0.4585, test/MAE: 0.4585, test/MSE: 0.4539]
2025-08-26 09:13:06,846 - easytorch-training - INFO - Checkpoint checkpoints/DLinear/ETTh2_100_336_336/a5ef9d1aec617125ea2f224043a7d081/DLinear_029.pt saved
2025-08-26 09:13:06,847 - easytorch-training - INFO - The estimated training finish time is 2025-08-26 09:14:29
2025-08-26 09:13:06,847 - easytorch-training - INFO - Epoch 30 / 100
2025-08-26 09:13:07,620 - easytorch-training - INFO - Result <train>: [train/time: 0.77 (s), train/lr: 7.50e-05, train/loss: 0.4324, train/MAE: 0.4324, train/MSE: 0.5868]
2025-08-26 09:13:07,621 - easytorch-training - INFO - Start validation.
2025-08-26 09:13:07,816 - easytorch-training - INFO - Result <val>: [val/time: 0.20 (s), val/loss: 0.4221, val/MAE: 0.4221, val/MSE: 0.3943]
2025-08-26 09:13:08,019 - easytorch-training - INFO - Result <test>: [test/time: 0.20 (s), test/loss: 0.4560, test/MAE: 0.4560, test/MSE: 0.4501]
2025-08-26 09:13:08,024 - easytorch-training - INFO - Checkpoint checkpoints/DLinear/ETTh2_100_336_336/a5ef9d1aec617125ea2f224043a7d081/DLinear_030.pt saved
2025-08-26 09:13:08,028 - easytorch-training - INFO - The estimated training finish time is 2025-08-26 09:14:29
2025-08-26 09:13:08,028 - easytorch-training - INFO - Epoch 31 / 100
2025-08-26 09:13:08,792 - easytorch-training - INFO - Result <train>: [train/time: 0.76 (s), train/lr: 7.50e-05, train/loss: 0.4323, train/MAE: 0.4323, train/MSE: 0.5874]
2025-08-26 09:13:08,794 - easytorch-training - INFO - Start validation.
2025-08-26 09:13:08,985 - easytorch-training - INFO - Result <val>: [val/time: 0.19 (s), val/loss: 0.4208, val/MAE: 0.4208, val/MSE: 0.3928]
2025-08-26 09:13:08,993 - easytorch-training - INFO - Checkpoint checkpoints/DLinear/ETTh2_100_336_336/a5ef9d1aec617125ea2f224043a7d081/DLinear_best_val_MAE.pt saved
2025-08-26 09:13:09,186 - easytorch-training - INFO - Result <test>: [test/time: 0.19 (s), test/loss: 0.4535, test/MAE: 0.4535, test/MSE: 0.4464]
2025-08-26 09:13:09,191 - easytorch-training - INFO - Checkpoint checkpoints/DLinear/ETTh2_100_336_336/a5ef9d1aec617125ea2f224043a7d081/DLinear_031.pt saved
2025-08-26 09:13:09,192 - easytorch-training - INFO - The estimated training finish time is 2025-08-26 09:14:29
2025-08-26 09:13:09,192 - easytorch-training - INFO - Epoch 32 / 100
2025-08-26 09:13:09,965 - easytorch-training - INFO - Result <train>: [train/time: 0.77 (s), train/lr: 7.50e-05, train/loss: 0.4323, train/MAE: 0.4323, train/MSE: 0.5875]
2025-08-26 09:13:09,966 - easytorch-training - INFO - Start validation.
2025-08-26 09:13:10,171 - easytorch-training - INFO - Result <val>: [val/time: 0.20 (s), val/loss: 0.4227, val/MAE: 0.4227, val/MSE: 0.3952]
2025-08-26 09:13:10,361 - easytorch-training - INFO - Result <test>: [test/time: 0.19 (s), test/loss: 0.4578, test/MAE: 0.4578, test/MSE: 0.4534]
2025-08-26 09:13:10,366 - easytorch-training - INFO - Checkpoint checkpoints/DLinear/ETTh2_100_336_336/a5ef9d1aec617125ea2f224043a7d081/DLinear_032.pt saved
2025-08-26 09:13:10,366 - easytorch-training - INFO - The estimated training finish time is 2025-08-26 09:14:29
2025-08-26 09:13:10,366 - easytorch-training - INFO - Epoch 33 / 100
2025-08-26 09:13:11,129 - easytorch-training - INFO - Result <train>: [train/time: 0.76 (s), train/lr: 7.50e-05, train/loss: 0.4324, train/MAE: 0.4324, train/MSE: 0.5872]
2025-08-26 09:13:11,130 - easytorch-training - INFO - Start validation.
2025-08-26 09:13:11,309 - easytorch-training - INFO - Result <val>: [val/time: 0.18 (s), val/loss: 0.4229, val/MAE: 0.4229, val/MSE: 0.3953]
2025-08-26 09:13:11,482 - easytorch-training - INFO - Result <test>: [test/time: 0.17 (s), test/loss: 0.4564, test/MAE: 0.4564, test/MSE: 0.4505]
2025-08-26 09:13:11,489 - easytorch-training - INFO - Checkpoint checkpoints/DLinear/ETTh2_100_336_336/a5ef9d1aec617125ea2f224043a7d081/DLinear_033.pt saved
2025-08-26 09:13:11,489 - easytorch-training - INFO - The estimated training finish time is 2025-08-26 09:14:29
2025-08-26 09:13:11,489 - easytorch-training - INFO - Epoch 34 / 100
2025-08-26 09:13:12,230 - easytorch-training - INFO - Result <train>: [train/time: 0.74 (s), train/lr: 7.50e-05, train/loss: 0.4323, train/MAE: 0.4323, train/MSE: 0.5868]
2025-08-26 09:13:12,231 - easytorch-training - INFO - Start validation.
2025-08-26 09:13:12,420 - easytorch-training - INFO - Result <val>: [val/time: 0.19 (s), val/loss: 0.4206, val/MAE: 0.4206, val/MSE: 0.3930]
2025-08-26 09:13:12,427 - easytorch-training - INFO - Checkpoint checkpoints/DLinear/ETTh2_100_336_336/a5ef9d1aec617125ea2f224043a7d081/DLinear_best_val_MAE.pt saved
2025-08-26 09:13:12,616 - easytorch-training - INFO - Result <test>: [test/time: 0.19 (s), test/loss: 0.4528, test/MAE: 0.4528, test/MSE: 0.4460]
2025-08-26 09:13:12,621 - easytorch-training - INFO - Checkpoint checkpoints/DLinear/ETTh2_100_336_336/a5ef9d1aec617125ea2f224043a7d081/DLinear_034.pt saved
2025-08-26 09:13:12,621 - easytorch-training - INFO - The estimated training finish time is 2025-08-26 09:14:29
2025-08-26 09:13:12,621 - easytorch-training - INFO - Epoch 35 / 100
2025-08-26 09:13:13,403 - easytorch-training - INFO - Result <train>: [train/time: 0.78 (s), train/lr: 7.50e-05, train/loss: 0.4323, train/MAE: 0.4323, train/MSE: 0.5876]
2025-08-26 09:13:13,403 - easytorch-training - INFO - Start validation.
2025-08-26 09:13:13,594 - easytorch-training - INFO - Result <val>: [val/time: 0.19 (s), val/loss: 0.4249, val/MAE: 0.4249, val/MSE: 0.3985]
2025-08-26 09:13:13,786 - easytorch-training - INFO - Result <test>: [test/time: 0.19 (s), test/loss: 0.4637, test/MAE: 0.4637, test/MSE: 0.4635]
2025-08-26 09:13:13,793 - easytorch-training - INFO - Checkpoint checkpoints/DLinear/ETTh2_100_336_336/a5ef9d1aec617125ea2f224043a7d081/DLinear_035.pt saved
2025-08-26 09:13:13,793 - easytorch-training - INFO - The estimated training finish time is 2025-08-26 09:14:29
2025-08-26 09:13:13,793 - easytorch-training - INFO - Epoch 36 / 100
2025-08-26 09:13:14,558 - easytorch-training - INFO - Result <train>: [train/time: 0.76 (s), train/lr: 7.50e-05, train/loss: 0.4323, train/MAE: 0.4323, train/MSE: 0.5869]
2025-08-26 09:13:14,559 - easytorch-training - INFO - Start validation.
2025-08-26 09:13:14,750 - easytorch-training - INFO - Result <val>: [val/time: 0.19 (s), val/loss: 0.4232, val/MAE: 0.4232, val/MSE: 0.3961]
2025-08-26 09:13:14,939 - easytorch-training - INFO - Result <test>: [test/time: 0.19 (s), test/loss: 0.4604, test/MAE: 0.4604, test/MSE: 0.4576]
2025-08-26 09:13:14,947 - easytorch-training - INFO - Checkpoint checkpoints/DLinear/ETTh2_100_336_336/a5ef9d1aec617125ea2f224043a7d081/DLinear_036.pt saved
2025-08-26 09:13:14,947 - easytorch-training - INFO - The estimated training finish time is 2025-08-26 09:14:29
2025-08-26 09:13:14,947 - easytorch-training - INFO - Epoch 37 / 100
2025-08-26 09:13:15,702 - easytorch-training - INFO - Result <train>: [train/time: 0.75 (s), train/lr: 7.50e-05, train/loss: 0.4324, train/MAE: 0.4324, train/MSE: 0.5873]
2025-08-26 09:13:15,702 - easytorch-training - INFO - Start validation.
2025-08-26 09:13:15,896 - easytorch-training - INFO - Result <val>: [val/time: 0.19 (s), val/loss: 0.4254, val/MAE: 0.4254, val/MSE: 0.3996]
2025-08-26 09:13:16,085 - easytorch-training - INFO - Result <test>: [test/time: 0.19 (s), test/loss: 0.4638, test/MAE: 0.4638, test/MSE: 0.4640]
2025-08-26 09:13:16,090 - easytorch-training - INFO - Checkpoint checkpoints/DLinear/ETTh2_100_336_336/a5ef9d1aec617125ea2f224043a7d081/DLinear_037.pt saved
2025-08-26 09:13:16,090 - easytorch-training - INFO - The estimated training finish time is 2025-08-26 09:14:29
2025-08-26 09:13:16,090 - easytorch-training - INFO - Epoch 38 / 100
2025-08-26 09:13:16,858 - easytorch-training - INFO - Result <train>: [train/time: 0.77 (s), train/lr: 7.50e-05, train/loss: 0.4323, train/MAE: 0.4323, train/MSE: 0.5868]
2025-08-26 09:13:16,858 - easytorch-training - INFO - Start validation.
2025-08-26 09:13:17,046 - easytorch-training - INFO - Result <val>: [val/time: 0.19 (s), val/loss: 0.4210, val/MAE: 0.4210, val/MSE: 0.3933]
2025-08-26 09:13:17,234 - easytorch-training - INFO - Result <test>: [test/time: 0.19 (s), test/loss: 0.4559, test/MAE: 0.4559, test/MSE: 0.4505]
2025-08-26 09:13:17,241 - easytorch-training - INFO - Checkpoint checkpoints/DLinear/ETTh2_100_336_336/a5ef9d1aec617125ea2f224043a7d081/DLinear_038.pt saved
2025-08-26 09:13:17,241 - easytorch-training - INFO - The estimated training finish time is 2025-08-26 09:14:29
2025-08-26 09:13:17,241 - easytorch-training - INFO - Epoch 39 / 100
2025-08-26 09:13:17,991 - easytorch-training - INFO - Result <train>: [train/time: 0.75 (s), train/lr: 7.50e-05, train/loss: 0.4323, train/MAE: 0.4323, train/MSE: 0.5877]
2025-08-26 09:13:17,991 - easytorch-training - INFO - Start validation.
2025-08-26 09:13:18,185 - easytorch-training - INFO - Result <val>: [val/time: 0.19 (s), val/loss: 0.4215, val/MAE: 0.4215, val/MSE: 0.3932]
2025-08-26 09:13:18,371 - easytorch-training - INFO - Result <test>: [test/time: 0.18 (s), test/loss: 0.4526, test/MAE: 0.4526, test/MSE: 0.4444]
2025-08-26 09:13:18,376 - easytorch-training - INFO - Checkpoint checkpoints/DLinear/ETTh2_100_336_336/a5ef9d1aec617125ea2f224043a7d081/DLinear_039.pt saved
2025-08-26 09:13:18,377 - easytorch-training - INFO - The estimated training finish time is 2025-08-26 09:14:29
2025-08-26 09:13:18,377 - easytorch-training - INFO - Epoch 40 / 100
2025-08-26 09:13:19,113 - easytorch-training - INFO - Result <train>: [train/time: 0.74 (s), train/lr: 7.50e-05, train/loss: 0.4323, train/MAE: 0.4323, train/MSE: 0.5872]
2025-08-26 09:13:19,114 - easytorch-training - INFO - Start validation.
2025-08-26 09:13:19,301 - easytorch-training - INFO - Result <val>: [val/time: 0.19 (s), val/loss: 0.4237, val/MAE: 0.4237, val/MSE: 0.3966]
2025-08-26 09:13:19,490 - easytorch-training - INFO - Result <test>: [test/time: 0.19 (s), test/loss: 0.4594, test/MAE: 0.4594, test/MSE: 0.4557]
2025-08-26 09:13:19,495 - easytorch-training - INFO - Checkpoint checkpoints/DLinear/ETTh2_100_336_336/a5ef9d1aec617125ea2f224043a7d081/DLinear_040.pt saved
2025-08-26 09:13:19,498 - easytorch-training - INFO - The estimated training finish time is 2025-08-26 09:14:28
2025-08-26 09:13:19,498 - easytorch-training - INFO - Epoch 41 / 100
2025-08-26 09:13:20,246 - easytorch-training - INFO - Result <train>: [train/time: 0.75 (s), train/lr: 7.50e-05, train/loss: 0.4323, train/MAE: 0.4323, train/MSE: 0.5870]
2025-08-26 09:13:20,247 - easytorch-training - INFO - Start validation.
2025-08-26 09:13:20,444 - easytorch-training - INFO - Result <val>: [val/time: 0.20 (s), val/loss: 0.4230, val/MAE: 0.4230, val/MSE: 0.3956]
2025-08-26 09:13:20,637 - easytorch-training - INFO - Result <test>: [test/time: 0.19 (s), test/loss: 0.4587, test/MAE: 0.4587, test/MSE: 0.4546]
2025-08-26 09:13:20,643 - easytorch-training - INFO - Checkpoint checkpoints/DLinear/ETTh2_100_336_336/a5ef9d1aec617125ea2f224043a7d081/DLinear_041.pt saved
2025-08-26 09:13:20,643 - easytorch-training - INFO - The estimated training finish time is 2025-08-26 09:14:28
2025-08-26 09:13:20,643 - easytorch-training - INFO - Epoch 42 / 100
2025-08-26 09:13:21,398 - easytorch-training - INFO - Result <train>: [train/time: 0.75 (s), train/lr: 7.50e-05, train/loss: 0.4323, train/MAE: 0.4323, train/MSE: 0.5868]
2025-08-26 09:13:21,399 - easytorch-training - INFO - Start validation.
2025-08-26 09:13:21,590 - easytorch-training - INFO - Result <val>: [val/time: 0.19 (s), val/loss: 0.4230, val/MAE: 0.4230, val/MSE: 0.3955]
2025-08-26 09:13:21,784 - easytorch-training - INFO - Result <test>: [test/time: 0.19 (s), test/loss: 0.4589, test/MAE: 0.4589, test/MSE: 0.4551]
2025-08-26 09:13:21,793 - easytorch-training - INFO - Checkpoint checkpoints/DLinear/ETTh2_100_336_336/a5ef9d1aec617125ea2f224043a7d081/DLinear_042.pt saved
2025-08-26 09:13:21,793 - easytorch-training - INFO - The estimated training finish time is 2025-08-26 09:14:28
2025-08-26 09:13:21,793 - easytorch-training - INFO - Epoch 43 / 100
2025-08-26 09:13:22,566 - easytorch-training - INFO - Result <train>: [train/time: 0.77 (s), train/lr: 7.50e-05, train/loss: 0.4323, train/MAE: 0.4323, train/MSE: 0.5871]
2025-08-26 09:13:22,567 - easytorch-training - INFO - Start validation.
2025-08-26 09:13:22,746 - easytorch-training - INFO - Result <val>: [val/time: 0.18 (s), val/loss: 0.4224, val/MAE: 0.4224, val/MSE: 0.3943]
2025-08-26 09:13:22,927 - easytorch-training - INFO - Result <test>: [test/time: 0.18 (s), test/loss: 0.4556, test/MAE: 0.4556, test/MSE: 0.4491]
2025-08-26 09:13:22,932 - easytorch-training - INFO - Checkpoint checkpoints/DLinear/ETTh2_100_336_336/a5ef9d1aec617125ea2f224043a7d081/DLinear_043.pt saved
2025-08-26 09:13:22,932 - easytorch-training - INFO - The estimated training finish time is 2025-08-26 09:14:28
2025-08-26 09:13:22,933 - easytorch-training - INFO - Epoch 44 / 100
2025-08-26 09:13:23,660 - easytorch-training - INFO - Result <train>: [train/time: 0.73 (s), train/lr: 7.50e-05, train/loss: 0.4323, train/MAE: 0.4323, train/MSE: 0.5873]
2025-08-26 09:13:23,661 - easytorch-training - INFO - Start validation.
2025-08-26 09:13:23,854 - easytorch-training - INFO - Result <val>: [val/time: 0.19 (s), val/loss: 0.4226, val/MAE: 0.4226, val/MSE: 0.3954]
2025-08-26 09:13:24,043 - easytorch-training - INFO - Result <test>: [test/time: 0.19 (s), test/loss: 0.4588, test/MAE: 0.4588, test/MSE: 0.4555]
2025-08-26 09:13:24,050 - easytorch-training - INFO - Checkpoint checkpoints/DLinear/ETTh2_100_336_336/a5ef9d1aec617125ea2f224043a7d081/DLinear_044.pt saved
2025-08-26 09:13:24,050 - easytorch-training - INFO - The estimated training finish time is 2025-08-26 09:14:28
2025-08-26 09:13:24,050 - easytorch-training - INFO - Epoch 45 / 100
2025-08-26 09:13:24,806 - easytorch-training - INFO - Result <train>: [train/time: 0.76 (s), train/lr: 7.50e-05, train/loss: 0.4322, train/MAE: 0.4322, train/MSE: 0.5870]
2025-08-26 09:13:24,807 - easytorch-training - INFO - Start validation.
2025-08-26 09:13:24,996 - easytorch-training - INFO - Result <val>: [val/time: 0.19 (s), val/loss: 0.4229, val/MAE: 0.4229, val/MSE: 0.3959]
2025-08-26 09:13:25,173 - easytorch-training - INFO - Result <test>: [test/time: 0.18 (s), test/loss: 0.4564, test/MAE: 0.4564, test/MSE: 0.4515]
2025-08-26 09:13:25,180 - easytorch-training - INFO - Checkpoint checkpoints/DLinear/ETTh2_100_336_336/a5ef9d1aec617125ea2f224043a7d081/DLinear_045.pt saved
2025-08-26 09:13:25,180 - easytorch-training - INFO - The estimated training finish time is 2025-08-26 09:14:28
2025-08-26 09:13:25,180 - easytorch-training - INFO - Epoch 46 / 100
2025-08-26 09:13:25,937 - easytorch-training - INFO - Result <train>: [train/time: 0.76 (s), train/lr: 7.50e-05, train/loss: 0.4323, train/MAE: 0.4323, train/MSE: 0.5868]
2025-08-26 09:13:25,938 - easytorch-training - INFO - Start validation.
2025-08-26 09:13:26,131 - easytorch-training - INFO - Result <val>: [val/time: 0.19 (s), val/loss: 0.4240, val/MAE: 0.4240, val/MSE: 0.3969]
2025-08-26 09:13:26,321 - easytorch-training - INFO - Result <test>: [test/time: 0.19 (s), test/loss: 0.4641, test/MAE: 0.4641, test/MSE: 0.4636]
2025-08-26 09:13:26,326 - easytorch-training - INFO - Checkpoint checkpoints/DLinear/ETTh2_100_336_336/a5ef9d1aec617125ea2f224043a7d081/DLinear_046.pt saved
2025-08-26 09:13:26,326 - easytorch-training - INFO - The estimated training finish time is 2025-08-26 09:14:28
2025-08-26 09:13:26,326 - easytorch-training - INFO - Epoch 47 / 100
2025-08-26 09:13:27,081 - easytorch-training - INFO - Result <train>: [train/time: 0.75 (s), train/lr: 7.50e-05, train/loss: 0.4322, train/MAE: 0.4322, train/MSE: 0.5875]
2025-08-26 09:13:27,081 - easytorch-training - INFO - Start validation.
2025-08-26 09:13:27,276 - easytorch-training - INFO - Result <val>: [val/time: 0.19 (s), val/loss: 0.4265, val/MAE: 0.4265, val/MSE: 0.3997]
2025-08-26 09:13:27,469 - easytorch-training - INFO - Result <test>: [test/time: 0.19 (s), test/loss: 0.4657, test/MAE: 0.4657, test/MSE: 0.4654]
2025-08-26 09:13:27,476 - easytorch-training - INFO - Checkpoint checkpoints/DLinear/ETTh2_100_336_336/a5ef9d1aec617125ea2f224043a7d081/DLinear_047.pt saved
2025-08-26 09:13:27,477 - easytorch-training - INFO - The estimated training finish time is 2025-08-26 09:14:28
2025-08-26 09:13:27,477 - easytorch-training - INFO - Epoch 48 / 100
2025-08-26 09:13:28,232 - easytorch-training - INFO - Result <train>: [train/time: 0.76 (s), train/lr: 7.50e-05, train/loss: 0.4322, train/MAE: 0.4322, train/MSE: 0.5867]
2025-08-26 09:13:28,233 - easytorch-training - INFO - Start validation.
2025-08-26 09:13:28,424 - easytorch-training - INFO - Result <val>: [val/time: 0.19 (s), val/loss: 0.4215, val/MAE: 0.4215, val/MSE: 0.3941]
2025-08-26 09:13:28,615 - easytorch-training - INFO - Result <test>: [test/time: 0.19 (s), test/loss: 0.4542, test/MAE: 0.4542, test/MSE: 0.4482]
2025-08-26 09:13:28,620 - easytorch-training - INFO - Checkpoint checkpoints/DLinear/ETTh2_100_336_336/a5ef9d1aec617125ea2f224043a7d081/DLinear_048.pt saved
2025-08-26 09:13:28,620 - easytorch-training - INFO - The estimated training finish time is 2025-08-26 09:14:28
2025-08-26 09:13:28,620 - easytorch-training - INFO - Epoch 49 / 100
2025-08-26 09:13:29,400 - easytorch-training - INFO - Result <train>: [train/time: 0.78 (s), train/lr: 7.50e-05, train/loss: 0.4322, train/MAE: 0.4322, train/MSE: 0.5866]
2025-08-26 09:13:29,401 - easytorch-training - INFO - Start validation.
2025-08-26 09:13:29,563 - easytorch-training - INFO - Result <val>: [val/time: 0.16 (s), val/loss: 0.4227, val/MAE: 0.4227, val/MSE: 0.3946]
2025-08-26 09:13:29,732 - easytorch-training - INFO - Result <test>: [test/time: 0.17 (s), test/loss: 0.4593, test/MAE: 0.4593, test/MSE: 0.4548]
2025-08-26 09:13:29,737 - easytorch-training - INFO - Checkpoint checkpoints/DLinear/ETTh2_100_336_336/a5ef9d1aec617125ea2f224043a7d081/DLinear_049.pt saved
2025-08-26 09:13:29,738 - easytorch-training - INFO - The estimated training finish time is 2025-08-26 09:14:28
2025-08-26 09:13:29,738 - easytorch-training - INFO - Epoch 50 / 100
2025-08-26 09:13:30,514 - easytorch-training - INFO - Result <train>: [train/time: 0.78 (s), train/lr: 7.50e-05, train/loss: 0.4322, train/MAE: 0.4322, train/MSE: 0.5873]
2025-08-26 09:13:30,514 - easytorch-training - INFO - Start validation.
2025-08-26 09:13:30,712 - easytorch-training - INFO - Result <val>: [val/time: 0.20 (s), val/loss: 0.4229, val/MAE: 0.4229, val/MSE: 0.3955]
2025-08-26 09:13:30,900 - easytorch-training - INFO - Result <test>: [test/time: 0.19 (s), test/loss: 0.4578, test/MAE: 0.4578, test/MSE: 0.4533]
2025-08-26 09:13:30,907 - easytorch-training - INFO - Checkpoint checkpoints/DLinear/ETTh2_100_336_336/a5ef9d1aec617125ea2f224043a7d081/DLinear_050.pt saved
2025-08-26 09:13:30,910 - easytorch-training - INFO - The estimated training finish time is 2025-08-26 09:14:28
2025-08-26 09:13:30,910 - easytorch-training - INFO - Epoch 51 / 100
2025-08-26 09:13:31,664 - easytorch-training - INFO - Result <train>: [train/time: 0.75 (s), train/lr: 7.50e-05, train/loss: 0.4322, train/MAE: 0.4322, train/MSE: 0.5872]
2025-08-26 09:13:31,665 - easytorch-training - INFO - Start validation.
2025-08-26 09:13:31,854 - easytorch-training - INFO - Result <val>: [val/time: 0.19 (s), val/loss: 0.4212, val/MAE: 0.4212, val/MSE: 0.3939]
2025-08-26 09:13:32,042 - easytorch-training - INFO - Result <test>: [test/time: 0.19 (s), test/loss: 0.4563, test/MAE: 0.4563, test/MSE: 0.4515]
2025-08-26 09:13:32,047 - easytorch-training - INFO - Checkpoint checkpoints/DLinear/ETTh2_100_336_336/a5ef9d1aec617125ea2f224043a7d081/DLinear_051.pt saved
2025-08-26 09:13:32,047 - easytorch-training - INFO - The estimated training finish time is 2025-08-26 09:14:28
2025-08-26 09:13:32,047 - easytorch-training - INFO - Epoch 52 / 100
2025-08-26 09:13:32,812 - easytorch-training - INFO - Result <train>: [train/time: 0.77 (s), train/lr: 7.50e-05, train/loss: 0.4322, train/MAE: 0.4322, train/MSE: 0.5872]
2025-08-26 09:13:32,814 - easytorch-training - INFO - Start validation.
2025-08-26 09:13:32,981 - easytorch-training - INFO - Result <val>: [val/time: 0.17 (s), val/loss: 0.4228, val/MAE: 0.4228, val/MSE: 0.3964]
2025-08-26 09:13:33,171 - easytorch-training - INFO - Result <test>: [test/time: 0.19 (s), test/loss: 0.4571, test/MAE: 0.4571, test/MSE: 0.4534]
2025-08-26 09:13:33,177 - easytorch-training - INFO - Checkpoint checkpoints/DLinear/ETTh2_100_336_336/a5ef9d1aec617125ea2f224043a7d081/DLinear_052.pt saved
2025-08-26 09:13:33,177 - easytorch-training - INFO - The estimated training finish time is 2025-08-26 09:14:28
2025-08-26 09:13:33,177 - easytorch-training - INFO - Epoch 53 / 100
2025-08-26 09:13:33,926 - easytorch-training - INFO - Result <train>: [train/time: 0.75 (s), train/lr: 7.50e-05, train/loss: 0.4323, train/MAE: 0.4323, train/MSE: 0.5867]
2025-08-26 09:13:33,927 - easytorch-training - INFO - Start validation.
2025-08-26 09:13:34,118 - easytorch-training - INFO - Result <val>: [val/time: 0.19 (s), val/loss: 0.4231, val/MAE: 0.4231, val/MSE: 0.3956]
2025-08-26 09:13:34,308 - easytorch-training - INFO - Result <test>: [test/time: 0.19 (s), test/loss: 0.4598, test/MAE: 0.4598, test/MSE: 0.4563]
2025-08-26 09:13:34,313 - easytorch-training - INFO - Checkpoint checkpoints/DLinear/ETTh2_100_336_336/a5ef9d1aec617125ea2f224043a7d081/DLinear_053.pt saved
2025-08-26 09:13:34,313 - easytorch-training - INFO - The estimated training finish time is 2025-08-26 09:14:28
2025-08-26 09:13:34,313 - easytorch-training - INFO - Epoch 54 / 100
2025-08-26 09:13:35,076 - easytorch-training - INFO - Result <train>: [train/time: 0.76 (s), train/lr: 7.50e-05, train/loss: 0.4322, train/MAE: 0.4322, train/MSE: 0.5874]
2025-08-26 09:13:35,077 - easytorch-training - INFO - Start validation.
2025-08-26 09:13:35,267 - easytorch-training - INFO - Result <val>: [val/time: 0.19 (s), val/loss: 0.4221, val/MAE: 0.4221, val/MSE: 0.3946]
2025-08-26 09:13:35,458 - easytorch-training - INFO - Result <test>: [test/time: 0.19 (s), test/loss: 0.4556, test/MAE: 0.4556, test/MSE: 0.4499]
2025-08-26 09:13:35,463 - easytorch-training - INFO - Checkpoint checkpoints/DLinear/ETTh2_100_336_336/a5ef9d1aec617125ea2f224043a7d081/DLinear_054.pt saved
2025-08-26 09:13:35,463 - easytorch-training - INFO - The estimated training finish time is 2025-08-26 09:14:28
2025-08-26 09:13:35,463 - easytorch-training - INFO - Epoch 55 / 100
2025-08-26 09:13:36,230 - easytorch-training - INFO - Result <train>: [train/time: 0.77 (s), train/lr: 7.50e-05, train/loss: 0.4322, train/MAE: 0.4322, train/MSE: 0.5872]
2025-08-26 09:13:36,230 - easytorch-training - INFO - Start validation.
2025-08-26 09:13:36,419 - easytorch-training - INFO - Result <val>: [val/time: 0.19 (s), val/loss: 0.4220, val/MAE: 0.4220, val/MSE: 0.3948]
2025-08-26 09:13:36,611 - easytorch-training - INFO - Result <test>: [test/time: 0.19 (s), test/loss: 0.4566, test/MAE: 0.4566, test/MSE: 0.4519]
2025-08-26 09:13:36,618 - easytorch-training - INFO - Checkpoint checkpoints/DLinear/ETTh2_100_336_336/a5ef9d1aec617125ea2f224043a7d081/DLinear_055.pt saved
2025-08-26 09:13:36,618 - easytorch-training - INFO - The estimated training finish time is 2025-08-26 09:14:28
2025-08-26 09:13:36,618 - easytorch-training - INFO - Epoch 56 / 100
2025-08-26 09:13:37,400 - easytorch-training - INFO - Result <train>: [train/time: 0.78 (s), train/lr: 7.50e-05, train/loss: 0.4322, train/MAE: 0.4322, train/MSE: 0.5870]
2025-08-26 09:13:37,401 - easytorch-training - INFO - Start validation.
2025-08-26 09:13:37,589 - easytorch-training - INFO - Result <val>: [val/time: 0.19 (s), val/loss: 0.4234, val/MAE: 0.4234, val/MSE: 0.3958]
2025-08-26 09:13:37,778 - easytorch-training - INFO - Result <test>: [test/time: 0.19 (s), test/loss: 0.4582, test/MAE: 0.4582, test/MSE: 0.4533]
2025-08-26 09:13:37,786 - easytorch-training - INFO - Checkpoint checkpoints/DLinear/ETTh2_100_336_336/a5ef9d1aec617125ea2f224043a7d081/DLinear_056.pt saved
2025-08-26 09:13:37,786 - easytorch-training - INFO - The estimated training finish time is 2025-08-26 09:14:28
2025-08-26 09:13:37,786 - easytorch-training - INFO - Epoch 57 / 100
2025-08-26 09:13:38,541 - easytorch-training - INFO - Result <train>: [train/time: 0.76 (s), train/lr: 7.50e-05, train/loss: 0.4323, train/MAE: 0.4323, train/MSE: 0.5869]
2025-08-26 09:13:38,542 - easytorch-training - INFO - Start validation.
2025-08-26 09:13:38,730 - easytorch-training - INFO - Result <val>: [val/time: 0.19 (s), val/loss: 0.4230, val/MAE: 0.4230, val/MSE: 0.3959]
2025-08-26 09:13:38,931 - easytorch-training - INFO - Result <test>: [test/time: 0.20 (s), test/loss: 0.4582, test/MAE: 0.4582, test/MSE: 0.4542]
2025-08-26 09:13:38,936 - easytorch-training - INFO - Checkpoint checkpoints/DLinear/ETTh2_100_336_336/a5ef9d1aec617125ea2f224043a7d081/DLinear_057.pt saved
2025-08-26 09:13:38,936 - easytorch-training - INFO - The estimated training finish time is 2025-08-26 09:14:28
2025-08-26 09:13:38,936 - easytorch-training - INFO - Epoch 58 / 100
2025-08-26 09:13:39,696 - easytorch-training - INFO - Result <train>: [train/time: 0.76 (s), train/lr: 7.50e-05, train/loss: 0.4321, train/MAE: 0.4321, train/MSE: 0.5872]
2025-08-26 09:13:39,696 - easytorch-training - INFO - Start validation.
2025-08-26 09:13:39,885 - easytorch-training - INFO - Result <val>: [val/time: 0.19 (s), val/loss: 0.4230, val/MAE: 0.4230, val/MSE: 0.3956]
2025-08-26 09:13:40,072 - easytorch-training - INFO - Result <test>: [test/time: 0.19 (s), test/loss: 0.4585, test/MAE: 0.4585, test/MSE: 0.4539]
2025-08-26 09:13:40,080 - easytorch-training - INFO - Checkpoint checkpoints/DLinear/ETTh2_100_336_336/a5ef9d1aec617125ea2f224043a7d081/DLinear_058.pt saved
2025-08-26 09:13:40,080 - easytorch-training - INFO - The estimated training finish time is 2025-08-26 09:14:28
2025-08-26 09:13:40,080 - easytorch-training - INFO - Epoch 59 / 100
2025-08-26 09:13:40,821 - easytorch-training - INFO - Result <train>: [train/time: 0.74 (s), train/lr: 7.50e-05, train/loss: 0.4323, train/MAE: 0.4323, train/MSE: 0.5868]
2025-08-26 09:13:40,822 - easytorch-training - INFO - Start validation.
2025-08-26 09:13:41,022 - easytorch-training - INFO - Result <val>: [val/time: 0.20 (s), val/loss: 0.4236, val/MAE: 0.4236, val/MSE: 0.3967]
2025-08-26 09:13:41,213 - easytorch-training - INFO - Result <test>: [test/time: 0.19 (s), test/loss: 0.4566, test/MAE: 0.4566, test/MSE: 0.4517]
2025-08-26 09:13:41,218 - easytorch-training - INFO - Checkpoint checkpoints/DLinear/ETTh2_100_336_336/a5ef9d1aec617125ea2f224043a7d081/DLinear_059.pt saved
2025-08-26 09:13:41,218 - easytorch-training - INFO - The estimated training finish time is 2025-08-26 09:14:28
2025-08-26 09:13:41,218 - easytorch-training - INFO - Epoch 60 / 100
2025-08-26 09:13:41,966 - easytorch-training - INFO - Result <train>: [train/time: 0.75 (s), train/lr: 7.50e-05, train/loss: 0.4322, train/MAE: 0.4322, train/MSE: 0.5873]
2025-08-26 09:13:41,967 - easytorch-training - INFO - Start validation.
2025-08-26 09:13:42,157 - easytorch-training - INFO - Result <val>: [val/time: 0.19 (s), val/loss: 0.4258, val/MAE: 0.4258, val/MSE: 0.3994]
2025-08-26 09:13:42,346 - easytorch-training - INFO - Result <test>: [test/time: 0.19 (s), test/loss: 0.4641, test/MAE: 0.4641, test/MSE: 0.4631]
2025-08-26 09:13:42,351 - easytorch-training - INFO - Checkpoint checkpoints/DLinear/ETTh2_100_336_336/a5ef9d1aec617125ea2f224043a7d081/DLinear_060.pt saved
2025-08-26 09:13:42,355 - easytorch-training - INFO - The estimated training finish time is 2025-08-26 09:14:28
2025-08-26 09:13:42,355 - easytorch-training - INFO - Epoch 61 / 100
2025-08-26 09:13:43,103 - easytorch-training - INFO - Result <train>: [train/time: 0.75 (s), train/lr: 7.50e-05, train/loss: 0.4322, train/MAE: 0.4322, train/MSE: 0.5862]
2025-08-26 09:13:43,103 - easytorch-training - INFO - Start validation.
2025-08-26 09:13:43,293 - easytorch-training - INFO - Result <val>: [val/time: 0.19 (s), val/loss: 0.4241, val/MAE: 0.4241, val/MSE: 0.3969]
2025-08-26 09:13:43,482 - easytorch-training - INFO - Result <test>: [test/time: 0.19 (s), test/loss: 0.4632, test/MAE: 0.4632, test/MSE: 0.4621]
2025-08-26 09:13:43,487 - easytorch-training - INFO - Checkpoint checkpoints/DLinear/ETTh2_100_336_336/a5ef9d1aec617125ea2f224043a7d081/DLinear_061.pt saved
2025-08-26 09:13:43,487 - easytorch-training - INFO - The estimated training finish time is 2025-08-26 09:14:28
2025-08-26 09:13:43,487 - easytorch-training - INFO - Epoch 62 / 100
2025-08-26 09:13:44,261 - easytorch-training - INFO - Result <train>: [train/time: 0.77 (s), train/lr: 7.50e-05, train/loss: 0.4322, train/MAE: 0.4322, train/MSE: 0.5874]
2025-08-26 09:13:44,261 - easytorch-training - INFO - Start validation.
2025-08-26 09:13:44,454 - easytorch-training - INFO - Result <val>: [val/time: 0.19 (s), val/loss: 0.4238, val/MAE: 0.4238, val/MSE: 0.3970]
2025-08-26 09:13:44,646 - easytorch-training - INFO - Result <test>: [test/time: 0.19 (s), test/loss: 0.4625, test/MAE: 0.4625, test/MSE: 0.4616]
2025-08-26 09:13:44,653 - easytorch-training - INFO - Checkpoint checkpoints/DLinear/ETTh2_100_336_336/a5ef9d1aec617125ea2f224043a7d081/DLinear_062.pt saved
2025-08-26 09:13:44,653 - easytorch-training - INFO - The estimated training finish time is 2025-08-26 09:14:28
2025-08-26 09:13:44,653 - easytorch-training - INFO - Epoch 63 / 100
2025-08-26 09:13:45,403 - easytorch-training - INFO - Result <train>: [train/time: 0.75 (s), train/lr: 7.50e-05, train/loss: 0.4322, train/MAE: 0.4322, train/MSE: 0.5871]
2025-08-26 09:13:45,403 - easytorch-training - INFO - Start validation.
2025-08-26 09:13:45,591 - easytorch-training - INFO - Result <val>: [val/time: 0.19 (s), val/loss: 0.4240, val/MAE: 0.4240, val/MSE: 0.3963]
2025-08-26 09:13:45,783 - easytorch-training - INFO - Result <test>: [test/time: 0.19 (s), test/loss: 0.4637, test/MAE: 0.4637, test/MSE: 0.4621]
2025-08-26 09:13:45,788 - easytorch-training - INFO - Checkpoint checkpoints/DLinear/ETTh2_100_336_336/a5ef9d1aec617125ea2f224043a7d081/DLinear_063.pt saved
2025-08-26 09:13:45,788 - easytorch-training - INFO - The estimated training finish time is 2025-08-26 09:14:28
2025-08-26 09:13:45,788 - easytorch-training - INFO - Epoch 64 / 100
2025-08-26 09:13:46,541 - easytorch-training - INFO - Result <train>: [train/time: 0.75 (s), train/lr: 7.50e-05, train/loss: 0.4323, train/MAE: 0.4323, train/MSE: 0.5868]
2025-08-26 09:13:46,542 - easytorch-training - INFO - Start validation.
2025-08-26 09:13:46,731 - easytorch-training - INFO - Result <val>: [val/time: 0.19 (s), val/loss: 0.4222, val/MAE: 0.4222, val/MSE: 0.3949]
2025-08-26 09:13:46,920 - easytorch-training - INFO - Result <test>: [test/time: 0.19 (s), test/loss: 0.4571, test/MAE: 0.4571, test/MSE: 0.4529]
2025-08-26 09:13:46,926 - easytorch-training - INFO - Checkpoint checkpoints/DLinear/ETTh2_100_336_336/a5ef9d1aec617125ea2f224043a7d081/DLinear_064.pt saved
2025-08-26 09:13:46,926 - easytorch-training - INFO - The estimated training finish time is 2025-08-26 09:14:28
2025-08-26 09:13:46,926 - easytorch-training - INFO - Epoch 65 / 100
2025-08-26 09:13:47,675 - easytorch-training - INFO - Result <train>: [train/time: 0.75 (s), train/lr: 7.50e-05, train/loss: 0.4322, train/MAE: 0.4322, train/MSE: 0.5872]
2025-08-26 09:13:47,676 - easytorch-training - INFO - Start validation.
2025-08-26 09:13:47,872 - easytorch-training - INFO - Result <val>: [val/time: 0.20 (s), val/loss: 0.4242, val/MAE: 0.4242, val/MSE: 0.3983]
2025-08-26 09:13:48,060 - easytorch-training - INFO - Result <test>: [test/time: 0.19 (s), test/loss: 0.4638, test/MAE: 0.4638, test/MSE: 0.4646]
2025-08-26 09:13:48,066 - easytorch-training - INFO - Checkpoint checkpoints/DLinear/ETTh2_100_336_336/a5ef9d1aec617125ea2f224043a7d081/DLinear_065.pt saved
2025-08-26 09:13:48,066 - easytorch-training - INFO - The estimated training finish time is 2025-08-26 09:14:28
2025-08-26 09:13:48,066 - easytorch-training - INFO - Epoch 66 / 100
2025-08-26 09:13:48,826 - easytorch-training - INFO - Result <train>: [train/time: 0.76 (s), train/lr: 7.50e-05, train/loss: 0.4322, train/MAE: 0.4322, train/MSE: 0.5873]
2025-08-26 09:13:48,827 - easytorch-training - INFO - Start validation.
2025-08-26 09:13:49,019 - easytorch-training - INFO - Result <val>: [val/time: 0.19 (s), val/loss: 0.4228, val/MAE: 0.4228, val/MSE: 0.3958]
2025-08-26 09:13:49,214 - easytorch-training - INFO - Result <test>: [test/time: 0.19 (s), test/loss: 0.4591, test/MAE: 0.4591, test/MSE: 0.4560]
2025-08-26 09:13:49,219 - easytorch-training - INFO - Checkpoint checkpoints/DLinear/ETTh2_100_336_336/a5ef9d1aec617125ea2f224043a7d081/DLinear_066.pt saved
2025-08-26 09:13:49,219 - easytorch-training - INFO - The estimated training finish time is 2025-08-26 09:14:28
2025-08-26 09:13:49,219 - easytorch-training - INFO - Epoch 67 / 100
2025-08-26 09:13:49,959 - easytorch-training - INFO - Result <train>: [train/time: 0.74 (s), train/lr: 7.50e-05, train/loss: 0.4322, train/MAE: 0.4322, train/MSE: 0.5869]
2025-08-26 09:13:49,959 - easytorch-training - INFO - Start validation.
2025-08-26 09:13:50,147 - easytorch-training - INFO - Result <val>: [val/time: 0.19 (s), val/loss: 0.4214, val/MAE: 0.4214, val/MSE: 0.3936]
2025-08-26 09:13:50,337 - easytorch-training - INFO - Result <test>: [test/time: 0.19 (s), test/loss: 0.4558, test/MAE: 0.4558, test/MSE: 0.4502]
2025-08-26 09:13:50,343 - easytorch-training - INFO - Checkpoint checkpoints/DLinear/ETTh2_100_336_336/a5ef9d1aec617125ea2f224043a7d081/DLinear_067.pt saved
2025-08-26 09:13:50,344 - easytorch-training - INFO - The estimated training finish time is 2025-08-26 09:14:28
2025-08-26 09:13:50,344 - easytorch-training - INFO - Epoch 68 / 100
2025-08-26 09:13:51,090 - easytorch-training - INFO - Result <train>: [train/time: 0.75 (s), train/lr: 7.50e-05, train/loss: 0.4322, train/MAE: 0.4322, train/MSE: 0.5870]
2025-08-26 09:13:51,091 - easytorch-training - INFO - Start validation.
2025-08-26 09:13:51,284 - easytorch-training - INFO - Result <val>: [val/time: 0.19 (s), val/loss: 0.4198, val/MAE: 0.4198, val/MSE: 0.3924]
2025-08-26 09:13:51,289 - easytorch-training - INFO - Checkpoint checkpoints/DLinear/ETTh2_100_336_336/a5ef9d1aec617125ea2f224043a7d081/DLinear_best_val_MAE.pt saved
2025-08-26 09:13:51,482 - easytorch-training - INFO - Result <test>: [test/time: 0.19 (s), test/loss: 0.4546, test/MAE: 0.4546, test/MSE: 0.4494]
2025-08-26 09:13:51,487 - easytorch-training - INFO - Checkpoint checkpoints/DLinear/ETTh2_100_336_336/a5ef9d1aec617125ea2f224043a7d081/DLinear_068.pt saved
2025-08-26 09:13:51,487 - easytorch-training - INFO - The estimated training finish time is 2025-08-26 09:14:28
2025-08-26 09:13:51,488 - easytorch-training - INFO - Epoch 69 / 100
2025-08-26 09:13:52,259 - easytorch-training - INFO - Result <train>: [train/time: 0.77 (s), train/lr: 7.50e-05, train/loss: 0.4322, train/MAE: 0.4322, train/MSE: 0.5875]
2025-08-26 09:13:52,260 - easytorch-training - INFO - Start validation.
2025-08-26 09:13:52,449 - easytorch-training - INFO - Result <val>: [val/time: 0.19 (s), val/loss: 0.4246, val/MAE: 0.4246, val/MSE: 0.3973]
2025-08-26 09:13:52,637 - easytorch-training - INFO - Result <test>: [test/time: 0.19 (s), test/loss: 0.4620, test/MAE: 0.4620, test/MSE: 0.4594]
2025-08-26 09:13:52,643 - easytorch-training - INFO - Checkpoint checkpoints/DLinear/ETTh2_100_336_336/a5ef9d1aec617125ea2f224043a7d081/DLinear_069.pt saved
2025-08-26 09:13:52,643 - easytorch-training - INFO - The estimated training finish time is 2025-08-26 09:14:28
2025-08-26 09:13:52,643 - easytorch-training - INFO - Epoch 70 / 100
2025-08-26 09:13:53,410 - easytorch-training - INFO - Result <train>: [train/time: 0.77 (s), train/lr: 7.50e-05, train/loss: 0.4321, train/MAE: 0.4321, train/MSE: 0.5863]
2025-08-26 09:13:53,411 - easytorch-training - INFO - Start validation.
2025-08-26 09:13:53,609 - easytorch-training - INFO - Result <val>: [val/time: 0.20 (s), val/loss: 0.4222, val/MAE: 0.4222, val/MSE: 0.3949]
2025-08-26 09:13:53,799 - easytorch-training - INFO - Result <test>: [test/time: 0.19 (s), test/loss: 0.4600, test/MAE: 0.4600, test/MSE: 0.4572]
2025-08-26 09:13:53,804 - easytorch-training - INFO - Checkpoint checkpoints/DLinear/ETTh2_100_336_336/a5ef9d1aec617125ea2f224043a7d081/DLinear_070.pt saved
2025-08-26 09:13:53,807 - easytorch-training - INFO - The estimated training finish time is 2025-08-26 09:14:28
2025-08-26 09:13:53,807 - easytorch-training - INFO - Epoch 71 / 100
2025-08-26 09:13:54,563 - easytorch-training - INFO - Result <train>: [train/time: 0.76 (s), train/lr: 7.50e-05, train/loss: 0.4322, train/MAE: 0.4322, train/MSE: 0.5877]
2025-08-26 09:13:54,564 - easytorch-training - INFO - Start validation.
2025-08-26 09:13:54,750 - easytorch-training - INFO - Result <val>: [val/time: 0.19 (s), val/loss: 0.4248, val/MAE: 0.4248, val/MSE: 0.3976]
2025-08-26 09:13:54,939 - easytorch-training - INFO - Result <test>: [test/time: 0.19 (s), test/loss: 0.4627, test/MAE: 0.4627, test/MSE: 0.4606]
2025-08-26 09:13:54,945 - easytorch-training - INFO - Checkpoint checkpoints/DLinear/ETTh2_100_336_336/a5ef9d1aec617125ea2f224043a7d081/DLinear_071.pt saved
2025-08-26 09:13:54,946 - easytorch-training - INFO - The estimated training finish time is 2025-08-26 09:14:28
2025-08-26 09:13:54,946 - easytorch-training - INFO - Epoch 72 / 100
2025-08-26 09:13:55,705 - easytorch-training - INFO - Result <train>: [train/time: 0.76 (s), train/lr: 7.50e-05, train/loss: 0.4322, train/MAE: 0.4322, train/MSE: 0.5872]
2025-08-26 09:13:55,706 - easytorch-training - INFO - Start validation.
2025-08-26 09:13:55,895 - easytorch-training - INFO - Result <val>: [val/time: 0.19 (s), val/loss: 0.4238, val/MAE: 0.4238, val/MSE: 0.3969]
2025-08-26 09:13:56,085 - easytorch-training - INFO - Result <test>: [test/time: 0.19 (s), test/loss: 0.4600, test/MAE: 0.4600, test/MSE: 0.4571]
2025-08-26 09:13:56,090 - easytorch-training - INFO - Checkpoint checkpoints/DLinear/ETTh2_100_336_336/a5ef9d1aec617125ea2f224043a7d081/DLinear_072.pt saved
2025-08-26 09:13:56,090 - easytorch-training - INFO - The estimated training finish time is 2025-08-26 09:14:28
2025-08-26 09:13:56,090 - easytorch-training - INFO - Epoch 73 / 100
2025-08-26 09:13:56,858 - easytorch-training - INFO - Result <train>: [train/time: 0.77 (s), train/lr: 7.50e-05, train/loss: 0.4322, train/MAE: 0.4322, train/MSE: 0.5869]
2025-08-26 09:13:56,858 - easytorch-training - INFO - Start validation.
2025-08-26 09:13:57,042 - easytorch-training - INFO - Result <val>: [val/time: 0.18 (s), val/loss: 0.4240, val/MAE: 0.4240, val/MSE: 0.3964]
2025-08-26 09:13:57,220 - easytorch-training - INFO - Result <test>: [test/time: 0.18 (s), test/loss: 0.4586, test/MAE: 0.4586, test/MSE: 0.4537]
2025-08-26 09:13:57,226 - easytorch-training - INFO - Checkpoint checkpoints/DLinear/ETTh2_100_336_336/a5ef9d1aec617125ea2f224043a7d081/DLinear_073.pt saved
2025-08-26 09:13:57,226 - easytorch-training - INFO - The estimated training finish time is 2025-08-26 09:14:28
2025-08-26 09:13:57,226 - easytorch-training - INFO - Epoch 74 / 100
2025-08-26 09:13:57,996 - easytorch-training - INFO - Result <train>: [train/time: 0.77 (s), train/lr: 7.50e-05, train/loss: 0.4322, train/MAE: 0.4322, train/MSE: 0.5865]
2025-08-26 09:13:57,997 - easytorch-training - INFO - Start validation.
2025-08-26 09:13:58,185 - easytorch-training - INFO - Result <val>: [val/time: 0.19 (s), val/loss: 0.4230, val/MAE: 0.4230, val/MSE: 0.3965]
2025-08-26 09:13:58,375 - easytorch-training - INFO - Result <test>: [test/time: 0.19 (s), test/loss: 0.4586, test/MAE: 0.4586, test/MSE: 0.4557]
2025-08-26 09:13:58,382 - easytorch-training - INFO - Checkpoint checkpoints/DLinear/ETTh2_100_336_336/a5ef9d1aec617125ea2f224043a7d081/DLinear_074.pt saved
2025-08-26 09:13:58,382 - easytorch-training - INFO - The estimated training finish time is 2025-08-26 09:14:28
2025-08-26 09:13:58,382 - easytorch-training - INFO - Epoch 75 / 100
2025-08-26 09:13:59,152 - easytorch-training - INFO - Result <train>: [train/time: 0.77 (s), train/lr: 7.50e-05, train/loss: 0.4322, train/MAE: 0.4322, train/MSE: 0.5869]
2025-08-26 09:13:59,153 - easytorch-training - INFO - Start validation.
2025-08-26 09:13:59,343 - easytorch-training - INFO - Result <val>: [val/time: 0.19 (s), val/loss: 0.4246, val/MAE: 0.4246, val/MSE: 0.3974]
2025-08-26 09:13:59,532 - easytorch-training - INFO - Result <test>: [test/time: 0.19 (s), test/loss: 0.4609, test/MAE: 0.4609, test/MSE: 0.4583]
2025-08-26 09:13:59,541 - easytorch-training - INFO - Checkpoint checkpoints/DLinear/ETTh2_100_336_336/a5ef9d1aec617125ea2f224043a7d081/DLinear_075.pt saved
2025-08-26 09:13:59,542 - easytorch-training - INFO - The estimated training finish time is 2025-08-26 09:14:28
2025-08-26 09:13:59,542 - easytorch-training - INFO - Epoch 76 / 100
2025-08-26 09:14:00,297 - easytorch-training - INFO - Result <train>: [train/time: 0.75 (s), train/lr: 7.50e-05, train/loss: 0.4322, train/MAE: 0.4322, train/MSE: 0.5872]
2025-08-26 09:14:00,299 - easytorch-training - INFO - Start validation.
2025-08-26 09:14:00,488 - easytorch-training - INFO - Result <val>: [val/time: 0.19 (s), val/loss: 0.4234, val/MAE: 0.4234, val/MSE: 0.3965]
2025-08-26 09:14:00,676 - easytorch-training - INFO - Result <test>: [test/time: 0.19 (s), test/loss: 0.4592, test/MAE: 0.4592, test/MSE: 0.4560]
2025-08-26 09:14:00,681 - easytorch-training - INFO - Checkpoint checkpoints/DLinear/ETTh2_100_336_336/a5ef9d1aec617125ea2f224043a7d081/DLinear_076.pt saved
2025-08-26 09:14:00,682 - easytorch-training - INFO - The estimated training finish time is 2025-08-26 09:14:28
2025-08-26 09:14:00,682 - easytorch-training - INFO - Epoch 77 / 100
2025-08-26 09:14:01,459 - easytorch-training - INFO - Result <train>: [train/time: 0.78 (s), train/lr: 7.50e-05, train/loss: 0.4322, train/MAE: 0.4322, train/MSE: 0.5866]
2025-08-26 09:14:01,460 - easytorch-training - INFO - Start validation.
2025-08-26 09:14:01,658 - easytorch-training - INFO - Result <val>: [val/time: 0.20 (s), val/loss: 0.4219, val/MAE: 0.4219, val/MSE: 0.3941]
2025-08-26 09:14:01,853 - easytorch-training - INFO - Result <test>: [test/time: 0.19 (s), test/loss: 0.4570, test/MAE: 0.4570, test/MSE: 0.4519]
2025-08-26 09:14:01,859 - easytorch-training - INFO - Checkpoint checkpoints/DLinear/ETTh2_100_336_336/a5ef9d1aec617125ea2f224043a7d081/DLinear_077.pt saved
2025-08-26 09:14:01,859 - easytorch-training - INFO - The estimated training finish time is 2025-08-26 09:14:28
2025-08-26 09:14:01,859 - easytorch-training - INFO - Epoch 78 / 100
2025-08-26 09:14:02,600 - easytorch-training - INFO - Result <train>: [train/time: 0.74 (s), train/lr: 7.50e-05, train/loss: 0.4321, train/MAE: 0.4321, train/MSE: 0.5877]
2025-08-26 09:14:02,601 - easytorch-training - INFO - Start validation.
2025-08-26 09:14:02,793 - easytorch-training - INFO - Result <val>: [val/time: 0.19 (s), val/loss: 0.4227, val/MAE: 0.4227, val/MSE: 0.3951]
2025-08-26 09:14:02,989 - easytorch-training - INFO - Result <test>: [test/time: 0.20 (s), test/loss: 0.4568, test/MAE: 0.4568, test/MSE: 0.4516]
2025-08-26 09:14:02,994 - easytorch-training - INFO - Checkpoint checkpoints/DLinear/ETTh2_100_336_336/a5ef9d1aec617125ea2f224043a7d081/DLinear_078.pt saved
2025-08-26 09:14:02,995 - easytorch-training - INFO - The estimated training finish time is 2025-08-26 09:14:28
2025-08-26 09:14:02,995 - easytorch-training - INFO - Epoch 79 / 100
2025-08-26 09:14:03,757 - easytorch-training - INFO - Result <train>: [train/time: 0.76 (s), train/lr: 7.50e-05, train/loss: 0.4321, train/MAE: 0.4321, train/MSE: 0.5870]
2025-08-26 09:14:03,757 - easytorch-training - INFO - Start validation.
2025-08-26 09:14:03,949 - easytorch-training - INFO - Result <val>: [val/time: 0.19 (s), val/loss: 0.4242, val/MAE: 0.4242, val/MSE: 0.3973]
2025-08-26 09:14:04,138 - easytorch-training - INFO - Result <test>: [test/time: 0.19 (s), test/loss: 0.4637, test/MAE: 0.4637, test/MSE: 0.4631]
2025-08-26 09:14:04,143 - easytorch-training - INFO - Checkpoint checkpoints/DLinear/ETTh2_100_336_336/a5ef9d1aec617125ea2f224043a7d081/DLinear_079.pt saved
2025-08-26 09:14:04,143 - easytorch-training - INFO - The estimated training finish time is 2025-08-26 09:14:28
2025-08-26 09:14:04,143 - easytorch-training - INFO - Epoch 80 / 100
2025-08-26 09:14:04,915 - easytorch-training - INFO - Result <train>: [train/time: 0.77 (s), train/lr: 7.50e-05, train/loss: 0.4321, train/MAE: 0.4321, train/MSE: 0.5871]
2025-08-26 09:14:04,916 - easytorch-training - INFO - Start validation.
2025-08-26 09:14:05,106 - easytorch-training - INFO - Result <val>: [val/time: 0.19 (s), val/loss: 0.4236, val/MAE: 0.4236, val/MSE: 0.3964]
2025-08-26 09:14:05,297 - easytorch-training - INFO - Result <test>: [test/time: 0.19 (s), test/loss: 0.4575, test/MAE: 0.4575, test/MSE: 0.4527]
2025-08-26 09:14:05,304 - easytorch-training - INFO - Checkpoint checkpoints/DLinear/ETTh2_100_336_336/a5ef9d1aec617125ea2f224043a7d081/DLinear_080.pt saved
2025-08-26 09:14:05,308 - easytorch-training - INFO - The estimated training finish time is 2025-08-26 09:14:28
2025-08-26 09:14:05,308 - easytorch-training - INFO - Epoch 81 / 100
2025-08-26 09:14:06,094 - easytorch-training - INFO - Result <train>: [train/time: 0.79 (s), train/lr: 7.50e-05, train/loss: 0.4321, train/MAE: 0.4321, train/MSE: 0.5868]
2025-08-26 09:14:06,095 - easytorch-training - INFO - Start validation.
2025-08-26 09:14:06,286 - easytorch-training - INFO - Result <val>: [val/time: 0.19 (s), val/loss: 0.4232, val/MAE: 0.4232, val/MSE: 0.3964]
2025-08-26 09:14:06,477 - easytorch-training - INFO - Result <test>: [test/time: 0.19 (s), test/loss: 0.4621, test/MAE: 0.4621, test/MSE: 0.4608]
2025-08-26 09:14:06,485 - easytorch-training - INFO - Checkpoint checkpoints/DLinear/ETTh2_100_336_336/a5ef9d1aec617125ea2f224043a7d081/DLinear_081.pt saved
2025-08-26 09:14:06,485 - easytorch-training - INFO - The estimated training finish time is 2025-08-26 09:14:28
2025-08-26 09:14:06,485 - easytorch-training - INFO - Epoch 82 / 100
2025-08-26 09:14:07,271 - easytorch-training - INFO - Result <train>: [train/time: 0.79 (s), train/lr: 7.50e-05, train/loss: 0.4321, train/MAE: 0.4321, train/MSE: 0.5869]
2025-08-26 09:14:07,272 - easytorch-training - INFO - Start validation.
2025-08-26 09:14:07,463 - easytorch-training - INFO - Result <val>: [val/time: 0.19 (s), val/loss: 0.4227, val/MAE: 0.4227, val/MSE: 0.3955]
2025-08-26 09:14:07,650 - easytorch-training - INFO - Result <test>: [test/time: 0.19 (s), test/loss: 0.4601, test/MAE: 0.4601, test/MSE: 0.4571]
2025-08-26 09:14:07,655 - easytorch-training - INFO - Checkpoint checkpoints/DLinear/ETTh2_100_336_336/a5ef9d1aec617125ea2f224043a7d081/DLinear_082.pt saved
2025-08-26 09:14:07,655 - easytorch-training - INFO - The estimated training finish time is 2025-08-26 09:14:28
2025-08-26 09:14:07,656 - easytorch-training - INFO - Epoch 83 / 100
2025-08-26 09:14:08,422 - easytorch-training - INFO - Result <train>: [train/time: 0.77 (s), train/lr: 7.50e-05, train/loss: 0.4322, train/MAE: 0.4322, train/MSE: 0.5872]
2025-08-26 09:14:08,423 - easytorch-training - INFO - Start validation.
2025-08-26 09:14:08,592 - easytorch-training - INFO - Result <val>: [val/time: 0.17 (s), val/loss: 0.4232, val/MAE: 0.4232, val/MSE: 0.3959]
2025-08-26 09:14:08,758 - easytorch-training - INFO - Result <test>: [test/time: 0.17 (s), test/loss: 0.4588, test/MAE: 0.4588, test/MSE: 0.4549]
2025-08-26 09:14:08,766 - easytorch-training - INFO - Checkpoint checkpoints/DLinear/ETTh2_100_336_336/a5ef9d1aec617125ea2f224043a7d081/DLinear_083.pt saved
2025-08-26 09:14:08,766 - easytorch-training - INFO - The estimated training finish time is 2025-08-26 09:14:28
2025-08-26 09:14:08,766 - easytorch-training - INFO - Epoch 84 / 100
2025-08-26 09:14:09,506 - easytorch-training - INFO - Result <train>: [train/time: 0.74 (s), train/lr: 7.50e-05, train/loss: 0.4321, train/MAE: 0.4321, train/MSE: 0.5873]
2025-08-26 09:14:09,507 - easytorch-training - INFO - Start validation.
2025-08-26 09:14:09,696 - easytorch-training - INFO - Result <val>: [val/time: 0.19 (s), val/loss: 0.4266, val/MAE: 0.4266, val/MSE: 0.4004]
2025-08-26 09:14:09,892 - easytorch-training - INFO - Result <test>: [test/time: 0.20 (s), test/loss: 0.4663, test/MAE: 0.4663, test/MSE: 0.4671]
2025-08-26 09:14:09,897 - easytorch-training - INFO - Checkpoint checkpoints/DLinear/ETTh2_100_336_336/a5ef9d1aec617125ea2f224043a7d081/DLinear_084.pt saved
2025-08-26 09:14:09,898 - easytorch-training - INFO - The estimated training finish time is 2025-08-26 09:14:28
2025-08-26 09:14:09,898 - easytorch-training - INFO - Epoch 85 / 100
2025-08-26 09:14:10,646 - easytorch-training - INFO - Result <train>: [train/time: 0.75 (s), train/lr: 7.50e-05, train/loss: 0.4322, train/MAE: 0.4322, train/MSE: 0.5869]
2025-08-26 09:14:10,646 - easytorch-training - INFO - Start validation.
2025-08-26 09:14:10,840 - easytorch-training - INFO - Result <val>: [val/time: 0.19 (s), val/loss: 0.4214, val/MAE: 0.4214, val/MSE: 0.3933]
2025-08-26 09:14:11,032 - easytorch-training - INFO - Result <test>: [test/time: 0.19 (s), test/loss: 0.4544, test/MAE: 0.4544, test/MSE: 0.4473]
2025-08-26 09:14:11,036 - easytorch-training - INFO - Checkpoint checkpoints/DLinear/ETTh2_100_336_336/a5ef9d1aec617125ea2f224043a7d081/DLinear_085.pt saved
2025-08-26 09:14:11,036 - easytorch-training - INFO - The estimated training finish time is 2025-08-26 09:14:28
2025-08-26 09:14:11,036 - easytorch-training - INFO - Epoch 86 / 100
2025-08-26 09:14:11,777 - easytorch-training - INFO - Result <train>: [train/time: 0.74 (s), train/lr: 7.50e-05, train/loss: 0.4322, train/MAE: 0.4322, train/MSE: 0.5869]
2025-08-26 09:14:11,778 - easytorch-training - INFO - Start validation.
2025-08-26 09:14:11,973 - easytorch-training - INFO - Result <val>: [val/time: 0.19 (s), val/loss: 0.4243, val/MAE: 0.4243, val/MSE: 0.3972]
2025-08-26 09:14:12,164 - easytorch-training - INFO - Result <test>: [test/time: 0.19 (s), test/loss: 0.4615, test/MAE: 0.4615, test/MSE: 0.4591]
2025-08-26 09:14:12,173 - easytorch-training - INFO - Checkpoint checkpoints/DLinear/ETTh2_100_336_336/a5ef9d1aec617125ea2f224043a7d081/DLinear_086.pt saved
2025-08-26 09:14:12,173 - easytorch-training - INFO - The estimated training finish time is 2025-08-26 09:14:28
2025-08-26 09:14:12,173 - easytorch-training - INFO - Epoch 87 / 100
2025-08-26 09:14:12,943 - easytorch-training - INFO - Result <train>: [train/time: 0.77 (s), train/lr: 7.50e-05, train/loss: 0.4321, train/MAE: 0.4321, train/MSE: 0.5869]
2025-08-26 09:14:12,944 - easytorch-training - INFO - Start validation.
2025-08-26 09:14:13,133 - easytorch-training - INFO - Result <val>: [val/time: 0.19 (s), val/loss: 0.4235, val/MAE: 0.4235, val/MSE: 0.3964]
2025-08-26 09:14:13,321 - easytorch-training - INFO - Result <test>: [test/time: 0.19 (s), test/loss: 0.4598, test/MAE: 0.4598, test/MSE: 0.4569]
2025-08-26 09:14:13,326 - easytorch-training - INFO - Checkpoint checkpoints/DLinear/ETTh2_100_336_336/a5ef9d1aec617125ea2f224043a7d081/DLinear_087.pt saved
2025-08-26 09:14:13,326 - easytorch-training - INFO - The estimated training finish time is 2025-08-26 09:14:28
2025-08-26 09:14:13,326 - easytorch-training - INFO - Epoch 88 / 100
2025-08-26 09:14:14,087 - easytorch-training - INFO - Result <train>: [train/time: 0.76 (s), train/lr: 7.50e-05, train/loss: 0.4321, train/MAE: 0.4321, train/MSE: 0.5869]
2025-08-26 09:14:14,088 - easytorch-training - INFO - Start validation.
2025-08-26 09:14:14,277 - easytorch-training - INFO - Result <val>: [val/time: 0.19 (s), val/loss: 0.4236, val/MAE: 0.4236, val/MSE: 0.3962]
2025-08-26 09:14:14,466 - easytorch-training - INFO - Result <test>: [test/time: 0.19 (s), test/loss: 0.4599, test/MAE: 0.4599, test/MSE: 0.4562]
2025-08-26 09:14:14,472 - easytorch-training - INFO - Checkpoint checkpoints/DLinear/ETTh2_100_336_336/a5ef9d1aec617125ea2f224043a7d081/DLinear_088.pt saved
2025-08-26 09:14:14,472 - easytorch-training - INFO - The estimated training finish time is 2025-08-26 09:14:28
2025-08-26 09:14:14,472 - easytorch-training - INFO - Epoch 89 / 100
2025-08-26 09:14:15,230 - easytorch-training - INFO - Result <train>: [train/time: 0.76 (s), train/lr: 7.50e-05, train/loss: 0.4322, train/MAE: 0.4322, train/MSE: 0.5869]
2025-08-26 09:14:15,231 - easytorch-training - INFO - Start validation.
2025-08-26 09:14:15,418 - easytorch-training - INFO - Result <val>: [val/time: 0.19 (s), val/loss: 0.4239, val/MAE: 0.4239, val/MSE: 0.3968]
2025-08-26 09:14:15,608 - easytorch-training - INFO - Result <test>: [test/time: 0.19 (s), test/loss: 0.4618, test/MAE: 0.4618, test/MSE: 0.4598]
2025-08-26 09:14:15,615 - easytorch-training - INFO - Checkpoint checkpoints/DLinear/ETTh2_100_336_336/a5ef9d1aec617125ea2f224043a7d081/DLinear_089.pt saved
2025-08-26 09:14:15,615 - easytorch-training - INFO - The estimated training finish time is 2025-08-26 09:14:28
2025-08-26 09:14:15,615 - easytorch-training - INFO - Epoch 90 / 100
2025-08-26 09:14:16,378 - easytorch-training - INFO - Result <train>: [train/time: 0.76 (s), train/lr: 7.50e-05, train/loss: 0.4322, train/MAE: 0.4322, train/MSE: 0.5872]
2025-08-26 09:14:16,379 - easytorch-training - INFO - Start validation.
2025-08-26 09:14:16,572 - easytorch-training - INFO - Result <val>: [val/time: 0.19 (s), val/loss: 0.4232, val/MAE: 0.4232, val/MSE: 0.3964]
2025-08-26 09:14:16,763 - easytorch-training - INFO - Result <test>: [test/time: 0.19 (s), test/loss: 0.4596, test/MAE: 0.4596, test/MSE: 0.4570]
2025-08-26 09:14:16,767 - easytorch-training - INFO - Checkpoint checkpoints/DLinear/ETTh2_100_336_336/a5ef9d1aec617125ea2f224043a7d081/DLinear_090.pt saved
2025-08-26 09:14:16,771 - easytorch-training - INFO - The estimated training finish time is 2025-08-26 09:14:28
2025-08-26 09:14:16,771 - easytorch-training - INFO - Epoch 91 / 100
2025-08-26 09:14:17,533 - easytorch-training - INFO - Result <train>: [train/time: 0.76 (s), train/lr: 7.50e-05, train/loss: 0.4321, train/MAE: 0.4321, train/MSE: 0.5870]
2025-08-26 09:14:17,534 - easytorch-training - INFO - Start validation.
2025-08-26 09:14:17,726 - easytorch-training - INFO - Result <val>: [val/time: 0.19 (s), val/loss: 0.4225, val/MAE: 0.4225, val/MSE: 0.3951]
2025-08-26 09:14:17,921 - easytorch-training - INFO - Result <test>: [test/time: 0.19 (s), test/loss: 0.4567, test/MAE: 0.4567, test/MSE: 0.4519]
2025-08-26 09:14:17,928 - easytorch-training - INFO - Checkpoint checkpoints/DLinear/ETTh2_100_336_336/a5ef9d1aec617125ea2f224043a7d081/DLinear_091.pt saved
2025-08-26 09:14:17,928 - easytorch-training - INFO - The estimated training finish time is 2025-08-26 09:14:28
2025-08-26 09:14:17,928 - easytorch-training - INFO - Epoch 92 / 100
2025-08-26 09:14:18,696 - easytorch-training - INFO - Result <train>: [train/time: 0.77 (s), train/lr: 7.50e-05, train/loss: 0.4322, train/MAE: 0.4322, train/MSE: 0.5868]
2025-08-26 09:14:18,697 - easytorch-training - INFO - Start validation.
2025-08-26 09:14:18,866 - easytorch-training - INFO - Result <val>: [val/time: 0.17 (s), val/loss: 0.4231, val/MAE: 0.4231, val/MSE: 0.3960]
2025-08-26 09:14:19,054 - easytorch-training - INFO - Result <test>: [test/time: 0.19 (s), test/loss: 0.4591, test/MAE: 0.4591, test/MSE: 0.4558]
2025-08-26 09:14:19,061 - easytorch-training - INFO - Checkpoint checkpoints/DLinear/ETTh2_100_336_336/a5ef9d1aec617125ea2f224043a7d081/DLinear_092.pt saved
2025-08-26 09:14:19,062 - easytorch-training - INFO - The estimated training finish time is 2025-08-26 09:14:28
2025-08-26 09:14:19,062 - easytorch-training - INFO - Epoch 93 / 100
2025-08-26 09:14:19,830 - easytorch-training - INFO - Result <train>: [train/time: 0.77 (s), train/lr: 7.50e-05, train/loss: 0.4321, train/MAE: 0.4321, train/MSE: 0.5873]
2025-08-26 09:14:19,832 - easytorch-training - INFO - Start validation.
2025-08-26 09:14:20,026 - easytorch-training - INFO - Result <val>: [val/time: 0.19 (s), val/loss: 0.4223, val/MAE: 0.4223, val/MSE: 0.3950]
2025-08-26 09:14:20,223 - easytorch-training - INFO - Result <test>: [test/time: 0.20 (s), test/loss: 0.4579, test/MAE: 0.4579, test/MSE: 0.4540]
2025-08-26 09:14:20,230 - easytorch-training - INFO - Checkpoint checkpoints/DLinear/ETTh2_100_336_336/a5ef9d1aec617125ea2f224043a7d081/DLinear_093.pt saved
2025-08-26 09:14:20,231 - easytorch-training - INFO - The estimated training finish time is 2025-08-26 09:14:28
2025-08-26 09:14:20,231 - easytorch-training - INFO - Epoch 94 / 100
2025-08-26 09:14:21,005 - easytorch-training - INFO - Result <train>: [train/time: 0.77 (s), train/lr: 7.50e-05, train/loss: 0.4321, train/MAE: 0.4321, train/MSE: 0.5870]
2025-08-26 09:14:21,006 - easytorch-training - INFO - Start validation.
2025-08-26 09:14:21,194 - easytorch-training - INFO - Result <val>: [val/time: 0.19 (s), val/loss: 0.4223, val/MAE: 0.4223, val/MSE: 0.3951]
2025-08-26 09:14:21,383 - easytorch-training - INFO - Result <test>: [test/time: 0.19 (s), test/loss: 0.4573, test/MAE: 0.4573, test/MSE: 0.4531]
2025-08-26 09:14:21,390 - easytorch-training - INFO - Checkpoint checkpoints/DLinear/ETTh2_100_336_336/a5ef9d1aec617125ea2f224043a7d081/DLinear_094.pt saved
2025-08-26 09:14:21,390 - easytorch-training - INFO - The estimated training finish time is 2025-08-26 09:14:28
2025-08-26 09:14:21,390 - easytorch-training - INFO - Epoch 95 / 100
2025-08-26 09:14:22,139 - easytorch-training - INFO - Result <train>: [train/time: 0.75 (s), train/lr: 7.50e-05, train/loss: 0.4321, train/MAE: 0.4321, train/MSE: 0.5869]
2025-08-26 09:14:22,140 - easytorch-training - INFO - Start validation.
2025-08-26 09:14:22,340 - easytorch-training - INFO - Result <val>: [val/time: 0.20 (s), val/loss: 0.4231, val/MAE: 0.4231, val/MSE: 0.3963]
2025-08-26 09:14:22,530 - easytorch-training - INFO - Result <test>: [test/time: 0.19 (s), test/loss: 0.4607, test/MAE: 0.4607, test/MSE: 0.4585]
2025-08-26 09:14:22,536 - easytorch-training - INFO - Checkpoint checkpoints/DLinear/ETTh2_100_336_336/a5ef9d1aec617125ea2f224043a7d081/DLinear_095.pt saved
2025-08-26 09:14:22,536 - easytorch-training - INFO - The estimated training finish time is 2025-08-26 09:14:28
2025-08-26 09:14:22,536 - easytorch-training - INFO - Epoch 96 / 100
2025-08-26 09:14:23,277 - easytorch-training - INFO - Result <train>: [train/time: 0.74 (s), train/lr: 7.50e-05, train/loss: 0.4321, train/MAE: 0.4321, train/MSE: 0.5870]
2025-08-26 09:14:23,277 - easytorch-training - INFO - Start validation.
2025-08-26 09:14:23,467 - easytorch-training - INFO - Result <val>: [val/time: 0.19 (s), val/loss: 0.4221, val/MAE: 0.4221, val/MSE: 0.3948]
2025-08-26 09:14:23,647 - easytorch-training - INFO - Result <test>: [test/time: 0.18 (s), test/loss: 0.4592, test/MAE: 0.4592, test/MSE: 0.4561]
2025-08-26 09:14:23,652 - easytorch-training - INFO - Checkpoint checkpoints/DLinear/ETTh2_100_336_336/a5ef9d1aec617125ea2f224043a7d081/DLinear_096.pt saved
2025-08-26 09:14:23,652 - easytorch-training - INFO - The estimated training finish time is 2025-08-26 09:14:28
2025-08-26 09:14:23,652 - easytorch-training - INFO - Epoch 97 / 100
2025-08-26 09:14:24,397 - easytorch-training - INFO - Result <train>: [train/time: 0.74 (s), train/lr: 7.50e-05, train/loss: 0.4321, train/MAE: 0.4321, train/MSE: 0.5878]
2025-08-26 09:14:24,397 - easytorch-training - INFO - Start validation.
2025-08-26 09:14:24,594 - easytorch-training - INFO - Result <val>: [val/time: 0.20 (s), val/loss: 0.4259, val/MAE: 0.4259, val/MSE: 0.3991]
2025-08-26 09:14:24,788 - easytorch-training - INFO - Result <test>: [test/time: 0.19 (s), test/loss: 0.4650, test/MAE: 0.4650, test/MSE: 0.4646]
2025-08-26 09:14:24,795 - easytorch-training - INFO - Checkpoint checkpoints/DLinear/ETTh2_100_336_336/a5ef9d1aec617125ea2f224043a7d081/DLinear_097.pt saved
2025-08-26 09:14:24,795 - easytorch-training - INFO - The estimated training finish time is 2025-08-26 09:14:28
2025-08-26 09:14:24,795 - easytorch-training - INFO - Epoch 98 / 100
2025-08-26 09:14:25,556 - easytorch-training - INFO - Result <train>: [train/time: 0.76 (s), train/lr: 7.50e-05, train/loss: 0.4321, train/MAE: 0.4321, train/MSE: 0.5868]
2025-08-26 09:14:25,557 - easytorch-training - INFO - Start validation.
2025-08-26 09:14:25,746 - easytorch-training - INFO - Result <val>: [val/time: 0.19 (s), val/loss: 0.4268, val/MAE: 0.4268, val/MSE: 0.4006]
2025-08-26 09:14:25,935 - easytorch-training - INFO - Result <test>: [test/time: 0.19 (s), test/loss: 0.4669, test/MAE: 0.4669, test/MSE: 0.4679]
2025-08-26 09:14:25,941 - easytorch-training - INFO - Checkpoint checkpoints/DLinear/ETTh2_100_336_336/a5ef9d1aec617125ea2f224043a7d081/DLinear_098.pt saved
2025-08-26 09:14:25,941 - easytorch-training - INFO - The estimated training finish time is 2025-08-26 09:14:28
2025-08-26 09:14:25,941 - easytorch-training - INFO - Epoch 99 / 100
2025-08-26 09:14:26,692 - easytorch-training - INFO - Result <train>: [train/time: 0.75 (s), train/lr: 7.50e-05, train/loss: 0.4321, train/MAE: 0.4321, train/MSE: 0.5868]
2025-08-26 09:14:26,692 - easytorch-training - INFO - Start validation.
2025-08-26 09:14:26,881 - easytorch-training - INFO - Result <val>: [val/time: 0.19 (s), val/loss: 0.4232, val/MAE: 0.4232, val/MSE: 0.3965]
2025-08-26 09:14:27,060 - easytorch-training - INFO - Result <test>: [test/time: 0.18 (s), test/loss: 0.4589, test/MAE: 0.4589, test/MSE: 0.4556]
2025-08-26 09:14:27,064 - easytorch-training - INFO - Checkpoint checkpoints/DLinear/ETTh2_100_336_336/a5ef9d1aec617125ea2f224043a7d081/DLinear_099.pt saved
2025-08-26 09:14:27,065 - easytorch-training - INFO - The estimated training finish time is 2025-08-26 09:14:28
2025-08-26 09:14:27,065 - easytorch-training - INFO - Epoch 100 / 100
2025-08-26 09:14:27,805 - easytorch-training - INFO - Result <train>: [train/time: 0.74 (s), train/lr: 7.50e-05, train/loss: 0.4322, train/MAE: 0.4322, train/MSE: 0.5870]
2025-08-26 09:14:27,805 - easytorch-training - INFO - Start validation.
2025-08-26 09:14:27,995 - easytorch-training - INFO - Result <val>: [val/time: 0.19 (s), val/loss: 0.4251, val/MAE: 0.4251, val/MSE: 0.3990]
2025-08-26 09:14:28,182 - easytorch-training - INFO - Result <test>: [test/time: 0.19 (s), test/loss: 0.4659, test/MAE: 0.4659, test/MSE: 0.4675]
2025-08-26 09:14:28,189 - easytorch-training - INFO - Checkpoint checkpoints/DLinear/ETTh2_100_336_336/a5ef9d1aec617125ea2f224043a7d081/DLinear_100.pt saved
2025-08-26 09:14:28,192 - easytorch-training - INFO - The training finished at 2025-08-26 09:14:28
2025-08-26 09:14:28,193 - easytorch-training - INFO - Evaluating the best model on the test set.
2025-08-26 09:14:28,193 - easytorch-training - INFO - Loading Checkpoint from 'checkpoints/DLinear/ETTh2_100_336_336/a5ef9d1aec617125ea2f224043a7d081/DLinear_best_val_MAE.pt'
2025-08-26 09:14:28,385 - easytorch-training - INFO - Result <test>: [test/time: 0.19 (s), test/loss: 0.4546, test/MAE: 0.4546, test/MSE: 0.4494]
2025-08-26 09:14:28,387 - easytorch-training - INFO - Test metrics saved to checkpoints/DLinear/ETTh2_100_336_336/a5ef9d1aec617125ea2f224043a7d081/test_metrics.json.
