2025-08-26 09:05:47,161 - easytorch-training - INFO - Initializing training.
2025-08-26 09:05:47,161 - easytorch-training - INFO - Set clip grad, param: {'max_norm': 5.0}
2025-08-26 09:05:47,161 - easytorch-training - INFO - Building training data loader.
2025-08-26 09:05:47,162 - easytorch-training - INFO - Train dataset length: 7585
2025-08-26 09:05:48,046 - easytorch-training - INFO - Set optim: Adam (
Parameter Group 0
    amsgrad: False
    betas: (0.9, 0.999)
    capturable: False
    differentiable: False
    eps: 1e-08
    foreach: None
    fused: None
    lr: 0.0003
    maximize: False
    weight_decay: 0.0001
)
2025-08-26 09:05:48,047 - easytorch-training - INFO - Set lr_scheduler: <torch.optim.lr_scheduler.MultiStepLR object at 0x7f953c0e6470>
2025-08-26 09:05:48,048 - easytorch-training - INFO - Initializing validation.
2025-08-26 09:05:48,048 - easytorch-training - INFO - Building val data loader.
2025-08-26 09:05:48,048 - easytorch-training - INFO - Validation dataset length: 1825
2025-08-26 09:05:48,049 - easytorch-training - INFO - Test dataset length: 1825
2025-08-26 09:05:48,049 - easytorch-training - INFO - Number of parameters: 485280
2025-08-26 09:05:48,049 - easytorch-training - INFO - Epoch 1 / 100
2025-08-26 09:05:49,300 - easytorch-training - INFO - Result <train>: [train/time: 1.25 (s), train/lr: 3.00e-04, train/loss: 0.5779, train/MAE: 0.5779, train/MSE: 0.6423]
2025-08-26 09:05:49,301 - easytorch-training - INFO - Start validation.
2025-08-26 09:05:49,500 - easytorch-training - INFO - Result <val>: [val/time: 0.20 (s), val/loss: 0.7731, val/MAE: 0.7731, val/MSE: 1.2144]
2025-08-26 09:05:49,509 - easytorch-training - INFO - Checkpoint checkpoints/DLinear/ETTh1_100_336_720/805e0c5a97ea3334ce27d61531b5984a/DLinear_best_val_MAE.pt saved
2025-08-26 09:05:49,704 - easytorch-training - INFO - Result <test>: [test/time: 0.19 (s), test/loss: 0.5095, test/MAE: 0.5095, test/MSE: 0.5076]
2025-08-26 09:05:49,711 - easytorch-training - INFO - Checkpoint checkpoints/DLinear/ETTh1_100_336_720/805e0c5a97ea3334ce27d61531b5984a/DLinear_001.pt saved
2025-08-26 09:05:49,711 - easytorch-training - INFO - The estimated training finish time is 2025-08-26 09:08:34
2025-08-26 09:05:49,712 - easytorch-training - INFO - Epoch 2 / 100
2025-08-26 09:05:50,604 - easytorch-training - INFO - Result <train>: [train/time: 0.89 (s), train/lr: 1.50e-04, train/loss: 0.5283, train/MAE: 0.5283, train/MSE: 0.5492]
2025-08-26 09:05:50,604 - easytorch-training - INFO - Start validation.
2025-08-26 09:05:50,804 - easytorch-training - INFO - Result <val>: [val/time: 0.20 (s), val/loss: 0.7610, val/MAE: 0.7610, val/MSE: 1.1901]
2025-08-26 09:05:50,814 - easytorch-training - INFO - Checkpoint checkpoints/DLinear/ETTh1_100_336_720/805e0c5a97ea3334ce27d61531b5984a/DLinear_best_val_MAE.pt saved
2025-08-26 09:05:51,011 - easytorch-training - INFO - Result <test>: [test/time: 0.20 (s), test/loss: 0.5012, test/MAE: 0.5012, test/MSE: 0.4965]
2025-08-26 09:05:51,019 - easytorch-training - INFO - Checkpoint checkpoints/DLinear/ETTh1_100_336_720/805e0c5a97ea3334ce27d61531b5984a/DLinear_002.pt saved
2025-08-26 09:05:51,019 - easytorch-training - INFO - The estimated training finish time is 2025-08-26 09:08:16
2025-08-26 09:05:51,019 - easytorch-training - INFO - Epoch 3 / 100
2025-08-26 09:05:51,941 - easytorch-training - INFO - Result <train>: [train/time: 0.92 (s), train/lr: 1.50e-04, train/loss: 0.5212, train/MAE: 0.5212, train/MSE: 0.5386]
2025-08-26 09:05:51,941 - easytorch-training - INFO - Start validation.
2025-08-26 09:05:52,144 - easytorch-training - INFO - Result <val>: [val/time: 0.20 (s), val/loss: 0.7532, val/MAE: 0.7532, val/MSE: 1.1739]
2025-08-26 09:05:52,156 - easytorch-training - INFO - Checkpoint checkpoints/DLinear/ETTh1_100_336_720/805e0c5a97ea3334ce27d61531b5984a/DLinear_best_val_MAE.pt saved
2025-08-26 09:05:52,368 - easytorch-training - INFO - Result <test>: [test/time: 0.21 (s), test/loss: 0.4965, test/MAE: 0.4965, test/MSE: 0.4901]
2025-08-26 09:05:52,377 - easytorch-training - INFO - Checkpoint checkpoints/DLinear/ETTh1_100_336_720/805e0c5a97ea3334ce27d61531b5984a/DLinear_003.pt saved
2025-08-26 09:05:52,377 - easytorch-training - INFO - The estimated training finish time is 2025-08-26 09:08:12
2025-08-26 09:05:52,377 - easytorch-training - INFO - Epoch 4 / 100
2025-08-26 09:05:53,313 - easytorch-training - INFO - Result <train>: [train/time: 0.94 (s), train/lr: 1.50e-04, train/loss: 0.5172, train/MAE: 0.5172, train/MSE: 0.5326]
2025-08-26 09:05:53,313 - easytorch-training - INFO - Start validation.
2025-08-26 09:05:53,519 - easytorch-training - INFO - Result <val>: [val/time: 0.21 (s), val/loss: 0.7576, val/MAE: 0.7576, val/MSE: 1.1914]
2025-08-26 09:05:53,724 - easytorch-training - INFO - Result <test>: [test/time: 0.20 (s), test/loss: 0.4882, test/MAE: 0.4882, test/MSE: 0.4805]
2025-08-26 09:05:53,732 - easytorch-training - INFO - Checkpoint checkpoints/DLinear/ETTh1_100_336_720/805e0c5a97ea3334ce27d61531b5984a/DLinear_004.pt saved
2025-08-26 09:05:53,732 - easytorch-training - INFO - The estimated training finish time is 2025-08-26 09:08:10
2025-08-26 09:05:53,732 - easytorch-training - INFO - Epoch 5 / 100
2025-08-26 09:05:54,656 - easytorch-training - INFO - Result <train>: [train/time: 0.92 (s), train/lr: 1.50e-04, train/loss: 0.5148, train/MAE: 0.5148, train/MSE: 0.5296]
2025-08-26 09:05:54,657 - easytorch-training - INFO - Start validation.
2025-08-26 09:05:54,861 - easytorch-training - INFO - Result <val>: [val/time: 0.20 (s), val/loss: 0.7443, val/MAE: 0.7443, val/MSE: 1.1537]
2025-08-26 09:05:54,871 - easytorch-training - INFO - Checkpoint checkpoints/DLinear/ETTh1_100_336_720/805e0c5a97ea3334ce27d61531b5984a/DLinear_best_val_MAE.pt saved
2025-08-26 09:05:55,080 - easytorch-training - INFO - Result <test>: [test/time: 0.21 (s), test/loss: 0.4952, test/MAE: 0.4952, test/MSE: 0.4891]
2025-08-26 09:05:55,089 - easytorch-training - INFO - Checkpoint checkpoints/DLinear/ETTh1_100_336_720/805e0c5a97ea3334ce27d61531b5984a/DLinear_005.pt saved
2025-08-26 09:05:55,089 - easytorch-training - INFO - The estimated training finish time is 2025-08-26 09:08:08
2025-08-26 09:05:55,089 - easytorch-training - INFO - Epoch 6 / 100
2025-08-26 09:05:56,033 - easytorch-training - INFO - Result <train>: [train/time: 0.94 (s), train/lr: 1.50e-04, train/loss: 0.5131, train/MAE: 0.5131, train/MSE: 0.5269]
2025-08-26 09:05:56,034 - easytorch-training - INFO - Start validation.
2025-08-26 09:05:56,238 - easytorch-training - INFO - Result <val>: [val/time: 0.20 (s), val/loss: 0.7487, val/MAE: 0.7487, val/MSE: 1.1693]
2025-08-26 09:05:56,445 - easytorch-training - INFO - Result <test>: [test/time: 0.21 (s), test/loss: 0.4895, test/MAE: 0.4895, test/MSE: 0.4824]
2025-08-26 09:05:56,454 - easytorch-training - INFO - Checkpoint checkpoints/DLinear/ETTh1_100_336_720/805e0c5a97ea3334ce27d61531b5984a/DLinear_006.pt saved
2025-08-26 09:05:56,454 - easytorch-training - INFO - The estimated training finish time is 2025-08-26 09:08:08
2025-08-26 09:05:56,454 - easytorch-training - INFO - Epoch 7 / 100
2025-08-26 09:05:57,399 - easytorch-training - INFO - Result <train>: [train/time: 0.94 (s), train/lr: 1.50e-04, train/loss: 0.5119, train/MAE: 0.5119, train/MSE: 0.5257]
2025-08-26 09:05:57,400 - easytorch-training - INFO - Start validation.
2025-08-26 09:05:57,592 - easytorch-training - INFO - Result <val>: [val/time: 0.19 (s), val/loss: 0.7521, val/MAE: 0.7521, val/MSE: 1.1797]
2025-08-26 09:05:57,789 - easytorch-training - INFO - Result <test>: [test/time: 0.20 (s), test/loss: 0.4837, test/MAE: 0.4837, test/MSE: 0.4757]
2025-08-26 09:05:57,798 - easytorch-training - INFO - Checkpoint checkpoints/DLinear/ETTh1_100_336_720/805e0c5a97ea3334ce27d61531b5984a/DLinear_007.pt saved
2025-08-26 09:05:57,798 - easytorch-training - INFO - The estimated training finish time is 2025-08-26 09:08:07
2025-08-26 09:05:57,798 - easytorch-training - INFO - Epoch 8 / 100
2025-08-26 09:05:58,762 - easytorch-training - INFO - Result <train>: [train/time: 0.96 (s), train/lr: 1.50e-04, train/loss: 0.5110, train/MAE: 0.5110, train/MSE: 0.5243]
2025-08-26 09:05:58,762 - easytorch-training - INFO - Start validation.
2025-08-26 09:05:58,968 - easytorch-training - INFO - Result <val>: [val/time: 0.21 (s), val/loss: 0.7501, val/MAE: 0.7501, val/MSE: 1.1754]
2025-08-26 09:05:59,172 - easytorch-training - INFO - Result <test>: [test/time: 0.20 (s), test/loss: 0.4853, test/MAE: 0.4853, test/MSE: 0.4776]
2025-08-26 09:05:59,182 - easytorch-training - INFO - Checkpoint checkpoints/DLinear/ETTh1_100_336_720/805e0c5a97ea3334ce27d61531b5984a/DLinear_008.pt saved
2025-08-26 09:05:59,182 - easytorch-training - INFO - The estimated training finish time is 2025-08-26 09:08:07
2025-08-26 09:05:59,182 - easytorch-training - INFO - Epoch 9 / 100
2025-08-26 09:06:00,091 - easytorch-training - INFO - Result <train>: [train/time: 0.91 (s), train/lr: 1.50e-04, train/loss: 0.5102, train/MAE: 0.5102, train/MSE: 0.5234]
2025-08-26 09:06:00,092 - easytorch-training - INFO - Start validation.
2025-08-26 09:06:00,287 - easytorch-training - INFO - Result <val>: [val/time: 0.20 (s), val/loss: 0.7553, val/MAE: 0.7553, val/MSE: 1.1919]
2025-08-26 09:06:00,487 - easytorch-training - INFO - Result <test>: [test/time: 0.20 (s), test/loss: 0.4775, test/MAE: 0.4775, test/MSE: 0.4685]
2025-08-26 09:06:00,496 - easytorch-training - INFO - Checkpoint checkpoints/DLinear/ETTh1_100_336_720/805e0c5a97ea3334ce27d61531b5984a/DLinear_009.pt saved
2025-08-26 09:06:00,496 - easytorch-training - INFO - The estimated training finish time is 2025-08-26 09:08:06
2025-08-26 09:06:00,496 - easytorch-training - INFO - Epoch 10 / 100
2025-08-26 09:06:01,394 - easytorch-training - INFO - Result <train>: [train/time: 0.90 (s), train/lr: 1.50e-04, train/loss: 0.5098, train/MAE: 0.5098, train/MSE: 0.5228]
2025-08-26 09:06:01,395 - easytorch-training - INFO - Start validation.
2025-08-26 09:06:01,602 - easytorch-training - INFO - Result <val>: [val/time: 0.21 (s), val/loss: 0.7478, val/MAE: 0.7478, val/MSE: 1.1704]
2025-08-26 09:06:01,809 - easytorch-training - INFO - Result <test>: [test/time: 0.21 (s), test/loss: 0.4854, test/MAE: 0.4854, test/MSE: 0.4783]
2025-08-26 09:06:01,818 - easytorch-training - INFO - Checkpoint checkpoints/DLinear/ETTh1_100_336_720/805e0c5a97ea3334ce27d61531b5984a/DLinear_010.pt saved
2025-08-26 09:06:01,823 - easytorch-training - INFO - The estimated training finish time is 2025-08-26 09:08:05
2025-08-26 09:06:01,823 - easytorch-training - INFO - Epoch 11 / 100
2025-08-26 09:06:02,732 - easytorch-training - INFO - Result <train>: [train/time: 0.91 (s), train/lr: 1.50e-04, train/loss: 0.5092, train/MAE: 0.5092, train/MSE: 0.5225]
2025-08-26 09:06:02,733 - easytorch-training - INFO - Start validation.
2025-08-26 09:06:02,938 - easytorch-training - INFO - Result <val>: [val/time: 0.21 (s), val/loss: 0.7506, val/MAE: 0.7506, val/MSE: 1.1788]
2025-08-26 09:06:03,141 - easytorch-training - INFO - Result <test>: [test/time: 0.20 (s), test/loss: 0.4806, test/MAE: 0.4806, test/MSE: 0.4725]
2025-08-26 09:06:03,149 - easytorch-training - INFO - Checkpoint checkpoints/DLinear/ETTh1_100_336_720/805e0c5a97ea3334ce27d61531b5984a/DLinear_011.pt saved
2025-08-26 09:06:03,149 - easytorch-training - INFO - The estimated training finish time is 2025-08-26 09:08:05
2025-08-26 09:06:03,149 - easytorch-training - INFO - Epoch 12 / 100
2025-08-26 09:06:04,069 - easytorch-training - INFO - Result <train>: [train/time: 0.92 (s), train/lr: 1.50e-04, train/loss: 0.5087, train/MAE: 0.5087, train/MSE: 0.5218]
2025-08-26 09:06:04,069 - easytorch-training - INFO - Start validation.
2025-08-26 09:06:04,281 - easytorch-training - INFO - Result <val>: [val/time: 0.21 (s), val/loss: 0.7435, val/MAE: 0.7435, val/MSE: 1.1580]
2025-08-26 09:06:04,291 - easytorch-training - INFO - Checkpoint checkpoints/DLinear/ETTh1_100_336_720/805e0c5a97ea3334ce27d61531b5984a/DLinear_best_val_MAE.pt saved
2025-08-26 09:06:04,487 - easytorch-training - INFO - Result <test>: [test/time: 0.20 (s), test/loss: 0.4877, test/MAE: 0.4877, test/MSE: 0.4811]
2025-08-26 09:06:04,495 - easytorch-training - INFO - Checkpoint checkpoints/DLinear/ETTh1_100_336_720/805e0c5a97ea3334ce27d61531b5984a/DLinear_012.pt saved
2025-08-26 09:06:04,495 - easytorch-training - INFO - The estimated training finish time is 2025-08-26 09:08:05
2025-08-26 09:06:04,495 - easytorch-training - INFO - Epoch 13 / 100
2025-08-26 09:06:05,404 - easytorch-training - INFO - Result <train>: [train/time: 0.91 (s), train/lr: 1.50e-04, train/loss: 0.5085, train/MAE: 0.5085, train/MSE: 0.5215]
2025-08-26 09:06:05,405 - easytorch-training - INFO - Start validation.
2025-08-26 09:06:05,584 - easytorch-training - INFO - Result <val>: [val/time: 0.18 (s), val/loss: 0.7432, val/MAE: 0.7432, val/MSE: 1.1585]
2025-08-26 09:06:05,592 - easytorch-training - INFO - Checkpoint checkpoints/DLinear/ETTh1_100_336_720/805e0c5a97ea3334ce27d61531b5984a/DLinear_best_val_MAE.pt saved
2025-08-26 09:06:05,793 - easytorch-training - INFO - Result <test>: [test/time: 0.20 (s), test/loss: 0.4878, test/MAE: 0.4878, test/MSE: 0.4819]
2025-08-26 09:06:05,802 - easytorch-training - INFO - Checkpoint checkpoints/DLinear/ETTh1_100_336_720/805e0c5a97ea3334ce27d61531b5984a/DLinear_013.pt saved
2025-08-26 09:06:05,802 - easytorch-training - INFO - The estimated training finish time is 2025-08-26 09:08:04
2025-08-26 09:06:05,802 - easytorch-training - INFO - Epoch 14 / 100
2025-08-26 09:06:06,714 - easytorch-training - INFO - Result <train>: [train/time: 0.91 (s), train/lr: 1.50e-04, train/loss: 0.5082, train/MAE: 0.5082, train/MSE: 0.5213]
2025-08-26 09:06:06,715 - easytorch-training - INFO - Start validation.
2025-08-26 09:06:06,906 - easytorch-training - INFO - Result <val>: [val/time: 0.19 (s), val/loss: 0.7425, val/MAE: 0.7425, val/MSE: 1.1561]
2025-08-26 09:06:06,915 - easytorch-training - INFO - Checkpoint checkpoints/DLinear/ETTh1_100_336_720/805e0c5a97ea3334ce27d61531b5984a/DLinear_best_val_MAE.pt saved
2025-08-26 09:06:07,104 - easytorch-training - INFO - Result <test>: [test/time: 0.19 (s), test/loss: 0.4872, test/MAE: 0.4872, test/MSE: 0.4810]
2025-08-26 09:06:07,112 - easytorch-training - INFO - Checkpoint checkpoints/DLinear/ETTh1_100_336_720/805e0c5a97ea3334ce27d61531b5984a/DLinear_014.pt saved
2025-08-26 09:06:07,113 - easytorch-training - INFO - The estimated training finish time is 2025-08-26 09:08:04
2025-08-26 09:06:07,113 - easytorch-training - INFO - Epoch 15 / 100
2025-08-26 09:06:08,049 - easytorch-training - INFO - Result <train>: [train/time: 0.94 (s), train/lr: 1.50e-04, train/loss: 0.5080, train/MAE: 0.5080, train/MSE: 0.5211]
2025-08-26 09:06:08,050 - easytorch-training - INFO - Start validation.
2025-08-26 09:06:08,260 - easytorch-training - INFO - Result <val>: [val/time: 0.21 (s), val/loss: 0.7490, val/MAE: 0.7490, val/MSE: 1.1756]
2025-08-26 09:06:08,466 - easytorch-training - INFO - Result <test>: [test/time: 0.20 (s), test/loss: 0.4796, test/MAE: 0.4796, test/MSE: 0.4722]
2025-08-26 09:06:08,475 - easytorch-training - INFO - Checkpoint checkpoints/DLinear/ETTh1_100_336_720/805e0c5a97ea3334ce27d61531b5984a/DLinear_015.pt saved
2025-08-26 09:06:08,475 - easytorch-training - INFO - The estimated training finish time is 2025-08-26 09:08:04
2025-08-26 09:06:08,475 - easytorch-training - INFO - Epoch 16 / 100
2025-08-26 09:06:09,410 - easytorch-training - INFO - Result <train>: [train/time: 0.93 (s), train/lr: 1.50e-04, train/loss: 0.5078, train/MAE: 0.5078, train/MSE: 0.5209]
2025-08-26 09:06:09,411 - easytorch-training - INFO - Start validation.
2025-08-26 09:06:09,616 - easytorch-training - INFO - Result <val>: [val/time: 0.20 (s), val/loss: 0.7464, val/MAE: 0.7464, val/MSE: 1.1660]
2025-08-26 09:06:09,824 - easytorch-training - INFO - Result <test>: [test/time: 0.21 (s), test/loss: 0.4819, test/MAE: 0.4819, test/MSE: 0.4748]
2025-08-26 09:06:09,833 - easytorch-training - INFO - Checkpoint checkpoints/DLinear/ETTh1_100_336_720/805e0c5a97ea3334ce27d61531b5984a/DLinear_016.pt saved
2025-08-26 09:06:09,833 - easytorch-training - INFO - The estimated training finish time is 2025-08-26 09:08:04
2025-08-26 09:06:09,833 - easytorch-training - INFO - Epoch 17 / 100
2025-08-26 09:06:10,750 - easytorch-training - INFO - Result <train>: [train/time: 0.92 (s), train/lr: 1.50e-04, train/loss: 0.5076, train/MAE: 0.5076, train/MSE: 0.5205]
2025-08-26 09:06:10,750 - easytorch-training - INFO - Start validation.
2025-08-26 09:06:10,965 - easytorch-training - INFO - Result <val>: [val/time: 0.21 (s), val/loss: 0.7461, val/MAE: 0.7461, val/MSE: 1.1658]
2025-08-26 09:06:11,175 - easytorch-training - INFO - Result <test>: [test/time: 0.21 (s), test/loss: 0.4828, test/MAE: 0.4828, test/MSE: 0.4758]
2025-08-26 09:06:11,185 - easytorch-training - INFO - Checkpoint checkpoints/DLinear/ETTh1_100_336_720/805e0c5a97ea3334ce27d61531b5984a/DLinear_017.pt saved
2025-08-26 09:06:11,185 - easytorch-training - INFO - The estimated training finish time is 2025-08-26 09:08:04
2025-08-26 09:06:11,185 - easytorch-training - INFO - Epoch 18 / 100
2025-08-26 09:06:12,112 - easytorch-training - INFO - Result <train>: [train/time: 0.93 (s), train/lr: 1.50e-04, train/loss: 0.5076, train/MAE: 0.5076, train/MSE: 0.5206]
2025-08-26 09:06:12,113 - easytorch-training - INFO - Start validation.
2025-08-26 09:06:12,322 - easytorch-training - INFO - Result <val>: [val/time: 0.21 (s), val/loss: 0.7520, val/MAE: 0.7520, val/MSE: 1.1871]
2025-08-26 09:06:12,525 - easytorch-training - INFO - Result <test>: [test/time: 0.20 (s), test/loss: 0.4771, test/MAE: 0.4771, test/MSE: 0.4693]
2025-08-26 09:06:12,534 - easytorch-training - INFO - Checkpoint checkpoints/DLinear/ETTh1_100_336_720/805e0c5a97ea3334ce27d61531b5984a/DLinear_018.pt saved
2025-08-26 09:06:12,534 - easytorch-training - INFO - The estimated training finish time is 2025-08-26 09:08:04
2025-08-26 09:06:12,534 - easytorch-training - INFO - Epoch 19 / 100
2025-08-26 09:06:13,433 - easytorch-training - INFO - Result <train>: [train/time: 0.90 (s), train/lr: 1.50e-04, train/loss: 0.5074, train/MAE: 0.5074, train/MSE: 0.5207]
2025-08-26 09:06:13,434 - easytorch-training - INFO - Start validation.
2025-08-26 09:06:13,646 - easytorch-training - INFO - Result <val>: [val/time: 0.21 (s), val/loss: 0.7435, val/MAE: 0.7435, val/MSE: 1.1585]
2025-08-26 09:06:13,840 - easytorch-training - INFO - Result <test>: [test/time: 0.19 (s), test/loss: 0.4853, test/MAE: 0.4853, test/MSE: 0.4791]
2025-08-26 09:06:13,849 - easytorch-training - INFO - Checkpoint checkpoints/DLinear/ETTh1_100_336_720/805e0c5a97ea3334ce27d61531b5984a/DLinear_019.pt saved
2025-08-26 09:06:13,849 - easytorch-training - INFO - The estimated training finish time is 2025-08-26 09:08:03
2025-08-26 09:06:13,849 - easytorch-training - INFO - Epoch 20 / 100
2025-08-26 09:06:14,761 - easytorch-training - INFO - Result <train>: [train/time: 0.91 (s), train/lr: 1.50e-04, train/loss: 0.5072, train/MAE: 0.5072, train/MSE: 0.5202]
2025-08-26 09:06:14,762 - easytorch-training - INFO - Start validation.
2025-08-26 09:06:14,967 - easytorch-training - INFO - Result <val>: [val/time: 0.20 (s), val/loss: 0.7461, val/MAE: 0.7461, val/MSE: 1.1671]
2025-08-26 09:06:15,166 - easytorch-training - INFO - Result <test>: [test/time: 0.20 (s), test/loss: 0.4806, test/MAE: 0.4806, test/MSE: 0.4731]
2025-08-26 09:06:15,175 - easytorch-training - INFO - Checkpoint checkpoints/DLinear/ETTh1_100_336_720/805e0c5a97ea3334ce27d61531b5984a/DLinear_020.pt saved
2025-08-26 09:06:15,180 - easytorch-training - INFO - The estimated training finish time is 2025-08-26 09:08:03
2025-08-26 09:06:15,180 - easytorch-training - INFO - Epoch 21 / 100
2025-08-26 09:06:16,099 - easytorch-training - INFO - Result <train>: [train/time: 0.92 (s), train/lr: 1.50e-04, train/loss: 0.5071, train/MAE: 0.5071, train/MSE: 0.5200]
2025-08-26 09:06:16,100 - easytorch-training - INFO - Start validation.
2025-08-26 09:06:16,310 - easytorch-training - INFO - Result <val>: [val/time: 0.21 (s), val/loss: 0.7388, val/MAE: 0.7388, val/MSE: 1.1460]
2025-08-26 09:06:16,319 - easytorch-training - INFO - Checkpoint checkpoints/DLinear/ETTh1_100_336_720/805e0c5a97ea3334ce27d61531b5984a/DLinear_best_val_MAE.pt saved
2025-08-26 09:06:16,525 - easytorch-training - INFO - Result <test>: [test/time: 0.21 (s), test/loss: 0.4894, test/MAE: 0.4894, test/MSE: 0.4843]
2025-08-26 09:06:16,534 - easytorch-training - INFO - Checkpoint checkpoints/DLinear/ETTh1_100_336_720/805e0c5a97ea3334ce27d61531b5984a/DLinear_021.pt saved
2025-08-26 09:06:16,535 - easytorch-training - INFO - The estimated training finish time is 2025-08-26 09:08:03
2025-08-26 09:06:16,535 - easytorch-training - INFO - Epoch 22 / 100
2025-08-26 09:06:17,455 - easytorch-training - INFO - Result <train>: [train/time: 0.92 (s), train/lr: 1.50e-04, train/loss: 0.5071, train/MAE: 0.5071, train/MSE: 0.5200]
2025-08-26 09:06:17,455 - easytorch-training - INFO - Start validation.
2025-08-26 09:06:17,666 - easytorch-training - INFO - Result <val>: [val/time: 0.21 (s), val/loss: 0.7485, val/MAE: 0.7485, val/MSE: 1.1761]
2025-08-26 09:06:17,883 - easytorch-training - INFO - Result <test>: [test/time: 0.22 (s), test/loss: 0.4798, test/MAE: 0.4798, test/MSE: 0.4726]
2025-08-26 09:06:17,891 - easytorch-training - INFO - Checkpoint checkpoints/DLinear/ETTh1_100_336_720/805e0c5a97ea3334ce27d61531b5984a/DLinear_022.pt saved
2025-08-26 09:06:17,892 - easytorch-training - INFO - The estimated training finish time is 2025-08-26 09:08:03
2025-08-26 09:06:17,892 - easytorch-training - INFO - Epoch 23 / 100
2025-08-26 09:06:18,844 - easytorch-training - INFO - Result <train>: [train/time: 0.95 (s), train/lr: 1.50e-04, train/loss: 0.5070, train/MAE: 0.5070, train/MSE: 0.5202]
2025-08-26 09:06:18,845 - easytorch-training - INFO - Start validation.
2025-08-26 09:06:19,073 - easytorch-training - INFO - Result <val>: [val/time: 0.23 (s), val/loss: 0.7480, val/MAE: 0.7480, val/MSE: 1.1741]
2025-08-26 09:06:19,277 - easytorch-training - INFO - Result <test>: [test/time: 0.20 (s), test/loss: 0.4780, test/MAE: 0.4780, test/MSE: 0.4703]
2025-08-26 09:06:19,287 - easytorch-training - INFO - Checkpoint checkpoints/DLinear/ETTh1_100_336_720/805e0c5a97ea3334ce27d61531b5984a/DLinear_023.pt saved
2025-08-26 09:06:19,287 - easytorch-training - INFO - The estimated training finish time is 2025-08-26 09:08:03
2025-08-26 09:06:19,287 - easytorch-training - INFO - Epoch 24 / 100
2025-08-26 09:06:20,237 - easytorch-training - INFO - Result <train>: [train/time: 0.95 (s), train/lr: 1.50e-04, train/loss: 0.5069, train/MAE: 0.5069, train/MSE: 0.5198]
2025-08-26 09:06:20,238 - easytorch-training - INFO - Start validation.
2025-08-26 09:06:20,458 - easytorch-training - INFO - Result <val>: [val/time: 0.22 (s), val/loss: 0.7481, val/MAE: 0.7481, val/MSE: 1.1749]
2025-08-26 09:06:20,679 - easytorch-training - INFO - Result <test>: [test/time: 0.22 (s), test/loss: 0.4795, test/MAE: 0.4795, test/MSE: 0.4721]
2025-08-26 09:06:20,688 - easytorch-training - INFO - Checkpoint checkpoints/DLinear/ETTh1_100_336_720/805e0c5a97ea3334ce27d61531b5984a/DLinear_024.pt saved
2025-08-26 09:06:20,688 - easytorch-training - INFO - The estimated training finish time is 2025-08-26 09:08:04
2025-08-26 09:06:20,688 - easytorch-training - INFO - Epoch 25 / 100
2025-08-26 09:06:21,615 - easytorch-training - INFO - Result <train>: [train/time: 0.93 (s), train/lr: 1.50e-04, train/loss: 0.5069, train/MAE: 0.5069, train/MSE: 0.5202]
2025-08-26 09:06:21,615 - easytorch-training - INFO - Start validation.
2025-08-26 09:06:21,835 - easytorch-training - INFO - Result <val>: [val/time: 0.22 (s), val/loss: 0.7414, val/MAE: 0.7414, val/MSE: 1.1543]
2025-08-26 09:06:22,046 - easytorch-training - INFO - Result <test>: [test/time: 0.21 (s), test/loss: 0.4864, test/MAE: 0.4864, test/MSE: 0.4809]
2025-08-26 09:06:22,055 - easytorch-training - INFO - Checkpoint checkpoints/DLinear/ETTh1_100_336_720/805e0c5a97ea3334ce27d61531b5984a/DLinear_025.pt saved
2025-08-26 09:06:22,055 - easytorch-training - INFO - The estimated training finish time is 2025-08-26 09:08:04
2025-08-26 09:06:22,055 - easytorch-training - INFO - Epoch 26 / 100
2025-08-26 09:06:22,999 - easytorch-training - INFO - Result <train>: [train/time: 0.94 (s), train/lr: 7.50e-05, train/loss: 0.5062, train/MAE: 0.5062, train/MSE: 0.5191]
2025-08-26 09:06:23,000 - easytorch-training - INFO - Start validation.
2025-08-26 09:06:23,220 - easytorch-training - INFO - Result <val>: [val/time: 0.22 (s), val/loss: 0.7441, val/MAE: 0.7441, val/MSE: 1.1629]
2025-08-26 09:06:23,430 - easytorch-training - INFO - Result <test>: [test/time: 0.21 (s), test/loss: 0.4826, test/MAE: 0.4826, test/MSE: 0.4760]
2025-08-26 09:06:23,440 - easytorch-training - INFO - Checkpoint checkpoints/DLinear/ETTh1_100_336_720/805e0c5a97ea3334ce27d61531b5984a/DLinear_026.pt saved
2025-08-26 09:06:23,440 - easytorch-training - INFO - The estimated training finish time is 2025-08-26 09:08:04
2025-08-26 09:06:23,440 - easytorch-training - INFO - Epoch 27 / 100
2025-08-26 09:06:24,423 - easytorch-training - INFO - Result <train>: [train/time: 0.98 (s), train/lr: 7.50e-05, train/loss: 0.5062, train/MAE: 0.5062, train/MSE: 0.5192]
2025-08-26 09:06:24,424 - easytorch-training - INFO - Start validation.
2025-08-26 09:06:24,638 - easytorch-training - INFO - Result <val>: [val/time: 0.21 (s), val/loss: 0.7462, val/MAE: 0.7462, val/MSE: 1.1691]
2025-08-26 09:06:24,842 - easytorch-training - INFO - Result <test>: [test/time: 0.20 (s), test/loss: 0.4800, test/MAE: 0.4800, test/MSE: 0.4730]
2025-08-26 09:06:24,851 - easytorch-training - INFO - Checkpoint checkpoints/DLinear/ETTh1_100_336_720/805e0c5a97ea3334ce27d61531b5984a/DLinear_027.pt saved
2025-08-26 09:06:24,852 - easytorch-training - INFO - The estimated training finish time is 2025-08-26 09:08:04
2025-08-26 09:06:24,852 - easytorch-training - INFO - Epoch 28 / 100
2025-08-26 09:06:25,744 - easytorch-training - INFO - Result <train>: [train/time: 0.89 (s), train/lr: 7.50e-05, train/loss: 0.5062, train/MAE: 0.5062, train/MSE: 0.5189]
2025-08-26 09:06:25,745 - easytorch-training - INFO - Start validation.
2025-08-26 09:06:25,923 - easytorch-training - INFO - Result <val>: [val/time: 0.18 (s), val/loss: 0.7464, val/MAE: 0.7464, val/MSE: 1.1698]
2025-08-26 09:06:26,122 - easytorch-training - INFO - Result <test>: [test/time: 0.20 (s), test/loss: 0.4799, test/MAE: 0.4799, test/MSE: 0.4729]
2025-08-26 09:06:26,131 - easytorch-training - INFO - Checkpoint checkpoints/DLinear/ETTh1_100_336_720/805e0c5a97ea3334ce27d61531b5984a/DLinear_028.pt saved
2025-08-26 09:06:26,131 - easytorch-training - INFO - The estimated training finish time is 2025-08-26 09:08:04
2025-08-26 09:06:26,131 - easytorch-training - INFO - Epoch 29 / 100
2025-08-26 09:06:27,070 - easytorch-training - INFO - Result <train>: [train/time: 0.94 (s), train/lr: 7.50e-05, train/loss: 0.5061, train/MAE: 0.5061, train/MSE: 0.5190]
2025-08-26 09:06:27,071 - easytorch-training - INFO - Start validation.
2025-08-26 09:06:27,277 - easytorch-training - INFO - Result <val>: [val/time: 0.21 (s), val/loss: 0.7454, val/MAE: 0.7454, val/MSE: 1.1660]
2025-08-26 09:06:27,485 - easytorch-training - INFO - Result <test>: [test/time: 0.21 (s), test/loss: 0.4805, test/MAE: 0.4805, test/MSE: 0.4731]
2025-08-26 09:06:27,494 - easytorch-training - INFO - Checkpoint checkpoints/DLinear/ETTh1_100_336_720/805e0c5a97ea3334ce27d61531b5984a/DLinear_029.pt saved
2025-08-26 09:06:27,494 - easytorch-training - INFO - The estimated training finish time is 2025-08-26 09:08:04
2025-08-26 09:06:27,494 - easytorch-training - INFO - Epoch 30 / 100
2025-08-26 09:06:28,431 - easytorch-training - INFO - Result <train>: [train/time: 0.94 (s), train/lr: 7.50e-05, train/loss: 0.5062, train/MAE: 0.5062, train/MSE: 0.5193]
2025-08-26 09:06:28,432 - easytorch-training - INFO - Start validation.
2025-08-26 09:06:28,648 - easytorch-training - INFO - Result <val>: [val/time: 0.22 (s), val/loss: 0.7469, val/MAE: 0.7469, val/MSE: 1.1710]
2025-08-26 09:06:28,853 - easytorch-training - INFO - Result <test>: [test/time: 0.20 (s), test/loss: 0.4799, test/MAE: 0.4799, test/MSE: 0.4725]
2025-08-26 09:06:28,862 - easytorch-training - INFO - Checkpoint checkpoints/DLinear/ETTh1_100_336_720/805e0c5a97ea3334ce27d61531b5984a/DLinear_030.pt saved
2025-08-26 09:06:28,868 - easytorch-training - INFO - The estimated training finish time is 2025-08-26 09:08:04
2025-08-26 09:06:28,868 - easytorch-training - INFO - Epoch 31 / 100
2025-08-26 09:06:29,832 - easytorch-training - INFO - Result <train>: [train/time: 0.96 (s), train/lr: 7.50e-05, train/loss: 0.5061, train/MAE: 0.5061, train/MSE: 0.5190]
2025-08-26 09:06:29,833 - easytorch-training - INFO - Start validation.
2025-08-26 09:06:30,019 - easytorch-training - INFO - Result <val>: [val/time: 0.19 (s), val/loss: 0.7492, val/MAE: 0.7492, val/MSE: 1.1780]
2025-08-26 09:06:30,220 - easytorch-training - INFO - Result <test>: [test/time: 0.20 (s), test/loss: 0.4774, test/MAE: 0.4774, test/MSE: 0.4697]
2025-08-26 09:06:30,230 - easytorch-training - INFO - Checkpoint checkpoints/DLinear/ETTh1_100_336_720/805e0c5a97ea3334ce27d61531b5984a/DLinear_031.pt saved
2025-08-26 09:06:30,230 - easytorch-training - INFO - The estimated training finish time is 2025-08-26 09:08:04
2025-08-26 09:06:30,230 - easytorch-training - INFO - Epoch 32 / 100
2025-08-26 09:06:31,189 - easytorch-training - INFO - Result <train>: [train/time: 0.96 (s), train/lr: 7.50e-05, train/loss: 0.5061, train/MAE: 0.5061, train/MSE: 0.5190]
2025-08-26 09:06:31,190 - easytorch-training - INFO - Start validation.
2025-08-26 09:06:31,412 - easytorch-training - INFO - Result <val>: [val/time: 0.22 (s), val/loss: 0.7445, val/MAE: 0.7445, val/MSE: 1.1646]
2025-08-26 09:06:31,620 - easytorch-training - INFO - Result <test>: [test/time: 0.21 (s), test/loss: 0.4819, test/MAE: 0.4819, test/MSE: 0.4749]
2025-08-26 09:06:31,629 - easytorch-training - INFO - Checkpoint checkpoints/DLinear/ETTh1_100_336_720/805e0c5a97ea3334ce27d61531b5984a/DLinear_032.pt saved
2025-08-26 09:06:31,630 - easytorch-training - INFO - The estimated training finish time is 2025-08-26 09:08:04
2025-08-26 09:06:31,630 - easytorch-training - INFO - Epoch 33 / 100
2025-08-26 09:06:32,574 - easytorch-training - INFO - Result <train>: [train/time: 0.94 (s), train/lr: 7.50e-05, train/loss: 0.5061, train/MAE: 0.5061, train/MSE: 0.5190]
2025-08-26 09:06:32,575 - easytorch-training - INFO - Start validation.
2025-08-26 09:06:32,788 - easytorch-training - INFO - Result <val>: [val/time: 0.21 (s), val/loss: 0.7450, val/MAE: 0.7450, val/MSE: 1.1650]
2025-08-26 09:06:33,000 - easytorch-training - INFO - Result <test>: [test/time: 0.21 (s), test/loss: 0.4805, test/MAE: 0.4805, test/MSE: 0.4732]
2025-08-26 09:06:33,010 - easytorch-training - INFO - Checkpoint checkpoints/DLinear/ETTh1_100_336_720/805e0c5a97ea3334ce27d61531b5984a/DLinear_033.pt saved
2025-08-26 09:06:33,010 - easytorch-training - INFO - The estimated training finish time is 2025-08-26 09:08:04
2025-08-26 09:06:33,010 - easytorch-training - INFO - Epoch 34 / 100
2025-08-26 09:06:33,942 - easytorch-training - INFO - Result <train>: [train/time: 0.93 (s), train/lr: 7.50e-05, train/loss: 0.5061, train/MAE: 0.5061, train/MSE: 0.5189]
2025-08-26 09:06:33,943 - easytorch-training - INFO - Start validation.
2025-08-26 09:06:34,151 - easytorch-training - INFO - Result <val>: [val/time: 0.21 (s), val/loss: 0.7453, val/MAE: 0.7453, val/MSE: 1.1662]
2025-08-26 09:06:34,371 - easytorch-training - INFO - Result <test>: [test/time: 0.22 (s), test/loss: 0.4808, test/MAE: 0.4808, test/MSE: 0.4734]
2025-08-26 09:06:34,380 - easytorch-training - INFO - Checkpoint checkpoints/DLinear/ETTh1_100_336_720/805e0c5a97ea3334ce27d61531b5984a/DLinear_034.pt saved
2025-08-26 09:06:34,380 - easytorch-training - INFO - The estimated training finish time is 2025-08-26 09:08:04
2025-08-26 09:06:34,380 - easytorch-training - INFO - Epoch 35 / 100
2025-08-26 09:06:35,321 - easytorch-training - INFO - Result <train>: [train/time: 0.94 (s), train/lr: 7.50e-05, train/loss: 0.5061, train/MAE: 0.5061, train/MSE: 0.5188]
2025-08-26 09:06:35,322 - easytorch-training - INFO - Start validation.
2025-08-26 09:06:35,531 - easytorch-training - INFO - Result <val>: [val/time: 0.21 (s), val/loss: 0.7488, val/MAE: 0.7488, val/MSE: 1.1772]
2025-08-26 09:06:35,738 - easytorch-training - INFO - Result <test>: [test/time: 0.21 (s), test/loss: 0.4783, test/MAE: 0.4783, test/MSE: 0.4707]
2025-08-26 09:06:35,750 - easytorch-training - INFO - Checkpoint checkpoints/DLinear/ETTh1_100_336_720/805e0c5a97ea3334ce27d61531b5984a/DLinear_035.pt saved
2025-08-26 09:06:35,750 - easytorch-training - INFO - The estimated training finish time is 2025-08-26 09:08:04
2025-08-26 09:06:35,750 - easytorch-training - INFO - Epoch 36 / 100
2025-08-26 09:06:36,695 - easytorch-training - INFO - Result <train>: [train/time: 0.95 (s), train/lr: 7.50e-05, train/loss: 0.5060, train/MAE: 0.5060, train/MSE: 0.5191]
2025-08-26 09:06:36,696 - easytorch-training - INFO - Start validation.
2025-08-26 09:06:36,934 - easytorch-training - INFO - Result <val>: [val/time: 0.24 (s), val/loss: 0.7456, val/MAE: 0.7456, val/MSE: 1.1670]
2025-08-26 09:06:37,145 - easytorch-training - INFO - Result <test>: [test/time: 0.21 (s), test/loss: 0.4805, test/MAE: 0.4805, test/MSE: 0.4731]
2025-08-26 09:06:37,156 - easytorch-training - INFO - Checkpoint checkpoints/DLinear/ETTh1_100_336_720/805e0c5a97ea3334ce27d61531b5984a/DLinear_036.pt saved
2025-08-26 09:06:37,156 - easytorch-training - INFO - The estimated training finish time is 2025-08-26 09:08:04
2025-08-26 09:06:37,156 - easytorch-training - INFO - Epoch 37 / 100
2025-08-26 09:06:38,086 - easytorch-training - INFO - Result <train>: [train/time: 0.93 (s), train/lr: 7.50e-05, train/loss: 0.5060, train/MAE: 0.5060, train/MSE: 0.5187]
2025-08-26 09:06:38,086 - easytorch-training - INFO - Start validation.
2025-08-26 09:06:38,278 - easytorch-training - INFO - Result <val>: [val/time: 0.19 (s), val/loss: 0.7475, val/MAE: 0.7475, val/MSE: 1.1729]
2025-08-26 09:06:38,473 - easytorch-training - INFO - Result <test>: [test/time: 0.19 (s), test/loss: 0.4786, test/MAE: 0.4786, test/MSE: 0.4711]
2025-08-26 09:06:38,483 - easytorch-training - INFO - Checkpoint checkpoints/DLinear/ETTh1_100_336_720/805e0c5a97ea3334ce27d61531b5984a/DLinear_037.pt saved
2025-08-26 09:06:38,483 - easytorch-training - INFO - The estimated training finish time is 2025-08-26 09:08:04
2025-08-26 09:06:38,483 - easytorch-training - INFO - Epoch 38 / 100
2025-08-26 09:06:39,394 - easytorch-training - INFO - Result <train>: [train/time: 0.91 (s), train/lr: 7.50e-05, train/loss: 0.5061, train/MAE: 0.5061, train/MSE: 0.5190]
2025-08-26 09:06:39,395 - easytorch-training - INFO - Start validation.
2025-08-26 09:06:39,606 - easytorch-training - INFO - Result <val>: [val/time: 0.21 (s), val/loss: 0.7393, val/MAE: 0.7393, val/MSE: 1.1475]
2025-08-26 09:06:39,806 - easytorch-training - INFO - Result <test>: [test/time: 0.20 (s), test/loss: 0.4869, test/MAE: 0.4869, test/MSE: 0.4811]
2025-08-26 09:06:39,815 - easytorch-training - INFO - Checkpoint checkpoints/DLinear/ETTh1_100_336_720/805e0c5a97ea3334ce27d61531b5984a/DLinear_038.pt saved
2025-08-26 09:06:39,815 - easytorch-training - INFO - The estimated training finish time is 2025-08-26 09:08:04
2025-08-26 09:06:39,815 - easytorch-training - INFO - Epoch 39 / 100
2025-08-26 09:06:40,734 - easytorch-training - INFO - Result <train>: [train/time: 0.92 (s), train/lr: 7.50e-05, train/loss: 0.5060, train/MAE: 0.5060, train/MSE: 0.5188]
2025-08-26 09:06:40,735 - easytorch-training - INFO - Start validation.
2025-08-26 09:06:40,947 - easytorch-training - INFO - Result <val>: [val/time: 0.21 (s), val/loss: 0.7461, val/MAE: 0.7461, val/MSE: 1.1690]
2025-08-26 09:06:41,150 - easytorch-training - INFO - Result <test>: [test/time: 0.20 (s), test/loss: 0.4807, test/MAE: 0.4807, test/MSE: 0.4739]
2025-08-26 09:06:41,158 - easytorch-training - INFO - Checkpoint checkpoints/DLinear/ETTh1_100_336_720/805e0c5a97ea3334ce27d61531b5984a/DLinear_039.pt saved
2025-08-26 09:06:41,158 - easytorch-training - INFO - The estimated training finish time is 2025-08-26 09:08:04
2025-08-26 09:06:41,158 - easytorch-training - INFO - Epoch 40 / 100
2025-08-26 09:06:42,069 - easytorch-training - INFO - Result <train>: [train/time: 0.91 (s), train/lr: 7.50e-05, train/loss: 0.5061, train/MAE: 0.5061, train/MSE: 0.5189]
2025-08-26 09:06:42,070 - easytorch-training - INFO - Start validation.
2025-08-26 09:06:42,245 - easytorch-training - INFO - Result <val>: [val/time: 0.17 (s), val/loss: 0.7438, val/MAE: 0.7438, val/MSE: 1.1620]
2025-08-26 09:06:42,425 - easytorch-training - INFO - Result <test>: [test/time: 0.18 (s), test/loss: 0.4822, test/MAE: 0.4822, test/MSE: 0.4757]
2025-08-26 09:06:42,433 - easytorch-training - INFO - Checkpoint checkpoints/DLinear/ETTh1_100_336_720/805e0c5a97ea3334ce27d61531b5984a/DLinear_040.pt saved
2025-08-26 09:06:42,439 - easytorch-training - INFO - The estimated training finish time is 2025-08-26 09:08:04
2025-08-26 09:06:42,439 - easytorch-training - INFO - Epoch 41 / 100
2025-08-26 09:06:43,359 - easytorch-training - INFO - Result <train>: [train/time: 0.92 (s), train/lr: 7.50e-05, train/loss: 0.5060, train/MAE: 0.5060, train/MSE: 0.5190]
2025-08-26 09:06:43,360 - easytorch-training - INFO - Start validation.
2025-08-26 09:06:43,574 - easytorch-training - INFO - Result <val>: [val/time: 0.21 (s), val/loss: 0.7474, val/MAE: 0.7474, val/MSE: 1.1730]
2025-08-26 09:06:43,784 - easytorch-training - INFO - Result <test>: [test/time: 0.21 (s), test/loss: 0.4777, test/MAE: 0.4777, test/MSE: 0.4701]
2025-08-26 09:06:43,793 - easytorch-training - INFO - Checkpoint checkpoints/DLinear/ETTh1_100_336_720/805e0c5a97ea3334ce27d61531b5984a/DLinear_041.pt saved
2025-08-26 09:06:43,793 - easytorch-training - INFO - The estimated training finish time is 2025-08-26 09:08:04
2025-08-26 09:06:43,793 - easytorch-training - INFO - Epoch 42 / 100
2025-08-26 09:06:44,706 - easytorch-training - INFO - Result <train>: [train/time: 0.91 (s), train/lr: 7.50e-05, train/loss: 0.5060, train/MAE: 0.5060, train/MSE: 0.5188]
2025-08-26 09:06:44,706 - easytorch-training - INFO - Start validation.
2025-08-26 09:06:44,920 - easytorch-training - INFO - Result <val>: [val/time: 0.21 (s), val/loss: 0.7406, val/MAE: 0.7406, val/MSE: 1.1518]
2025-08-26 09:06:45,142 - easytorch-training - INFO - Result <test>: [test/time: 0.22 (s), test/loss: 0.4868, test/MAE: 0.4868, test/MSE: 0.4814]
2025-08-26 09:06:45,151 - easytorch-training - INFO - Checkpoint checkpoints/DLinear/ETTh1_100_336_720/805e0c5a97ea3334ce27d61531b5984a/DLinear_042.pt saved
2025-08-26 09:06:45,151 - easytorch-training - INFO - The estimated training finish time is 2025-08-26 09:08:04
2025-08-26 09:06:45,151 - easytorch-training - INFO - Epoch 43 / 100
2025-08-26 09:06:46,028 - easytorch-training - INFO - Result <train>: [train/time: 0.88 (s), train/lr: 7.50e-05, train/loss: 0.5060, train/MAE: 0.5060, train/MSE: 0.5189]
2025-08-26 09:06:46,029 - easytorch-training - INFO - Start validation.
2025-08-26 09:06:46,205 - easytorch-training - INFO - Result <val>: [val/time: 0.18 (s), val/loss: 0.7446, val/MAE: 0.7446, val/MSE: 1.1641]
2025-08-26 09:06:46,384 - easytorch-training - INFO - Result <test>: [test/time: 0.18 (s), test/loss: 0.4820, test/MAE: 0.4820, test/MSE: 0.4752]
2025-08-26 09:06:46,393 - easytorch-training - INFO - Checkpoint checkpoints/DLinear/ETTh1_100_336_720/805e0c5a97ea3334ce27d61531b5984a/DLinear_043.pt saved
2025-08-26 09:06:46,393 - easytorch-training - INFO - The estimated training finish time is 2025-08-26 09:08:03
2025-08-26 09:06:46,393 - easytorch-training - INFO - Epoch 44 / 100
2025-08-26 09:06:47,288 - easytorch-training - INFO - Result <train>: [train/time: 0.89 (s), train/lr: 7.50e-05, train/loss: 0.5059, train/MAE: 0.5059, train/MSE: 0.5188]
2025-08-26 09:06:47,288 - easytorch-training - INFO - Start validation.
2025-08-26 09:06:47,494 - easytorch-training - INFO - Result <val>: [val/time: 0.21 (s), val/loss: 0.7470, val/MAE: 0.7470, val/MSE: 1.1726]
2025-08-26 09:06:47,696 - easytorch-training - INFO - Result <test>: [test/time: 0.20 (s), test/loss: 0.4792, test/MAE: 0.4792, test/MSE: 0.4718]
2025-08-26 09:06:47,704 - easytorch-training - INFO - Checkpoint checkpoints/DLinear/ETTh1_100_336_720/805e0c5a97ea3334ce27d61531b5984a/DLinear_044.pt saved
2025-08-26 09:06:47,705 - easytorch-training - INFO - The estimated training finish time is 2025-08-26 09:08:03
2025-08-26 09:06:47,705 - easytorch-training - INFO - Epoch 45 / 100
2025-08-26 09:06:48,617 - easytorch-training - INFO - Result <train>: [train/time: 0.91 (s), train/lr: 7.50e-05, train/loss: 0.5060, train/MAE: 0.5060, train/MSE: 0.5191]
2025-08-26 09:06:48,618 - easytorch-training - INFO - Start validation.
2025-08-26 09:06:48,835 - easytorch-training - INFO - Result <val>: [val/time: 0.22 (s), val/loss: 0.7427, val/MAE: 0.7427, val/MSE: 1.1580]
2025-08-26 09:06:49,045 - easytorch-training - INFO - Result <test>: [test/time: 0.21 (s), test/loss: 0.4838, test/MAE: 0.4838, test/MSE: 0.4772]
2025-08-26 09:06:49,053 - easytorch-training - INFO - Checkpoint checkpoints/DLinear/ETTh1_100_336_720/805e0c5a97ea3334ce27d61531b5984a/DLinear_045.pt saved
2025-08-26 09:06:49,053 - easytorch-training - INFO - The estimated training finish time is 2025-08-26 09:08:03
2025-08-26 09:06:49,054 - easytorch-training - INFO - Epoch 46 / 100
2025-08-26 09:06:49,977 - easytorch-training - INFO - Result <train>: [train/time: 0.92 (s), train/lr: 7.50e-05, train/loss: 0.5060, train/MAE: 0.5060, train/MSE: 0.5189]
2025-08-26 09:06:49,978 - easytorch-training - INFO - Start validation.
2025-08-26 09:06:50,185 - easytorch-training - INFO - Result <val>: [val/time: 0.21 (s), val/loss: 0.7477, val/MAE: 0.7477, val/MSE: 1.1735]
2025-08-26 09:06:50,390 - easytorch-training - INFO - Result <test>: [test/time: 0.20 (s), test/loss: 0.4781, test/MAE: 0.4781, test/MSE: 0.4702]
2025-08-26 09:06:50,399 - easytorch-training - INFO - Checkpoint checkpoints/DLinear/ETTh1_100_336_720/805e0c5a97ea3334ce27d61531b5984a/DLinear_046.pt saved
2025-08-26 09:06:50,399 - easytorch-training - INFO - The estimated training finish time is 2025-08-26 09:08:03
2025-08-26 09:06:50,400 - easytorch-training - INFO - Epoch 47 / 100
2025-08-26 09:06:51,315 - easytorch-training - INFO - Result <train>: [train/time: 0.92 (s), train/lr: 7.50e-05, train/loss: 0.5060, train/MAE: 0.5060, train/MSE: 0.5189]
2025-08-26 09:06:51,316 - easytorch-training - INFO - Start validation.
2025-08-26 09:06:51,520 - easytorch-training - INFO - Result <val>: [val/time: 0.20 (s), val/loss: 0.7454, val/MAE: 0.7454, val/MSE: 1.1660]
2025-08-26 09:06:51,717 - easytorch-training - INFO - Result <test>: [test/time: 0.20 (s), test/loss: 0.4809, test/MAE: 0.4809, test/MSE: 0.4741]
2025-08-26 09:06:51,726 - easytorch-training - INFO - Checkpoint checkpoints/DLinear/ETTh1_100_336_720/805e0c5a97ea3334ce27d61531b5984a/DLinear_047.pt saved
2025-08-26 09:06:51,726 - easytorch-training - INFO - The estimated training finish time is 2025-08-26 09:08:03
2025-08-26 09:06:51,726 - easytorch-training - INFO - Epoch 48 / 100
2025-08-26 09:06:52,664 - easytorch-training - INFO - Result <train>: [train/time: 0.94 (s), train/lr: 7.50e-05, train/loss: 0.5059, train/MAE: 0.5059, train/MSE: 0.5188]
2025-08-26 09:06:52,665 - easytorch-training - INFO - Start validation.
2025-08-26 09:06:52,843 - easytorch-training - INFO - Result <val>: [val/time: 0.18 (s), val/loss: 0.7451, val/MAE: 0.7451, val/MSE: 1.1653]
2025-08-26 09:06:53,044 - easytorch-training - INFO - Result <test>: [test/time: 0.20 (s), test/loss: 0.4811, test/MAE: 0.4811, test/MSE: 0.4740]
2025-08-26 09:06:53,052 - easytorch-training - INFO - Checkpoint checkpoints/DLinear/ETTh1_100_336_720/805e0c5a97ea3334ce27d61531b5984a/DLinear_048.pt saved
2025-08-26 09:06:53,053 - easytorch-training - INFO - The estimated training finish time is 2025-08-26 09:08:03
2025-08-26 09:06:53,053 - easytorch-training - INFO - Epoch 49 / 100
2025-08-26 09:06:53,961 - easytorch-training - INFO - Result <train>: [train/time: 0.91 (s), train/lr: 7.50e-05, train/loss: 0.5060, train/MAE: 0.5060, train/MSE: 0.5187]
2025-08-26 09:06:53,961 - easytorch-training - INFO - Start validation.
2025-08-26 09:06:54,168 - easytorch-training - INFO - Result <val>: [val/time: 0.21 (s), val/loss: 0.7428, val/MAE: 0.7428, val/MSE: 1.1585]
2025-08-26 09:06:54,360 - easytorch-training - INFO - Result <test>: [test/time: 0.19 (s), test/loss: 0.4833, test/MAE: 0.4833, test/MSE: 0.4768]
2025-08-26 09:06:54,369 - easytorch-training - INFO - Checkpoint checkpoints/DLinear/ETTh1_100_336_720/805e0c5a97ea3334ce27d61531b5984a/DLinear_049.pt saved
2025-08-26 09:06:54,370 - easytorch-training - INFO - The estimated training finish time is 2025-08-26 09:08:03
2025-08-26 09:06:54,370 - easytorch-training - INFO - Epoch 50 / 100
2025-08-26 09:06:55,277 - easytorch-training - INFO - Result <train>: [train/time: 0.91 (s), train/lr: 7.50e-05, train/loss: 0.5059, train/MAE: 0.5059, train/MSE: 0.5188]
2025-08-26 09:06:55,278 - easytorch-training - INFO - Start validation.
2025-08-26 09:06:55,496 - easytorch-training - INFO - Result <val>: [val/time: 0.22 (s), val/loss: 0.7426, val/MAE: 0.7426, val/MSE: 1.1584]
2025-08-26 09:06:55,694 - easytorch-training - INFO - Result <test>: [test/time: 0.20 (s), test/loss: 0.4830, test/MAE: 0.4830, test/MSE: 0.4767]
2025-08-26 09:06:55,701 - easytorch-training - INFO - Checkpoint checkpoints/DLinear/ETTh1_100_336_720/805e0c5a97ea3334ce27d61531b5984a/DLinear_050.pt saved
2025-08-26 09:06:55,706 - easytorch-training - INFO - The estimated training finish time is 2025-08-26 09:08:03
2025-08-26 09:06:55,707 - easytorch-training - INFO - Epoch 51 / 100
2025-08-26 09:06:56,620 - easytorch-training - INFO - Result <train>: [train/time: 0.91 (s), train/lr: 7.50e-05, train/loss: 0.5059, train/MAE: 0.5059, train/MSE: 0.5187]
2025-08-26 09:06:56,620 - easytorch-training - INFO - Start validation.
2025-08-26 09:06:56,805 - easytorch-training - INFO - Result <val>: [val/time: 0.18 (s), val/loss: 0.7460, val/MAE: 0.7460, val/MSE: 1.1687]
2025-08-26 09:06:57,002 - easytorch-training - INFO - Result <test>: [test/time: 0.20 (s), test/loss: 0.4806, test/MAE: 0.4806, test/MSE: 0.4737]
2025-08-26 09:06:57,010 - easytorch-training - INFO - Checkpoint checkpoints/DLinear/ETTh1_100_336_720/805e0c5a97ea3334ce27d61531b5984a/DLinear_051.pt saved
2025-08-26 09:06:57,011 - easytorch-training - INFO - The estimated training finish time is 2025-08-26 09:08:03
2025-08-26 09:06:57,011 - easytorch-training - INFO - Epoch 52 / 100
2025-08-26 09:06:57,914 - easytorch-training - INFO - Result <train>: [train/time: 0.90 (s), train/lr: 7.50e-05, train/loss: 0.5059, train/MAE: 0.5059, train/MSE: 0.5189]
2025-08-26 09:06:57,915 - easytorch-training - INFO - Start validation.
2025-08-26 09:06:58,128 - easytorch-training - INFO - Result <val>: [val/time: 0.21 (s), val/loss: 0.7456, val/MAE: 0.7456, val/MSE: 1.1663]
2025-08-26 09:06:58,325 - easytorch-training - INFO - Result <test>: [test/time: 0.20 (s), test/loss: 0.4807, test/MAE: 0.4807, test/MSE: 0.4737]
2025-08-26 09:06:58,335 - easytorch-training - INFO - Checkpoint checkpoints/DLinear/ETTh1_100_336_720/805e0c5a97ea3334ce27d61531b5984a/DLinear_052.pt saved
2025-08-26 09:06:58,335 - easytorch-training - INFO - The estimated training finish time is 2025-08-26 09:08:03
2025-08-26 09:06:58,335 - easytorch-training - INFO - Epoch 53 / 100
2025-08-26 09:06:59,237 - easytorch-training - INFO - Result <train>: [train/time: 0.90 (s), train/lr: 7.50e-05, train/loss: 0.5059, train/MAE: 0.5059, train/MSE: 0.5188]
2025-08-26 09:06:59,238 - easytorch-training - INFO - Start validation.
2025-08-26 09:06:59,413 - easytorch-training - INFO - Result <val>: [val/time: 0.17 (s), val/loss: 0.7414, val/MAE: 0.7414, val/MSE: 1.1553]
2025-08-26 09:06:59,600 - easytorch-training - INFO - Result <test>: [test/time: 0.19 (s), test/loss: 0.4852, test/MAE: 0.4852, test/MSE: 0.4792]
2025-08-26 09:06:59,609 - easytorch-training - INFO - Checkpoint checkpoints/DLinear/ETTh1_100_336_720/805e0c5a97ea3334ce27d61531b5984a/DLinear_053.pt saved
2025-08-26 09:06:59,609 - easytorch-training - INFO - The estimated training finish time is 2025-08-26 09:08:03
2025-08-26 09:06:59,610 - easytorch-training - INFO - Epoch 54 / 100
2025-08-26 09:07:00,513 - easytorch-training - INFO - Result <train>: [train/time: 0.90 (s), train/lr: 7.50e-05, train/loss: 0.5059, train/MAE: 0.5059, train/MSE: 0.5189]
2025-08-26 09:07:00,514 - easytorch-training - INFO - Start validation.
2025-08-26 09:07:00,724 - easytorch-training - INFO - Result <val>: [val/time: 0.21 (s), val/loss: 0.7483, val/MAE: 0.7483, val/MSE: 1.1754]
2025-08-26 09:07:00,926 - easytorch-training - INFO - Result <test>: [test/time: 0.20 (s), test/loss: 0.4772, test/MAE: 0.4772, test/MSE: 0.4696]
2025-08-26 09:07:00,935 - easytorch-training - INFO - Checkpoint checkpoints/DLinear/ETTh1_100_336_720/805e0c5a97ea3334ce27d61531b5984a/DLinear_054.pt saved
2025-08-26 09:07:00,935 - easytorch-training - INFO - The estimated training finish time is 2025-08-26 09:08:03
2025-08-26 09:07:00,935 - easytorch-training - INFO - Epoch 55 / 100
2025-08-26 09:07:01,861 - easytorch-training - INFO - Result <train>: [train/time: 0.93 (s), train/lr: 7.50e-05, train/loss: 0.5060, train/MAE: 0.5060, train/MSE: 0.5188]
2025-08-26 09:07:01,862 - easytorch-training - INFO - Start validation.
2025-08-26 09:07:02,042 - easytorch-training - INFO - Result <val>: [val/time: 0.18 (s), val/loss: 0.7442, val/MAE: 0.7442, val/MSE: 1.1626]
2025-08-26 09:07:02,234 - easytorch-training - INFO - Result <test>: [test/time: 0.19 (s), test/loss: 0.4815, test/MAE: 0.4815, test/MSE: 0.4745]
2025-08-26 09:07:02,243 - easytorch-training - INFO - Checkpoint checkpoints/DLinear/ETTh1_100_336_720/805e0c5a97ea3334ce27d61531b5984a/DLinear_055.pt saved
2025-08-26 09:07:02,243 - easytorch-training - INFO - The estimated training finish time is 2025-08-26 09:08:02
2025-08-26 09:07:02,243 - easytorch-training - INFO - Epoch 56 / 100
2025-08-26 09:07:03,189 - easytorch-training - INFO - Result <train>: [train/time: 0.95 (s), train/lr: 7.50e-05, train/loss: 0.5059, train/MAE: 0.5059, train/MSE: 0.5188]
2025-08-26 09:07:03,190 - easytorch-training - INFO - Start validation.
2025-08-26 09:07:03,407 - easytorch-training - INFO - Result <val>: [val/time: 0.22 (s), val/loss: 0.7447, val/MAE: 0.7447, val/MSE: 1.1639]
2025-08-26 09:07:03,614 - easytorch-training - INFO - Result <test>: [test/time: 0.21 (s), test/loss: 0.4808, test/MAE: 0.4808, test/MSE: 0.4737]
2025-08-26 09:07:03,625 - easytorch-training - INFO - Checkpoint checkpoints/DLinear/ETTh1_100_336_720/805e0c5a97ea3334ce27d61531b5984a/DLinear_056.pt saved
2025-08-26 09:07:03,625 - easytorch-training - INFO - The estimated training finish time is 2025-08-26 09:08:03
2025-08-26 09:07:03,625 - easytorch-training - INFO - Epoch 57 / 100
2025-08-26 09:07:04,538 - easytorch-training - INFO - Result <train>: [train/time: 0.91 (s), train/lr: 7.50e-05, train/loss: 0.5059, train/MAE: 0.5059, train/MSE: 0.5188]
2025-08-26 09:07:04,539 - easytorch-training - INFO - Start validation.
2025-08-26 09:07:04,744 - easytorch-training - INFO - Result <val>: [val/time: 0.20 (s), val/loss: 0.7449, val/MAE: 0.7449, val/MSE: 1.1645]
2025-08-26 09:07:04,953 - easytorch-training - INFO - Result <test>: [test/time: 0.21 (s), test/loss: 0.4804, test/MAE: 0.4804, test/MSE: 0.4731]
2025-08-26 09:07:04,961 - easytorch-training - INFO - Checkpoint checkpoints/DLinear/ETTh1_100_336_720/805e0c5a97ea3334ce27d61531b5984a/DLinear_057.pt saved
2025-08-26 09:07:04,961 - easytorch-training - INFO - The estimated training finish time is 2025-08-26 09:08:02
2025-08-26 09:07:04,961 - easytorch-training - INFO - Epoch 58 / 100
2025-08-26 09:07:05,922 - easytorch-training - INFO - Result <train>: [train/time: 0.96 (s), train/lr: 7.50e-05, train/loss: 0.5059, train/MAE: 0.5059, train/MSE: 0.5185]
2025-08-26 09:07:05,922 - easytorch-training - INFO - Start validation.
2025-08-26 09:07:06,129 - easytorch-training - INFO - Result <val>: [val/time: 0.21 (s), val/loss: 0.7444, val/MAE: 0.7444, val/MSE: 1.1634]
2025-08-26 09:07:06,329 - easytorch-training - INFO - Result <test>: [test/time: 0.20 (s), test/loss: 0.4819, test/MAE: 0.4819, test/MSE: 0.4749]
2025-08-26 09:07:06,337 - easytorch-training - INFO - Checkpoint checkpoints/DLinear/ETTh1_100_336_720/805e0c5a97ea3334ce27d61531b5984a/DLinear_058.pt saved
2025-08-26 09:07:06,337 - easytorch-training - INFO - The estimated training finish time is 2025-08-26 09:08:03
2025-08-26 09:07:06,338 - easytorch-training - INFO - Epoch 59 / 100
2025-08-26 09:07:07,261 - easytorch-training - INFO - Result <train>: [train/time: 0.92 (s), train/lr: 7.50e-05, train/loss: 0.5059, train/MAE: 0.5059, train/MSE: 0.5189]
2025-08-26 09:07:07,262 - easytorch-training - INFO - Start validation.
2025-08-26 09:07:07,470 - easytorch-training - INFO - Result <val>: [val/time: 0.21 (s), val/loss: 0.7463, val/MAE: 0.7463, val/MSE: 1.1686]
2025-08-26 09:07:07,668 - easytorch-training - INFO - Result <test>: [test/time: 0.20 (s), test/loss: 0.4793, test/MAE: 0.4793, test/MSE: 0.4722]
2025-08-26 09:07:07,677 - easytorch-training - INFO - Checkpoint checkpoints/DLinear/ETTh1_100_336_720/805e0c5a97ea3334ce27d61531b5984a/DLinear_059.pt saved
2025-08-26 09:07:07,677 - easytorch-training - INFO - The estimated training finish time is 2025-08-26 09:08:03
2025-08-26 09:07:07,677 - easytorch-training - INFO - Epoch 60 / 100
2025-08-26 09:07:08,579 - easytorch-training - INFO - Result <train>: [train/time: 0.90 (s), train/lr: 7.50e-05, train/loss: 0.5059, train/MAE: 0.5059, train/MSE: 0.5188]
2025-08-26 09:07:08,580 - easytorch-training - INFO - Start validation.
2025-08-26 09:07:08,787 - easytorch-training - INFO - Result <val>: [val/time: 0.21 (s), val/loss: 0.7446, val/MAE: 0.7446, val/MSE: 1.1646]
2025-08-26 09:07:08,991 - easytorch-training - INFO - Result <test>: [test/time: 0.20 (s), test/loss: 0.4816, test/MAE: 0.4816, test/MSE: 0.4746]
2025-08-26 09:07:09,000 - easytorch-training - INFO - Checkpoint checkpoints/DLinear/ETTh1_100_336_720/805e0c5a97ea3334ce27d61531b5984a/DLinear_060.pt saved
2025-08-26 09:07:09,006 - easytorch-training - INFO - The estimated training finish time is 2025-08-26 09:08:02
2025-08-26 09:07:09,006 - easytorch-training - INFO - Epoch 61 / 100
2025-08-26 09:07:09,915 - easytorch-training - INFO - Result <train>: [train/time: 0.91 (s), train/lr: 7.50e-05, train/loss: 0.5059, train/MAE: 0.5059, train/MSE: 0.5186]
2025-08-26 09:07:09,915 - easytorch-training - INFO - Start validation.
2025-08-26 09:07:10,091 - easytorch-training - INFO - Result <val>: [val/time: 0.18 (s), val/loss: 0.7483, val/MAE: 0.7483, val/MSE: 1.1762]
2025-08-26 09:07:10,271 - easytorch-training - INFO - Result <test>: [test/time: 0.18 (s), test/loss: 0.4777, test/MAE: 0.4777, test/MSE: 0.4703]
2025-08-26 09:07:10,279 - easytorch-training - INFO - Checkpoint checkpoints/DLinear/ETTh1_100_336_720/805e0c5a97ea3334ce27d61531b5984a/DLinear_061.pt saved
2025-08-26 09:07:10,280 - easytorch-training - INFO - The estimated training finish time is 2025-08-26 09:08:02
2025-08-26 09:07:10,280 - easytorch-training - INFO - Epoch 62 / 100
2025-08-26 09:07:11,204 - easytorch-training - INFO - Result <train>: [train/time: 0.92 (s), train/lr: 7.50e-05, train/loss: 0.5059, train/MAE: 0.5059, train/MSE: 0.5188]
2025-08-26 09:07:11,206 - easytorch-training - INFO - Start validation.
2025-08-26 09:07:11,417 - easytorch-training - INFO - Result <val>: [val/time: 0.21 (s), val/loss: 0.7413, val/MAE: 0.7413, val/MSE: 1.1541]
2025-08-26 09:07:11,629 - easytorch-training - INFO - Result <test>: [test/time: 0.21 (s), test/loss: 0.4846, test/MAE: 0.4846, test/MSE: 0.4783]
2025-08-26 09:07:11,638 - easytorch-training - INFO - Checkpoint checkpoints/DLinear/ETTh1_100_336_720/805e0c5a97ea3334ce27d61531b5984a/DLinear_062.pt saved
2025-08-26 09:07:11,638 - easytorch-training - INFO - The estimated training finish time is 2025-08-26 09:08:02
2025-08-26 09:07:11,638 - easytorch-training - INFO - Epoch 63 / 100
2025-08-26 09:07:12,543 - easytorch-training - INFO - Result <train>: [train/time: 0.90 (s), train/lr: 7.50e-05, train/loss: 0.5058, train/MAE: 0.5058, train/MSE: 0.5187]
2025-08-26 09:07:12,544 - easytorch-training - INFO - Start validation.
2025-08-26 09:07:12,752 - easytorch-training - INFO - Result <val>: [val/time: 0.21 (s), val/loss: 0.7488, val/MAE: 0.7488, val/MSE: 1.1771]
2025-08-26 09:07:12,954 - easytorch-training - INFO - Result <test>: [test/time: 0.20 (s), test/loss: 0.4772, test/MAE: 0.4772, test/MSE: 0.4695]
2025-08-26 09:07:12,963 - easytorch-training - INFO - Checkpoint checkpoints/DLinear/ETTh1_100_336_720/805e0c5a97ea3334ce27d61531b5984a/DLinear_063.pt saved
2025-08-26 09:07:12,963 - easytorch-training - INFO - The estimated training finish time is 2025-08-26 09:08:02
2025-08-26 09:07:12,963 - easytorch-training - INFO - Epoch 64 / 100
2025-08-26 09:07:13,861 - easytorch-training - INFO - Result <train>: [train/time: 0.90 (s), train/lr: 7.50e-05, train/loss: 0.5059, train/MAE: 0.5059, train/MSE: 0.5189]
2025-08-26 09:07:13,862 - easytorch-training - INFO - Start validation.
2025-08-26 09:07:14,080 - easytorch-training - INFO - Result <val>: [val/time: 0.22 (s), val/loss: 0.7479, val/MAE: 0.7479, val/MSE: 1.1747]
2025-08-26 09:07:14,283 - easytorch-training - INFO - Result <test>: [test/time: 0.20 (s), test/loss: 0.4776, test/MAE: 0.4776, test/MSE: 0.4700]
2025-08-26 09:07:14,293 - easytorch-training - INFO - Checkpoint checkpoints/DLinear/ETTh1_100_336_720/805e0c5a97ea3334ce27d61531b5984a/DLinear_064.pt saved
2025-08-26 09:07:14,293 - easytorch-training - INFO - The estimated training finish time is 2025-08-26 09:08:02
2025-08-26 09:07:14,293 - easytorch-training - INFO - Epoch 65 / 100
2025-08-26 09:07:15,189 - easytorch-training - INFO - Result <train>: [train/time: 0.90 (s), train/lr: 7.50e-05, train/loss: 0.5059, train/MAE: 0.5059, train/MSE: 0.5188]
2025-08-26 09:07:15,191 - easytorch-training - INFO - Start validation.
2025-08-26 09:07:15,403 - easytorch-training - INFO - Result <val>: [val/time: 0.21 (s), val/loss: 0.7416, val/MAE: 0.7416, val/MSE: 1.1548]
2025-08-26 09:07:15,606 - easytorch-training - INFO - Result <test>: [test/time: 0.20 (s), test/loss: 0.4841, test/MAE: 0.4841, test/MSE: 0.4781]
2025-08-26 09:07:15,615 - easytorch-training - INFO - Checkpoint checkpoints/DLinear/ETTh1_100_336_720/805e0c5a97ea3334ce27d61531b5984a/DLinear_065.pt saved
2025-08-26 09:07:15,616 - easytorch-training - INFO - The estimated training finish time is 2025-08-26 09:08:02
2025-08-26 09:07:15,616 - easytorch-training - INFO - Epoch 66 / 100
2025-08-26 09:07:16,557 - easytorch-training - INFO - Result <train>: [train/time: 0.94 (s), train/lr: 7.50e-05, train/loss: 0.5059, train/MAE: 0.5059, train/MSE: 0.5187]
2025-08-26 09:07:16,557 - easytorch-training - INFO - Start validation.
2025-08-26 09:07:16,769 - easytorch-training - INFO - Result <val>: [val/time: 0.21 (s), val/loss: 0.7434, val/MAE: 0.7434, val/MSE: 1.1610]
2025-08-26 09:07:16,962 - easytorch-training - INFO - Result <test>: [test/time: 0.19 (s), test/loss: 0.4829, test/MAE: 0.4829, test/MSE: 0.4764]
2025-08-26 09:07:16,971 - easytorch-training - INFO - Checkpoint checkpoints/DLinear/ETTh1_100_336_720/805e0c5a97ea3334ce27d61531b5984a/DLinear_066.pt saved
2025-08-26 09:07:16,971 - easytorch-training - INFO - The estimated training finish time is 2025-08-26 09:08:02
2025-08-26 09:07:16,972 - easytorch-training - INFO - Epoch 67 / 100
2025-08-26 09:07:17,878 - easytorch-training - INFO - Result <train>: [train/time: 0.91 (s), train/lr: 7.50e-05, train/loss: 0.5058, train/MAE: 0.5058, train/MSE: 0.5187]
2025-08-26 09:07:17,879 - easytorch-training - INFO - Start validation.
2025-08-26 09:07:18,094 - easytorch-training - INFO - Result <val>: [val/time: 0.22 (s), val/loss: 0.7479, val/MAE: 0.7479, val/MSE: 1.1743]
2025-08-26 09:07:18,292 - easytorch-training - INFO - Result <test>: [test/time: 0.20 (s), test/loss: 0.4789, test/MAE: 0.4789, test/MSE: 0.4712]
2025-08-26 09:07:18,300 - easytorch-training - INFO - Checkpoint checkpoints/DLinear/ETTh1_100_336_720/805e0c5a97ea3334ce27d61531b5984a/DLinear_067.pt saved
2025-08-26 09:07:18,300 - easytorch-training - INFO - The estimated training finish time is 2025-08-26 09:08:02
2025-08-26 09:07:18,300 - easytorch-training - INFO - Epoch 68 / 100
2025-08-26 09:07:19,233 - easytorch-training - INFO - Result <train>: [train/time: 0.93 (s), train/lr: 7.50e-05, train/loss: 0.5059, train/MAE: 0.5059, train/MSE: 0.5188]
2025-08-26 09:07:19,233 - easytorch-training - INFO - Start validation.
2025-08-26 09:07:19,441 - easytorch-training - INFO - Result <val>: [val/time: 0.21 (s), val/loss: 0.7469, val/MAE: 0.7469, val/MSE: 1.1706]
2025-08-26 09:07:19,636 - easytorch-training - INFO - Result <test>: [test/time: 0.19 (s), test/loss: 0.4792, test/MAE: 0.4792, test/MSE: 0.4721]
2025-08-26 09:07:19,644 - easytorch-training - INFO - Checkpoint checkpoints/DLinear/ETTh1_100_336_720/805e0c5a97ea3334ce27d61531b5984a/DLinear_068.pt saved
2025-08-26 09:07:19,645 - easytorch-training - INFO - The estimated training finish time is 2025-08-26 09:08:02
2025-08-26 09:07:19,645 - easytorch-training - INFO - Epoch 69 / 100
2025-08-26 09:07:20,591 - easytorch-training - INFO - Result <train>: [train/time: 0.95 (s), train/lr: 7.50e-05, train/loss: 0.5059, train/MAE: 0.5059, train/MSE: 0.5187]
2025-08-26 09:07:20,592 - easytorch-training - INFO - Start validation.
2025-08-26 09:07:20,801 - easytorch-training - INFO - Result <val>: [val/time: 0.21 (s), val/loss: 0.7429, val/MAE: 0.7429, val/MSE: 1.1595]
2025-08-26 09:07:20,999 - easytorch-training - INFO - Result <test>: [test/time: 0.20 (s), test/loss: 0.4824, test/MAE: 0.4824, test/MSE: 0.4756]
2025-08-26 09:07:21,008 - easytorch-training - INFO - Checkpoint checkpoints/DLinear/ETTh1_100_336_720/805e0c5a97ea3334ce27d61531b5984a/DLinear_069.pt saved
2025-08-26 09:07:21,008 - easytorch-training - INFO - The estimated training finish time is 2025-08-26 09:08:02
2025-08-26 09:07:21,009 - easytorch-training - INFO - Epoch 70 / 100
2025-08-26 09:07:21,937 - easytorch-training - INFO - Result <train>: [train/time: 0.93 (s), train/lr: 7.50e-05, train/loss: 0.5058, train/MAE: 0.5058, train/MSE: 0.5186]
2025-08-26 09:07:21,938 - easytorch-training - INFO - Start validation.
2025-08-26 09:07:22,144 - easytorch-training - INFO - Result <val>: [val/time: 0.21 (s), val/loss: 0.7436, val/MAE: 0.7436, val/MSE: 1.1611]
2025-08-26 09:07:22,347 - easytorch-training - INFO - Result <test>: [test/time: 0.20 (s), test/loss: 0.4829, test/MAE: 0.4829, test/MSE: 0.4763]
2025-08-26 09:07:22,355 - easytorch-training - INFO - Checkpoint checkpoints/DLinear/ETTh1_100_336_720/805e0c5a97ea3334ce27d61531b5984a/DLinear_070.pt saved
2025-08-26 09:07:22,361 - easytorch-training - INFO - The estimated training finish time is 2025-08-26 09:08:02
2025-08-26 09:07:22,361 - easytorch-training - INFO - Epoch 71 / 100
2025-08-26 09:07:23,265 - easytorch-training - INFO - Result <train>: [train/time: 0.90 (s), train/lr: 7.50e-05, train/loss: 0.5059, train/MAE: 0.5059, train/MSE: 0.5187]
2025-08-26 09:07:23,266 - easytorch-training - INFO - Start validation.
2025-08-26 09:07:23,476 - easytorch-training - INFO - Result <val>: [val/time: 0.21 (s), val/loss: 0.7470, val/MAE: 0.7470, val/MSE: 1.1720]
2025-08-26 09:07:23,688 - easytorch-training - INFO - Result <test>: [test/time: 0.21 (s), test/loss: 0.4797, test/MAE: 0.4797, test/MSE: 0.4726]
2025-08-26 09:07:23,696 - easytorch-training - INFO - Checkpoint checkpoints/DLinear/ETTh1_100_336_720/805e0c5a97ea3334ce27d61531b5984a/DLinear_071.pt saved
2025-08-26 09:07:23,696 - easytorch-training - INFO - The estimated training finish time is 2025-08-26 09:08:02
2025-08-26 09:07:23,696 - easytorch-training - INFO - Epoch 72 / 100
2025-08-26 09:07:24,617 - easytorch-training - INFO - Result <train>: [train/time: 0.92 (s), train/lr: 7.50e-05, train/loss: 0.5059, train/MAE: 0.5059, train/MSE: 0.5187]
2025-08-26 09:07:24,618 - easytorch-training - INFO - Start validation.
2025-08-26 09:07:24,794 - easytorch-training - INFO - Result <val>: [val/time: 0.18 (s), val/loss: 0.7482, val/MAE: 0.7482, val/MSE: 1.1755]
2025-08-26 09:07:24,984 - easytorch-training - INFO - Result <test>: [test/time: 0.19 (s), test/loss: 0.4778, test/MAE: 0.4778, test/MSE: 0.4701]
2025-08-26 09:07:24,993 - easytorch-training - INFO - Checkpoint checkpoints/DLinear/ETTh1_100_336_720/805e0c5a97ea3334ce27d61531b5984a/DLinear_072.pt saved
2025-08-26 09:07:24,993 - easytorch-training - INFO - The estimated training finish time is 2025-08-26 09:08:02
2025-08-26 09:07:24,993 - easytorch-training - INFO - Epoch 73 / 100
2025-08-26 09:07:25,889 - easytorch-training - INFO - Result <train>: [train/time: 0.90 (s), train/lr: 7.50e-05, train/loss: 0.5060, train/MAE: 0.5060, train/MSE: 0.5191]
2025-08-26 09:07:25,891 - easytorch-training - INFO - Start validation.
2025-08-26 09:07:26,104 - easytorch-training - INFO - Result <val>: [val/time: 0.21 (s), val/loss: 0.7470, val/MAE: 0.7470, val/MSE: 1.1714]
2025-08-26 09:07:26,315 - easytorch-training - INFO - Result <test>: [test/time: 0.21 (s), test/loss: 0.4791, test/MAE: 0.4791, test/MSE: 0.4720]
2025-08-26 09:07:26,329 - easytorch-training - INFO - Checkpoint checkpoints/DLinear/ETTh1_100_336_720/805e0c5a97ea3334ce27d61531b5984a/DLinear_073.pt saved
2025-08-26 09:07:26,330 - easytorch-training - INFO - The estimated training finish time is 2025-08-26 09:08:02
2025-08-26 09:07:26,330 - easytorch-training - INFO - Epoch 74 / 100
2025-08-26 09:07:27,210 - easytorch-training - INFO - Result <train>: [train/time: 0.88 (s), train/lr: 7.50e-05, train/loss: 0.5059, train/MAE: 0.5059, train/MSE: 0.5187]
2025-08-26 09:07:27,211 - easytorch-training - INFO - Start validation.
2025-08-26 09:07:27,395 - easytorch-training - INFO - Result <val>: [val/time: 0.18 (s), val/loss: 0.7418, val/MAE: 0.7418, val/MSE: 1.1557]
2025-08-26 09:07:27,590 - easytorch-training - INFO - Result <test>: [test/time: 0.19 (s), test/loss: 0.4844, test/MAE: 0.4844, test/MSE: 0.4782]
2025-08-26 09:07:27,599 - easytorch-training - INFO - Checkpoint checkpoints/DLinear/ETTh1_100_336_720/805e0c5a97ea3334ce27d61531b5984a/DLinear_074.pt saved
2025-08-26 09:07:27,600 - easytorch-training - INFO - The estimated training finish time is 2025-08-26 09:08:02
2025-08-26 09:07:27,600 - easytorch-training - INFO - Epoch 75 / 100
2025-08-26 09:07:28,515 - easytorch-training - INFO - Result <train>: [train/time: 0.92 (s), train/lr: 7.50e-05, train/loss: 0.5059, train/MAE: 0.5059, train/MSE: 0.5189]
2025-08-26 09:07:28,516 - easytorch-training - INFO - Start validation.
2025-08-26 09:07:28,721 - easytorch-training - INFO - Result <val>: [val/time: 0.20 (s), val/loss: 0.7450, val/MAE: 0.7450, val/MSE: 1.1652]
2025-08-26 09:07:28,935 - easytorch-training - INFO - Result <test>: [test/time: 0.21 (s), test/loss: 0.4808, test/MAE: 0.4808, test/MSE: 0.4735]
2025-08-26 09:07:28,944 - easytorch-training - INFO - Checkpoint checkpoints/DLinear/ETTh1_100_336_720/805e0c5a97ea3334ce27d61531b5984a/DLinear_075.pt saved
2025-08-26 09:07:28,944 - easytorch-training - INFO - The estimated training finish time is 2025-08-26 09:08:02
2025-08-26 09:07:28,944 - easytorch-training - INFO - Epoch 76 / 100
2025-08-26 09:07:29,861 - easytorch-training - INFO - Result <train>: [train/time: 0.92 (s), train/lr: 7.50e-05, train/loss: 0.5058, train/MAE: 0.5058, train/MSE: 0.5187]
2025-08-26 09:07:29,862 - easytorch-training - INFO - Start validation.
2025-08-26 09:07:30,071 - easytorch-training - INFO - Result <val>: [val/time: 0.21 (s), val/loss: 0.7489, val/MAE: 0.7489, val/MSE: 1.1767]
2025-08-26 09:07:30,273 - easytorch-training - INFO - Result <test>: [test/time: 0.20 (s), test/loss: 0.4773, test/MAE: 0.4773, test/MSE: 0.4693]
2025-08-26 09:07:30,281 - easytorch-training - INFO - Checkpoint checkpoints/DLinear/ETTh1_100_336_720/805e0c5a97ea3334ce27d61531b5984a/DLinear_076.pt saved
2025-08-26 09:07:30,281 - easytorch-training - INFO - The estimated training finish time is 2025-08-26 09:08:02
2025-08-26 09:07:30,281 - easytorch-training - INFO - Epoch 77 / 100
2025-08-26 09:07:31,188 - easytorch-training - INFO - Result <train>: [train/time: 0.91 (s), train/lr: 7.50e-05, train/loss: 0.5059, train/MAE: 0.5059, train/MSE: 0.5189]
2025-08-26 09:07:31,190 - easytorch-training - INFO - Start validation.
2025-08-26 09:07:31,377 - easytorch-training - INFO - Result <val>: [val/time: 0.19 (s), val/loss: 0.7431, val/MAE: 0.7431, val/MSE: 1.1581]
2025-08-26 09:07:31,562 - easytorch-training - INFO - Result <test>: [test/time: 0.18 (s), test/loss: 0.4823, test/MAE: 0.4823, test/MSE: 0.4754]
2025-08-26 09:07:31,570 - easytorch-training - INFO - Checkpoint checkpoints/DLinear/ETTh1_100_336_720/805e0c5a97ea3334ce27d61531b5984a/DLinear_077.pt saved
2025-08-26 09:07:31,570 - easytorch-training - INFO - The estimated training finish time is 2025-08-26 09:08:02
2025-08-26 09:07:31,570 - easytorch-training - INFO - Epoch 78 / 100
2025-08-26 09:07:32,481 - easytorch-training - INFO - Result <train>: [train/time: 0.91 (s), train/lr: 7.50e-05, train/loss: 0.5059, train/MAE: 0.5059, train/MSE: 0.5188]
2025-08-26 09:07:32,482 - easytorch-training - INFO - Start validation.
2025-08-26 09:07:32,666 - easytorch-training - INFO - Result <val>: [val/time: 0.18 (s), val/loss: 0.7464, val/MAE: 0.7464, val/MSE: 1.1700]
2025-08-26 09:07:32,851 - easytorch-training - INFO - Result <test>: [test/time: 0.18 (s), test/loss: 0.4788, test/MAE: 0.4788, test/MSE: 0.4715]
2025-08-26 09:07:32,860 - easytorch-training - INFO - Checkpoint checkpoints/DLinear/ETTh1_100_336_720/805e0c5a97ea3334ce27d61531b5984a/DLinear_078.pt saved
2025-08-26 09:07:32,860 - easytorch-training - INFO - The estimated training finish time is 2025-08-26 09:08:02
2025-08-26 09:07:32,861 - easytorch-training - INFO - Epoch 79 / 100
2025-08-26 09:07:33,775 - easytorch-training - INFO - Result <train>: [train/time: 0.91 (s), train/lr: 7.50e-05, train/loss: 0.5059, train/MAE: 0.5059, train/MSE: 0.5188]
2025-08-26 09:07:33,776 - easytorch-training - INFO - Start validation.
2025-08-26 09:07:33,979 - easytorch-training - INFO - Result <val>: [val/time: 0.20 (s), val/loss: 0.7433, val/MAE: 0.7433, val/MSE: 1.1604]
2025-08-26 09:07:34,186 - easytorch-training - INFO - Result <test>: [test/time: 0.21 (s), test/loss: 0.4823, test/MAE: 0.4823, test/MSE: 0.4756]
2025-08-26 09:07:34,194 - easytorch-training - INFO - Checkpoint checkpoints/DLinear/ETTh1_100_336_720/805e0c5a97ea3334ce27d61531b5984a/DLinear_079.pt saved
2025-08-26 09:07:34,194 - easytorch-training - INFO - The estimated training finish time is 2025-08-26 09:08:02
2025-08-26 09:07:34,195 - easytorch-training - INFO - Epoch 80 / 100
2025-08-26 09:07:35,114 - easytorch-training - INFO - Result <train>: [train/time: 0.92 (s), train/lr: 7.50e-05, train/loss: 0.5059, train/MAE: 0.5059, train/MSE: 0.5186]
2025-08-26 09:07:35,115 - easytorch-training - INFO - Start validation.
2025-08-26 09:07:35,297 - easytorch-training - INFO - Result <val>: [val/time: 0.18 (s), val/loss: 0.7464, val/MAE: 0.7464, val/MSE: 1.1702]
2025-08-26 09:07:35,486 - easytorch-training - INFO - Result <test>: [test/time: 0.19 (s), test/loss: 0.4795, test/MAE: 0.4795, test/MSE: 0.4721]
2025-08-26 09:07:35,495 - easytorch-training - INFO - Checkpoint checkpoints/DLinear/ETTh1_100_336_720/805e0c5a97ea3334ce27d61531b5984a/DLinear_080.pt saved
2025-08-26 09:07:35,501 - easytorch-training - INFO - The estimated training finish time is 2025-08-26 09:08:02
2025-08-26 09:07:35,501 - easytorch-training - INFO - Epoch 81 / 100
2025-08-26 09:07:36,419 - easytorch-training - INFO - Result <train>: [train/time: 0.92 (s), train/lr: 7.50e-05, train/loss: 0.5058, train/MAE: 0.5058, train/MSE: 0.5188]
2025-08-26 09:07:36,420 - easytorch-training - INFO - Start validation.
2025-08-26 09:07:36,627 - easytorch-training - INFO - Result <val>: [val/time: 0.21 (s), val/loss: 0.7471, val/MAE: 0.7471, val/MSE: 1.1709]
2025-08-26 09:07:36,864 - easytorch-training - INFO - Result <test>: [test/time: 0.24 (s), test/loss: 0.4791, test/MAE: 0.4791, test/MSE: 0.4717]
2025-08-26 09:07:36,875 - easytorch-training - INFO - Checkpoint checkpoints/DLinear/ETTh1_100_336_720/805e0c5a97ea3334ce27d61531b5984a/DLinear_081.pt saved
2025-08-26 09:07:36,875 - easytorch-training - INFO - The estimated training finish time is 2025-08-26 09:08:02
2025-08-26 09:07:36,875 - easytorch-training - INFO - Epoch 82 / 100
2025-08-26 09:07:37,797 - easytorch-training - INFO - Result <train>: [train/time: 0.92 (s), train/lr: 7.50e-05, train/loss: 0.5059, train/MAE: 0.5059, train/MSE: 0.5188]
2025-08-26 09:07:37,798 - easytorch-training - INFO - Start validation.
2025-08-26 09:07:37,977 - easytorch-training - INFO - Result <val>: [val/time: 0.18 (s), val/loss: 0.7467, val/MAE: 0.7467, val/MSE: 1.1710]
2025-08-26 09:07:38,170 - easytorch-training - INFO - Result <test>: [test/time: 0.19 (s), test/loss: 0.4800, test/MAE: 0.4800, test/MSE: 0.4728]
2025-08-26 09:07:38,179 - easytorch-training - INFO - Checkpoint checkpoints/DLinear/ETTh1_100_336_720/805e0c5a97ea3334ce27d61531b5984a/DLinear_082.pt saved
2025-08-26 09:07:38,179 - easytorch-training - INFO - The estimated training finish time is 2025-08-26 09:08:02
2025-08-26 09:07:38,179 - easytorch-training - INFO - Epoch 83 / 100
2025-08-26 09:07:39,128 - easytorch-training - INFO - Result <train>: [train/time: 0.95 (s), train/lr: 7.50e-05, train/loss: 0.5058, train/MAE: 0.5058, train/MSE: 0.5188]
2025-08-26 09:07:39,130 - easytorch-training - INFO - Start validation.
2025-08-26 09:07:39,307 - easytorch-training - INFO - Result <val>: [val/time: 0.18 (s), val/loss: 0.7403, val/MAE: 0.7403, val/MSE: 1.1513]
2025-08-26 09:07:39,500 - easytorch-training - INFO - Result <test>: [test/time: 0.19 (s), test/loss: 0.4860, test/MAE: 0.4860, test/MSE: 0.4809]
2025-08-26 09:07:39,509 - easytorch-training - INFO - Checkpoint checkpoints/DLinear/ETTh1_100_336_720/805e0c5a97ea3334ce27d61531b5984a/DLinear_083.pt saved
2025-08-26 09:07:39,509 - easytorch-training - INFO - The estimated training finish time is 2025-08-26 09:08:02
2025-08-26 09:07:39,510 - easytorch-training - INFO - Epoch 84 / 100
2025-08-26 09:07:40,421 - easytorch-training - INFO - Result <train>: [train/time: 0.91 (s), train/lr: 7.50e-05, train/loss: 0.5058, train/MAE: 0.5058, train/MSE: 0.5187]
2025-08-26 09:07:40,422 - easytorch-training - INFO - Start validation.
2025-08-26 09:07:40,636 - easytorch-training - INFO - Result <val>: [val/time: 0.21 (s), val/loss: 0.7457, val/MAE: 0.7457, val/MSE: 1.1672]
2025-08-26 09:07:40,855 - easytorch-training - INFO - Result <test>: [test/time: 0.22 (s), test/loss: 0.4805, test/MAE: 0.4805, test/MSE: 0.4735]
2025-08-26 09:07:40,863 - easytorch-training - INFO - Checkpoint checkpoints/DLinear/ETTh1_100_336_720/805e0c5a97ea3334ce27d61531b5984a/DLinear_084.pt saved
2025-08-26 09:07:40,864 - easytorch-training - INFO - The estimated training finish time is 2025-08-26 09:08:02
2025-08-26 09:07:40,864 - easytorch-training - INFO - Epoch 85 / 100
2025-08-26 09:07:41,751 - easytorch-training - INFO - Result <train>: [train/time: 0.89 (s), train/lr: 7.50e-05, train/loss: 0.5058, train/MAE: 0.5058, train/MSE: 0.5186]
2025-08-26 09:07:41,751 - easytorch-training - INFO - Start validation.
2025-08-26 09:07:41,936 - easytorch-training - INFO - Result <val>: [val/time: 0.18 (s), val/loss: 0.7428, val/MAE: 0.7428, val/MSE: 1.1587]
2025-08-26 09:07:42,118 - easytorch-training - INFO - Result <test>: [test/time: 0.18 (s), test/loss: 0.4844, test/MAE: 0.4844, test/MSE: 0.4784]
2025-08-26 09:07:42,128 - easytorch-training - INFO - Checkpoint checkpoints/DLinear/ETTh1_100_336_720/805e0c5a97ea3334ce27d61531b5984a/DLinear_085.pt saved
2025-08-26 09:07:42,129 - easytorch-training - INFO - The estimated training finish time is 2025-08-26 09:08:02
2025-08-26 09:07:42,129 - easytorch-training - INFO - Epoch 86 / 100
2025-08-26 09:07:43,049 - easytorch-training - INFO - Result <train>: [train/time: 0.92 (s), train/lr: 7.50e-05, train/loss: 0.5058, train/MAE: 0.5058, train/MSE: 0.5186]
2025-08-26 09:07:43,050 - easytorch-training - INFO - Start validation.
2025-08-26 09:07:43,252 - easytorch-training - INFO - Result <val>: [val/time: 0.20 (s), val/loss: 0.7457, val/MAE: 0.7457, val/MSE: 1.1682]
2025-08-26 09:07:43,457 - easytorch-training - INFO - Result <test>: [test/time: 0.20 (s), test/loss: 0.4813, test/MAE: 0.4813, test/MSE: 0.4745]
2025-08-26 09:07:43,466 - easytorch-training - INFO - Checkpoint checkpoints/DLinear/ETTh1_100_336_720/805e0c5a97ea3334ce27d61531b5984a/DLinear_086.pt saved
2025-08-26 09:07:43,466 - easytorch-training - INFO - The estimated training finish time is 2025-08-26 09:08:02
2025-08-26 09:07:43,466 - easytorch-training - INFO - Epoch 87 / 100
2025-08-26 09:07:44,363 - easytorch-training - INFO - Result <train>: [train/time: 0.90 (s), train/lr: 7.50e-05, train/loss: 0.5059, train/MAE: 0.5059, train/MSE: 0.5188]
2025-08-26 09:07:44,363 - easytorch-training - INFO - Start validation.
2025-08-26 09:07:44,544 - easytorch-training - INFO - Result <val>: [val/time: 0.18 (s), val/loss: 0.7511, val/MAE: 0.7511, val/MSE: 1.1850]
2025-08-26 09:07:44,725 - easytorch-training - INFO - Result <test>: [test/time: 0.18 (s), test/loss: 0.4757, test/MAE: 0.4757, test/MSE: 0.4679]
2025-08-26 09:07:44,734 - easytorch-training - INFO - Checkpoint checkpoints/DLinear/ETTh1_100_336_720/805e0c5a97ea3334ce27d61531b5984a/DLinear_087.pt saved
2025-08-26 09:07:44,734 - easytorch-training - INFO - The estimated training finish time is 2025-08-26 09:08:02
2025-08-26 09:07:44,734 - easytorch-training - INFO - Epoch 88 / 100
2025-08-26 09:07:45,670 - easytorch-training - INFO - Result <train>: [train/time: 0.94 (s), train/lr: 7.50e-05, train/loss: 0.5058, train/MAE: 0.5058, train/MSE: 0.5188]
2025-08-26 09:07:45,671 - easytorch-training - INFO - Start validation.
2025-08-26 09:07:45,847 - easytorch-training - INFO - Result <val>: [val/time: 0.18 (s), val/loss: 0.7452, val/MAE: 0.7452, val/MSE: 1.1664]
2025-08-26 09:07:46,030 - easytorch-training - INFO - Result <test>: [test/time: 0.18 (s), test/loss: 0.4809, test/MAE: 0.4809, test/MSE: 0.4739]
2025-08-26 09:07:46,038 - easytorch-training - INFO - Checkpoint checkpoints/DLinear/ETTh1_100_336_720/805e0c5a97ea3334ce27d61531b5984a/DLinear_088.pt saved
2025-08-26 09:07:46,039 - easytorch-training - INFO - The estimated training finish time is 2025-08-26 09:08:02
2025-08-26 09:07:46,039 - easytorch-training - INFO - Epoch 89 / 100
2025-08-26 09:07:46,939 - easytorch-training - INFO - Result <train>: [train/time: 0.90 (s), train/lr: 7.50e-05, train/loss: 0.5058, train/MAE: 0.5058, train/MSE: 0.5187]
2025-08-26 09:07:46,940 - easytorch-training - INFO - Start validation.
2025-08-26 09:07:47,162 - easytorch-training - INFO - Result <val>: [val/time: 0.22 (s), val/loss: 0.7432, val/MAE: 0.7432, val/MSE: 1.1599]
2025-08-26 09:07:47,359 - easytorch-training - INFO - Result <test>: [test/time: 0.20 (s), test/loss: 0.4833, test/MAE: 0.4833, test/MSE: 0.4771]
2025-08-26 09:07:47,368 - easytorch-training - INFO - Checkpoint checkpoints/DLinear/ETTh1_100_336_720/805e0c5a97ea3334ce27d61531b5984a/DLinear_089.pt saved
2025-08-26 09:07:47,368 - easytorch-training - INFO - The estimated training finish time is 2025-08-26 09:08:02
2025-08-26 09:07:47,368 - easytorch-training - INFO - Epoch 90 / 100
2025-08-26 09:07:48,281 - easytorch-training - INFO - Result <train>: [train/time: 0.91 (s), train/lr: 7.50e-05, train/loss: 0.5058, train/MAE: 0.5058, train/MSE: 0.5189]
2025-08-26 09:07:48,282 - easytorch-training - INFO - Start validation.
2025-08-26 09:07:48,458 - easytorch-training - INFO - Result <val>: [val/time: 0.18 (s), val/loss: 0.7453, val/MAE: 0.7453, val/MSE: 1.1656]
2025-08-26 09:07:48,640 - easytorch-training - INFO - Result <test>: [test/time: 0.18 (s), test/loss: 0.4803, test/MAE: 0.4803, test/MSE: 0.4734]
2025-08-26 09:07:48,650 - easytorch-training - INFO - Checkpoint checkpoints/DLinear/ETTh1_100_336_720/805e0c5a97ea3334ce27d61531b5984a/DLinear_090.pt saved
2025-08-26 09:07:48,655 - easytorch-training - INFO - The estimated training finish time is 2025-08-26 09:08:02
2025-08-26 09:07:48,656 - easytorch-training - INFO - Epoch 91 / 100
2025-08-26 09:07:49,565 - easytorch-training - INFO - Result <train>: [train/time: 0.91 (s), train/lr: 7.50e-05, train/loss: 0.5059, train/MAE: 0.5059, train/MSE: 0.5186]
2025-08-26 09:07:49,565 - easytorch-training - INFO - Start validation.
2025-08-26 09:07:49,775 - easytorch-training - INFO - Result <val>: [val/time: 0.21 (s), val/loss: 0.7462, val/MAE: 0.7462, val/MSE: 1.1695]
2025-08-26 09:07:49,985 - easytorch-training - INFO - Result <test>: [test/time: 0.21 (s), test/loss: 0.4799, test/MAE: 0.4799, test/MSE: 0.4730]
2025-08-26 09:07:49,993 - easytorch-training - INFO - Checkpoint checkpoints/DLinear/ETTh1_100_336_720/805e0c5a97ea3334ce27d61531b5984a/DLinear_091.pt saved
2025-08-26 09:07:49,994 - easytorch-training - INFO - The estimated training finish time is 2025-08-26 09:08:02
2025-08-26 09:07:49,994 - easytorch-training - INFO - Epoch 92 / 100
2025-08-26 09:07:50,894 - easytorch-training - INFO - Result <train>: [train/time: 0.90 (s), train/lr: 7.50e-05, train/loss: 0.5058, train/MAE: 0.5058, train/MSE: 0.5187]
2025-08-26 09:07:50,894 - easytorch-training - INFO - Start validation.
2025-08-26 09:07:51,073 - easytorch-training - INFO - Result <val>: [val/time: 0.18 (s), val/loss: 0.7485, val/MAE: 0.7485, val/MSE: 1.1760]
2025-08-26 09:07:51,270 - easytorch-training - INFO - Result <test>: [test/time: 0.20 (s), test/loss: 0.4775, test/MAE: 0.4775, test/MSE: 0.4701]
2025-08-26 09:07:51,278 - easytorch-training - INFO - Checkpoint checkpoints/DLinear/ETTh1_100_336_720/805e0c5a97ea3334ce27d61531b5984a/DLinear_092.pt saved
2025-08-26 09:07:51,278 - easytorch-training - INFO - The estimated training finish time is 2025-08-26 09:08:01
2025-08-26 09:07:51,278 - easytorch-training - INFO - Epoch 93 / 100
2025-08-26 09:07:52,204 - easytorch-training - INFO - Result <train>: [train/time: 0.93 (s), train/lr: 7.50e-05, train/loss: 0.5059, train/MAE: 0.5059, train/MSE: 0.5188]
2025-08-26 09:07:52,204 - easytorch-training - INFO - Start validation.
2025-08-26 09:07:52,412 - easytorch-training - INFO - Result <val>: [val/time: 0.21 (s), val/loss: 0.7467, val/MAE: 0.7467, val/MSE: 1.1706]
2025-08-26 09:07:52,619 - easytorch-training - INFO - Result <test>: [test/time: 0.21 (s), test/loss: 0.4793, test/MAE: 0.4793, test/MSE: 0.4717]
2025-08-26 09:07:52,628 - easytorch-training - INFO - Checkpoint checkpoints/DLinear/ETTh1_100_336_720/805e0c5a97ea3334ce27d61531b5984a/DLinear_093.pt saved
2025-08-26 09:07:52,628 - easytorch-training - INFO - The estimated training finish time is 2025-08-26 09:08:02
2025-08-26 09:07:52,628 - easytorch-training - INFO - Epoch 94 / 100
2025-08-26 09:07:53,555 - easytorch-training - INFO - Result <train>: [train/time: 0.93 (s), train/lr: 7.50e-05, train/loss: 0.5058, train/MAE: 0.5058, train/MSE: 0.5187]
2025-08-26 09:07:53,555 - easytorch-training - INFO - Start validation.
2025-08-26 09:07:53,735 - easytorch-training - INFO - Result <val>: [val/time: 0.18 (s), val/loss: 0.7462, val/MAE: 0.7462, val/MSE: 1.1690]
2025-08-26 09:07:53,932 - easytorch-training - INFO - Result <test>: [test/time: 0.20 (s), test/loss: 0.4799, test/MAE: 0.4799, test/MSE: 0.4730]
2025-08-26 09:07:53,942 - easytorch-training - INFO - Checkpoint checkpoints/DLinear/ETTh1_100_336_720/805e0c5a97ea3334ce27d61531b5984a/DLinear_094.pt saved
2025-08-26 09:07:53,942 - easytorch-training - INFO - The estimated training finish time is 2025-08-26 09:08:01
2025-08-26 09:07:53,942 - easytorch-training - INFO - Epoch 95 / 100
2025-08-26 09:07:54,865 - easytorch-training - INFO - Result <train>: [train/time: 0.92 (s), train/lr: 7.50e-05, train/loss: 0.5059, train/MAE: 0.5059, train/MSE: 0.5188]
2025-08-26 09:07:54,866 - easytorch-training - INFO - Start validation.
2025-08-26 09:07:55,076 - easytorch-training - INFO - Result <val>: [val/time: 0.21 (s), val/loss: 0.7473, val/MAE: 0.7473, val/MSE: 1.1728]
2025-08-26 09:07:55,291 - easytorch-training - INFO - Result <test>: [test/time: 0.21 (s), test/loss: 0.4785, test/MAE: 0.4785, test/MSE: 0.4712]
2025-08-26 09:07:55,300 - easytorch-training - INFO - Checkpoint checkpoints/DLinear/ETTh1_100_336_720/805e0c5a97ea3334ce27d61531b5984a/DLinear_095.pt saved
2025-08-26 09:07:55,300 - easytorch-training - INFO - The estimated training finish time is 2025-08-26 09:08:01
2025-08-26 09:07:55,301 - easytorch-training - INFO - Epoch 96 / 100
2025-08-26 09:07:56,222 - easytorch-training - INFO - Result <train>: [train/time: 0.92 (s), train/lr: 7.50e-05, train/loss: 0.5059, train/MAE: 0.5059, train/MSE: 0.5187]
2025-08-26 09:07:56,223 - easytorch-training - INFO - Start validation.
2025-08-26 09:07:56,433 - easytorch-training - INFO - Result <val>: [val/time: 0.21 (s), val/loss: 0.7437, val/MAE: 0.7437, val/MSE: 1.1619]
2025-08-26 09:07:56,637 - easytorch-training - INFO - Result <test>: [test/time: 0.20 (s), test/loss: 0.4827, test/MAE: 0.4827, test/MSE: 0.4764]
2025-08-26 09:07:56,645 - easytorch-training - INFO - Checkpoint checkpoints/DLinear/ETTh1_100_336_720/805e0c5a97ea3334ce27d61531b5984a/DLinear_096.pt saved
2025-08-26 09:07:56,645 - easytorch-training - INFO - The estimated training finish time is 2025-08-26 09:08:02
2025-08-26 09:07:56,645 - easytorch-training - INFO - Epoch 97 / 100
2025-08-26 09:07:57,567 - easytorch-training - INFO - Result <train>: [train/time: 0.92 (s), train/lr: 7.50e-05, train/loss: 0.5058, train/MAE: 0.5058, train/MSE: 0.5186]
2025-08-26 09:07:57,568 - easytorch-training - INFO - Start validation.
2025-08-26 09:07:57,755 - easytorch-training - INFO - Result <val>: [val/time: 0.19 (s), val/loss: 0.7447, val/MAE: 0.7447, val/MSE: 1.1651]
2025-08-26 09:07:57,948 - easytorch-training - INFO - Result <test>: [test/time: 0.19 (s), test/loss: 0.4813, test/MAE: 0.4813, test/MSE: 0.4743]
2025-08-26 09:07:57,957 - easytorch-training - INFO - Checkpoint checkpoints/DLinear/ETTh1_100_336_720/805e0c5a97ea3334ce27d61531b5984a/DLinear_097.pt saved
2025-08-26 09:07:57,957 - easytorch-training - INFO - The estimated training finish time is 2025-08-26 09:08:01
2025-08-26 09:07:57,958 - easytorch-training - INFO - Epoch 98 / 100
2025-08-26 09:07:58,884 - easytorch-training - INFO - Result <train>: [train/time: 0.93 (s), train/lr: 7.50e-05, train/loss: 0.5058, train/MAE: 0.5058, train/MSE: 0.5187]
2025-08-26 09:07:58,886 - easytorch-training - INFO - Start validation.
2025-08-26 09:07:59,093 - easytorch-training - INFO - Result <val>: [val/time: 0.21 (s), val/loss: 0.7443, val/MAE: 0.7443, val/MSE: 1.1640]
2025-08-26 09:07:59,298 - easytorch-training - INFO - Result <test>: [test/time: 0.20 (s), test/loss: 0.4818, test/MAE: 0.4818, test/MSE: 0.4748]
2025-08-26 09:07:59,306 - easytorch-training - INFO - Checkpoint checkpoints/DLinear/ETTh1_100_336_720/805e0c5a97ea3334ce27d61531b5984a/DLinear_098.pt saved
2025-08-26 09:07:59,307 - easytorch-training - INFO - The estimated training finish time is 2025-08-26 09:08:01
2025-08-26 09:07:59,307 - easytorch-training - INFO - Epoch 99 / 100
2025-08-26 09:08:00,215 - easytorch-training - INFO - Result <train>: [train/time: 0.91 (s), train/lr: 7.50e-05, train/loss: 0.5058, train/MAE: 0.5058, train/MSE: 0.5189]
2025-08-26 09:08:00,216 - easytorch-training - INFO - Start validation.
2025-08-26 09:08:00,429 - easytorch-training - INFO - Result <val>: [val/time: 0.21 (s), val/loss: 0.7417, val/MAE: 0.7417, val/MSE: 1.1555]
2025-08-26 09:08:00,626 - easytorch-training - INFO - Result <test>: [test/time: 0.20 (s), test/loss: 0.4844, test/MAE: 0.4844, test/MSE: 0.4783]
2025-08-26 09:08:00,635 - easytorch-training - INFO - Checkpoint checkpoints/DLinear/ETTh1_100_336_720/805e0c5a97ea3334ce27d61531b5984a/DLinear_099.pt saved
2025-08-26 09:08:00,635 - easytorch-training - INFO - The estimated training finish time is 2025-08-26 09:08:01
2025-08-26 09:08:00,635 - easytorch-training - INFO - Epoch 100 / 100
2025-08-26 09:08:01,551 - easytorch-training - INFO - Result <train>: [train/time: 0.92 (s), train/lr: 7.50e-05, train/loss: 0.5059, train/MAE: 0.5059, train/MSE: 0.5187]
2025-08-26 09:08:01,553 - easytorch-training - INFO - Start validation.
2025-08-26 09:08:01,763 - easytorch-training - INFO - Result <val>: [val/time: 0.21 (s), val/loss: 0.7430, val/MAE: 0.7430, val/MSE: 1.1593]
2025-08-26 09:08:01,965 - easytorch-training - INFO - Result <test>: [test/time: 0.20 (s), test/loss: 0.4832, test/MAE: 0.4832, test/MSE: 0.4770]
2025-08-26 09:08:01,974 - easytorch-training - INFO - Checkpoint checkpoints/DLinear/ETTh1_100_336_720/805e0c5a97ea3334ce27d61531b5984a/DLinear_100.pt saved
2025-08-26 09:08:01,979 - easytorch-training - INFO - The training finished at 2025-08-26 09:08:01
2025-08-26 09:08:01,982 - easytorch-training - INFO - Evaluating the best model on the test set.
2025-08-26 09:08:01,983 - easytorch-training - INFO - Loading Checkpoint from 'checkpoints/DLinear/ETTh1_100_336_720/805e0c5a97ea3334ce27d61531b5984a/DLinear_best_val_MAE.pt'
2025-08-26 09:08:02,195 - easytorch-training - INFO - Result <test>: [test/time: 0.21 (s), test/loss: 0.4894, test/MAE: 0.4894, test/MSE: 0.4843]
2025-08-26 09:08:02,196 - easytorch-training - INFO - Test metrics saved to checkpoints/DLinear/ETTh1_100_336_720/805e0c5a97ea3334ce27d61531b5984a/test_metrics.json.
