2025-08-26 09:01:15,136 - easytorch-training - INFO - Initializing training.
2025-08-26 09:01:15,136 - easytorch-training - INFO - Set clip grad, param: {'max_norm': 5.0}
2025-08-26 09:01:15,137 - easytorch-training - INFO - Building training data loader.
2025-08-26 09:01:15,137 - easytorch-training - INFO - Train dataset length: 7969
2025-08-26 09:01:15,998 - easytorch-training - INFO - Set optim: Adam (
Parameter Group 0
    amsgrad: False
    betas: (0.9, 0.999)
    capturable: False
    differentiable: False
    eps: 1e-08
    foreach: None
    fused: None
    lr: 0.0003
    maximize: False
    weight_decay: 0.0001
)
2025-08-26 09:01:15,998 - easytorch-training - INFO - Set lr_scheduler: <torch.optim.lr_scheduler.MultiStepLR object at 0x7f16ba2a6470>
2025-08-26 09:01:15,999 - easytorch-training - INFO - Initializing validation.
2025-08-26 09:01:15,999 - easytorch-training - INFO - Building val data loader.
2025-08-26 09:01:16,000 - easytorch-training - INFO - Validation dataset length: 2209
2025-08-26 09:01:16,000 - easytorch-training - INFO - Test dataset length: 2209
2025-08-26 09:01:16,000 - easytorch-training - INFO - Number of parameters: 226464
2025-08-26 09:01:16,000 - easytorch-training - INFO - Epoch 1 / 100
2025-08-26 09:01:17,064 - easytorch-training - INFO - Result <train>: [train/time: 1.06 (s), train/lr: 3.00e-04, train/loss: 0.5351, train/MAE: 0.5351, train/MSE: 0.5648]
2025-08-26 09:01:17,065 - easytorch-training - INFO - Start validation.
2025-08-26 09:01:17,242 - easytorch-training - INFO - Result <val>: [val/time: 0.18 (s), val/loss: 0.7511, val/MAE: 0.7511, val/MSE: 1.1978]
2025-08-26 09:01:17,247 - easytorch-training - INFO - Checkpoint checkpoints/DLinear/ETTh1_100_336_336/65e6763ee68c9285f092412e93a65af3/DLinear_best_val_MAE.pt saved
2025-08-26 09:01:17,422 - easytorch-training - INFO - Result <test>: [test/time: 0.18 (s), test/loss: 0.4717, test/MAE: 0.4717, test/MSE: 0.4872]
2025-08-26 09:01:17,426 - easytorch-training - INFO - Checkpoint checkpoints/DLinear/ETTh1_100_336_336/65e6763ee68c9285f092412e93a65af3/DLinear_001.pt saved
2025-08-26 09:01:17,426 - easytorch-training - INFO - The estimated training finish time is 2025-08-26 09:03:38
2025-08-26 09:01:17,427 - easytorch-training - INFO - Epoch 2 / 100
2025-08-26 09:01:18,192 - easytorch-training - INFO - Result <train>: [train/time: 0.77 (s), train/lr: 1.50e-04, train/loss: 0.4813, train/MAE: 0.4813, train/MSE: 0.4696]
2025-08-26 09:01:18,193 - easytorch-training - INFO - Start validation.
2025-08-26 09:01:18,382 - easytorch-training - INFO - Result <val>: [val/time: 0.19 (s), val/loss: 0.7413, val/MAE: 0.7413, val/MSE: 1.1825]
2025-08-26 09:01:18,389 - easytorch-training - INFO - Checkpoint checkpoints/DLinear/ETTh1_100_336_336/65e6763ee68c9285f092412e93a65af3/DLinear_best_val_MAE.pt saved
2025-08-26 09:01:18,566 - easytorch-training - INFO - Result <test>: [test/time: 0.18 (s), test/loss: 0.4591, test/MAE: 0.4591, test/MSE: 0.4734]
2025-08-26 09:01:18,571 - easytorch-training - INFO - Checkpoint checkpoints/DLinear/ETTh1_100_336_336/65e6763ee68c9285f092412e93a65af3/DLinear_002.pt saved
2025-08-26 09:01:18,571 - easytorch-training - INFO - The estimated training finish time is 2025-08-26 09:03:24
2025-08-26 09:01:18,571 - easytorch-training - INFO - Epoch 3 / 100
2025-08-26 09:01:19,351 - easytorch-training - INFO - Result <train>: [train/time: 0.78 (s), train/lr: 1.50e-04, train/loss: 0.4735, train/MAE: 0.4735, train/MSE: 0.4592]
2025-08-26 09:01:19,352 - easytorch-training - INFO - Start validation.
2025-08-26 09:01:19,529 - easytorch-training - INFO - Result <val>: [val/time: 0.18 (s), val/loss: 0.7356, val/MAE: 0.7356, val/MSE: 1.1726]
2025-08-26 09:01:19,534 - easytorch-training - INFO - Checkpoint checkpoints/DLinear/ETTh1_100_336_336/65e6763ee68c9285f092412e93a65af3/DLinear_best_val_MAE.pt saved
2025-08-26 09:01:19,709 - easytorch-training - INFO - Result <test>: [test/time: 0.17 (s), test/loss: 0.4533, test/MAE: 0.4533, test/MSE: 0.4674]
2025-08-26 09:01:19,715 - easytorch-training - INFO - Checkpoint checkpoints/DLinear/ETTh1_100_336_336/65e6763ee68c9285f092412e93a65af3/DLinear_003.pt saved
2025-08-26 09:01:19,715 - easytorch-training - INFO - The estimated training finish time is 2025-08-26 09:03:19
2025-08-26 09:01:19,715 - easytorch-training - INFO - Epoch 4 / 100
2025-08-26 09:01:20,464 - easytorch-training - INFO - Result <train>: [train/time: 0.75 (s), train/lr: 1.50e-04, train/loss: 0.4692, train/MAE: 0.4692, train/MSE: 0.4535]
2025-08-26 09:01:20,465 - easytorch-training - INFO - Start validation.
2025-08-26 09:01:20,649 - easytorch-training - INFO - Result <val>: [val/time: 0.18 (s), val/loss: 0.7293, val/MAE: 0.7293, val/MSE: 1.1579]
2025-08-26 09:01:20,655 - easytorch-training - INFO - Checkpoint checkpoints/DLinear/ETTh1_100_336_336/65e6763ee68c9285f092412e93a65af3/DLinear_best_val_MAE.pt saved
2025-08-26 09:01:20,825 - easytorch-training - INFO - Result <test>: [test/time: 0.17 (s), test/loss: 0.4530, test/MAE: 0.4530, test/MSE: 0.4668]
2025-08-26 09:01:20,829 - easytorch-training - INFO - Checkpoint checkpoints/DLinear/ETTh1_100_336_336/65e6763ee68c9285f092412e93a65af3/DLinear_004.pt saved
2025-08-26 09:01:20,829 - easytorch-training - INFO - The estimated training finish time is 2025-08-26 09:03:16
2025-08-26 09:01:20,829 - easytorch-training - INFO - Epoch 5 / 100
2025-08-26 09:01:21,594 - easytorch-training - INFO - Result <train>: [train/time: 0.76 (s), train/lr: 1.50e-04, train/loss: 0.4667, train/MAE: 0.4667, train/MSE: 0.4502]
2025-08-26 09:01:21,595 - easytorch-training - INFO - Start validation.
2025-08-26 09:01:21,789 - easytorch-training - INFO - Result <val>: [val/time: 0.19 (s), val/loss: 0.7365, val/MAE: 0.7365, val/MSE: 1.1855]
2025-08-26 09:01:21,974 - easytorch-training - INFO - Result <test>: [test/time: 0.18 (s), test/loss: 0.4451, test/MAE: 0.4451, test/MSE: 0.4603]
2025-08-26 09:01:21,980 - easytorch-training - INFO - Checkpoint checkpoints/DLinear/ETTh1_100_336_336/65e6763ee68c9285f092412e93a65af3/DLinear_005.pt saved
2025-08-26 09:01:21,980 - easytorch-training - INFO - The estimated training finish time is 2025-08-26 09:03:15
2025-08-26 09:01:21,980 - easytorch-training - INFO - Epoch 6 / 100
2025-08-26 09:01:22,734 - easytorch-training - INFO - Result <train>: [train/time: 0.75 (s), train/lr: 1.50e-04, train/loss: 0.4649, train/MAE: 0.4649, train/MSE: 0.4481]
2025-08-26 09:01:22,735 - easytorch-training - INFO - Start validation.
2025-08-26 09:01:22,898 - easytorch-training - INFO - Result <val>: [val/time: 0.16 (s), val/loss: 0.7310, val/MAE: 0.7310, val/MSE: 1.1695]
2025-08-26 09:01:23,065 - easytorch-training - INFO - Result <test>: [test/time: 0.17 (s), test/loss: 0.4447, test/MAE: 0.4447, test/MSE: 0.4598]
2025-08-26 09:01:23,070 - easytorch-training - INFO - Checkpoint checkpoints/DLinear/ETTh1_100_336_336/65e6763ee68c9285f092412e93a65af3/DLinear_006.pt saved
2025-08-26 09:01:23,070 - easytorch-training - INFO - The estimated training finish time is 2025-08-26 09:03:13
2025-08-26 09:01:23,070 - easytorch-training - INFO - Epoch 7 / 100
2025-08-26 09:01:23,849 - easytorch-training - INFO - Result <train>: [train/time: 0.78 (s), train/lr: 1.50e-04, train/loss: 0.4634, train/MAE: 0.4634, train/MSE: 0.4463]
2025-08-26 09:01:23,849 - easytorch-training - INFO - Start validation.
2025-08-26 09:01:24,036 - easytorch-training - INFO - Result <val>: [val/time: 0.19 (s), val/loss: 0.7290, val/MAE: 0.7290, val/MSE: 1.1644]
2025-08-26 09:01:24,040 - easytorch-training - INFO - Checkpoint checkpoints/DLinear/ETTh1_100_336_336/65e6763ee68c9285f092412e93a65af3/DLinear_best_val_MAE.pt saved
2025-08-26 09:01:24,215 - easytorch-training - INFO - Result <test>: [test/time: 0.17 (s), test/loss: 0.4455, test/MAE: 0.4455, test/MSE: 0.4609]
2025-08-26 09:01:24,220 - easytorch-training - INFO - Checkpoint checkpoints/DLinear/ETTh1_100_336_336/65e6763ee68c9285f092412e93a65af3/DLinear_007.pt saved
2025-08-26 09:01:24,220 - easytorch-training - INFO - The estimated training finish time is 2025-08-26 09:03:13
2025-08-26 09:01:24,220 - easytorch-training - INFO - Epoch 8 / 100
2025-08-26 09:01:24,980 - easytorch-training - INFO - Result <train>: [train/time: 0.76 (s), train/lr: 1.50e-04, train/loss: 0.4623, train/MAE: 0.4623, train/MSE: 0.4453]
2025-08-26 09:01:24,981 - easytorch-training - INFO - Start validation.
2025-08-26 09:01:25,159 - easytorch-training - INFO - Result <val>: [val/time: 0.18 (s), val/loss: 0.7283, val/MAE: 0.7283, val/MSE: 1.1647]
2025-08-26 09:01:25,164 - easytorch-training - INFO - Checkpoint checkpoints/DLinear/ETTh1_100_336_336/65e6763ee68c9285f092412e93a65af3/DLinear_best_val_MAE.pt saved
2025-08-26 09:01:25,339 - easytorch-training - INFO - Result <test>: [test/time: 0.17 (s), test/loss: 0.4428, test/MAE: 0.4428, test/MSE: 0.4583]
2025-08-26 09:01:25,343 - easytorch-training - INFO - Checkpoint checkpoints/DLinear/ETTh1_100_336_336/65e6763ee68c9285f092412e93a65af3/DLinear_008.pt saved
2025-08-26 09:01:25,343 - easytorch-training - INFO - The estimated training finish time is 2025-08-26 09:03:12
2025-08-26 09:01:25,343 - easytorch-training - INFO - Epoch 9 / 100
2025-08-26 09:01:26,117 - easytorch-training - INFO - Result <train>: [train/time: 0.77 (s), train/lr: 1.50e-04, train/loss: 0.4614, train/MAE: 0.4614, train/MSE: 0.4444]
2025-08-26 09:01:26,117 - easytorch-training - INFO - Start validation.
2025-08-26 09:01:26,279 - easytorch-training - INFO - Result <val>: [val/time: 0.16 (s), val/loss: 0.7285, val/MAE: 0.7285, val/MSE: 1.1658]
2025-08-26 09:01:26,449 - easytorch-training - INFO - Result <test>: [test/time: 0.17 (s), test/loss: 0.4433, test/MAE: 0.4433, test/MSE: 0.4592]
2025-08-26 09:01:26,454 - easytorch-training - INFO - Checkpoint checkpoints/DLinear/ETTh1_100_336_336/65e6763ee68c9285f092412e93a65af3/DLinear_009.pt saved
2025-08-26 09:01:26,454 - easytorch-training - INFO - The estimated training finish time is 2025-08-26 09:03:12
2025-08-26 09:01:26,454 - easytorch-training - INFO - Epoch 10 / 100
2025-08-26 09:01:27,186 - easytorch-training - INFO - Result <train>: [train/time: 0.73 (s), train/lr: 1.50e-04, train/loss: 0.4608, train/MAE: 0.4608, train/MSE: 0.4437]
2025-08-26 09:01:27,186 - easytorch-training - INFO - Start validation.
2025-08-26 09:01:27,376 - easytorch-training - INFO - Result <val>: [val/time: 0.19 (s), val/loss: 0.7282, val/MAE: 0.7282, val/MSE: 1.1662]
2025-08-26 09:01:27,381 - easytorch-training - INFO - Checkpoint checkpoints/DLinear/ETTh1_100_336_336/65e6763ee68c9285f092412e93a65af3/DLinear_best_val_MAE.pt saved
2025-08-26 09:01:27,560 - easytorch-training - INFO - Result <test>: [test/time: 0.18 (s), test/loss: 0.4416, test/MAE: 0.4416, test/MSE: 0.4580]
2025-08-26 09:01:27,565 - easytorch-training - INFO - Checkpoint checkpoints/DLinear/ETTh1_100_336_336/65e6763ee68c9285f092412e93a65af3/DLinear_010.pt saved
2025-08-26 09:01:27,568 - easytorch-training - INFO - The estimated training finish time is 2025-08-26 09:03:11
2025-08-26 09:01:27,568 - easytorch-training - INFO - Epoch 11 / 100
2025-08-26 09:01:28,314 - easytorch-training - INFO - Result <train>: [train/time: 0.75 (s), train/lr: 1.50e-04, train/loss: 0.4603, train/MAE: 0.4603, train/MSE: 0.4432]
2025-08-26 09:01:28,314 - easytorch-training - INFO - Start validation.
2025-08-26 09:01:28,481 - easytorch-training - INFO - Result <val>: [val/time: 0.17 (s), val/loss: 0.7319, val/MAE: 0.7319, val/MSE: 1.1789]
2025-08-26 09:01:28,657 - easytorch-training - INFO - Result <test>: [test/time: 0.18 (s), test/loss: 0.4388, test/MAE: 0.4388, test/MSE: 0.4552]
2025-08-26 09:01:28,663 - easytorch-training - INFO - Checkpoint checkpoints/DLinear/ETTh1_100_336_336/65e6763ee68c9285f092412e93a65af3/DLinear_011.pt saved
2025-08-26 09:01:28,663 - easytorch-training - INFO - The estimated training finish time is 2025-08-26 09:03:11
2025-08-26 09:01:28,663 - easytorch-training - INFO - Epoch 12 / 100
2025-08-26 09:01:29,415 - easytorch-training - INFO - Result <train>: [train/time: 0.75 (s), train/lr: 1.50e-04, train/loss: 0.4597, train/MAE: 0.4597, train/MSE: 0.4425]
2025-08-26 09:01:29,416 - easytorch-training - INFO - Start validation.
2025-08-26 09:01:29,599 - easytorch-training - INFO - Result <val>: [val/time: 0.18 (s), val/loss: 0.7261, val/MAE: 0.7261, val/MSE: 1.1614]
2025-08-26 09:01:29,606 - easytorch-training - INFO - Checkpoint checkpoints/DLinear/ETTh1_100_336_336/65e6763ee68c9285f092412e93a65af3/DLinear_best_val_MAE.pt saved
2025-08-26 09:01:29,779 - easytorch-training - INFO - Result <test>: [test/time: 0.17 (s), test/loss: 0.4408, test/MAE: 0.4408, test/MSE: 0.4576]
2025-08-26 09:01:29,783 - easytorch-training - INFO - Checkpoint checkpoints/DLinear/ETTh1_100_336_336/65e6763ee68c9285f092412e93a65af3/DLinear_012.pt saved
2025-08-26 09:01:29,783 - easytorch-training - INFO - The estimated training finish time is 2025-08-26 09:03:10
2025-08-26 09:01:29,783 - easytorch-training - INFO - Epoch 13 / 100
2025-08-26 09:01:30,509 - easytorch-training - INFO - Result <train>: [train/time: 0.73 (s), train/lr: 1.50e-04, train/loss: 0.4593, train/MAE: 0.4593, train/MSE: 0.4423]
2025-08-26 09:01:30,510 - easytorch-training - INFO - Start validation.
2025-08-26 09:01:30,696 - easytorch-training - INFO - Result <val>: [val/time: 0.19 (s), val/loss: 0.7257, val/MAE: 0.7257, val/MSE: 1.1594]
2025-08-26 09:01:30,701 - easytorch-training - INFO - Checkpoint checkpoints/DLinear/ETTh1_100_336_336/65e6763ee68c9285f092412e93a65af3/DLinear_best_val_MAE.pt saved
2025-08-26 09:01:30,882 - easytorch-training - INFO - Result <test>: [test/time: 0.18 (s), test/loss: 0.4408, test/MAE: 0.4408, test/MSE: 0.4578]
2025-08-26 09:01:30,886 - easytorch-training - INFO - Checkpoint checkpoints/DLinear/ETTh1_100_336_336/65e6763ee68c9285f092412e93a65af3/DLinear_013.pt saved
2025-08-26 09:01:30,886 - easytorch-training - INFO - The estimated training finish time is 2025-08-26 09:03:10
2025-08-26 09:01:30,886 - easytorch-training - INFO - Epoch 14 / 100
2025-08-26 09:01:31,625 - easytorch-training - INFO - Result <train>: [train/time: 0.74 (s), train/lr: 1.50e-04, train/loss: 0.4590, train/MAE: 0.4590, train/MSE: 0.4419]
2025-08-26 09:01:31,626 - easytorch-training - INFO - Start validation.
2025-08-26 09:01:31,802 - easytorch-training - INFO - Result <val>: [val/time: 0.18 (s), val/loss: 0.7245, val/MAE: 0.7245, val/MSE: 1.1574]
2025-08-26 09:01:31,807 - easytorch-training - INFO - Checkpoint checkpoints/DLinear/ETTh1_100_336_336/65e6763ee68c9285f092412e93a65af3/DLinear_best_val_MAE.pt saved
2025-08-26 09:01:31,977 - easytorch-training - INFO - Result <test>: [test/time: 0.17 (s), test/loss: 0.4404, test/MAE: 0.4404, test/MSE: 0.4570]
2025-08-26 09:01:31,982 - easytorch-training - INFO - Checkpoint checkpoints/DLinear/ETTh1_100_336_336/65e6763ee68c9285f092412e93a65af3/DLinear_014.pt saved
2025-08-26 09:01:31,983 - easytorch-training - INFO - The estimated training finish time is 2025-08-26 09:03:10
2025-08-26 09:01:31,983 - easytorch-training - INFO - Epoch 15 / 100
2025-08-26 09:01:32,735 - easytorch-training - INFO - Result <train>: [train/time: 0.75 (s), train/lr: 1.50e-04, train/loss: 0.4586, train/MAE: 0.4586, train/MSE: 0.4416]
2025-08-26 09:01:32,736 - easytorch-training - INFO - Start validation.
2025-08-26 09:01:32,921 - easytorch-training - INFO - Result <val>: [val/time: 0.18 (s), val/loss: 0.7251, val/MAE: 0.7251, val/MSE: 1.1600]
2025-08-26 09:01:33,094 - easytorch-training - INFO - Result <test>: [test/time: 0.17 (s), test/loss: 0.4400, test/MAE: 0.4400, test/MSE: 0.4567]
2025-08-26 09:01:33,098 - easytorch-training - INFO - Checkpoint checkpoints/DLinear/ETTh1_100_336_336/65e6763ee68c9285f092412e93a65af3/DLinear_015.pt saved
2025-08-26 09:01:33,098 - easytorch-training - INFO - The estimated training finish time is 2025-08-26 09:03:09
2025-08-26 09:01:33,098 - easytorch-training - INFO - Epoch 16 / 100
2025-08-26 09:01:33,856 - easytorch-training - INFO - Result <train>: [train/time: 0.76 (s), train/lr: 1.50e-04, train/loss: 0.4583, train/MAE: 0.4583, train/MSE: 0.4413]
2025-08-26 09:01:33,857 - easytorch-training - INFO - Start validation.
2025-08-26 09:01:34,042 - easytorch-training - INFO - Result <val>: [val/time: 0.18 (s), val/loss: 0.7265, val/MAE: 0.7265, val/MSE: 1.1650]
2025-08-26 09:01:34,215 - easytorch-training - INFO - Result <test>: [test/time: 0.17 (s), test/loss: 0.4384, test/MAE: 0.4384, test/MSE: 0.4549]
2025-08-26 09:01:34,220 - easytorch-training - INFO - Checkpoint checkpoints/DLinear/ETTh1_100_336_336/65e6763ee68c9285f092412e93a65af3/DLinear_016.pt saved
2025-08-26 09:01:34,220 - easytorch-training - INFO - The estimated training finish time is 2025-08-26 09:03:09
2025-08-26 09:01:34,220 - easytorch-training - INFO - Epoch 17 / 100
2025-08-26 09:01:34,973 - easytorch-training - INFO - Result <train>: [train/time: 0.75 (s), train/lr: 1.50e-04, train/loss: 0.4582, train/MAE: 0.4582, train/MSE: 0.4413]
2025-08-26 09:01:34,974 - easytorch-training - INFO - Start validation.
2025-08-26 09:01:35,156 - easytorch-training - INFO - Result <val>: [val/time: 0.18 (s), val/loss: 0.7259, val/MAE: 0.7259, val/MSE: 1.1628]
2025-08-26 09:01:35,322 - easytorch-training - INFO - Result <test>: [test/time: 0.17 (s), test/loss: 0.4396, test/MAE: 0.4396, test/MSE: 0.4569]
2025-08-26 09:01:35,326 - easytorch-training - INFO - Checkpoint checkpoints/DLinear/ETTh1_100_336_336/65e6763ee68c9285f092412e93a65af3/DLinear_017.pt saved
2025-08-26 09:01:35,326 - easytorch-training - INFO - The estimated training finish time is 2025-08-26 09:03:09
2025-08-26 09:01:35,326 - easytorch-training - INFO - Epoch 18 / 100
2025-08-26 09:01:36,084 - easytorch-training - INFO - Result <train>: [train/time: 0.76 (s), train/lr: 1.50e-04, train/loss: 0.4581, train/MAE: 0.4581, train/MSE: 0.4413]
2025-08-26 09:01:36,084 - easytorch-training - INFO - Start validation.
2025-08-26 09:01:36,256 - easytorch-training - INFO - Result <val>: [val/time: 0.17 (s), val/loss: 0.7266, val/MAE: 0.7266, val/MSE: 1.1658]
2025-08-26 09:01:36,424 - easytorch-training - INFO - Result <test>: [test/time: 0.17 (s), test/loss: 0.4378, test/MAE: 0.4378, test/MSE: 0.4545]
2025-08-26 09:01:36,428 - easytorch-training - INFO - Checkpoint checkpoints/DLinear/ETTh1_100_336_336/65e6763ee68c9285f092412e93a65af3/DLinear_018.pt saved
2025-08-26 09:01:36,428 - easytorch-training - INFO - The estimated training finish time is 2025-08-26 09:03:09
2025-08-26 09:01:36,428 - easytorch-training - INFO - Epoch 19 / 100
2025-08-26 09:01:37,230 - easytorch-training - INFO - Result <train>: [train/time: 0.80 (s), train/lr: 1.50e-04, train/loss: 0.4578, train/MAE: 0.4578, train/MSE: 0.4408]
2025-08-26 09:01:37,231 - easytorch-training - INFO - Start validation.
2025-08-26 09:01:37,404 - easytorch-training - INFO - Result <val>: [val/time: 0.17 (s), val/loss: 0.7254, val/MAE: 0.7254, val/MSE: 1.1617]
2025-08-26 09:01:37,584 - easytorch-training - INFO - Result <test>: [test/time: 0.18 (s), test/loss: 0.4384, test/MAE: 0.4384, test/MSE: 0.4554]
2025-08-26 09:01:37,590 - easytorch-training - INFO - Checkpoint checkpoints/DLinear/ETTh1_100_336_336/65e6763ee68c9285f092412e93a65af3/DLinear_019.pt saved
2025-08-26 09:01:37,590 - easytorch-training - INFO - The estimated training finish time is 2025-08-26 09:03:09
2025-08-26 09:01:37,590 - easytorch-training - INFO - Epoch 20 / 100
2025-08-26 09:01:38,373 - easytorch-training - INFO - Result <train>: [train/time: 0.78 (s), train/lr: 1.50e-04, train/loss: 0.4576, train/MAE: 0.4576, train/MSE: 0.4407]
2025-08-26 09:01:38,374 - easytorch-training - INFO - Start validation.
2025-08-26 09:01:38,568 - easytorch-training - INFO - Result <val>: [val/time: 0.19 (s), val/loss: 0.7186, val/MAE: 0.7186, val/MSE: 1.1405]
2025-08-26 09:01:38,574 - easytorch-training - INFO - Checkpoint checkpoints/DLinear/ETTh1_100_336_336/65e6763ee68c9285f092412e93a65af3/DLinear_best_val_MAE.pt saved
2025-08-26 09:01:38,746 - easytorch-training - INFO - Result <test>: [test/time: 0.17 (s), test/loss: 0.4441, test/MAE: 0.4441, test/MSE: 0.4610]
2025-08-26 09:01:38,750 - easytorch-training - INFO - Checkpoint checkpoints/DLinear/ETTh1_100_336_336/65e6763ee68c9285f092412e93a65af3/DLinear_020.pt saved
2025-08-26 09:01:38,753 - easytorch-training - INFO - The estimated training finish time is 2025-08-26 09:03:09
2025-08-26 09:01:38,753 - easytorch-training - INFO - Epoch 21 / 100
2025-08-26 09:01:39,502 - easytorch-training - INFO - Result <train>: [train/time: 0.75 (s), train/lr: 1.50e-04, train/loss: 0.4576, train/MAE: 0.4576, train/MSE: 0.4406]
2025-08-26 09:01:39,503 - easytorch-training - INFO - Start validation.
2025-08-26 09:01:39,684 - easytorch-training - INFO - Result <val>: [val/time: 0.18 (s), val/loss: 0.7260, val/MAE: 0.7260, val/MSE: 1.1645]
2025-08-26 09:01:39,861 - easytorch-training - INFO - Result <test>: [test/time: 0.18 (s), test/loss: 0.4390, test/MAE: 0.4390, test/MSE: 0.4563]
2025-08-26 09:01:39,867 - easytorch-training - INFO - Checkpoint checkpoints/DLinear/ETTh1_100_336_336/65e6763ee68c9285f092412e93a65af3/DLinear_021.pt saved
2025-08-26 09:01:39,867 - easytorch-training - INFO - The estimated training finish time is 2025-08-26 09:03:09
2025-08-26 09:01:39,867 - easytorch-training - INFO - Epoch 22 / 100
2025-08-26 09:01:40,631 - easytorch-training - INFO - Result <train>: [train/time: 0.76 (s), train/lr: 1.50e-04, train/loss: 0.4573, train/MAE: 0.4573, train/MSE: 0.4405]
2025-08-26 09:01:40,632 - easytorch-training - INFO - Start validation.
2025-08-26 09:01:40,823 - easytorch-training - INFO - Result <val>: [val/time: 0.19 (s), val/loss: 0.7248, val/MAE: 0.7248, val/MSE: 1.1606]
2025-08-26 09:01:40,998 - easytorch-training - INFO - Result <test>: [test/time: 0.17 (s), test/loss: 0.4391, test/MAE: 0.4391, test/MSE: 0.4564]
2025-08-26 09:01:41,002 - easytorch-training - INFO - Checkpoint checkpoints/DLinear/ETTh1_100_336_336/65e6763ee68c9285f092412e93a65af3/DLinear_022.pt saved
2025-08-26 09:01:41,003 - easytorch-training - INFO - The estimated training finish time is 2025-08-26 09:03:09
2025-08-26 09:01:41,003 - easytorch-training - INFO - Epoch 23 / 100
2025-08-26 09:01:41,751 - easytorch-training - INFO - Result <train>: [train/time: 0.75 (s), train/lr: 1.50e-04, train/loss: 0.4572, train/MAE: 0.4572, train/MSE: 0.4403]
2025-08-26 09:01:41,752 - easytorch-training - INFO - Start validation.
2025-08-26 09:01:41,926 - easytorch-training - INFO - Result <val>: [val/time: 0.17 (s), val/loss: 0.7224, val/MAE: 0.7224, val/MSE: 1.1544]
2025-08-26 09:01:42,118 - easytorch-training - INFO - Result <test>: [test/time: 0.19 (s), test/loss: 0.4400, test/MAE: 0.4400, test/MSE: 0.4569]
2025-08-26 09:01:42,122 - easytorch-training - INFO - Checkpoint checkpoints/DLinear/ETTh1_100_336_336/65e6763ee68c9285f092412e93a65af3/DLinear_023.pt saved
2025-08-26 09:01:42,122 - easytorch-training - INFO - The estimated training finish time is 2025-08-26 09:03:09
2025-08-26 09:01:42,122 - easytorch-training - INFO - Epoch 24 / 100
2025-08-26 09:01:42,867 - easytorch-training - INFO - Result <train>: [train/time: 0.74 (s), train/lr: 1.50e-04, train/loss: 0.4571, train/MAE: 0.4571, train/MSE: 0.4403]
2025-08-26 09:01:42,868 - easytorch-training - INFO - Start validation.
2025-08-26 09:01:43,042 - easytorch-training - INFO - Result <val>: [val/time: 0.17 (s), val/loss: 0.7226, val/MAE: 0.7226, val/MSE: 1.1537]
2025-08-26 09:01:43,218 - easytorch-training - INFO - Result <test>: [test/time: 0.18 (s), test/loss: 0.4395, test/MAE: 0.4395, test/MSE: 0.4564]
2025-08-26 09:01:43,222 - easytorch-training - INFO - Checkpoint checkpoints/DLinear/ETTh1_100_336_336/65e6763ee68c9285f092412e93a65af3/DLinear_024.pt saved
2025-08-26 09:01:43,222 - easytorch-training - INFO - The estimated training finish time is 2025-08-26 09:03:09
2025-08-26 09:01:43,223 - easytorch-training - INFO - Epoch 25 / 100
2025-08-26 09:01:43,965 - easytorch-training - INFO - Result <train>: [train/time: 0.74 (s), train/lr: 1.50e-04, train/loss: 0.4570, train/MAE: 0.4570, train/MSE: 0.4402]
2025-08-26 09:01:43,966 - easytorch-training - INFO - Start validation.
2025-08-26 09:01:44,160 - easytorch-training - INFO - Result <val>: [val/time: 0.19 (s), val/loss: 0.7236, val/MAE: 0.7236, val/MSE: 1.1552]
2025-08-26 09:01:44,332 - easytorch-training - INFO - Result <test>: [test/time: 0.17 (s), test/loss: 0.4385, test/MAE: 0.4385, test/MSE: 0.4553]
2025-08-26 09:01:44,337 - easytorch-training - INFO - Checkpoint checkpoints/DLinear/ETTh1_100_336_336/65e6763ee68c9285f092412e93a65af3/DLinear_025.pt saved
2025-08-26 09:01:44,337 - easytorch-training - INFO - The estimated training finish time is 2025-08-26 09:03:09
2025-08-26 09:01:44,337 - easytorch-training - INFO - Epoch 26 / 100
2025-08-26 09:01:45,093 - easytorch-training - INFO - Result <train>: [train/time: 0.76 (s), train/lr: 7.50e-05, train/loss: 0.4565, train/MAE: 0.4565, train/MSE: 0.4396]
2025-08-26 09:01:45,094 - easytorch-training - INFO - Start validation.
2025-08-26 09:01:45,278 - easytorch-training - INFO - Result <val>: [val/time: 0.18 (s), val/loss: 0.7233, val/MAE: 0.7233, val/MSE: 1.1567]
2025-08-26 09:01:45,456 - easytorch-training - INFO - Result <test>: [test/time: 0.18 (s), test/loss: 0.4381, test/MAE: 0.4381, test/MSE: 0.4554]
2025-08-26 09:01:45,460 - easytorch-training - INFO - Checkpoint checkpoints/DLinear/ETTh1_100_336_336/65e6763ee68c9285f092412e93a65af3/DLinear_026.pt saved
2025-08-26 09:01:45,460 - easytorch-training - INFO - The estimated training finish time is 2025-08-26 09:03:09
2025-08-26 09:01:45,460 - easytorch-training - INFO - Epoch 27 / 100
2025-08-26 09:01:46,208 - easytorch-training - INFO - Result <train>: [train/time: 0.75 (s), train/lr: 7.50e-05, train/loss: 0.4564, train/MAE: 0.4564, train/MSE: 0.4394]
2025-08-26 09:01:46,209 - easytorch-training - INFO - Start validation.
2025-08-26 09:01:46,393 - easytorch-training - INFO - Result <val>: [val/time: 0.18 (s), val/loss: 0.7260, val/MAE: 0.7260, val/MSE: 1.1653]
2025-08-26 09:01:46,570 - easytorch-training - INFO - Result <test>: [test/time: 0.18 (s), test/loss: 0.4370, test/MAE: 0.4370, test/MSE: 0.4544]
2025-08-26 09:01:46,574 - easytorch-training - INFO - Checkpoint checkpoints/DLinear/ETTh1_100_336_336/65e6763ee68c9285f092412e93a65af3/DLinear_027.pt saved
2025-08-26 09:01:46,574 - easytorch-training - INFO - The estimated training finish time is 2025-08-26 09:03:09
2025-08-26 09:01:46,575 - easytorch-training - INFO - Epoch 28 / 100
2025-08-26 09:01:47,320 - easytorch-training - INFO - Result <train>: [train/time: 0.75 (s), train/lr: 7.50e-05, train/loss: 0.4563, train/MAE: 0.4563, train/MSE: 0.4395]
2025-08-26 09:01:47,320 - easytorch-training - INFO - Start validation.
2025-08-26 09:01:47,487 - easytorch-training - INFO - Result <val>: [val/time: 0.17 (s), val/loss: 0.7227, val/MAE: 0.7227, val/MSE: 1.1542]
2025-08-26 09:01:47,662 - easytorch-training - INFO - Result <test>: [test/time: 0.18 (s), test/loss: 0.4384, test/MAE: 0.4384, test/MSE: 0.4554]
2025-08-26 09:01:47,666 - easytorch-training - INFO - Checkpoint checkpoints/DLinear/ETTh1_100_336_336/65e6763ee68c9285f092412e93a65af3/DLinear_028.pt saved
2025-08-26 09:01:47,666 - easytorch-training - INFO - The estimated training finish time is 2025-08-26 09:03:09
2025-08-26 09:01:47,666 - easytorch-training - INFO - Epoch 29 / 100
2025-08-26 09:01:48,425 - easytorch-training - INFO - Result <train>: [train/time: 0.76 (s), train/lr: 7.50e-05, train/loss: 0.4563, train/MAE: 0.4563, train/MSE: 0.4394]
2025-08-26 09:01:48,425 - easytorch-training - INFO - Start validation.
2025-08-26 09:01:48,591 - easytorch-training - INFO - Result <val>: [val/time: 0.16 (s), val/loss: 0.7262, val/MAE: 0.7262, val/MSE: 1.1657]
2025-08-26 09:01:48,766 - easytorch-training - INFO - Result <test>: [test/time: 0.18 (s), test/loss: 0.4364, test/MAE: 0.4364, test/MSE: 0.4539]
2025-08-26 09:01:48,771 - easytorch-training - INFO - Checkpoint checkpoints/DLinear/ETTh1_100_336_336/65e6763ee68c9285f092412e93a65af3/DLinear_029.pt saved
2025-08-26 09:01:48,771 - easytorch-training - INFO - The estimated training finish time is 2025-08-26 09:03:09
2025-08-26 09:01:48,772 - easytorch-training - INFO - Epoch 30 / 100
2025-08-26 09:01:49,521 - easytorch-training - INFO - Result <train>: [train/time: 0.75 (s), train/lr: 7.50e-05, train/loss: 0.4563, train/MAE: 0.4563, train/MSE: 0.4394]
2025-08-26 09:01:49,522 - easytorch-training - INFO - Start validation.
2025-08-26 09:01:49,683 - easytorch-training - INFO - Result <val>: [val/time: 0.16 (s), val/loss: 0.7267, val/MAE: 0.7267, val/MSE: 1.1662]
2025-08-26 09:01:49,858 - easytorch-training - INFO - Result <test>: [test/time: 0.17 (s), test/loss: 0.4357, test/MAE: 0.4357, test/MSE: 0.4529]
2025-08-26 09:01:49,863 - easytorch-training - INFO - Checkpoint checkpoints/DLinear/ETTh1_100_336_336/65e6763ee68c9285f092412e93a65af3/DLinear_030.pt saved
2025-08-26 09:01:49,865 - easytorch-training - INFO - The estimated training finish time is 2025-08-26 09:03:08
2025-08-26 09:01:49,865 - easytorch-training - INFO - Epoch 31 / 100
2025-08-26 09:01:50,618 - easytorch-training - INFO - Result <train>: [train/time: 0.75 (s), train/lr: 7.50e-05, train/loss: 0.4563, train/MAE: 0.4563, train/MSE: 0.4393]
2025-08-26 09:01:50,618 - easytorch-training - INFO - Start validation.
2025-08-26 09:01:50,796 - easytorch-training - INFO - Result <val>: [val/time: 0.18 (s), val/loss: 0.7226, val/MAE: 0.7226, val/MSE: 1.1547]
2025-08-26 09:01:50,970 - easytorch-training - INFO - Result <test>: [test/time: 0.17 (s), test/loss: 0.4381, test/MAE: 0.4381, test/MSE: 0.4552]
2025-08-26 09:01:50,974 - easytorch-training - INFO - Checkpoint checkpoints/DLinear/ETTh1_100_336_336/65e6763ee68c9285f092412e93a65af3/DLinear_031.pt saved
2025-08-26 09:01:50,974 - easytorch-training - INFO - The estimated training finish time is 2025-08-26 09:03:08
2025-08-26 09:01:50,974 - easytorch-training - INFO - Epoch 32 / 100
2025-08-26 09:01:51,725 - easytorch-training - INFO - Result <train>: [train/time: 0.75 (s), train/lr: 7.50e-05, train/loss: 0.4562, train/MAE: 0.4562, train/MSE: 0.4393]
2025-08-26 09:01:51,725 - easytorch-training - INFO - Start validation.
2025-08-26 09:01:51,926 - easytorch-training - INFO - Result <val>: [val/time: 0.20 (s), val/loss: 0.7279, val/MAE: 0.7279, val/MSE: 1.1713]
2025-08-26 09:01:52,098 - easytorch-training - INFO - Result <test>: [test/time: 0.17 (s), test/loss: 0.4357, test/MAE: 0.4357, test/MSE: 0.4532]
2025-08-26 09:01:52,103 - easytorch-training - INFO - Checkpoint checkpoints/DLinear/ETTh1_100_336_336/65e6763ee68c9285f092412e93a65af3/DLinear_032.pt saved
2025-08-26 09:01:52,104 - easytorch-training - INFO - The estimated training finish time is 2025-08-26 09:03:08
2025-08-26 09:01:52,104 - easytorch-training - INFO - Epoch 33 / 100
2025-08-26 09:01:52,886 - easytorch-training - INFO - Result <train>: [train/time: 0.78 (s), train/lr: 7.50e-05, train/loss: 0.4562, train/MAE: 0.4562, train/MSE: 0.4393]
2025-08-26 09:01:52,887 - easytorch-training - INFO - Start validation.
2025-08-26 09:01:53,072 - easytorch-training - INFO - Result <val>: [val/time: 0.18 (s), val/loss: 0.7259, val/MAE: 0.7259, val/MSE: 1.1655]
2025-08-26 09:01:53,245 - easytorch-training - INFO - Result <test>: [test/time: 0.17 (s), test/loss: 0.4369, test/MAE: 0.4369, test/MSE: 0.4544]
2025-08-26 09:01:53,251 - easytorch-training - INFO - Checkpoint checkpoints/DLinear/ETTh1_100_336_336/65e6763ee68c9285f092412e93a65af3/DLinear_033.pt saved
2025-08-26 09:01:53,251 - easytorch-training - INFO - The estimated training finish time is 2025-08-26 09:03:08
2025-08-26 09:01:53,251 - easytorch-training - INFO - Epoch 34 / 100
2025-08-26 09:01:54,012 - easytorch-training - INFO - Result <train>: [train/time: 0.76 (s), train/lr: 7.50e-05, train/loss: 0.4562, train/MAE: 0.4562, train/MSE: 0.4393]
2025-08-26 09:01:54,013 - easytorch-training - INFO - Start validation.
2025-08-26 09:01:54,206 - easytorch-training - INFO - Result <val>: [val/time: 0.19 (s), val/loss: 0.7248, val/MAE: 0.7248, val/MSE: 1.1618]
2025-08-26 09:01:54,379 - easytorch-training - INFO - Result <test>: [test/time: 0.17 (s), test/loss: 0.4373, test/MAE: 0.4373, test/MSE: 0.4549]
2025-08-26 09:01:54,383 - easytorch-training - INFO - Checkpoint checkpoints/DLinear/ETTh1_100_336_336/65e6763ee68c9285f092412e93a65af3/DLinear_034.pt saved
2025-08-26 09:01:54,383 - easytorch-training - INFO - The estimated training finish time is 2025-08-26 09:03:08
2025-08-26 09:01:54,383 - easytorch-training - INFO - Epoch 35 / 100
2025-08-26 09:01:55,143 - easytorch-training - INFO - Result <train>: [train/time: 0.76 (s), train/lr: 7.50e-05, train/loss: 0.4563, train/MAE: 0.4563, train/MSE: 0.4395]
2025-08-26 09:01:55,144 - easytorch-training - INFO - Start validation.
2025-08-26 09:01:55,333 - easytorch-training - INFO - Result <val>: [val/time: 0.19 (s), val/loss: 0.7235, val/MAE: 0.7235, val/MSE: 1.1579]
2025-08-26 09:01:55,505 - easytorch-training - INFO - Result <test>: [test/time: 0.17 (s), test/loss: 0.4379, test/MAE: 0.4379, test/MSE: 0.4554]
2025-08-26 09:01:55,510 - easytorch-training - INFO - Checkpoint checkpoints/DLinear/ETTh1_100_336_336/65e6763ee68c9285f092412e93a65af3/DLinear_035.pt saved
2025-08-26 09:01:55,510 - easytorch-training - INFO - The estimated training finish time is 2025-08-26 09:03:08
2025-08-26 09:01:55,510 - easytorch-training - INFO - Epoch 36 / 100
2025-08-26 09:01:56,270 - easytorch-training - INFO - Result <train>: [train/time: 0.76 (s), train/lr: 7.50e-05, train/loss: 0.4561, train/MAE: 0.4561, train/MSE: 0.4393]
2025-08-26 09:01:56,271 - easytorch-training - INFO - Start validation.
2025-08-26 09:01:56,459 - easytorch-training - INFO - Result <val>: [val/time: 0.19 (s), val/loss: 0.7242, val/MAE: 0.7242, val/MSE: 1.1604]
2025-08-26 09:01:56,641 - easytorch-training - INFO - Result <test>: [test/time: 0.18 (s), test/loss: 0.4378, test/MAE: 0.4378, test/MSE: 0.4555]
2025-08-26 09:01:56,645 - easytorch-training - INFO - Checkpoint checkpoints/DLinear/ETTh1_100_336_336/65e6763ee68c9285f092412e93a65af3/DLinear_036.pt saved
2025-08-26 09:01:56,645 - easytorch-training - INFO - The estimated training finish time is 2025-08-26 09:03:08
2025-08-26 09:01:56,645 - easytorch-training - INFO - Epoch 37 / 100
2025-08-26 09:01:57,397 - easytorch-training - INFO - Result <train>: [train/time: 0.75 (s), train/lr: 7.50e-05, train/loss: 0.4561, train/MAE: 0.4561, train/MSE: 0.4393]
2025-08-26 09:01:57,398 - easytorch-training - INFO - Start validation.
2025-08-26 09:01:57,584 - easytorch-training - INFO - Result <val>: [val/time: 0.19 (s), val/loss: 0.7237, val/MAE: 0.7237, val/MSE: 1.1586]
2025-08-26 09:01:57,765 - easytorch-training - INFO - Result <test>: [test/time: 0.18 (s), test/loss: 0.4375, test/MAE: 0.4375, test/MSE: 0.4548]
2025-08-26 09:01:57,769 - easytorch-training - INFO - Checkpoint checkpoints/DLinear/ETTh1_100_336_336/65e6763ee68c9285f092412e93a65af3/DLinear_037.pt saved
2025-08-26 09:01:57,769 - easytorch-training - INFO - The estimated training finish time is 2025-08-26 09:03:08
2025-08-26 09:01:57,769 - easytorch-training - INFO - Epoch 38 / 100
2025-08-26 09:01:58,525 - easytorch-training - INFO - Result <train>: [train/time: 0.76 (s), train/lr: 7.50e-05, train/loss: 0.4561, train/MAE: 0.4561, train/MSE: 0.4393]
2025-08-26 09:01:58,525 - easytorch-training - INFO - Start validation.
2025-08-26 09:01:58,723 - easytorch-training - INFO - Result <val>: [val/time: 0.20 (s), val/loss: 0.7223, val/MAE: 0.7223, val/MSE: 1.1532]
2025-08-26 09:01:58,899 - easytorch-training - INFO - Result <test>: [test/time: 0.18 (s), test/loss: 0.4384, test/MAE: 0.4384, test/MSE: 0.4556]
2025-08-26 09:01:58,905 - easytorch-training - INFO - Checkpoint checkpoints/DLinear/ETTh1_100_336_336/65e6763ee68c9285f092412e93a65af3/DLinear_038.pt saved
2025-08-26 09:01:58,905 - easytorch-training - INFO - The estimated training finish time is 2025-08-26 09:03:08
2025-08-26 09:01:58,905 - easytorch-training - INFO - Epoch 39 / 100
2025-08-26 09:01:59,653 - easytorch-training - INFO - Result <train>: [train/time: 0.75 (s), train/lr: 7.50e-05, train/loss: 0.4561, train/MAE: 0.4561, train/MSE: 0.4393]
2025-08-26 09:01:59,654 - easytorch-training - INFO - Start validation.
2025-08-26 09:01:59,835 - easytorch-training - INFO - Result <val>: [val/time: 0.18 (s), val/loss: 0.7193, val/MAE: 0.7193, val/MSE: 1.1438]
2025-08-26 09:02:00,011 - easytorch-training - INFO - Result <test>: [test/time: 0.18 (s), test/loss: 0.4401, test/MAE: 0.4401, test/MSE: 0.4571]
2025-08-26 09:02:00,016 - easytorch-training - INFO - Checkpoint checkpoints/DLinear/ETTh1_100_336_336/65e6763ee68c9285f092412e93a65af3/DLinear_039.pt saved
2025-08-26 09:02:00,016 - easytorch-training - INFO - The estimated training finish time is 2025-08-26 09:03:08
2025-08-26 09:02:00,016 - easytorch-training - INFO - Epoch 40 / 100
2025-08-26 09:02:00,778 - easytorch-training - INFO - Result <train>: [train/time: 0.76 (s), train/lr: 7.50e-05, train/loss: 0.4560, train/MAE: 0.4560, train/MSE: 0.4390]
2025-08-26 09:02:00,778 - easytorch-training - INFO - Start validation.
2025-08-26 09:02:00,963 - easytorch-training - INFO - Result <val>: [val/time: 0.18 (s), val/loss: 0.7254, val/MAE: 0.7254, val/MSE: 1.1641]
2025-08-26 09:02:01,130 - easytorch-training - INFO - Result <test>: [test/time: 0.17 (s), test/loss: 0.4368, test/MAE: 0.4368, test/MSE: 0.4544]
2025-08-26 09:02:01,135 - easytorch-training - INFO - Checkpoint checkpoints/DLinear/ETTh1_100_336_336/65e6763ee68c9285f092412e93a65af3/DLinear_040.pt saved
2025-08-26 09:02:01,137 - easytorch-training - INFO - The estimated training finish time is 2025-08-26 09:03:08
2025-08-26 09:02:01,137 - easytorch-training - INFO - Epoch 41 / 100
2025-08-26 09:02:01,893 - easytorch-training - INFO - Result <train>: [train/time: 0.76 (s), train/lr: 7.50e-05, train/loss: 0.4560, train/MAE: 0.4560, train/MSE: 0.4392]
2025-08-26 09:02:01,893 - easytorch-training - INFO - Start validation.
2025-08-26 09:02:02,081 - easytorch-training - INFO - Result <val>: [val/time: 0.19 (s), val/loss: 0.7212, val/MAE: 0.7212, val/MSE: 1.1504]
2025-08-26 09:02:02,262 - easytorch-training - INFO - Result <test>: [test/time: 0.18 (s), test/loss: 0.4393, test/MAE: 0.4393, test/MSE: 0.4565]
2025-08-26 09:02:02,266 - easytorch-training - INFO - Checkpoint checkpoints/DLinear/ETTh1_100_336_336/65e6763ee68c9285f092412e93a65af3/DLinear_041.pt saved
2025-08-26 09:02:02,267 - easytorch-training - INFO - The estimated training finish time is 2025-08-26 09:03:08
2025-08-26 09:02:02,267 - easytorch-training - INFO - Epoch 42 / 100
2025-08-26 09:02:03,022 - easytorch-training - INFO - Result <train>: [train/time: 0.76 (s), train/lr: 7.50e-05, train/loss: 0.4560, train/MAE: 0.4560, train/MSE: 0.4392]
2025-08-26 09:02:03,023 - easytorch-training - INFO - Start validation.
2025-08-26 09:02:03,211 - easytorch-training - INFO - Result <val>: [val/time: 0.19 (s), val/loss: 0.7238, val/MAE: 0.7238, val/MSE: 1.1587]
2025-08-26 09:02:03,392 - easytorch-training - INFO - Result <test>: [test/time: 0.18 (s), test/loss: 0.4371, test/MAE: 0.4371, test/MSE: 0.4543]
2025-08-26 09:02:03,399 - easytorch-training - INFO - Checkpoint checkpoints/DLinear/ETTh1_100_336_336/65e6763ee68c9285f092412e93a65af3/DLinear_042.pt saved
2025-08-26 09:02:03,399 - easytorch-training - INFO - The estimated training finish time is 2025-08-26 09:03:08
2025-08-26 09:02:03,399 - easytorch-training - INFO - Epoch 43 / 100
2025-08-26 09:02:04,141 - easytorch-training - INFO - Result <train>: [train/time: 0.74 (s), train/lr: 7.50e-05, train/loss: 0.4560, train/MAE: 0.4560, train/MSE: 0.4390]
2025-08-26 09:02:04,142 - easytorch-training - INFO - Start validation.
2025-08-26 09:02:04,329 - easytorch-training - INFO - Result <val>: [val/time: 0.19 (s), val/loss: 0.7279, val/MAE: 0.7279, val/MSE: 1.1729]
2025-08-26 09:02:04,509 - easytorch-training - INFO - Result <test>: [test/time: 0.18 (s), test/loss: 0.4366, test/MAE: 0.4366, test/MSE: 0.4540]
2025-08-26 09:02:04,513 - easytorch-training - INFO - Checkpoint checkpoints/DLinear/ETTh1_100_336_336/65e6763ee68c9285f092412e93a65af3/DLinear_043.pt saved
2025-08-26 09:02:04,513 - easytorch-training - INFO - The estimated training finish time is 2025-08-26 09:03:08
2025-08-26 09:02:04,514 - easytorch-training - INFO - Epoch 44 / 100
2025-08-26 09:02:05,264 - easytorch-training - INFO - Result <train>: [train/time: 0.75 (s), train/lr: 7.50e-05, train/loss: 0.4560, train/MAE: 0.4560, train/MSE: 0.4392]
2025-08-26 09:02:05,265 - easytorch-training - INFO - Start validation.
2025-08-26 09:02:05,453 - easytorch-training - INFO - Result <val>: [val/time: 0.19 (s), val/loss: 0.7238, val/MAE: 0.7238, val/MSE: 1.1581]
2025-08-26 09:02:05,628 - easytorch-training - INFO - Result <test>: [test/time: 0.17 (s), test/loss: 0.4373, test/MAE: 0.4373, test/MSE: 0.4546]
2025-08-26 09:02:05,633 - easytorch-training - INFO - Checkpoint checkpoints/DLinear/ETTh1_100_336_336/65e6763ee68c9285f092412e93a65af3/DLinear_044.pt saved
2025-08-26 09:02:05,633 - easytorch-training - INFO - The estimated training finish time is 2025-08-26 09:03:08
2025-08-26 09:02:05,633 - easytorch-training - INFO - Epoch 45 / 100
2025-08-26 09:02:06,391 - easytorch-training - INFO - Result <train>: [train/time: 0.76 (s), train/lr: 7.50e-05, train/loss: 0.4559, train/MAE: 0.4559, train/MSE: 0.4390]
2025-08-26 09:02:06,391 - easytorch-training - INFO - Start validation.
2025-08-26 09:02:06,578 - easytorch-training - INFO - Result <val>: [val/time: 0.19 (s), val/loss: 0.7248, val/MAE: 0.7248, val/MSE: 1.1616]
2025-08-26 09:02:06,753 - easytorch-training - INFO - Result <test>: [test/time: 0.17 (s), test/loss: 0.4364, test/MAE: 0.4364, test/MSE: 0.4537]
2025-08-26 09:02:06,759 - easytorch-training - INFO - Checkpoint checkpoints/DLinear/ETTh1_100_336_336/65e6763ee68c9285f092412e93a65af3/DLinear_045.pt saved
2025-08-26 09:02:06,759 - easytorch-training - INFO - The estimated training finish time is 2025-08-26 09:03:08
2025-08-26 09:02:06,759 - easytorch-training - INFO - Epoch 46 / 100
2025-08-26 09:02:07,533 - easytorch-training - INFO - Result <train>: [train/time: 0.77 (s), train/lr: 7.50e-05, train/loss: 0.4559, train/MAE: 0.4559, train/MSE: 0.4390]
2025-08-26 09:02:07,533 - easytorch-training - INFO - Start validation.
2025-08-26 09:02:07,720 - easytorch-training - INFO - Result <val>: [val/time: 0.19 (s), val/loss: 0.7255, val/MAE: 0.7255, val/MSE: 1.1635]
2025-08-26 09:02:07,893 - easytorch-training - INFO - Result <test>: [test/time: 0.17 (s), test/loss: 0.4366, test/MAE: 0.4366, test/MSE: 0.4541]
2025-08-26 09:02:07,897 - easytorch-training - INFO - Checkpoint checkpoints/DLinear/ETTh1_100_336_336/65e6763ee68c9285f092412e93a65af3/DLinear_046.pt saved
2025-08-26 09:02:07,898 - easytorch-training - INFO - The estimated training finish time is 2025-08-26 09:03:08
2025-08-26 09:02:07,898 - easytorch-training - INFO - Epoch 47 / 100
2025-08-26 09:02:08,645 - easytorch-training - INFO - Result <train>: [train/time: 0.75 (s), train/lr: 7.50e-05, train/loss: 0.4559, train/MAE: 0.4559, train/MSE: 0.4391]
2025-08-26 09:02:08,645 - easytorch-training - INFO - Start validation.
2025-08-26 09:02:08,837 - easytorch-training - INFO - Result <val>: [val/time: 0.19 (s), val/loss: 0.7214, val/MAE: 0.7214, val/MSE: 1.1511]
2025-08-26 09:02:09,030 - easytorch-training - INFO - Result <test>: [test/time: 0.19 (s), test/loss: 0.4389, test/MAE: 0.4389, test/MSE: 0.4563]
2025-08-26 09:02:09,035 - easytorch-training - INFO - Checkpoint checkpoints/DLinear/ETTh1_100_336_336/65e6763ee68c9285f092412e93a65af3/DLinear_047.pt saved
2025-08-26 09:02:09,035 - easytorch-training - INFO - The estimated training finish time is 2025-08-26 09:03:08
2025-08-26 09:02:09,035 - easytorch-training - INFO - Epoch 48 / 100
2025-08-26 09:02:09,796 - easytorch-training - INFO - Result <train>: [train/time: 0.76 (s), train/lr: 7.50e-05, train/loss: 0.4559, train/MAE: 0.4559, train/MSE: 0.4389]
2025-08-26 09:02:09,796 - easytorch-training - INFO - Start validation.
2025-08-26 09:02:09,985 - easytorch-training - INFO - Result <val>: [val/time: 0.19 (s), val/loss: 0.7241, val/MAE: 0.7241, val/MSE: 1.1597]
2025-08-26 09:02:10,154 - easytorch-training - INFO - Result <test>: [test/time: 0.17 (s), test/loss: 0.4375, test/MAE: 0.4375, test/MSE: 0.4550]
2025-08-26 09:02:10,158 - easytorch-training - INFO - Checkpoint checkpoints/DLinear/ETTh1_100_336_336/65e6763ee68c9285f092412e93a65af3/DLinear_048.pt saved
2025-08-26 09:02:10,158 - easytorch-training - INFO - The estimated training finish time is 2025-08-26 09:03:08
2025-08-26 09:02:10,158 - easytorch-training - INFO - Epoch 49 / 100
2025-08-26 09:02:10,898 - easytorch-training - INFO - Result <train>: [train/time: 0.74 (s), train/lr: 7.50e-05, train/loss: 0.4559, train/MAE: 0.4559, train/MSE: 0.4393]
2025-08-26 09:02:10,898 - easytorch-training - INFO - Start validation.
2025-08-26 09:02:11,074 - easytorch-training - INFO - Result <val>: [val/time: 0.18 (s), val/loss: 0.7232, val/MAE: 0.7232, val/MSE: 1.1570]
2025-08-26 09:02:11,251 - easytorch-training - INFO - Result <test>: [test/time: 0.18 (s), test/loss: 0.4376, test/MAE: 0.4376, test/MSE: 0.4548]
2025-08-26 09:02:11,258 - easytorch-training - INFO - Checkpoint checkpoints/DLinear/ETTh1_100_336_336/65e6763ee68c9285f092412e93a65af3/DLinear_049.pt saved
2025-08-26 09:02:11,258 - easytorch-training - INFO - The estimated training finish time is 2025-08-26 09:03:08
2025-08-26 09:02:11,258 - easytorch-training - INFO - Epoch 50 / 100
2025-08-26 09:02:12,004 - easytorch-training - INFO - Result <train>: [train/time: 0.75 (s), train/lr: 7.50e-05, train/loss: 0.4559, train/MAE: 0.4559, train/MSE: 0.4390]
2025-08-26 09:02:12,005 - easytorch-training - INFO - Start validation.
2025-08-26 09:02:12,191 - easytorch-training - INFO - Result <val>: [val/time: 0.19 (s), val/loss: 0.7250, val/MAE: 0.7250, val/MSE: 1.1627]
2025-08-26 09:02:12,359 - easytorch-training - INFO - Result <test>: [test/time: 0.17 (s), test/loss: 0.4365, test/MAE: 0.4365, test/MSE: 0.4537]
2025-08-26 09:02:12,363 - easytorch-training - INFO - Checkpoint checkpoints/DLinear/ETTh1_100_336_336/65e6763ee68c9285f092412e93a65af3/DLinear_050.pt saved
2025-08-26 09:02:12,366 - easytorch-training - INFO - The estimated training finish time is 2025-08-26 09:03:08
2025-08-26 09:02:12,366 - easytorch-training - INFO - Epoch 51 / 100
2025-08-26 09:02:13,134 - easytorch-training - INFO - Result <train>: [train/time: 0.77 (s), train/lr: 7.50e-05, train/loss: 0.4558, train/MAE: 0.4558, train/MSE: 0.4391]
2025-08-26 09:02:13,134 - easytorch-training - INFO - Start validation.
2025-08-26 09:02:13,300 - easytorch-training - INFO - Result <val>: [val/time: 0.17 (s), val/loss: 0.7241, val/MAE: 0.7241, val/MSE: 1.1603]
2025-08-26 09:02:13,470 - easytorch-training - INFO - Result <test>: [test/time: 0.17 (s), test/loss: 0.4374, test/MAE: 0.4374, test/MSE: 0.4548]
2025-08-26 09:02:13,474 - easytorch-training - INFO - Checkpoint checkpoints/DLinear/ETTh1_100_336_336/65e6763ee68c9285f092412e93a65af3/DLinear_051.pt saved
2025-08-26 09:02:13,474 - easytorch-training - INFO - The estimated training finish time is 2025-08-26 09:03:08
2025-08-26 09:02:13,474 - easytorch-training - INFO - Epoch 52 / 100
2025-08-26 09:02:14,223 - easytorch-training - INFO - Result <train>: [train/time: 0.75 (s), train/lr: 7.50e-05, train/loss: 0.4559, train/MAE: 0.4559, train/MSE: 0.4390]
2025-08-26 09:02:14,224 - easytorch-training - INFO - Start validation.
2025-08-26 09:02:14,408 - easytorch-training - INFO - Result <val>: [val/time: 0.18 (s), val/loss: 0.7210, val/MAE: 0.7210, val/MSE: 1.1502]
2025-08-26 09:02:14,579 - easytorch-training - INFO - Result <test>: [test/time: 0.17 (s), test/loss: 0.4392, test/MAE: 0.4392, test/MSE: 0.4565]
2025-08-26 09:02:14,585 - easytorch-training - INFO - Checkpoint checkpoints/DLinear/ETTh1_100_336_336/65e6763ee68c9285f092412e93a65af3/DLinear_052.pt saved
2025-08-26 09:02:14,585 - easytorch-training - INFO - The estimated training finish time is 2025-08-26 09:03:08
2025-08-26 09:02:14,585 - easytorch-training - INFO - Epoch 53 / 100
2025-08-26 09:02:15,338 - easytorch-training - INFO - Result <train>: [train/time: 0.75 (s), train/lr: 7.50e-05, train/loss: 0.4559, train/MAE: 0.4559, train/MSE: 0.4392]
2025-08-26 09:02:15,339 - easytorch-training - INFO - Start validation.
2025-08-26 09:02:15,503 - easytorch-training - INFO - Result <val>: [val/time: 0.16 (s), val/loss: 0.7234, val/MAE: 0.7234, val/MSE: 1.1578]
2025-08-26 09:02:15,681 - easytorch-training - INFO - Result <test>: [test/time: 0.18 (s), test/loss: 0.4374, test/MAE: 0.4374, test/MSE: 0.4549]
2025-08-26 09:02:15,686 - easytorch-training - INFO - Checkpoint checkpoints/DLinear/ETTh1_100_336_336/65e6763ee68c9285f092412e93a65af3/DLinear_053.pt saved
2025-08-26 09:02:15,686 - easytorch-training - INFO - The estimated training finish time is 2025-08-26 09:03:08
2025-08-26 09:02:15,686 - easytorch-training - INFO - Epoch 54 / 100
2025-08-26 09:02:16,433 - easytorch-training - INFO - Result <train>: [train/time: 0.75 (s), train/lr: 7.50e-05, train/loss: 0.4558, train/MAE: 0.4558, train/MSE: 0.4390]
2025-08-26 09:02:16,434 - easytorch-training - INFO - Start validation.
2025-08-26 09:02:16,597 - easytorch-training - INFO - Result <val>: [val/time: 0.16 (s), val/loss: 0.7245, val/MAE: 0.7245, val/MSE: 1.1613]
2025-08-26 09:02:16,767 - easytorch-training - INFO - Result <test>: [test/time: 0.17 (s), test/loss: 0.4368, test/MAE: 0.4368, test/MSE: 0.4541]
2025-08-26 09:02:16,771 - easytorch-training - INFO - Checkpoint checkpoints/DLinear/ETTh1_100_336_336/65e6763ee68c9285f092412e93a65af3/DLinear_054.pt saved
2025-08-26 09:02:16,771 - easytorch-training - INFO - The estimated training finish time is 2025-08-26 09:03:08
2025-08-26 09:02:16,771 - easytorch-training - INFO - Epoch 55 / 100
2025-08-26 09:02:17,525 - easytorch-training - INFO - Result <train>: [train/time: 0.75 (s), train/lr: 7.50e-05, train/loss: 0.4559, train/MAE: 0.4559, train/MSE: 0.4392]
2025-08-26 09:02:17,525 - easytorch-training - INFO - Start validation.
2025-08-26 09:02:17,714 - easytorch-training - INFO - Result <val>: [val/time: 0.19 (s), val/loss: 0.7239, val/MAE: 0.7239, val/MSE: 1.1591]
2025-08-26 09:02:17,887 - easytorch-training - INFO - Result <test>: [test/time: 0.17 (s), test/loss: 0.4371, test/MAE: 0.4371, test/MSE: 0.4543]
2025-08-26 09:02:17,893 - easytorch-training - INFO - Checkpoint checkpoints/DLinear/ETTh1_100_336_336/65e6763ee68c9285f092412e93a65af3/DLinear_055.pt saved
2025-08-26 09:02:17,893 - easytorch-training - INFO - The estimated training finish time is 2025-08-26 09:03:08
2025-08-26 09:02:17,893 - easytorch-training - INFO - Epoch 56 / 100
2025-08-26 09:02:18,626 - easytorch-training - INFO - Result <train>: [train/time: 0.73 (s), train/lr: 7.50e-05, train/loss: 0.4558, train/MAE: 0.4558, train/MSE: 0.4389]
2025-08-26 09:02:18,627 - easytorch-training - INFO - Start validation.
2025-08-26 09:02:18,816 - easytorch-training - INFO - Result <val>: [val/time: 0.19 (s), val/loss: 0.7250, val/MAE: 0.7250, val/MSE: 1.1631]
2025-08-26 09:02:18,993 - easytorch-training - INFO - Result <test>: [test/time: 0.18 (s), test/loss: 0.4367, test/MAE: 0.4367, test/MSE: 0.4542]
2025-08-26 09:02:18,999 - easytorch-training - INFO - Checkpoint checkpoints/DLinear/ETTh1_100_336_336/65e6763ee68c9285f092412e93a65af3/DLinear_056.pt saved
2025-08-26 09:02:18,999 - easytorch-training - INFO - The estimated training finish time is 2025-08-26 09:03:08
2025-08-26 09:02:18,999 - easytorch-training - INFO - Epoch 57 / 100
2025-08-26 09:02:19,763 - easytorch-training - INFO - Result <train>: [train/time: 0.76 (s), train/lr: 7.50e-05, train/loss: 0.4558, train/MAE: 0.4558, train/MSE: 0.4389]
2025-08-26 09:02:19,763 - easytorch-training - INFO - Start validation.
2025-08-26 09:02:19,949 - easytorch-training - INFO - Result <val>: [val/time: 0.19 (s), val/loss: 0.7245, val/MAE: 0.7245, val/MSE: 1.1611]
2025-08-26 09:02:20,120 - easytorch-training - INFO - Result <test>: [test/time: 0.17 (s), test/loss: 0.4370, test/MAE: 0.4370, test/MSE: 0.4547]
2025-08-26 09:02:20,124 - easytorch-training - INFO - Checkpoint checkpoints/DLinear/ETTh1_100_336_336/65e6763ee68c9285f092412e93a65af3/DLinear_057.pt saved
2025-08-26 09:02:20,124 - easytorch-training - INFO - The estimated training finish time is 2025-08-26 09:03:08
2025-08-26 09:02:20,124 - easytorch-training - INFO - Epoch 58 / 100
2025-08-26 09:02:20,875 - easytorch-training - INFO - Result <train>: [train/time: 0.75 (s), train/lr: 7.50e-05, train/loss: 0.4558, train/MAE: 0.4558, train/MSE: 0.4390]
2025-08-26 09:02:20,876 - easytorch-training - INFO - Start validation.
2025-08-26 09:02:21,061 - easytorch-training - INFO - Result <val>: [val/time: 0.18 (s), val/loss: 0.7218, val/MAE: 0.7218, val/MSE: 1.1523]
2025-08-26 09:02:21,234 - easytorch-training - INFO - Result <test>: [test/time: 0.17 (s), test/loss: 0.4378, test/MAE: 0.4378, test/MSE: 0.4549]
2025-08-26 09:02:21,239 - easytorch-training - INFO - Checkpoint checkpoints/DLinear/ETTh1_100_336_336/65e6763ee68c9285f092412e93a65af3/DLinear_058.pt saved
2025-08-26 09:02:21,239 - easytorch-training - INFO - The estimated training finish time is 2025-08-26 09:03:08
2025-08-26 09:02:21,239 - easytorch-training - INFO - Epoch 59 / 100
2025-08-26 09:02:22,031 - easytorch-training - INFO - Result <train>: [train/time: 0.79 (s), train/lr: 7.50e-05, train/loss: 0.4558, train/MAE: 0.4558, train/MSE: 0.4389]
2025-08-26 09:02:22,031 - easytorch-training - INFO - Start validation.
2025-08-26 09:02:22,213 - easytorch-training - INFO - Result <val>: [val/time: 0.18 (s), val/loss: 0.7269, val/MAE: 0.7269, val/MSE: 1.1686]
2025-08-26 09:02:22,384 - easytorch-training - INFO - Result <test>: [test/time: 0.17 (s), test/loss: 0.4358, test/MAE: 0.4358, test/MSE: 0.4535]
2025-08-26 09:02:22,389 - easytorch-training - INFO - Checkpoint checkpoints/DLinear/ETTh1_100_336_336/65e6763ee68c9285f092412e93a65af3/DLinear_059.pt saved
2025-08-26 09:02:22,389 - easytorch-training - INFO - The estimated training finish time is 2025-08-26 09:03:08
2025-08-26 09:02:22,389 - easytorch-training - INFO - Epoch 60 / 100
2025-08-26 09:02:23,145 - easytorch-training - INFO - Result <train>: [train/time: 0.76 (s), train/lr: 7.50e-05, train/loss: 0.4558, train/MAE: 0.4558, train/MSE: 0.4390]
2025-08-26 09:02:23,146 - easytorch-training - INFO - Start validation.
2025-08-26 09:02:23,335 - easytorch-training - INFO - Result <val>: [val/time: 0.19 (s), val/loss: 0.7262, val/MAE: 0.7262, val/MSE: 1.1669]
2025-08-26 09:02:23,519 - easytorch-training - INFO - Result <test>: [test/time: 0.18 (s), test/loss: 0.4364, test/MAE: 0.4364, test/MSE: 0.4541]
2025-08-26 09:02:23,523 - easytorch-training - INFO - Checkpoint checkpoints/DLinear/ETTh1_100_336_336/65e6763ee68c9285f092412e93a65af3/DLinear_060.pt saved
2025-08-26 09:02:23,526 - easytorch-training - INFO - The estimated training finish time is 2025-08-26 09:03:08
2025-08-26 09:02:23,526 - easytorch-training - INFO - Epoch 61 / 100
2025-08-26 09:02:24,294 - easytorch-training - INFO - Result <train>: [train/time: 0.77 (s), train/lr: 7.50e-05, train/loss: 0.4557, train/MAE: 0.4557, train/MSE: 0.4390]
2025-08-26 09:02:24,295 - easytorch-training - INFO - Start validation.
2025-08-26 09:02:24,482 - easytorch-training - INFO - Result <val>: [val/time: 0.19 (s), val/loss: 0.7244, val/MAE: 0.7244, val/MSE: 1.1607]
2025-08-26 09:02:24,660 - easytorch-training - INFO - Result <test>: [test/time: 0.18 (s), test/loss: 0.4367, test/MAE: 0.4367, test/MSE: 0.4541]
2025-08-26 09:02:24,665 - easytorch-training - INFO - Checkpoint checkpoints/DLinear/ETTh1_100_336_336/65e6763ee68c9285f092412e93a65af3/DLinear_061.pt saved
2025-08-26 09:02:24,665 - easytorch-training - INFO - The estimated training finish time is 2025-08-26 09:03:08
2025-08-26 09:02:24,665 - easytorch-training - INFO - Epoch 62 / 100
2025-08-26 09:02:25,418 - easytorch-training - INFO - Result <train>: [train/time: 0.75 (s), train/lr: 7.50e-05, train/loss: 0.4558, train/MAE: 0.4558, train/MSE: 0.4389]
2025-08-26 09:02:25,419 - easytorch-training - INFO - Start validation.
2025-08-26 09:02:25,613 - easytorch-training - INFO - Result <val>: [val/time: 0.19 (s), val/loss: 0.7236, val/MAE: 0.7236, val/MSE: 1.1588]
2025-08-26 09:02:25,786 - easytorch-training - INFO - Result <test>: [test/time: 0.17 (s), test/loss: 0.4372, test/MAE: 0.4372, test/MSE: 0.4546]
2025-08-26 09:02:25,791 - easytorch-training - INFO - Checkpoint checkpoints/DLinear/ETTh1_100_336_336/65e6763ee68c9285f092412e93a65af3/DLinear_062.pt saved
2025-08-26 09:02:25,791 - easytorch-training - INFO - The estimated training finish time is 2025-08-26 09:03:08
2025-08-26 09:02:25,791 - easytorch-training - INFO - Epoch 63 / 100
2025-08-26 09:02:26,540 - easytorch-training - INFO - Result <train>: [train/time: 0.75 (s), train/lr: 7.50e-05, train/loss: 0.4558, train/MAE: 0.4558, train/MSE: 0.4391]
2025-08-26 09:02:26,541 - easytorch-training - INFO - Start validation.
2025-08-26 09:02:26,733 - easytorch-training - INFO - Result <val>: [val/time: 0.19 (s), val/loss: 0.7212, val/MAE: 0.7212, val/MSE: 1.1512]
2025-08-26 09:02:26,912 - easytorch-training - INFO - Result <test>: [test/time: 0.18 (s), test/loss: 0.4387, test/MAE: 0.4387, test/MSE: 0.4560]
2025-08-26 09:02:26,916 - easytorch-training - INFO - Checkpoint checkpoints/DLinear/ETTh1_100_336_336/65e6763ee68c9285f092412e93a65af3/DLinear_063.pt saved
2025-08-26 09:02:26,916 - easytorch-training - INFO - The estimated training finish time is 2025-08-26 09:03:08
2025-08-26 09:02:26,916 - easytorch-training - INFO - Epoch 64 / 100
2025-08-26 09:02:27,664 - easytorch-training - INFO - Result <train>: [train/time: 0.75 (s), train/lr: 7.50e-05, train/loss: 0.4558, train/MAE: 0.4558, train/MSE: 0.4390]
2025-08-26 09:02:27,665 - easytorch-training - INFO - Start validation.
2025-08-26 09:02:27,854 - easytorch-training - INFO - Result <val>: [val/time: 0.19 (s), val/loss: 0.7221, val/MAE: 0.7221, val/MSE: 1.1530]
2025-08-26 09:02:28,025 - easytorch-training - INFO - Result <test>: [test/time: 0.17 (s), test/loss: 0.4384, test/MAE: 0.4384, test/MSE: 0.4555]
2025-08-26 09:02:28,030 - easytorch-training - INFO - Checkpoint checkpoints/DLinear/ETTh1_100_336_336/65e6763ee68c9285f092412e93a65af3/DLinear_064.pt saved
2025-08-26 09:02:28,030 - easytorch-training - INFO - The estimated training finish time is 2025-08-26 09:03:08
2025-08-26 09:02:28,030 - easytorch-training - INFO - Epoch 65 / 100
2025-08-26 09:02:28,803 - easytorch-training - INFO - Result <train>: [train/time: 0.77 (s), train/lr: 7.50e-05, train/loss: 0.4557, train/MAE: 0.4557, train/MSE: 0.4389]
2025-08-26 09:02:28,803 - easytorch-training - INFO - Start validation.
2025-08-26 09:02:28,980 - easytorch-training - INFO - Result <val>: [val/time: 0.18 (s), val/loss: 0.7261, val/MAE: 0.7261, val/MSE: 1.1668]
2025-08-26 09:02:29,161 - easytorch-training - INFO - Result <test>: [test/time: 0.18 (s), test/loss: 0.4355, test/MAE: 0.4355, test/MSE: 0.4531]
2025-08-26 09:02:29,166 - easytorch-training - INFO - Checkpoint checkpoints/DLinear/ETTh1_100_336_336/65e6763ee68c9285f092412e93a65af3/DLinear_065.pt saved
2025-08-26 09:02:29,167 - easytorch-training - INFO - The estimated training finish time is 2025-08-26 09:03:08
2025-08-26 09:02:29,167 - easytorch-training - INFO - Epoch 66 / 100
2025-08-26 09:02:29,924 - easytorch-training - INFO - Result <train>: [train/time: 0.76 (s), train/lr: 7.50e-05, train/loss: 0.4558, train/MAE: 0.4558, train/MSE: 0.4390]
2025-08-26 09:02:29,925 - easytorch-training - INFO - Start validation.
2025-08-26 09:02:30,111 - easytorch-training - INFO - Result <val>: [val/time: 0.19 (s), val/loss: 0.7234, val/MAE: 0.7234, val/MSE: 1.1579]
2025-08-26 09:02:30,280 - easytorch-training - INFO - Result <test>: [test/time: 0.17 (s), test/loss: 0.4371, test/MAE: 0.4371, test/MSE: 0.4545]
2025-08-26 09:02:30,284 - easytorch-training - INFO - Checkpoint checkpoints/DLinear/ETTh1_100_336_336/65e6763ee68c9285f092412e93a65af3/DLinear_066.pt saved
2025-08-26 09:02:30,284 - easytorch-training - INFO - The estimated training finish time is 2025-08-26 09:03:08
2025-08-26 09:02:30,284 - easytorch-training - INFO - Epoch 67 / 100
2025-08-26 09:02:31,032 - easytorch-training - INFO - Result <train>: [train/time: 0.75 (s), train/lr: 7.50e-05, train/loss: 0.4557, train/MAE: 0.4557, train/MSE: 0.4389]
2025-08-26 09:02:31,032 - easytorch-training - INFO - Start validation.
2025-08-26 09:02:31,215 - easytorch-training - INFO - Result <val>: [val/time: 0.18 (s), val/loss: 0.7235, val/MAE: 0.7235, val/MSE: 1.1583]
2025-08-26 09:02:31,387 - easytorch-training - INFO - Result <test>: [test/time: 0.17 (s), test/loss: 0.4380, test/MAE: 0.4380, test/MSE: 0.4556]
2025-08-26 09:02:31,392 - easytorch-training - INFO - Checkpoint checkpoints/DLinear/ETTh1_100_336_336/65e6763ee68c9285f092412e93a65af3/DLinear_067.pt saved
2025-08-26 09:02:31,392 - easytorch-training - INFO - The estimated training finish time is 2025-08-26 09:03:08
2025-08-26 09:02:31,392 - easytorch-training - INFO - Epoch 68 / 100
2025-08-26 09:02:32,163 - easytorch-training - INFO - Result <train>: [train/time: 0.77 (s), train/lr: 7.50e-05, train/loss: 0.4558, train/MAE: 0.4558, train/MSE: 0.4390]
2025-08-26 09:02:32,163 - easytorch-training - INFO - Start validation.
2025-08-26 09:02:32,327 - easytorch-training - INFO - Result <val>: [val/time: 0.16 (s), val/loss: 0.7278, val/MAE: 0.7278, val/MSE: 1.1719]
2025-08-26 09:02:32,504 - easytorch-training - INFO - Result <test>: [test/time: 0.18 (s), test/loss: 0.4352, test/MAE: 0.4352, test/MSE: 0.4530]
2025-08-26 09:02:32,509 - easytorch-training - INFO - Checkpoint checkpoints/DLinear/ETTh1_100_336_336/65e6763ee68c9285f092412e93a65af3/DLinear_068.pt saved
2025-08-26 09:02:32,509 - easytorch-training - INFO - The estimated training finish time is 2025-08-26 09:03:08
2025-08-26 09:02:32,509 - easytorch-training - INFO - Epoch 69 / 100
2025-08-26 09:02:33,265 - easytorch-training - INFO - Result <train>: [train/time: 0.76 (s), train/lr: 7.50e-05, train/loss: 0.4557, train/MAE: 0.4557, train/MSE: 0.4389]
2025-08-26 09:02:33,266 - easytorch-training - INFO - Start validation.
2025-08-26 09:02:33,453 - easytorch-training - INFO - Result <val>: [val/time: 0.19 (s), val/loss: 0.7275, val/MAE: 0.7275, val/MSE: 1.1713]
2025-08-26 09:02:33,632 - easytorch-training - INFO - Result <test>: [test/time: 0.18 (s), test/loss: 0.4354, test/MAE: 0.4354, test/MSE: 0.4530]
2025-08-26 09:02:33,637 - easytorch-training - INFO - Checkpoint checkpoints/DLinear/ETTh1_100_336_336/65e6763ee68c9285f092412e93a65af3/DLinear_069.pt saved
2025-08-26 09:02:33,637 - easytorch-training - INFO - The estimated training finish time is 2025-08-26 09:03:08
2025-08-26 09:02:33,637 - easytorch-training - INFO - Epoch 70 / 100
2025-08-26 09:02:34,390 - easytorch-training - INFO - Result <train>: [train/time: 0.75 (s), train/lr: 7.50e-05, train/loss: 0.4557, train/MAE: 0.4557, train/MSE: 0.4389]
2025-08-26 09:02:34,390 - easytorch-training - INFO - Start validation.
2025-08-26 09:02:34,575 - easytorch-training - INFO - Result <val>: [val/time: 0.18 (s), val/loss: 0.7242, val/MAE: 0.7242, val/MSE: 1.1611]
2025-08-26 09:02:34,746 - easytorch-training - INFO - Result <test>: [test/time: 0.17 (s), test/loss: 0.4370, test/MAE: 0.4370, test/MSE: 0.4546]
2025-08-26 09:02:34,750 - easytorch-training - INFO - Checkpoint checkpoints/DLinear/ETTh1_100_336_336/65e6763ee68c9285f092412e93a65af3/DLinear_070.pt saved
2025-08-26 09:02:34,753 - easytorch-training - INFO - The estimated training finish time is 2025-08-26 09:03:08
2025-08-26 09:02:34,753 - easytorch-training - INFO - Epoch 71 / 100
2025-08-26 09:02:35,497 - easytorch-training - INFO - Result <train>: [train/time: 0.74 (s), train/lr: 7.50e-05, train/loss: 0.4557, train/MAE: 0.4557, train/MSE: 0.4389]
2025-08-26 09:02:35,497 - easytorch-training - INFO - Start validation.
2025-08-26 09:02:35,660 - easytorch-training - INFO - Result <val>: [val/time: 0.16 (s), val/loss: 0.7285, val/MAE: 0.7285, val/MSE: 1.1744]
2025-08-26 09:02:35,840 - easytorch-training - INFO - Result <test>: [test/time: 0.18 (s), test/loss: 0.4355, test/MAE: 0.4355, test/MSE: 0.4534]
2025-08-26 09:02:35,847 - easytorch-training - INFO - Checkpoint checkpoints/DLinear/ETTh1_100_336_336/65e6763ee68c9285f092412e93a65af3/DLinear_071.pt saved
2025-08-26 09:02:35,847 - easytorch-training - INFO - The estimated training finish time is 2025-08-26 09:03:08
2025-08-26 09:02:35,847 - easytorch-training - INFO - Epoch 72 / 100
2025-08-26 09:02:36,608 - easytorch-training - INFO - Result <train>: [train/time: 0.76 (s), train/lr: 7.50e-05, train/loss: 0.4557, train/MAE: 0.4557, train/MSE: 0.4389]
2025-08-26 09:02:36,609 - easytorch-training - INFO - Start validation.
2025-08-26 09:02:36,810 - easytorch-training - INFO - Result <val>: [val/time: 0.20 (s), val/loss: 0.7254, val/MAE: 0.7254, val/MSE: 1.1653]
2025-08-26 09:02:36,995 - easytorch-training - INFO - Result <test>: [test/time: 0.18 (s), test/loss: 0.4366, test/MAE: 0.4366, test/MSE: 0.4544]
2025-08-26 09:02:37,002 - easytorch-training - INFO - Checkpoint checkpoints/DLinear/ETTh1_100_336_336/65e6763ee68c9285f092412e93a65af3/DLinear_072.pt saved
2025-08-26 09:02:37,002 - easytorch-training - INFO - The estimated training finish time is 2025-08-26 09:03:08
2025-08-26 09:02:37,002 - easytorch-training - INFO - Epoch 73 / 100
2025-08-26 09:02:37,744 - easytorch-training - INFO - Result <train>: [train/time: 0.74 (s), train/lr: 7.50e-05, train/loss: 0.4557, train/MAE: 0.4557, train/MSE: 0.4390]
2025-08-26 09:02:37,745 - easytorch-training - INFO - Start validation.
2025-08-26 09:02:37,932 - easytorch-training - INFO - Result <val>: [val/time: 0.19 (s), val/loss: 0.7245, val/MAE: 0.7245, val/MSE: 1.1607]
2025-08-26 09:02:38,117 - easytorch-training - INFO - Result <test>: [test/time: 0.18 (s), test/loss: 0.4370, test/MAE: 0.4370, test/MSE: 0.4547]
2025-08-26 09:02:38,122 - easytorch-training - INFO - Checkpoint checkpoints/DLinear/ETTh1_100_336_336/65e6763ee68c9285f092412e93a65af3/DLinear_073.pt saved
2025-08-26 09:02:38,122 - easytorch-training - INFO - The estimated training finish time is 2025-08-26 09:03:08
2025-08-26 09:02:38,122 - easytorch-training - INFO - Epoch 74 / 100
2025-08-26 09:02:38,871 - easytorch-training - INFO - Result <train>: [train/time: 0.75 (s), train/lr: 7.50e-05, train/loss: 0.4557, train/MAE: 0.4557, train/MSE: 0.4389]
2025-08-26 09:02:38,871 - easytorch-training - INFO - Start validation.
2025-08-26 09:02:39,050 - easytorch-training - INFO - Result <val>: [val/time: 0.18 (s), val/loss: 0.7243, val/MAE: 0.7243, val/MSE: 1.1600]
2025-08-26 09:02:39,227 - easytorch-training - INFO - Result <test>: [test/time: 0.18 (s), test/loss: 0.4369, test/MAE: 0.4369, test/MSE: 0.4543]
2025-08-26 09:02:39,231 - easytorch-training - INFO - Checkpoint checkpoints/DLinear/ETTh1_100_336_336/65e6763ee68c9285f092412e93a65af3/DLinear_074.pt saved
2025-08-26 09:02:39,231 - easytorch-training - INFO - The estimated training finish time is 2025-08-26 09:03:08
2025-08-26 09:02:39,232 - easytorch-training - INFO - Epoch 75 / 100
2025-08-26 09:02:39,999 - easytorch-training - INFO - Result <train>: [train/time: 0.77 (s), train/lr: 7.50e-05, train/loss: 0.4557, train/MAE: 0.4557, train/MSE: 0.4388]
2025-08-26 09:02:39,999 - easytorch-training - INFO - Start validation.
2025-08-26 09:02:40,189 - easytorch-training - INFO - Result <val>: [val/time: 0.19 (s), val/loss: 0.7253, val/MAE: 0.7253, val/MSE: 1.1644]
2025-08-26 09:02:40,362 - easytorch-training - INFO - Result <test>: [test/time: 0.17 (s), test/loss: 0.4366, test/MAE: 0.4366, test/MSE: 0.4540]
2025-08-26 09:02:40,368 - easytorch-training - INFO - Checkpoint checkpoints/DLinear/ETTh1_100_336_336/65e6763ee68c9285f092412e93a65af3/DLinear_075.pt saved
2025-08-26 09:02:40,368 - easytorch-training - INFO - The estimated training finish time is 2025-08-26 09:03:08
2025-08-26 09:02:40,368 - easytorch-training - INFO - Epoch 76 / 100
2025-08-26 09:02:41,113 - easytorch-training - INFO - Result <train>: [train/time: 0.75 (s), train/lr: 7.50e-05, train/loss: 0.4557, train/MAE: 0.4557, train/MSE: 0.4391]
2025-08-26 09:02:41,114 - easytorch-training - INFO - Start validation.
2025-08-26 09:02:41,300 - easytorch-training - INFO - Result <val>: [val/time: 0.19 (s), val/loss: 0.7237, val/MAE: 0.7237, val/MSE: 1.1590]
2025-08-26 09:02:41,471 - easytorch-training - INFO - Result <test>: [test/time: 0.17 (s), test/loss: 0.4366, test/MAE: 0.4366, test/MSE: 0.4542]
2025-08-26 09:02:41,477 - easytorch-training - INFO - Checkpoint checkpoints/DLinear/ETTh1_100_336_336/65e6763ee68c9285f092412e93a65af3/DLinear_076.pt saved
2025-08-26 09:02:41,477 - easytorch-training - INFO - The estimated training finish time is 2025-08-26 09:03:08
2025-08-26 09:02:41,477 - easytorch-training - INFO - Epoch 77 / 100
2025-08-26 09:02:42,251 - easytorch-training - INFO - Result <train>: [train/time: 0.77 (s), train/lr: 7.50e-05, train/loss: 0.4557, train/MAE: 0.4557, train/MSE: 0.4388]
2025-08-26 09:02:42,252 - easytorch-training - INFO - Start validation.
2025-08-26 09:02:42,442 - easytorch-training - INFO - Result <val>: [val/time: 0.19 (s), val/loss: 0.7231, val/MAE: 0.7231, val/MSE: 1.1575]
2025-08-26 09:02:42,610 - easytorch-training - INFO - Result <test>: [test/time: 0.17 (s), test/loss: 0.4375, test/MAE: 0.4375, test/MSE: 0.4550]
2025-08-26 09:02:42,614 - easytorch-training - INFO - Checkpoint checkpoints/DLinear/ETTh1_100_336_336/65e6763ee68c9285f092412e93a65af3/DLinear_077.pt saved
2025-08-26 09:02:42,614 - easytorch-training - INFO - The estimated training finish time is 2025-08-26 09:03:08
2025-08-26 09:02:42,614 - easytorch-training - INFO - Epoch 78 / 100
2025-08-26 09:02:43,383 - easytorch-training - INFO - Result <train>: [train/time: 0.77 (s), train/lr: 7.50e-05, train/loss: 0.4557, train/MAE: 0.4557, train/MSE: 0.4389]
2025-08-26 09:02:43,383 - easytorch-training - INFO - Start validation.
2025-08-26 09:02:43,571 - easytorch-training - INFO - Result <val>: [val/time: 0.19 (s), val/loss: 0.7233, val/MAE: 0.7233, val/MSE: 1.1572]
2025-08-26 09:02:43,742 - easytorch-training - INFO - Result <test>: [test/time: 0.17 (s), test/loss: 0.4374, test/MAE: 0.4374, test/MSE: 0.4550]
2025-08-26 09:02:43,749 - easytorch-training - INFO - Checkpoint checkpoints/DLinear/ETTh1_100_336_336/65e6763ee68c9285f092412e93a65af3/DLinear_078.pt saved
2025-08-26 09:02:43,749 - easytorch-training - INFO - The estimated training finish time is 2025-08-26 09:03:08
2025-08-26 09:02:43,749 - easytorch-training - INFO - Epoch 79 / 100
2025-08-26 09:02:44,508 - easytorch-training - INFO - Result <train>: [train/time: 0.76 (s), train/lr: 7.50e-05, train/loss: 0.4557, train/MAE: 0.4557, train/MSE: 0.4389]
2025-08-26 09:02:44,509 - easytorch-training - INFO - Start validation.
2025-08-26 09:02:44,674 - easytorch-training - INFO - Result <val>: [val/time: 0.17 (s), val/loss: 0.7214, val/MAE: 0.7214, val/MSE: 1.1519]
2025-08-26 09:02:44,851 - easytorch-training - INFO - Result <test>: [test/time: 0.18 (s), test/loss: 0.4385, test/MAE: 0.4385, test/MSE: 0.4560]
2025-08-26 09:02:44,857 - easytorch-training - INFO - Checkpoint checkpoints/DLinear/ETTh1_100_336_336/65e6763ee68c9285f092412e93a65af3/DLinear_079.pt saved
2025-08-26 09:02:44,857 - easytorch-training - INFO - The estimated training finish time is 2025-08-26 09:03:08
2025-08-26 09:02:44,857 - easytorch-training - INFO - Epoch 80 / 100
2025-08-26 09:02:45,623 - easytorch-training - INFO - Result <train>: [train/time: 0.77 (s), train/lr: 7.50e-05, train/loss: 0.4557, train/MAE: 0.4557, train/MSE: 0.4390]
2025-08-26 09:02:45,624 - easytorch-training - INFO - Start validation.
2025-08-26 09:02:45,802 - easytorch-training - INFO - Result <val>: [val/time: 0.18 (s), val/loss: 0.7234, val/MAE: 0.7234, val/MSE: 1.1582]
2025-08-26 09:02:45,973 - easytorch-training - INFO - Result <test>: [test/time: 0.17 (s), test/loss: 0.4372, test/MAE: 0.4372, test/MSE: 0.4547]
2025-08-26 09:02:45,977 - easytorch-training - INFO - Checkpoint checkpoints/DLinear/ETTh1_100_336_336/65e6763ee68c9285f092412e93a65af3/DLinear_080.pt saved
2025-08-26 09:02:45,980 - easytorch-training - INFO - The estimated training finish time is 2025-08-26 09:03:08
2025-08-26 09:02:45,980 - easytorch-training - INFO - Epoch 81 / 100
2025-08-26 09:02:46,739 - easytorch-training - INFO - Result <train>: [train/time: 0.76 (s), train/lr: 7.50e-05, train/loss: 0.4556, train/MAE: 0.4556, train/MSE: 0.4388]
2025-08-26 09:02:46,739 - easytorch-training - INFO - Start validation.
2025-08-26 09:02:46,926 - easytorch-training - INFO - Result <val>: [val/time: 0.19 (s), val/loss: 0.7254, val/MAE: 0.7254, val/MSE: 1.1648]
2025-08-26 09:02:47,093 - easytorch-training - INFO - Result <test>: [test/time: 0.17 (s), test/loss: 0.4360, test/MAE: 0.4360, test/MSE: 0.4533]
2025-08-26 09:02:47,098 - easytorch-training - INFO - Checkpoint checkpoints/DLinear/ETTh1_100_336_336/65e6763ee68c9285f092412e93a65af3/DLinear_081.pt saved
2025-08-26 09:02:47,098 - easytorch-training - INFO - The estimated training finish time is 2025-08-26 09:03:08
2025-08-26 09:02:47,098 - easytorch-training - INFO - Epoch 82 / 100
2025-08-26 09:02:47,846 - easytorch-training - INFO - Result <train>: [train/time: 0.75 (s), train/lr: 7.50e-05, train/loss: 0.4556, train/MAE: 0.4556, train/MSE: 0.4389]
2025-08-26 09:02:47,847 - easytorch-training - INFO - Start validation.
2025-08-26 09:02:48,033 - easytorch-training - INFO - Result <val>: [val/time: 0.19 (s), val/loss: 0.7240, val/MAE: 0.7240, val/MSE: 1.1601]
2025-08-26 09:02:48,206 - easytorch-training - INFO - Result <test>: [test/time: 0.17 (s), test/loss: 0.4368, test/MAE: 0.4368, test/MSE: 0.4544]
2025-08-26 09:02:48,211 - easytorch-training - INFO - Checkpoint checkpoints/DLinear/ETTh1_100_336_336/65e6763ee68c9285f092412e93a65af3/DLinear_082.pt saved
2025-08-26 09:02:48,211 - easytorch-training - INFO - The estimated training finish time is 2025-08-26 09:03:08
2025-08-26 09:02:48,211 - easytorch-training - INFO - Epoch 83 / 100
2025-08-26 09:02:48,978 - easytorch-training - INFO - Result <train>: [train/time: 0.77 (s), train/lr: 7.50e-05, train/loss: 0.4557, train/MAE: 0.4557, train/MSE: 0.4388]
2025-08-26 09:02:48,978 - easytorch-training - INFO - Start validation.
2025-08-26 09:02:49,164 - easytorch-training - INFO - Result <val>: [val/time: 0.19 (s), val/loss: 0.7235, val/MAE: 0.7235, val/MSE: 1.1583]
2025-08-26 09:02:49,331 - easytorch-training - INFO - Result <test>: [test/time: 0.17 (s), test/loss: 0.4372, test/MAE: 0.4372, test/MSE: 0.4547]
2025-08-26 09:02:49,335 - easytorch-training - INFO - Checkpoint checkpoints/DLinear/ETTh1_100_336_336/65e6763ee68c9285f092412e93a65af3/DLinear_083.pt saved
2025-08-26 09:02:49,335 - easytorch-training - INFO - The estimated training finish time is 2025-08-26 09:03:08
2025-08-26 09:02:49,335 - easytorch-training - INFO - Epoch 84 / 100
2025-08-26 09:02:50,080 - easytorch-training - INFO - Result <train>: [train/time: 0.74 (s), train/lr: 7.50e-05, train/loss: 0.4557, train/MAE: 0.4557, train/MSE: 0.4388]
2025-08-26 09:02:50,080 - easytorch-training - INFO - Start validation.
2025-08-26 09:02:50,254 - easytorch-training - INFO - Result <val>: [val/time: 0.17 (s), val/loss: 0.7240, val/MAE: 0.7240, val/MSE: 1.1586]
2025-08-26 09:02:50,443 - easytorch-training - INFO - Result <test>: [test/time: 0.19 (s), test/loss: 0.4370, test/MAE: 0.4370, test/MSE: 0.4546]
2025-08-26 09:02:50,447 - easytorch-training - INFO - Checkpoint checkpoints/DLinear/ETTh1_100_336_336/65e6763ee68c9285f092412e93a65af3/DLinear_084.pt saved
2025-08-26 09:02:50,447 - easytorch-training - INFO - The estimated training finish time is 2025-08-26 09:03:08
2025-08-26 09:02:50,447 - easytorch-training - INFO - Epoch 85 / 100
2025-08-26 09:02:51,205 - easytorch-training - INFO - Result <train>: [train/time: 0.76 (s), train/lr: 7.50e-05, train/loss: 0.4557, train/MAE: 0.4557, train/MSE: 0.4390]
2025-08-26 09:02:51,206 - easytorch-training - INFO - Start validation.
2025-08-26 09:02:51,387 - easytorch-training - INFO - Result <val>: [val/time: 0.18 (s), val/loss: 0.7258, val/MAE: 0.7258, val/MSE: 1.1653]
2025-08-26 09:02:51,564 - easytorch-training - INFO - Result <test>: [test/time: 0.18 (s), test/loss: 0.4355, test/MAE: 0.4355, test/MSE: 0.4531]
2025-08-26 09:02:51,568 - easytorch-training - INFO - Checkpoint checkpoints/DLinear/ETTh1_100_336_336/65e6763ee68c9285f092412e93a65af3/DLinear_085.pt saved
2025-08-26 09:02:51,568 - easytorch-training - INFO - The estimated training finish time is 2025-08-26 09:03:08
2025-08-26 09:02:51,568 - easytorch-training - INFO - Epoch 86 / 100
2025-08-26 09:02:52,330 - easytorch-training - INFO - Result <train>: [train/time: 0.76 (s), train/lr: 7.50e-05, train/loss: 0.4557, train/MAE: 0.4557, train/MSE: 0.4389]
2025-08-26 09:02:52,331 - easytorch-training - INFO - Start validation.
2025-08-26 09:02:52,501 - easytorch-training - INFO - Result <val>: [val/time: 0.17 (s), val/loss: 0.7224, val/MAE: 0.7224, val/MSE: 1.1551]
2025-08-26 09:02:52,669 - easytorch-training - INFO - Result <test>: [test/time: 0.17 (s), test/loss: 0.4379, test/MAE: 0.4379, test/MSE: 0.4554]
2025-08-26 09:02:52,674 - easytorch-training - INFO - Checkpoint checkpoints/DLinear/ETTh1_100_336_336/65e6763ee68c9285f092412e93a65af3/DLinear_086.pt saved
2025-08-26 09:02:52,674 - easytorch-training - INFO - The estimated training finish time is 2025-08-26 09:03:08
2025-08-26 09:02:52,674 - easytorch-training - INFO - Epoch 87 / 100
2025-08-26 09:02:53,428 - easytorch-training - INFO - Result <train>: [train/time: 0.75 (s), train/lr: 7.50e-05, train/loss: 0.4556, train/MAE: 0.4556, train/MSE: 0.4388]
2025-08-26 09:02:53,428 - easytorch-training - INFO - Start validation.
2025-08-26 09:02:53,619 - easytorch-training - INFO - Result <val>: [val/time: 0.19 (s), val/loss: 0.7246, val/MAE: 0.7246, val/MSE: 1.1613]
2025-08-26 09:02:53,789 - easytorch-training - INFO - Result <test>: [test/time: 0.17 (s), test/loss: 0.4364, test/MAE: 0.4364, test/MSE: 0.4540]
2025-08-26 09:02:53,795 - easytorch-training - INFO - Checkpoint checkpoints/DLinear/ETTh1_100_336_336/65e6763ee68c9285f092412e93a65af3/DLinear_087.pt saved
2025-08-26 09:02:53,795 - easytorch-training - INFO - The estimated training finish time is 2025-08-26 09:03:08
2025-08-26 09:02:53,795 - easytorch-training - INFO - Epoch 88 / 100
2025-08-26 09:02:54,556 - easytorch-training - INFO - Result <train>: [train/time: 0.76 (s), train/lr: 7.50e-05, train/loss: 0.4557, train/MAE: 0.4557, train/MSE: 0.4389]
2025-08-26 09:02:54,557 - easytorch-training - INFO - Start validation.
2025-08-26 09:02:54,743 - easytorch-training - INFO - Result <val>: [val/time: 0.19 (s), val/loss: 0.7225, val/MAE: 0.7225, val/MSE: 1.1559]
2025-08-26 09:02:54,917 - easytorch-training - INFO - Result <test>: [test/time: 0.17 (s), test/loss: 0.4381, test/MAE: 0.4381, test/MSE: 0.4557]
2025-08-26 09:02:54,921 - easytorch-training - INFO - Checkpoint checkpoints/DLinear/ETTh1_100_336_336/65e6763ee68c9285f092412e93a65af3/DLinear_088.pt saved
2025-08-26 09:02:54,921 - easytorch-training - INFO - The estimated training finish time is 2025-08-26 09:03:08
2025-08-26 09:02:54,921 - easytorch-training - INFO - Epoch 89 / 100
2025-08-26 09:02:55,672 - easytorch-training - INFO - Result <train>: [train/time: 0.75 (s), train/lr: 7.50e-05, train/loss: 0.4557, train/MAE: 0.4557, train/MSE: 0.4390]
2025-08-26 09:02:55,672 - easytorch-training - INFO - Start validation.
2025-08-26 09:02:55,859 - easytorch-training - INFO - Result <val>: [val/time: 0.19 (s), val/loss: 0.7254, val/MAE: 0.7254, val/MSE: 1.1640]
2025-08-26 09:02:56,035 - easytorch-training - INFO - Result <test>: [test/time: 0.18 (s), test/loss: 0.4360, test/MAE: 0.4360, test/MSE: 0.4532]
2025-08-26 09:02:56,041 - easytorch-training - INFO - Checkpoint checkpoints/DLinear/ETTh1_100_336_336/65e6763ee68c9285f092412e93a65af3/DLinear_089.pt saved
2025-08-26 09:02:56,041 - easytorch-training - INFO - The estimated training finish time is 2025-08-26 09:03:08
2025-08-26 09:02:56,041 - easytorch-training - INFO - Epoch 90 / 100
2025-08-26 09:02:56,801 - easytorch-training - INFO - Result <train>: [train/time: 0.76 (s), train/lr: 7.50e-05, train/loss: 0.4556, train/MAE: 0.4556, train/MSE: 0.4387]
2025-08-26 09:02:56,802 - easytorch-training - INFO - Start validation.
2025-08-26 09:02:56,987 - easytorch-training - INFO - Result <val>: [val/time: 0.19 (s), val/loss: 0.7254, val/MAE: 0.7254, val/MSE: 1.1641]
2025-08-26 09:02:57,162 - easytorch-training - INFO - Result <test>: [test/time: 0.17 (s), test/loss: 0.4364, test/MAE: 0.4364, test/MSE: 0.4543]
2025-08-26 09:02:57,167 - easytorch-training - INFO - Checkpoint checkpoints/DLinear/ETTh1_100_336_336/65e6763ee68c9285f092412e93a65af3/DLinear_090.pt saved
2025-08-26 09:02:57,170 - easytorch-training - INFO - The estimated training finish time is 2025-08-26 09:03:08
2025-08-26 09:02:57,170 - easytorch-training - INFO - Epoch 91 / 100
2025-08-26 09:02:57,908 - easytorch-training - INFO - Result <train>: [train/time: 0.74 (s), train/lr: 7.50e-05, train/loss: 0.4556, train/MAE: 0.4556, train/MSE: 0.4388]
2025-08-26 09:02:57,908 - easytorch-training - INFO - Start validation.
2025-08-26 09:02:58,093 - easytorch-training - INFO - Result <val>: [val/time: 0.18 (s), val/loss: 0.7255, val/MAE: 0.7255, val/MSE: 1.1653]
2025-08-26 09:02:58,260 - easytorch-training - INFO - Result <test>: [test/time: 0.17 (s), test/loss: 0.4361, test/MAE: 0.4361, test/MSE: 0.4537]
2025-08-26 09:02:58,264 - easytorch-training - INFO - Checkpoint checkpoints/DLinear/ETTh1_100_336_336/65e6763ee68c9285f092412e93a65af3/DLinear_091.pt saved
2025-08-26 09:02:58,264 - easytorch-training - INFO - The estimated training finish time is 2025-08-26 09:03:08
2025-08-26 09:02:58,264 - easytorch-training - INFO - Epoch 92 / 100
2025-08-26 09:02:59,025 - easytorch-training - INFO - Result <train>: [train/time: 0.76 (s), train/lr: 7.50e-05, train/loss: 0.4556, train/MAE: 0.4556, train/MSE: 0.4388]
2025-08-26 09:02:59,025 - easytorch-training - INFO - Start validation.
2025-08-26 09:02:59,210 - easytorch-training - INFO - Result <val>: [val/time: 0.18 (s), val/loss: 0.7274, val/MAE: 0.7274, val/MSE: 1.1713]
2025-08-26 09:02:59,381 - easytorch-training - INFO - Result <test>: [test/time: 0.17 (s), test/loss: 0.4357, test/MAE: 0.4357, test/MSE: 0.4534]
2025-08-26 09:02:59,386 - easytorch-training - INFO - Checkpoint checkpoints/DLinear/ETTh1_100_336_336/65e6763ee68c9285f092412e93a65af3/DLinear_092.pt saved
2025-08-26 09:02:59,386 - easytorch-training - INFO - The estimated training finish time is 2025-08-26 09:03:08
2025-08-26 09:02:59,386 - easytorch-training - INFO - Epoch 93 / 100
2025-08-26 09:03:00,128 - easytorch-training - INFO - Result <train>: [train/time: 0.74 (s), train/lr: 7.50e-05, train/loss: 0.4557, train/MAE: 0.4557, train/MSE: 0.4389]
2025-08-26 09:03:00,129 - easytorch-training - INFO - Start validation.
2025-08-26 09:03:00,317 - easytorch-training - INFO - Result <val>: [val/time: 0.19 (s), val/loss: 0.7230, val/MAE: 0.7230, val/MSE: 1.1569]
2025-08-26 09:03:00,495 - easytorch-training - INFO - Result <test>: [test/time: 0.18 (s), test/loss: 0.4373, test/MAE: 0.4373, test/MSE: 0.4550]
2025-08-26 09:03:00,501 - easytorch-training - INFO - Checkpoint checkpoints/DLinear/ETTh1_100_336_336/65e6763ee68c9285f092412e93a65af3/DLinear_093.pt saved
2025-08-26 09:03:00,501 - easytorch-training - INFO - The estimated training finish time is 2025-08-26 09:03:08
2025-08-26 09:03:00,501 - easytorch-training - INFO - Epoch 94 / 100
2025-08-26 09:03:01,247 - easytorch-training - INFO - Result <train>: [train/time: 0.75 (s), train/lr: 7.50e-05, train/loss: 0.4556, train/MAE: 0.4556, train/MSE: 0.4388]
2025-08-26 09:03:01,248 - easytorch-training - INFO - Start validation.
2025-08-26 09:03:01,436 - easytorch-training - INFO - Result <val>: [val/time: 0.19 (s), val/loss: 0.7254, val/MAE: 0.7254, val/MSE: 1.1645]
2025-08-26 09:03:01,618 - easytorch-training - INFO - Result <test>: [test/time: 0.18 (s), test/loss: 0.4364, test/MAE: 0.4364, test/MSE: 0.4541]
2025-08-26 09:03:01,621 - easytorch-training - INFO - Checkpoint checkpoints/DLinear/ETTh1_100_336_336/65e6763ee68c9285f092412e93a65af3/DLinear_094.pt saved
2025-08-26 09:03:01,622 - easytorch-training - INFO - The estimated training finish time is 2025-08-26 09:03:08
2025-08-26 09:03:01,622 - easytorch-training - INFO - Epoch 95 / 100
2025-08-26 09:03:02,377 - easytorch-training - INFO - Result <train>: [train/time: 0.75 (s), train/lr: 7.50e-05, train/loss: 0.4557, train/MAE: 0.4557, train/MSE: 0.4388]
2025-08-26 09:03:02,377 - easytorch-training - INFO - Start validation.
2025-08-26 09:03:02,552 - easytorch-training - INFO - Result <val>: [val/time: 0.18 (s), val/loss: 0.7259, val/MAE: 0.7259, val/MSE: 1.1663]
2025-08-26 09:03:02,731 - easytorch-training - INFO - Result <test>: [test/time: 0.18 (s), test/loss: 0.4370, test/MAE: 0.4370, test/MSE: 0.4551]
2025-08-26 09:03:02,737 - easytorch-training - INFO - Checkpoint checkpoints/DLinear/ETTh1_100_336_336/65e6763ee68c9285f092412e93a65af3/DLinear_095.pt saved
2025-08-26 09:03:02,737 - easytorch-training - INFO - The estimated training finish time is 2025-08-26 09:03:08
2025-08-26 09:03:02,737 - easytorch-training - INFO - Epoch 96 / 100
2025-08-26 09:03:03,496 - easytorch-training - INFO - Result <train>: [train/time: 0.76 (s), train/lr: 7.50e-05, train/loss: 0.4556, train/MAE: 0.4556, train/MSE: 0.4390]
2025-08-26 09:03:03,497 - easytorch-training - INFO - Start validation.
2025-08-26 09:03:03,671 - easytorch-training - INFO - Result <val>: [val/time: 0.17 (s), val/loss: 0.7254, val/MAE: 0.7254, val/MSE: 1.1637]
2025-08-26 09:03:03,846 - easytorch-training - INFO - Result <test>: [test/time: 0.17 (s), test/loss: 0.4363, test/MAE: 0.4363, test/MSE: 0.4537]
2025-08-26 09:03:03,851 - easytorch-training - INFO - Checkpoint checkpoints/DLinear/ETTh1_100_336_336/65e6763ee68c9285f092412e93a65af3/DLinear_096.pt saved
2025-08-26 09:03:03,851 - easytorch-training - INFO - The estimated training finish time is 2025-08-26 09:03:08
2025-08-26 09:03:03,851 - easytorch-training - INFO - Epoch 97 / 100
2025-08-26 09:03:04,592 - easytorch-training - INFO - Result <train>: [train/time: 0.74 (s), train/lr: 7.50e-05, train/loss: 0.4556, train/MAE: 0.4556, train/MSE: 0.4388]
2025-08-26 09:03:04,593 - easytorch-training - INFO - Start validation.
2025-08-26 09:03:04,757 - easytorch-training - INFO - Result <val>: [val/time: 0.16 (s), val/loss: 0.7250, val/MAE: 0.7250, val/MSE: 1.1619]
2025-08-26 09:03:04,953 - easytorch-training - INFO - Result <test>: [test/time: 0.19 (s), test/loss: 0.4362, test/MAE: 0.4362, test/MSE: 0.4539]
2025-08-26 09:03:04,956 - easytorch-training - INFO - Checkpoint checkpoints/DLinear/ETTh1_100_336_336/65e6763ee68c9285f092412e93a65af3/DLinear_097.pt saved
2025-08-26 09:03:04,957 - easytorch-training - INFO - The estimated training finish time is 2025-08-26 09:03:08
2025-08-26 09:03:04,957 - easytorch-training - INFO - Epoch 98 / 100
2025-08-26 09:03:05,710 - easytorch-training - INFO - Result <train>: [train/time: 0.75 (s), train/lr: 7.50e-05, train/loss: 0.4556, train/MAE: 0.4556, train/MSE: 0.4387]
2025-08-26 09:03:05,711 - easytorch-training - INFO - Start validation.
2025-08-26 09:03:05,896 - easytorch-training - INFO - Result <val>: [val/time: 0.18 (s), val/loss: 0.7223, val/MAE: 0.7223, val/MSE: 1.1551]
2025-08-26 09:03:06,067 - easytorch-training - INFO - Result <test>: [test/time: 0.17 (s), test/loss: 0.4375, test/MAE: 0.4375, test/MSE: 0.4550]
2025-08-26 09:03:06,073 - easytorch-training - INFO - Checkpoint checkpoints/DLinear/ETTh1_100_336_336/65e6763ee68c9285f092412e93a65af3/DLinear_098.pt saved
2025-08-26 09:03:06,073 - easytorch-training - INFO - The estimated training finish time is 2025-08-26 09:03:08
2025-08-26 09:03:06,073 - easytorch-training - INFO - Epoch 99 / 100
2025-08-26 09:03:06,831 - easytorch-training - INFO - Result <train>: [train/time: 0.76 (s), train/lr: 7.50e-05, train/loss: 0.4556, train/MAE: 0.4556, train/MSE: 0.4390]
2025-08-26 09:03:06,832 - easytorch-training - INFO - Start validation.
2025-08-26 09:03:07,025 - easytorch-training - INFO - Result <val>: [val/time: 0.19 (s), val/loss: 0.7229, val/MAE: 0.7229, val/MSE: 1.1560]
2025-08-26 09:03:07,204 - easytorch-training - INFO - Result <test>: [test/time: 0.18 (s), test/loss: 0.4374, test/MAE: 0.4374, test/MSE: 0.4548]
2025-08-26 09:03:07,209 - easytorch-training - INFO - Checkpoint checkpoints/DLinear/ETTh1_100_336_336/65e6763ee68c9285f092412e93a65af3/DLinear_099.pt saved
2025-08-26 09:03:07,209 - easytorch-training - INFO - The estimated training finish time is 2025-08-26 09:03:08
2025-08-26 09:03:07,209 - easytorch-training - INFO - Epoch 100 / 100
2025-08-26 09:03:07,959 - easytorch-training - INFO - Result <train>: [train/time: 0.75 (s), train/lr: 7.50e-05, train/loss: 0.4556, train/MAE: 0.4556, train/MSE: 0.4387]
2025-08-26 09:03:07,959 - easytorch-training - INFO - Start validation.
2025-08-26 09:03:08,138 - easytorch-training - INFO - Result <val>: [val/time: 0.18 (s), val/loss: 0.7254, val/MAE: 0.7254, val/MSE: 1.1642]
2025-08-26 09:03:08,320 - easytorch-training - INFO - Result <test>: [test/time: 0.18 (s), test/loss: 0.4362, test/MAE: 0.4362, test/MSE: 0.4539]
2025-08-26 09:03:08,324 - easytorch-training - INFO - Checkpoint checkpoints/DLinear/ETTh1_100_336_336/65e6763ee68c9285f092412e93a65af3/DLinear_100.pt saved
2025-08-26 09:03:08,326 - easytorch-training - INFO - The training finished at 2025-08-26 09:03:08
2025-08-26 09:03:08,326 - easytorch-training - INFO - Evaluating the best model on the test set.
2025-08-26 09:03:08,326 - easytorch-training - INFO - Loading Checkpoint from 'checkpoints/DLinear/ETTh1_100_336_336/65e6763ee68c9285f092412e93a65af3/DLinear_best_val_MAE.pt'
2025-08-26 09:03:08,500 - easytorch-training - INFO - Result <test>: [test/time: 0.17 (s), test/loss: 0.4441, test/MAE: 0.4441, test/MSE: 0.4610]
2025-08-26 09:03:08,501 - easytorch-training - INFO - Test metrics saved to checkpoints/DLinear/ETTh1_100_336_336/65e6763ee68c9285f092412e93a65af3/test_metrics.json.
