2025-08-29 14:10:55,063 - easytorch-training - INFO - Initializing training.
2025-08-29 14:10:55,064 - easytorch-training - INFO - Set clip grad, param: {'max_norm': 5.0}
2025-08-29 14:10:55,064 - easytorch-training - INFO - Building training data loader.
2025-08-29 14:10:55,072 - easytorch-training - INFO - Train dataset length: 36217
2025-08-29 14:10:55,885 - easytorch-training - INFO - Set optim: Adam (
Parameter Group 0
    amsgrad: False
    betas: (0.9, 0.999)
    capturable: False
    decoupled_weight_decay: False
    differentiable: False
    eps: 1e-08
    foreach: None
    fused: None
    lr: 0.0002
    maximize: False
    weight_decay: 0.0001
)
2025-08-29 14:10:55,885 - easytorch-training - INFO - Set lr_scheduler: <torch.optim.lr_scheduler.MultiStepLR object at 0x75a8520dc250>
2025-08-29 14:10:55,973 - easytorch-training - INFO - Initializing validation.
2025-08-29 14:10:55,973 - easytorch-training - INFO - Building val data loader.
2025-08-29 14:10:55,987 - easytorch-training - INFO - Validation dataset length: 4598
2025-08-29 14:10:56,011 - easytorch-training - INFO - Test dataset length: 9868
2025-08-29 14:10:56,012 - easytorch-training - INFO - Number of parameters: 2211664
2025-08-29 14:10:56,012 - easytorch-training - INFO - Epoch 1 / 100
2025-08-29 14:11:09,426 - easytorch-training - INFO - Result <train>: [train/time: 13.41 (s), train/lr: 2.00e-04, train/loss: 0.3963, train/MAE: 0.3963, train/MSE: 0.5626]
2025-08-29 14:11:09,435 - easytorch-training - INFO - Start validation.
2025-08-29 14:11:10,454 - easytorch-training - INFO - Result <val>: [val/time: 1.02 (s), val/loss: 0.3837, val/MAE: 0.3837, val/MSE: 0.5861]
2025-08-29 14:11:10,716 - easytorch-training - INFO - Checkpoint checkpoints/PatchTST/Weather_100_336_336/9e4202b6f538b2306db34e2333e8c4dc/PatchTST_best_val_MAE.pt saved
2025-08-29 14:11:13,007 - easytorch-training - INFO - Result <test>: [test/time: 2.29 (s), test/loss: 0.2733, test/MAE: 0.2733, test/MSE: 0.2512]
2025-08-29 14:11:13,277 - easytorch-training - INFO - Checkpoint checkpoints/PatchTST/Weather_100_336_336/9e4202b6f538b2306db34e2333e8c4dc/PatchTST_001.pt saved
2025-08-29 14:11:13,277 - easytorch-training - INFO - The estimated training finish time is 2025-08-29 14:39:42
2025-08-29 14:11:13,277 - easytorch-training - INFO - Epoch 2 / 100
2025-08-29 14:11:26,467 - easytorch-training - INFO - Result <train>: [train/time: 13.19 (s), train/lr: 1.00e-04, train/loss: 0.3777, train/MAE: 0.3777, train/MSE: 0.5370]
2025-08-29 14:11:26,478 - easytorch-training - INFO - Start validation.
2025-08-29 14:11:27,586 - easytorch-training - INFO - Result <val>: [val/time: 1.11 (s), val/loss: 0.3741, val/MAE: 0.3741, val/MSE: 0.5773]
2025-08-29 14:11:27,704 - easytorch-training - INFO - Checkpoint checkpoints/PatchTST/Weather_100_336_336/9e4202b6f538b2306db34e2333e8c4dc/PatchTST_best_val_MAE.pt saved
2025-08-29 14:11:29,947 - easytorch-training - INFO - Result <test>: [test/time: 2.24 (s), test/loss: 0.2690, test/MAE: 0.2690, test/MSE: 0.2471]
2025-08-29 14:11:30,067 - easytorch-training - INFO - Checkpoint checkpoints/PatchTST/Weather_100_336_336/9e4202b6f538b2306db34e2333e8c4dc/PatchTST_002.pt saved
2025-08-29 14:11:30,067 - easytorch-training - INFO - The estimated training finish time is 2025-08-29 14:39:18
2025-08-29 14:11:30,067 - easytorch-training - INFO - Epoch 3 / 100
2025-08-29 14:11:42,826 - easytorch-training - INFO - Result <train>: [train/time: 12.76 (s), train/lr: 1.00e-04, train/loss: 0.3738, train/MAE: 0.3738, train/MSE: 0.5326]
2025-08-29 14:11:42,836 - easytorch-training - INFO - Start validation.
2025-08-29 14:11:43,923 - easytorch-training - INFO - Result <val>: [val/time: 1.09 (s), val/loss: 0.3728, val/MAE: 0.3728, val/MSE: 0.5743]
2025-08-29 14:11:44,075 - easytorch-training - INFO - Checkpoint checkpoints/PatchTST/Weather_100_336_336/9e4202b6f538b2306db34e2333e8c4dc/PatchTST_best_val_MAE.pt saved
2025-08-29 14:11:46,432 - easytorch-training - INFO - Result <test>: [test/time: 2.35 (s), test/loss: 0.2687, test/MAE: 0.2687, test/MSE: 0.2464]
2025-08-29 14:11:46,691 - easytorch-training - INFO - Checkpoint checkpoints/PatchTST/Weather_100_336_336/9e4202b6f538b2306db34e2333e8c4dc/PatchTST_003.pt saved
2025-08-29 14:11:46,692 - easytorch-training - INFO - The estimated training finish time is 2025-08-29 14:39:05
2025-08-29 14:11:46,692 - easytorch-training - INFO - Epoch 4 / 100
2025-08-29 14:11:59,392 - easytorch-training - INFO - Result <train>: [train/time: 12.70 (s), train/lr: 1.00e-04, train/loss: 0.3712, train/MAE: 0.3712, train/MSE: 0.5296]
2025-08-29 14:11:59,406 - easytorch-training - INFO - Start validation.
2025-08-29 14:12:00,468 - easytorch-training - INFO - Result <val>: [val/time: 1.06 (s), val/loss: 0.3749, val/MAE: 0.3749, val/MSE: 0.5774]
2025-08-29 14:12:02,794 - easytorch-training - INFO - Result <test>: [test/time: 2.32 (s), test/loss: 0.2686, test/MAE: 0.2686, test/MSE: 0.2469]
2025-08-29 14:12:02,907 - easytorch-training - INFO - Checkpoint checkpoints/PatchTST/Weather_100_336_336/9e4202b6f538b2306db34e2333e8c4dc/PatchTST_004.pt saved
2025-08-29 14:12:02,907 - easytorch-training - INFO - The estimated training finish time is 2025-08-29 14:38:48
2025-08-29 14:12:02,907 - easytorch-training - INFO - Epoch 5 / 100
2025-08-29 14:12:15,629 - easytorch-training - INFO - Result <train>: [train/time: 12.72 (s), train/lr: 1.00e-04, train/loss: 0.3692, train/MAE: 0.3692, train/MSE: 0.5278]
2025-08-29 14:12:15,638 - easytorch-training - INFO - Start validation.
2025-08-29 14:12:16,658 - easytorch-training - INFO - Result <val>: [val/time: 1.02 (s), val/loss: 0.3712, val/MAE: 0.3712, val/MSE: 0.5712]
2025-08-29 14:12:16,788 - easytorch-training - INFO - Checkpoint checkpoints/PatchTST/Weather_100_336_336/9e4202b6f538b2306db34e2333e8c4dc/PatchTST_best_val_MAE.pt saved
2025-08-29 14:12:19,102 - easytorch-training - INFO - Result <test>: [test/time: 2.31 (s), test/loss: 0.2681, test/MAE: 0.2681, test/MSE: 0.2471]
2025-08-29 14:12:19,457 - easytorch-training - INFO - Checkpoint checkpoints/PatchTST/Weather_100_336_336/9e4202b6f538b2306db34e2333e8c4dc/PatchTST_005.pt saved
2025-08-29 14:12:19,457 - easytorch-training - INFO - The estimated training finish time is 2025-08-29 14:38:44
2025-08-29 14:12:19,457 - easytorch-training - INFO - Epoch 6 / 100
2025-08-29 14:12:32,097 - easytorch-training - INFO - Result <train>: [train/time: 12.64 (s), train/lr: 1.00e-04, train/loss: 0.3672, train/MAE: 0.3672, train/MSE: 0.5252]
2025-08-29 14:12:32,108 - easytorch-training - INFO - Start validation.
2025-08-29 14:12:33,133 - easytorch-training - INFO - Result <val>: [val/time: 1.02 (s), val/loss: 0.3730, val/MAE: 0.3730, val/MSE: 0.5741]
2025-08-29 14:12:35,356 - easytorch-training - INFO - Result <test>: [test/time: 2.22 (s), test/loss: 0.2674, test/MAE: 0.2674, test/MSE: 0.2454]
2025-08-29 14:12:35,622 - easytorch-training - INFO - Checkpoint checkpoints/PatchTST/Weather_100_336_336/9e4202b6f538b2306db34e2333e8c4dc/PatchTST_006.pt saved
2025-08-29 14:12:35,622 - easytorch-training - INFO - The estimated training finish time is 2025-08-29 14:38:36
2025-08-29 14:12:35,623 - easytorch-training - INFO - Epoch 7 / 100
2025-08-29 14:12:48,253 - easytorch-training - INFO - Result <train>: [train/time: 12.63 (s), train/lr: 1.00e-04, train/loss: 0.3658, train/MAE: 0.3658, train/MSE: 0.5233]
2025-08-29 14:12:48,263 - easytorch-training - INFO - Start validation.
2025-08-29 14:12:49,422 - easytorch-training - INFO - Result <val>: [val/time: 1.16 (s), val/loss: 0.3754, val/MAE: 0.3754, val/MSE: 0.5759]
2025-08-29 14:12:51,715 - easytorch-training - INFO - Result <test>: [test/time: 2.28 (s), test/loss: 0.2686, test/MAE: 0.2686, test/MSE: 0.2475]
2025-08-29 14:12:51,825 - easytorch-training - INFO - Checkpoint checkpoints/PatchTST/Weather_100_336_336/9e4202b6f538b2306db34e2333e8c4dc/PatchTST_007.pt saved
2025-08-29 14:12:51,826 - easytorch-training - INFO - The estimated training finish time is 2025-08-29 14:38:30
2025-08-29 14:12:51,826 - easytorch-training - INFO - Epoch 8 / 100
2025-08-29 14:13:04,508 - easytorch-training - INFO - Result <train>: [train/time: 12.68 (s), train/lr: 1.00e-04, train/loss: 0.3646, train/MAE: 0.3646, train/MSE: 0.5220]
2025-08-29 14:13:04,518 - easytorch-training - INFO - Start validation.
2025-08-29 14:13:05,619 - easytorch-training - INFO - Result <val>: [val/time: 1.10 (s), val/loss: 0.3722, val/MAE: 0.3722, val/MSE: 0.5752]
2025-08-29 14:13:07,925 - easytorch-training - INFO - Result <test>: [test/time: 2.30 (s), test/loss: 0.2667, test/MAE: 0.2667, test/MSE: 0.2453]
2025-08-29 14:13:08,246 - easytorch-training - INFO - Checkpoint checkpoints/PatchTST/Weather_100_336_336/9e4202b6f538b2306db34e2333e8c4dc/PatchTST_008.pt saved
2025-08-29 14:13:08,247 - easytorch-training - INFO - The estimated training finish time is 2025-08-29 14:38:28
2025-08-29 14:13:08,247 - easytorch-training - INFO - Epoch 9 / 100
2025-08-29 14:13:20,912 - easytorch-training - INFO - Result <train>: [train/time: 12.66 (s), train/lr: 1.00e-04, train/loss: 0.3632, train/MAE: 0.3632, train/MSE: 0.5202]
2025-08-29 14:13:20,921 - easytorch-training - INFO - Start validation.
2025-08-29 14:13:22,029 - easytorch-training - INFO - Result <val>: [val/time: 1.11 (s), val/loss: 0.3787, val/MAE: 0.3787, val/MSE: 0.5784]
2025-08-29 14:13:24,351 - easytorch-training - INFO - Result <test>: [test/time: 2.31 (s), test/loss: 0.2683, test/MAE: 0.2683, test/MSE: 0.2470]
2025-08-29 14:13:24,475 - easytorch-training - INFO - Checkpoint checkpoints/PatchTST/Weather_100_336_336/9e4202b6f538b2306db34e2333e8c4dc/PatchTST_009.pt saved
2025-08-29 14:13:24,475 - easytorch-training - INFO - The estimated training finish time is 2025-08-29 14:38:25
2025-08-29 14:13:24,475 - easytorch-training - INFO - Epoch 10 / 100
2025-08-29 14:13:37,088 - easytorch-training - INFO - Result <train>: [train/time: 12.61 (s), train/lr: 1.00e-04, train/loss: 0.3622, train/MAE: 0.3622, train/MSE: 0.5190]
2025-08-29 14:13:37,102 - easytorch-training - INFO - Start validation.
2025-08-29 14:13:38,156 - easytorch-training - INFO - Result <val>: [val/time: 1.05 (s), val/loss: 0.3733, val/MAE: 0.3733, val/MSE: 0.5733]
2025-08-29 14:13:40,451 - easytorch-training - INFO - Result <test>: [test/time: 2.29 (s), test/loss: 0.2673, test/MAE: 0.2673, test/MSE: 0.2457]
2025-08-29 14:13:40,577 - easytorch-training - INFO - Checkpoint checkpoints/PatchTST/Weather_100_336_336/9e4202b6f538b2306db34e2333e8c4dc/PatchTST_010.pt saved
2025-08-29 14:13:40,616 - easytorch-training - INFO - The estimated training finish time is 2025-08-29 14:38:22
2025-08-29 14:13:40,616 - easytorch-training - INFO - Epoch 11 / 100
2025-08-29 14:13:53,141 - easytorch-training - INFO - Result <train>: [train/time: 12.52 (s), train/lr: 1.00e-04, train/loss: 0.3614, train/MAE: 0.3614, train/MSE: 0.5178]
2025-08-29 14:13:53,151 - easytorch-training - INFO - Start validation.
2025-08-29 14:13:54,216 - easytorch-training - INFO - Result <val>: [val/time: 1.06 (s), val/loss: 0.3807, val/MAE: 0.3807, val/MSE: 0.5864]
2025-08-29 14:13:56,541 - easytorch-training - INFO - Result <test>: [test/time: 2.31 (s), test/loss: 0.2680, test/MAE: 0.2680, test/MSE: 0.2462]
2025-08-29 14:13:56,796 - easytorch-training - INFO - Checkpoint checkpoints/PatchTST/Weather_100_336_336/9e4202b6f538b2306db34e2333e8c4dc/PatchTST_011.pt saved
2025-08-29 14:13:56,797 - easytorch-training - INFO - The estimated training finish time is 2025-08-29 14:38:19
2025-08-29 14:13:56,797 - easytorch-training - INFO - Epoch 12 / 100
2025-08-29 14:14:09,401 - easytorch-training - INFO - Result <train>: [train/time: 12.60 (s), train/lr: 1.00e-04, train/loss: 0.3606, train/MAE: 0.3606, train/MSE: 0.5168]
2025-08-29 14:14:09,412 - easytorch-training - INFO - Start validation.
2025-08-29 14:14:10,525 - easytorch-training - INFO - Result <val>: [val/time: 1.11 (s), val/loss: 0.3783, val/MAE: 0.3783, val/MSE: 0.5789]
2025-08-29 14:14:12,902 - easytorch-training - INFO - Result <test>: [test/time: 2.37 (s), test/loss: 0.2683, test/MAE: 0.2683, test/MSE: 0.2466]
2025-08-29 14:14:13,187 - easytorch-training - INFO - Checkpoint checkpoints/PatchTST/Weather_100_336_336/9e4202b6f538b2306db34e2333e8c4dc/PatchTST_012.pt saved
2025-08-29 14:14:13,187 - easytorch-training - INFO - The estimated training finish time is 2025-08-29 14:38:19
2025-08-29 14:14:13,188 - easytorch-training - INFO - Epoch 13 / 100
2025-08-29 14:14:26,479 - easytorch-training - INFO - Result <train>: [train/time: 13.29 (s), train/lr: 1.00e-04, train/loss: 0.3599, train/MAE: 0.3599, train/MSE: 0.5157]
2025-08-29 14:14:26,488 - easytorch-training - INFO - Start validation.
2025-08-29 14:14:27,589 - easytorch-training - INFO - Result <val>: [val/time: 1.10 (s), val/loss: 0.3768, val/MAE: 0.3768, val/MSE: 0.5766]
2025-08-29 14:14:29,871 - easytorch-training - INFO - Result <test>: [test/time: 2.27 (s), test/loss: 0.2676, test/MAE: 0.2676, test/MSE: 0.2458]
2025-08-29 14:14:29,992 - easytorch-training - INFO - Checkpoint checkpoints/PatchTST/Weather_100_336_336/9e4202b6f538b2306db34e2333e8c4dc/PatchTST_013.pt saved
2025-08-29 14:14:29,993 - easytorch-training - INFO - The estimated training finish time is 2025-08-29 14:38:22
2025-08-29 14:14:29,993 - easytorch-training - INFO - Epoch 14 / 100
2025-08-29 14:14:42,739 - easytorch-training - INFO - Result <train>: [train/time: 12.75 (s), train/lr: 1.00e-04, train/loss: 0.3592, train/MAE: 0.3592, train/MSE: 0.5147]
2025-08-29 14:14:42,747 - easytorch-training - INFO - Start validation.
2025-08-29 14:14:43,780 - easytorch-training - INFO - Result <val>: [val/time: 1.03 (s), val/loss: 0.3722, val/MAE: 0.3722, val/MSE: 0.5755]
2025-08-29 14:14:46,135 - easytorch-training - INFO - Result <test>: [test/time: 2.35 (s), test/loss: 0.2682, test/MAE: 0.2682, test/MSE: 0.2472]
2025-08-29 14:14:46,247 - easytorch-training - INFO - Checkpoint checkpoints/PatchTST/Weather_100_336_336/9e4202b6f538b2306db34e2333e8c4dc/PatchTST_014.pt saved
2025-08-29 14:14:46,248 - easytorch-training - INFO - The estimated training finish time is 2025-08-29 14:38:20
2025-08-29 14:14:46,248 - easytorch-training - INFO - Epoch 15 / 100
2025-08-29 14:14:59,114 - easytorch-training - INFO - Result <train>: [train/time: 12.87 (s), train/lr: 1.00e-04, train/loss: 0.3586, train/MAE: 0.3586, train/MSE: 0.5138]
2025-08-29 14:14:59,124 - easytorch-training - INFO - Start validation.
2025-08-29 14:15:00,160 - easytorch-training - INFO - Result <val>: [val/time: 1.04 (s), val/loss: 0.3771, val/MAE: 0.3771, val/MSE: 0.5805]
2025-08-29 14:15:02,498 - easytorch-training - INFO - Result <test>: [test/time: 2.33 (s), test/loss: 0.2676, test/MAE: 0.2676, test/MSE: 0.2464]
2025-08-29 14:15:02,602 - easytorch-training - INFO - Checkpoint checkpoints/PatchTST/Weather_100_336_336/9e4202b6f538b2306db34e2333e8c4dc/PatchTST_015.pt saved
2025-08-29 14:15:02,603 - easytorch-training - INFO - The estimated training finish time is 2025-08-29 14:38:19
2025-08-29 14:15:02,603 - easytorch-training - INFO - Epoch 16 / 100
2025-08-29 14:15:15,215 - easytorch-training - INFO - Result <train>: [train/time: 12.61 (s), train/lr: 1.00e-04, train/loss: 0.3578, train/MAE: 0.3578, train/MSE: 0.5128]
2025-08-29 14:15:15,225 - easytorch-training - INFO - Start validation.
2025-08-29 14:15:16,319 - easytorch-training - INFO - Result <val>: [val/time: 1.09 (s), val/loss: 0.3710, val/MAE: 0.3710, val/MSE: 0.5742]
2025-08-29 14:15:16,432 - easytorch-training - INFO - Checkpoint checkpoints/PatchTST/Weather_100_336_336/9e4202b6f538b2306db34e2333e8c4dc/PatchTST_best_val_MAE.pt saved
2025-08-29 14:15:18,612 - easytorch-training - INFO - Result <test>: [test/time: 2.18 (s), test/loss: 0.2673, test/MAE: 0.2673, test/MSE: 0.2467]
2025-08-29 14:15:18,719 - easytorch-training - INFO - Checkpoint checkpoints/PatchTST/Weather_100_336_336/9e4202b6f538b2306db34e2333e8c4dc/PatchTST_016.pt saved
2025-08-29 14:15:18,720 - easytorch-training - INFO - The estimated training finish time is 2025-08-29 14:38:17
2025-08-29 14:15:18,720 - easytorch-training - INFO - Epoch 17 / 100
2025-08-29 14:15:31,650 - easytorch-training - INFO - Result <train>: [train/time: 12.93 (s), train/lr: 1.00e-04, train/loss: 0.3573, train/MAE: 0.3573, train/MSE: 0.5120]
2025-08-29 14:15:31,658 - easytorch-training - INFO - Start validation.
2025-08-29 14:15:32,746 - easytorch-training - INFO - Result <val>: [val/time: 1.09 (s), val/loss: 0.3719, val/MAE: 0.3719, val/MSE: 0.5723]
2025-08-29 14:15:35,040 - easytorch-training - INFO - Result <test>: [test/time: 2.29 (s), test/loss: 0.2679, test/MAE: 0.2679, test/MSE: 0.2470]
2025-08-29 14:15:35,159 - easytorch-training - INFO - Checkpoint checkpoints/PatchTST/Weather_100_336_336/9e4202b6f538b2306db34e2333e8c4dc/PatchTST_017.pt saved
2025-08-29 14:15:35,159 - easytorch-training - INFO - The estimated training finish time is 2025-08-29 14:38:18
2025-08-29 14:15:35,159 - easytorch-training - INFO - Epoch 18 / 100
2025-08-29 14:15:47,947 - easytorch-training - INFO - Result <train>: [train/time: 12.79 (s), train/lr: 1.00e-04, train/loss: 0.3568, train/MAE: 0.3568, train/MSE: 0.5113]
2025-08-29 14:15:47,956 - easytorch-training - INFO - Start validation.
2025-08-29 14:15:49,049 - easytorch-training - INFO - Result <val>: [val/time: 1.09 (s), val/loss: 0.3731, val/MAE: 0.3731, val/MSE: 0.5742]
2025-08-29 14:15:51,386 - easytorch-training - INFO - Result <test>: [test/time: 2.33 (s), test/loss: 0.2673, test/MAE: 0.2673, test/MSE: 0.2459]
2025-08-29 14:15:51,531 - easytorch-training - INFO - Checkpoint checkpoints/PatchTST/Weather_100_336_336/9e4202b6f538b2306db34e2333e8c4dc/PatchTST_018.pt saved
2025-08-29 14:15:51,532 - easytorch-training - INFO - The estimated training finish time is 2025-08-29 14:38:17
2025-08-29 14:15:51,532 - easytorch-training - INFO - Epoch 19 / 100
2025-08-29 14:16:04,219 - easytorch-training - INFO - Result <train>: [train/time: 12.69 (s), train/lr: 1.00e-04, train/loss: 0.3562, train/MAE: 0.3562, train/MSE: 0.5106]
2025-08-29 14:16:04,227 - easytorch-training - INFO - Start validation.
2025-08-29 14:16:05,275 - easytorch-training - INFO - Result <val>: [val/time: 1.05 (s), val/loss: 0.3783, val/MAE: 0.3783, val/MSE: 0.5827]
2025-08-29 14:16:07,541 - easytorch-training - INFO - Result <test>: [test/time: 2.26 (s), test/loss: 0.2679, test/MAE: 0.2679, test/MSE: 0.2467]
2025-08-29 14:16:07,811 - easytorch-training - INFO - Checkpoint checkpoints/PatchTST/Weather_100_336_336/9e4202b6f538b2306db34e2333e8c4dc/PatchTST_019.pt saved
2025-08-29 14:16:07,812 - easytorch-training - INFO - The estimated training finish time is 2025-08-29 14:38:17
2025-08-29 14:16:07,812 - easytorch-training - INFO - Epoch 20 / 100
2025-08-29 14:16:20,563 - easytorch-training - INFO - Result <train>: [train/time: 12.75 (s), train/lr: 1.00e-04, train/loss: 0.3559, train/MAE: 0.3559, train/MSE: 0.5100]
2025-08-29 14:16:20,573 - easytorch-training - INFO - Start validation.
2025-08-29 14:16:21,640 - easytorch-training - INFO - Result <val>: [val/time: 1.07 (s), val/loss: 0.3792, val/MAE: 0.3792, val/MSE: 0.5824]
2025-08-29 14:16:23,930 - easytorch-training - INFO - Result <test>: [test/time: 2.28 (s), test/loss: 0.2694, test/MAE: 0.2694, test/MSE: 0.2478]
2025-08-29 14:16:24,076 - easytorch-training - INFO - Checkpoint checkpoints/PatchTST/Weather_100_336_336/9e4202b6f538b2306db34e2333e8c4dc/PatchTST_020.pt saved
2025-08-29 14:16:24,120 - easytorch-training - INFO - The estimated training finish time is 2025-08-29 14:38:16
2025-08-29 14:16:24,120 - easytorch-training - INFO - Epoch 21 / 100
2025-08-29 14:16:36,793 - easytorch-training - INFO - Result <train>: [train/time: 12.67 (s), train/lr: 1.00e-04, train/loss: 0.3551, train/MAE: 0.3551, train/MSE: 0.5090]
2025-08-29 14:16:36,805 - easytorch-training - INFO - Start validation.
2025-08-29 14:16:37,849 - easytorch-training - INFO - Result <val>: [val/time: 1.04 (s), val/loss: 0.3732, val/MAE: 0.3732, val/MSE: 0.5745]
2025-08-29 14:16:40,073 - easytorch-training - INFO - Result <test>: [test/time: 2.22 (s), test/loss: 0.2675, test/MAE: 0.2675, test/MSE: 0.2463]
2025-08-29 14:16:40,210 - easytorch-training - INFO - Checkpoint checkpoints/PatchTST/Weather_100_336_336/9e4202b6f538b2306db34e2333e8c4dc/PatchTST_021.pt saved
2025-08-29 14:16:40,210 - easytorch-training - INFO - The estimated training finish time is 2025-08-29 14:38:15
2025-08-29 14:16:40,210 - easytorch-training - INFO - Epoch 22 / 100
2025-08-29 14:16:53,084 - easytorch-training - INFO - Result <train>: [train/time: 12.87 (s), train/lr: 1.00e-04, train/loss: 0.3548, train/MAE: 0.3548, train/MSE: 0.5085]
2025-08-29 14:16:53,094 - easytorch-training - INFO - Start validation.
2025-08-29 14:16:54,224 - easytorch-training - INFO - Result <val>: [val/time: 1.13 (s), val/loss: 0.3784, val/MAE: 0.3784, val/MSE: 0.5825]
2025-08-29 14:16:56,498 - easytorch-training - INFO - Result <test>: [test/time: 2.26 (s), test/loss: 0.2688, test/MAE: 0.2688, test/MSE: 0.2474]
2025-08-29 14:16:56,629 - easytorch-training - INFO - Checkpoint checkpoints/PatchTST/Weather_100_336_336/9e4202b6f538b2306db34e2333e8c4dc/PatchTST_022.pt saved
2025-08-29 14:16:56,629 - easytorch-training - INFO - The estimated training finish time is 2025-08-29 14:38:15
2025-08-29 14:16:56,629 - easytorch-training - INFO - Epoch 23 / 100
2025-08-29 14:17:09,240 - easytorch-training - INFO - Result <train>: [train/time: 12.61 (s), train/lr: 1.00e-04, train/loss: 0.3543, train/MAE: 0.3543, train/MSE: 0.5079]
2025-08-29 14:17:09,250 - easytorch-training - INFO - Start validation.
2025-08-29 14:17:10,265 - easytorch-training - INFO - Result <val>: [val/time: 1.02 (s), val/loss: 0.3739, val/MAE: 0.3739, val/MSE: 0.5764]
2025-08-29 14:17:12,486 - easytorch-training - INFO - Result <test>: [test/time: 2.21 (s), test/loss: 0.2683, test/MAE: 0.2683, test/MSE: 0.2475]
2025-08-29 14:17:12,594 - easytorch-training - INFO - Checkpoint checkpoints/PatchTST/Weather_100_336_336/9e4202b6f538b2306db34e2333e8c4dc/PatchTST_023.pt saved
2025-08-29 14:17:12,594 - easytorch-training - INFO - The estimated training finish time is 2025-08-29 14:38:13
2025-08-29 14:17:12,595 - easytorch-training - INFO - Epoch 24 / 100
2025-08-29 14:17:25,663 - easytorch-training - INFO - Result <train>: [train/time: 13.07 (s), train/lr: 1.00e-04, train/loss: 0.3536, train/MAE: 0.3536, train/MSE: 0.5071]
2025-08-29 14:17:25,673 - easytorch-training - INFO - Start validation.
2025-08-29 14:17:26,708 - easytorch-training - INFO - Result <val>: [val/time: 1.04 (s), val/loss: 0.3732, val/MAE: 0.3732, val/MSE: 0.5767]
2025-08-29 14:17:28,931 - easytorch-training - INFO - Result <test>: [test/time: 2.22 (s), test/loss: 0.2696, test/MAE: 0.2696, test/MSE: 0.2497]
2025-08-29 14:17:29,061 - easytorch-training - INFO - Checkpoint checkpoints/PatchTST/Weather_100_336_336/9e4202b6f538b2306db34e2333e8c4dc/PatchTST_024.pt saved
2025-08-29 14:17:29,062 - easytorch-training - INFO - The estimated training finish time is 2025-08-29 14:38:13
2025-08-29 14:17:29,062 - easytorch-training - INFO - Epoch 25 / 100
2025-08-29 14:17:42,299 - easytorch-training - INFO - Result <train>: [train/time: 13.24 (s), train/lr: 1.00e-04, train/loss: 0.3532, train/MAE: 0.3532, train/MSE: 0.5065]
2025-08-29 14:17:42,310 - easytorch-training - INFO - Start validation.
2025-08-29 14:17:43,436 - easytorch-training - INFO - Result <val>: [val/time: 1.13 (s), val/loss: 0.3766, val/MAE: 0.3766, val/MSE: 0.5792]
2025-08-29 14:17:45,725 - easytorch-training - INFO - Result <test>: [test/time: 2.28 (s), test/loss: 0.2690, test/MAE: 0.2690, test/MSE: 0.2485]
2025-08-29 14:17:45,849 - easytorch-training - INFO - Checkpoint checkpoints/PatchTST/Weather_100_336_336/9e4202b6f538b2306db34e2333e8c4dc/PatchTST_025.pt saved
2025-08-29 14:17:45,850 - easytorch-training - INFO - The estimated training finish time is 2025-08-29 14:38:15
2025-08-29 14:17:45,850 - easytorch-training - INFO - Epoch 26 / 100
2025-08-29 14:17:59,139 - easytorch-training - INFO - Result <train>: [train/time: 13.29 (s), train/lr: 5.00e-05, train/loss: 0.3519, train/MAE: 0.3519, train/MSE: 0.5053]
2025-08-29 14:17:59,148 - easytorch-training - INFO - Start validation.
2025-08-29 14:18:00,334 - easytorch-training - INFO - Result <val>: [val/time: 1.19 (s), val/loss: 0.3741, val/MAE: 0.3741, val/MSE: 0.5765]
2025-08-29 14:18:02,634 - easytorch-training - INFO - Result <test>: [test/time: 2.29 (s), test/loss: 0.2675, test/MAE: 0.2675, test/MSE: 0.2472]
2025-08-29 14:18:02,767 - easytorch-training - INFO - Checkpoint checkpoints/PatchTST/Weather_100_336_336/9e4202b6f538b2306db34e2333e8c4dc/PatchTST_026.pt saved
2025-08-29 14:18:02,767 - easytorch-training - INFO - The estimated training finish time is 2025-08-29 14:38:17
2025-08-29 14:18:02,767 - easytorch-training - INFO - Epoch 27 / 100
2025-08-29 14:18:15,874 - easytorch-training - INFO - Result <train>: [train/time: 13.11 (s), train/lr: 5.00e-05, train/loss: 0.3516, train/MAE: 0.3516, train/MSE: 0.5048]
2025-08-29 14:18:15,883 - easytorch-training - INFO - Start validation.
2025-08-29 14:18:16,950 - easytorch-training - INFO - Result <val>: [val/time: 1.07 (s), val/loss: 0.3784, val/MAE: 0.3784, val/MSE: 0.5857]
2025-08-29 14:18:19,199 - easytorch-training - INFO - Result <test>: [test/time: 2.24 (s), test/loss: 0.2688, test/MAE: 0.2688, test/MSE: 0.2482]
2025-08-29 14:18:19,448 - easytorch-training - INFO - Checkpoint checkpoints/PatchTST/Weather_100_336_336/9e4202b6f538b2306db34e2333e8c4dc/PatchTST_027.pt saved
2025-08-29 14:18:19,448 - easytorch-training - INFO - The estimated training finish time is 2025-08-29 14:38:18
2025-08-29 14:18:19,448 - easytorch-training - INFO - Epoch 28 / 100
2025-08-29 14:18:32,336 - easytorch-training - INFO - Result <train>: [train/time: 12.89 (s), train/lr: 5.00e-05, train/loss: 0.3512, train/MAE: 0.3512, train/MSE: 0.5044]
2025-08-29 14:18:32,346 - easytorch-training - INFO - Start validation.
2025-08-29 14:18:33,460 - easytorch-training - INFO - Result <val>: [val/time: 1.11 (s), val/loss: 0.3749, val/MAE: 0.3749, val/MSE: 0.5796]
2025-08-29 14:18:35,685 - easytorch-training - INFO - Result <test>: [test/time: 2.22 (s), test/loss: 0.2684, test/MAE: 0.2684, test/MSE: 0.2478]
2025-08-29 14:18:35,828 - easytorch-training - INFO - Checkpoint checkpoints/PatchTST/Weather_100_336_336/9e4202b6f538b2306db34e2333e8c4dc/PatchTST_028.pt saved
2025-08-29 14:18:35,829 - easytorch-training - INFO - The estimated training finish time is 2025-08-29 14:38:18
2025-08-29 14:18:35,829 - easytorch-training - INFO - Epoch 29 / 100
2025-08-29 14:18:48,754 - easytorch-training - INFO - Result <train>: [train/time: 12.92 (s), train/lr: 5.00e-05, train/loss: 0.3511, train/MAE: 0.3511, train/MSE: 0.5042]
2025-08-29 14:18:48,762 - easytorch-training - INFO - Start validation.
2025-08-29 14:18:49,839 - easytorch-training - INFO - Result <val>: [val/time: 1.08 (s), val/loss: 0.3759, val/MAE: 0.3759, val/MSE: 0.5792]
2025-08-29 14:18:52,104 - easytorch-training - INFO - Result <test>: [test/time: 2.26 (s), test/loss: 0.2684, test/MAE: 0.2684, test/MSE: 0.2478]
2025-08-29 14:18:52,311 - easytorch-training - INFO - Checkpoint checkpoints/PatchTST/Weather_100_336_336/9e4202b6f538b2306db34e2333e8c4dc/PatchTST_029.pt saved
2025-08-29 14:18:52,311 - easytorch-training - INFO - The estimated training finish time is 2025-08-29 14:38:18
2025-08-29 14:18:52,312 - easytorch-training - INFO - Epoch 30 / 100
2025-08-29 14:19:05,205 - easytorch-training - INFO - Result <train>: [train/time: 12.89 (s), train/lr: 5.00e-05, train/loss: 0.3508, train/MAE: 0.3508, train/MSE: 0.5038]
2025-08-29 14:19:05,214 - easytorch-training - INFO - Start validation.
2025-08-29 14:19:06,227 - easytorch-training - INFO - Result <val>: [val/time: 1.01 (s), val/loss: 0.3779, val/MAE: 0.3779, val/MSE: 0.5842]
2025-08-29 14:19:08,520 - easytorch-training - INFO - Result <test>: [test/time: 2.28 (s), test/loss: 0.2683, test/MAE: 0.2683, test/MSE: 0.2476]
2025-08-29 14:19:08,633 - easytorch-training - INFO - Checkpoint checkpoints/PatchTST/Weather_100_336_336/9e4202b6f538b2306db34e2333e8c4dc/PatchTST_030.pt saved
2025-08-29 14:19:08,673 - easytorch-training - INFO - The estimated training finish time is 2025-08-29 14:38:18
2025-08-29 14:19:08,673 - easytorch-training - INFO - Epoch 31 / 100
2025-08-29 14:19:21,231 - easytorch-training - INFO - Result <train>: [train/time: 12.56 (s), train/lr: 5.00e-05, train/loss: 0.3507, train/MAE: 0.3507, train/MSE: 0.5036]
2025-08-29 14:19:21,241 - easytorch-training - INFO - Start validation.
2025-08-29 14:19:22,262 - easytorch-training - INFO - Result <val>: [val/time: 1.02 (s), val/loss: 0.3758, val/MAE: 0.3758, val/MSE: 0.5818]
2025-08-29 14:19:24,570 - easytorch-training - INFO - Result <test>: [test/time: 2.30 (s), test/loss: 0.2699, test/MAE: 0.2699, test/MSE: 0.2504]
2025-08-29 14:19:24,679 - easytorch-training - INFO - Checkpoint checkpoints/PatchTST/Weather_100_336_336/9e4202b6f538b2306db34e2333e8c4dc/PatchTST_031.pt saved
2025-08-29 14:19:24,680 - easytorch-training - INFO - The estimated training finish time is 2025-08-29 14:38:16
2025-08-29 14:19:24,680 - easytorch-training - INFO - Epoch 32 / 100
2025-08-29 14:19:37,558 - easytorch-training - INFO - Result <train>: [train/time: 12.88 (s), train/lr: 5.00e-05, train/loss: 0.3503, train/MAE: 0.3503, train/MSE: 0.5031]
2025-08-29 14:19:37,568 - easytorch-training - INFO - Start validation.
2025-08-29 14:19:38,660 - easytorch-training - INFO - Result <val>: [val/time: 1.09 (s), val/loss: 0.3768, val/MAE: 0.3768, val/MSE: 0.5820]
2025-08-29 14:19:40,934 - easytorch-training - INFO - Result <test>: [test/time: 2.26 (s), test/loss: 0.2684, test/MAE: 0.2684, test/MSE: 0.2478]
2025-08-29 14:19:41,054 - easytorch-training - INFO - Checkpoint checkpoints/PatchTST/Weather_100_336_336/9e4202b6f538b2306db34e2333e8c4dc/PatchTST_032.pt saved
2025-08-29 14:19:41,054 - easytorch-training - INFO - The estimated training finish time is 2025-08-29 14:38:16
2025-08-29 14:19:41,054 - easytorch-training - INFO - Epoch 33 / 100
2025-08-29 14:19:53,726 - easytorch-training - INFO - Result <train>: [train/time: 12.67 (s), train/lr: 5.00e-05, train/loss: 0.3501, train/MAE: 0.3501, train/MSE: 0.5028]
2025-08-29 14:19:53,735 - easytorch-training - INFO - Start validation.
2025-08-29 14:19:54,756 - easytorch-training - INFO - Result <val>: [val/time: 1.02 (s), val/loss: 0.3758, val/MAE: 0.3758, val/MSE: 0.5803]
2025-08-29 14:19:56,997 - easytorch-training - INFO - Result <test>: [test/time: 2.23 (s), test/loss: 0.2683, test/MAE: 0.2683, test/MSE: 0.2487]
2025-08-29 14:19:57,115 - easytorch-training - INFO - Checkpoint checkpoints/PatchTST/Weather_100_336_336/9e4202b6f538b2306db34e2333e8c4dc/PatchTST_033.pt saved
2025-08-29 14:19:57,115 - easytorch-training - INFO - The estimated training finish time is 2025-08-29 14:38:15
2025-08-29 14:19:57,116 - easytorch-training - INFO - Epoch 34 / 100
2025-08-29 14:20:09,651 - easytorch-training - INFO - Result <train>: [train/time: 12.54 (s), train/lr: 5.00e-05, train/loss: 0.3500, train/MAE: 0.3500, train/MSE: 0.5026]
2025-08-29 14:20:09,661 - easytorch-training - INFO - Start validation.
2025-08-29 14:20:10,752 - easytorch-training - INFO - Result <val>: [val/time: 1.09 (s), val/loss: 0.3767, val/MAE: 0.3767, val/MSE: 0.5825]
2025-08-29 14:20:13,054 - easytorch-training - INFO - Result <test>: [test/time: 2.29 (s), test/loss: 0.2688, test/MAE: 0.2688, test/MSE: 0.2490]
2025-08-29 14:20:13,170 - easytorch-training - INFO - Checkpoint checkpoints/PatchTST/Weather_100_336_336/9e4202b6f538b2306db34e2333e8c4dc/PatchTST_034.pt saved
2025-08-29 14:20:13,170 - easytorch-training - INFO - The estimated training finish time is 2025-08-29 14:38:14
2025-08-29 14:20:13,171 - easytorch-training - INFO - Epoch 35 / 100
2025-08-29 14:20:26,001 - easytorch-training - INFO - Result <train>: [train/time: 12.83 (s), train/lr: 5.00e-05, train/loss: 0.3497, train/MAE: 0.3497, train/MSE: 0.5022]
2025-08-29 14:20:26,011 - easytorch-training - INFO - Start validation.
2025-08-29 14:20:27,084 - easytorch-training - INFO - Result <val>: [val/time: 1.07 (s), val/loss: 0.3774, val/MAE: 0.3774, val/MSE: 0.5841]
2025-08-29 14:20:29,414 - easytorch-training - INFO - Result <test>: [test/time: 2.32 (s), test/loss: 0.2690, test/MAE: 0.2690, test/MSE: 0.2492]
2025-08-29 14:20:29,521 - easytorch-training - INFO - Checkpoint checkpoints/PatchTST/Weather_100_336_336/9e4202b6f538b2306db34e2333e8c4dc/PatchTST_035.pt saved
2025-08-29 14:20:29,521 - easytorch-training - INFO - The estimated training finish time is 2025-08-29 14:38:14
2025-08-29 14:20:29,521 - easytorch-training - INFO - Epoch 36 / 100
2025-08-29 14:20:42,309 - easytorch-training - INFO - Result <train>: [train/time: 12.79 (s), train/lr: 5.00e-05, train/loss: 0.3495, train/MAE: 0.3495, train/MSE: 0.5021]
2025-08-29 14:20:42,318 - easytorch-training - INFO - Start validation.
2025-08-29 14:20:43,342 - easytorch-training - INFO - Result <val>: [val/time: 1.02 (s), val/loss: 0.3763, val/MAE: 0.3763, val/MSE: 0.5817]
2025-08-29 14:20:45,492 - easytorch-training - INFO - Result <test>: [test/time: 2.14 (s), test/loss: 0.2691, test/MAE: 0.2691, test/MSE: 0.2494]
2025-08-29 14:20:45,621 - easytorch-training - INFO - Checkpoint checkpoints/PatchTST/Weather_100_336_336/9e4202b6f538b2306db34e2333e8c4dc/PatchTST_036.pt saved
2025-08-29 14:20:45,621 - easytorch-training - INFO - The estimated training finish time is 2025-08-29 14:38:13
2025-08-29 14:20:45,622 - easytorch-training - INFO - Epoch 37 / 100
2025-08-29 14:20:58,176 - easytorch-training - INFO - Result <train>: [train/time: 12.55 (s), train/lr: 5.00e-05, train/loss: 0.3492, train/MAE: 0.3492, train/MSE: 0.5014]
2025-08-29 14:20:58,187 - easytorch-training - INFO - Start validation.
2025-08-29 14:20:59,101 - easytorch-training - INFO - Result <val>: [val/time: 0.91 (s), val/loss: 0.3776, val/MAE: 0.3776, val/MSE: 0.5840]
2025-08-29 14:21:01,326 - easytorch-training - INFO - Result <test>: [test/time: 2.22 (s), test/loss: 0.2689, test/MAE: 0.2689, test/MSE: 0.2488]
2025-08-29 14:21:01,438 - easytorch-training - INFO - Checkpoint checkpoints/PatchTST/Weather_100_336_336/9e4202b6f538b2306db34e2333e8c4dc/PatchTST_037.pt saved
2025-08-29 14:21:01,438 - easytorch-training - INFO - The estimated training finish time is 2025-08-29 14:38:12
2025-08-29 14:21:01,438 - easytorch-training - INFO - Epoch 38 / 100
2025-08-29 14:21:14,375 - easytorch-training - INFO - Result <train>: [train/time: 12.94 (s), train/lr: 5.00e-05, train/loss: 0.3491, train/MAE: 0.3491, train/MSE: 0.5016]
2025-08-29 14:21:14,384 - easytorch-training - INFO - Start validation.
2025-08-29 14:21:15,379 - easytorch-training - INFO - Result <val>: [val/time: 0.99 (s), val/loss: 0.3748, val/MAE: 0.3748, val/MSE: 0.5815]
2025-08-29 14:21:17,633 - easytorch-training - INFO - Result <test>: [test/time: 2.25 (s), test/loss: 0.2696, test/MAE: 0.2696, test/MSE: 0.2506]
2025-08-29 14:21:17,763 - easytorch-training - INFO - Checkpoint checkpoints/PatchTST/Weather_100_336_336/9e4202b6f538b2306db34e2333e8c4dc/PatchTST_038.pt saved
2025-08-29 14:21:17,764 - easytorch-training - INFO - The estimated training finish time is 2025-08-29 14:38:12
2025-08-29 14:21:17,764 - easytorch-training - INFO - Epoch 39 / 100
2025-08-29 14:21:30,575 - easytorch-training - INFO - Result <train>: [train/time: 12.81 (s), train/lr: 5.00e-05, train/loss: 0.3488, train/MAE: 0.3488, train/MSE: 0.5010]
2025-08-29 14:21:30,584 - easytorch-training - INFO - Start validation.
2025-08-29 14:21:31,648 - easytorch-training - INFO - Result <val>: [val/time: 1.06 (s), val/loss: 0.3764, val/MAE: 0.3764, val/MSE: 0.5828]
2025-08-29 14:21:34,004 - easytorch-training - INFO - Result <test>: [test/time: 2.35 (s), test/loss: 0.2691, test/MAE: 0.2691, test/MSE: 0.2492]
2025-08-29 14:21:34,115 - easytorch-training - INFO - Checkpoint checkpoints/PatchTST/Weather_100_336_336/9e4202b6f538b2306db34e2333e8c4dc/PatchTST_039.pt saved
2025-08-29 14:21:34,115 - easytorch-training - INFO - The estimated training finish time is 2025-08-29 14:38:12
2025-08-29 14:21:34,115 - easytorch-training - INFO - Epoch 40 / 100
2025-08-29 14:21:47,180 - easytorch-training - INFO - Result <train>: [train/time: 13.06 (s), train/lr: 5.00e-05, train/loss: 0.3486, train/MAE: 0.3486, train/MSE: 0.5008]
2025-08-29 14:21:47,191 - easytorch-training - INFO - Start validation.
2025-08-29 14:21:48,196 - easytorch-training - INFO - Result <val>: [val/time: 1.00 (s), val/loss: 0.3761, val/MAE: 0.3761, val/MSE: 0.5822]
2025-08-29 14:21:50,311 - easytorch-training - INFO - Result <test>: [test/time: 2.10 (s), test/loss: 0.2687, test/MAE: 0.2687, test/MSE: 0.2489]
2025-08-29 14:21:50,503 - easytorch-training - INFO - Checkpoint checkpoints/PatchTST/Weather_100_336_336/9e4202b6f538b2306db34e2333e8c4dc/PatchTST_040.pt saved
2025-08-29 14:21:50,551 - easytorch-training - INFO - The estimated training finish time is 2025-08-29 14:38:12
2025-08-29 14:21:50,551 - easytorch-training - INFO - Epoch 41 / 100
2025-08-29 14:22:03,509 - easytorch-training - INFO - Result <train>: [train/time: 12.96 (s), train/lr: 5.00e-05, train/loss: 0.3484, train/MAE: 0.3484, train/MSE: 0.5005]
2025-08-29 14:22:03,518 - easytorch-training - INFO - Start validation.
2025-08-29 14:22:04,521 - easytorch-training - INFO - Result <val>: [val/time: 1.00 (s), val/loss: 0.3749, val/MAE: 0.3749, val/MSE: 0.5802]
2025-08-29 14:22:06,773 - easytorch-training - INFO - Result <test>: [test/time: 2.24 (s), test/loss: 0.2687, test/MAE: 0.2687, test/MSE: 0.2490]
2025-08-29 14:22:06,884 - easytorch-training - INFO - Checkpoint checkpoints/PatchTST/Weather_100_336_336/9e4202b6f538b2306db34e2333e8c4dc/PatchTST_041.pt saved
2025-08-29 14:22:06,884 - easytorch-training - INFO - The estimated training finish time is 2025-08-29 14:38:12
2025-08-29 14:22:06,884 - easytorch-training - INFO - Epoch 42 / 100
2025-08-29 14:22:19,904 - easytorch-training - INFO - Result <train>: [train/time: 13.02 (s), train/lr: 5.00e-05, train/loss: 0.3482, train/MAE: 0.3482, train/MSE: 0.5003]
2025-08-29 14:22:19,913 - easytorch-training - INFO - Start validation.
2025-08-29 14:22:21,038 - easytorch-training - INFO - Result <val>: [val/time: 1.12 (s), val/loss: 0.3756, val/MAE: 0.3756, val/MSE: 0.5828]
2025-08-29 14:22:23,350 - easytorch-training - INFO - Result <test>: [test/time: 2.31 (s), test/loss: 0.2692, test/MAE: 0.2692, test/MSE: 0.2505]
2025-08-29 14:22:23,461 - easytorch-training - INFO - Checkpoint checkpoints/PatchTST/Weather_100_336_336/9e4202b6f538b2306db34e2333e8c4dc/PatchTST_042.pt saved
2025-08-29 14:22:23,461 - easytorch-training - INFO - The estimated training finish time is 2025-08-29 14:38:12
2025-08-29 14:22:23,461 - easytorch-training - INFO - Epoch 43 / 100
2025-08-29 14:22:36,406 - easytorch-training - INFO - Result <train>: [train/time: 12.94 (s), train/lr: 5.00e-05, train/loss: 0.3480, train/MAE: 0.3480, train/MSE: 0.4998]
2025-08-29 14:22:36,415 - easytorch-training - INFO - Start validation.
2025-08-29 14:22:37,402 - easytorch-training - INFO - Result <val>: [val/time: 0.99 (s), val/loss: 0.3754, val/MAE: 0.3754, val/MSE: 0.5819]
2025-08-29 14:22:39,634 - easytorch-training - INFO - Result <test>: [test/time: 2.22 (s), test/loss: 0.2691, test/MAE: 0.2691, test/MSE: 0.2500]
2025-08-29 14:22:39,730 - easytorch-training - INFO - Checkpoint checkpoints/PatchTST/Weather_100_336_336/9e4202b6f538b2306db34e2333e8c4dc/PatchTST_043.pt saved
2025-08-29 14:22:39,730 - easytorch-training - INFO - The estimated training finish time is 2025-08-29 14:38:12
2025-08-29 14:22:39,730 - easytorch-training - INFO - Epoch 44 / 100
2025-08-29 14:22:52,531 - easytorch-training - INFO - Result <train>: [train/time: 12.80 (s), train/lr: 5.00e-05, train/loss: 0.3479, train/MAE: 0.3479, train/MSE: 0.4999]
2025-08-29 14:22:52,540 - easytorch-training - INFO - Start validation.
2025-08-29 14:22:53,670 - easytorch-training - INFO - Result <val>: [val/time: 1.13 (s), val/loss: 0.3750, val/MAE: 0.3750, val/MSE: 0.5800]
2025-08-29 14:22:55,960 - easytorch-training - INFO - Result <test>: [test/time: 2.28 (s), test/loss: 0.2690, test/MAE: 0.2690, test/MSE: 0.2497]
2025-08-29 14:22:56,049 - easytorch-training - INFO - Checkpoint checkpoints/PatchTST/Weather_100_336_336/9e4202b6f538b2306db34e2333e8c4dc/PatchTST_044.pt saved
2025-08-29 14:22:56,049 - easytorch-training - INFO - The estimated training finish time is 2025-08-29 14:38:12
2025-08-29 14:22:56,049 - easytorch-training - INFO - Epoch 45 / 100
2025-08-29 14:23:09,065 - easytorch-training - INFO - Result <train>: [train/time: 13.02 (s), train/lr: 5.00e-05, train/loss: 0.3477, train/MAE: 0.3477, train/MSE: 0.4998]
2025-08-29 14:23:09,075 - easytorch-training - INFO - Start validation.
2025-08-29 14:23:10,113 - easytorch-training - INFO - Result <val>: [val/time: 1.04 (s), val/loss: 0.3756, val/MAE: 0.3756, val/MSE: 0.5816]
2025-08-29 14:23:12,423 - easytorch-training - INFO - Result <test>: [test/time: 2.30 (s), test/loss: 0.2689, test/MAE: 0.2689, test/MSE: 0.2496]
2025-08-29 14:23:12,586 - easytorch-training - INFO - Checkpoint checkpoints/PatchTST/Weather_100_336_336/9e4202b6f538b2306db34e2333e8c4dc/PatchTST_045.pt saved
2025-08-29 14:23:12,587 - easytorch-training - INFO - The estimated training finish time is 2025-08-29 14:38:12
2025-08-29 14:23:12,587 - easytorch-training - INFO - Epoch 46 / 100
2025-08-29 14:23:25,216 - easytorch-training - INFO - Result <train>: [train/time: 12.63 (s), train/lr: 5.00e-05, train/loss: 0.3475, train/MAE: 0.3475, train/MSE: 0.4993]
2025-08-29 14:23:25,225 - easytorch-training - INFO - Start validation.
2025-08-29 14:23:26,292 - easytorch-training - INFO - Result <val>: [val/time: 1.07 (s), val/loss: 0.3764, val/MAE: 0.3764, val/MSE: 0.5818]
2025-08-29 14:23:28,645 - easytorch-training - INFO - Result <test>: [test/time: 2.33 (s), test/loss: 0.2703, test/MAE: 0.2703, test/MSE: 0.2514]
2025-08-29 14:23:28,792 - easytorch-training - INFO - Checkpoint checkpoints/PatchTST/Weather_100_336_336/9e4202b6f538b2306db34e2333e8c4dc/PatchTST_046.pt saved
2025-08-29 14:23:28,796 - easytorch-training - INFO - The estimated training finish time is 2025-08-29 14:38:12
2025-08-29 14:23:28,798 - easytorch-training - INFO - Epoch 47 / 100
2025-08-29 14:23:41,551 - easytorch-training - INFO - Result <train>: [train/time: 12.75 (s), train/lr: 5.00e-05, train/loss: 0.3473, train/MAE: 0.3473, train/MSE: 0.4991]
2025-08-29 14:23:41,562 - easytorch-training - INFO - Start validation.
2025-08-29 14:23:42,674 - easytorch-training - INFO - Result <val>: [val/time: 1.11 (s), val/loss: 0.3767, val/MAE: 0.3767, val/MSE: 0.5836]
2025-08-29 14:23:44,969 - easytorch-training - INFO - Result <test>: [test/time: 2.29 (s), test/loss: 0.2695, test/MAE: 0.2695, test/MSE: 0.2504]
2025-08-29 14:23:45,207 - easytorch-training - INFO - Checkpoint checkpoints/PatchTST/Weather_100_336_336/9e4202b6f538b2306db34e2333e8c4dc/PatchTST_047.pt saved
2025-08-29 14:23:45,209 - easytorch-training - INFO - The estimated training finish time is 2025-08-29 14:38:12
2025-08-29 14:23:45,212 - easytorch-training - INFO - Epoch 48 / 100
2025-08-29 14:23:58,620 - easytorch-training - INFO - Result <train>: [train/time: 13.41 (s), train/lr: 5.00e-05, train/loss: 0.3472, train/MAE: 0.3472, train/MSE: 0.5001]
2025-08-29 14:23:58,674 - easytorch-training - INFO - Start validation.
2025-08-29 14:23:59,767 - easytorch-training - INFO - Result <val>: [val/time: 1.09 (s), val/loss: 0.3759, val/MAE: 0.3759, val/MSE: 0.5818]
2025-08-29 14:24:02,120 - easytorch-training - INFO - Result <test>: [test/time: 2.30 (s), test/loss: 0.2698, test/MAE: 0.2698, test/MSE: 0.2508]
2025-08-29 14:24:02,284 - easytorch-training - INFO - Checkpoint checkpoints/PatchTST/Weather_100_336_336/9e4202b6f538b2306db34e2333e8c4dc/PatchTST_048.pt saved
2025-08-29 14:24:02,285 - easytorch-training - INFO - The estimated training finish time is 2025-08-29 14:38:14
2025-08-29 14:24:02,285 - easytorch-training - INFO - Epoch 49 / 100
2025-08-29 14:24:15,077 - easytorch-training - INFO - Result <train>: [train/time: 12.79 (s), train/lr: 5.00e-05, train/loss: 0.3469, train/MAE: 0.3469, train/MSE: 0.4985]
2025-08-29 14:24:15,086 - easytorch-training - INFO - Start validation.
2025-08-29 14:24:16,044 - easytorch-training - INFO - Result <val>: [val/time: 0.96 (s), val/loss: 0.3765, val/MAE: 0.3765, val/MSE: 0.5846]
2025-08-29 14:24:18,040 - easytorch-training - INFO - Result <test>: [test/time: 1.98 (s), test/loss: 0.2707, test/MAE: 0.2707, test/MSE: 0.2526]
2025-08-29 14:24:18,171 - easytorch-training - INFO - Checkpoint checkpoints/PatchTST/Weather_100_336_336/9e4202b6f538b2306db34e2333e8c4dc/PatchTST_049.pt saved
2025-08-29 14:24:18,172 - easytorch-training - INFO - The estimated training finish time is 2025-08-29 14:38:13
2025-08-29 14:24:18,172 - easytorch-training - INFO - Epoch 50 / 100
2025-08-29 14:24:30,757 - easytorch-training - INFO - Result <train>: [train/time: 12.58 (s), train/lr: 5.00e-05, train/loss: 0.3468, train/MAE: 0.3468, train/MSE: 0.4984]
2025-08-29 14:24:30,767 - easytorch-training - INFO - Start validation.
2025-08-29 14:24:31,760 - easytorch-training - INFO - Result <val>: [val/time: 0.99 (s), val/loss: 0.3755, val/MAE: 0.3755, val/MSE: 0.5821]
2025-08-29 14:24:33,904 - easytorch-training - INFO - Result <test>: [test/time: 2.13 (s), test/loss: 0.2693, test/MAE: 0.2693, test/MSE: 0.2505]
2025-08-29 14:24:34,008 - easytorch-training - INFO - Checkpoint checkpoints/PatchTST/Weather_100_336_336/9e4202b6f538b2306db34e2333e8c4dc/PatchTST_050.pt saved
2025-08-29 14:24:34,059 - easytorch-training - INFO - The estimated training finish time is 2025-08-29 14:38:12
2025-08-29 14:24:34,060 - easytorch-training - INFO - Epoch 51 / 100
2025-08-29 14:24:46,740 - easytorch-training - INFO - Result <train>: [train/time: 12.68 (s), train/lr: 5.00e-05, train/loss: 0.3466, train/MAE: 0.3466, train/MSE: 0.4980]
2025-08-29 14:24:46,749 - easytorch-training - INFO - Start validation.
2025-08-29 14:24:47,790 - easytorch-training - INFO - Result <val>: [val/time: 1.04 (s), val/loss: 0.3755, val/MAE: 0.3755, val/MSE: 0.5816]
2025-08-29 14:24:50,056 - easytorch-training - INFO - Result <test>: [test/time: 2.26 (s), test/loss: 0.2693, test/MAE: 0.2693, test/MSE: 0.2505]
2025-08-29 14:24:50,181 - easytorch-training - INFO - Checkpoint checkpoints/PatchTST/Weather_100_336_336/9e4202b6f538b2306db34e2333e8c4dc/PatchTST_051.pt saved
2025-08-29 14:24:50,182 - easytorch-training - INFO - The estimated training finish time is 2025-08-29 14:38:11
2025-08-29 14:24:50,182 - easytorch-training - INFO - Epoch 52 / 100
2025-08-29 14:25:03,068 - easytorch-training - INFO - Result <train>: [train/time: 12.89 (s), train/lr: 5.00e-05, train/loss: 0.3464, train/MAE: 0.3464, train/MSE: 0.5011]
2025-08-29 14:25:03,087 - easytorch-training - INFO - Start validation.
2025-08-29 14:25:04,087 - easytorch-training - INFO - Result <val>: [val/time: 1.00 (s), val/loss: 0.3785, val/MAE: 0.3785, val/MSE: 0.5851]
2025-08-29 14:25:06,297 - easytorch-training - INFO - Result <test>: [test/time: 2.20 (s), test/loss: 0.2705, test/MAE: 0.2705, test/MSE: 0.2518]
2025-08-29 14:25:06,470 - easytorch-training - INFO - Checkpoint checkpoints/PatchTST/Weather_100_336_336/9e4202b6f538b2306db34e2333e8c4dc/PatchTST_052.pt saved
2025-08-29 14:25:06,471 - easytorch-training - INFO - The estimated training finish time is 2025-08-29 14:38:11
2025-08-29 14:25:06,471 - easytorch-training - INFO - Epoch 53 / 100
2025-08-29 14:25:19,441 - easytorch-training - INFO - Result <train>: [train/time: 12.97 (s), train/lr: 5.00e-05, train/loss: 0.3462, train/MAE: 0.3462, train/MSE: 0.4977]
2025-08-29 14:25:19,493 - easytorch-training - INFO - Start validation.
2025-08-29 14:25:20,580 - easytorch-training - INFO - Result <val>: [val/time: 1.09 (s), val/loss: 0.3795, val/MAE: 0.3795, val/MSE: 0.5881]
2025-08-29 14:25:22,889 - easytorch-training - INFO - Result <test>: [test/time: 2.29 (s), test/loss: 0.2706, test/MAE: 0.2706, test/MSE: 0.2521]
2025-08-29 14:25:23,124 - easytorch-training - INFO - Checkpoint checkpoints/PatchTST/Weather_100_336_336/9e4202b6f538b2306db34e2333e8c4dc/PatchTST_053.pt saved
2025-08-29 14:25:23,130 - easytorch-training - INFO - The estimated training finish time is 2025-08-29 14:38:12
2025-08-29 14:25:23,133 - easytorch-training - INFO - Epoch 54 / 100
2025-08-29 14:25:36,043 - easytorch-training - INFO - Result <train>: [train/time: 12.90 (s), train/lr: 5.00e-05, train/loss: 0.3460, train/MAE: 0.3460, train/MSE: 0.4974]
2025-08-29 14:25:36,059 - easytorch-training - INFO - Start validation.
2025-08-29 14:25:37,152 - easytorch-training - INFO - Result <val>: [val/time: 1.09 (s), val/loss: 0.3768, val/MAE: 0.3768, val/MSE: 0.5830]
2025-08-29 14:25:39,459 - easytorch-training - INFO - Result <test>: [test/time: 2.30 (s), test/loss: 0.2693, test/MAE: 0.2693, test/MSE: 0.2502]
2025-08-29 14:25:39,654 - easytorch-training - INFO - Checkpoint checkpoints/PatchTST/Weather_100_336_336/9e4202b6f538b2306db34e2333e8c4dc/PatchTST_054.pt saved
2025-08-29 14:25:39,654 - easytorch-training - INFO - The estimated training finish time is 2025-08-29 14:38:12
2025-08-29 14:25:39,654 - easytorch-training - INFO - Epoch 55 / 100
2025-08-29 14:25:52,493 - easytorch-training - INFO - Result <train>: [train/time: 12.84 (s), train/lr: 5.00e-05, train/loss: 0.3459, train/MAE: 0.3459, train/MSE: 0.4972]
2025-08-29 14:25:52,507 - easytorch-training - INFO - Start validation.
2025-08-29 14:25:53,608 - easytorch-training - INFO - Result <val>: [val/time: 1.10 (s), val/loss: 0.3750, val/MAE: 0.3750, val/MSE: 0.5816]
2025-08-29 14:25:55,899 - easytorch-training - INFO - Result <test>: [test/time: 2.28 (s), test/loss: 0.2700, test/MAE: 0.2700, test/MSE: 0.2522]
2025-08-29 14:25:56,010 - easytorch-training - INFO - Checkpoint checkpoints/PatchTST/Weather_100_336_336/9e4202b6f538b2306db34e2333e8c4dc/PatchTST_055.pt saved
2025-08-29 14:25:56,011 - easytorch-training - INFO - The estimated training finish time is 2025-08-29 14:38:12
2025-08-29 14:25:56,011 - easytorch-training - INFO - Epoch 56 / 100
2025-08-29 14:26:08,875 - easytorch-training - INFO - Result <train>: [train/time: 12.86 (s), train/lr: 5.00e-05, train/loss: 0.3458, train/MAE: 0.3458, train/MSE: 0.4970]
2025-08-29 14:26:08,885 - easytorch-training - INFO - Start validation.
2025-08-29 14:26:09,982 - easytorch-training - INFO - Result <val>: [val/time: 1.10 (s), val/loss: 0.3771, val/MAE: 0.3771, val/MSE: 0.5836]
2025-08-29 14:26:12,278 - easytorch-training - INFO - Result <test>: [test/time: 2.29 (s), test/loss: 0.2714, test/MAE: 0.2714, test/MSE: 0.2533]
2025-08-29 14:26:12,397 - easytorch-training - INFO - Checkpoint checkpoints/PatchTST/Weather_100_336_336/9e4202b6f538b2306db34e2333e8c4dc/PatchTST_056.pt saved
2025-08-29 14:26:12,397 - easytorch-training - INFO - The estimated training finish time is 2025-08-29 14:38:12
2025-08-29 14:26:12,397 - easytorch-training - INFO - Epoch 57 / 100
2025-08-29 14:26:25,062 - easytorch-training - INFO - Result <train>: [train/time: 12.66 (s), train/lr: 5.00e-05, train/loss: 0.3456, train/MAE: 0.3456, train/MSE: 0.4981]
2025-08-29 14:26:25,071 - easytorch-training - INFO - Start validation.
2025-08-29 14:26:26,094 - easytorch-training - INFO - Result <val>: [val/time: 1.02 (s), val/loss: 0.3811, val/MAE: 0.3811, val/MSE: 0.5905]
2025-08-29 14:26:28,322 - easytorch-training - INFO - Result <test>: [test/time: 2.22 (s), test/loss: 0.2709, test/MAE: 0.2709, test/MSE: 0.2524]
2025-08-29 14:26:28,497 - easytorch-training - INFO - Checkpoint checkpoints/PatchTST/Weather_100_336_336/9e4202b6f538b2306db34e2333e8c4dc/PatchTST_057.pt saved
2025-08-29 14:26:28,498 - easytorch-training - INFO - The estimated training finish time is 2025-08-29 14:38:11
2025-08-29 14:26:28,498 - easytorch-training - INFO - Epoch 58 / 100
2025-08-29 14:26:41,129 - easytorch-training - INFO - Result <train>: [train/time: 12.63 (s), train/lr: 5.00e-05, train/loss: 0.3454, train/MAE: 0.3454, train/MSE: 0.4964]
2025-08-29 14:26:41,140 - easytorch-training - INFO - Start validation.
2025-08-29 14:26:42,194 - easytorch-training - INFO - Result <val>: [val/time: 1.05 (s), val/loss: 0.3758, val/MAE: 0.3758, val/MSE: 0.5813]
2025-08-29 14:26:44,514 - easytorch-training - INFO - Result <test>: [test/time: 2.31 (s), test/loss: 0.2710, test/MAE: 0.2710, test/MSE: 0.2530]
2025-08-29 14:26:44,632 - easytorch-training - INFO - Checkpoint checkpoints/PatchTST/Weather_100_336_336/9e4202b6f538b2306db34e2333e8c4dc/PatchTST_058.pt saved
2025-08-29 14:26:44,633 - easytorch-training - INFO - The estimated training finish time is 2025-08-29 14:38:11
2025-08-29 14:26:44,633 - easytorch-training - INFO - Epoch 59 / 100
2025-08-29 14:26:57,394 - easytorch-training - INFO - Result <train>: [train/time: 12.76 (s), train/lr: 5.00e-05, train/loss: 0.3453, train/MAE: 0.3453, train/MSE: 0.4962]
2025-08-29 14:26:57,407 - easytorch-training - INFO - Start validation.
2025-08-29 14:26:58,503 - easytorch-training - INFO - Result <val>: [val/time: 1.10 (s), val/loss: 0.3763, val/MAE: 0.3763, val/MSE: 0.5823]
2025-08-29 14:27:00,837 - easytorch-training - INFO - Result <test>: [test/time: 2.33 (s), test/loss: 0.2699, test/MAE: 0.2699, test/MSE: 0.2513]
2025-08-29 14:27:00,954 - easytorch-training - INFO - Checkpoint checkpoints/PatchTST/Weather_100_336_336/9e4202b6f538b2306db34e2333e8c4dc/PatchTST_059.pt saved
2025-08-29 14:27:00,954 - easytorch-training - INFO - The estimated training finish time is 2025-08-29 14:38:11
2025-08-29 14:27:00,955 - easytorch-training - INFO - Epoch 60 / 100
2025-08-29 14:27:13,811 - easytorch-training - INFO - Result <train>: [train/time: 12.86 (s), train/lr: 5.00e-05, train/loss: 0.3452, train/MAE: 0.3452, train/MSE: 0.4961]
2025-08-29 14:27:13,821 - easytorch-training - INFO - Start validation.
2025-08-29 14:27:14,946 - easytorch-training - INFO - Result <val>: [val/time: 1.13 (s), val/loss: 0.3812, val/MAE: 0.3812, val/MSE: 0.5911]
2025-08-29 14:27:17,218 - easytorch-training - INFO - Result <test>: [test/time: 2.27 (s), test/loss: 0.2715, test/MAE: 0.2715, test/MSE: 0.2534]
2025-08-29 14:27:17,323 - easytorch-training - INFO - Checkpoint checkpoints/PatchTST/Weather_100_336_336/9e4202b6f538b2306db34e2333e8c4dc/PatchTST_060.pt saved
2025-08-29 14:27:17,370 - easytorch-training - INFO - The estimated training finish time is 2025-08-29 14:38:11
2025-08-29 14:27:17,370 - easytorch-training - INFO - Epoch 61 / 100
2025-08-29 14:27:30,326 - easytorch-training - INFO - Result <train>: [train/time: 12.96 (s), train/lr: 5.00e-05, train/loss: 0.3449, train/MAE: 0.3449, train/MSE: 0.4960]
2025-08-29 14:27:30,339 - easytorch-training - INFO - Start validation.
2025-08-29 14:27:31,416 - easytorch-training - INFO - Result <val>: [val/time: 1.08 (s), val/loss: 0.3742, val/MAE: 0.3742, val/MSE: 0.5799]
2025-08-29 14:27:33,718 - easytorch-training - INFO - Result <test>: [test/time: 2.29 (s), test/loss: 0.2716, test/MAE: 0.2716, test/MSE: 0.2542]
2025-08-29 14:27:33,816 - easytorch-training - INFO - Checkpoint checkpoints/PatchTST/Weather_100_336_336/9e4202b6f538b2306db34e2333e8c4dc/PatchTST_061.pt saved
2025-08-29 14:27:33,817 - easytorch-training - INFO - The estimated training finish time is 2025-08-29 14:38:11
2025-08-29 14:27:33,817 - easytorch-training - INFO - Epoch 62 / 100
2025-08-29 14:27:46,811 - easytorch-training - INFO - Result <train>: [train/time: 12.99 (s), train/lr: 5.00e-05, train/loss: 0.3448, train/MAE: 0.3448, train/MSE: 0.4957]
2025-08-29 14:27:46,821 - easytorch-training - INFO - Start validation.
2025-08-29 14:27:47,925 - easytorch-training - INFO - Result <val>: [val/time: 1.10 (s), val/loss: 0.3765, val/MAE: 0.3765, val/MSE: 0.5836]
2025-08-29 14:27:50,164 - easytorch-training - INFO - Result <test>: [test/time: 2.23 (s), test/loss: 0.2713, test/MAE: 0.2713, test/MSE: 0.2534]
2025-08-29 14:27:50,271 - easytorch-training - INFO - Checkpoint checkpoints/PatchTST/Weather_100_336_336/9e4202b6f538b2306db34e2333e8c4dc/PatchTST_062.pt saved
2025-08-29 14:27:50,272 - easytorch-training - INFO - The estimated training finish time is 2025-08-29 14:38:11
2025-08-29 14:27:50,272 - easytorch-training - INFO - Epoch 63 / 100
2025-08-29 14:28:03,099 - easytorch-training - INFO - Result <train>: [train/time: 12.83 (s), train/lr: 5.00e-05, train/loss: 0.3446, train/MAE: 0.3446, train/MSE: 0.4954]
2025-08-29 14:28:03,110 - easytorch-training - INFO - Start validation.
2025-08-29 14:28:04,211 - easytorch-training - INFO - Result <val>: [val/time: 1.10 (s), val/loss: 0.3764, val/MAE: 0.3764, val/MSE: 0.5835]
2025-08-29 14:28:06,646 - easytorch-training - INFO - Result <test>: [test/time: 2.31 (s), test/loss: 0.2713, test/MAE: 0.2713, test/MSE: 0.2537]
2025-08-29 14:28:06,906 - easytorch-training - INFO - Checkpoint checkpoints/PatchTST/Weather_100_336_336/9e4202b6f538b2306db34e2333e8c4dc/PatchTST_063.pt saved
2025-08-29 14:28:06,907 - easytorch-training - INFO - The estimated training finish time is 2025-08-29 14:38:12
2025-08-29 14:28:06,907 - easytorch-training - INFO - Epoch 64 / 100
2025-08-29 14:28:19,853 - easytorch-training - INFO - Result <train>: [train/time: 12.95 (s), train/lr: 5.00e-05, train/loss: 0.3445, train/MAE: 0.3445, train/MSE: 0.4954]
2025-08-29 14:28:19,863 - easytorch-training - INFO - Start validation.
2025-08-29 14:28:20,942 - easytorch-training - INFO - Result <val>: [val/time: 1.08 (s), val/loss: 0.3781, val/MAE: 0.3781, val/MSE: 0.5880]
2025-08-29 14:28:23,267 - easytorch-training - INFO - Result <test>: [test/time: 2.31 (s), test/loss: 0.2718, test/MAE: 0.2718, test/MSE: 0.2545]
2025-08-29 14:28:23,454 - easytorch-training - INFO - Checkpoint checkpoints/PatchTST/Weather_100_336_336/9e4202b6f538b2306db34e2333e8c4dc/PatchTST_064.pt saved
2025-08-29 14:28:23,454 - easytorch-training - INFO - The estimated training finish time is 2025-08-29 14:38:12
2025-08-29 14:28:23,455 - easytorch-training - INFO - Epoch 65 / 100
2025-08-29 14:28:36,226 - easytorch-training - INFO - Result <train>: [train/time: 12.77 (s), train/lr: 5.00e-05, train/loss: 0.3443, train/MAE: 0.3443, train/MSE: 0.4950]
2025-08-29 14:28:36,236 - easytorch-training - INFO - Start validation.
2025-08-29 14:28:37,316 - easytorch-training - INFO - Result <val>: [val/time: 1.08 (s), val/loss: 0.3761, val/MAE: 0.3761, val/MSE: 0.5830]
2025-08-29 14:28:39,599 - easytorch-training - INFO - Result <test>: [test/time: 2.27 (s), test/loss: 0.2709, test/MAE: 0.2709, test/MSE: 0.2535]
2025-08-29 14:28:39,696 - easytorch-training - INFO - Checkpoint checkpoints/PatchTST/Weather_100_336_336/9e4202b6f538b2306db34e2333e8c4dc/PatchTST_065.pt saved
2025-08-29 14:28:39,697 - easytorch-training - INFO - The estimated training finish time is 2025-08-29 14:38:12
2025-08-29 14:28:39,697 - easytorch-training - INFO - Epoch 66 / 100
2025-08-29 14:28:52,901 - easytorch-training - INFO - Result <train>: [train/time: 13.20 (s), train/lr: 5.00e-05, train/loss: 0.3443, train/MAE: 0.3443, train/MSE: 0.4950]
2025-08-29 14:28:52,912 - easytorch-training - INFO - Start validation.
2025-08-29 14:28:54,095 - easytorch-training - INFO - Result <val>: [val/time: 1.18 (s), val/loss: 0.3769, val/MAE: 0.3769, val/MSE: 0.5839]
2025-08-29 14:28:56,439 - easytorch-training - INFO - Result <test>: [test/time: 2.33 (s), test/loss: 0.2714, test/MAE: 0.2714, test/MSE: 0.2537]
2025-08-29 14:28:56,576 - easytorch-training - INFO - Checkpoint checkpoints/PatchTST/Weather_100_336_336/9e4202b6f538b2306db34e2333e8c4dc/PatchTST_066.pt saved
2025-08-29 14:28:56,576 - easytorch-training - INFO - The estimated training finish time is 2025-08-29 14:38:13
2025-08-29 14:28:56,577 - easytorch-training - INFO - Epoch 67 / 100
2025-08-29 14:29:09,359 - easytorch-training - INFO - Result <train>: [train/time: 12.78 (s), train/lr: 5.00e-05, train/loss: 0.3440, train/MAE: 0.3440, train/MSE: 0.4948]
2025-08-29 14:29:09,368 - easytorch-training - INFO - Start validation.
2025-08-29 14:29:10,514 - easytorch-training - INFO - Result <val>: [val/time: 1.15 (s), val/loss: 0.3758, val/MAE: 0.3758, val/MSE: 0.5818]
2025-08-29 14:29:12,852 - easytorch-training - INFO - Result <test>: [test/time: 2.33 (s), test/loss: 0.2708, test/MAE: 0.2708, test/MSE: 0.2528]
2025-08-29 14:29:13,109 - easytorch-training - INFO - Checkpoint checkpoints/PatchTST/Weather_100_336_336/9e4202b6f538b2306db34e2333e8c4dc/PatchTST_067.pt saved
2025-08-29 14:29:13,110 - easytorch-training - INFO - The estimated training finish time is 2025-08-29 14:38:13
2025-08-29 14:29:13,110 - easytorch-training - INFO - Epoch 68 / 100
2025-08-29 14:29:25,480 - easytorch-training - INFO - Result <train>: [train/time: 12.37 (s), train/lr: 5.00e-05, train/loss: 0.3440, train/MAE: 0.3440, train/MSE: 0.4948]
2025-08-29 14:29:25,490 - easytorch-training - INFO - Start validation.
2025-08-29 14:29:26,544 - easytorch-training - INFO - Result <val>: [val/time: 1.05 (s), val/loss: 0.3767, val/MAE: 0.3767, val/MSE: 0.5848]
2025-08-29 14:29:28,721 - easytorch-training - INFO - Result <test>: [test/time: 2.17 (s), test/loss: 0.2714, test/MAE: 0.2714, test/MSE: 0.2538]
2025-08-29 14:29:28,870 - easytorch-training - INFO - Checkpoint checkpoints/PatchTST/Weather_100_336_336/9e4202b6f538b2306db34e2333e8c4dc/PatchTST_068.pt saved
2025-08-29 14:29:28,871 - easytorch-training - INFO - The estimated training finish time is 2025-08-29 14:38:12
2025-08-29 14:29:28,871 - easytorch-training - INFO - Epoch 69 / 100
2025-08-29 14:29:41,661 - easytorch-training - INFO - Result <train>: [train/time: 12.79 (s), train/lr: 5.00e-05, train/loss: 0.3439, train/MAE: 0.3439, train/MSE: 0.4945]
2025-08-29 14:29:41,672 - easytorch-training - INFO - Start validation.
2025-08-29 14:29:42,697 - easytorch-training - INFO - Result <val>: [val/time: 1.02 (s), val/loss: 0.3757, val/MAE: 0.3757, val/MSE: 0.5842]
2025-08-29 14:29:44,993 - easytorch-training - INFO - Result <test>: [test/time: 2.28 (s), test/loss: 0.2716, test/MAE: 0.2716, test/MSE: 0.2542]
2025-08-29 14:29:45,168 - easytorch-training - INFO - Checkpoint checkpoints/PatchTST/Weather_100_336_336/9e4202b6f538b2306db34e2333e8c4dc/PatchTST_069.pt saved
2025-08-29 14:29:45,169 - easytorch-training - INFO - The estimated training finish time is 2025-08-29 14:38:12
2025-08-29 14:29:45,169 - easytorch-training - INFO - Epoch 70 / 100
2025-08-29 14:29:57,712 - easytorch-training - INFO - Result <train>: [train/time: 12.54 (s), train/lr: 5.00e-05, train/loss: 0.3437, train/MAE: 0.3437, train/MSE: 0.4942]
2025-08-29 14:29:57,721 - easytorch-training - INFO - Start validation.
2025-08-29 14:29:58,717 - easytorch-training - INFO - Result <val>: [val/time: 1.00 (s), val/loss: 0.3772, val/MAE: 0.3772, val/MSE: 0.5838]
2025-08-29 14:30:00,874 - easytorch-training - INFO - Result <test>: [test/time: 2.15 (s), test/loss: 0.2707, test/MAE: 0.2707, test/MSE: 0.2525]
2025-08-29 14:30:01,045 - easytorch-training - INFO - Checkpoint checkpoints/PatchTST/Weather_100_336_336/9e4202b6f538b2306db34e2333e8c4dc/PatchTST_070.pt saved
2025-08-29 14:30:01,090 - easytorch-training - INFO - The estimated training finish time is 2025-08-29 14:38:11
2025-08-29 14:30:01,090 - easytorch-training - INFO - Epoch 71 / 100
2025-08-29 14:30:13,710 - easytorch-training - INFO - Result <train>: [train/time: 12.62 (s), train/lr: 5.00e-05, train/loss: 0.3435, train/MAE: 0.3435, train/MSE: 0.4939]
2025-08-29 14:30:13,718 - easytorch-training - INFO - Start validation.
2025-08-29 14:30:14,797 - easytorch-training - INFO - Result <val>: [val/time: 1.08 (s), val/loss: 0.3782, val/MAE: 0.3782, val/MSE: 0.5874]
2025-08-29 14:30:17,052 - easytorch-training - INFO - Result <test>: [test/time: 2.24 (s), test/loss: 0.2718, test/MAE: 0.2718, test/MSE: 0.2546]
2025-08-29 14:30:17,329 - easytorch-training - INFO - Checkpoint checkpoints/PatchTST/Weather_100_336_336/9e4202b6f538b2306db34e2333e8c4dc/PatchTST_071.pt saved
2025-08-29 14:30:17,330 - easytorch-training - INFO - The estimated training finish time is 2025-08-29 14:38:11
2025-08-29 14:30:17,330 - easytorch-training - INFO - Epoch 72 / 100
2025-08-29 14:30:30,127 - easytorch-training - INFO - Result <train>: [train/time: 12.80 (s), train/lr: 5.00e-05, train/loss: 0.3434, train/MAE: 0.3434, train/MSE: 0.4938]
2025-08-29 14:30:30,136 - easytorch-training - INFO - Start validation.
2025-08-29 14:30:31,219 - easytorch-training - INFO - Result <val>: [val/time: 1.08 (s), val/loss: 0.3732, val/MAE: 0.3732, val/MSE: 0.5781]
2025-08-29 14:30:33,450 - easytorch-training - INFO - Result <test>: [test/time: 2.22 (s), test/loss: 0.2710, test/MAE: 0.2710, test/MSE: 0.2538]
2025-08-29 14:30:33,535 - easytorch-training - INFO - Checkpoint checkpoints/PatchTST/Weather_100_336_336/9e4202b6f538b2306db34e2333e8c4dc/PatchTST_072.pt saved
2025-08-29 14:30:33,535 - easytorch-training - INFO - The estimated training finish time is 2025-08-29 14:38:11
2025-08-29 14:30:33,535 - easytorch-training - INFO - Epoch 73 / 100
2025-08-29 14:30:46,289 - easytorch-training - INFO - Result <train>: [train/time: 12.75 (s), train/lr: 5.00e-05, train/loss: 0.3433, train/MAE: 0.3433, train/MSE: 0.4941]
2025-08-29 14:30:46,298 - easytorch-training - INFO - Start validation.
2025-08-29 14:30:47,353 - easytorch-training - INFO - Result <val>: [val/time: 1.05 (s), val/loss: 0.3817, val/MAE: 0.3817, val/MSE: 0.5916]
2025-08-29 14:30:49,583 - easytorch-training - INFO - Result <test>: [test/time: 2.22 (s), test/loss: 0.2731, test/MAE: 0.2731, test/MSE: 0.2555]
2025-08-29 14:30:49,741 - easytorch-training - INFO - Checkpoint checkpoints/PatchTST/Weather_100_336_336/9e4202b6f538b2306db34e2333e8c4dc/PatchTST_073.pt saved
2025-08-29 14:30:49,742 - easytorch-training - INFO - The estimated training finish time is 2025-08-29 14:38:11
2025-08-29 14:30:49,742 - easytorch-training - INFO - Epoch 74 / 100
2025-08-29 14:31:02,555 - easytorch-training - INFO - Result <train>: [train/time: 12.81 (s), train/lr: 5.00e-05, train/loss: 0.3432, train/MAE: 0.3432, train/MSE: 0.4936]
2025-08-29 14:31:02,563 - easytorch-training - INFO - Start validation.
2025-08-29 14:31:03,656 - easytorch-training - INFO - Result <val>: [val/time: 1.09 (s), val/loss: 0.3772, val/MAE: 0.3772, val/MSE: 0.5851]
2025-08-29 14:31:05,941 - easytorch-training - INFO - Result <test>: [test/time: 2.28 (s), test/loss: 0.2718, test/MAE: 0.2718, test/MSE: 0.2546]
2025-08-29 14:31:06,033 - easytorch-training - INFO - Checkpoint checkpoints/PatchTST/Weather_100_336_336/9e4202b6f538b2306db34e2333e8c4dc/PatchTST_074.pt saved
2025-08-29 14:31:06,034 - easytorch-training - INFO - The estimated training finish time is 2025-08-29 14:38:11
2025-08-29 14:31:06,034 - easytorch-training - INFO - Epoch 75 / 100
2025-08-29 14:31:18,702 - easytorch-training - INFO - Result <train>: [train/time: 12.67 (s), train/lr: 5.00e-05, train/loss: 0.3430, train/MAE: 0.3430, train/MSE: 0.4935]
2025-08-29 14:31:18,712 - easytorch-training - INFO - Start validation.
2025-08-29 14:31:19,866 - easytorch-training - INFO - Result <val>: [val/time: 1.15 (s), val/loss: 0.3771, val/MAE: 0.3771, val/MSE: 0.5867]
2025-08-29 14:31:22,128 - easytorch-training - INFO - Result <test>: [test/time: 2.25 (s), test/loss: 0.2725, test/MAE: 0.2725, test/MSE: 0.2557]
2025-08-29 14:31:22,244 - easytorch-training - INFO - Checkpoint checkpoints/PatchTST/Weather_100_336_336/9e4202b6f538b2306db34e2333e8c4dc/PatchTST_075.pt saved
2025-08-29 14:31:22,244 - easytorch-training - INFO - The estimated training finish time is 2025-08-29 14:38:10
2025-08-29 14:31:22,245 - easytorch-training - INFO - Epoch 76 / 100
2025-08-29 14:31:34,989 - easytorch-training - INFO - Result <train>: [train/time: 12.74 (s), train/lr: 5.00e-05, train/loss: 0.3428, train/MAE: 0.3428, train/MSE: 0.4932]
2025-08-29 14:31:34,998 - easytorch-training - INFO - Start validation.
2025-08-29 14:31:35,987 - easytorch-training - INFO - Result <val>: [val/time: 0.99 (s), val/loss: 0.3773, val/MAE: 0.3773, val/MSE: 0.5855]
2025-08-29 14:31:38,218 - easytorch-training - INFO - Result <test>: [test/time: 2.22 (s), test/loss: 0.2721, test/MAE: 0.2721, test/MSE: 0.2544]
2025-08-29 14:31:38,330 - easytorch-training - INFO - Checkpoint checkpoints/PatchTST/Weather_100_336_336/9e4202b6f538b2306db34e2333e8c4dc/PatchTST_076.pt saved
2025-08-29 14:31:38,330 - easytorch-training - INFO - The estimated training finish time is 2025-08-29 14:38:10
2025-08-29 14:31:38,330 - easytorch-training - INFO - Epoch 77 / 100
2025-08-29 14:31:51,166 - easytorch-training - INFO - Result <train>: [train/time: 12.84 (s), train/lr: 5.00e-05, train/loss: 0.3428, train/MAE: 0.3428, train/MSE: 0.4932]
2025-08-29 14:31:51,178 - easytorch-training - INFO - Start validation.
2025-08-29 14:31:52,249 - easytorch-training - INFO - Result <val>: [val/time: 1.07 (s), val/loss: 0.3751, val/MAE: 0.3751, val/MSE: 0.5812]
2025-08-29 14:31:54,504 - easytorch-training - INFO - Result <test>: [test/time: 2.24 (s), test/loss: 0.2722, test/MAE: 0.2722, test/MSE: 0.2551]
2025-08-29 14:31:54,617 - easytorch-training - INFO - Checkpoint checkpoints/PatchTST/Weather_100_336_336/9e4202b6f538b2306db34e2333e8c4dc/PatchTST_077.pt saved
2025-08-29 14:31:54,618 - easytorch-training - INFO - The estimated training finish time is 2025-08-29 14:38:10
2025-08-29 14:31:54,618 - easytorch-training - INFO - Epoch 78 / 100
2025-08-29 14:32:07,226 - easytorch-training - INFO - Result <train>: [train/time: 12.61 (s), train/lr: 5.00e-05, train/loss: 0.3427, train/MAE: 0.3427, train/MSE: 0.4931]
2025-08-29 14:32:07,237 - easytorch-training - INFO - Start validation.
2025-08-29 14:32:08,330 - easytorch-training - INFO - Result <val>: [val/time: 1.09 (s), val/loss: 0.3779, val/MAE: 0.3779, val/MSE: 0.5855]
2025-08-29 14:32:10,692 - easytorch-training - INFO - Result <test>: [test/time: 2.35 (s), test/loss: 0.2714, test/MAE: 0.2714, test/MSE: 0.2538]
2025-08-29 14:32:10,813 - easytorch-training - INFO - Checkpoint checkpoints/PatchTST/Weather_100_336_336/9e4202b6f538b2306db34e2333e8c4dc/PatchTST_078.pt saved
2025-08-29 14:32:10,813 - easytorch-training - INFO - The estimated training finish time is 2025-08-29 14:38:10
2025-08-29 14:32:10,813 - easytorch-training - INFO - Epoch 79 / 100
2025-08-29 14:32:23,474 - easytorch-training - INFO - Result <train>: [train/time: 12.66 (s), train/lr: 5.00e-05, train/loss: 0.3426, train/MAE: 0.3426, train/MSE: 0.4929]
2025-08-29 14:32:23,483 - easytorch-training - INFO - Start validation.
2025-08-29 14:32:24,573 - easytorch-training - INFO - Result <val>: [val/time: 1.09 (s), val/loss: 0.3772, val/MAE: 0.3772, val/MSE: 0.5850]
2025-08-29 14:32:26,820 - easytorch-training - INFO - Result <test>: [test/time: 2.24 (s), test/loss: 0.2716, test/MAE: 0.2716, test/MSE: 0.2539]
2025-08-29 14:32:26,934 - easytorch-training - INFO - Checkpoint checkpoints/PatchTST/Weather_100_336_336/9e4202b6f538b2306db34e2333e8c4dc/PatchTST_079.pt saved
2025-08-29 14:32:26,934 - easytorch-training - INFO - The estimated training finish time is 2025-08-29 14:38:10
2025-08-29 14:32:26,934 - easytorch-training - INFO - Epoch 80 / 100
2025-08-29 14:32:39,572 - easytorch-training - INFO - Result <train>: [train/time: 12.64 (s), train/lr: 5.00e-05, train/loss: 0.3424, train/MAE: 0.3424, train/MSE: 0.4930]
2025-08-29 14:32:39,581 - easytorch-training - INFO - Start validation.
2025-08-29 14:32:40,526 - easytorch-training - INFO - Result <val>: [val/time: 0.95 (s), val/loss: 0.3752, val/MAE: 0.3752, val/MSE: 0.5820]
2025-08-29 14:32:42,709 - easytorch-training - INFO - Result <test>: [test/time: 2.18 (s), test/loss: 0.2719, test/MAE: 0.2719, test/MSE: 0.2551]
2025-08-29 14:32:42,829 - easytorch-training - INFO - Checkpoint checkpoints/PatchTST/Weather_100_336_336/9e4202b6f538b2306db34e2333e8c4dc/PatchTST_080.pt saved
2025-08-29 14:32:42,875 - easytorch-training - INFO - The estimated training finish time is 2025-08-29 14:38:09
2025-08-29 14:32:42,875 - easytorch-training - INFO - Epoch 81 / 100
2025-08-29 14:32:55,529 - easytorch-training - INFO - Result <train>: [train/time: 12.65 (s), train/lr: 5.00e-05, train/loss: 0.3422, train/MAE: 0.3422, train/MSE: 0.4925]
2025-08-29 14:32:55,539 - easytorch-training - INFO - Start validation.
2025-08-29 14:32:56,673 - easytorch-training - INFO - Result <val>: [val/time: 1.13 (s), val/loss: 0.3802, val/MAE: 0.3802, val/MSE: 0.5896]
2025-08-29 14:32:58,996 - easytorch-training - INFO - Result <test>: [test/time: 2.31 (s), test/loss: 0.2732, test/MAE: 0.2732, test/MSE: 0.2562]
2025-08-29 14:32:59,110 - easytorch-training - INFO - Checkpoint checkpoints/PatchTST/Weather_100_336_336/9e4202b6f538b2306db34e2333e8c4dc/PatchTST_081.pt saved
2025-08-29 14:32:59,111 - easytorch-training - INFO - The estimated training finish time is 2025-08-29 14:38:09
2025-08-29 14:32:59,111 - easytorch-training - INFO - Epoch 82 / 100
2025-08-29 14:33:12,060 - easytorch-training - INFO - Result <train>: [train/time: 12.95 (s), train/lr: 5.00e-05, train/loss: 0.3421, train/MAE: 0.3421, train/MSE: 0.4920]
2025-08-29 14:33:12,069 - easytorch-training - INFO - Start validation.
2025-08-29 14:33:13,043 - easytorch-training - INFO - Result <val>: [val/time: 0.97 (s), val/loss: 0.3767, val/MAE: 0.3767, val/MSE: 0.5850]
2025-08-29 14:33:15,216 - easytorch-training - INFO - Result <test>: [test/time: 2.17 (s), test/loss: 0.2726, test/MAE: 0.2726, test/MSE: 0.2552]
2025-08-29 14:33:15,487 - easytorch-training - INFO - Checkpoint checkpoints/PatchTST/Weather_100_336_336/9e4202b6f538b2306db34e2333e8c4dc/PatchTST_082.pt saved
2025-08-29 14:33:15,488 - easytorch-training - INFO - The estimated training finish time is 2025-08-29 14:38:09
2025-08-29 14:33:15,488 - easytorch-training - INFO - Epoch 83 / 100
2025-08-29 14:33:28,379 - easytorch-training - INFO - Result <train>: [train/time: 12.89 (s), train/lr: 5.00e-05, train/loss: 0.3421, train/MAE: 0.3421, train/MSE: 0.4969]
2025-08-29 14:33:28,389 - easytorch-training - INFO - Start validation.
2025-08-29 14:33:29,413 - easytorch-training - INFO - Result <val>: [val/time: 1.02 (s), val/loss: 0.3799, val/MAE: 0.3799, val/MSE: 0.5881]
2025-08-29 14:33:31,757 - easytorch-training - INFO - Result <test>: [test/time: 2.34 (s), test/loss: 0.2721, test/MAE: 0.2721, test/MSE: 0.2543]
2025-08-29 14:33:31,877 - easytorch-training - INFO - Checkpoint checkpoints/PatchTST/Weather_100_336_336/9e4202b6f538b2306db34e2333e8c4dc/PatchTST_083.pt saved
2025-08-29 14:33:31,877 - easytorch-training - INFO - The estimated training finish time is 2025-08-29 14:38:09
2025-08-29 14:33:31,877 - easytorch-training - INFO - Epoch 84 / 100
2025-08-29 14:33:44,696 - easytorch-training - INFO - Result <train>: [train/time: 12.82 (s), train/lr: 5.00e-05, train/loss: 0.3419, train/MAE: 0.3419, train/MSE: 0.4919]
2025-08-29 14:33:44,709 - easytorch-training - INFO - Start validation.
2025-08-29 14:33:45,771 - easytorch-training - INFO - Result <val>: [val/time: 1.06 (s), val/loss: 0.3783, val/MAE: 0.3783, val/MSE: 0.5870]
2025-08-29 14:33:48,059 - easytorch-training - INFO - Result <test>: [test/time: 2.28 (s), test/loss: 0.2727, test/MAE: 0.2727, test/MSE: 0.2559]
2025-08-29 14:33:48,324 - easytorch-training - INFO - Checkpoint checkpoints/PatchTST/Weather_100_336_336/9e4202b6f538b2306db34e2333e8c4dc/PatchTST_084.pt saved
2025-08-29 14:33:48,325 - easytorch-training - INFO - The estimated training finish time is 2025-08-29 14:38:09
2025-08-29 14:33:48,325 - easytorch-training - INFO - Epoch 85 / 100
2025-08-29 14:34:01,200 - easytorch-training - INFO - Result <train>: [train/time: 12.87 (s), train/lr: 5.00e-05, train/loss: 0.3419, train/MAE: 0.3419, train/MSE: 0.4926]
2025-08-29 14:34:01,211 - easytorch-training - INFO - Start validation.
2025-08-29 14:34:02,311 - easytorch-training - INFO - Result <val>: [val/time: 1.10 (s), val/loss: 0.3766, val/MAE: 0.3766, val/MSE: 0.5826]
2025-08-29 14:34:04,591 - easytorch-training - INFO - Result <test>: [test/time: 2.27 (s), test/loss: 0.2710, test/MAE: 0.2710, test/MSE: 0.2533]
2025-08-29 14:34:04,714 - easytorch-training - INFO - Checkpoint checkpoints/PatchTST/Weather_100_336_336/9e4202b6f538b2306db34e2333e8c4dc/PatchTST_085.pt saved
2025-08-29 14:34:04,715 - easytorch-training - INFO - The estimated training finish time is 2025-08-29 14:38:09
2025-08-29 14:34:04,715 - easytorch-training - INFO - Epoch 86 / 100
2025-08-29 14:34:17,418 - easytorch-training - INFO - Result <train>: [train/time: 12.70 (s), train/lr: 5.00e-05, train/loss: 0.3415, train/MAE: 0.3415, train/MSE: 0.4913]
2025-08-29 14:34:17,428 - easytorch-training - INFO - Start validation.
2025-08-29 14:34:18,533 - easytorch-training - INFO - Result <val>: [val/time: 1.10 (s), val/loss: 0.3792, val/MAE: 0.3792, val/MSE: 0.5882]
2025-08-29 14:34:20,783 - easytorch-training - INFO - Result <test>: [test/time: 2.24 (s), test/loss: 0.2732, test/MAE: 0.2732, test/MSE: 0.2568]
2025-08-29 14:34:20,894 - easytorch-training - INFO - Checkpoint checkpoints/PatchTST/Weather_100_336_336/9e4202b6f538b2306db34e2333e8c4dc/PatchTST_086.pt saved
2025-08-29 14:34:20,895 - easytorch-training - INFO - The estimated training finish time is 2025-08-29 14:38:09
2025-08-29 14:34:20,895 - easytorch-training - INFO - Epoch 87 / 100
2025-08-29 14:34:33,589 - easytorch-training - INFO - Result <train>: [train/time: 12.69 (s), train/lr: 5.00e-05, train/loss: 0.3414, train/MAE: 0.3414, train/MSE: 0.4912]
2025-08-29 14:34:33,599 - easytorch-training - INFO - Start validation.
2025-08-29 14:34:34,687 - easytorch-training - INFO - Result <val>: [val/time: 1.09 (s), val/loss: 0.3774, val/MAE: 0.3774, val/MSE: 0.5850]
2025-08-29 14:34:37,001 - easytorch-training - INFO - Result <test>: [test/time: 2.31 (s), test/loss: 0.2721, test/MAE: 0.2721, test/MSE: 0.2548]
2025-08-29 14:34:37,114 - easytorch-training - INFO - Checkpoint checkpoints/PatchTST/Weather_100_336_336/9e4202b6f538b2306db34e2333e8c4dc/PatchTST_087.pt saved
2025-08-29 14:34:37,114 - easytorch-training - INFO - The estimated training finish time is 2025-08-29 14:38:09
2025-08-29 14:34:37,114 - easytorch-training - INFO - Epoch 88 / 100
2025-08-29 14:34:49,866 - easytorch-training - INFO - Result <train>: [train/time: 12.75 (s), train/lr: 5.00e-05, train/loss: 0.3414, train/MAE: 0.3414, train/MSE: 0.4915]
2025-08-29 14:34:49,876 - easytorch-training - INFO - Start validation.
2025-08-29 14:34:50,907 - easytorch-training - INFO - Result <val>: [val/time: 1.03 (s), val/loss: 0.3771, val/MAE: 0.3771, val/MSE: 0.5857]
2025-08-29 14:34:53,270 - easytorch-training - INFO - Result <test>: [test/time: 2.35 (s), test/loss: 0.2717, test/MAE: 0.2717, test/MSE: 0.2541]
2025-08-29 14:34:53,529 - easytorch-training - INFO - Checkpoint checkpoints/PatchTST/Weather_100_336_336/9e4202b6f538b2306db34e2333e8c4dc/PatchTST_088.pt saved
2025-08-29 14:34:53,529 - easytorch-training - INFO - The estimated training finish time is 2025-08-29 14:38:09
2025-08-29 14:34:53,529 - easytorch-training - INFO - Epoch 89 / 100
2025-08-29 14:35:06,262 - easytorch-training - INFO - Result <train>: [train/time: 12.73 (s), train/lr: 5.00e-05, train/loss: 0.3414, train/MAE: 0.3414, train/MSE: 0.4957]
2025-08-29 14:35:06,271 - easytorch-training - INFO - Start validation.
2025-08-29 14:35:07,398 - easytorch-training - INFO - Result <val>: [val/time: 1.13 (s), val/loss: 0.3784, val/MAE: 0.3784, val/MSE: 0.5861]
2025-08-29 14:35:09,649 - easytorch-training - INFO - Result <test>: [test/time: 2.24 (s), test/loss: 0.2723, test/MAE: 0.2723, test/MSE: 0.2552]
2025-08-29 14:35:09,762 - easytorch-training - INFO - Checkpoint checkpoints/PatchTST/Weather_100_336_336/9e4202b6f538b2306db34e2333e8c4dc/PatchTST_089.pt saved
2025-08-29 14:35:09,763 - easytorch-training - INFO - The estimated training finish time is 2025-08-29 14:38:09
2025-08-29 14:35:09,763 - easytorch-training - INFO - Epoch 90 / 100
2025-08-29 14:35:22,558 - easytorch-training - INFO - Result <train>: [train/time: 12.80 (s), train/lr: 5.00e-05, train/loss: 0.3412, train/MAE: 0.3412, train/MSE: 0.4907]
2025-08-29 14:35:22,567 - easytorch-training - INFO - Start validation.
2025-08-29 14:35:23,717 - easytorch-training - INFO - Result <val>: [val/time: 1.15 (s), val/loss: 0.3772, val/MAE: 0.3772, val/MSE: 0.5840]
2025-08-29 14:35:26,064 - easytorch-training - INFO - Result <test>: [test/time: 2.34 (s), test/loss: 0.2724, test/MAE: 0.2724, test/MSE: 0.2556]
2025-08-29 14:35:26,178 - easytorch-training - INFO - Checkpoint checkpoints/PatchTST/Weather_100_336_336/9e4202b6f538b2306db34e2333e8c4dc/PatchTST_090.pt saved
2025-08-29 14:35:26,230 - easytorch-training - INFO - The estimated training finish time is 2025-08-29 14:38:09
2025-08-29 14:35:26,231 - easytorch-training - INFO - Epoch 91 / 100
2025-08-29 14:35:39,110 - easytorch-training - INFO - Result <train>: [train/time: 12.88 (s), train/lr: 5.00e-05, train/loss: 0.3411, train/MAE: 0.3411, train/MSE: 0.4908]
2025-08-29 14:35:39,120 - easytorch-training - INFO - Start validation.
2025-08-29 14:35:40,237 - easytorch-training - INFO - Result <val>: [val/time: 1.12 (s), val/loss: 0.3776, val/MAE: 0.3776, val/MSE: 0.5849]
2025-08-29 14:35:42,652 - easytorch-training - INFO - Result <test>: [test/time: 2.40 (s), test/loss: 0.2747, test/MAE: 0.2747, test/MSE: 0.2590]
2025-08-29 14:35:42,941 - easytorch-training - INFO - Checkpoint checkpoints/PatchTST/Weather_100_336_336/9e4202b6f538b2306db34e2333e8c4dc/PatchTST_091.pt saved
2025-08-29 14:35:42,941 - easytorch-training - INFO - The estimated training finish time is 2025-08-29 14:38:10
2025-08-29 14:35:42,941 - easytorch-training - INFO - Epoch 92 / 100
2025-08-29 14:35:55,638 - easytorch-training - INFO - Result <train>: [train/time: 12.70 (s), train/lr: 5.00e-05, train/loss: 0.3410, train/MAE: 0.3410, train/MSE: 0.4910]
2025-08-29 14:35:55,649 - easytorch-training - INFO - Start validation.
2025-08-29 14:35:56,769 - easytorch-training - INFO - Result <val>: [val/time: 1.12 (s), val/loss: 0.3784, val/MAE: 0.3784, val/MSE: 0.5862]
2025-08-29 14:35:59,024 - easytorch-training - INFO - Result <test>: [test/time: 2.25 (s), test/loss: 0.2718, test/MAE: 0.2718, test/MSE: 0.2544]
2025-08-29 14:35:59,138 - easytorch-training - INFO - Checkpoint checkpoints/PatchTST/Weather_100_336_336/9e4202b6f538b2306db34e2333e8c4dc/PatchTST_092.pt saved
2025-08-29 14:35:59,139 - easytorch-training - INFO - The estimated training finish time is 2025-08-29 14:38:09
2025-08-29 14:35:59,139 - easytorch-training - INFO - Epoch 93 / 100
2025-08-29 14:36:11,539 - easytorch-training - INFO - Result <train>: [train/time: 12.40 (s), train/lr: 5.00e-05, train/loss: 0.3407, train/MAE: 0.3407, train/MSE: 0.4904]
2025-08-29 14:36:11,546 - easytorch-training - INFO - Start validation.
2025-08-29 14:36:12,616 - easytorch-training - INFO - Result <val>: [val/time: 1.07 (s), val/loss: 0.3754, val/MAE: 0.3754, val/MSE: 0.5809]
2025-08-29 14:36:14,905 - easytorch-training - INFO - Result <test>: [test/time: 2.28 (s), test/loss: 0.2720, test/MAE: 0.2720, test/MSE: 0.2551]
2025-08-29 14:36:15,160 - easytorch-training - INFO - Checkpoint checkpoints/PatchTST/Weather_100_336_336/9e4202b6f538b2306db34e2333e8c4dc/PatchTST_093.pt saved
2025-08-29 14:36:15,161 - easytorch-training - INFO - The estimated training finish time is 2025-08-29 14:38:09
2025-08-29 14:36:15,161 - easytorch-training - INFO - Epoch 94 / 100
2025-08-29 14:36:27,989 - easytorch-training - INFO - Result <train>: [train/time: 12.83 (s), train/lr: 5.00e-05, train/loss: 0.3408, train/MAE: 0.3408, train/MSE: 0.4917]
2025-08-29 14:36:27,998 - easytorch-training - INFO - Start validation.
2025-08-29 14:36:29,085 - easytorch-training - INFO - Result <val>: [val/time: 1.09 (s), val/loss: 0.3766, val/MAE: 0.3766, val/MSE: 0.5837]
2025-08-29 14:36:31,357 - easytorch-training - INFO - Result <test>: [test/time: 2.26 (s), test/loss: 0.2726, test/MAE: 0.2726, test/MSE: 0.2559]
2025-08-29 14:36:31,496 - easytorch-training - INFO - Checkpoint checkpoints/PatchTST/Weather_100_336_336/9e4202b6f538b2306db34e2333e8c4dc/PatchTST_094.pt saved
2025-08-29 14:36:31,496 - easytorch-training - INFO - The estimated training finish time is 2025-08-29 14:38:09
2025-08-29 14:36:31,497 - easytorch-training - INFO - Epoch 95 / 100
2025-08-29 14:36:44,216 - easytorch-training - INFO - Result <train>: [train/time: 12.72 (s), train/lr: 5.00e-05, train/loss: 0.3406, train/MAE: 0.3406, train/MSE: 0.4901]
2025-08-29 14:36:44,226 - easytorch-training - INFO - Start validation.
2025-08-29 14:36:45,248 - easytorch-training - INFO - Result <val>: [val/time: 1.02 (s), val/loss: 0.3792, val/MAE: 0.3792, val/MSE: 0.5886]
2025-08-29 14:36:47,562 - easytorch-training - INFO - Result <test>: [test/time: 2.30 (s), test/loss: 0.2728, test/MAE: 0.2728, test/MSE: 0.2560]
2025-08-29 14:36:47,675 - easytorch-training - INFO - Checkpoint checkpoints/PatchTST/Weather_100_336_336/9e4202b6f538b2306db34e2333e8c4dc/PatchTST_095.pt saved
2025-08-29 14:36:47,676 - easytorch-training - INFO - The estimated training finish time is 2025-08-29 14:38:09
2025-08-29 14:36:47,676 - easytorch-training - INFO - Epoch 96 / 100
2025-08-29 14:37:00,579 - easytorch-training - INFO - Result <train>: [train/time: 12.90 (s), train/lr: 5.00e-05, train/loss: 0.3404, train/MAE: 0.3404, train/MSE: 0.4896]
2025-08-29 14:37:00,588 - easytorch-training - INFO - Start validation.
2025-08-29 14:37:01,695 - easytorch-training - INFO - Result <val>: [val/time: 1.11 (s), val/loss: 0.3787, val/MAE: 0.3787, val/MSE: 0.5871]
2025-08-29 14:37:04,023 - easytorch-training - INFO - Result <test>: [test/time: 2.32 (s), test/loss: 0.2720, test/MAE: 0.2720, test/MSE: 0.2545]
2025-08-29 14:37:04,184 - easytorch-training - INFO - Checkpoint checkpoints/PatchTST/Weather_100_336_336/9e4202b6f538b2306db34e2333e8c4dc/PatchTST_096.pt saved
2025-08-29 14:37:04,184 - easytorch-training - INFO - The estimated training finish time is 2025-08-29 14:38:09
2025-08-29 14:37:04,184 - easytorch-training - INFO - Epoch 97 / 100
2025-08-29 14:37:16,921 - easytorch-training - INFO - Result <train>: [train/time: 12.74 (s), train/lr: 5.00e-05, train/loss: 0.3404, train/MAE: 0.3404, train/MSE: 0.4902]
2025-08-29 14:37:16,931 - easytorch-training - INFO - Start validation.
2025-08-29 14:37:17,939 - easytorch-training - INFO - Result <val>: [val/time: 1.01 (s), val/loss: 0.3798, val/MAE: 0.3798, val/MSE: 0.5879]
2025-08-29 14:37:20,190 - easytorch-training - INFO - Result <test>: [test/time: 2.24 (s), test/loss: 0.2729, test/MAE: 0.2729, test/MSE: 0.2554]
2025-08-29 14:37:20,367 - easytorch-training - INFO - Checkpoint checkpoints/PatchTST/Weather_100_336_336/9e4202b6f538b2306db34e2333e8c4dc/PatchTST_097.pt saved
2025-08-29 14:37:20,368 - easytorch-training - INFO - The estimated training finish time is 2025-08-29 14:38:09
2025-08-29 14:37:20,368 - easytorch-training - INFO - Epoch 98 / 100
2025-08-29 14:37:33,360 - easytorch-training - INFO - Result <train>: [train/time: 12.99 (s), train/lr: 5.00e-05, train/loss: 0.3404, train/MAE: 0.3404, train/MSE: 0.4896]
2025-08-29 14:37:33,368 - easytorch-training - INFO - Start validation.
2025-08-29 14:37:34,389 - easytorch-training - INFO - Result <val>: [val/time: 1.02 (s), val/loss: 0.3765, val/MAE: 0.3765, val/MSE: 0.5841]
2025-08-29 14:37:36,583 - easytorch-training - INFO - Result <test>: [test/time: 2.19 (s), test/loss: 0.2737, test/MAE: 0.2737, test/MSE: 0.2574]
2025-08-29 14:37:36,691 - easytorch-training - INFO - Checkpoint checkpoints/PatchTST/Weather_100_336_336/9e4202b6f538b2306db34e2333e8c4dc/PatchTST_098.pt saved
2025-08-29 14:37:36,692 - easytorch-training - INFO - The estimated training finish time is 2025-08-29 14:38:09
2025-08-29 14:37:36,692 - easytorch-training - INFO - Epoch 99 / 100
2025-08-29 14:37:49,648 - easytorch-training - INFO - Result <train>: [train/time: 12.96 (s), train/lr: 5.00e-05, train/loss: 0.3402, train/MAE: 0.3402, train/MSE: 0.4896]
2025-08-29 14:37:49,658 - easytorch-training - INFO - Start validation.
2025-08-29 14:37:50,780 - easytorch-training - INFO - Result <val>: [val/time: 1.12 (s), val/loss: 0.3797, val/MAE: 0.3797, val/MSE: 0.5891]
2025-08-29 14:37:53,076 - easytorch-training - INFO - Result <test>: [test/time: 2.29 (s), test/loss: 0.2738, test/MAE: 0.2738, test/MSE: 0.2571]
2025-08-29 14:37:53,459 - easytorch-training - INFO - Checkpoint checkpoints/PatchTST/Weather_100_336_336/9e4202b6f538b2306db34e2333e8c4dc/PatchTST_099.pt saved
2025-08-29 14:37:53,459 - easytorch-training - INFO - The estimated training finish time is 2025-08-29 14:38:09
2025-08-29 14:37:53,459 - easytorch-training - INFO - Epoch 100 / 100
2025-08-29 14:38:06,300 - easytorch-training - INFO - Result <train>: [train/time: 12.84 (s), train/lr: 5.00e-05, train/loss: 0.3402, train/MAE: 0.3402, train/MSE: 0.4894]
2025-08-29 14:38:06,312 - easytorch-training - INFO - Start validation.
2025-08-29 14:38:07,400 - easytorch-training - INFO - Result <val>: [val/time: 1.09 (s), val/loss: 0.3779, val/MAE: 0.3779, val/MSE: 0.5862]
2025-08-29 14:38:09,729 - easytorch-training - INFO - Result <test>: [test/time: 2.32 (s), test/loss: 0.2727, test/MAE: 0.2727, test/MSE: 0.2557]
2025-08-29 14:38:09,838 - easytorch-training - INFO - Checkpoint checkpoints/PatchTST/Weather_100_336_336/9e4202b6f538b2306db34e2333e8c4dc/PatchTST_100.pt saved
2025-08-29 14:38:09,885 - easytorch-training - INFO - The training finished at 2025-08-29 14:38:09
2025-08-29 14:38:09,886 - easytorch-training - INFO - Evaluating the best model on the test set.
2025-08-29 14:38:09,886 - easytorch-training - INFO - Loading Checkpoint from 'checkpoints/PatchTST/Weather_100_336_336/9e4202b6f538b2306db34e2333e8c4dc/PatchTST_best_val_MAE.pt'
2025-08-29 14:38:12,340 - easytorch-training - INFO - Result <test>: [test/time: 2.25 (s), test/loss: 0.2673, test/MAE: 0.2673, test/MSE: 0.2467]
2025-08-29 14:38:12,381 - easytorch-training - INFO - Test metrics saved to checkpoints/PatchTST/Weather_100_336_336/9e4202b6f538b2306db34e2333e8c4dc/test_metrics.json.
